[2024-04-27T10:15:49.842+0000] {taskinstance.py:1979} INFO - Dependencies all met for dep_context=non-requeueable deps ti=<TaskInstance: currency_parsing_kzt.create_schema scheduled__2024-04-26T00:00:00+00:00 [queued]>
[2024-04-27T10:15:49.925+0000] {taskinstance.py:1979} INFO - Dependencies all met for dep_context=requeueable deps ti=<TaskInstance: currency_parsing_kzt.create_schema scheduled__2024-04-26T00:00:00+00:00 [queued]>
[2024-04-27T10:15:49.935+0000] {taskinstance.py:2193} INFO - Starting attempt 1 of 2
[2024-04-27T10:15:50.200+0000] {taskinstance.py:2214} INFO - Executing <Task(PostgresOperator): create_schema> on 2024-04-26 00:00:00+00:00
[2024-04-27T10:15:50.232+0000] {standard_task_runner.py:60} INFO - Started process 94 to run task
[2024-04-27T10:15:50.445+0000] {standard_task_runner.py:87} INFO - Running: ['***', 'tasks', 'run', 'currency_parsing_kzt', 'create_schema', 'scheduled__2024-04-26T00:00:00+00:00', '--job-id', '2239', '--raw', '--subdir', 'DAGS_FOLDER/stage/currency_kzt.py', '--cfg-path', '/tmp/tmpopq5vdjb']
[2024-04-27T10:15:50.507+0000] {standard_task_runner.py:88} INFO - Job 2239: Subtask create_schema
[2024-04-27T10:15:51.055+0000] {task_command.py:423} INFO - Running <TaskInstance: currency_parsing_kzt.create_schema scheduled__2024-04-26T00:00:00+00:00 [running]> on host 65a8688265d1
[2024-04-27T10:15:51.918+0000] {taskinstance.py:2510} INFO - Exporting env vars: AIRFLOW_CTX_DAG_OWNER='***' AIRFLOW_CTX_DAG_ID='currency_parsing_kzt' AIRFLOW_CTX_TASK_ID='create_schema' AIRFLOW_CTX_EXECUTION_DATE='2024-04-26T00:00:00+00:00' AIRFLOW_CTX_TRY_NUMBER='1' AIRFLOW_CTX_DAG_RUN_ID='scheduled__2024-04-26T00:00:00+00:00'
[2024-04-27T10:15:51.956+0000] {sql.py:276} INFO - Executing: CREATE SCHEMA if not exists stage;

CREATE SCHEMA if not exists intermediate;
[2024-04-27T10:15:52.031+0000] {base.py:83} INFO - Using connection ID 'dwh' for task execution.
[2024-04-27T10:15:52.094+0000] {base.py:83} INFO - Using connection ID 'dwh' for task execution.
[2024-04-27T10:15:52.141+0000] {sql.py:457} INFO - Running statement: CREATE SCHEMA if not exists stage;

CREATE SCHEMA if not exists intermediate;, parameters: None
[2024-04-27T10:15:52.159+0000] {warnings.py:109} WARNING - /home/***/.local/lib/python3.8/site-packages/***/providers/common/sql/hooks/sql.py:407: AirflowProviderDeprecationWarning: Call to deprecated method _make_common_data_structure. (The `_make_serializable` method is deprecated and support will be removed in a future version of the common.sql provider. Please update the DbApiHook's provider to a version based on common.sql >= 1.9.1.)
  result = self._make_common_data_structure(handler(cur))

[2024-04-27T10:15:52.225+0000] {taskinstance.py:1149} INFO - Marking task as SUCCESS. dag_id=currency_parsing_kzt, task_id=create_schema, execution_date=20240426T000000, start_date=20240427T101549, end_date=20240427T101552
[2024-04-27T10:15:52.330+0000] {local_task_job_runner.py:234} INFO - Task exited with return code 0
[2024-04-27T10:15:52.376+0000] {warnings.py:109} WARNING - /home/***/.local/lib/python3.8/site-packages/***/models/baseoperator.py:1201: AirflowProviderDeprecationWarning: Call to deprecated class PostgresOperator. (Please use `***.providers.common.sql.operators.sql.SQLExecuteQueryOperator`.Also, you can provide `hook_params={'schema': <database>}`.)
  result = cls.__new__(cls)

[2024-04-27T10:15:52.448+0000] {taskinstance.py:3309} INFO - 1 downstream tasks scheduled from follow-on schedule check
