[2024-04-14T08:53:50.773+0000] {taskinstance.py:1979} INFO - Dependencies all met for dep_context=non-requeueable deps ti=<TaskInstance: currency_parsing.fetch_data scheduled__2024-02-23T00:00:00+00:00 [queued]>
[2024-04-14T08:53:50.946+0000] {taskinstance.py:1979} INFO - Dependencies all met for dep_context=requeueable deps ti=<TaskInstance: currency_parsing.fetch_data scheduled__2024-02-23T00:00:00+00:00 [queued]>
[2024-04-14T08:53:50.957+0000] {taskinstance.py:2193} INFO - Starting attempt 1 of 2
[2024-04-14T08:53:51.206+0000] {taskinstance.py:2214} INFO - Executing <Task(PythonOperator): fetch_data> on 2024-02-23 00:00:00+00:00
[2024-04-14T08:53:51.241+0000] {standard_task_runner.py:60} INFO - Started process 1189 to run task
[2024-04-14T08:53:51.290+0000] {standard_task_runner.py:87} INFO - Running: ['***', 'tasks', 'run', 'currency_parsing', 'fetch_data', 'scheduled__2024-02-23T00:00:00+00:00', '--job-id', '351', '--raw', '--subdir', 'DAGS_FOLDER/currency_parsing.py', '--cfg-path', '/tmp/tmpxktrchbe']
[2024-04-14T08:53:51.344+0000] {standard_task_runner.py:88} INFO - Job 351: Subtask fetch_data
[2024-04-14T08:53:52.232+0000] {task_command.py:423} INFO - Running <TaskInstance: currency_parsing.fetch_data scheduled__2024-02-23T00:00:00+00:00 [running]> on host e8a1e0443283
[2024-04-14T08:53:53.959+0000] {taskinstance.py:2510} INFO - Exporting env vars: AIRFLOW_CTX_DAG_OWNER='***' AIRFLOW_CTX_DAG_ID='currency_parsing' AIRFLOW_CTX_TASK_ID='fetch_data' AIRFLOW_CTX_EXECUTION_DATE='2024-02-23T00:00:00+00:00' AIRFLOW_CTX_TRY_NUMBER='1' AIRFLOW_CTX_DAG_RUN_ID='scheduled__2024-02-23T00:00:00+00:00'
[2024-04-14T08:53:54.252+0000] {base.py:83} INFO - Using connection ID 'dwh' for task execution.
[2024-04-14T08:53:54.317+0000] {sql.py:572} INFO - Done loading. Loaded a total of 39 rows into currency_parsing
[2024-04-14T08:53:54.318+0000] {python.py:202} INFO - Done. Returned value was: None
[2024-04-14T08:53:54.384+0000] {taskinstance.py:1149} INFO - Marking task as SUCCESS. dag_id=currency_parsing, task_id=fetch_data, execution_date=20240223T000000, start_date=20240414T085350, end_date=20240414T085354
[2024-04-14T08:53:54.609+0000] {local_task_job_runner.py:234} INFO - Task exited with return code 0
[2024-04-14T08:53:54.874+0000] {taskinstance.py:3309} INFO - 0 downstream tasks scheduled from follow-on schedule check
[2024-04-14T10:11:15.738+0000] {taskinstance.py:1979} INFO - Dependencies all met for dep_context=non-requeueable deps ti=<TaskInstance: currency_parsing.fetch_data scheduled__2024-02-23T00:00:00+00:00 [queued]>
[2024-04-14T10:11:15.765+0000] {taskinstance.py:1979} INFO - Dependencies all met for dep_context=requeueable deps ti=<TaskInstance: currency_parsing.fetch_data scheduled__2024-02-23T00:00:00+00:00 [queued]>
[2024-04-14T10:11:15.766+0000] {taskinstance.py:2193} INFO - Starting attempt 1 of 2
[2024-04-14T10:11:15.810+0000] {taskinstance.py:2214} INFO - Executing <Task(PythonOperator): fetch_data> on 2024-02-23 00:00:00+00:00
[2024-04-14T10:11:15.818+0000] {standard_task_runner.py:60} INFO - Started process 524 to run task
[2024-04-14T10:11:15.835+0000] {standard_task_runner.py:87} INFO - Running: ['***', 'tasks', 'run', 'currency_parsing', 'fetch_data', 'scheduled__2024-02-23T00:00:00+00:00', '--job-id', '664', '--raw', '--subdir', 'DAGS_FOLDER/currency_parsing.py', '--cfg-path', '/tmp/tmpjztved2z']
[2024-04-14T10:11:15.846+0000] {standard_task_runner.py:88} INFO - Job 664: Subtask fetch_data
[2024-04-14T10:11:16.180+0000] {task_command.py:423} INFO - Running <TaskInstance: currency_parsing.fetch_data scheduled__2024-02-23T00:00:00+00:00 [running]> on host 1c15aab9396c
[2024-04-14T10:11:17.217+0000] {taskinstance.py:2510} INFO - Exporting env vars: AIRFLOW_CTX_DAG_OWNER='***' AIRFLOW_CTX_DAG_ID='currency_parsing' AIRFLOW_CTX_TASK_ID='fetch_data' AIRFLOW_CTX_EXECUTION_DATE='2024-02-23T00:00:00+00:00' AIRFLOW_CTX_TRY_NUMBER='1' AIRFLOW_CTX_DAG_RUN_ID='scheduled__2024-02-23T00:00:00+00:00'
[2024-04-14T10:11:17.394+0000] {base.py:83} INFO - Using connection ID 'dwh' for task execution.
[2024-04-14T10:11:17.473+0000] {sql.py:572} INFO - Done loading. Loaded a total of 39 rows into currency_parsing
[2024-04-14T10:11:17.476+0000] {python.py:202} INFO - Done. Returned value was: None
[2024-04-14T10:11:17.528+0000] {taskinstance.py:1149} INFO - Marking task as SUCCESS. dag_id=currency_parsing, task_id=fetch_data, execution_date=20240223T000000, start_date=20240414T101115, end_date=20240414T101117
[2024-04-14T10:11:17.698+0000] {local_task_job_runner.py:234} INFO - Task exited with return code 0
[2024-04-14T10:11:17.777+0000] {taskinstance.py:3309} INFO - 0 downstream tasks scheduled from follow-on schedule check
