[2024-04-14T08:51:59.447+0000] {taskinstance.py:1979} INFO - Dependencies all met for dep_context=non-requeueable deps ti=<TaskInstance: currency_parsing.fetch_data scheduled__2024-01-20T00:00:00+00:00 [queued]>
[2024-04-14T08:51:59.642+0000] {taskinstance.py:1979} INFO - Dependencies all met for dep_context=requeueable deps ti=<TaskInstance: currency_parsing.fetch_data scheduled__2024-01-20T00:00:00+00:00 [queued]>
[2024-04-14T08:51:59.647+0000] {taskinstance.py:2193} INFO - Starting attempt 1 of 2
[2024-04-14T08:51:59.874+0000] {taskinstance.py:2214} INFO - Executing <Task(PythonOperator): fetch_data> on 2024-01-20 00:00:00+00:00
[2024-04-14T08:51:59.931+0000] {standard_task_runner.py:60} INFO - Started process 978 to run task
[2024-04-14T08:51:59.940+0000] {standard_task_runner.py:87} INFO - Running: ['***', 'tasks', 'run', 'currency_parsing', 'fetch_data', 'scheduled__2024-01-20T00:00:00+00:00', '--job-id', '255', '--raw', '--subdir', 'DAGS_FOLDER/currency_parsing.py', '--cfg-path', '/tmp/tmpc4e344o8']
[2024-04-14T08:51:59.973+0000] {standard_task_runner.py:88} INFO - Job 255: Subtask fetch_data
[2024-04-14T08:52:00.587+0000] {task_command.py:423} INFO - Running <TaskInstance: currency_parsing.fetch_data scheduled__2024-01-20T00:00:00+00:00 [running]> on host e8a1e0443283
[2024-04-14T08:52:01.588+0000] {taskinstance.py:2510} INFO - Exporting env vars: AIRFLOW_CTX_DAG_OWNER='***' AIRFLOW_CTX_DAG_ID='currency_parsing' AIRFLOW_CTX_TASK_ID='fetch_data' AIRFLOW_CTX_EXECUTION_DATE='2024-01-20T00:00:00+00:00' AIRFLOW_CTX_TRY_NUMBER='1' AIRFLOW_CTX_DAG_RUN_ID='scheduled__2024-01-20T00:00:00+00:00'
[2024-04-14T08:52:01.841+0000] {base.py:83} INFO - Using connection ID 'dwh' for task execution.
[2024-04-14T08:52:02.073+0000] {sql.py:572} INFO - Done loading. Loaded a total of 39 rows into currency_parsing
[2024-04-14T08:52:02.074+0000] {python.py:202} INFO - Done. Returned value was: None
[2024-04-14T08:52:02.128+0000] {taskinstance.py:1149} INFO - Marking task as SUCCESS. dag_id=currency_parsing, task_id=fetch_data, execution_date=20240120T000000, start_date=20240414T085159, end_date=20240414T085202
[2024-04-14T08:52:02.583+0000] {local_task_job_runner.py:234} INFO - Task exited with return code 0
[2024-04-14T08:52:02.930+0000] {taskinstance.py:3309} INFO - 0 downstream tasks scheduled from follow-on schedule check
[2024-04-14T10:09:00.230+0000] {taskinstance.py:1979} INFO - Dependencies all met for dep_context=non-requeueable deps ti=<TaskInstance: currency_parsing.fetch_data scheduled__2024-01-20T00:00:00+00:00 [queued]>
[2024-04-14T10:09:00.581+0000] {taskinstance.py:1979} INFO - Dependencies all met for dep_context=requeueable deps ti=<TaskInstance: currency_parsing.fetch_data scheduled__2024-01-20T00:00:00+00:00 [queued]>
[2024-04-14T10:09:00.587+0000] {taskinstance.py:2193} INFO - Starting attempt 1 of 2
[2024-04-14T10:09:01.371+0000] {taskinstance.py:2214} INFO - Executing <Task(PythonOperator): fetch_data> on 2024-01-20 00:00:00+00:00
[2024-04-14T10:09:01.452+0000] {standard_task_runner.py:60} INFO - Started process 289 to run task
[2024-04-14T10:09:01.510+0000] {standard_task_runner.py:87} INFO - Running: ['***', 'tasks', 'run', 'currency_parsing', 'fetch_data', 'scheduled__2024-01-20T00:00:00+00:00', '--job-id', '559', '--raw', '--subdir', 'DAGS_FOLDER/currency_parsing.py', '--cfg-path', '/tmp/tmpokb5t8cu']
[2024-04-14T10:09:01.520+0000] {standard_task_runner.py:88} INFO - Job 559: Subtask fetch_data
[2024-04-14T10:09:02.075+0000] {task_command.py:423} INFO - Running <TaskInstance: currency_parsing.fetch_data scheduled__2024-01-20T00:00:00+00:00 [running]> on host 1c15aab9396c
[2024-04-14T10:09:03.139+0000] {taskinstance.py:2510} INFO - Exporting env vars: AIRFLOW_CTX_DAG_OWNER='***' AIRFLOW_CTX_DAG_ID='currency_parsing' AIRFLOW_CTX_TASK_ID='fetch_data' AIRFLOW_CTX_EXECUTION_DATE='2024-01-20T00:00:00+00:00' AIRFLOW_CTX_TRY_NUMBER='1' AIRFLOW_CTX_DAG_RUN_ID='scheduled__2024-01-20T00:00:00+00:00'
[2024-04-14T10:09:03.364+0000] {base.py:83} INFO - Using connection ID 'dwh' for task execution.
[2024-04-14T10:09:03.674+0000] {sql.py:572} INFO - Done loading. Loaded a total of 39 rows into currency_parsing
[2024-04-14T10:09:03.714+0000] {python.py:202} INFO - Done. Returned value was: None
[2024-04-14T10:09:03.821+0000] {taskinstance.py:1149} INFO - Marking task as SUCCESS. dag_id=currency_parsing, task_id=fetch_data, execution_date=20240120T000000, start_date=20240414T100900, end_date=20240414T100903
[2024-04-14T10:09:04.964+0000] {local_task_job_runner.py:234} INFO - Task exited with return code 0
[2024-04-14T10:09:05.245+0000] {taskinstance.py:3309} INFO - 0 downstream tasks scheduled from follow-on schedule check
