[2024-04-21T11:05:13.301+0000] {taskinstance.py:1979} INFO - Dependencies all met for dep_context=non-requeueable deps ti=<TaskInstance: currency_parsing.fetch_data_kzt scheduled__2024-04-11T00:00:00+00:00 [queued]>
[2024-04-21T11:05:13.344+0000] {taskinstance.py:1979} INFO - Dependencies all met for dep_context=requeueable deps ti=<TaskInstance: currency_parsing.fetch_data_kzt scheduled__2024-04-11T00:00:00+00:00 [queued]>
[2024-04-21T11:05:13.348+0000] {taskinstance.py:2193} INFO - Starting attempt 1 of 2
[2024-04-21T11:05:13.486+0000] {taskinstance.py:2214} INFO - Executing <Task(PythonOperator): fetch_data_kzt> on 2024-04-11 00:00:00+00:00
[2024-04-21T11:05:13.495+0000] {standard_task_runner.py:60} INFO - Started process 2619 to run task
[2024-04-21T11:05:13.519+0000] {standard_task_runner.py:87} INFO - Running: ['***', 'tasks', 'run', 'currency_parsing', 'fetch_data_kzt', 'scheduled__2024-04-11T00:00:00+00:00', '--job-id', '2026', '--raw', '--subdir', 'DAGS_FOLDER/stage/currency_parsing.py', '--cfg-path', '/tmp/tmpcjmj2pjo']
[2024-04-21T11:05:13.526+0000] {standard_task_runner.py:88} INFO - Job 2026: Subtask fetch_data_kzt
[2024-04-21T11:05:13.831+0000] {task_command.py:423} INFO - Running <TaskInstance: currency_parsing.fetch_data_kzt scheduled__2024-04-11T00:00:00+00:00 [running]> on host e671688b1343
[2024-04-21T11:05:14.163+0000] {taskinstance.py:2510} INFO - Exporting env vars: AIRFLOW_CTX_DAG_OWNER='***' AIRFLOW_CTX_DAG_ID='currency_parsing' AIRFLOW_CTX_TASK_ID='fetch_data_kzt' AIRFLOW_CTX_EXECUTION_DATE='2024-04-11T00:00:00+00:00' AIRFLOW_CTX_TRY_NUMBER='1' AIRFLOW_CTX_DAG_RUN_ID='scheduled__2024-04-11T00:00:00+00:00'
[2024-04-21T11:05:14.232+0000] {base.py:83} INFO - Using connection ID 'dwh' for task execution.
[2024-04-21T11:05:14.304+0000] {sql.py:572} INFO - Done loading. Loaded a total of 39 rows into stage.currency_parsing_kzt
[2024-04-21T11:05:14.307+0000] {python.py:202} INFO - Done. Returned value was: None
[2024-04-21T11:05:14.341+0000] {taskinstance.py:1149} INFO - Marking task as SUCCESS. dag_id=currency_parsing, task_id=fetch_data_kzt, execution_date=20240411T000000, start_date=20240421T110513, end_date=20240421T110514
[2024-04-21T11:05:14.432+0000] {local_task_job_runner.py:234} INFO - Task exited with return code 0
[2024-04-21T11:05:14.483+0000] {taskinstance.py:3309} INFO - 0 downstream tasks scheduled from follow-on schedule check
[2024-04-27T12:22:42.820+0000] {taskinstance.py:1979} INFO - Dependencies all met for dep_context=non-requeueable deps ti=<TaskInstance: currency_parsing.fetch_data_kzt scheduled__2024-04-11T00:00:00+00:00 [queued]>
[2024-04-27T12:22:43.280+0000] {taskinstance.py:1979} INFO - Dependencies all met for dep_context=requeueable deps ti=<TaskInstance: currency_parsing.fetch_data_kzt scheduled__2024-04-11T00:00:00+00:00 [queued]>
[2024-04-27T12:22:43.297+0000] {taskinstance.py:2193} INFO - Starting attempt 1 of 2
[2024-04-27T12:22:44.434+0000] {taskinstance.py:2214} INFO - Executing <Task(PythonOperator): fetch_data_kzt> on 2024-04-11 00:00:00+00:00
[2024-04-27T12:22:44.625+0000] {standard_task_runner.py:60} INFO - Started process 2087 to run task
[2024-04-27T12:22:44.734+0000] {standard_task_runner.py:87} INFO - Running: ['***', 'tasks', 'run', 'currency_parsing', 'fetch_data_kzt', 'scheduled__2024-04-11T00:00:00+00:00', '--job-id', '2378', '--raw', '--subdir', 'DAGS_FOLDER/stage/currency_parsing.py', '--cfg-path', '/tmp/tmpcy1wd_er']
[2024-04-27T12:22:44.802+0000] {standard_task_runner.py:88} INFO - Job 2378: Subtask fetch_data_kzt
[2024-04-27T12:22:46.027+0000] {task_command.py:423} INFO - Running <TaskInstance: currency_parsing.fetch_data_kzt scheduled__2024-04-11T00:00:00+00:00 [running]> on host 65a8688265d1
[2024-04-27T12:22:49.095+0000] {taskinstance.py:2510} INFO - Exporting env vars: AIRFLOW_CTX_DAG_OWNER='***' AIRFLOW_CTX_DAG_ID='currency_parsing' AIRFLOW_CTX_TASK_ID='fetch_data_kzt' AIRFLOW_CTX_EXECUTION_DATE='2024-04-11T00:00:00+00:00' AIRFLOW_CTX_TRY_NUMBER='1' AIRFLOW_CTX_DAG_RUN_ID='scheduled__2024-04-11T00:00:00+00:00'
[2024-04-27T12:22:49.527+0000] {base.py:83} INFO - Using connection ID 'dwh' for task execution.
[2024-04-27T12:22:49.733+0000] {sql.py:572} INFO - Done loading. Loaded a total of 39 rows into stage.currency_parsing_kzt
[2024-04-27T12:22:49.734+0000] {python.py:202} INFO - Done. Returned value was: None
[2024-04-27T12:22:49.949+0000] {taskinstance.py:1149} INFO - Marking task as SUCCESS. dag_id=currency_parsing, task_id=fetch_data_kzt, execution_date=20240411T000000, start_date=20240427T122242, end_date=20240427T122249
[2024-04-27T12:22:50.418+0000] {local_task_job_runner.py:234} INFO - Task exited with return code 0
[2024-04-27T12:22:50.543+0000] {warnings.py:109} WARNING - /home/***/.local/lib/python3.8/site-packages/***/models/baseoperator.py:1201: AirflowProviderDeprecationWarning: Call to deprecated class PostgresOperator. (Please use `***.providers.common.sql.operators.sql.SQLExecuteQueryOperator`.Also, you can provide `hook_params={'schema': <database>}`.)
  result = cls.__new__(cls)

[2024-04-27T12:22:50.820+0000] {taskinstance.py:3309} INFO - 0 downstream tasks scheduled from follow-on schedule check
