[2024-04-21T11:06:29.684+0000] {taskinstance.py:1979} INFO - Dependencies all met for dep_context=non-requeueable deps ti=<TaskInstance: currency_parsing.fetch_data_usd scheduled__2024-04-15T00:00:00+00:00 [queued]>
[2024-04-21T11:06:29.883+0000] {taskinstance.py:1979} INFO - Dependencies all met for dep_context=requeueable deps ti=<TaskInstance: currency_parsing.fetch_data_usd scheduled__2024-04-15T00:00:00+00:00 [queued]>
[2024-04-21T11:06:29.892+0000] {taskinstance.py:2193} INFO - Starting attempt 1 of 2
[2024-04-21T11:06:30.268+0000] {taskinstance.py:2214} INFO - Executing <Task(PythonOperator): fetch_data_usd> on 2024-04-15 00:00:00+00:00
[2024-04-21T11:06:30.417+0000] {standard_task_runner.py:60} INFO - Started process 2790 to run task
[2024-04-21T11:06:30.528+0000] {standard_task_runner.py:87} INFO - Running: ['***', 'tasks', 'run', 'currency_parsing', 'fetch_data_usd', 'scheduled__2024-04-15T00:00:00+00:00', '--job-id', '2103', '--raw', '--subdir', 'DAGS_FOLDER/stage/currency_parsing.py', '--cfg-path', '/tmp/tmp8f5dxk_5']
[2024-04-21T11:06:30.588+0000] {standard_task_runner.py:88} INFO - Job 2103: Subtask fetch_data_usd
[2024-04-21T11:06:31.155+0000] {task_command.py:423} INFO - Running <TaskInstance: currency_parsing.fetch_data_usd scheduled__2024-04-15T00:00:00+00:00 [running]> on host e671688b1343
[2024-04-21T11:06:32.633+0000] {taskinstance.py:2510} INFO - Exporting env vars: AIRFLOW_CTX_DAG_OWNER='***' AIRFLOW_CTX_DAG_ID='currency_parsing' AIRFLOW_CTX_TASK_ID='fetch_data_usd' AIRFLOW_CTX_EXECUTION_DATE='2024-04-15T00:00:00+00:00' AIRFLOW_CTX_TRY_NUMBER='1' AIRFLOW_CTX_DAG_RUN_ID='scheduled__2024-04-15T00:00:00+00:00'
[2024-04-21T11:06:32.854+0000] {base.py:83} INFO - Using connection ID 'dwh' for task execution.
[2024-04-21T11:06:33.060+0000] {sql.py:572} INFO - Done loading. Loaded a total of 33 rows into stage.currency_parsing_usd
[2024-04-21T11:06:33.076+0000] {python.py:202} INFO - Done. Returned value was: None
[2024-04-21T11:06:33.160+0000] {taskinstance.py:1149} INFO - Marking task as SUCCESS. dag_id=currency_parsing, task_id=fetch_data_usd, execution_date=20240415T000000, start_date=20240421T110629, end_date=20240421T110633
[2024-04-21T11:06:33.587+0000] {local_task_job_runner.py:234} INFO - Task exited with return code 0
[2024-04-21T11:06:34.212+0000] {taskinstance.py:3309} INFO - 0 downstream tasks scheduled from follow-on schedule check
[2024-04-27T12:23:10.236+0000] {taskinstance.py:1979} INFO - Dependencies all met for dep_context=non-requeueable deps ti=<TaskInstance: currency_parsing.fetch_data_usd scheduled__2024-04-15T00:00:00+00:00 [queued]>
[2024-04-27T12:23:10.578+0000] {taskinstance.py:1979} INFO - Dependencies all met for dep_context=requeueable deps ti=<TaskInstance: currency_parsing.fetch_data_usd scheduled__2024-04-15T00:00:00+00:00 [queued]>
[2024-04-27T12:23:10.613+0000] {taskinstance.py:2193} INFO - Starting attempt 1 of 2
[2024-04-27T12:23:12.137+0000] {taskinstance.py:2214} INFO - Executing <Task(PythonOperator): fetch_data_usd> on 2024-04-15 00:00:00+00:00
[2024-04-27T12:23:12.168+0000] {standard_task_runner.py:60} INFO - Started process 2128 to run task
[2024-04-27T12:23:12.246+0000] {standard_task_runner.py:87} INFO - Running: ['***', 'tasks', 'run', 'currency_parsing', 'fetch_data_usd', 'scheduled__2024-04-15T00:00:00+00:00', '--job-id', '2395', '--raw', '--subdir', 'DAGS_FOLDER/stage/currency_parsing.py', '--cfg-path', '/tmp/tmpkc2eiu4c']
[2024-04-27T12:23:12.330+0000] {standard_task_runner.py:88} INFO - Job 2395: Subtask fetch_data_usd
[2024-04-27T12:23:13.779+0000] {task_command.py:423} INFO - Running <TaskInstance: currency_parsing.fetch_data_usd scheduled__2024-04-15T00:00:00+00:00 [running]> on host 65a8688265d1
[2024-04-27T12:23:16.325+0000] {taskinstance.py:2510} INFO - Exporting env vars: AIRFLOW_CTX_DAG_OWNER='***' AIRFLOW_CTX_DAG_ID='currency_parsing' AIRFLOW_CTX_TASK_ID='fetch_data_usd' AIRFLOW_CTX_EXECUTION_DATE='2024-04-15T00:00:00+00:00' AIRFLOW_CTX_TRY_NUMBER='1' AIRFLOW_CTX_DAG_RUN_ID='scheduled__2024-04-15T00:00:00+00:00'
[2024-04-27T12:23:16.930+0000] {base.py:83} INFO - Using connection ID 'dwh' for task execution.
[2024-04-27T12:23:17.176+0000] {sql.py:572} INFO - Done loading. Loaded a total of 33 rows into stage.currency_parsing_usd
[2024-04-27T12:23:17.180+0000] {python.py:202} INFO - Done. Returned value was: None
[2024-04-27T12:23:17.454+0000] {taskinstance.py:1149} INFO - Marking task as SUCCESS. dag_id=currency_parsing, task_id=fetch_data_usd, execution_date=20240415T000000, start_date=20240427T122310, end_date=20240427T122317
[2024-04-27T12:23:18.317+0000] {local_task_job_runner.py:234} INFO - Task exited with return code 0
[2024-04-27T12:23:19.351+0000] {warnings.py:109} WARNING - /home/***/.local/lib/python3.8/site-packages/***/models/baseoperator.py:1201: AirflowProviderDeprecationWarning: Call to deprecated class PostgresOperator. (Please use `***.providers.common.sql.operators.sql.SQLExecuteQueryOperator`.Also, you can provide `hook_params={'schema': <database>}`.)
  result = cls.__new__(cls)

[2024-04-27T12:23:20.054+0000] {taskinstance.py:3309} INFO - 0 downstream tasks scheduled from follow-on schedule check
