[2024-04-21T11:05:45.894+0000] {taskinstance.py:1979} INFO - Dependencies all met for dep_context=non-requeueable deps ti=<TaskInstance: currency_parsing.get_data_usd scheduled__2024-04-13T00:00:00+00:00 [queued]>
[2024-04-21T11:05:46.056+0000] {taskinstance.py:1979} INFO - Dependencies all met for dep_context=requeueable deps ti=<TaskInstance: currency_parsing.get_data_usd scheduled__2024-04-13T00:00:00+00:00 [queued]>
[2024-04-21T11:05:46.057+0000] {taskinstance.py:2193} INFO - Starting attempt 1 of 2
[2024-04-21T11:05:46.294+0000] {taskinstance.py:2214} INFO - Executing <Task(PythonOperator): get_data_usd> on 2024-04-13 00:00:00+00:00
[2024-04-21T11:05:46.372+0000] {standard_task_runner.py:60} INFO - Started process 2682 to run task
[2024-04-21T11:05:46.511+0000] {standard_task_runner.py:87} INFO - Running: ['***', 'tasks', 'run', 'currency_parsing', 'get_data_usd', 'scheduled__2024-04-13T00:00:00+00:00', '--job-id', '2054', '--raw', '--subdir', 'DAGS_FOLDER/stage/currency_parsing.py', '--cfg-path', '/tmp/tmped81febu']
[2024-04-21T11:05:46.618+0000] {standard_task_runner.py:88} INFO - Job 2054: Subtask get_data_usd
[2024-04-21T11:05:47.201+0000] {task_command.py:423} INFO - Running <TaskInstance: currency_parsing.get_data_usd scheduled__2024-04-13T00:00:00+00:00 [running]> on host e671688b1343
[2024-04-21T11:05:48.019+0000] {warnings.py:109} WARNING - /home/***/.local/lib/python3.8/site-packages/***/utils/context.py:207: AirflowContextDeprecationWarning: Accessing 'execution_date' from the template is deprecated and will be removed in a future version. Please use 'data_interval_start' or 'logical_date' instead.
  warnings.warn(_create_deprecation_warning(key, self._deprecation_replacements[key]))

[2024-04-21T11:05:48.380+0000] {taskinstance.py:2510} INFO - Exporting env vars: AIRFLOW_CTX_DAG_OWNER='***' AIRFLOW_CTX_DAG_ID='currency_parsing' AIRFLOW_CTX_TASK_ID='get_data_usd' AIRFLOW_CTX_EXECUTION_DATE='2024-04-13T00:00:00+00:00' AIRFLOW_CTX_TRY_NUMBER='1' AIRFLOW_CTX_DAG_RUN_ID='scheduled__2024-04-13T00:00:00+00:00'
[2024-04-21T11:05:50.082+0000] {python.py:202} INFO - Done. Returned value was: ([['AUD', 1.5468401859, '2024-4-12'], ['BGN', 1.8302303276, '2024-4-12'], ['BRL', 5.1284106751, '2024-4-12'], ['CAD', 1.3772302746, '2024-4-12'], ['CHF', 0.9141301241, '2024-4-12'], ['CNY', 7.2353712409, '2024-4-12'], ['CZK', 23.7950937976, '2024-4-12'], ['DKK', 7.0104507151, '2024-4-12'], ['EUR', 0.9390801563, '2024-4-12'], ['GBP', 0.8031401012, '2024-4-12'], ['HKD', 7.8360815249, '2024-4-12'], ['HRK', 6.7989913489, '2024-4-12'], ['HUF', 368.9104407442, '2024-4-12'], ['IDR', 15826.235216479, '2024-4-12'], ['ILS', 3.7721307502, '2024-4-12'], ['INR', 83.501071702, '2024-4-12'], ['ISK', 141.454189458, '2024-4-12'], ['JPY', 153.2989265335, '2024-4-12'], ['KRW', 1378.0310104253, '2024-4-12'], ['MXN', 16.6307418092, '2024-4-12'], ['MYR', 4.7696107882, '2024-4-12'], ['NOK', 10.8986417408, '2024-4-12'], ['NZD', 1.6839903081, '2024-4-12'], ['PHP', 56.604807645, '2024-4-12'], ['PLN', 4.0257905132, '2024-4-12'], ['RON', 4.6727807826, '2024-4-12'], ['RUB', 93.2937864971, '2024-4-12'], ['SEK', 10.8859516474, '2024-4-12'], ['SGD', 1.3600101462, '2024-4-12'], ['THB', 36.5952441393, '2024-4-12'], ['TRY', 32.3506447649, '2024-4-12'], ['USD', 1, '2024-4-12'], ['ZAR', 18.8333636192, '2024-4-12']], ['title', 'rate', 'date'])
[2024-04-21T11:05:50.327+0000] {taskinstance.py:1149} INFO - Marking task as SUCCESS. dag_id=currency_parsing, task_id=get_data_usd, execution_date=20240413T000000, start_date=20240421T110545, end_date=20240421T110550
[2024-04-21T11:05:50.612+0000] {local_task_job_runner.py:234} INFO - Task exited with return code 0
[2024-04-21T11:05:51.119+0000] {taskinstance.py:3309} INFO - 1 downstream tasks scheduled from follow-on schedule check
[2024-04-27T12:20:47.859+0000] {taskinstance.py:1979} INFO - Dependencies all met for dep_context=non-requeueable deps ti=<TaskInstance: currency_parsing.get_data_usd scheduled__2024-04-13T00:00:00+00:00 [queued]>
[2024-04-27T12:20:48.446+0000] {taskinstance.py:1979} INFO - Dependencies all met for dep_context=requeueable deps ti=<TaskInstance: currency_parsing.get_data_usd scheduled__2024-04-13T00:00:00+00:00 [queued]>
[2024-04-27T12:20:48.488+0000] {taskinstance.py:2193} INFO - Starting attempt 1 of 2
[2024-04-27T12:20:49.970+0000] {taskinstance.py:2214} INFO - Executing <Task(PythonOperator): get_data_usd> on 2024-04-13 00:00:00+00:00
[2024-04-27T12:20:50.893+0000] {standard_task_runner.py:60} INFO - Started process 1988 to run task
[2024-04-27T12:20:51.567+0000] {standard_task_runner.py:87} INFO - Running: ['***', 'tasks', 'run', 'currency_parsing', 'get_data_usd', 'scheduled__2024-04-13T00:00:00+00:00', '--job-id', '2340', '--raw', '--subdir', 'DAGS_FOLDER/stage/currency_parsing.py', '--cfg-path', '/tmp/tmpfeoe6zn8']
[2024-04-27T12:20:51.715+0000] {standard_task_runner.py:88} INFO - Job 2340: Subtask get_data_usd
[2024-04-27T12:20:55.411+0000] {task_command.py:423} INFO - Running <TaskInstance: currency_parsing.get_data_usd scheduled__2024-04-13T00:00:00+00:00 [running]> on host 65a8688265d1
[2024-04-27T12:20:57.770+0000] {warnings.py:109} WARNING - /home/***/.local/lib/python3.8/site-packages/***/utils/context.py:207: AirflowContextDeprecationWarning: Accessing 'execution_date' from the template is deprecated and will be removed in a future version. Please use 'data_interval_start' or 'logical_date' instead.
  warnings.warn(_create_deprecation_warning(key, self._deprecation_replacements[key]))

[2024-04-27T12:20:58.493+0000] {taskinstance.py:2510} INFO - Exporting env vars: AIRFLOW_CTX_DAG_OWNER='***' AIRFLOW_CTX_DAG_ID='currency_parsing' AIRFLOW_CTX_TASK_ID='get_data_usd' AIRFLOW_CTX_EXECUTION_DATE='2024-04-13T00:00:00+00:00' AIRFLOW_CTX_TRY_NUMBER='1' AIRFLOW_CTX_DAG_RUN_ID='scheduled__2024-04-13T00:00:00+00:00'
[2024-04-27T12:21:04.852+0000] {python.py:202} INFO - Done. Returned value was: ([['AUD', 1.5468401859, '2024-4-12'], ['BGN', 1.8302303276, '2024-4-12'], ['BRL', 5.1284106751, '2024-4-12'], ['CAD', 1.3772302746, '2024-4-12'], ['CHF', 0.9141301241, '2024-4-12'], ['CNY', 7.2353712409, '2024-4-12'], ['CZK', 23.7950937976, '2024-4-12'], ['DKK', 7.0104507151, '2024-4-12'], ['EUR', 0.9390801563, '2024-4-12'], ['GBP', 0.8031401012, '2024-4-12'], ['HKD', 7.8360815249, '2024-4-12'], ['HRK', 6.7989913489, '2024-4-12'], ['HUF', 368.9104407442, '2024-4-12'], ['IDR', 15826.235216479, '2024-4-12'], ['ILS', 3.7721307502, '2024-4-12'], ['INR', 83.501071702, '2024-4-12'], ['ISK', 141.454189458, '2024-4-12'], ['JPY', 153.2989265335, '2024-4-12'], ['KRW', 1378.0310104253, '2024-4-12'], ['MXN', 16.6307418092, '2024-4-12'], ['MYR', 4.7696107882, '2024-4-12'], ['NOK', 10.8986417408, '2024-4-12'], ['NZD', 1.6839903081, '2024-4-12'], ['PHP', 56.604807645, '2024-4-12'], ['PLN', 4.0257905132, '2024-4-12'], ['RON', 4.6727807826, '2024-4-12'], ['RUB', 93.2937864971, '2024-4-12'], ['SEK', 10.8859516474, '2024-4-12'], ['SGD', 1.3600101462, '2024-4-12'], ['THB', 36.5952441393, '2024-4-12'], ['TRY', 32.3506447649, '2024-4-12'], ['USD', 1, '2024-4-12'], ['ZAR', 18.8333636192, '2024-4-12']], ['title', 'rate', 'date'])
[2024-04-27T12:21:08.089+0000] {taskinstance.py:1149} INFO - Marking task as SUCCESS. dag_id=currency_parsing, task_id=get_data_usd, execution_date=20240413T000000, start_date=20240427T122048, end_date=20240427T122108
[2024-04-27T12:21:10.811+0000] {local_task_job_runner.py:234} INFO - Task exited with return code 0
[2024-04-27T12:21:10.990+0000] {warnings.py:109} WARNING - /home/***/.local/lib/python3.8/site-packages/***/models/baseoperator.py:1201: AirflowProviderDeprecationWarning: Call to deprecated class PostgresOperator. (Please use `***.providers.common.sql.operators.sql.SQLExecuteQueryOperator`.Also, you can provide `hook_params={'schema': <database>}`.)
  result = cls.__new__(cls)

[2024-04-27T12:21:12.595+0000] {taskinstance.py:3309} INFO - 1 downstream tasks scheduled from follow-on schedule check
