[2024-04-21T11:05:52.647+0000] {taskinstance.py:1979} INFO - Dependencies all met for dep_context=non-requeueable deps ti=<TaskInstance: currency_parsing.get_data_rub scheduled__2024-04-15T00:00:00+00:00 [queued]>
[2024-04-21T11:05:52.771+0000] {taskinstance.py:1979} INFO - Dependencies all met for dep_context=requeueable deps ti=<TaskInstance: currency_parsing.get_data_rub scheduled__2024-04-15T00:00:00+00:00 [queued]>
[2024-04-21T11:05:52.781+0000] {taskinstance.py:2193} INFO - Starting attempt 1 of 2
[2024-04-21T11:05:52.969+0000] {taskinstance.py:2214} INFO - Executing <Task(PythonOperator): get_data_rub> on 2024-04-15 00:00:00+00:00
[2024-04-21T11:05:52.987+0000] {standard_task_runner.py:60} INFO - Started process 2707 to run task
[2024-04-21T11:05:53.075+0000] {standard_task_runner.py:87} INFO - Running: ['***', 'tasks', 'run', 'currency_parsing', 'get_data_rub', 'scheduled__2024-04-15T00:00:00+00:00', '--job-id', '2065', '--raw', '--subdir', 'DAGS_FOLDER/stage/currency_parsing.py', '--cfg-path', '/tmp/tmp7j_htqpb']
[2024-04-21T11:05:53.112+0000] {standard_task_runner.py:88} INFO - Job 2065: Subtask get_data_rub
[2024-04-21T11:05:53.680+0000] {task_command.py:423} INFO - Running <TaskInstance: currency_parsing.get_data_rub scheduled__2024-04-15T00:00:00+00:00 [running]> on host e671688b1343
[2024-04-21T11:05:54.531+0000] {warnings.py:109} WARNING - /home/***/.local/lib/python3.8/site-packages/***/utils/context.py:207: AirflowContextDeprecationWarning: Accessing 'execution_date' from the template is deprecated and will be removed in a future version. Please use 'data_interval_start' or 'logical_date' instead.
  warnings.warn(_create_deprecation_warning(key, self._deprecation_replacements[key]))

[2024-04-21T11:05:54.851+0000] {taskinstance.py:2510} INFO - Exporting env vars: AIRFLOW_CTX_DAG_OWNER='***' AIRFLOW_CTX_DAG_ID='currency_parsing' AIRFLOW_CTX_TASK_ID='get_data_rub' AIRFLOW_CTX_EXECUTION_DATE='2024-04-15T00:00:00+00:00' AIRFLOW_CTX_TRY_NUMBER='1' AIRFLOW_CTX_DAG_RUN_ID='scheduled__2024-04-15T00:00:00+00:00'
[2024-04-21T11:06:06.211+0000] {taskinstance.py:2728} ERROR - Task failed with exception
Traceback (most recent call last):
  File "/home/airflow/.local/lib/python3.8/site-packages/airflow/models/taskinstance.py", line 444, in _execute_task
    result = _execute_callable(context=context, **execute_callable_kwargs)
  File "/home/airflow/.local/lib/python3.8/site-packages/airflow/models/taskinstance.py", line 414, in _execute_callable
    return execute_callable(context=context, **execute_callable_kwargs)
  File "/home/airflow/.local/lib/python3.8/site-packages/airflow/operators/python.py", line 200, in execute
    return_value = self.execute_callable()
  File "/home/airflow/.local/lib/python3.8/site-packages/airflow/operators/python.py", line 217, in execute_callable
    return self.python_callable(*self.op_args, **self.op_kwargs)
  File "/opt/airflow/dags/stage/currency_parsing.py", line 37, in get_data_rub
    currencies_date = datetime.strptime(currency_data['Date'][:10], '%Y-%m-%d')
KeyError: 'Date'
[2024-04-21T11:06:06.249+0000] {taskinstance.py:1149} INFO - Marking task as UP_FOR_RETRY. dag_id=currency_parsing, task_id=get_data_rub, execution_date=20240415T000000, start_date=20240421T110552, end_date=20240421T110606
[2024-04-21T11:06:06.407+0000] {standard_task_runner.py:107} ERROR - Failed to execute job 2065 for task get_data_rub ('Date'; 2707)
[2024-04-21T11:06:06.528+0000] {local_task_job_runner.py:234} INFO - Task exited with return code 1
[2024-04-21T11:06:06.686+0000] {taskinstance.py:3309} INFO - 0 downstream tasks scheduled from follow-on schedule check
[2024-04-27T12:21:14.559+0000] {taskinstance.py:1979} INFO - Dependencies all met for dep_context=non-requeueable deps ti=<TaskInstance: currency_parsing.get_data_rub scheduled__2024-04-15T00:00:00+00:00 [queued]>
[2024-04-27T12:21:15.326+0000] {taskinstance.py:1979} INFO - Dependencies all met for dep_context=requeueable deps ti=<TaskInstance: currency_parsing.get_data_rub scheduled__2024-04-15T00:00:00+00:00 [queued]>
[2024-04-27T12:21:15.369+0000] {taskinstance.py:2193} INFO - Starting attempt 1 of 2
[2024-04-27T12:21:16.305+0000] {taskinstance.py:2214} INFO - Executing <Task(PythonOperator): get_data_rub> on 2024-04-15 00:00:00+00:00
[2024-04-27T12:21:16.408+0000] {standard_task_runner.py:60} INFO - Started process 2011 to run task
[2024-04-27T12:21:16.524+0000] {standard_task_runner.py:87} INFO - Running: ['***', 'tasks', 'run', 'currency_parsing', 'get_data_rub', 'scheduled__2024-04-15T00:00:00+00:00', '--job-id', '2347', '--raw', '--subdir', 'DAGS_FOLDER/stage/currency_parsing.py', '--cfg-path', '/tmp/tmpyvy9lxe9']
[2024-04-27T12:21:16.780+0000] {standard_task_runner.py:88} INFO - Job 2347: Subtask get_data_rub
[2024-04-27T12:21:21.973+0000] {task_command.py:423} INFO - Running <TaskInstance: currency_parsing.get_data_rub scheduled__2024-04-15T00:00:00+00:00 [running]> on host 65a8688265d1
[2024-04-27T12:21:27.518+0000] {warnings.py:109} WARNING - /home/***/.local/lib/python3.8/site-packages/***/utils/context.py:207: AirflowContextDeprecationWarning: Accessing 'execution_date' from the template is deprecated and will be removed in a future version. Please use 'data_interval_start' or 'logical_date' instead.
  warnings.warn(_create_deprecation_warning(key, self._deprecation_replacements[key]))

[2024-04-27T12:21:31.340+0000] {taskinstance.py:2510} INFO - Exporting env vars: AIRFLOW_CTX_DAG_OWNER='***' AIRFLOW_CTX_DAG_ID='currency_parsing' AIRFLOW_CTX_TASK_ID='get_data_rub' AIRFLOW_CTX_EXECUTION_DATE='2024-04-15T00:00:00+00:00' AIRFLOW_CTX_TRY_NUMBER='1' AIRFLOW_CTX_DAG_RUN_ID='scheduled__2024-04-15T00:00:00+00:00'
[2024-04-27T12:21:54.286+0000] {taskinstance.py:2728} ERROR - Task failed with exception
Traceback (most recent call last):
  File "/home/airflow/.local/lib/python3.8/site-packages/airflow/models/taskinstance.py", line 444, in _execute_task
    result = _execute_callable(context=context, **execute_callable_kwargs)
  File "/home/airflow/.local/lib/python3.8/site-packages/airflow/models/taskinstance.py", line 414, in _execute_callable
    return execute_callable(context=context, **execute_callable_kwargs)
  File "/home/airflow/.local/lib/python3.8/site-packages/airflow/operators/python.py", line 200, in execute
    return_value = self.execute_callable()
  File "/home/airflow/.local/lib/python3.8/site-packages/airflow/operators/python.py", line 217, in execute_callable
    return self.python_callable(*self.op_args, **self.op_kwargs)
  File "/opt/airflow/dags/stage/currency_parsing.py", line 37, in get_data_rub
    currency_data = response.json()
KeyError: 'Date'
[2024-04-27T12:21:54.447+0000] {taskinstance.py:1149} INFO - Marking task as UP_FOR_RETRY. dag_id=currency_parsing, task_id=get_data_rub, execution_date=20240415T000000, start_date=20240427T122114, end_date=20240427T122154
[2024-04-27T12:21:55.016+0000] {standard_task_runner.py:107} ERROR - Failed to execute job 2347 for task get_data_rub ('Date'; 2011)
[2024-04-27T12:21:56.044+0000] {local_task_job_runner.py:234} INFO - Task exited with return code 1
[2024-04-27T12:21:56.591+0000] {warnings.py:109} WARNING - /home/***/.local/lib/python3.8/site-packages/***/models/baseoperator.py:1201: AirflowProviderDeprecationWarning: Call to deprecated class PostgresOperator. (Please use `***.providers.common.sql.operators.sql.SQLExecuteQueryOperator`.Also, you can provide `hook_params={'schema': <database>}`.)
  result = cls.__new__(cls)

[2024-04-27T12:21:57.282+0000] {taskinstance.py:3309} INFO - 0 downstream tasks scheduled from follow-on schedule check
