[2024-04-27T10:15:50.004+0000] {taskinstance.py:1979} INFO - Dependencies all met for dep_context=non-requeueable deps ti=<TaskInstance: currency_parsing.create_schema scheduled__2024-04-26T00:00:00+00:00 [queued]>
[2024-04-27T10:15:50.126+0000] {taskinstance.py:1979} INFO - Dependencies all met for dep_context=requeueable deps ti=<TaskInstance: currency_parsing.create_schema scheduled__2024-04-26T00:00:00+00:00 [queued]>
[2024-04-27T10:15:50.195+0000] {taskinstance.py:2193} INFO - Starting attempt 1 of 2
[2024-04-27T10:15:50.430+0000] {taskinstance.py:2214} INFO - Executing <Task(PostgresOperator): create_schema> on 2024-04-26 00:00:00+00:00
[2024-04-27T10:15:50.502+0000] {standard_task_runner.py:60} INFO - Started process 95 to run task
[2024-04-27T10:15:50.509+0000] {standard_task_runner.py:87} INFO - Running: ['***', 'tasks', 'run', 'currency_parsing', 'create_schema', 'scheduled__2024-04-26T00:00:00+00:00', '--job-id', '2240', '--raw', '--subdir', 'DAGS_FOLDER/stage/currency_parsing.py', '--cfg-path', '/tmp/tmpx6lmgl38']
[2024-04-27T10:15:50.551+0000] {standard_task_runner.py:88} INFO - Job 2240: Subtask create_schema
[2024-04-27T10:15:51.073+0000] {task_command.py:423} INFO - Running <TaskInstance: currency_parsing.create_schema scheduled__2024-04-26T00:00:00+00:00 [running]> on host 65a8688265d1
[2024-04-27T10:15:52.020+0000] {taskinstance.py:2510} INFO - Exporting env vars: AIRFLOW_CTX_DAG_OWNER='***' AIRFLOW_CTX_DAG_ID='currency_parsing' AIRFLOW_CTX_TASK_ID='create_schema' AIRFLOW_CTX_EXECUTION_DATE='2024-04-26T00:00:00+00:00' AIRFLOW_CTX_TRY_NUMBER='1' AIRFLOW_CTX_DAG_RUN_ID='scheduled__2024-04-26T00:00:00+00:00'
[2024-04-27T10:15:52.037+0000] {sql.py:276} INFO - Executing: CREATE SCHEMA if not exists stage;

CREATE SCHEMA if not exists intermediate;
[2024-04-27T10:15:52.111+0000] {base.py:83} INFO - Using connection ID 'dwh' for task execution.
[2024-04-27T10:15:52.157+0000] {base.py:83} INFO - Using connection ID 'dwh' for task execution.
[2024-04-27T10:15:52.184+0000] {sql.py:457} INFO - Running statement: CREATE SCHEMA if not exists stage;

CREATE SCHEMA if not exists intermediate;, parameters: None
[2024-04-27T10:15:52.190+0000] {warnings.py:109} WARNING - /home/***/.local/lib/python3.8/site-packages/***/providers/common/sql/hooks/sql.py:407: AirflowProviderDeprecationWarning: Call to deprecated method _make_common_data_structure. (The `_make_serializable` method is deprecated and support will be removed in a future version of the common.sql provider. Please update the DbApiHook's provider to a version based on common.sql >= 1.9.1.)
  result = self._make_common_data_structure(handler(cur))

[2024-04-27T10:15:52.239+0000] {taskinstance.py:1149} INFO - Marking task as SUCCESS. dag_id=currency_parsing, task_id=create_schema, execution_date=20240426T000000, start_date=20240427T101550, end_date=20240427T101552
[2024-04-27T10:15:52.373+0000] {local_task_job_runner.py:234} INFO - Task exited with return code 0
[2024-04-27T10:15:52.408+0000] {warnings.py:109} WARNING - /home/***/.local/lib/python3.8/site-packages/***/models/baseoperator.py:1201: AirflowProviderDeprecationWarning: Call to deprecated class PostgresOperator. (Please use `***.providers.common.sql.operators.sql.SQLExecuteQueryOperator`.Also, you can provide `hook_params={'schema': <database>}`.)
  result = cls.__new__(cls)

[2024-04-27T10:15:52.494+0000] {taskinstance.py:3309} INFO - 1 downstream tasks scheduled from follow-on schedule check
[2024-04-27T12:29:39.523+0000] {taskinstance.py:1979} INFO - Dependencies all met for dep_context=non-requeueable deps ti=<TaskInstance: currency_parsing.create_schema scheduled__2024-04-26T00:00:00+00:00 [queued]>
[2024-04-27T12:29:40.216+0000] {taskinstance.py:1979} INFO - Dependencies all met for dep_context=requeueable deps ti=<TaskInstance: currency_parsing.create_schema scheduled__2024-04-26T00:00:00+00:00 [queued]>
[2024-04-27T12:29:40.265+0000] {taskinstance.py:2193} INFO - Starting attempt 1 of 2
[2024-04-27T12:29:41.050+0000] {taskinstance.py:2214} INFO - Executing <Task(PostgresOperator): create_schema> on 2024-04-26 00:00:00+00:00
[2024-04-27T12:29:41.059+0000] {standard_task_runner.py:60} INFO - Started process 2434 to run task
[2024-04-27T12:29:41.365+0000] {standard_task_runner.py:87} INFO - Running: ['***', 'tasks', 'run', 'currency_parsing', 'create_schema', 'scheduled__2024-04-26T00:00:00+00:00', '--job-id', '2513', '--raw', '--subdir', 'DAGS_FOLDER/stage/currency_parsing.py', '--cfg-path', '/tmp/tmp5gj0mv1r']
[2024-04-27T12:29:41.568+0000] {standard_task_runner.py:88} INFO - Job 2513: Subtask create_schema
[2024-04-27T12:29:42.113+0000] {task_command.py:423} INFO - Running <TaskInstance: currency_parsing.create_schema scheduled__2024-04-26T00:00:00+00:00 [running]> on host 65a8688265d1
[2024-04-27T12:29:43.442+0000] {taskinstance.py:2510} INFO - Exporting env vars: AIRFLOW_CTX_DAG_OWNER='***' AIRFLOW_CTX_DAG_ID='currency_parsing' AIRFLOW_CTX_TASK_ID='create_schema' AIRFLOW_CTX_EXECUTION_DATE='2024-04-26T00:00:00+00:00' AIRFLOW_CTX_TRY_NUMBER='1' AIRFLOW_CTX_DAG_RUN_ID='scheduled__2024-04-26T00:00:00+00:00'
[2024-04-27T12:29:43.465+0000] {sql.py:276} INFO - Executing: CREATE SCHEMA if not exists stage;

CREATE SCHEMA if not exists intermediate;
[2024-04-27T12:29:43.543+0000] {base.py:83} INFO - Using connection ID 'dwh' for task execution.
[2024-04-27T12:29:43.742+0000] {base.py:83} INFO - Using connection ID 'dwh' for task execution.
[2024-04-27T12:29:43.798+0000] {sql.py:457} INFO - Running statement: CREATE SCHEMA if not exists stage;

CREATE SCHEMA if not exists intermediate;, parameters: None
[2024-04-27T12:29:43.803+0000] {warnings.py:109} WARNING - /home/***/.local/lib/python3.8/site-packages/***/providers/common/sql/hooks/sql.py:407: AirflowProviderDeprecationWarning: Call to deprecated method _make_common_data_structure. (The `_make_serializable` method is deprecated and support will be removed in a future version of the common.sql provider. Please update the DbApiHook's provider to a version based on common.sql >= 1.9.1.)
  result = self._make_common_data_structure(handler(cur))

[2024-04-27T12:29:43.885+0000] {taskinstance.py:1149} INFO - Marking task as SUCCESS. dag_id=currency_parsing, task_id=create_schema, execution_date=20240426T000000, start_date=20240427T122939, end_date=20240427T122943
[2024-04-27T12:29:44.131+0000] {local_task_job_runner.py:234} INFO - Task exited with return code 0
[2024-04-27T12:29:44.335+0000] {warnings.py:109} WARNING - /home/***/.local/lib/python3.8/site-packages/***/models/baseoperator.py:1201: AirflowProviderDeprecationWarning: Call to deprecated class PostgresOperator. (Please use `***.providers.common.sql.operators.sql.SQLExecuteQueryOperator`.Also, you can provide `hook_params={'schema': <database>}`.)
  result = cls.__new__(cls)

[2024-04-27T12:29:45.004+0000] {taskinstance.py:3309} INFO - 1 downstream tasks scheduled from follow-on schedule check
