[2024-04-21T11:03:56.982+0000] {taskinstance.py:1979} INFO - Dependencies all met for dep_context=non-requeueable deps ti=<TaskInstance: currency_parsing.get_data_pound scheduled__2024-04-03T00:00:00+00:00 [queued]>
[2024-04-21T11:03:57.114+0000] {taskinstance.py:1979} INFO - Dependencies all met for dep_context=requeueable deps ti=<TaskInstance: currency_parsing.get_data_pound scheduled__2024-04-03T00:00:00+00:00 [queued]>
[2024-04-21T11:03:57.121+0000] {taskinstance.py:2193} INFO - Starting attempt 1 of 2
[2024-04-21T11:03:57.309+0000] {taskinstance.py:2214} INFO - Executing <Task(PythonOperator): get_data_pound> on 2024-04-03 00:00:00+00:00
[2024-04-21T11:03:57.358+0000] {standard_task_runner.py:60} INFO - Started process 2437 to run task
[2024-04-21T11:03:57.392+0000] {standard_task_runner.py:87} INFO - Running: ['***', 'tasks', 'run', 'currency_parsing', 'get_data_pound', 'scheduled__2024-04-03T00:00:00+00:00', '--job-id', '1942', '--raw', '--subdir', 'DAGS_FOLDER/stage/currency_parsing.py', '--cfg-path', '/tmp/tmpswhkulcd']
[2024-04-21T11:03:57.417+0000] {standard_task_runner.py:88} INFO - Job 1942: Subtask get_data_pound
[2024-04-21T11:03:57.798+0000] {task_command.py:423} INFO - Running <TaskInstance: currency_parsing.get_data_pound scheduled__2024-04-03T00:00:00+00:00 [running]> on host e671688b1343
[2024-04-21T11:03:58.287+0000] {warnings.py:109} WARNING - /home/***/.local/lib/python3.8/site-packages/***/utils/context.py:207: AirflowContextDeprecationWarning: Accessing 'execution_date' from the template is deprecated and will be removed in a future version. Please use 'data_interval_start' or 'logical_date' instead.
  warnings.warn(_create_deprecation_warning(key, self._deprecation_replacements[key]))

[2024-04-21T11:03:58.492+0000] {taskinstance.py:2510} INFO - Exporting env vars: AIRFLOW_CTX_DAG_OWNER='***' AIRFLOW_CTX_DAG_ID='currency_parsing' AIRFLOW_CTX_TASK_ID='get_data_pound' AIRFLOW_CTX_EXECUTION_DATE='2024-04-03T00:00:00+00:00' AIRFLOW_CTX_TRY_NUMBER='1' AIRFLOW_CTX_DAG_RUN_ID='scheduled__2024-04-03T00:00:00+00:00'
[2024-04-21T11:03:59.636+0000] {python.py:202} INFO - Done. Returned value was: ([['AUD', 1.9305972514, '2024-4-2'], ['BGN', 2.2812331336, '2024-4-2'], ['BRL', 6.3603328279, '2024-4-2'], ['CAD', 1.7058748543, '2024-4-2'], ['CHF', 1.1417861921, '2024-4-2'], ['CNY', 9.0893000334, '2024-4-2'], ['CZK', 29.5296267762, '2024-4-2'], ['DKK', 8.7097986122, '2024-4-2'], ['EUR', 1.1678216296, '2024-4-2'], ['GBP', 1, '2024-4-2'], ['HKD', 9.8430072049, '2024-4-2'], ['HRK', 8.4654932797, '2024-4-2'], ['HUF', 460.8592857706, '2024-4-2'], ['IDR', 19975.1133975447, '2024-4-2'], ['ILS', 4.6759781467, '2024-4-2'], ['INR', 104.7620696079, '2024-4-2'], ['ISK', 175.433107753, '2024-4-2'], ['JPY', 190.5621334967, '2024-4-2'], ['KRW', 1696.9911236806, '2024-4-2'], ['MXN', 20.8238141024, '2024-4-2'], ['MYR', 5.9735492345, '2024-4-2'], ['NOK', 13.6246111256, '2024-4-2'], ['NZD', 2.1064810663, '2024-4-2'], ['PHP', 70.7860384403, '2024-4-2'], ['PLN', 5.0090178364, '2024-4-2'], ['RON', 5.8034508592, '2024-4-2'], ['RUB', 116.2540771294, '2024-4-2'], ['SEK', 13.503905131, '2024-4-2'], ['SGD', 1.6995357564, '2024-4-2'], ['THB', 46.059731004, '2024-4-2'], ['TRY', 40.1882206035, '2024-4-2'], ['USD', 1.2577506643, '2024-4-2'], ['ZAR', 23.6022094608, '2024-4-2']], ['title', 'rate', 'date'])
[2024-04-21T11:04:00.291+0000] {taskinstance.py:1149} INFO - Marking task as SUCCESS. dag_id=currency_parsing, task_id=get_data_pound, execution_date=20240403T000000, start_date=20240421T110356, end_date=20240421T110400
[2024-04-21T11:04:00.578+0000] {local_task_job_runner.py:234} INFO - Task exited with return code 0
[2024-04-21T11:04:00.742+0000] {taskinstance.py:3309} INFO - 1 downstream tasks scheduled from follow-on schedule check
[2024-04-27T12:18:13.908+0000] {taskinstance.py:1979} INFO - Dependencies all met for dep_context=non-requeueable deps ti=<TaskInstance: currency_parsing.get_data_pound scheduled__2024-04-03T00:00:00+00:00 [queued]>
[2024-04-27T12:18:14.176+0000] {taskinstance.py:1979} INFO - Dependencies all met for dep_context=requeueable deps ti=<TaskInstance: currency_parsing.get_data_pound scheduled__2024-04-03T00:00:00+00:00 [queued]>
[2024-04-27T12:18:14.197+0000] {taskinstance.py:2193} INFO - Starting attempt 1 of 2
[2024-04-27T12:18:17.005+0000] {taskinstance.py:2214} INFO - Executing <Task(PythonOperator): get_data_pound> on 2024-04-03 00:00:00+00:00
[2024-04-27T12:18:17.071+0000] {standard_task_runner.py:60} INFO - Started process 1870 to run task
[2024-04-27T12:18:17.314+0000] {standard_task_runner.py:87} INFO - Running: ['***', 'tasks', 'run', 'currency_parsing', 'get_data_pound', 'scheduled__2024-04-03T00:00:00+00:00', '--job-id', '2298', '--raw', '--subdir', 'DAGS_FOLDER/stage/currency_parsing.py', '--cfg-path', '/tmp/tmp8cag7rlc']
[2024-04-27T12:18:17.422+0000] {standard_task_runner.py:88} INFO - Job 2298: Subtask get_data_pound
[2024-04-27T12:18:18.998+0000] {task_command.py:423} INFO - Running <TaskInstance: currency_parsing.get_data_pound scheduled__2024-04-03T00:00:00+00:00 [running]> on host 65a8688265d1
[2024-04-27T12:18:20.578+0000] {warnings.py:109} WARNING - /home/***/.local/lib/python3.8/site-packages/***/utils/context.py:207: AirflowContextDeprecationWarning: Accessing 'execution_date' from the template is deprecated and will be removed in a future version. Please use 'data_interval_start' or 'logical_date' instead.
  warnings.warn(_create_deprecation_warning(key, self._deprecation_replacements[key]))

[2024-04-27T12:18:21.127+0000] {taskinstance.py:2510} INFO - Exporting env vars: AIRFLOW_CTX_DAG_OWNER='***' AIRFLOW_CTX_DAG_ID='currency_parsing' AIRFLOW_CTX_TASK_ID='get_data_pound' AIRFLOW_CTX_EXECUTION_DATE='2024-04-03T00:00:00+00:00' AIRFLOW_CTX_TRY_NUMBER='1' AIRFLOW_CTX_DAG_RUN_ID='scheduled__2024-04-03T00:00:00+00:00'
[2024-04-27T12:18:27.167+0000] {python.py:202} INFO - Done. Returned value was: ([['AUD', 1.9305972514, '2024-4-2'], ['BGN', 2.2812331336, '2024-4-2'], ['BRL', 6.3603328279, '2024-4-2'], ['CAD', 1.7058748543, '2024-4-2'], ['CHF', 1.1417861921, '2024-4-2'], ['CNY', 9.0893000334, '2024-4-2'], ['CZK', 29.5296267762, '2024-4-2'], ['DKK', 8.7097986122, '2024-4-2'], ['EUR', 1.1678216296, '2024-4-2'], ['GBP', 1, '2024-4-2'], ['HKD', 9.8430072049, '2024-4-2'], ['HRK', 8.4654932797, '2024-4-2'], ['HUF', 460.8592857706, '2024-4-2'], ['IDR', 19975.1133975447, '2024-4-2'], ['ILS', 4.6759781467, '2024-4-2'], ['INR', 104.7620696079, '2024-4-2'], ['ISK', 175.433107753, '2024-4-2'], ['JPY', 190.5621334967, '2024-4-2'], ['KRW', 1696.9911236806, '2024-4-2'], ['MXN', 20.8238141024, '2024-4-2'], ['MYR', 5.9735492345, '2024-4-2'], ['NOK', 13.6246111256, '2024-4-2'], ['NZD', 2.1064810663, '2024-4-2'], ['PHP', 70.7860384403, '2024-4-2'], ['PLN', 5.0090178364, '2024-4-2'], ['RON', 5.8034508592, '2024-4-2'], ['RUB', 116.2540771294, '2024-4-2'], ['SEK', 13.503905131, '2024-4-2'], ['SGD', 1.6995357564, '2024-4-2'], ['THB', 46.059731004, '2024-4-2'], ['TRY', 40.1882206035, '2024-4-2'], ['USD', 1.2577506643, '2024-4-2'], ['ZAR', 23.6022094608, '2024-4-2']], ['title', 'rate', 'date'])
[2024-04-27T12:18:32.279+0000] {taskinstance.py:1149} INFO - Marking task as SUCCESS. dag_id=currency_parsing, task_id=get_data_pound, execution_date=20240403T000000, start_date=20240427T121813, end_date=20240427T121832
[2024-04-27T12:18:34.630+0000] {local_task_job_runner.py:234} INFO - Task exited with return code 0
[2024-04-27T12:18:34.790+0000] {warnings.py:109} WARNING - /home/***/.local/lib/python3.8/site-packages/***/models/baseoperator.py:1201: AirflowProviderDeprecationWarning: Call to deprecated class PostgresOperator. (Please use `***.providers.common.sql.operators.sql.SQLExecuteQueryOperator`.Also, you can provide `hook_params={'schema': <database>}`.)
  result = cls.__new__(cls)

[2024-04-27T12:18:35.504+0000] {taskinstance.py:3309} INFO - 1 downstream tasks scheduled from follow-on schedule check
