[2024-04-14T08:51:13.134+0000] {taskinstance.py:1979} INFO - Dependencies all met for dep_context=non-requeueable deps ti=<TaskInstance: currency_parsing.fetch_data scheduled__2024-01-16T00:00:00+00:00 [queued]>
[2024-04-14T08:51:13.290+0000] {taskinstance.py:1979} INFO - Dependencies all met for dep_context=requeueable deps ti=<TaskInstance: currency_parsing.fetch_data scheduled__2024-01-16T00:00:00+00:00 [queued]>
[2024-04-14T08:51:13.306+0000] {taskinstance.py:2193} INFO - Starting attempt 1 of 2
[2024-04-14T08:51:13.518+0000] {taskinstance.py:2214} INFO - Executing <Task(PythonOperator): fetch_data> on 2024-01-16 00:00:00+00:00
[2024-04-14T08:51:13.551+0000] {standard_task_runner.py:60} INFO - Started process 885 to run task
[2024-04-14T08:51:13.597+0000] {standard_task_runner.py:87} INFO - Running: ['***', 'tasks', 'run', 'currency_parsing', 'fetch_data', 'scheduled__2024-01-16T00:00:00+00:00', '--job-id', '214', '--raw', '--subdir', 'DAGS_FOLDER/currency_parsing.py', '--cfg-path', '/tmp/tmpmnelkppl']
[2024-04-14T08:51:13.624+0000] {standard_task_runner.py:88} INFO - Job 214: Subtask fetch_data
[2024-04-14T08:51:13.852+0000] {task_command.py:423} INFO - Running <TaskInstance: currency_parsing.fetch_data scheduled__2024-01-16T00:00:00+00:00 [running]> on host e8a1e0443283
[2024-04-14T08:51:14.278+0000] {taskinstance.py:2510} INFO - Exporting env vars: AIRFLOW_CTX_DAG_OWNER='***' AIRFLOW_CTX_DAG_ID='currency_parsing' AIRFLOW_CTX_TASK_ID='fetch_data' AIRFLOW_CTX_EXECUTION_DATE='2024-01-16T00:00:00+00:00' AIRFLOW_CTX_TRY_NUMBER='1' AIRFLOW_CTX_DAG_RUN_ID='scheduled__2024-01-16T00:00:00+00:00'
[2024-04-14T08:51:14.505+0000] {base.py:83} INFO - Using connection ID 'dwh' for task execution.
[2024-04-14T08:51:14.716+0000] {sql.py:572} INFO - Done loading. Loaded a total of 39 rows into currency_parsing
[2024-04-14T08:51:14.717+0000] {python.py:202} INFO - Done. Returned value was: None
[2024-04-14T08:51:14.844+0000] {taskinstance.py:1149} INFO - Marking task as SUCCESS. dag_id=currency_parsing, task_id=fetch_data, execution_date=20240116T000000, start_date=20240414T085113, end_date=20240414T085114
[2024-04-14T08:51:14.996+0000] {local_task_job_runner.py:234} INFO - Task exited with return code 0
[2024-04-14T08:51:15.095+0000] {taskinstance.py:3309} INFO - 0 downstream tasks scheduled from follow-on schedule check
[2024-04-14T10:08:04.295+0000] {taskinstance.py:1979} INFO - Dependencies all met for dep_context=non-requeueable deps ti=<TaskInstance: currency_parsing.fetch_data scheduled__2024-01-16T00:00:00+00:00 [queued]>
[2024-04-14T10:08:04.434+0000] {taskinstance.py:1979} INFO - Dependencies all met for dep_context=requeueable deps ti=<TaskInstance: currency_parsing.fetch_data scheduled__2024-01-16T00:00:00+00:00 [queued]>
[2024-04-14T10:08:04.448+0000] {taskinstance.py:2193} INFO - Starting attempt 1 of 2
[2024-04-14T10:08:04.788+0000] {taskinstance.py:2214} INFO - Executing <Task(PythonOperator): fetch_data> on 2024-01-16 00:00:00+00:00
[2024-04-14T10:08:04.836+0000] {standard_task_runner.py:60} INFO - Started process 205 to run task
[2024-04-14T10:08:04.861+0000] {standard_task_runner.py:87} INFO - Running: ['***', 'tasks', 'run', 'currency_parsing', 'fetch_data', 'scheduled__2024-01-16T00:00:00+00:00', '--job-id', '527', '--raw', '--subdir', 'DAGS_FOLDER/currency_parsing.py', '--cfg-path', '/tmp/tmpybb0z0p4']
[2024-04-14T10:08:04.895+0000] {standard_task_runner.py:88} INFO - Job 527: Subtask fetch_data
[2024-04-14T10:08:05.673+0000] {task_command.py:423} INFO - Running <TaskInstance: currency_parsing.fetch_data scheduled__2024-01-16T00:00:00+00:00 [running]> on host 1c15aab9396c
[2024-04-14T10:08:06.422+0000] {taskinstance.py:2510} INFO - Exporting env vars: AIRFLOW_CTX_DAG_OWNER='***' AIRFLOW_CTX_DAG_ID='currency_parsing' AIRFLOW_CTX_TASK_ID='fetch_data' AIRFLOW_CTX_EXECUTION_DATE='2024-01-16T00:00:00+00:00' AIRFLOW_CTX_TRY_NUMBER='1' AIRFLOW_CTX_DAG_RUN_ID='scheduled__2024-01-16T00:00:00+00:00'
[2024-04-14T10:08:06.523+0000] {base.py:83} INFO - Using connection ID 'dwh' for task execution.
[2024-04-14T10:08:06.574+0000] {sql.py:572} INFO - Done loading. Loaded a total of 39 rows into currency_parsing
[2024-04-14T10:08:06.575+0000] {python.py:202} INFO - Done. Returned value was: None
[2024-04-14T10:08:06.644+0000] {taskinstance.py:1149} INFO - Marking task as SUCCESS. dag_id=currency_parsing, task_id=fetch_data, execution_date=20240116T000000, start_date=20240414T100804, end_date=20240414T100806
[2024-04-14T10:08:06.757+0000] {local_task_job_runner.py:234} INFO - Task exited with return code 0
[2024-04-14T10:08:06.806+0000] {taskinstance.py:3309} INFO - 0 downstream tasks scheduled from follow-on schedule check
