[2024-04-14T08:54:49.103+0000] {taskinstance.py:1979} INFO - Dependencies all met for dep_context=non-requeueable deps ti=<TaskInstance: currency_parsing.create_table scheduled__2024-03-20T00:00:00+00:00 [queued]>
[2024-04-14T08:54:49.217+0000] {taskinstance.py:1979} INFO - Dependencies all met for dep_context=requeueable deps ti=<TaskInstance: currency_parsing.create_table scheduled__2024-03-20T00:00:00+00:00 [queued]>
[2024-04-14T08:54:49.225+0000] {taskinstance.py:2193} INFO - Starting attempt 1 of 2
[2024-04-14T08:54:49.548+0000] {taskinstance.py:2214} INFO - Executing <Task(PostgresOperator): create_table> on 2024-03-20 00:00:00+00:00
[2024-04-14T08:54:49.572+0000] {standard_task_runner.py:60} INFO - Started process 1289 to run task
[2024-04-14T08:54:49.719+0000] {standard_task_runner.py:87} INFO - Running: ['***', 'tasks', 'run', 'currency_parsing', 'create_table', 'scheduled__2024-03-20T00:00:00+00:00', '--job-id', '395', '--raw', '--subdir', 'DAGS_FOLDER/currency_parsing.py', '--cfg-path', '/tmp/tmp01bvlnnx']
[2024-04-14T08:54:49.889+0000] {standard_task_runner.py:88} INFO - Job 395: Subtask create_table
[2024-04-14T08:54:50.602+0000] {task_command.py:423} INFO - Running <TaskInstance: currency_parsing.create_table scheduled__2024-03-20T00:00:00+00:00 [running]> on host e8a1e0443283
[2024-04-14T08:54:51.954+0000] {taskinstance.py:2510} INFO - Exporting env vars: AIRFLOW_CTX_DAG_OWNER='***' AIRFLOW_CTX_DAG_ID='currency_parsing' AIRFLOW_CTX_TASK_ID='create_table' AIRFLOW_CTX_EXECUTION_DATE='2024-03-20T00:00:00+00:00' AIRFLOW_CTX_TRY_NUMBER='1' AIRFLOW_CTX_DAG_RUN_ID='scheduled__2024-03-20T00:00:00+00:00'
[2024-04-14T08:54:51.956+0000] {sql.py:276} INFO - Executing: CREATE TABLE IF NOT EXISTS currency_parsing(
    currency VARCHAR(255) NOT NULL,
    title VARCHAR(255) NOT NULL,
    rate float,
    quantity int,
    index VARCHAR(255),
    change float,
    date date NOT NULL
)
[2024-04-14T08:54:52.236+0000] {base.py:83} INFO - Using connection ID 'dwh' for task execution.
[2024-04-14T08:54:52.407+0000] {base.py:83} INFO - Using connection ID 'dwh' for task execution.
[2024-04-14T08:54:52.484+0000] {sql.py:457} INFO - Running statement: CREATE TABLE IF NOT EXISTS currency_parsing(
    currency VARCHAR(255) NOT NULL,
    title VARCHAR(255) NOT NULL,
    rate float,
    quantity int,
    index VARCHAR(255),
    change float,
    date date NOT NULL
), parameters: None
[2024-04-14T08:54:52.555+0000] {warnings.py:109} WARNING - /home/***/.local/lib/python3.8/site-packages/***/providers/common/sql/hooks/sql.py:407: AirflowProviderDeprecationWarning: Call to deprecated method _make_common_data_structure. (The `_make_serializable` method is deprecated and support will be removed in a future version of the common.sql provider. Please update the DbApiHook's provider to a version based on common.sql >= 1.9.1.)
  result = self._make_common_data_structure(handler(cur))

[2024-04-14T08:54:52.993+0000] {taskinstance.py:1149} INFO - Marking task as SUCCESS. dag_id=currency_parsing, task_id=create_table, execution_date=20240320T000000, start_date=20240414T085449, end_date=20240414T085452
[2024-04-14T08:54:53.918+0000] {local_task_job_runner.py:234} INFO - Task exited with return code 0
[2024-04-14T08:54:54.402+0000] {warnings.py:109} WARNING - /home/***/.local/lib/python3.8/site-packages/***/models/baseoperator.py:1201: AirflowProviderDeprecationWarning: Call to deprecated class PostgresOperator. (Please use `***.providers.common.sql.operators.sql.SQLExecuteQueryOperator`.Also, you can provide `hook_params={'schema': <database>}`.)
  result = cls.__new__(cls)

[2024-04-14T08:54:55.362+0000] {taskinstance.py:3309} INFO - 1 downstream tasks scheduled from follow-on schedule check
[2024-04-14T10:11:46.914+0000] {taskinstance.py:1979} INFO - Dependencies all met for dep_context=non-requeueable deps ti=<TaskInstance: currency_parsing.create_table scheduled__2024-03-20T00:00:00+00:00 [queued]>
[2024-04-14T10:11:46.964+0000] {taskinstance.py:1979} INFO - Dependencies all met for dep_context=requeueable deps ti=<TaskInstance: currency_parsing.create_table scheduled__2024-03-20T00:00:00+00:00 [queued]>
[2024-04-14T10:11:46.970+0000] {taskinstance.py:2193} INFO - Starting attempt 1 of 2
[2024-04-14T10:11:47.151+0000] {taskinstance.py:2214} INFO - Executing <Task(PostgresOperator): create_table> on 2024-03-20 00:00:00+00:00
[2024-04-14T10:11:47.202+0000] {standard_task_runner.py:60} INFO - Started process 594 to run task
[2024-04-14T10:11:47.244+0000] {standard_task_runner.py:87} INFO - Running: ['***', 'tasks', 'run', 'currency_parsing', 'create_table', 'scheduled__2024-03-20T00:00:00+00:00', '--job-id', '699', '--raw', '--subdir', 'DAGS_FOLDER/currency_parsing.py', '--cfg-path', '/tmp/tmpqpdpx91v']
[2024-04-14T10:11:47.321+0000] {standard_task_runner.py:88} INFO - Job 699: Subtask create_table
[2024-04-14T10:11:48.103+0000] {task_command.py:423} INFO - Running <TaskInstance: currency_parsing.create_table scheduled__2024-03-20T00:00:00+00:00 [running]> on host 1c15aab9396c
[2024-04-14T10:11:48.754+0000] {taskinstance.py:2510} INFO - Exporting env vars: AIRFLOW_CTX_DAG_OWNER='***' AIRFLOW_CTX_DAG_ID='currency_parsing' AIRFLOW_CTX_TASK_ID='create_table' AIRFLOW_CTX_EXECUTION_DATE='2024-03-20T00:00:00+00:00' AIRFLOW_CTX_TRY_NUMBER='1' AIRFLOW_CTX_DAG_RUN_ID='scheduled__2024-03-20T00:00:00+00:00'
[2024-04-14T10:11:48.758+0000] {sql.py:276} INFO - Executing: CREATE TABLE IF NOT EXISTS currency_parsing(
    currency VARCHAR(255) NOT NULL,
    title VARCHAR(255) NOT NULL,
    rate float,
    quantity int,
    index VARCHAR(255),
    change float,
    date date NOT NULL
)
[2024-04-14T10:11:48.825+0000] {base.py:83} INFO - Using connection ID 'dwh' for task execution.
[2024-04-14T10:11:48.926+0000] {base.py:83} INFO - Using connection ID 'dwh' for task execution.
[2024-04-14T10:11:48.948+0000] {sql.py:457} INFO - Running statement: CREATE TABLE IF NOT EXISTS currency_parsing(
    currency VARCHAR(255) NOT NULL,
    title VARCHAR(255) NOT NULL,
    rate float,
    quantity int,
    index VARCHAR(255),
    change float,
    date date NOT NULL
), parameters: None
[2024-04-14T10:11:48.991+0000] {warnings.py:109} WARNING - /home/***/.local/lib/python3.8/site-packages/***/providers/common/sql/hooks/sql.py:407: AirflowProviderDeprecationWarning: Call to deprecated method _make_common_data_structure. (The `_make_serializable` method is deprecated and support will be removed in a future version of the common.sql provider. Please update the DbApiHook's provider to a version based on common.sql >= 1.9.1.)
  result = self._make_common_data_structure(handler(cur))

[2024-04-14T10:11:49.125+0000] {taskinstance.py:1149} INFO - Marking task as SUCCESS. dag_id=currency_parsing, task_id=create_table, execution_date=20240320T000000, start_date=20240414T101146, end_date=20240414T101149
[2024-04-14T10:11:49.454+0000] {local_task_job_runner.py:234} INFO - Task exited with return code 0
[2024-04-14T10:11:49.540+0000] {warnings.py:109} WARNING - /home/***/.local/lib/python3.8/site-packages/***/models/baseoperator.py:1201: AirflowProviderDeprecationWarning: Call to deprecated class PostgresOperator. (Please use `***.providers.common.sql.operators.sql.SQLExecuteQueryOperator`.Also, you can provide `hook_params={'schema': <database>}`.)
  result = cls.__new__(cls)

[2024-04-14T10:11:49.840+0000] {taskinstance.py:3309} INFO - 1 downstream tasks scheduled from follow-on schedule check
[2024-04-21T11:00:57.037+0000] {taskinstance.py:1979} INFO - Dependencies all met for dep_context=non-requeueable deps ti=<TaskInstance: currency_parsing.create_table scheduled__2024-03-20T00:00:00+00:00 [queued]>
[2024-04-21T11:00:57.056+0000] {taskinstance.py:1979} INFO - Dependencies all met for dep_context=requeueable deps ti=<TaskInstance: currency_parsing.create_table scheduled__2024-03-20T00:00:00+00:00 [queued]>
[2024-04-21T11:00:57.057+0000] {taskinstance.py:2193} INFO - Starting attempt 1 of 2
[2024-04-21T11:00:57.084+0000] {taskinstance.py:2214} INFO - Executing <Task(PostgresOperator): create_table> on 2024-03-20 00:00:00+00:00
[2024-04-21T11:00:57.091+0000] {standard_task_runner.py:60} INFO - Started process 2084 to run task
[2024-04-21T11:00:57.099+0000] {standard_task_runner.py:87} INFO - Running: ['***', 'tasks', 'run', 'currency_parsing', 'create_table', 'scheduled__2024-03-20T00:00:00+00:00', '--job-id', '1788', '--raw', '--subdir', 'DAGS_FOLDER/stage/currency_parsing.py', '--cfg-path', '/tmp/tmpoa_q4zcd']
[2024-04-21T11:00:57.104+0000] {standard_task_runner.py:88} INFO - Job 1788: Subtask create_table
[2024-04-21T11:00:57.197+0000] {task_command.py:423} INFO - Running <TaskInstance: currency_parsing.create_table scheduled__2024-03-20T00:00:00+00:00 [running]> on host e671688b1343
[2024-04-21T11:00:57.356+0000] {taskinstance.py:2510} INFO - Exporting env vars: AIRFLOW_CTX_DAG_OWNER='***' AIRFLOW_CTX_DAG_ID='currency_parsing' AIRFLOW_CTX_TASK_ID='create_table' AIRFLOW_CTX_EXECUTION_DATE='2024-03-20T00:00:00+00:00' AIRFLOW_CTX_TRY_NUMBER='1' AIRFLOW_CTX_DAG_RUN_ID='scheduled__2024-03-20T00:00:00+00:00'
[2024-04-21T11:00:57.358+0000] {sql.py:276} INFO - Executing: CREATE TABLE IF NOT EXISTS stage.currency_parsing_pound(
    title VARCHAR(255) NOT NULL,
    rate float,
    date date NOT NULL
);

CREATE TABLE IF NOT EXISTS stage.currency_parsing_usd(
    title VARCHAR(255) NOT NULL,
    rate float,
    date date NOT NULL
);

CREATE TABLE IF NOT EXISTS stage.currency_parsing_rub(
    id VARCHAR(255) NOT NULL,
    NumCode VARCHAR(255) NOT NULL,
    CharCode VARCHAR(255),
    Nominal int,
    Name VARCHAR(255),
    Value float,
    Previous float,
    date date NOT NULL
);

CREATE TABLE IF NOT EXISTS stage.currency_parsing_kzt(
    currency VARCHAR(255) NOT NULL,
    title VARCHAR(255) NOT NULL,
    rate float,
    quantity int,
    index VARCHAR(255),
    change float,
    date date NOT NULL
)
[2024-04-21T11:00:57.376+0000] {base.py:83} INFO - Using connection ID 'dwh' for task execution.
[2024-04-21T11:00:57.393+0000] {base.py:83} INFO - Using connection ID 'dwh' for task execution.
[2024-04-21T11:00:57.402+0000] {sql.py:457} INFO - Running statement: CREATE TABLE IF NOT EXISTS stage.currency_parsing_pound(
    title VARCHAR(255) NOT NULL,
    rate float,
    date date NOT NULL
);

CREATE TABLE IF NOT EXISTS stage.currency_parsing_usd(
    title VARCHAR(255) NOT NULL,
    rate float,
    date date NOT NULL
);

CREATE TABLE IF NOT EXISTS stage.currency_parsing_rub(
    id VARCHAR(255) NOT NULL,
    NumCode VARCHAR(255) NOT NULL,
    CharCode VARCHAR(255),
    Nominal int,
    Name VARCHAR(255),
    Value float,
    Previous float,
    date date NOT NULL
);

CREATE TABLE IF NOT EXISTS stage.currency_parsing_kzt(
    currency VARCHAR(255) NOT NULL,
    title VARCHAR(255) NOT NULL,
    rate float,
    quantity int,
    index VARCHAR(255),
    change float,
    date date NOT NULL
), parameters: None
[2024-04-21T11:00:57.405+0000] {warnings.py:109} WARNING - /home/***/.local/lib/python3.8/site-packages/***/providers/common/sql/hooks/sql.py:407: AirflowProviderDeprecationWarning: Call to deprecated method _make_common_data_structure. (The `_make_serializable` method is deprecated and support will be removed in a future version of the common.sql provider. Please update the DbApiHook's provider to a version based on common.sql >= 1.9.1.)
  result = self._make_common_data_structure(handler(cur))

[2024-04-21T11:00:57.423+0000] {taskinstance.py:1149} INFO - Marking task as SUCCESS. dag_id=currency_parsing, task_id=create_table, execution_date=20240320T000000, start_date=20240421T110057, end_date=20240421T110057
[2024-04-21T11:00:57.472+0000] {local_task_job_runner.py:234} INFO - Task exited with return code 0
[2024-04-21T11:00:57.494+0000] {warnings.py:109} WARNING - /home/***/.local/lib/python3.8/site-packages/***/models/baseoperator.py:1201: AirflowProviderDeprecationWarning: Call to deprecated class PostgresOperator. (Please use `***.providers.common.sql.operators.sql.SQLExecuteQueryOperator`.Also, you can provide `hook_params={'schema': <database>}`.)
  result = cls.__new__(cls)

[2024-04-21T11:00:57.529+0000] {taskinstance.py:3309} INFO - 4 downstream tasks scheduled from follow-on schedule check
