[2024-04-14T08:56:23.749+0000] {taskinstance.py:1979} INFO - Dependencies all met for dep_context=non-requeueable deps ti=<TaskInstance: currency_parsing.fetch_data scheduled__2024-03-31T00:00:00+00:00 [queued]>
[2024-04-14T08:56:23.947+0000] {taskinstance.py:1979} INFO - Dependencies all met for dep_context=requeueable deps ti=<TaskInstance: currency_parsing.fetch_data scheduled__2024-03-31T00:00:00+00:00 [queued]>
[2024-04-14T08:56:23.949+0000] {taskinstance.py:2193} INFO - Starting attempt 1 of 2
[2024-04-14T08:56:24.214+0000] {taskinstance.py:2214} INFO - Executing <Task(PythonOperator): fetch_data> on 2024-03-31 00:00:00+00:00
[2024-04-14T08:56:24.236+0000] {standard_task_runner.py:60} INFO - Started process 1435 to run task
[2024-04-14T08:56:24.250+0000] {standard_task_runner.py:87} INFO - Running: ['***', 'tasks', 'run', 'currency_parsing', 'fetch_data', 'scheduled__2024-03-31T00:00:00+00:00', '--job-id', '460', '--raw', '--subdir', 'DAGS_FOLDER/currency_parsing.py', '--cfg-path', '/tmp/tmpgi4lrk8a']
[2024-04-14T08:56:24.319+0000] {standard_task_runner.py:88} INFO - Job 460: Subtask fetch_data
[2024-04-14T08:56:24.729+0000] {task_command.py:423} INFO - Running <TaskInstance: currency_parsing.fetch_data scheduled__2024-03-31T00:00:00+00:00 [running]> on host e8a1e0443283
[2024-04-14T08:56:25.499+0000] {taskinstance.py:2510} INFO - Exporting env vars: AIRFLOW_CTX_DAG_OWNER='***' AIRFLOW_CTX_DAG_ID='currency_parsing' AIRFLOW_CTX_TASK_ID='fetch_data' AIRFLOW_CTX_EXECUTION_DATE='2024-03-31T00:00:00+00:00' AIRFLOW_CTX_TRY_NUMBER='1' AIRFLOW_CTX_DAG_RUN_ID='scheduled__2024-03-31T00:00:00+00:00'
[2024-04-14T08:56:25.691+0000] {base.py:83} INFO - Using connection ID 'dwh' for task execution.
[2024-04-14T08:56:25.788+0000] {sql.py:572} INFO - Done loading. Loaded a total of 39 rows into currency_parsing
[2024-04-14T08:56:25.795+0000] {python.py:202} INFO - Done. Returned value was: None
[2024-04-14T08:56:25.867+0000] {taskinstance.py:1149} INFO - Marking task as SUCCESS. dag_id=currency_parsing, task_id=fetch_data, execution_date=20240331T000000, start_date=20240414T085623, end_date=20240414T085625
[2024-04-14T08:56:26.189+0000] {local_task_job_runner.py:234} INFO - Task exited with return code 0
[2024-04-14T08:56:26.341+0000] {taskinstance.py:3309} INFO - 0 downstream tasks scheduled from follow-on schedule check
[2024-04-14T10:12:41.376+0000] {taskinstance.py:1979} INFO - Dependencies all met for dep_context=non-requeueable deps ti=<TaskInstance: currency_parsing.fetch_data scheduled__2024-03-31T00:00:00+00:00 [queued]>
[2024-04-14T10:12:41.450+0000] {taskinstance.py:1979} INFO - Dependencies all met for dep_context=requeueable deps ti=<TaskInstance: currency_parsing.fetch_data scheduled__2024-03-31T00:00:00+00:00 [queued]>
[2024-04-14T10:12:41.453+0000] {taskinstance.py:2193} INFO - Starting attempt 1 of 2
[2024-04-14T10:12:41.623+0000] {taskinstance.py:2214} INFO - Executing <Task(PythonOperator): fetch_data> on 2024-03-31 00:00:00+00:00
[2024-04-14T10:12:41.665+0000] {standard_task_runner.py:60} INFO - Started process 728 to run task
[2024-04-14T10:12:41.689+0000] {standard_task_runner.py:87} INFO - Running: ['***', 'tasks', 'run', 'currency_parsing', 'fetch_data', 'scheduled__2024-03-31T00:00:00+00:00', '--job-id', '757', '--raw', '--subdir', 'DAGS_FOLDER/currency_parsing.py', '--cfg-path', '/tmp/tmplmdziqem']
[2024-04-14T10:12:41.781+0000] {standard_task_runner.py:88} INFO - Job 757: Subtask fetch_data
[2024-04-14T10:12:42.261+0000] {task_command.py:423} INFO - Running <TaskInstance: currency_parsing.fetch_data scheduled__2024-03-31T00:00:00+00:00 [running]> on host 1c15aab9396c
[2024-04-14T10:12:43.208+0000] {taskinstance.py:2510} INFO - Exporting env vars: AIRFLOW_CTX_DAG_OWNER='***' AIRFLOW_CTX_DAG_ID='currency_parsing' AIRFLOW_CTX_TASK_ID='fetch_data' AIRFLOW_CTX_EXECUTION_DATE='2024-03-31T00:00:00+00:00' AIRFLOW_CTX_TRY_NUMBER='1' AIRFLOW_CTX_DAG_RUN_ID='scheduled__2024-03-31T00:00:00+00:00'
[2024-04-14T10:12:43.390+0000] {base.py:83} INFO - Using connection ID 'dwh' for task execution.
[2024-04-14T10:12:43.542+0000] {sql.py:572} INFO - Done loading. Loaded a total of 39 rows into currency_parsing
[2024-04-14T10:12:43.545+0000] {python.py:202} INFO - Done. Returned value was: None
[2024-04-14T10:12:43.597+0000] {taskinstance.py:1149} INFO - Marking task as SUCCESS. dag_id=currency_parsing, task_id=fetch_data, execution_date=20240331T000000, start_date=20240414T101241, end_date=20240414T101243
[2024-04-14T10:12:44.040+0000] {local_task_job_runner.py:234} INFO - Task exited with return code 0
[2024-04-14T10:12:44.140+0000] {taskinstance.py:3309} INFO - 0 downstream tasks scheduled from follow-on schedule check
