[2024-04-14T08:51:00.224+0000] {taskinstance.py:1979} INFO - Dependencies all met for dep_context=non-requeueable deps ti=<TaskInstance: currency_parsing.fetch_data scheduled__2024-01-06T00:00:00+00:00 [queued]>
[2024-04-14T08:51:00.375+0000] {taskinstance.py:1979} INFO - Dependencies all met for dep_context=requeueable deps ti=<TaskInstance: currency_parsing.fetch_data scheduled__2024-01-06T00:00:00+00:00 [queued]>
[2024-04-14T08:51:00.384+0000] {taskinstance.py:2193} INFO - Starting attempt 1 of 2
[2024-04-14T08:51:00.623+0000] {taskinstance.py:2214} INFO - Executing <Task(PythonOperator): fetch_data> on 2024-01-06 00:00:00+00:00
[2024-04-14T08:51:00.686+0000] {standard_task_runner.py:60} INFO - Started process 862 to run task
[2024-04-14T08:51:00.772+0000] {standard_task_runner.py:87} INFO - Running: ['***', 'tasks', 'run', 'currency_parsing', 'fetch_data', 'scheduled__2024-01-06T00:00:00+00:00', '--job-id', '204', '--raw', '--subdir', 'DAGS_FOLDER/currency_parsing.py', '--cfg-path', '/tmp/tmpfrvcag0r']
[2024-04-14T08:51:00.865+0000] {standard_task_runner.py:88} INFO - Job 204: Subtask fetch_data
[2024-04-14T08:51:01.716+0000] {task_command.py:423} INFO - Running <TaskInstance: currency_parsing.fetch_data scheduled__2024-01-06T00:00:00+00:00 [running]> on host e8a1e0443283
[2024-04-14T08:51:04.003+0000] {taskinstance.py:2510} INFO - Exporting env vars: AIRFLOW_CTX_DAG_OWNER='***' AIRFLOW_CTX_DAG_ID='currency_parsing' AIRFLOW_CTX_TASK_ID='fetch_data' AIRFLOW_CTX_EXECUTION_DATE='2024-01-06T00:00:00+00:00' AIRFLOW_CTX_TRY_NUMBER='1' AIRFLOW_CTX_DAG_RUN_ID='scheduled__2024-01-06T00:00:00+00:00'
[2024-04-14T08:51:04.599+0000] {base.py:83} INFO - Using connection ID 'dwh' for task execution.
[2024-04-14T08:51:04.672+0000] {sql.py:572} INFO - Done loading. Loaded a total of 39 rows into currency_parsing
[2024-04-14T08:51:04.682+0000] {python.py:202} INFO - Done. Returned value was: None
[2024-04-14T08:51:05.046+0000] {taskinstance.py:1149} INFO - Marking task as SUCCESS. dag_id=currency_parsing, task_id=fetch_data, execution_date=20240106T000000, start_date=20240414T085100, end_date=20240414T085105
[2024-04-14T08:51:05.801+0000] {local_task_job_runner.py:234} INFO - Task exited with return code 0
[2024-04-14T08:51:06.096+0000] {taskinstance.py:3309} INFO - 0 downstream tasks scheduled from follow-on schedule check
[2024-04-14T10:07:58.121+0000] {taskinstance.py:1979} INFO - Dependencies all met for dep_context=non-requeueable deps ti=<TaskInstance: currency_parsing.fetch_data scheduled__2024-01-06T00:00:00+00:00 [queued]>
[2024-04-14T10:07:58.406+0000] {taskinstance.py:1979} INFO - Dependencies all met for dep_context=requeueable deps ti=<TaskInstance: currency_parsing.fetch_data scheduled__2024-01-06T00:00:00+00:00 [queued]>
[2024-04-14T10:07:58.411+0000] {taskinstance.py:2193} INFO - Starting attempt 1 of 2
[2024-04-14T10:07:58.691+0000] {taskinstance.py:2214} INFO - Executing <Task(PythonOperator): fetch_data> on 2024-01-06 00:00:00+00:00
[2024-04-14T10:07:58.706+0000] {standard_task_runner.py:60} INFO - Started process 193 to run task
[2024-04-14T10:07:58.729+0000] {standard_task_runner.py:87} INFO - Running: ['***', 'tasks', 'run', 'currency_parsing', 'fetch_data', 'scheduled__2024-01-06T00:00:00+00:00', '--job-id', '514', '--raw', '--subdir', 'DAGS_FOLDER/currency_parsing.py', '--cfg-path', '/tmp/tmpfqvpidok']
[2024-04-14T10:07:58.752+0000] {standard_task_runner.py:88} INFO - Job 514: Subtask fetch_data
[2024-04-14T10:07:59.525+0000] {task_command.py:423} INFO - Running <TaskInstance: currency_parsing.fetch_data scheduled__2024-01-06T00:00:00+00:00 [running]> on host 1c15aab9396c
[2024-04-14T10:08:00.904+0000] {taskinstance.py:2510} INFO - Exporting env vars: AIRFLOW_CTX_DAG_OWNER='***' AIRFLOW_CTX_DAG_ID='currency_parsing' AIRFLOW_CTX_TASK_ID='fetch_data' AIRFLOW_CTX_EXECUTION_DATE='2024-01-06T00:00:00+00:00' AIRFLOW_CTX_TRY_NUMBER='1' AIRFLOW_CTX_DAG_RUN_ID='scheduled__2024-01-06T00:00:00+00:00'
[2024-04-14T10:08:01.233+0000] {base.py:83} INFO - Using connection ID 'dwh' for task execution.
[2024-04-14T10:08:01.376+0000] {sql.py:572} INFO - Done loading. Loaded a total of 39 rows into currency_parsing
[2024-04-14T10:08:01.377+0000] {python.py:202} INFO - Done. Returned value was: None
[2024-04-14T10:08:01.412+0000] {taskinstance.py:1149} INFO - Marking task as SUCCESS. dag_id=currency_parsing, task_id=fetch_data, execution_date=20240106T000000, start_date=20240414T100758, end_date=20240414T100801
[2024-04-14T10:08:01.688+0000] {local_task_job_runner.py:234} INFO - Task exited with return code 0
[2024-04-14T10:08:01.784+0000] {taskinstance.py:3309} INFO - 0 downstream tasks scheduled from follow-on schedule check
