[2024-04-21T11:06:18.034+0000] {taskinstance.py:1979} INFO - Dependencies all met for dep_context=non-requeueable deps ti=<TaskInstance: currency_parsing.fetch_data_pound scheduled__2024-04-14T00:00:00+00:00 [queued]>
[2024-04-21T11:06:18.247+0000] {taskinstance.py:1979} INFO - Dependencies all met for dep_context=requeueable deps ti=<TaskInstance: currency_parsing.fetch_data_pound scheduled__2024-04-14T00:00:00+00:00 [queued]>
[2024-04-21T11:06:18.259+0000] {taskinstance.py:2193} INFO - Starting attempt 1 of 2
[2024-04-21T11:06:18.483+0000] {taskinstance.py:2214} INFO - Executing <Task(PythonOperator): fetch_data_pound> on 2024-04-14 00:00:00+00:00
[2024-04-21T11:06:18.559+0000] {standard_task_runner.py:60} INFO - Started process 2758 to run task
[2024-04-21T11:06:18.589+0000] {standard_task_runner.py:87} INFO - Running: ['***', 'tasks', 'run', 'currency_parsing', 'fetch_data_pound', 'scheduled__2024-04-14T00:00:00+00:00', '--job-id', '2090', '--raw', '--subdir', 'DAGS_FOLDER/stage/currency_parsing.py', '--cfg-path', '/tmp/tmpjti_b0ao']
[2024-04-21T11:06:18.609+0000] {standard_task_runner.py:88} INFO - Job 2090: Subtask fetch_data_pound
[2024-04-21T11:06:19.115+0000] {task_command.py:423} INFO - Running <TaskInstance: currency_parsing.fetch_data_pound scheduled__2024-04-14T00:00:00+00:00 [running]> on host e671688b1343
[2024-04-21T11:06:20.427+0000] {taskinstance.py:2510} INFO - Exporting env vars: AIRFLOW_CTX_DAG_OWNER='***' AIRFLOW_CTX_DAG_ID='currency_parsing' AIRFLOW_CTX_TASK_ID='fetch_data_pound' AIRFLOW_CTX_EXECUTION_DATE='2024-04-14T00:00:00+00:00' AIRFLOW_CTX_TRY_NUMBER='1' AIRFLOW_CTX_DAG_RUN_ID='scheduled__2024-04-14T00:00:00+00:00'
[2024-04-21T11:06:20.784+0000] {base.py:83} INFO - Using connection ID 'dwh' for task execution.
[2024-04-21T11:06:20.845+0000] {sql.py:572} INFO - Done loading. Loaded a total of 33 rows into stage.currency_parsing_pound
[2024-04-21T11:06:20.871+0000] {python.py:202} INFO - Done. Returned value was: None
[2024-04-21T11:06:21.098+0000] {taskinstance.py:1149} INFO - Marking task as SUCCESS. dag_id=currency_parsing, task_id=fetch_data_pound, execution_date=20240414T000000, start_date=20240421T110618, end_date=20240421T110621
[2024-04-21T11:06:21.417+0000] {local_task_job_runner.py:234} INFO - Task exited with return code 0
[2024-04-21T11:06:21.641+0000] {taskinstance.py:3309} INFO - 0 downstream tasks scheduled from follow-on schedule check
[2024-04-27T12:22:57.658+0000] {taskinstance.py:1979} INFO - Dependencies all met for dep_context=non-requeueable deps ti=<TaskInstance: currency_parsing.fetch_data_pound scheduled__2024-04-14T00:00:00+00:00 [queued]>
[2024-04-27T12:22:57.843+0000] {taskinstance.py:1979} INFO - Dependencies all met for dep_context=requeueable deps ti=<TaskInstance: currency_parsing.fetch_data_pound scheduled__2024-04-14T00:00:00+00:00 [queued]>
[2024-04-27T12:22:57.847+0000] {taskinstance.py:2193} INFO - Starting attempt 1 of 2
[2024-04-27T12:22:58.297+0000] {taskinstance.py:2214} INFO - Executing <Task(PythonOperator): fetch_data_pound> on 2024-04-14 00:00:00+00:00
[2024-04-27T12:22:58.545+0000] {standard_task_runner.py:60} INFO - Started process 2106 to run task
[2024-04-27T12:22:58.703+0000] {standard_task_runner.py:87} INFO - Running: ['***', 'tasks', 'run', 'currency_parsing', 'fetch_data_pound', 'scheduled__2024-04-14T00:00:00+00:00', '--job-id', '2386', '--raw', '--subdir', 'DAGS_FOLDER/stage/currency_parsing.py', '--cfg-path', '/tmp/tmp27y0j3vi']
[2024-04-27T12:22:58.811+0000] {standard_task_runner.py:88} INFO - Job 2386: Subtask fetch_data_pound
[2024-04-27T12:22:59.893+0000] {task_command.py:423} INFO - Running <TaskInstance: currency_parsing.fetch_data_pound scheduled__2024-04-14T00:00:00+00:00 [running]> on host 65a8688265d1
[2024-04-27T12:23:02.416+0000] {taskinstance.py:2510} INFO - Exporting env vars: AIRFLOW_CTX_DAG_OWNER='***' AIRFLOW_CTX_DAG_ID='currency_parsing' AIRFLOW_CTX_TASK_ID='fetch_data_pound' AIRFLOW_CTX_EXECUTION_DATE='2024-04-14T00:00:00+00:00' AIRFLOW_CTX_TRY_NUMBER='1' AIRFLOW_CTX_DAG_RUN_ID='scheduled__2024-04-14T00:00:00+00:00'
[2024-04-27T12:23:02.757+0000] {base.py:83} INFO - Using connection ID 'dwh' for task execution.
[2024-04-27T12:23:03.017+0000] {sql.py:572} INFO - Done loading. Loaded a total of 33 rows into stage.currency_parsing_pound
[2024-04-27T12:23:03.023+0000] {python.py:202} INFO - Done. Returned value was: None
[2024-04-27T12:23:03.645+0000] {taskinstance.py:1149} INFO - Marking task as SUCCESS. dag_id=currency_parsing, task_id=fetch_data_pound, execution_date=20240414T000000, start_date=20240427T122257, end_date=20240427T122303
[2024-04-27T12:23:04.374+0000] {local_task_job_runner.py:234} INFO - Task exited with return code 0
[2024-04-27T12:23:05.120+0000] {warnings.py:109} WARNING - /home/***/.local/lib/python3.8/site-packages/***/models/baseoperator.py:1201: AirflowProviderDeprecationWarning: Call to deprecated class PostgresOperator. (Please use `***.providers.common.sql.operators.sql.SQLExecuteQueryOperator`.Also, you can provide `hook_params={'schema': <database>}`.)
  result = cls.__new__(cls)

[2024-04-27T12:23:05.526+0000] {taskinstance.py:3309} INFO - 0 downstream tasks scheduled from follow-on schedule check
