[2024-04-14T08:56:24.988+0000] {taskinstance.py:1979} INFO - Dependencies all met for dep_context=non-requeueable deps ti=<TaskInstance: currency_parsing.fetch_data scheduled__2024-04-01T00:00:00+00:00 [queued]>
[2024-04-14T08:56:25.117+0000] {taskinstance.py:1979} INFO - Dependencies all met for dep_context=requeueable deps ti=<TaskInstance: currency_parsing.fetch_data scheduled__2024-04-01T00:00:00+00:00 [queued]>
[2024-04-14T08:56:25.172+0000] {taskinstance.py:2193} INFO - Starting attempt 1 of 2
[2024-04-14T08:56:25.662+0000] {taskinstance.py:2214} INFO - Executing <Task(PythonOperator): fetch_data> on 2024-04-01 00:00:00+00:00
[2024-04-14T08:56:25.764+0000] {standard_task_runner.py:60} INFO - Started process 1436 to run task
[2024-04-14T08:56:25.842+0000] {standard_task_runner.py:87} INFO - Running: ['***', 'tasks', 'run', 'currency_parsing', 'fetch_data', 'scheduled__2024-04-01T00:00:00+00:00', '--job-id', '461', '--raw', '--subdir', 'DAGS_FOLDER/currency_parsing.py', '--cfg-path', '/tmp/tmpekzpkeqf']
[2024-04-14T08:56:25.894+0000] {standard_task_runner.py:88} INFO - Job 461: Subtask fetch_data
[2024-04-14T08:56:26.532+0000] {task_command.py:423} INFO - Running <TaskInstance: currency_parsing.fetch_data scheduled__2024-04-01T00:00:00+00:00 [running]> on host e8a1e0443283
[2024-04-14T08:56:27.313+0000] {taskinstance.py:2510} INFO - Exporting env vars: AIRFLOW_CTX_DAG_OWNER='***' AIRFLOW_CTX_DAG_ID='currency_parsing' AIRFLOW_CTX_TASK_ID='fetch_data' AIRFLOW_CTX_EXECUTION_DATE='2024-04-01T00:00:00+00:00' AIRFLOW_CTX_TRY_NUMBER='1' AIRFLOW_CTX_DAG_RUN_ID='scheduled__2024-04-01T00:00:00+00:00'
[2024-04-14T08:56:27.413+0000] {base.py:83} INFO - Using connection ID 'dwh' for task execution.
[2024-04-14T08:56:27.544+0000] {sql.py:572} INFO - Done loading. Loaded a total of 39 rows into currency_parsing
[2024-04-14T08:56:27.546+0000] {python.py:202} INFO - Done. Returned value was: None
[2024-04-14T08:56:27.617+0000] {taskinstance.py:1149} INFO - Marking task as SUCCESS. dag_id=currency_parsing, task_id=fetch_data, execution_date=20240401T000000, start_date=20240414T085625, end_date=20240414T085627
[2024-04-14T08:56:27.886+0000] {local_task_job_runner.py:234} INFO - Task exited with return code 0
[2024-04-14T08:56:28.049+0000] {taskinstance.py:3309} INFO - 0 downstream tasks scheduled from follow-on schedule check
[2024-04-14T10:12:41.899+0000] {taskinstance.py:1979} INFO - Dependencies all met for dep_context=non-requeueable deps ti=<TaskInstance: currency_parsing.fetch_data scheduled__2024-04-01T00:00:00+00:00 [queued]>
[2024-04-14T10:12:41.990+0000] {taskinstance.py:1979} INFO - Dependencies all met for dep_context=requeueable deps ti=<TaskInstance: currency_parsing.fetch_data scheduled__2024-04-01T00:00:00+00:00 [queued]>
[2024-04-14T10:12:42.003+0000] {taskinstance.py:2193} INFO - Starting attempt 1 of 2
[2024-04-14T10:12:42.196+0000] {taskinstance.py:2214} INFO - Executing <Task(PythonOperator): fetch_data> on 2024-04-01 00:00:00+00:00
[2024-04-14T10:12:42.257+0000] {standard_task_runner.py:60} INFO - Started process 731 to run task
[2024-04-14T10:12:42.314+0000] {standard_task_runner.py:87} INFO - Running: ['***', 'tasks', 'run', 'currency_parsing', 'fetch_data', 'scheduled__2024-04-01T00:00:00+00:00', '--job-id', '760', '--raw', '--subdir', 'DAGS_FOLDER/currency_parsing.py', '--cfg-path', '/tmp/tmp56z0lc6e']
[2024-04-14T10:12:42.391+0000] {standard_task_runner.py:88} INFO - Job 760: Subtask fetch_data
[2024-04-14T10:12:43.113+0000] {task_command.py:423} INFO - Running <TaskInstance: currency_parsing.fetch_data scheduled__2024-04-01T00:00:00+00:00 [running]> on host 1c15aab9396c
[2024-04-14T10:12:44.212+0000] {taskinstance.py:2510} INFO - Exporting env vars: AIRFLOW_CTX_DAG_OWNER='***' AIRFLOW_CTX_DAG_ID='currency_parsing' AIRFLOW_CTX_TASK_ID='fetch_data' AIRFLOW_CTX_EXECUTION_DATE='2024-04-01T00:00:00+00:00' AIRFLOW_CTX_TRY_NUMBER='1' AIRFLOW_CTX_DAG_RUN_ID='scheduled__2024-04-01T00:00:00+00:00'
[2024-04-14T10:12:44.475+0000] {base.py:83} INFO - Using connection ID 'dwh' for task execution.
[2024-04-14T10:12:44.572+0000] {sql.py:572} INFO - Done loading. Loaded a total of 39 rows into currency_parsing
[2024-04-14T10:12:44.574+0000] {python.py:202} INFO - Done. Returned value was: None
[2024-04-14T10:12:44.659+0000] {taskinstance.py:1149} INFO - Marking task as SUCCESS. dag_id=currency_parsing, task_id=fetch_data, execution_date=20240401T000000, start_date=20240414T101241, end_date=20240414T101244
[2024-04-14T10:12:44.757+0000] {local_task_job_runner.py:234} INFO - Task exited with return code 0
[2024-04-14T10:12:44.926+0000] {taskinstance.py:3309} INFO - 0 downstream tasks scheduled from follow-on schedule check
