[2024-04-21T11:05:30.977+0000] {taskinstance.py:1979} INFO - Dependencies all met for dep_context=non-requeueable deps ti=<TaskInstance: currency_parsing.create_schema scheduled__2024-04-13T00:00:00+00:00 [queued]>
[2024-04-21T11:05:31.001+0000] {taskinstance.py:1979} INFO - Dependencies all met for dep_context=requeueable deps ti=<TaskInstance: currency_parsing.create_schema scheduled__2024-04-13T00:00:00+00:00 [queued]>
[2024-04-21T11:05:31.002+0000] {taskinstance.py:2193} INFO - Starting attempt 1 of 2
[2024-04-21T11:05:31.206+0000] {taskinstance.py:2214} INFO - Executing <Task(PostgresOperator): create_schema> on 2024-04-13 00:00:00+00:00
[2024-04-21T11:05:31.218+0000] {standard_task_runner.py:60} INFO - Started process 2643 to run task
[2024-04-21T11:05:31.227+0000] {standard_task_runner.py:87} INFO - Running: ['***', 'tasks', 'run', 'currency_parsing', 'create_schema', 'scheduled__2024-04-13T00:00:00+00:00', '--job-id', '2039', '--raw', '--subdir', 'DAGS_FOLDER/stage/currency_parsing.py', '--cfg-path', '/tmp/tmp0t8a8iz2']
[2024-04-21T11:05:31.232+0000] {standard_task_runner.py:88} INFO - Job 2039: Subtask create_schema
[2024-04-21T11:05:31.448+0000] {task_command.py:423} INFO - Running <TaskInstance: currency_parsing.create_schema scheduled__2024-04-13T00:00:00+00:00 [running]> on host e671688b1343
[2024-04-21T11:05:31.938+0000] {taskinstance.py:2510} INFO - Exporting env vars: AIRFLOW_CTX_DAG_OWNER='***' AIRFLOW_CTX_DAG_ID='currency_parsing' AIRFLOW_CTX_TASK_ID='create_schema' AIRFLOW_CTX_EXECUTION_DATE='2024-04-13T00:00:00+00:00' AIRFLOW_CTX_TRY_NUMBER='1' AIRFLOW_CTX_DAG_RUN_ID='scheduled__2024-04-13T00:00:00+00:00'
[2024-04-21T11:05:31.940+0000] {sql.py:276} INFO - Executing: CREATE SCHEMA if not exists stage;
[2024-04-21T11:05:31.964+0000] {base.py:83} INFO - Using connection ID 'dwh' for task execution.
[2024-04-21T11:05:31.985+0000] {base.py:83} INFO - Using connection ID 'dwh' for task execution.
[2024-04-21T11:05:31.994+0000] {sql.py:457} INFO - Running statement: CREATE SCHEMA if not exists stage;, parameters: None
[2024-04-21T11:05:31.996+0000] {warnings.py:109} WARNING - /home/***/.local/lib/python3.8/site-packages/***/providers/common/sql/hooks/sql.py:407: AirflowProviderDeprecationWarning: Call to deprecated method _make_common_data_structure. (The `_make_serializable` method is deprecated and support will be removed in a future version of the common.sql provider. Please update the DbApiHook's provider to a version based on common.sql >= 1.9.1.)
  result = self._make_common_data_structure(handler(cur))

[2024-04-21T11:05:32.028+0000] {taskinstance.py:1149} INFO - Marking task as SUCCESS. dag_id=currency_parsing, task_id=create_schema, execution_date=20240413T000000, start_date=20240421T110530, end_date=20240421T110532
[2024-04-21T11:05:32.162+0000] {local_task_job_runner.py:234} INFO - Task exited with return code 0
[2024-04-21T11:05:32.274+0000] {warnings.py:109} WARNING - /home/***/.local/lib/python3.8/site-packages/***/models/baseoperator.py:1201: AirflowProviderDeprecationWarning: Call to deprecated class PostgresOperator. (Please use `***.providers.common.sql.operators.sql.SQLExecuteQueryOperator`.Also, you can provide `hook_params={'schema': <database>}`.)
  result = cls.__new__(cls)

[2024-04-21T11:05:32.352+0000] {taskinstance.py:3309} INFO - 1 downstream tasks scheduled from follow-on schedule check
[2024-04-27T12:16:37.194+0000] {taskinstance.py:1979} INFO - Dependencies all met for dep_context=non-requeueable deps ti=<TaskInstance: currency_parsing.create_schema scheduled__2024-04-13T00:00:00+00:00 [queued]>
[2024-04-27T12:16:38.649+0000] {taskinstance.py:1979} INFO - Dependencies all met for dep_context=requeueable deps ti=<TaskInstance: currency_parsing.create_schema scheduled__2024-04-13T00:00:00+00:00 [queued]>
[2024-04-27T12:16:38.779+0000] {taskinstance.py:2193} INFO - Starting attempt 1 of 2
[2024-04-27T12:16:44.052+0000] {taskinstance.py:2214} INFO - Executing <Task(PostgresOperator): create_schema> on 2024-04-13 00:00:00+00:00
[2024-04-27T12:16:44.883+0000] {standard_task_runner.py:60} INFO - Started process 1795 to run task
[2024-04-27T12:16:45.041+0000] {standard_task_runner.py:87} INFO - Running: ['***', 'tasks', 'run', 'currency_parsing', 'create_schema', 'scheduled__2024-04-13T00:00:00+00:00', '--job-id', '2268', '--raw', '--subdir', 'DAGS_FOLDER/stage/currency_parsing.py', '--cfg-path', '/tmp/tmpngufe4jo']
[2024-04-27T12:16:45.682+0000] {standard_task_runner.py:88} INFO - Job 2268: Subtask create_schema
[2024-04-27T12:17:04.316+0000] {task_command.py:423} INFO - Running <TaskInstance: currency_parsing.create_schema scheduled__2024-04-13T00:00:00+00:00 [running]> on host 65a8688265d1
[2024-04-27T12:17:16.002+0000] {taskinstance.py:2510} INFO - Exporting env vars: AIRFLOW_CTX_DAG_OWNER='***' AIRFLOW_CTX_DAG_ID='currency_parsing' AIRFLOW_CTX_TASK_ID='create_schema' AIRFLOW_CTX_EXECUTION_DATE='2024-04-13T00:00:00+00:00' AIRFLOW_CTX_TRY_NUMBER='1' AIRFLOW_CTX_DAG_RUN_ID='scheduled__2024-04-13T00:00:00+00:00'
[2024-04-27T12:17:16.156+0000] {sql.py:276} INFO - Executing: CREATE SCHEMA if not exists stage;

CREATE SCHEMA if not exists intermediate;
[2024-04-27T12:17:16.719+0000] {base.py:83} INFO - Using connection ID 'dwh' for task execution.
[2024-04-27T12:17:17.351+0000] {base.py:83} INFO - Using connection ID 'dwh' for task execution.
[2024-04-27T12:17:17.504+0000] {sql.py:457} INFO - Running statement: CREATE SCHEMA if not exists stage;

CREATE SCHEMA if not exists intermediate;, parameters: None
[2024-04-27T12:17:17.651+0000] {warnings.py:109} WARNING - /home/***/.local/lib/python3.8/site-packages/***/providers/common/sql/hooks/sql.py:407: AirflowProviderDeprecationWarning: Call to deprecated method _make_common_data_structure. (The `_make_serializable` method is deprecated and support will be removed in a future version of the common.sql provider. Please update the DbApiHook's provider to a version based on common.sql >= 1.9.1.)
  result = self._make_common_data_structure(handler(cur))

[2024-04-27T12:17:18.035+0000] {taskinstance.py:1149} INFO - Marking task as SUCCESS. dag_id=currency_parsing, task_id=create_schema, execution_date=20240413T000000, start_date=20240427T121638, end_date=20240427T121718
[2024-04-27T12:17:19.145+0000] {local_task_job_runner.py:234} INFO - Task exited with return code 0
[2024-04-27T12:17:20.158+0000] {warnings.py:109} WARNING - /home/***/.local/lib/python3.8/site-packages/***/models/baseoperator.py:1201: AirflowProviderDeprecationWarning: Call to deprecated class PostgresOperator. (Please use `***.providers.common.sql.operators.sql.SQLExecuteQueryOperator`.Also, you can provide `hook_params={'schema': <database>}`.)
  result = cls.__new__(cls)

[2024-04-27T12:17:21.510+0000] {taskinstance.py:3309} INFO - 1 downstream tasks scheduled from follow-on schedule check
