[2024-04-14T08:52:52.207+0000] {taskinstance.py:1979} INFO - Dependencies all met for dep_context=non-requeueable deps ti=<TaskInstance: currency_parsing.fetch_data scheduled__2024-02-16T00:00:00+00:00 [queued]>
[2024-04-14T08:52:52.282+0000] {taskinstance.py:1979} INFO - Dependencies all met for dep_context=requeueable deps ti=<TaskInstance: currency_parsing.fetch_data scheduled__2024-02-16T00:00:00+00:00 [queued]>
[2024-04-14T08:52:52.288+0000] {taskinstance.py:2193} INFO - Starting attempt 1 of 2
[2024-04-14T08:52:52.428+0000] {taskinstance.py:2214} INFO - Executing <Task(PythonOperator): fetch_data> on 2024-02-16 00:00:00+00:00
[2024-04-14T08:52:52.437+0000] {standard_task_runner.py:60} INFO - Started process 1099 to run task
[2024-04-14T08:52:52.529+0000] {standard_task_runner.py:87} INFO - Running: ['***', 'tasks', 'run', 'currency_parsing', 'fetch_data', 'scheduled__2024-02-16T00:00:00+00:00', '--job-id', '313', '--raw', '--subdir', 'DAGS_FOLDER/currency_parsing.py', '--cfg-path', '/tmp/tmphc79oczk']
[2024-04-14T08:52:52.580+0000] {standard_task_runner.py:88} INFO - Job 313: Subtask fetch_data
[2024-04-14T08:52:52.939+0000] {task_command.py:423} INFO - Running <TaskInstance: currency_parsing.fetch_data scheduled__2024-02-16T00:00:00+00:00 [running]> on host e8a1e0443283
[2024-04-14T08:52:53.447+0000] {taskinstance.py:2510} INFO - Exporting env vars: AIRFLOW_CTX_DAG_OWNER='***' AIRFLOW_CTX_DAG_ID='currency_parsing' AIRFLOW_CTX_TASK_ID='fetch_data' AIRFLOW_CTX_EXECUTION_DATE='2024-02-16T00:00:00+00:00' AIRFLOW_CTX_TRY_NUMBER='1' AIRFLOW_CTX_DAG_RUN_ID='scheduled__2024-02-16T00:00:00+00:00'
[2024-04-14T08:52:53.536+0000] {base.py:83} INFO - Using connection ID 'dwh' for task execution.
[2024-04-14T08:52:53.587+0000] {sql.py:572} INFO - Done loading. Loaded a total of 39 rows into currency_parsing
[2024-04-14T08:52:53.589+0000] {python.py:202} INFO - Done. Returned value was: None
[2024-04-14T08:52:53.615+0000] {taskinstance.py:1149} INFO - Marking task as SUCCESS. dag_id=currency_parsing, task_id=fetch_data, execution_date=20240216T000000, start_date=20240414T085252, end_date=20240414T085253
[2024-04-14T08:52:53.697+0000] {local_task_job_runner.py:234} INFO - Task exited with return code 0
[2024-04-14T08:52:53.768+0000] {taskinstance.py:3309} INFO - 0 downstream tasks scheduled from follow-on schedule check
[2024-04-14T10:10:30.763+0000] {taskinstance.py:1979} INFO - Dependencies all met for dep_context=non-requeueable deps ti=<TaskInstance: currency_parsing.fetch_data scheduled__2024-02-16T00:00:00+00:00 [queued]>
[2024-04-14T10:10:30.858+0000] {taskinstance.py:1979} INFO - Dependencies all met for dep_context=requeueable deps ti=<TaskInstance: currency_parsing.fetch_data scheduled__2024-02-16T00:00:00+00:00 [queued]>
[2024-04-14T10:10:30.874+0000] {taskinstance.py:2193} INFO - Starting attempt 1 of 2
[2024-04-14T10:10:31.012+0000] {taskinstance.py:2214} INFO - Executing <Task(PythonOperator): fetch_data> on 2024-02-16 00:00:00+00:00
[2024-04-14T10:10:31.057+0000] {standard_task_runner.py:60} INFO - Started process 428 to run task
[2024-04-14T10:10:31.094+0000] {standard_task_runner.py:87} INFO - Running: ['***', 'tasks', 'run', 'currency_parsing', 'fetch_data', 'scheduled__2024-02-16T00:00:00+00:00', '--job-id', '622', '--raw', '--subdir', 'DAGS_FOLDER/currency_parsing.py', '--cfg-path', '/tmp/tmplpez6d50']
[2024-04-14T10:10:31.105+0000] {standard_task_runner.py:88} INFO - Job 622: Subtask fetch_data
[2024-04-14T10:10:31.308+0000] {task_command.py:423} INFO - Running <TaskInstance: currency_parsing.fetch_data scheduled__2024-02-16T00:00:00+00:00 [running]> on host 1c15aab9396c
[2024-04-14T10:10:32.035+0000] {taskinstance.py:2510} INFO - Exporting env vars: AIRFLOW_CTX_DAG_OWNER='***' AIRFLOW_CTX_DAG_ID='currency_parsing' AIRFLOW_CTX_TASK_ID='fetch_data' AIRFLOW_CTX_EXECUTION_DATE='2024-02-16T00:00:00+00:00' AIRFLOW_CTX_TRY_NUMBER='1' AIRFLOW_CTX_DAG_RUN_ID='scheduled__2024-02-16T00:00:00+00:00'
[2024-04-14T10:10:32.112+0000] {base.py:83} INFO - Using connection ID 'dwh' for task execution.
[2024-04-14T10:10:32.147+0000] {sql.py:572} INFO - Done loading. Loaded a total of 39 rows into currency_parsing
[2024-04-14T10:10:32.148+0000] {python.py:202} INFO - Done. Returned value was: None
[2024-04-14T10:10:32.189+0000] {taskinstance.py:1149} INFO - Marking task as SUCCESS. dag_id=currency_parsing, task_id=fetch_data, execution_date=20240216T000000, start_date=20240414T101030, end_date=20240414T101032
[2024-04-14T10:10:32.283+0000] {local_task_job_runner.py:234} INFO - Task exited with return code 0
[2024-04-14T10:10:32.407+0000] {taskinstance.py:3309} INFO - 0 downstream tasks scheduled from follow-on schedule check
