[2024-04-21T11:04:01.910+0000] {taskinstance.py:1979} INFO - Dependencies all met for dep_context=non-requeueable deps ti=<TaskInstance: currency_parsing.get_data_usd scheduled__2024-04-04T00:00:00+00:00 [queued]>
[2024-04-21T11:04:02.279+0000] {taskinstance.py:1979} INFO - Dependencies all met for dep_context=requeueable deps ti=<TaskInstance: currency_parsing.get_data_usd scheduled__2024-04-04T00:00:00+00:00 [queued]>
[2024-04-21T11:04:02.282+0000] {taskinstance.py:2193} INFO - Starting attempt 1 of 2
[2024-04-21T11:04:02.573+0000] {taskinstance.py:2214} INFO - Executing <Task(PythonOperator): get_data_usd> on 2024-04-04 00:00:00+00:00
[2024-04-21T11:04:02.628+0000] {standard_task_runner.py:60} INFO - Started process 2450 to run task
[2024-04-21T11:04:02.799+0000] {standard_task_runner.py:87} INFO - Running: ['***', 'tasks', 'run', 'currency_parsing', 'get_data_usd', 'scheduled__2024-04-04T00:00:00+00:00', '--job-id', '1947', '--raw', '--subdir', 'DAGS_FOLDER/stage/currency_parsing.py', '--cfg-path', '/tmp/tmps0yu_5zv']
[2024-04-21T11:04:02.867+0000] {standard_task_runner.py:88} INFO - Job 1947: Subtask get_data_usd
[2024-04-21T11:04:03.749+0000] {task_command.py:423} INFO - Running <TaskInstance: currency_parsing.get_data_usd scheduled__2024-04-04T00:00:00+00:00 [running]> on host e671688b1343
[2024-04-21T11:04:04.167+0000] {warnings.py:109} WARNING - /home/***/.local/lib/python3.8/site-packages/***/utils/context.py:207: AirflowContextDeprecationWarning: Accessing 'execution_date' from the template is deprecated and will be removed in a future version. Please use 'data_interval_start' or 'logical_date' instead.
  warnings.warn(_create_deprecation_warning(key, self._deprecation_replacements[key]))

[2024-04-21T11:04:04.558+0000] {taskinstance.py:2510} INFO - Exporting env vars: AIRFLOW_CTX_DAG_OWNER='***' AIRFLOW_CTX_DAG_ID='currency_parsing' AIRFLOW_CTX_TASK_ID='get_data_usd' AIRFLOW_CTX_EXECUTION_DATE='2024-04-04T00:00:00+00:00' AIRFLOW_CTX_TRY_NUMBER='1' AIRFLOW_CTX_DAG_RUN_ID='scheduled__2024-04-04T00:00:00+00:00'
[2024-04-21T11:04:05.627+0000] {python.py:202} INFO - Done. Returned value was: ([['AUD', 1.522120291, '2024-4-3'], ['BGN', 1.8036902133, '2024-4-3'], ['BRL', 5.0380508723, '2024-4-3'], ['CAD', 1.352140224, '2024-4-3'], ['CHF', 0.9028401268, '2024-4-3'], ['CNY', 7.2302611232, '2024-4-3'], ['CZK', 23.3365234969, '2024-4-3'], ['DKK', 6.8799413382, '2024-4-3'], ['EUR', 0.9226501071, '2024-4-3'], ['GBP', 0.7902700906, '2024-4-3'], ['HKD', 7.8252613825, '2024-4-3'], ['HRK', 6.6900212143, '2024-4-3'], ['HUF', 361.5968616107, '2024-4-3'], ['IDR', 15898.184257586, '2024-4-3'], ['ILS', 3.6957303754, '2024-4-3'], ['INR', 83.4272511489, '2024-4-3'], ['ISK', 139.0188188472, '2024-4-3'], ['JPY', 151.5572518364, '2024-4-3'], ['KRW', 1341.1519881827, '2024-4-3'], ['MXN', 16.5315819431, '2024-4-3'], ['MYR', 4.7531909098, '2024-4-3'], ['NOK', 10.712741898, '2024-4-3'], ['NZD', 1.6622302131, '2024-4-3'], ['PHP', 56.4076810079, '2024-4-3'], ['PLN', 3.9591404992, '2024-4-3'], ['RON', 4.5841805046, '2024-4-3'], ['RUB', 92.4379143728, '2024-4-3'], ['SEK', 10.6383817738, '2024-4-3'], ['SGD', 1.3475001576, '2024-4-3'], ['THB', 36.6234169019, '2024-4-3'], ['TRY', 31.9043138208, '2024-4-3'], ['USD', 1, '2024-4-3'], ['ZAR', 18.6619134843, '2024-4-3']], ['title', 'rate', 'date'])
[2024-04-21T11:04:05.865+0000] {taskinstance.py:1149} INFO - Marking task as SUCCESS. dag_id=currency_parsing, task_id=get_data_usd, execution_date=20240404T000000, start_date=20240421T110401, end_date=20240421T110405
[2024-04-21T11:04:06.122+0000] {local_task_job_runner.py:234} INFO - Task exited with return code 0
[2024-04-21T11:04:06.964+0000] {taskinstance.py:3309} INFO - 1 downstream tasks scheduled from follow-on schedule check
[2024-04-27T12:18:19.355+0000] {taskinstance.py:1979} INFO - Dependencies all met for dep_context=non-requeueable deps ti=<TaskInstance: currency_parsing.get_data_usd scheduled__2024-04-04T00:00:00+00:00 [queued]>
[2024-04-27T12:18:19.622+0000] {taskinstance.py:1979} INFO - Dependencies all met for dep_context=requeueable deps ti=<TaskInstance: currency_parsing.get_data_usd scheduled__2024-04-04T00:00:00+00:00 [queued]>
[2024-04-27T12:18:19.673+0000] {taskinstance.py:2193} INFO - Starting attempt 1 of 2
[2024-04-27T12:18:20.416+0000] {taskinstance.py:2214} INFO - Executing <Task(PythonOperator): get_data_usd> on 2024-04-04 00:00:00+00:00
[2024-04-27T12:18:20.475+0000] {standard_task_runner.py:60} INFO - Started process 1875 to run task
[2024-04-27T12:18:20.528+0000] {standard_task_runner.py:87} INFO - Running: ['***', 'tasks', 'run', 'currency_parsing', 'get_data_usd', 'scheduled__2024-04-04T00:00:00+00:00', '--job-id', '2300', '--raw', '--subdir', 'DAGS_FOLDER/stage/currency_parsing.py', '--cfg-path', '/tmp/tmp8nbny987']
[2024-04-27T12:18:20.595+0000] {standard_task_runner.py:88} INFO - Job 2300: Subtask get_data_usd
[2024-04-27T12:18:20.973+0000] {task_command.py:423} INFO - Running <TaskInstance: currency_parsing.get_data_usd scheduled__2024-04-04T00:00:00+00:00 [running]> on host 65a8688265d1
[2024-04-27T12:18:21.589+0000] {warnings.py:109} WARNING - /home/***/.local/lib/python3.8/site-packages/***/utils/context.py:207: AirflowContextDeprecationWarning: Accessing 'execution_date' from the template is deprecated and will be removed in a future version. Please use 'data_interval_start' or 'logical_date' instead.
  warnings.warn(_create_deprecation_warning(key, self._deprecation_replacements[key]))

[2024-04-27T12:18:22.136+0000] {taskinstance.py:2510} INFO - Exporting env vars: AIRFLOW_CTX_DAG_OWNER='***' AIRFLOW_CTX_DAG_ID='currency_parsing' AIRFLOW_CTX_TASK_ID='get_data_usd' AIRFLOW_CTX_EXECUTION_DATE='2024-04-04T00:00:00+00:00' AIRFLOW_CTX_TRY_NUMBER='1' AIRFLOW_CTX_DAG_RUN_ID='scheduled__2024-04-04T00:00:00+00:00'
[2024-04-27T12:18:32.001+0000] {python.py:202} INFO - Done. Returned value was: ([['AUD', 1.522120291, '2024-4-3'], ['BGN', 1.8036902133, '2024-4-3'], ['BRL', 5.0380508723, '2024-4-3'], ['CAD', 1.352140224, '2024-4-3'], ['CHF', 0.9028401268, '2024-4-3'], ['CNY', 7.2302611232, '2024-4-3'], ['CZK', 23.3365234969, '2024-4-3'], ['DKK', 6.8799413382, '2024-4-3'], ['EUR', 0.9226501071, '2024-4-3'], ['GBP', 0.7902700906, '2024-4-3'], ['HKD', 7.8252613825, '2024-4-3'], ['HRK', 6.6900212143, '2024-4-3'], ['HUF', 361.5968616107, '2024-4-3'], ['IDR', 15898.184257586, '2024-4-3'], ['ILS', 3.6957303754, '2024-4-3'], ['INR', 83.4272511489, '2024-4-3'], ['ISK', 139.0188188472, '2024-4-3'], ['JPY', 151.5572518364, '2024-4-3'], ['KRW', 1341.1519881827, '2024-4-3'], ['MXN', 16.5315819431, '2024-4-3'], ['MYR', 4.7531909098, '2024-4-3'], ['NOK', 10.712741898, '2024-4-3'], ['NZD', 1.6622302131, '2024-4-3'], ['PHP', 56.4076810079, '2024-4-3'], ['PLN', 3.9591404992, '2024-4-3'], ['RON', 4.5841805046, '2024-4-3'], ['RUB', 92.4379143728, '2024-4-3'], ['SEK', 10.6383817738, '2024-4-3'], ['SGD', 1.3475001576, '2024-4-3'], ['THB', 36.6234169019, '2024-4-3'], ['TRY', 31.9043138208, '2024-4-3'], ['USD', 1, '2024-4-3'], ['ZAR', 18.6619134843, '2024-4-3']], ['title', 'rate', 'date'])
[2024-04-27T12:18:33.370+0000] {taskinstance.py:1149} INFO - Marking task as SUCCESS. dag_id=currency_parsing, task_id=get_data_usd, execution_date=20240404T000000, start_date=20240427T121819, end_date=20240427T121833
[2024-04-27T12:18:34.385+0000] {local_task_job_runner.py:234} INFO - Task exited with return code 0
[2024-04-27T12:18:34.824+0000] {warnings.py:109} WARNING - /home/***/.local/lib/python3.8/site-packages/***/models/baseoperator.py:1201: AirflowProviderDeprecationWarning: Call to deprecated class PostgresOperator. (Please use `***.providers.common.sql.operators.sql.SQLExecuteQueryOperator`.Also, you can provide `hook_params={'schema': <database>}`.)
  result = cls.__new__(cls)

[2024-04-27T12:18:35.768+0000] {taskinstance.py:3309} INFO - 1 downstream tasks scheduled from follow-on schedule check
