[2024-04-14T08:56:31.906+0000] {taskinstance.py:1979} INFO - Dependencies all met for dep_context=non-requeueable deps ti=<TaskInstance: currency_parsing.fetch_data scheduled__2024-04-06T00:00:00+00:00 [queued]>
[2024-04-14T08:56:31.962+0000] {taskinstance.py:1979} INFO - Dependencies all met for dep_context=requeueable deps ti=<TaskInstance: currency_parsing.fetch_data scheduled__2024-04-06T00:00:00+00:00 [queued]>
[2024-04-14T08:56:31.966+0000] {taskinstance.py:2193} INFO - Starting attempt 1 of 2
[2024-04-14T08:56:32.070+0000] {taskinstance.py:2214} INFO - Executing <Task(PythonOperator): fetch_data> on 2024-04-06 00:00:00+00:00
[2024-04-14T08:56:32.080+0000] {standard_task_runner.py:60} INFO - Started process 1448 to run task
[2024-04-14T08:56:32.111+0000] {standard_task_runner.py:87} INFO - Running: ['***', 'tasks', 'run', 'currency_parsing', 'fetch_data', 'scheduled__2024-04-06T00:00:00+00:00', '--job-id', '467', '--raw', '--subdir', 'DAGS_FOLDER/currency_parsing.py', '--cfg-path', '/tmp/tmp_q6pn43z']
[2024-04-14T08:56:32.117+0000] {standard_task_runner.py:88} INFO - Job 467: Subtask fetch_data
[2024-04-14T08:56:32.360+0000] {task_command.py:423} INFO - Running <TaskInstance: currency_parsing.fetch_data scheduled__2024-04-06T00:00:00+00:00 [running]> on host e8a1e0443283
[2024-04-14T08:56:33.147+0000] {taskinstance.py:2510} INFO - Exporting env vars: AIRFLOW_CTX_DAG_OWNER='***' AIRFLOW_CTX_DAG_ID='currency_parsing' AIRFLOW_CTX_TASK_ID='fetch_data' AIRFLOW_CTX_EXECUTION_DATE='2024-04-06T00:00:00+00:00' AIRFLOW_CTX_TRY_NUMBER='1' AIRFLOW_CTX_DAG_RUN_ID='scheduled__2024-04-06T00:00:00+00:00'
[2024-04-14T08:56:33.331+0000] {base.py:83} INFO - Using connection ID 'dwh' for task execution.
[2024-04-14T08:56:33.398+0000] {sql.py:572} INFO - Done loading. Loaded a total of 39 rows into currency_parsing
[2024-04-14T08:56:33.401+0000] {python.py:202} INFO - Done. Returned value was: None
[2024-04-14T08:56:33.440+0000] {taskinstance.py:1149} INFO - Marking task as SUCCESS. dag_id=currency_parsing, task_id=fetch_data, execution_date=20240406T000000, start_date=20240414T085631, end_date=20240414T085633
[2024-04-14T08:56:33.543+0000] {local_task_job_runner.py:234} INFO - Task exited with return code 0
[2024-04-14T08:56:33.597+0000] {taskinstance.py:3309} INFO - 0 downstream tasks scheduled from follow-on schedule check
[2024-04-14T10:12:55.460+0000] {taskinstance.py:1979} INFO - Dependencies all met for dep_context=non-requeueable deps ti=<TaskInstance: currency_parsing.fetch_data scheduled__2024-04-06T00:00:00+00:00 [queued]>
[2024-04-14T10:12:55.549+0000] {taskinstance.py:1979} INFO - Dependencies all met for dep_context=requeueable deps ti=<TaskInstance: currency_parsing.fetch_data scheduled__2024-04-06T00:00:00+00:00 [queued]>
[2024-04-14T10:12:55.557+0000] {taskinstance.py:2193} INFO - Starting attempt 1 of 2
[2024-04-14T10:12:55.743+0000] {taskinstance.py:2214} INFO - Executing <Task(PythonOperator): fetch_data> on 2024-04-06 00:00:00+00:00
[2024-04-14T10:12:55.794+0000] {standard_task_runner.py:60} INFO - Started process 760 to run task
[2024-04-14T10:12:55.820+0000] {standard_task_runner.py:87} INFO - Running: ['***', 'tasks', 'run', 'currency_parsing', 'fetch_data', 'scheduled__2024-04-06T00:00:00+00:00', '--job-id', '776', '--raw', '--subdir', 'DAGS_FOLDER/currency_parsing.py', '--cfg-path', '/tmp/tmpgpnotqth']
[2024-04-14T10:12:55.831+0000] {standard_task_runner.py:88} INFO - Job 776: Subtask fetch_data
[2024-04-14T10:12:56.062+0000] {task_command.py:423} INFO - Running <TaskInstance: currency_parsing.fetch_data scheduled__2024-04-06T00:00:00+00:00 [running]> on host 1c15aab9396c
[2024-04-14T10:12:56.902+0000] {taskinstance.py:2510} INFO - Exporting env vars: AIRFLOW_CTX_DAG_OWNER='***' AIRFLOW_CTX_DAG_ID='currency_parsing' AIRFLOW_CTX_TASK_ID='fetch_data' AIRFLOW_CTX_EXECUTION_DATE='2024-04-06T00:00:00+00:00' AIRFLOW_CTX_TRY_NUMBER='1' AIRFLOW_CTX_DAG_RUN_ID='scheduled__2024-04-06T00:00:00+00:00'
[2024-04-14T10:12:57.055+0000] {base.py:83} INFO - Using connection ID 'dwh' for task execution.
[2024-04-14T10:12:57.112+0000] {sql.py:572} INFO - Done loading. Loaded a total of 39 rows into currency_parsing
[2024-04-14T10:12:57.113+0000] {python.py:202} INFO - Done. Returned value was: None
[2024-04-14T10:12:57.137+0000] {taskinstance.py:1149} INFO - Marking task as SUCCESS. dag_id=currency_parsing, task_id=fetch_data, execution_date=20240406T000000, start_date=20240414T101255, end_date=20240414T101257
[2024-04-14T10:12:57.230+0000] {local_task_job_runner.py:234} INFO - Task exited with return code 0
[2024-04-14T10:12:57.319+0000] {taskinstance.py:3309} INFO - 0 downstream tasks scheduled from follow-on schedule check
