[2024-04-14T08:55:31.186+0000] {taskinstance.py:1979} INFO - Dependencies all met for dep_context=non-requeueable deps ti=<TaskInstance: currency_parsing.fetch_data scheduled__2024-03-22T00:00:00+00:00 [queued]>
[2024-04-14T08:55:31.526+0000] {taskinstance.py:1979} INFO - Dependencies all met for dep_context=requeueable deps ti=<TaskInstance: currency_parsing.fetch_data scheduled__2024-03-22T00:00:00+00:00 [queued]>
[2024-04-14T08:55:31.533+0000] {taskinstance.py:2193} INFO - Starting attempt 1 of 2
[2024-04-14T08:55:32.140+0000] {taskinstance.py:2214} INFO - Executing <Task(PythonOperator): fetch_data> on 2024-03-22 00:00:00+00:00
[2024-04-14T08:55:32.209+0000] {standard_task_runner.py:60} INFO - Started process 1356 to run task
[2024-04-14T08:55:32.233+0000] {standard_task_runner.py:87} INFO - Running: ['***', 'tasks', 'run', 'currency_parsing', 'fetch_data', 'scheduled__2024-03-22T00:00:00+00:00', '--job-id', '424', '--raw', '--subdir', 'DAGS_FOLDER/currency_parsing.py', '--cfg-path', '/tmp/tmpi7cuvx8l']
[2024-04-14T08:55:32.365+0000] {standard_task_runner.py:88} INFO - Job 424: Subtask fetch_data
[2024-04-14T08:55:33.161+0000] {task_command.py:423} INFO - Running <TaskInstance: currency_parsing.fetch_data scheduled__2024-03-22T00:00:00+00:00 [running]> on host e8a1e0443283
[2024-04-14T08:55:34.868+0000] {taskinstance.py:2510} INFO - Exporting env vars: AIRFLOW_CTX_DAG_OWNER='***' AIRFLOW_CTX_DAG_ID='currency_parsing' AIRFLOW_CTX_TASK_ID='fetch_data' AIRFLOW_CTX_EXECUTION_DATE='2024-03-22T00:00:00+00:00' AIRFLOW_CTX_TRY_NUMBER='1' AIRFLOW_CTX_DAG_RUN_ID='scheduled__2024-03-22T00:00:00+00:00'
[2024-04-14T08:55:35.184+0000] {base.py:83} INFO - Using connection ID 'dwh' for task execution.
[2024-04-14T08:55:35.505+0000] {sql.py:572} INFO - Done loading. Loaded a total of 39 rows into currency_parsing
[2024-04-14T08:55:35.508+0000] {python.py:202} INFO - Done. Returned value was: None
[2024-04-14T08:55:35.585+0000] {taskinstance.py:1149} INFO - Marking task as SUCCESS. dag_id=currency_parsing, task_id=fetch_data, execution_date=20240322T000000, start_date=20240414T085531, end_date=20240414T085535
[2024-04-14T08:55:35.773+0000] {local_task_job_runner.py:234} INFO - Task exited with return code 0
[2024-04-14T08:55:35.980+0000] {taskinstance.py:3309} INFO - 0 downstream tasks scheduled from follow-on schedule check
[2024-04-14T10:12:16.517+0000] {taskinstance.py:1979} INFO - Dependencies all met for dep_context=non-requeueable deps ti=<TaskInstance: currency_parsing.fetch_data scheduled__2024-03-22T00:00:00+00:00 [queued]>
[2024-04-14T10:12:16.588+0000] {taskinstance.py:1979} INFO - Dependencies all met for dep_context=requeueable deps ti=<TaskInstance: currency_parsing.fetch_data scheduled__2024-03-22T00:00:00+00:00 [queued]>
[2024-04-14T10:12:16.589+0000] {taskinstance.py:2193} INFO - Starting attempt 1 of 2
[2024-04-14T10:12:16.841+0000] {taskinstance.py:2214} INFO - Executing <Task(PythonOperator): fetch_data> on 2024-03-22 00:00:00+00:00
[2024-04-14T10:12:16.867+0000] {standard_task_runner.py:60} INFO - Started process 666 to run task
[2024-04-14T10:12:16.881+0000] {standard_task_runner.py:87} INFO - Running: ['***', 'tasks', 'run', 'currency_parsing', 'fetch_data', 'scheduled__2024-03-22T00:00:00+00:00', '--job-id', '731', '--raw', '--subdir', 'DAGS_FOLDER/currency_parsing.py', '--cfg-path', '/tmp/tmp2apd2hiy']
[2024-04-14T10:12:16.916+0000] {standard_task_runner.py:88} INFO - Job 731: Subtask fetch_data
[2024-04-14T10:12:17.363+0000] {task_command.py:423} INFO - Running <TaskInstance: currency_parsing.fetch_data scheduled__2024-03-22T00:00:00+00:00 [running]> on host 1c15aab9396c
[2024-04-14T10:12:18.567+0000] {taskinstance.py:2510} INFO - Exporting env vars: AIRFLOW_CTX_DAG_OWNER='***' AIRFLOW_CTX_DAG_ID='currency_parsing' AIRFLOW_CTX_TASK_ID='fetch_data' AIRFLOW_CTX_EXECUTION_DATE='2024-03-22T00:00:00+00:00' AIRFLOW_CTX_TRY_NUMBER='1' AIRFLOW_CTX_DAG_RUN_ID='scheduled__2024-03-22T00:00:00+00:00'
[2024-04-14T10:12:18.732+0000] {base.py:83} INFO - Using connection ID 'dwh' for task execution.
[2024-04-14T10:12:18.807+0000] {sql.py:572} INFO - Done loading. Loaded a total of 39 rows into currency_parsing
[2024-04-14T10:12:18.809+0000] {python.py:202} INFO - Done. Returned value was: None
[2024-04-14T10:12:18.872+0000] {taskinstance.py:1149} INFO - Marking task as SUCCESS. dag_id=currency_parsing, task_id=fetch_data, execution_date=20240322T000000, start_date=20240414T101216, end_date=20240414T101218
[2024-04-14T10:12:18.991+0000] {local_task_job_runner.py:234} INFO - Task exited with return code 0
[2024-04-14T10:12:19.138+0000] {taskinstance.py:3309} INFO - 0 downstream tasks scheduled from follow-on schedule check
