[2024-05-04T05:38:40.645+0000] {taskinstance.py:1979} INFO - Dependencies all met for dep_context=non-requeueable deps ti=<TaskInstance: currency_parsing.create_schema scheduled__2024-05-02T00:00:00+00:00 [queued]>
[2024-05-04T05:38:40.681+0000] {taskinstance.py:1979} INFO - Dependencies all met for dep_context=requeueable deps ti=<TaskInstance: currency_parsing.create_schema scheduled__2024-05-02T00:00:00+00:00 [queued]>
[2024-05-04T05:38:40.682+0000] {taskinstance.py:2193} INFO - Starting attempt 2 of 2
[2024-05-04T05:38:40.909+0000] {taskinstance.py:1969} INFO - Dependencies not met for <TaskInstance: currency_parsing.create_schema scheduled__2024-05-02T00:00:00+00:00 [running]>, dependency 'Task Instance Not Running' FAILED: Task is in the running state
[2024-05-04T05:38:40.911+0000] {taskinstance.py:2214} INFO - Executing <Task(PostgresOperator): create_schema> on 2024-05-02 00:00:00+00:00
[2024-05-04T05:38:40.911+0000] {taskinstance.py:1969} INFO - Dependencies not met for <TaskInstance: currency_parsing.create_schema scheduled__2024-05-02T00:00:00+00:00 [running]>, dependency 'Task Instance State' FAILED: Task is in the 'running' state.
[2024-05-04T05:38:40.928+0000] {standard_task_runner.py:60} INFO - Started process 76 to run task
[2024-05-04T05:38:40.951+0000] {local_task_job_runner.py:160} INFO - Task is not able to be run
[2024-05-04T05:38:40.953+0000] {standard_task_runner.py:87} INFO - Running: ['***', 'tasks', 'run', 'currency_parsing', 'create_schema', 'scheduled__2024-05-02T00:00:00+00:00', '--job-id', '2649', '--raw', '--subdir', 'DAGS_FOLDER/currency_dag/currency_parsing.py', '--cfg-path', '/tmp/tmpjwoff_dr']
[2024-05-04T05:38:40.959+0000] {standard_task_runner.py:88} INFO - Job 2649: Subtask create_schema
[2024-05-04T05:38:41.106+0000] {task_command.py:423} INFO - Running <TaskInstance: currency_parsing.create_schema scheduled__2024-05-02T00:00:00+00:00 [running]> on host 71addd39200f
[2024-05-04T05:38:41.272+0000] {taskinstance.py:2510} INFO - Exporting env vars: AIRFLOW_CTX_DAG_OWNER='***' AIRFLOW_CTX_DAG_ID='currency_parsing' AIRFLOW_CTX_TASK_ID='create_schema' AIRFLOW_CTX_EXECUTION_DATE='2024-05-02T00:00:00+00:00' AIRFLOW_CTX_TRY_NUMBER='2' AIRFLOW_CTX_DAG_RUN_ID='scheduled__2024-05-02T00:00:00+00:00'
[2024-05-04T05:38:41.276+0000] {sql.py:276} INFO - Executing: CREATE SCHEMA if not exists stage;

CREATE SCHEMA if not exists intermediate;
[2024-05-04T05:38:41.295+0000] {base.py:83} INFO - Using connection ID 'dwh' for task execution.
[2024-05-04T05:38:41.310+0000] {base.py:83} INFO - Using connection ID 'dwh' for task execution.
[2024-05-04T05:38:49.322+0000] {taskinstance.py:2728} ERROR - Task failed with exception
Traceback (most recent call last):
  File "/home/airflow/.local/lib/python3.8/site-packages/airflow/models/taskinstance.py", line 444, in _execute_task
    result = _execute_callable(context=context, **execute_callable_kwargs)
  File "/home/airflow/.local/lib/python3.8/site-packages/airflow/models/taskinstance.py", line 414, in _execute_callable
    return execute_callable(context=context, **execute_callable_kwargs)
  File "/home/airflow/.local/lib/python3.8/site-packages/airflow/providers/common/sql/operators/sql.py", line 282, in execute
    output = hook.run(
  File "/home/airflow/.local/lib/python3.8/site-packages/airflow/providers/common/sql/hooks/sql.py", line 397, in run
    with closing(self.get_conn()) as conn:
  File "/home/airflow/.local/lib/python3.8/site-packages/airflow/providers/postgres/hooks/postgres.py", line 161, in get_conn
    self.conn = psycopg2.connect(**conn_args)
  File "/home/airflow/.local/lib/python3.8/site-packages/psycopg2/__init__.py", line 122, in connect
    conn = _connect(dsn, connection_factory=connection_factory, **kwasync)
psycopg2.OperationalError: could not translate host name "dwh-db" to address: Temporary failure in name resolution

[2024-05-04T05:38:49.422+0000] {taskinstance.py:1149} INFO - Marking task as FAILED. dag_id=currency_parsing, task_id=create_schema, execution_date=20240502T000000, start_date=20240504T053840, end_date=20240504T053849
[2024-05-04T05:38:49.517+0000] {standard_task_runner.py:107} ERROR - Failed to execute job 2649 for task create_schema (could not translate host name "dwh-db" to address: Temporary failure in name resolution
; 76)
[2024-05-04T05:38:49.598+0000] {local_task_job_runner.py:234} INFO - Task exited with return code 1
[2024-05-04T05:38:49.622+0000] {warnings.py:109} WARNING - /home/***/.local/lib/python3.8/site-packages/***/models/baseoperator.py:1201: AirflowProviderDeprecationWarning: Call to deprecated class PostgresOperator. (Please use `***.providers.common.sql.operators.sql.SQLExecuteQueryOperator`.Also, you can provide `hook_params={'schema': <database>}`.)
  result = cls.__new__(cls)

[2024-05-04T05:38:49.665+0000] {taskinstance.py:3309} INFO - 0 downstream tasks scheduled from follow-on schedule check
