[2024-05-03T12:46:16.180+0000] {taskinstance.py:1979} INFO - Dependencies all met for dep_context=non-requeueable deps ti=<TaskInstance: currency_parsing.create_schema scheduled__2024-05-02T00:00:00+00:00 [queued]>
[2024-05-03T12:46:16.271+0000] {taskinstance.py:1979} INFO - Dependencies all met for dep_context=requeueable deps ti=<TaskInstance: currency_parsing.create_schema scheduled__2024-05-02T00:00:00+00:00 [queued]>
[2024-05-03T12:46:16.285+0000] {taskinstance.py:2193} INFO - Starting attempt 1 of 2
[2024-05-03T12:46:17.694+0000] {taskinstance.py:2214} INFO - Executing <Task(PostgresOperator): create_schema> on 2024-05-02 00:00:00+00:00
[2024-05-03T12:46:17.709+0000] {standard_task_runner.py:60} INFO - Started process 122 to run task
[2024-05-03T12:46:17.770+0000] {standard_task_runner.py:87} INFO - Running: ['***', 'tasks', 'run', 'currency_parsing', 'create_schema', 'scheduled__2024-05-02T00:00:00+00:00', '--job-id', '2646', '--raw', '--subdir', 'DAGS_FOLDER/currency_dag/currency_parsing.py', '--cfg-path', '/tmp/tmph1lg_67i']
[2024-05-03T12:46:17.795+0000] {standard_task_runner.py:88} INFO - Job 2646: Subtask create_schema
[2024-05-03T12:46:21.331+0000] {task_command.py:423} INFO - Running <TaskInstance: currency_parsing.create_schema scheduled__2024-05-02T00:00:00+00:00 [running]> on host 71addd39200f
[2024-05-03T12:46:22.943+0000] {taskinstance.py:2510} INFO - Exporting env vars: AIRFLOW_CTX_DAG_OWNER='***' AIRFLOW_CTX_DAG_ID='currency_parsing' AIRFLOW_CTX_TASK_ID='create_schema' AIRFLOW_CTX_EXECUTION_DATE='2024-05-02T00:00:00+00:00' AIRFLOW_CTX_TRY_NUMBER='1' AIRFLOW_CTX_DAG_RUN_ID='scheduled__2024-05-02T00:00:00+00:00'
[2024-05-03T12:46:22.957+0000] {sql.py:276} INFO - Executing: CREATE SCHEMA if not exists stage;

CREATE SCHEMA if not exists intermediate;
[2024-05-03T12:46:23.131+0000] {base.py:83} INFO - Using connection ID 'dwh' for task execution.
[2024-05-03T12:46:23.223+0000] {base.py:83} INFO - Using connection ID 'dwh' for task execution.
[2024-05-03T12:46:31.282+0000] {taskinstance.py:2728} ERROR - Task failed with exception
Traceback (most recent call last):
  File "/home/airflow/.local/lib/python3.8/site-packages/airflow/models/taskinstance.py", line 444, in _execute_task
    result = _execute_callable(context=context, **execute_callable_kwargs)
  File "/home/airflow/.local/lib/python3.8/site-packages/airflow/models/taskinstance.py", line 414, in _execute_callable
    return execute_callable(context=context, **execute_callable_kwargs)
  File "/home/airflow/.local/lib/python3.8/site-packages/airflow/providers/common/sql/operators/sql.py", line 282, in execute
    output = hook.run(
  File "/home/airflow/.local/lib/python3.8/site-packages/airflow/providers/common/sql/hooks/sql.py", line 397, in run
    with closing(self.get_conn()) as conn:
  File "/home/airflow/.local/lib/python3.8/site-packages/airflow/providers/postgres/hooks/postgres.py", line 161, in get_conn
    self.conn = psycopg2.connect(**conn_args)
  File "/home/airflow/.local/lib/python3.8/site-packages/psycopg2/__init__.py", line 122, in connect
    conn = _connect(dsn, connection_factory=connection_factory, **kwasync)
psycopg2.OperationalError: could not translate host name "dwh-db" to address: Temporary failure in name resolution

[2024-05-03T12:46:31.390+0000] {taskinstance.py:1149} INFO - Marking task as UP_FOR_RETRY. dag_id=currency_parsing, task_id=create_schema, execution_date=20240502T000000, start_date=20240503T124616, end_date=20240503T124631
[2024-05-03T12:46:31.544+0000] {standard_task_runner.py:107} ERROR - Failed to execute job 2646 for task create_schema (could not translate host name "dwh-db" to address: Temporary failure in name resolution
; 122)
[2024-05-03T12:46:31.602+0000] {local_task_job_runner.py:234} INFO - Task exited with return code 1
[2024-05-05T10:53:50.962+0000] {taskinstance.py:1979} INFO - Dependencies all met for dep_context=non-requeueable deps ti=<TaskInstance: currency_parsing.create_schema scheduled__2024-05-02T00:00:00+00:00 [queued]>
[2024-05-05T10:53:51.204+0000] {taskinstance.py:1979} INFO - Dependencies all met for dep_context=requeueable deps ti=<TaskInstance: currency_parsing.create_schema scheduled__2024-05-02T00:00:00+00:00 [queued]>
[2024-05-05T10:53:51.207+0000] {taskinstance.py:2193} INFO - Starting attempt 1 of 2
[2024-05-05T10:53:51.415+0000] {taskinstance.py:2214} INFO - Executing <Task(PostgresOperator): create_schema> on 2024-05-02 00:00:00+00:00
[2024-05-05T10:53:51.445+0000] {standard_task_runner.py:60} INFO - Started process 671 to run task
[2024-05-05T10:53:51.469+0000] {standard_task_runner.py:87} INFO - Running: ['***', 'tasks', 'run', 'currency_parsing', 'create_schema', 'scheduled__2024-05-02T00:00:00+00:00', '--job-id', '2668', '--raw', '--subdir', 'DAGS_FOLDER/currency_dag/currency_parsing.py', '--cfg-path', '/tmp/tmpdw4mm3rj']
[2024-05-05T10:53:51.483+0000] {standard_task_runner.py:88} INFO - Job 2668: Subtask create_schema
[2024-05-05T10:53:51.738+0000] {task_command.py:423} INFO - Running <TaskInstance: currency_parsing.create_schema scheduled__2024-05-02T00:00:00+00:00 [running]> on host 71addd39200f
[2024-05-05T10:53:52.212+0000] {taskinstance.py:2510} INFO - Exporting env vars: AIRFLOW_CTX_DAG_OWNER='***' AIRFLOW_CTX_DAG_ID='currency_parsing' AIRFLOW_CTX_TASK_ID='create_schema' AIRFLOW_CTX_EXECUTION_DATE='2024-05-02T00:00:00+00:00' AIRFLOW_CTX_TRY_NUMBER='1' AIRFLOW_CTX_DAG_RUN_ID='scheduled__2024-05-02T00:00:00+00:00'
[2024-05-05T10:53:52.224+0000] {sql.py:276} INFO - Executing: CREATE SCHEMA if not exists stage;

CREATE SCHEMA if not exists intermediate;
[2024-05-05T10:53:52.292+0000] {base.py:83} INFO - Using connection ID 'dwh' for task execution.
[2024-05-05T10:53:52.451+0000] {base.py:83} INFO - Using connection ID 'dwh' for task execution.
[2024-05-05T10:53:52.464+0000] {sql.py:457} INFO - Running statement: CREATE SCHEMA if not exists stage;

CREATE SCHEMA if not exists intermediate;, parameters: None
[2024-05-05T10:53:52.469+0000] {warnings.py:109} WARNING - /home/***/.local/lib/python3.8/site-packages/***/providers/common/sql/hooks/sql.py:407: AirflowProviderDeprecationWarning: Call to deprecated method _make_common_data_structure. (The `_make_serializable` method is deprecated and support will be removed in a future version of the common.sql provider. Please update the DbApiHook's provider to a version based on common.sql >= 1.9.1.)
  result = self._make_common_data_structure(handler(cur))

[2024-05-05T10:53:52.507+0000] {taskinstance.py:1149} INFO - Marking task as SUCCESS. dag_id=currency_parsing, task_id=create_schema, execution_date=20240502T000000, start_date=20240505T105350, end_date=20240505T105352
[2024-05-05T10:53:52.612+0000] {local_task_job_runner.py:234} INFO - Task exited with return code 0
[2024-05-05T10:53:52.643+0000] {warnings.py:109} WARNING - /home/***/.local/lib/python3.8/site-packages/***/models/baseoperator.py:1201: AirflowProviderDeprecationWarning: Call to deprecated class PostgresOperator. (Please use `***.providers.common.sql.operators.sql.SQLExecuteQueryOperator`.Also, you can provide `hook_params={'schema': <database>}`.)
  result = cls.__new__(cls)

[2024-05-05T10:53:52.723+0000] {taskinstance.py:3309} INFO - 1 downstream tasks scheduled from follow-on schedule check
