[2024-04-21T11:03:26.862+0000] {taskinstance.py:1979} INFO - Dependencies all met for dep_context=non-requeueable deps ti=<TaskInstance: currency_parsing.get_data_pound scheduled__2024-04-01T00:00:00+00:00 [queued]>
[2024-04-21T11:03:26.992+0000] {taskinstance.py:1979} INFO - Dependencies all met for dep_context=requeueable deps ti=<TaskInstance: currency_parsing.get_data_pound scheduled__2024-04-01T00:00:00+00:00 [queued]>
[2024-04-21T11:03:27.012+0000] {taskinstance.py:2193} INFO - Starting attempt 1 of 2
[2024-04-21T11:03:30.399+0000] {taskinstance.py:2214} INFO - Executing <Task(PythonOperator): get_data_pound> on 2024-04-01 00:00:00+00:00
[2024-04-21T11:03:30.686+0000] {standard_task_runner.py:60} INFO - Started process 2376 to run task
[2024-04-21T11:03:30.652+0000] {standard_task_runner.py:87} INFO - Running: ['***', 'tasks', 'run', 'currency_parsing', 'get_data_pound', 'scheduled__2024-04-01T00:00:00+00:00', '--job-id', '1917', '--raw', '--subdir', 'DAGS_FOLDER/stage/currency_parsing.py', '--cfg-path', '/tmp/tmptmjt8727']
[2024-04-21T11:03:30.968+0000] {standard_task_runner.py:88} INFO - Job 1917: Subtask get_data_pound
[2024-04-21T11:03:32.074+0000] {task_command.py:423} INFO - Running <TaskInstance: currency_parsing.get_data_pound scheduled__2024-04-01T00:00:00+00:00 [running]> on host e671688b1343
[2024-04-21T11:03:32.681+0000] {warnings.py:109} WARNING - /home/***/.local/lib/python3.8/site-packages/***/utils/context.py:207: AirflowContextDeprecationWarning: Accessing 'execution_date' from the template is deprecated and will be removed in a future version. Please use 'data_interval_start' or 'logical_date' instead.
  warnings.warn(_create_deprecation_warning(key, self._deprecation_replacements[key]))

[2024-04-21T11:03:32.894+0000] {taskinstance.py:2510} INFO - Exporting env vars: AIRFLOW_CTX_DAG_OWNER='***' AIRFLOW_CTX_DAG_ID='currency_parsing' AIRFLOW_CTX_TASK_ID='get_data_pound' AIRFLOW_CTX_EXECUTION_DATE='2024-04-01T00:00:00+00:00' AIRFLOW_CTX_TRY_NUMBER='1' AIRFLOW_CTX_DAG_RUN_ID='scheduled__2024-04-01T00:00:00+00:00'
[2024-04-21T11:03:33.563+0000] {python.py:202} INFO - Done. Returned value was: ([['AUD', 1.9345634026, '2024-3-31'], ['BGN', 2.2806774732, '2024-3-31'], ['BRL', 6.3240873328, '2024-3-31'], ['CAD', 1.7087324996, '2024-3-31'], ['CHF', 1.1398584618, '2024-3-31'], ['CNY', 9.1178950655, '2024-3-31'], ['CZK', 29.5506379623, '2024-3-31'], ['DKK', 8.7315686626, '2024-3-31'], ['EUR', 1.1707822651, '2024-3-31'], ['GBP', 1, '2024-3-31'], ['HKD', 9.8886392568, '2024-3-31'], ['HRK', 8.465449323, '2024-3-31'], ['HUF', 462.0725534601, '2024-3-31'], ['IDR', 19991.4933678097, '2024-3-31'], ['ILS', 4.6634403096, '2024-3-31'], ['INR', 105.1824350775, '2024-3-31'], ['ISK', 175.7440657894, '2024-3-31'], ['JPY', 191.3259713098, '2024-3-31'], ['KRW', 1697.4010180417, '2024-3-31'], ['MXN', 20.9127893632, '2024-3-31'], ['MYR', 5.9647294288, '2024-3-31'], ['NOK', 13.6981296232, '2024-3-31'], ['NZD', 2.1104639785, '2024-3-31'], ['PHP', 70.9044286912, '2024-3-31'], ['PLN', 5.0283839971, '2024-3-31'], ['RON', 5.8208269185, '2024-3-31'], ['RUB', 116.8163796927, '2024-3-31'], ['SEK', 13.4882218241, '2024-3-31'], ['SGD', 1.7030077369, '2024-3-31'], ['THB', 46.0035547745, '2024-3-31'], ['TRY', 40.9620753087, '2024-3-31'], ['USD', 1.2637430681, '2024-3-31'], ['ZAR', 23.8291681999, '2024-3-31']], ['title', 'rate', 'date'])
[2024-04-21T11:03:33.677+0000] {taskinstance.py:1149} INFO - Marking task as SUCCESS. dag_id=currency_parsing, task_id=get_data_pound, execution_date=20240401T000000, start_date=20240421T110326, end_date=20240421T110333
[2024-04-21T11:03:33.900+0000] {local_task_job_runner.py:234} INFO - Task exited with return code 0
[2024-04-21T11:03:34.080+0000] {taskinstance.py:3309} INFO - 1 downstream tasks scheduled from follow-on schedule check
[2024-04-27T12:17:44.855+0000] {taskinstance.py:1979} INFO - Dependencies all met for dep_context=non-requeueable deps ti=<TaskInstance: currency_parsing.get_data_pound scheduled__2024-04-01T00:00:00+00:00 [queued]>
[2024-04-27T12:17:45.117+0000] {taskinstance.py:1979} INFO - Dependencies all met for dep_context=requeueable deps ti=<TaskInstance: currency_parsing.get_data_pound scheduled__2024-04-01T00:00:00+00:00 [queued]>
[2024-04-27T12:17:45.137+0000] {taskinstance.py:2193} INFO - Starting attempt 1 of 2
[2024-04-27T12:17:47.308+0000] {taskinstance.py:2214} INFO - Executing <Task(PythonOperator): get_data_pound> on 2024-04-01 00:00:00+00:00
[2024-04-27T12:17:47.482+0000] {standard_task_runner.py:60} INFO - Started process 1838 to run task
[2024-04-27T12:17:47.707+0000] {standard_task_runner.py:87} INFO - Running: ['***', 'tasks', 'run', 'currency_parsing', 'get_data_pound', 'scheduled__2024-04-01T00:00:00+00:00', '--job-id', '2281', '--raw', '--subdir', 'DAGS_FOLDER/stage/currency_parsing.py', '--cfg-path', '/tmp/tmpl8h46c4n']
[2024-04-27T12:17:48.046+0000] {standard_task_runner.py:88} INFO - Job 2281: Subtask get_data_pound
[2024-04-27T12:17:51.773+0000] {task_command.py:423} INFO - Running <TaskInstance: currency_parsing.get_data_pound scheduled__2024-04-01T00:00:00+00:00 [running]> on host 65a8688265d1
[2024-04-27T12:17:52.447+0000] {warnings.py:109} WARNING - /home/***/.local/lib/python3.8/site-packages/***/utils/context.py:207: AirflowContextDeprecationWarning: Accessing 'execution_date' from the template is deprecated and will be removed in a future version. Please use 'data_interval_start' or 'logical_date' instead.
  warnings.warn(_create_deprecation_warning(key, self._deprecation_replacements[key]))

[2024-04-27T12:17:53.592+0000] {taskinstance.py:2510} INFO - Exporting env vars: AIRFLOW_CTX_DAG_OWNER='***' AIRFLOW_CTX_DAG_ID='currency_parsing' AIRFLOW_CTX_TASK_ID='get_data_pound' AIRFLOW_CTX_EXECUTION_DATE='2024-04-01T00:00:00+00:00' AIRFLOW_CTX_TRY_NUMBER='1' AIRFLOW_CTX_DAG_RUN_ID='scheduled__2024-04-01T00:00:00+00:00'
[2024-04-27T12:18:01.253+0000] {python.py:202} INFO - Done. Returned value was: ([['AUD', 1.9345634026, '2024-3-31'], ['BGN', 2.2806774732, '2024-3-31'], ['BRL', 6.3240873328, '2024-3-31'], ['CAD', 1.7087324996, '2024-3-31'], ['CHF', 1.1398584618, '2024-3-31'], ['CNY', 9.1178950655, '2024-3-31'], ['CZK', 29.5506379623, '2024-3-31'], ['DKK', 8.7315686626, '2024-3-31'], ['EUR', 1.1707822651, '2024-3-31'], ['GBP', 1, '2024-3-31'], ['HKD', 9.8886392568, '2024-3-31'], ['HRK', 8.465449323, '2024-3-31'], ['HUF', 462.0725534601, '2024-3-31'], ['IDR', 19991.4933678097, '2024-3-31'], ['ILS', 4.6634403096, '2024-3-31'], ['INR', 105.1824350775, '2024-3-31'], ['ISK', 175.7440657894, '2024-3-31'], ['JPY', 191.3259713098, '2024-3-31'], ['KRW', 1697.4010180417, '2024-3-31'], ['MXN', 20.9127893632, '2024-3-31'], ['MYR', 5.9647294288, '2024-3-31'], ['NOK', 13.6981296232, '2024-3-31'], ['NZD', 2.1104639785, '2024-3-31'], ['PHP', 70.9044286912, '2024-3-31'], ['PLN', 5.0283839971, '2024-3-31'], ['RON', 5.8208269185, '2024-3-31'], ['RUB', 116.8163796927, '2024-3-31'], ['SEK', 13.4882218241, '2024-3-31'], ['SGD', 1.7030077369, '2024-3-31'], ['THB', 46.0035547745, '2024-3-31'], ['TRY', 40.9620753087, '2024-3-31'], ['USD', 1.2637430681, '2024-3-31'], ['ZAR', 23.8291681999, '2024-3-31']], ['title', 'rate', 'date'])
[2024-04-27T12:18:02.112+0000] {taskinstance.py:1149} INFO - Marking task as SUCCESS. dag_id=currency_parsing, task_id=get_data_pound, execution_date=20240401T000000, start_date=20240427T121744, end_date=20240427T121802
[2024-04-27T12:18:02.641+0000] {local_task_job_runner.py:234} INFO - Task exited with return code 0
[2024-04-27T12:18:03.237+0000] {warnings.py:109} WARNING - /home/***/.local/lib/python3.8/site-packages/***/models/baseoperator.py:1201: AirflowProviderDeprecationWarning: Call to deprecated class PostgresOperator. (Please use `***.providers.common.sql.operators.sql.SQLExecuteQueryOperator`.Also, you can provide `hook_params={'schema': <database>}`.)
  result = cls.__new__(cls)

[2024-04-27T12:18:04.574+0000] {taskinstance.py:3309} INFO - 1 downstream tasks scheduled from follow-on schedule check
