[2024-04-14T08:53:05.001+0000] {taskinstance.py:1979} INFO - Dependencies all met for dep_context=non-requeueable deps ti=<TaskInstance: currency_parsing.create_table scheduled__2024-02-23T00:00:00+00:00 [queued]>
[2024-04-14T08:53:05.115+0000] {taskinstance.py:1979} INFO - Dependencies all met for dep_context=requeueable deps ti=<TaskInstance: currency_parsing.create_table scheduled__2024-02-23T00:00:00+00:00 [queued]>
[2024-04-14T08:53:05.118+0000] {taskinstance.py:2193} INFO - Starting attempt 1 of 2
[2024-04-14T08:53:05.298+0000] {taskinstance.py:2214} INFO - Executing <Task(PostgresOperator): create_table> on 2024-02-23 00:00:00+00:00
[2024-04-14T08:53:05.315+0000] {standard_task_runner.py:60} INFO - Started process 1119 to run task
[2024-04-14T08:53:05.329+0000] {standard_task_runner.py:87} INFO - Running: ['***', 'tasks', 'run', 'currency_parsing', 'create_table', 'scheduled__2024-02-23T00:00:00+00:00', '--job-id', '322', '--raw', '--subdir', 'DAGS_FOLDER/currency_parsing.py', '--cfg-path', '/tmp/tmpufgl4del']
[2024-04-14T08:53:05.348+0000] {standard_task_runner.py:88} INFO - Job 322: Subtask create_table
[2024-04-14T08:53:05.663+0000] {task_command.py:423} INFO - Running <TaskInstance: currency_parsing.create_table scheduled__2024-02-23T00:00:00+00:00 [running]> on host e8a1e0443283
[2024-04-14T08:53:07.004+0000] {taskinstance.py:2510} INFO - Exporting env vars: AIRFLOW_CTX_DAG_OWNER='***' AIRFLOW_CTX_DAG_ID='currency_parsing' AIRFLOW_CTX_TASK_ID='create_table' AIRFLOW_CTX_EXECUTION_DATE='2024-02-23T00:00:00+00:00' AIRFLOW_CTX_TRY_NUMBER='1' AIRFLOW_CTX_DAG_RUN_ID='scheduled__2024-02-23T00:00:00+00:00'
[2024-04-14T08:53:07.016+0000] {sql.py:276} INFO - Executing: CREATE TABLE IF NOT EXISTS currency_parsing(
    currency VARCHAR(255) NOT NULL,
    title VARCHAR(255) NOT NULL,
    rate float,
    quantity int,
    index VARCHAR(255),
    change float,
    date date NOT NULL
)
[2024-04-14T08:53:07.136+0000] {base.py:83} INFO - Using connection ID 'dwh' for task execution.
[2024-04-14T08:53:07.332+0000] {base.py:83} INFO - Using connection ID 'dwh' for task execution.
[2024-04-14T08:53:07.544+0000] {sql.py:457} INFO - Running statement: CREATE TABLE IF NOT EXISTS currency_parsing(
    currency VARCHAR(255) NOT NULL,
    title VARCHAR(255) NOT NULL,
    rate float,
    quantity int,
    index VARCHAR(255),
    change float,
    date date NOT NULL
), parameters: None
[2024-04-14T08:53:07.563+0000] {warnings.py:109} WARNING - /home/***/.local/lib/python3.8/site-packages/***/providers/common/sql/hooks/sql.py:407: AirflowProviderDeprecationWarning: Call to deprecated method _make_common_data_structure. (The `_make_serializable` method is deprecated and support will be removed in a future version of the common.sql provider. Please update the DbApiHook's provider to a version based on common.sql >= 1.9.1.)
  result = self._make_common_data_structure(handler(cur))

[2024-04-14T08:53:07.701+0000] {taskinstance.py:1149} INFO - Marking task as SUCCESS. dag_id=currency_parsing, task_id=create_table, execution_date=20240223T000000, start_date=20240414T085305, end_date=20240414T085307
[2024-04-14T08:53:08.170+0000] {local_task_job_runner.py:234} INFO - Task exited with return code 0
[2024-04-14T08:53:08.336+0000] {warnings.py:109} WARNING - /home/***/.local/lib/python3.8/site-packages/***/models/baseoperator.py:1201: AirflowProviderDeprecationWarning: Call to deprecated class PostgresOperator. (Please use `***.providers.common.sql.operators.sql.SQLExecuteQueryOperator`.Also, you can provide `hook_params={'schema': <database>}`.)
  result = cls.__new__(cls)

[2024-04-14T08:53:08.720+0000] {taskinstance.py:3309} INFO - 1 downstream tasks scheduled from follow-on schedule check
[2024-04-14T10:10:44.177+0000] {taskinstance.py:1979} INFO - Dependencies all met for dep_context=non-requeueable deps ti=<TaskInstance: currency_parsing.create_table scheduled__2024-02-23T00:00:00+00:00 [queued]>
[2024-04-14T10:10:44.381+0000] {taskinstance.py:1979} INFO - Dependencies all met for dep_context=requeueable deps ti=<TaskInstance: currency_parsing.create_table scheduled__2024-02-23T00:00:00+00:00 [queued]>
[2024-04-14T10:10:44.401+0000] {taskinstance.py:2193} INFO - Starting attempt 1 of 2
[2024-04-14T10:10:46.321+0000] {taskinstance.py:2214} INFO - Executing <Task(PostgresOperator): create_table> on 2024-02-23 00:00:00+00:00
[2024-04-14T10:10:46.529+0000] {standard_task_runner.py:60} INFO - Started process 451 to run task
[2024-04-14T10:10:46.561+0000] {standard_task_runner.py:87} INFO - Running: ['***', 'tasks', 'run', 'currency_parsing', 'create_table', 'scheduled__2024-02-23T00:00:00+00:00', '--job-id', '631', '--raw', '--subdir', 'DAGS_FOLDER/currency_parsing.py', '--cfg-path', '/tmp/tmpntr2xxdr']
[2024-04-14T10:10:46.924+0000] {standard_task_runner.py:88} INFO - Job 631: Subtask create_table
[2024-04-14T10:10:48.262+0000] {task_command.py:423} INFO - Running <TaskInstance: currency_parsing.create_table scheduled__2024-02-23T00:00:00+00:00 [running]> on host 1c15aab9396c
[2024-04-14T10:10:49.706+0000] {taskinstance.py:2510} INFO - Exporting env vars: AIRFLOW_CTX_DAG_OWNER='***' AIRFLOW_CTX_DAG_ID='currency_parsing' AIRFLOW_CTX_TASK_ID='create_table' AIRFLOW_CTX_EXECUTION_DATE='2024-02-23T00:00:00+00:00' AIRFLOW_CTX_TRY_NUMBER='1' AIRFLOW_CTX_DAG_RUN_ID='scheduled__2024-02-23T00:00:00+00:00'
[2024-04-14T10:10:49.739+0000] {sql.py:276} INFO - Executing: CREATE TABLE IF NOT EXISTS currency_parsing(
    currency VARCHAR(255) NOT NULL,
    title VARCHAR(255) NOT NULL,
    rate float,
    quantity int,
    index VARCHAR(255),
    change float,
    date date NOT NULL
)
[2024-04-14T10:10:49.816+0000] {base.py:83} INFO - Using connection ID 'dwh' for task execution.
[2024-04-14T10:10:49.899+0000] {base.py:83} INFO - Using connection ID 'dwh' for task execution.
[2024-04-14T10:10:49.929+0000] {sql.py:457} INFO - Running statement: CREATE TABLE IF NOT EXISTS currency_parsing(
    currency VARCHAR(255) NOT NULL,
    title VARCHAR(255) NOT NULL,
    rate float,
    quantity int,
    index VARCHAR(255),
    change float,
    date date NOT NULL
), parameters: None
[2024-04-14T10:10:49.950+0000] {warnings.py:109} WARNING - /home/***/.local/lib/python3.8/site-packages/***/providers/common/sql/hooks/sql.py:407: AirflowProviderDeprecationWarning: Call to deprecated method _make_common_data_structure. (The `_make_serializable` method is deprecated and support will be removed in a future version of the common.sql provider. Please update the DbApiHook's provider to a version based on common.sql >= 1.9.1.)
  result = self._make_common_data_structure(handler(cur))

[2024-04-14T10:10:50.037+0000] {taskinstance.py:1149} INFO - Marking task as SUCCESS. dag_id=currency_parsing, task_id=create_table, execution_date=20240223T000000, start_date=20240414T101044, end_date=20240414T101050
[2024-04-14T10:10:50.762+0000] {local_task_job_runner.py:234} INFO - Task exited with return code 0
[2024-04-14T10:10:51.238+0000] {warnings.py:109} WARNING - /home/***/.local/lib/python3.8/site-packages/***/models/baseoperator.py:1201: AirflowProviderDeprecationWarning: Call to deprecated class PostgresOperator. (Please use `***.providers.common.sql.operators.sql.SQLExecuteQueryOperator`.Also, you can provide `hook_params={'schema': <database>}`.)
  result = cls.__new__(cls)

[2024-04-14T10:10:51.661+0000] {taskinstance.py:3309} INFO - 1 downstream tasks scheduled from follow-on schedule check
[2024-04-21T10:56:25.410+0000] {taskinstance.py:1979} INFO - Dependencies all met for dep_context=non-requeueable deps ti=<TaskInstance: currency_parsing.create_table scheduled__2024-02-23T00:00:00+00:00 [queued]>
[2024-04-21T10:56:25.607+0000] {taskinstance.py:1979} INFO - Dependencies all met for dep_context=requeueable deps ti=<TaskInstance: currency_parsing.create_table scheduled__2024-02-23T00:00:00+00:00 [queued]>
[2024-04-21T10:56:25.612+0000] {taskinstance.py:2193} INFO - Starting attempt 1 of 2
[2024-04-21T10:56:26.006+0000] {taskinstance.py:2214} INFO - Executing <Task(PostgresOperator): create_table> on 2024-02-23 00:00:00+00:00
[2024-04-21T10:56:26.048+0000] {standard_task_runner.py:60} INFO - Started process 1484 to run task
[2024-04-21T10:56:26.098+0000] {standard_task_runner.py:87} INFO - Running: ['***', 'tasks', 'run', 'currency_parsing', 'create_table', 'scheduled__2024-02-23T00:00:00+00:00', '--job-id', '1511', '--raw', '--subdir', 'DAGS_FOLDER/stage/currency_parsing.py', '--cfg-path', '/tmp/tmpx5mkvdmz']
[2024-04-21T10:56:26.147+0000] {standard_task_runner.py:88} INFO - Job 1511: Subtask create_table
[2024-04-21T10:56:26.736+0000] {task_command.py:423} INFO - Running <TaskInstance: currency_parsing.create_table scheduled__2024-02-23T00:00:00+00:00 [running]> on host e671688b1343
[2024-04-21T10:56:27.985+0000] {taskinstance.py:2510} INFO - Exporting env vars: AIRFLOW_CTX_DAG_OWNER='***' AIRFLOW_CTX_DAG_ID='currency_parsing' AIRFLOW_CTX_TASK_ID='create_table' AIRFLOW_CTX_EXECUTION_DATE='2024-02-23T00:00:00+00:00' AIRFLOW_CTX_TRY_NUMBER='1' AIRFLOW_CTX_DAG_RUN_ID='scheduled__2024-02-23T00:00:00+00:00'
[2024-04-21T10:56:28.008+0000] {sql.py:276} INFO - Executing: CREATE TABLE IF NOT EXISTS stage.currency_parsing_pound(
    title VARCHAR(255) NOT NULL,
    rate float,
    date date NOT NULL
);

CREATE TABLE IF NOT EXISTS stage.currency_parsing_usd(
    title VARCHAR(255) NOT NULL,
    rate float,
    date date NOT NULL
);

CREATE TABLE IF NOT EXISTS stage.currency_parsing_rub(
    id VARCHAR(255) NOT NULL,
    NumCode VARCHAR(255) NOT NULL,
    CharCode VARCHAR(255),
    Nominal int,
    Name VARCHAR(255),
    Value float,
    Previous float,
    date date NOT NULL
);

CREATE TABLE IF NOT EXISTS stage.currency_parsing_kzt(
    currency VARCHAR(255) NOT NULL,
    title VARCHAR(255) NOT NULL,
    rate float,
    quantity int,
    index VARCHAR(255),
    change float,
    date date NOT NULL
)
[2024-04-21T10:56:28.149+0000] {base.py:83} INFO - Using connection ID 'dwh' for task execution.
[2024-04-21T10:56:28.250+0000] {base.py:83} INFO - Using connection ID 'dwh' for task execution.
[2024-04-21T10:56:28.335+0000] {sql.py:457} INFO - Running statement: CREATE TABLE IF NOT EXISTS stage.currency_parsing_pound(
    title VARCHAR(255) NOT NULL,
    rate float,
    date date NOT NULL
);

CREATE TABLE IF NOT EXISTS stage.currency_parsing_usd(
    title VARCHAR(255) NOT NULL,
    rate float,
    date date NOT NULL
);

CREATE TABLE IF NOT EXISTS stage.currency_parsing_rub(
    id VARCHAR(255) NOT NULL,
    NumCode VARCHAR(255) NOT NULL,
    CharCode VARCHAR(255),
    Nominal int,
    Name VARCHAR(255),
    Value float,
    Previous float,
    date date NOT NULL
);

CREATE TABLE IF NOT EXISTS stage.currency_parsing_kzt(
    currency VARCHAR(255) NOT NULL,
    title VARCHAR(255) NOT NULL,
    rate float,
    quantity int,
    index VARCHAR(255),
    change float,
    date date NOT NULL
), parameters: None
[2024-04-21T10:56:28.364+0000] {warnings.py:109} WARNING - /home/***/.local/lib/python3.8/site-packages/***/providers/common/sql/hooks/sql.py:407: AirflowProviderDeprecationWarning: Call to deprecated method _make_common_data_structure. (The `_make_serializable` method is deprecated and support will be removed in a future version of the common.sql provider. Please update the DbApiHook's provider to a version based on common.sql >= 1.9.1.)
  result = self._make_common_data_structure(handler(cur))

[2024-04-21T10:56:28.545+0000] {taskinstance.py:1149} INFO - Marking task as SUCCESS. dag_id=currency_parsing, task_id=create_table, execution_date=20240223T000000, start_date=20240421T105625, end_date=20240421T105628
[2024-04-21T10:56:28.936+0000] {local_task_job_runner.py:234} INFO - Task exited with return code 0
[2024-04-21T10:56:29.023+0000] {warnings.py:109} WARNING - /home/***/.local/lib/python3.8/site-packages/***/models/baseoperator.py:1201: AirflowProviderDeprecationWarning: Call to deprecated class PostgresOperator. (Please use `***.providers.common.sql.operators.sql.SQLExecuteQueryOperator`.Also, you can provide `hook_params={'schema': <database>}`.)
  result = cls.__new__(cls)

[2024-04-21T10:56:29.458+0000] {taskinstance.py:3309} INFO - 4 downstream tasks scheduled from follow-on schedule check
