[2024-04-14T08:55:45.288+0000] {taskinstance.py:1979} INFO - Dependencies all met for dep_context=non-requeueable deps ti=<TaskInstance: currency_parsing.fetch_data scheduled__2024-03-25T00:00:00+00:00 [queued]>
[2024-04-14T08:55:45.358+0000] {taskinstance.py:1979} INFO - Dependencies all met for dep_context=requeueable deps ti=<TaskInstance: currency_parsing.fetch_data scheduled__2024-03-25T00:00:00+00:00 [queued]>
[2024-04-14T08:55:45.360+0000] {taskinstance.py:2193} INFO - Starting attempt 1 of 2
[2024-04-14T08:55:45.548+0000] {taskinstance.py:2214} INFO - Executing <Task(PythonOperator): fetch_data> on 2024-03-25 00:00:00+00:00
[2024-04-14T08:55:45.565+0000] {standard_task_runner.py:60} INFO - Started process 1369 to run task
[2024-04-14T08:55:45.615+0000] {standard_task_runner.py:87} INFO - Running: ['***', 'tasks', 'run', 'currency_parsing', 'fetch_data', 'scheduled__2024-03-25T00:00:00+00:00', '--job-id', '431', '--raw', '--subdir', 'DAGS_FOLDER/currency_parsing.py', '--cfg-path', '/tmp/tmpzz9hmzut']
[2024-04-14T08:55:45.684+0000] {standard_task_runner.py:88} INFO - Job 431: Subtask fetch_data
[2024-04-14T08:55:46.041+0000] {task_command.py:423} INFO - Running <TaskInstance: currency_parsing.fetch_data scheduled__2024-03-25T00:00:00+00:00 [running]> on host e8a1e0443283
[2024-04-14T08:55:46.561+0000] {taskinstance.py:2510} INFO - Exporting env vars: AIRFLOW_CTX_DAG_OWNER='***' AIRFLOW_CTX_DAG_ID='currency_parsing' AIRFLOW_CTX_TASK_ID='fetch_data' AIRFLOW_CTX_EXECUTION_DATE='2024-03-25T00:00:00+00:00' AIRFLOW_CTX_TRY_NUMBER='1' AIRFLOW_CTX_DAG_RUN_ID='scheduled__2024-03-25T00:00:00+00:00'
[2024-04-14T08:55:46.656+0000] {base.py:83} INFO - Using connection ID 'dwh' for task execution.
[2024-04-14T08:55:46.805+0000] {sql.py:572} INFO - Done loading. Loaded a total of 39 rows into currency_parsing
[2024-04-14T08:55:46.814+0000] {python.py:202} INFO - Done. Returned value was: None
[2024-04-14T08:55:46.873+0000] {taskinstance.py:1149} INFO - Marking task as SUCCESS. dag_id=currency_parsing, task_id=fetch_data, execution_date=20240325T000000, start_date=20240414T085545, end_date=20240414T085546
[2024-04-14T08:55:47.012+0000] {local_task_job_runner.py:234} INFO - Task exited with return code 0
[2024-04-14T08:55:47.119+0000] {taskinstance.py:3309} INFO - 0 downstream tasks scheduled from follow-on schedule check
[2024-04-14T10:12:33.561+0000] {taskinstance.py:1979} INFO - Dependencies all met for dep_context=non-requeueable deps ti=<TaskInstance: currency_parsing.fetch_data scheduled__2024-03-25T00:00:00+00:00 [queued]>
[2024-04-14T10:12:33.790+0000] {taskinstance.py:1979} INFO - Dependencies all met for dep_context=requeueable deps ti=<TaskInstance: currency_parsing.fetch_data scheduled__2024-03-25T00:00:00+00:00 [queued]>
[2024-04-14T10:12:33.793+0000] {taskinstance.py:2193} INFO - Starting attempt 1 of 2
[2024-04-14T10:12:34.535+0000] {taskinstance.py:2214} INFO - Executing <Task(PythonOperator): fetch_data> on 2024-03-25 00:00:00+00:00
[2024-04-14T10:12:34.569+0000] {standard_task_runner.py:60} INFO - Started process 714 to run task
[2024-04-14T10:12:34.656+0000] {standard_task_runner.py:87} INFO - Running: ['***', 'tasks', 'run', 'currency_parsing', 'fetch_data', 'scheduled__2024-03-25T00:00:00+00:00', '--job-id', '752', '--raw', '--subdir', 'DAGS_FOLDER/currency_parsing.py', '--cfg-path', '/tmp/tmpjdkqntse']
[2024-04-14T10:12:34.814+0000] {standard_task_runner.py:88} INFO - Job 752: Subtask fetch_data
[2024-04-14T10:12:35.504+0000] {task_command.py:423} INFO - Running <TaskInstance: currency_parsing.fetch_data scheduled__2024-03-25T00:00:00+00:00 [running]> on host 1c15aab9396c
[2024-04-14T10:12:37.237+0000] {taskinstance.py:2510} INFO - Exporting env vars: AIRFLOW_CTX_DAG_OWNER='***' AIRFLOW_CTX_DAG_ID='currency_parsing' AIRFLOW_CTX_TASK_ID='fetch_data' AIRFLOW_CTX_EXECUTION_DATE='2024-03-25T00:00:00+00:00' AIRFLOW_CTX_TRY_NUMBER='1' AIRFLOW_CTX_DAG_RUN_ID='scheduled__2024-03-25T00:00:00+00:00'
[2024-04-14T10:12:37.549+0000] {base.py:83} INFO - Using connection ID 'dwh' for task execution.
[2024-04-14T10:12:37.637+0000] {sql.py:572} INFO - Done loading. Loaded a total of 39 rows into currency_parsing
[2024-04-14T10:12:37.639+0000] {python.py:202} INFO - Done. Returned value was: None
[2024-04-14T10:12:37.699+0000] {taskinstance.py:1149} INFO - Marking task as SUCCESS. dag_id=currency_parsing, task_id=fetch_data, execution_date=20240325T000000, start_date=20240414T101233, end_date=20240414T101237
[2024-04-14T10:12:38.140+0000] {local_task_job_runner.py:234} INFO - Task exited with return code 0
[2024-04-14T10:12:38.287+0000] {taskinstance.py:3309} INFO - 0 downstream tasks scheduled from follow-on schedule check
