[2024-03-10T09:58:40.733+0000] {processor.py:161} INFO - Started process (PID=86) to work on /home/airflow/.local/lib/python3.8/site-packages/airflow/example_dags/example_task_group_decorator.py
[2024-03-10T09:58:40.736+0000] {processor.py:830} INFO - Processing file /home/airflow/.local/lib/python3.8/site-packages/airflow/example_dags/example_task_group_decorator.py for tasks to queue
[2024-03-10T09:58:40.740+0000] {logging_mixin.py:188} INFO - [2024-03-10T09:58:40.739+0000] {dagbag.py:540} INFO - Filling up the DagBag from /home/airflow/.local/lib/python3.8/site-packages/airflow/example_dags/example_task_group_decorator.py
[2024-03-10T09:58:40.781+0000] {processor.py:840} INFO - DAG(s) 'example_task_group_decorator' retrieved from /home/airflow/.local/lib/python3.8/site-packages/airflow/example_dags/example_task_group_decorator.py
[2024-03-10T09:58:41.192+0000] {logging_mixin.py:188} INFO - [2024-03-10T09:58:41.191+0000] {dag.py:3047} INFO - Sync 1 DAGs
[2024-03-10T09:58:41.240+0000] {logging_mixin.py:188} INFO - [2024-03-10T09:58:41.240+0000] {dag.py:3834} INFO - Setting next_dagrun for example_task_group_decorator to 2024-03-09 00:00:00+00:00, run_after=2024-03-10 00:00:00+00:00
[2024-03-10T09:58:41.311+0000] {processor.py:183} INFO - Processing /home/airflow/.local/lib/python3.8/site-packages/airflow/example_dags/example_task_group_decorator.py took 0.585 seconds
[2024-03-10T09:59:11.895+0000] {processor.py:161} INFO - Started process (PID=141) to work on /home/airflow/.local/lib/python3.8/site-packages/airflow/example_dags/example_task_group_decorator.py
[2024-03-10T09:59:11.897+0000] {processor.py:830} INFO - Processing file /home/airflow/.local/lib/python3.8/site-packages/airflow/example_dags/example_task_group_decorator.py for tasks to queue
[2024-03-10T09:59:11.901+0000] {logging_mixin.py:188} INFO - [2024-03-10T09:59:11.901+0000] {dagbag.py:540} INFO - Filling up the DagBag from /home/airflow/.local/lib/python3.8/site-packages/airflow/example_dags/example_task_group_decorator.py
[2024-03-10T09:59:11.937+0000] {processor.py:840} INFO - DAG(s) 'example_task_group_decorator' retrieved from /home/airflow/.local/lib/python3.8/site-packages/airflow/example_dags/example_task_group_decorator.py
[2024-03-10T09:59:12.035+0000] {logging_mixin.py:188} INFO - [2024-03-10T09:59:12.035+0000] {dag.py:3047} INFO - Sync 1 DAGs
[2024-03-10T09:59:12.091+0000] {logging_mixin.py:188} INFO - [2024-03-10T09:59:12.091+0000] {dag.py:3834} INFO - Setting next_dagrun for example_task_group_decorator to 2024-03-09 00:00:00+00:00, run_after=2024-03-10 00:00:00+00:00
[2024-03-10T09:59:12.142+0000] {processor.py:183} INFO - Processing /home/airflow/.local/lib/python3.8/site-packages/airflow/example_dags/example_task_group_decorator.py took 0.253 seconds
[2024-03-10T09:59:42.435+0000] {processor.py:161} INFO - Started process (PID=196) to work on /home/airflow/.local/lib/python3.8/site-packages/airflow/example_dags/example_task_group_decorator.py
[2024-03-10T09:59:42.437+0000] {processor.py:830} INFO - Processing file /home/airflow/.local/lib/python3.8/site-packages/airflow/example_dags/example_task_group_decorator.py for tasks to queue
[2024-03-10T09:59:42.440+0000] {logging_mixin.py:188} INFO - [2024-03-10T09:59:42.439+0000] {dagbag.py:540} INFO - Filling up the DagBag from /home/airflow/.local/lib/python3.8/site-packages/airflow/example_dags/example_task_group_decorator.py
[2024-03-10T09:59:42.465+0000] {processor.py:840} INFO - DAG(s) 'example_task_group_decorator' retrieved from /home/airflow/.local/lib/python3.8/site-packages/airflow/example_dags/example_task_group_decorator.py
[2024-03-10T09:59:42.504+0000] {logging_mixin.py:188} INFO - [2024-03-10T09:59:42.504+0000] {dag.py:3047} INFO - Sync 1 DAGs
[2024-03-10T09:59:42.533+0000] {logging_mixin.py:188} INFO - [2024-03-10T09:59:42.533+0000] {dag.py:3834} INFO - Setting next_dagrun for example_task_group_decorator to 2024-03-09 00:00:00+00:00, run_after=2024-03-10 00:00:00+00:00
[2024-03-10T09:59:42.567+0000] {processor.py:183} INFO - Processing /home/airflow/.local/lib/python3.8/site-packages/airflow/example_dags/example_task_group_decorator.py took 0.137 seconds
