[2024-03-10T08:13:04.163+0000] {processor.py:161} INFO - Started process (PID=63) to work on /home/airflow/.local/lib/python3.8/site-packages/airflow/example_dags/example_xcom.py
[2024-03-10T08:13:04.184+0000] {processor.py:830} INFO - Processing file /home/airflow/.local/lib/python3.8/site-packages/airflow/example_dags/example_xcom.py for tasks to queue
[2024-03-10T08:13:04.191+0000] {logging_mixin.py:188} INFO - [2024-03-10T08:13:04.189+0000] {dagbag.py:540} INFO - Filling up the DagBag from /home/airflow/.local/lib/python3.8/site-packages/airflow/example_dags/example_xcom.py
[2024-03-10T08:13:04.281+0000] {processor.py:840} INFO - DAG(s) 'example_xcom' retrieved from /home/airflow/.local/lib/python3.8/site-packages/airflow/example_dags/example_xcom.py
[2024-03-10T08:13:05.335+0000] {logging_mixin.py:188} INFO - [2024-03-10T08:13:05.334+0000] {dag.py:3047} INFO - Sync 1 DAGs
[2024-03-10T08:13:05.456+0000] {logging_mixin.py:188} INFO - [2024-03-10T08:13:05.455+0000] {dag.py:3834} INFO - Setting next_dagrun for example_xcom to 2021-01-01 00:00:00+00:00, run_after=2021-01-01 00:00:00+00:00
[2024-03-10T08:13:05.708+0000] {processor.py:183} INFO - Processing /home/airflow/.local/lib/python3.8/site-packages/airflow/example_dags/example_xcom.py took 1.553 seconds
[2024-03-10T09:58:30.199+0000] {processor.py:161} INFO - Started process (PID=56) to work on /home/airflow/.local/lib/python3.8/site-packages/airflow/example_dags/example_xcom.py
[2024-03-10T09:58:30.263+0000] {processor.py:830} INFO - Processing file /home/airflow/.local/lib/python3.8/site-packages/airflow/example_dags/example_xcom.py for tasks to queue
[2024-03-10T09:58:30.300+0000] {logging_mixin.py:188} INFO - [2024-03-10T09:58:30.300+0000] {dagbag.py:540} INFO - Filling up the DagBag from /home/airflow/.local/lib/python3.8/site-packages/airflow/example_dags/example_xcom.py
[2024-03-10T09:58:30.621+0000] {processor.py:840} INFO - DAG(s) 'example_xcom' retrieved from /home/airflow/.local/lib/python3.8/site-packages/airflow/example_dags/example_xcom.py
[2024-03-10T09:58:31.253+0000] {logging_mixin.py:188} INFO - [2024-03-10T09:58:31.252+0000] {dag.py:3047} INFO - Sync 1 DAGs
[2024-03-10T09:58:31.501+0000] {logging_mixin.py:188} INFO - [2024-03-10T09:58:31.501+0000] {dag.py:3834} INFO - Setting next_dagrun for example_xcom to 2021-01-01 00:00:00+00:00, run_after=2021-01-01 00:00:00+00:00
[2024-03-10T09:58:31.886+0000] {processor.py:183} INFO - Processing /home/airflow/.local/lib/python3.8/site-packages/airflow/example_dags/example_xcom.py took 1.817 seconds
[2024-03-10T09:59:02.246+0000] {processor.py:161} INFO - Started process (PID=111) to work on /home/airflow/.local/lib/python3.8/site-packages/airflow/example_dags/example_xcom.py
[2024-03-10T09:59:02.249+0000] {processor.py:830} INFO - Processing file /home/airflow/.local/lib/python3.8/site-packages/airflow/example_dags/example_xcom.py for tasks to queue
[2024-03-10T09:59:02.254+0000] {logging_mixin.py:188} INFO - [2024-03-10T09:59:02.253+0000] {dagbag.py:540} INFO - Filling up the DagBag from /home/airflow/.local/lib/python3.8/site-packages/airflow/example_dags/example_xcom.py
[2024-03-10T09:59:02.282+0000] {processor.py:840} INFO - DAG(s) 'example_xcom' retrieved from /home/airflow/.local/lib/python3.8/site-packages/airflow/example_dags/example_xcom.py
[2024-03-10T09:59:02.346+0000] {logging_mixin.py:188} INFO - [2024-03-10T09:59:02.345+0000] {dag.py:3047} INFO - Sync 1 DAGs
[2024-03-10T09:59:02.530+0000] {logging_mixin.py:188} INFO - [2024-03-10T09:59:02.529+0000] {dag.py:3834} INFO - Setting next_dagrun for example_xcom to 2021-01-01 00:00:00+00:00, run_after=2021-01-01 00:00:00+00:00
[2024-03-10T09:59:02.825+0000] {processor.py:183} INFO - Processing /home/airflow/.local/lib/python3.8/site-packages/airflow/example_dags/example_xcom.py took 0.587 seconds
[2024-03-10T09:59:33.525+0000] {processor.py:161} INFO - Started process (PID=172) to work on /home/airflow/.local/lib/python3.8/site-packages/airflow/example_dags/example_xcom.py
[2024-03-10T09:59:33.529+0000] {processor.py:830} INFO - Processing file /home/airflow/.local/lib/python3.8/site-packages/airflow/example_dags/example_xcom.py for tasks to queue
[2024-03-10T09:59:33.533+0000] {logging_mixin.py:188} INFO - [2024-03-10T09:59:33.533+0000] {dagbag.py:540} INFO - Filling up the DagBag from /home/airflow/.local/lib/python3.8/site-packages/airflow/example_dags/example_xcom.py
[2024-03-10T09:59:33.594+0000] {processor.py:840} INFO - DAG(s) 'example_xcom' retrieved from /home/airflow/.local/lib/python3.8/site-packages/airflow/example_dags/example_xcom.py
[2024-03-10T09:59:34.517+0000] {logging_mixin.py:188} INFO - [2024-03-10T09:59:34.517+0000] {dag.py:3047} INFO - Sync 1 DAGs
[2024-03-10T09:59:34.617+0000] {logging_mixin.py:188} INFO - [2024-03-10T09:59:34.616+0000] {dag.py:3834} INFO - Setting next_dagrun for example_xcom to 2021-01-01 00:00:00+00:00, run_after=2021-01-01 00:00:00+00:00
[2024-03-10T09:59:34.749+0000] {processor.py:183} INFO - Processing /home/airflow/.local/lib/python3.8/site-packages/airflow/example_dags/example_xcom.py took 1.236 seconds
[2024-03-10T10:00:05.079+0000] {processor.py:161} INFO - Started process (PID=227) to work on /home/airflow/.local/lib/python3.8/site-packages/airflow/example_dags/example_xcom.py
[2024-03-10T10:00:05.092+0000] {processor.py:830} INFO - Processing file /home/airflow/.local/lib/python3.8/site-packages/airflow/example_dags/example_xcom.py for tasks to queue
[2024-03-10T10:00:05.099+0000] {logging_mixin.py:188} INFO - [2024-03-10T10:00:05.098+0000] {dagbag.py:540} INFO - Filling up the DagBag from /home/airflow/.local/lib/python3.8/site-packages/airflow/example_dags/example_xcom.py
[2024-03-10T10:00:05.135+0000] {processor.py:840} INFO - DAG(s) 'example_xcom' retrieved from /home/airflow/.local/lib/python3.8/site-packages/airflow/example_dags/example_xcom.py
[2024-03-10T10:00:05.260+0000] {logging_mixin.py:188} INFO - [2024-03-10T10:00:05.260+0000] {dag.py:3047} INFO - Sync 1 DAGs
[2024-03-10T10:00:05.406+0000] {logging_mixin.py:188} INFO - [2024-03-10T10:00:05.406+0000] {dag.py:3834} INFO - Setting next_dagrun for example_xcom to 2021-01-01 00:00:00+00:00, run_after=2021-01-01 00:00:00+00:00
[2024-03-10T10:00:05.547+0000] {processor.py:183} INFO - Processing /home/airflow/.local/lib/python3.8/site-packages/airflow/example_dags/example_xcom.py took 0.488 seconds
