[2024-03-10T08:13:00.783+0000] {processor.py:161} INFO - Started process (PID=60) to work on /home/airflow/.local/lib/python3.8/site-packages/airflow/example_dags/example_task_group.py
[2024-03-10T08:13:00.820+0000] {processor.py:830} INFO - Processing file /home/airflow/.local/lib/python3.8/site-packages/airflow/example_dags/example_task_group.py for tasks to queue
[2024-03-10T08:13:00.832+0000] {logging_mixin.py:188} INFO - [2024-03-10T08:13:00.830+0000] {dagbag.py:540} INFO - Filling up the DagBag from /home/airflow/.local/lib/python3.8/site-packages/airflow/example_dags/example_task_group.py
[2024-03-10T08:13:01.135+0000] {processor.py:840} INFO - DAG(s) 'example_task_group' retrieved from /home/airflow/.local/lib/python3.8/site-packages/airflow/example_dags/example_task_group.py
[2024-03-10T08:13:02.477+0000] {logging_mixin.py:188} INFO - [2024-03-10T08:13:02.476+0000] {dag.py:3047} INFO - Sync 1 DAGs
[2024-03-10T08:13:02.617+0000] {logging_mixin.py:188} INFO - [2024-03-10T08:13:02.616+0000] {dag.py:3834} INFO - Setting next_dagrun for example_task_group to 2024-03-09 00:00:00+00:00, run_after=2024-03-10 00:00:00+00:00
[2024-03-10T08:13:02.771+0000] {processor.py:183} INFO - Processing /home/airflow/.local/lib/python3.8/site-packages/airflow/example_dags/example_task_group.py took 2.010 seconds
[2024-03-10T09:58:17.761+0000] {processor.py:161} INFO - Started process (PID=53) to work on /home/airflow/.local/lib/python3.8/site-packages/airflow/example_dags/example_task_group.py
[2024-03-10T09:58:17.773+0000] {processor.py:830} INFO - Processing file /home/airflow/.local/lib/python3.8/site-packages/airflow/example_dags/example_task_group.py for tasks to queue
[2024-03-10T09:58:17.806+0000] {logging_mixin.py:188} INFO - [2024-03-10T09:58:17.805+0000] {dagbag.py:540} INFO - Filling up the DagBag from /home/airflow/.local/lib/python3.8/site-packages/airflow/example_dags/example_task_group.py
[2024-03-10T09:58:17.899+0000] {processor.py:840} INFO - DAG(s) 'example_task_group' retrieved from /home/airflow/.local/lib/python3.8/site-packages/airflow/example_dags/example_task_group.py
[2024-03-10T09:58:18.454+0000] {logging_mixin.py:188} INFO - [2024-03-10T09:58:18.454+0000] {dag.py:3047} INFO - Sync 1 DAGs
[2024-03-10T09:58:18.867+0000] {logging_mixin.py:188} INFO - [2024-03-10T09:58:18.865+0000] {dag.py:3834} INFO - Setting next_dagrun for example_task_group to 2024-03-09 00:00:00+00:00, run_after=2024-03-10 00:00:00+00:00
[2024-03-10T09:58:18.930+0000] {processor.py:183} INFO - Processing /home/airflow/.local/lib/python3.8/site-packages/airflow/example_dags/example_task_group.py took 1.187 seconds
[2024-03-10T09:58:49.875+0000] {processor.py:161} INFO - Started process (PID=108) to work on /home/airflow/.local/lib/python3.8/site-packages/airflow/example_dags/example_task_group.py
[2024-03-10T09:58:49.878+0000] {processor.py:830} INFO - Processing file /home/airflow/.local/lib/python3.8/site-packages/airflow/example_dags/example_task_group.py for tasks to queue
[2024-03-10T09:58:49.882+0000] {logging_mixin.py:188} INFO - [2024-03-10T09:58:49.881+0000] {dagbag.py:540} INFO - Filling up the DagBag from /home/airflow/.local/lib/python3.8/site-packages/airflow/example_dags/example_task_group.py
[2024-03-10T09:58:49.896+0000] {processor.py:840} INFO - DAG(s) 'example_task_group' retrieved from /home/airflow/.local/lib/python3.8/site-packages/airflow/example_dags/example_task_group.py
[2024-03-10T09:58:49.958+0000] {logging_mixin.py:188} INFO - [2024-03-10T09:58:49.957+0000] {dag.py:3047} INFO - Sync 1 DAGs
[2024-03-10T09:58:50.041+0000] {logging_mixin.py:188} INFO - [2024-03-10T09:58:50.040+0000] {dag.py:3834} INFO - Setting next_dagrun for example_task_group to 2024-03-09 00:00:00+00:00, run_after=2024-03-10 00:00:00+00:00
[2024-03-10T09:58:50.084+0000] {processor.py:183} INFO - Processing /home/airflow/.local/lib/python3.8/site-packages/airflow/example_dags/example_task_group.py took 0.215 seconds
[2024-03-10T09:59:20.773+0000] {processor.py:161} INFO - Started process (PID=162) to work on /home/airflow/.local/lib/python3.8/site-packages/airflow/example_dags/example_task_group.py
[2024-03-10T09:59:20.775+0000] {processor.py:830} INFO - Processing file /home/airflow/.local/lib/python3.8/site-packages/airflow/example_dags/example_task_group.py for tasks to queue
[2024-03-10T09:59:20.779+0000] {logging_mixin.py:188} INFO - [2024-03-10T09:59:20.778+0000] {dagbag.py:540} INFO - Filling up the DagBag from /home/airflow/.local/lib/python3.8/site-packages/airflow/example_dags/example_task_group.py
[2024-03-10T09:59:20.796+0000] {processor.py:840} INFO - DAG(s) 'example_task_group' retrieved from /home/airflow/.local/lib/python3.8/site-packages/airflow/example_dags/example_task_group.py
[2024-03-10T09:59:20.826+0000] {logging_mixin.py:188} INFO - [2024-03-10T09:59:20.826+0000] {dag.py:3047} INFO - Sync 1 DAGs
[2024-03-10T09:59:20.878+0000] {logging_mixin.py:188} INFO - [2024-03-10T09:59:20.878+0000] {dag.py:3834} INFO - Setting next_dagrun for example_task_group to 2024-03-09 00:00:00+00:00, run_after=2024-03-10 00:00:00+00:00
[2024-03-10T09:59:20.918+0000] {processor.py:183} INFO - Processing /home/airflow/.local/lib/python3.8/site-packages/airflow/example_dags/example_task_group.py took 0.155 seconds
[2024-03-10T09:59:51.208+0000] {processor.py:161} INFO - Started process (PID=217) to work on /home/airflow/.local/lib/python3.8/site-packages/airflow/example_dags/example_task_group.py
[2024-03-10T09:59:51.213+0000] {processor.py:830} INFO - Processing file /home/airflow/.local/lib/python3.8/site-packages/airflow/example_dags/example_task_group.py for tasks to queue
[2024-03-10T09:59:51.221+0000] {logging_mixin.py:188} INFO - [2024-03-10T09:59:51.221+0000] {dagbag.py:540} INFO - Filling up the DagBag from /home/airflow/.local/lib/python3.8/site-packages/airflow/example_dags/example_task_group.py
[2024-03-10T09:59:51.232+0000] {processor.py:840} INFO - DAG(s) 'example_task_group' retrieved from /home/airflow/.local/lib/python3.8/site-packages/airflow/example_dags/example_task_group.py
[2024-03-10T09:59:51.406+0000] {logging_mixin.py:188} INFO - [2024-03-10T09:59:51.405+0000] {dag.py:3047} INFO - Sync 1 DAGs
[2024-03-10T09:59:51.439+0000] {logging_mixin.py:188} INFO - [2024-03-10T09:59:51.438+0000] {dag.py:3834} INFO - Setting next_dagrun for example_task_group to 2024-03-09 00:00:00+00:00, run_after=2024-03-10 00:00:00+00:00
[2024-03-10T09:59:51.490+0000] {processor.py:183} INFO - Processing /home/airflow/.local/lib/python3.8/site-packages/airflow/example_dags/example_task_group.py took 0.288 seconds
