[2024-03-10T09:58:39.958+0000] {processor.py:161} INFO - Started process (PID=83) to work on /home/airflow/.local/lib/python3.8/site-packages/airflow/example_dags/example_kubernetes_executor.py
[2024-03-10T09:58:39.960+0000] {processor.py:830} INFO - Processing file /home/airflow/.local/lib/python3.8/site-packages/airflow/example_dags/example_kubernetes_executor.py for tasks to queue
[2024-03-10T09:58:39.965+0000] {logging_mixin.py:188} INFO - [2024-03-10T09:58:39.964+0000] {dagbag.py:540} INFO - Filling up the DagBag from /home/airflow/.local/lib/python3.8/site-packages/airflow/example_dags/example_kubernetes_executor.py
[2024-03-10T09:58:40.037+0000] {processor.py:840} INFO - DAG(s) 'example_kubernetes_executor' retrieved from /home/airflow/.local/lib/python3.8/site-packages/airflow/example_dags/example_kubernetes_executor.py
[2024-03-10T09:58:40.399+0000] {logging_mixin.py:188} INFO - [2024-03-10T09:58:40.398+0000] {dag.py:3047} INFO - Sync 1 DAGs
[2024-03-10T09:58:40.426+0000] {logging_mixin.py:188} INFO - [2024-03-10T09:58:40.426+0000] {dag.py:3834} INFO - Setting next_dagrun for example_kubernetes_executor to None, run_after=None
[2024-03-10T09:58:40.472+0000] {processor.py:183} INFO - Processing /home/airflow/.local/lib/python3.8/site-packages/airflow/example_dags/example_kubernetes_executor.py took 0.521 seconds
[2024-03-10T09:59:10.597+0000] {processor.py:161} INFO - Started process (PID=138) to work on /home/airflow/.local/lib/python3.8/site-packages/airflow/example_dags/example_kubernetes_executor.py
[2024-03-10T09:59:10.599+0000] {processor.py:830} INFO - Processing file /home/airflow/.local/lib/python3.8/site-packages/airflow/example_dags/example_kubernetes_executor.py for tasks to queue
[2024-03-10T09:59:10.603+0000] {logging_mixin.py:188} INFO - [2024-03-10T09:59:10.602+0000] {dagbag.py:540} INFO - Filling up the DagBag from /home/airflow/.local/lib/python3.8/site-packages/airflow/example_dags/example_kubernetes_executor.py
[2024-03-10T09:59:10.638+0000] {processor.py:840} INFO - DAG(s) 'example_kubernetes_executor' retrieved from /home/airflow/.local/lib/python3.8/site-packages/airflow/example_dags/example_kubernetes_executor.py
[2024-03-10T09:59:10.724+0000] {logging_mixin.py:188} INFO - [2024-03-10T09:59:10.723+0000] {dag.py:3047} INFO - Sync 1 DAGs
[2024-03-10T09:59:10.747+0000] {logging_mixin.py:188} INFO - [2024-03-10T09:59:10.746+0000] {dag.py:3834} INFO - Setting next_dagrun for example_kubernetes_executor to None, run_after=None
[2024-03-10T09:59:10.807+0000] {processor.py:183} INFO - Processing /home/airflow/.local/lib/python3.8/site-packages/airflow/example_dags/example_kubernetes_executor.py took 0.219 seconds
[2024-03-10T09:59:41.234+0000] {processor.py:161} INFO - Started process (PID=193) to work on /home/airflow/.local/lib/python3.8/site-packages/airflow/example_dags/example_kubernetes_executor.py
[2024-03-10T09:59:41.235+0000] {processor.py:830} INFO - Processing file /home/airflow/.local/lib/python3.8/site-packages/airflow/example_dags/example_kubernetes_executor.py for tasks to queue
[2024-03-10T09:59:41.237+0000] {logging_mixin.py:188} INFO - [2024-03-10T09:59:41.237+0000] {dagbag.py:540} INFO - Filling up the DagBag from /home/airflow/.local/lib/python3.8/site-packages/airflow/example_dags/example_kubernetes_executor.py
[2024-03-10T09:59:41.257+0000] {processor.py:840} INFO - DAG(s) 'example_kubernetes_executor' retrieved from /home/airflow/.local/lib/python3.8/site-packages/airflow/example_dags/example_kubernetes_executor.py
[2024-03-10T09:59:41.307+0000] {logging_mixin.py:188} INFO - [2024-03-10T09:59:41.307+0000] {dag.py:3047} INFO - Sync 1 DAGs
[2024-03-10T09:59:41.323+0000] {logging_mixin.py:188} INFO - [2024-03-10T09:59:41.322+0000] {dag.py:3834} INFO - Setting next_dagrun for example_kubernetes_executor to None, run_after=None
[2024-03-10T09:59:41.365+0000] {processor.py:183} INFO - Processing /home/airflow/.local/lib/python3.8/site-packages/airflow/example_dags/example_kubernetes_executor.py took 0.136 seconds
