[2024-03-10T08:12:59.132+0000] {processor.py:161} INFO - Started process (PID=58) to work on /home/airflow/.local/lib/python3.8/site-packages/airflow/example_dags/example_branch_labels.py
[2024-03-10T08:12:59.141+0000] {processor.py:830} INFO - Processing file /home/airflow/.local/lib/python3.8/site-packages/airflow/example_dags/example_branch_labels.py for tasks to queue
[2024-03-10T08:12:59.155+0000] {logging_mixin.py:188} INFO - [2024-03-10T08:12:59.153+0000] {dagbag.py:540} INFO - Filling up the DagBag from /home/airflow/.local/lib/python3.8/site-packages/airflow/example_dags/example_branch_labels.py
[2024-03-10T08:12:59.337+0000] {processor.py:840} INFO - DAG(s) 'example_branch_labels' retrieved from /home/airflow/.local/lib/python3.8/site-packages/airflow/example_dags/example_branch_labels.py
[2024-03-10T08:12:59.844+0000] {logging_mixin.py:188} INFO - [2024-03-10T08:12:59.843+0000] {dag.py:3047} INFO - Sync 1 DAGs
[2024-03-10T08:13:00.043+0000] {logging_mixin.py:188} INFO - [2024-03-10T08:13:00.043+0000] {dag.py:3834} INFO - Setting next_dagrun for example_branch_labels to 2024-03-09 00:00:00+00:00, run_after=2024-03-10 00:00:00+00:00
[2024-03-10T08:13:00.347+0000] {processor.py:183} INFO - Processing /home/airflow/.local/lib/python3.8/site-packages/airflow/example_dags/example_branch_labels.py took 1.230 seconds
[2024-03-10T09:58:16.791+0000] {processor.py:161} INFO - Started process (PID=51) to work on /home/airflow/.local/lib/python3.8/site-packages/airflow/example_dags/example_branch_labels.py
[2024-03-10T09:58:16.813+0000] {processor.py:830} INFO - Processing file /home/airflow/.local/lib/python3.8/site-packages/airflow/example_dags/example_branch_labels.py for tasks to queue
[2024-03-10T09:58:16.843+0000] {logging_mixin.py:188} INFO - [2024-03-10T09:58:16.840+0000] {dagbag.py:540} INFO - Filling up the DagBag from /home/airflow/.local/lib/python3.8/site-packages/airflow/example_dags/example_branch_labels.py
[2024-03-10T09:58:16.939+0000] {processor.py:840} INFO - DAG(s) 'example_branch_labels' retrieved from /home/airflow/.local/lib/python3.8/site-packages/airflow/example_dags/example_branch_labels.py
[2024-03-10T09:58:17.220+0000] {logging_mixin.py:188} INFO - [2024-03-10T09:58:17.215+0000] {dag.py:3047} INFO - Sync 1 DAGs
[2024-03-10T09:58:17.475+0000] {logging_mixin.py:188} INFO - [2024-03-10T09:58:17.475+0000] {dag.py:3834} INFO - Setting next_dagrun for example_branch_labels to 2024-03-09 00:00:00+00:00, run_after=2024-03-10 00:00:00+00:00
[2024-03-10T09:58:17.610+0000] {processor.py:183} INFO - Processing /home/airflow/.local/lib/python3.8/site-packages/airflow/example_dags/example_branch_labels.py took 0.869 seconds
[2024-03-10T09:58:48.414+0000] {processor.py:161} INFO - Started process (PID=106) to work on /home/airflow/.local/lib/python3.8/site-packages/airflow/example_dags/example_branch_labels.py
[2024-03-10T09:58:48.417+0000] {processor.py:830} INFO - Processing file /home/airflow/.local/lib/python3.8/site-packages/airflow/example_dags/example_branch_labels.py for tasks to queue
[2024-03-10T09:58:48.420+0000] {logging_mixin.py:188} INFO - [2024-03-10T09:58:48.420+0000] {dagbag.py:540} INFO - Filling up the DagBag from /home/airflow/.local/lib/python3.8/site-packages/airflow/example_dags/example_branch_labels.py
[2024-03-10T09:58:48.441+0000] {processor.py:840} INFO - DAG(s) 'example_branch_labels' retrieved from /home/airflow/.local/lib/python3.8/site-packages/airflow/example_dags/example_branch_labels.py
[2024-03-10T09:58:48.488+0000] {logging_mixin.py:188} INFO - [2024-03-10T09:58:48.487+0000] {dag.py:3047} INFO - Sync 1 DAGs
[2024-03-10T09:58:48.574+0000] {logging_mixin.py:188} INFO - [2024-03-10T09:58:48.573+0000] {dag.py:3834} INFO - Setting next_dagrun for example_branch_labels to 2024-03-09 00:00:00+00:00, run_after=2024-03-10 00:00:00+00:00
[2024-03-10T09:58:48.616+0000] {processor.py:183} INFO - Processing /home/airflow/.local/lib/python3.8/site-packages/airflow/example_dags/example_branch_labels.py took 0.209 seconds
[2024-03-10T09:59:18.713+0000] {processor.py:161} INFO - Started process (PID=160) to work on /home/airflow/.local/lib/python3.8/site-packages/airflow/example_dags/example_branch_labels.py
[2024-03-10T09:59:18.714+0000] {processor.py:830} INFO - Processing file /home/airflow/.local/lib/python3.8/site-packages/airflow/example_dags/example_branch_labels.py for tasks to queue
[2024-03-10T09:59:18.717+0000] {logging_mixin.py:188} INFO - [2024-03-10T09:59:18.717+0000] {dagbag.py:540} INFO - Filling up the DagBag from /home/airflow/.local/lib/python3.8/site-packages/airflow/example_dags/example_branch_labels.py
[2024-03-10T09:59:18.729+0000] {processor.py:840} INFO - DAG(s) 'example_branch_labels' retrieved from /home/airflow/.local/lib/python3.8/site-packages/airflow/example_dags/example_branch_labels.py
[2024-03-10T09:59:18.747+0000] {logging_mixin.py:188} INFO - [2024-03-10T09:59:18.747+0000] {dag.py:3047} INFO - Sync 1 DAGs
[2024-03-10T09:59:18.780+0000] {logging_mixin.py:188} INFO - [2024-03-10T09:59:18.780+0000] {dag.py:3834} INFO - Setting next_dagrun for example_branch_labels to 2024-03-09 00:00:00+00:00, run_after=2024-03-10 00:00:00+00:00
[2024-03-10T09:59:18.809+0000] {processor.py:183} INFO - Processing /home/airflow/.local/lib/python3.8/site-packages/airflow/example_dags/example_branch_labels.py took 0.101 seconds
[2024-03-10T09:59:49.515+0000] {processor.py:161} INFO - Started process (PID=213) to work on /home/airflow/.local/lib/python3.8/site-packages/airflow/example_dags/example_branch_labels.py
[2024-03-10T09:59:49.517+0000] {processor.py:830} INFO - Processing file /home/airflow/.local/lib/python3.8/site-packages/airflow/example_dags/example_branch_labels.py for tasks to queue
[2024-03-10T09:59:49.521+0000] {logging_mixin.py:188} INFO - [2024-03-10T09:59:49.520+0000] {dagbag.py:540} INFO - Filling up the DagBag from /home/airflow/.local/lib/python3.8/site-packages/airflow/example_dags/example_branch_labels.py
[2024-03-10T09:59:49.534+0000] {processor.py:840} INFO - DAG(s) 'example_branch_labels' retrieved from /home/airflow/.local/lib/python3.8/site-packages/airflow/example_dags/example_branch_labels.py
[2024-03-10T09:59:49.719+0000] {logging_mixin.py:188} INFO - [2024-03-10T09:59:49.719+0000] {dag.py:3047} INFO - Sync 1 DAGs
[2024-03-10T09:59:49.752+0000] {logging_mixin.py:188} INFO - [2024-03-10T09:59:49.752+0000] {dag.py:3834} INFO - Setting next_dagrun for example_branch_labels to 2024-03-09 00:00:00+00:00, run_after=2024-03-10 00:00:00+00:00
[2024-03-10T09:59:49.783+0000] {processor.py:183} INFO - Processing /home/airflow/.local/lib/python3.8/site-packages/airflow/example_dags/example_branch_labels.py took 0.273 seconds
