[2024-03-10T08:12:51.031+0000] {processor.py:161} INFO - Started process (PID=48) to work on /home/airflow/.local/lib/python3.8/site-packages/airflow/example_dags/example_branch_python_dop_operator_3.py
[2024-03-10T08:12:51.060+0000] {processor.py:830} INFO - Processing file /home/airflow/.local/lib/python3.8/site-packages/airflow/example_dags/example_branch_python_dop_operator_3.py for tasks to queue
[2024-03-10T08:12:51.263+0000] {logging_mixin.py:188} INFO - [2024-03-10T08:12:51.200+0000] {dagbag.py:540} INFO - Filling up the DagBag from /home/airflow/.local/lib/python3.8/site-packages/airflow/example_dags/example_branch_python_dop_operator_3.py
[2024-03-10T08:12:51.594+0000] {processor.py:840} INFO - DAG(s) 'example_branch_dop_operator_v3' retrieved from /home/airflow/.local/lib/python3.8/site-packages/airflow/example_dags/example_branch_python_dop_operator_3.py
[2024-03-10T08:12:53.038+0000] {logging_mixin.py:188} INFO - [2024-03-10T08:12:53.037+0000] {dag.py:3047} INFO - Sync 1 DAGs
[2024-03-10T08:12:53.136+0000] {logging_mixin.py:188} INFO - [2024-03-10T08:12:53.136+0000] {dag.py:3834} INFO - Setting next_dagrun for example_branch_dop_operator_v3 to 2024-03-10 08:11:00+00:00, run_after=2024-03-10 08:12:00+00:00
[2024-03-10T08:12:53.229+0000] {processor.py:183} INFO - Processing /home/airflow/.local/lib/python3.8/site-packages/airflow/example_dags/example_branch_python_dop_operator_3.py took 2.211 seconds
[2024-03-10T09:58:11.444+0000] {processor.py:161} INFO - Started process (PID=41) to work on /home/airflow/.local/lib/python3.8/site-packages/airflow/example_dags/example_branch_python_dop_operator_3.py
[2024-03-10T09:58:11.452+0000] {processor.py:830} INFO - Processing file /home/airflow/.local/lib/python3.8/site-packages/airflow/example_dags/example_branch_python_dop_operator_3.py for tasks to queue
[2024-03-10T09:58:11.463+0000] {logging_mixin.py:188} INFO - [2024-03-10T09:58:11.463+0000] {dagbag.py:540} INFO - Filling up the DagBag from /home/airflow/.local/lib/python3.8/site-packages/airflow/example_dags/example_branch_python_dop_operator_3.py
[2024-03-10T09:58:11.640+0000] {processor.py:840} INFO - DAG(s) 'example_branch_dop_operator_v3' retrieved from /home/airflow/.local/lib/python3.8/site-packages/airflow/example_dags/example_branch_python_dop_operator_3.py
[2024-03-10T09:58:11.898+0000] {logging_mixin.py:188} INFO - [2024-03-10T09:58:11.897+0000] {dag.py:3047} INFO - Sync 1 DAGs
[2024-03-10T09:58:12.282+0000] {logging_mixin.py:188} INFO - [2024-03-10T09:58:12.282+0000] {dag.py:3834} INFO - Setting next_dagrun for example_branch_dop_operator_v3 to 2024-03-10 09:57:00+00:00, run_after=2024-03-10 09:58:00+00:00
[2024-03-10T09:58:12.417+0000] {processor.py:183} INFO - Processing /home/airflow/.local/lib/python3.8/site-packages/airflow/example_dags/example_branch_python_dop_operator_3.py took 0.997 seconds
[2024-03-10T09:58:43.969+0000] {processor.py:161} INFO - Started process (PID=96) to work on /home/airflow/.local/lib/python3.8/site-packages/airflow/example_dags/example_branch_python_dop_operator_3.py
[2024-03-10T09:58:43.972+0000] {processor.py:830} INFO - Processing file /home/airflow/.local/lib/python3.8/site-packages/airflow/example_dags/example_branch_python_dop_operator_3.py for tasks to queue
[2024-03-10T09:58:43.976+0000] {logging_mixin.py:188} INFO - [2024-03-10T09:58:43.976+0000] {dagbag.py:540} INFO - Filling up the DagBag from /home/airflow/.local/lib/python3.8/site-packages/airflow/example_dags/example_branch_python_dop_operator_3.py
[2024-03-10T09:58:44.001+0000] {processor.py:840} INFO - DAG(s) 'example_branch_dop_operator_v3' retrieved from /home/airflow/.local/lib/python3.8/site-packages/airflow/example_dags/example_branch_python_dop_operator_3.py
[2024-03-10T09:58:44.076+0000] {logging_mixin.py:188} INFO - [2024-03-10T09:58:44.074+0000] {dag.py:3047} INFO - Sync 1 DAGs
[2024-03-10T09:58:44.180+0000] {logging_mixin.py:188} INFO - [2024-03-10T09:58:44.180+0000] {dag.py:3834} INFO - Setting next_dagrun for example_branch_dop_operator_v3 to 2024-03-10 09:57:00+00:00, run_after=2024-03-10 09:58:00+00:00
[2024-03-10T09:58:44.243+0000] {processor.py:183} INFO - Processing /home/airflow/.local/lib/python3.8/site-packages/airflow/example_dags/example_branch_python_dop_operator_3.py took 0.281 seconds
[2024-03-10T09:59:14.813+0000] {processor.py:161} INFO - Started process (PID=149) to work on /home/airflow/.local/lib/python3.8/site-packages/airflow/example_dags/example_branch_python_dop_operator_3.py
[2024-03-10T09:59:14.842+0000] {processor.py:830} INFO - Processing file /home/airflow/.local/lib/python3.8/site-packages/airflow/example_dags/example_branch_python_dop_operator_3.py for tasks to queue
[2024-03-10T09:59:14.860+0000] {logging_mixin.py:188} INFO - [2024-03-10T09:59:14.859+0000] {dagbag.py:540} INFO - Filling up the DagBag from /home/airflow/.local/lib/python3.8/site-packages/airflow/example_dags/example_branch_python_dop_operator_3.py
[2024-03-10T09:59:14.901+0000] {processor.py:840} INFO - DAG(s) 'example_branch_dop_operator_v3' retrieved from /home/airflow/.local/lib/python3.8/site-packages/airflow/example_dags/example_branch_python_dop_operator_3.py
[2024-03-10T09:59:14.965+0000] {logging_mixin.py:188} INFO - [2024-03-10T09:59:14.964+0000] {dag.py:3047} INFO - Sync 1 DAGs
[2024-03-10T09:59:15.163+0000] {logging_mixin.py:188} INFO - [2024-03-10T09:59:15.163+0000] {dag.py:3834} INFO - Setting next_dagrun for example_branch_dop_operator_v3 to 2024-03-10 09:58:00+00:00, run_after=2024-03-10 09:59:00+00:00
[2024-03-10T09:59:15.529+0000] {processor.py:183} INFO - Processing /home/airflow/.local/lib/python3.8/site-packages/airflow/example_dags/example_branch_python_dop_operator_3.py took 0.735 seconds
[2024-03-10T09:59:45.897+0000] {processor.py:161} INFO - Started process (PID=204) to work on /home/airflow/.local/lib/python3.8/site-packages/airflow/example_dags/example_branch_python_dop_operator_3.py
[2024-03-10T09:59:45.900+0000] {processor.py:830} INFO - Processing file /home/airflow/.local/lib/python3.8/site-packages/airflow/example_dags/example_branch_python_dop_operator_3.py for tasks to queue
[2024-03-10T09:59:45.903+0000] {logging_mixin.py:188} INFO - [2024-03-10T09:59:45.903+0000] {dagbag.py:540} INFO - Filling up the DagBag from /home/airflow/.local/lib/python3.8/site-packages/airflow/example_dags/example_branch_python_dop_operator_3.py
[2024-03-10T09:59:45.930+0000] {processor.py:840} INFO - DAG(s) 'example_branch_dop_operator_v3' retrieved from /home/airflow/.local/lib/python3.8/site-packages/airflow/example_dags/example_branch_python_dop_operator_3.py
[2024-03-10T09:59:46.186+0000] {logging_mixin.py:188} INFO - [2024-03-10T09:59:46.185+0000] {dag.py:3047} INFO - Sync 1 DAGs
[2024-03-10T09:59:46.229+0000] {logging_mixin.py:188} INFO - [2024-03-10T09:59:46.229+0000] {dag.py:3834} INFO - Setting next_dagrun for example_branch_dop_operator_v3 to 2024-03-10 09:58:00+00:00, run_after=2024-03-10 09:59:00+00:00
[2024-03-10T09:59:46.267+0000] {processor.py:183} INFO - Processing /home/airflow/.local/lib/python3.8/site-packages/airflow/example_dags/example_branch_python_dop_operator_3.py took 0.383 seconds
