[2024-03-10T09:58:40.126+0000] {processor.py:161} INFO - Started process (PID=84) to work on /home/airflow/.local/lib/python3.8/site-packages/airflow/example_dags/example_bash_operator.py
[2024-03-10T09:58:40.131+0000] {processor.py:830} INFO - Processing file /home/airflow/.local/lib/python3.8/site-packages/airflow/example_dags/example_bash_operator.py for tasks to queue
[2024-03-10T09:58:40.135+0000] {logging_mixin.py:188} INFO - [2024-03-10T09:58:40.134+0000] {dagbag.py:540} INFO - Filling up the DagBag from /home/airflow/.local/lib/python3.8/site-packages/airflow/example_dags/example_bash_operator.py
[2024-03-10T09:58:40.169+0000] {processor.py:840} INFO - DAG(s) 'example_bash_operator' retrieved from /home/airflow/.local/lib/python3.8/site-packages/airflow/example_dags/example_bash_operator.py
[2024-03-10T09:58:40.492+0000] {logging_mixin.py:188} INFO - [2024-03-10T09:58:40.491+0000] {dag.py:3047} INFO - Sync 1 DAGs
[2024-03-10T09:58:40.593+0000] {logging_mixin.py:188} INFO - [2024-03-10T09:58:40.592+0000] {dag.py:3834} INFO - Setting next_dagrun for example_bash_operator to 2024-03-09 00:00:00+00:00, run_after=2024-03-10 00:00:00+00:00
[2024-03-10T09:58:40.659+0000] {processor.py:183} INFO - Processing /home/airflow/.local/lib/python3.8/site-packages/airflow/example_dags/example_bash_operator.py took 0.544 seconds
[2024-03-10T09:59:10.717+0000] {processor.py:161} INFO - Started process (PID=139) to work on /home/airflow/.local/lib/python3.8/site-packages/airflow/example_dags/example_bash_operator.py
[2024-03-10T09:59:10.719+0000] {processor.py:830} INFO - Processing file /home/airflow/.local/lib/python3.8/site-packages/airflow/example_dags/example_bash_operator.py for tasks to queue
[2024-03-10T09:59:10.723+0000] {logging_mixin.py:188} INFO - [2024-03-10T09:59:10.722+0000] {dagbag.py:540} INFO - Filling up the DagBag from /home/airflow/.local/lib/python3.8/site-packages/airflow/example_dags/example_bash_operator.py
[2024-03-10T09:59:10.752+0000] {processor.py:840} INFO - DAG(s) 'example_bash_operator' retrieved from /home/airflow/.local/lib/python3.8/site-packages/airflow/example_dags/example_bash_operator.py
[2024-03-10T09:59:10.849+0000] {logging_mixin.py:188} INFO - [2024-03-10T09:59:10.849+0000] {dag.py:3047} INFO - Sync 1 DAGs
[2024-03-10T09:59:10.897+0000] {logging_mixin.py:188} INFO - [2024-03-10T09:59:10.896+0000] {dag.py:3834} INFO - Setting next_dagrun for example_bash_operator to 2024-03-09 00:00:00+00:00, run_after=2024-03-10 00:00:00+00:00
[2024-03-10T09:59:10.947+0000] {processor.py:183} INFO - Processing /home/airflow/.local/lib/python3.8/site-packages/airflow/example_dags/example_bash_operator.py took 0.238 seconds
[2024-03-10T09:59:41.418+0000] {processor.py:161} INFO - Started process (PID=194) to work on /home/airflow/.local/lib/python3.8/site-packages/airflow/example_dags/example_bash_operator.py
[2024-03-10T09:59:41.420+0000] {processor.py:830} INFO - Processing file /home/airflow/.local/lib/python3.8/site-packages/airflow/example_dags/example_bash_operator.py for tasks to queue
[2024-03-10T09:59:41.424+0000] {logging_mixin.py:188} INFO - [2024-03-10T09:59:41.423+0000] {dagbag.py:540} INFO - Filling up the DagBag from /home/airflow/.local/lib/python3.8/site-packages/airflow/example_dags/example_bash_operator.py
[2024-03-10T09:59:41.441+0000] {processor.py:840} INFO - DAG(s) 'example_bash_operator' retrieved from /home/airflow/.local/lib/python3.8/site-packages/airflow/example_dags/example_bash_operator.py
[2024-03-10T09:59:41.482+0000] {logging_mixin.py:188} INFO - [2024-03-10T09:59:41.482+0000] {dag.py:3047} INFO - Sync 1 DAGs
[2024-03-10T09:59:41.512+0000] {logging_mixin.py:188} INFO - [2024-03-10T09:59:41.512+0000] {dag.py:3834} INFO - Setting next_dagrun for example_bash_operator to 2024-03-09 00:00:00+00:00, run_after=2024-03-10 00:00:00+00:00
[2024-03-10T09:59:41.540+0000] {processor.py:183} INFO - Processing /home/airflow/.local/lib/python3.8/site-packages/airflow/example_dags/example_bash_operator.py took 0.127 seconds
