[2024-03-10T08:12:53.310+0000] {processor.py:161} INFO - Started process (PID=50) to work on /home/airflow/.local/lib/python3.8/site-packages/airflow/example_dags/example_latest_only.py
[2024-03-10T08:12:53.313+0000] {processor.py:830} INFO - Processing file /home/airflow/.local/lib/python3.8/site-packages/airflow/example_dags/example_latest_only.py for tasks to queue
[2024-03-10T08:12:53.322+0000] {logging_mixin.py:188} INFO - [2024-03-10T08:12:53.321+0000] {dagbag.py:540} INFO - Filling up the DagBag from /home/airflow/.local/lib/python3.8/site-packages/airflow/example_dags/example_latest_only.py
[2024-03-10T08:12:53.363+0000] {processor.py:840} INFO - DAG(s) 'latest_only' retrieved from /home/airflow/.local/lib/python3.8/site-packages/airflow/example_dags/example_latest_only.py
[2024-03-10T08:12:53.740+0000] {logging_mixin.py:188} INFO - [2024-03-10T08:12:53.739+0000] {dag.py:3047} INFO - Sync 1 DAGs
[2024-03-10T08:12:53.805+0000] {logging_mixin.py:188} INFO - [2024-03-10T08:12:53.805+0000] {dag.py:3834} INFO - Setting next_dagrun for latest_only to 2024-03-10 04:00:00+00:00, run_after=2024-03-10 08:00:00+00:00
[2024-03-10T08:12:55.357+0000] {processor.py:183} INFO - Processing /home/airflow/.local/lib/python3.8/site-packages/airflow/example_dags/example_latest_only.py took 2.056 seconds
[2024-03-10T09:58:12.566+0000] {processor.py:161} INFO - Started process (PID=43) to work on /home/airflow/.local/lib/python3.8/site-packages/airflow/example_dags/example_latest_only.py
[2024-03-10T09:58:12.592+0000] {processor.py:830} INFO - Processing file /home/airflow/.local/lib/python3.8/site-packages/airflow/example_dags/example_latest_only.py for tasks to queue
[2024-03-10T09:58:12.598+0000] {logging_mixin.py:188} INFO - [2024-03-10T09:58:12.597+0000] {dagbag.py:540} INFO - Filling up the DagBag from /home/airflow/.local/lib/python3.8/site-packages/airflow/example_dags/example_latest_only.py
[2024-03-10T09:58:12.631+0000] {processor.py:840} INFO - DAG(s) 'latest_only' retrieved from /home/airflow/.local/lib/python3.8/site-packages/airflow/example_dags/example_latest_only.py
[2024-03-10T09:58:12.718+0000] {logging_mixin.py:188} INFO - [2024-03-10T09:58:12.718+0000] {dag.py:3047} INFO - Sync 1 DAGs
[2024-03-10T09:58:12.787+0000] {logging_mixin.py:188} INFO - [2024-03-10T09:58:12.786+0000] {dag.py:3834} INFO - Setting next_dagrun for latest_only to 2024-03-10 04:00:00+00:00, run_after=2024-03-10 08:00:00+00:00
[2024-03-10T09:58:12.842+0000] {processor.py:183} INFO - Processing /home/airflow/.local/lib/python3.8/site-packages/airflow/example_dags/example_latest_only.py took 0.300 seconds
[2024-03-10T09:58:44.616+0000] {processor.py:161} INFO - Started process (PID=98) to work on /home/airflow/.local/lib/python3.8/site-packages/airflow/example_dags/example_latest_only.py
[2024-03-10T09:58:44.618+0000] {processor.py:830} INFO - Processing file /home/airflow/.local/lib/python3.8/site-packages/airflow/example_dags/example_latest_only.py for tasks to queue
[2024-03-10T09:58:44.624+0000] {logging_mixin.py:188} INFO - [2024-03-10T09:58:44.623+0000] {dagbag.py:540} INFO - Filling up the DagBag from /home/airflow/.local/lib/python3.8/site-packages/airflow/example_dags/example_latest_only.py
[2024-03-10T09:58:44.637+0000] {processor.py:840} INFO - DAG(s) 'latest_only' retrieved from /home/airflow/.local/lib/python3.8/site-packages/airflow/example_dags/example_latest_only.py
[2024-03-10T09:58:44.686+0000] {logging_mixin.py:188} INFO - [2024-03-10T09:58:44.686+0000] {dag.py:3047} INFO - Sync 1 DAGs
[2024-03-10T09:58:44.751+0000] {logging_mixin.py:188} INFO - [2024-03-10T09:58:44.751+0000] {dag.py:3834} INFO - Setting next_dagrun for latest_only to 2024-03-10 04:00:00+00:00, run_after=2024-03-10 08:00:00+00:00
[2024-03-10T09:58:44.811+0000] {processor.py:183} INFO - Processing /home/airflow/.local/lib/python3.8/site-packages/airflow/example_dags/example_latest_only.py took 0.203 seconds
[2024-03-10T09:59:15.591+0000] {processor.py:161} INFO - Started process (PID=151) to work on /home/airflow/.local/lib/python3.8/site-packages/airflow/example_dags/example_latest_only.py
[2024-03-10T09:59:15.593+0000] {processor.py:830} INFO - Processing file /home/airflow/.local/lib/python3.8/site-packages/airflow/example_dags/example_latest_only.py for tasks to queue
[2024-03-10T09:59:15.598+0000] {logging_mixin.py:188} INFO - [2024-03-10T09:59:15.597+0000] {dagbag.py:540} INFO - Filling up the DagBag from /home/airflow/.local/lib/python3.8/site-packages/airflow/example_dags/example_latest_only.py
[2024-03-10T09:59:15.608+0000] {processor.py:840} INFO - DAG(s) 'latest_only' retrieved from /home/airflow/.local/lib/python3.8/site-packages/airflow/example_dags/example_latest_only.py
[2024-03-10T09:59:15.628+0000] {logging_mixin.py:188} INFO - [2024-03-10T09:59:15.627+0000] {dag.py:3047} INFO - Sync 1 DAGs
[2024-03-10T09:59:15.668+0000] {logging_mixin.py:188} INFO - [2024-03-10T09:59:15.667+0000] {dag.py:3834} INFO - Setting next_dagrun for latest_only to 2024-03-10 04:00:00+00:00, run_after=2024-03-10 08:00:00+00:00
[2024-03-10T09:59:15.702+0000] {processor.py:183} INFO - Processing /home/airflow/.local/lib/python3.8/site-packages/airflow/example_dags/example_latest_only.py took 0.117 seconds
[2024-03-10T09:59:46.309+0000] {processor.py:161} INFO - Started process (PID=206) to work on /home/airflow/.local/lib/python3.8/site-packages/airflow/example_dags/example_latest_only.py
[2024-03-10T09:59:46.311+0000] {processor.py:830} INFO - Processing file /home/airflow/.local/lib/python3.8/site-packages/airflow/example_dags/example_latest_only.py for tasks to queue
[2024-03-10T09:59:46.314+0000] {logging_mixin.py:188} INFO - [2024-03-10T09:59:46.314+0000] {dagbag.py:540} INFO - Filling up the DagBag from /home/airflow/.local/lib/python3.8/site-packages/airflow/example_dags/example_latest_only.py
[2024-03-10T09:59:46.323+0000] {processor.py:840} INFO - DAG(s) 'latest_only' retrieved from /home/airflow/.local/lib/python3.8/site-packages/airflow/example_dags/example_latest_only.py
[2024-03-10T09:59:46.495+0000] {logging_mixin.py:188} INFO - [2024-03-10T09:59:46.494+0000] {dag.py:3047} INFO - Sync 1 DAGs
[2024-03-10T09:59:46.532+0000] {logging_mixin.py:188} INFO - [2024-03-10T09:59:46.532+0000] {dag.py:3834} INFO - Setting next_dagrun for latest_only to 2024-03-10 04:00:00+00:00, run_after=2024-03-10 08:00:00+00:00
[2024-03-10T09:59:46.565+0000] {processor.py:183} INFO - Processing /home/airflow/.local/lib/python3.8/site-packages/airflow/example_dags/example_latest_only.py took 0.262 seconds
