[2024-03-10T08:13:10.982+0000] {processor.py:161} INFO - Started process (PID=75) to work on /home/airflow/.local/lib/python3.8/site-packages/airflow/example_dags/example_branch_operator.py
[2024-03-10T08:13:11.000+0000] {processor.py:830} INFO - Processing file /home/airflow/.local/lib/python3.8/site-packages/airflow/example_dags/example_branch_operator.py for tasks to queue
[2024-03-10T08:13:11.030+0000] {logging_mixin.py:188} INFO - [2024-03-10T08:13:11.028+0000] {dagbag.py:540} INFO - Filling up the DagBag from /home/airflow/.local/lib/python3.8/site-packages/airflow/example_dags/example_branch_operator.py
[2024-03-10T08:13:11.200+0000] {processor.py:840} INFO - DAG(s) 'example_branch_operator' retrieved from /home/airflow/.local/lib/python3.8/site-packages/airflow/example_dags/example_branch_operator.py
[2024-03-10T08:13:17.819+0000] {logging_mixin.py:188} INFO - [2024-03-10T08:13:17.815+0000] {process_utils.py:262} INFO - Waiting up to 5 seconds for processes to exit...
[2024-03-10T09:58:34.602+0000] {processor.py:161} INFO - Started process (PID=68) to work on /home/airflow/.local/lib/python3.8/site-packages/airflow/example_dags/example_branch_operator.py
[2024-03-10T09:58:34.606+0000] {processor.py:830} INFO - Processing file /home/airflow/.local/lib/python3.8/site-packages/airflow/example_dags/example_branch_operator.py for tasks to queue
[2024-03-10T09:58:34.612+0000] {logging_mixin.py:188} INFO - [2024-03-10T09:58:34.611+0000] {dagbag.py:540} INFO - Filling up the DagBag from /home/airflow/.local/lib/python3.8/site-packages/airflow/example_dags/example_branch_operator.py
[2024-03-10T09:58:34.666+0000] {processor.py:840} INFO - DAG(s) 'example_branch_operator' retrieved from /home/airflow/.local/lib/python3.8/site-packages/airflow/example_dags/example_branch_operator.py
[2024-03-10T09:58:35.101+0000] {logging_mixin.py:188} INFO - [2024-03-10T09:58:35.100+0000] {dag.py:3047} INFO - Sync 1 DAGs
[2024-03-10T09:58:35.354+0000] {logging_mixin.py:188} INFO - [2024-03-10T09:58:35.354+0000] {dag.py:3834} INFO - Setting next_dagrun for example_branch_operator to 2024-03-09 00:00:00+00:00, run_after=2024-03-10 00:00:00+00:00
[2024-03-10T09:58:35.414+0000] {processor.py:183} INFO - Processing /home/airflow/.local/lib/python3.8/site-packages/airflow/example_dags/example_branch_operator.py took 0.820 seconds
[2024-03-10T09:59:07.161+0000] {processor.py:161} INFO - Started process (PID=123) to work on /home/airflow/.local/lib/python3.8/site-packages/airflow/example_dags/example_branch_operator.py
[2024-03-10T09:59:07.176+0000] {processor.py:830} INFO - Processing file /home/airflow/.local/lib/python3.8/site-packages/airflow/example_dags/example_branch_operator.py for tasks to queue
[2024-03-10T09:59:07.180+0000] {logging_mixin.py:188} INFO - [2024-03-10T09:59:07.179+0000] {dagbag.py:540} INFO - Filling up the DagBag from /home/airflow/.local/lib/python3.8/site-packages/airflow/example_dags/example_branch_operator.py
[2024-03-10T09:59:07.296+0000] {processor.py:840} INFO - DAG(s) 'example_branch_operator' retrieved from /home/airflow/.local/lib/python3.8/site-packages/airflow/example_dags/example_branch_operator.py
[2024-03-10T09:59:07.433+0000] {logging_mixin.py:188} INFO - [2024-03-10T09:59:07.432+0000] {dag.py:3047} INFO - Sync 1 DAGs
[2024-03-10T09:59:07.612+0000] {logging_mixin.py:188} INFO - [2024-03-10T09:59:07.611+0000] {dag.py:3834} INFO - Setting next_dagrun for example_branch_operator to 2024-03-09 00:00:00+00:00, run_after=2024-03-10 00:00:00+00:00
[2024-03-10T09:59:07.740+0000] {processor.py:183} INFO - Processing /home/airflow/.local/lib/python3.8/site-packages/airflow/example_dags/example_branch_operator.py took 0.596 seconds
[2024-03-10T09:59:38.560+0000] {processor.py:161} INFO - Started process (PID=178) to work on /home/airflow/.local/lib/python3.8/site-packages/airflow/example_dags/example_branch_operator.py
[2024-03-10T09:59:38.562+0000] {processor.py:830} INFO - Processing file /home/airflow/.local/lib/python3.8/site-packages/airflow/example_dags/example_branch_operator.py for tasks to queue
[2024-03-10T09:59:38.566+0000] {logging_mixin.py:188} INFO - [2024-03-10T09:59:38.566+0000] {dagbag.py:540} INFO - Filling up the DagBag from /home/airflow/.local/lib/python3.8/site-packages/airflow/example_dags/example_branch_operator.py
[2024-03-10T09:59:38.613+0000] {processor.py:840} INFO - DAG(s) 'example_branch_operator' retrieved from /home/airflow/.local/lib/python3.8/site-packages/airflow/example_dags/example_branch_operator.py
[2024-03-10T09:59:38.666+0000] {logging_mixin.py:188} INFO - [2024-03-10T09:59:38.665+0000] {dag.py:3047} INFO - Sync 1 DAGs
[2024-03-10T09:59:38.709+0000] {logging_mixin.py:188} INFO - [2024-03-10T09:59:38.708+0000] {dag.py:3834} INFO - Setting next_dagrun for example_branch_operator to 2024-03-09 00:00:00+00:00, run_after=2024-03-10 00:00:00+00:00
[2024-03-10T09:59:38.745+0000] {processor.py:183} INFO - Processing /home/airflow/.local/lib/python3.8/site-packages/airflow/example_dags/example_branch_operator.py took 0.192 seconds
