[2024-03-10T08:13:07.274+0000] {processor.py:161} INFO - Started process (PID=66) to work on /home/airflow/.local/lib/python3.8/site-packages/airflow/example_dags/example_subdag_operator.py
[2024-03-10T08:13:07.281+0000] {processor.py:830} INFO - Processing file /home/airflow/.local/lib/python3.8/site-packages/airflow/example_dags/example_subdag_operator.py for tasks to queue
[2024-03-10T08:13:07.291+0000] {logging_mixin.py:188} INFO - [2024-03-10T08:13:07.290+0000] {dagbag.py:540} INFO - Filling up the DagBag from /home/airflow/.local/lib/python3.8/site-packages/airflow/example_dags/example_subdag_operator.py
[2024-03-10T08:13:07.532+0000] {processor.py:840} INFO - DAG(s) 'example_subdag_operator.section-1', 'example_subdag_operator.section-2', 'example_subdag_operator' retrieved from /home/airflow/.local/lib/python3.8/site-packages/airflow/example_dags/example_subdag_operator.py
[2024-03-10T08:13:08.397+0000] {logging_mixin.py:188} INFO - [2024-03-10T08:13:08.396+0000] {dag.py:3047} INFO - Sync 3 DAGs
[2024-03-10T08:13:08.511+0000] {logging_mixin.py:188} INFO - [2024-03-10T08:13:08.510+0000] {dag.py:3834} INFO - Setting next_dagrun for example_subdag_operator to 2022-01-01 00:00:00+00:00, run_after=2022-01-01 00:00:00+00:00
[2024-03-10T08:13:08.531+0000] {logging_mixin.py:188} INFO - [2024-03-10T08:13:08.530+0000] {dag.py:3834} INFO - Setting next_dagrun for example_subdag_operator.section-1 to None, run_after=None
[2024-03-10T08:13:08.535+0000] {logging_mixin.py:188} INFO - [2024-03-10T08:13:08.535+0000] {dag.py:3834} INFO - Setting next_dagrun for example_subdag_operator.section-2 to None, run_after=None
[2024-03-10T08:13:08.593+0000] {logging_mixin.py:188} INFO - [2024-03-10T08:13:08.592+0000] {dag.py:3047} INFO - Sync 2 DAGs
[2024-03-10T08:13:08.620+0000] {logging_mixin.py:188} INFO - [2024-03-10T08:13:08.620+0000] {dag.py:3834} INFO - Setting next_dagrun for example_subdag_operator.section-1 to None, run_after=None
[2024-03-10T08:13:08.622+0000] {logging_mixin.py:188} INFO - [2024-03-10T08:13:08.621+0000] {dag.py:3834} INFO - Setting next_dagrun for example_subdag_operator.section-2 to None, run_after=None
[2024-03-10T08:13:08.679+0000] {processor.py:183} INFO - Processing /home/airflow/.local/lib/python3.8/site-packages/airflow/example_dags/example_subdag_operator.py took 1.427 seconds
[2024-03-10T09:58:32.758+0000] {processor.py:161} INFO - Started process (PID=65) to work on /home/airflow/.local/lib/python3.8/site-packages/airflow/example_dags/example_subdag_operator.py
[2024-03-10T09:58:32.824+0000] {processor.py:830} INFO - Processing file /home/airflow/.local/lib/python3.8/site-packages/airflow/example_dags/example_subdag_operator.py for tasks to queue
[2024-03-10T09:58:32.907+0000] {logging_mixin.py:188} INFO - [2024-03-10T09:58:32.906+0000] {dagbag.py:540} INFO - Filling up the DagBag from /home/airflow/.local/lib/python3.8/site-packages/airflow/example_dags/example_subdag_operator.py
[2024-03-10T09:58:33.564+0000] {processor.py:840} INFO - DAG(s) 'example_subdag_operator.section-1', 'example_subdag_operator.section-2', 'example_subdag_operator' retrieved from /home/airflow/.local/lib/python3.8/site-packages/airflow/example_dags/example_subdag_operator.py
[2024-03-10T09:58:33.875+0000] {logging_mixin.py:188} INFO - [2024-03-10T09:58:33.875+0000] {dag.py:3047} INFO - Sync 3 DAGs
[2024-03-10T09:58:34.068+0000] {logging_mixin.py:188} INFO - [2024-03-10T09:58:34.067+0000] {dag.py:3834} INFO - Setting next_dagrun for example_subdag_operator to 2022-01-01 00:00:00+00:00, run_after=2022-01-01 00:00:00+00:00
[2024-03-10T09:58:34.100+0000] {logging_mixin.py:188} INFO - [2024-03-10T09:58:34.100+0000] {dag.py:3834} INFO - Setting next_dagrun for example_subdag_operator.section-1 to None, run_after=None
[2024-03-10T09:58:34.117+0000] {logging_mixin.py:188} INFO - [2024-03-10T09:58:34.117+0000] {dag.py:3834} INFO - Setting next_dagrun for example_subdag_operator.section-2 to None, run_after=None
[2024-03-10T09:58:34.175+0000] {logging_mixin.py:188} INFO - [2024-03-10T09:58:34.175+0000] {dag.py:3047} INFO - Sync 2 DAGs
[2024-03-10T09:58:34.215+0000] {logging_mixin.py:188} INFO - [2024-03-10T09:58:34.214+0000] {dag.py:3834} INFO - Setting next_dagrun for example_subdag_operator.section-1 to None, run_after=None
[2024-03-10T09:58:34.218+0000] {logging_mixin.py:188} INFO - [2024-03-10T09:58:34.218+0000] {dag.py:3834} INFO - Setting next_dagrun for example_subdag_operator.section-2 to None, run_after=None
[2024-03-10T09:58:34.357+0000] {processor.py:183} INFO - Processing /home/airflow/.local/lib/python3.8/site-packages/airflow/example_dags/example_subdag_operator.py took 1.622 seconds
[2024-03-10T09:59:05.337+0000] {processor.py:161} INFO - Started process (PID=120) to work on /home/airflow/.local/lib/python3.8/site-packages/airflow/example_dags/example_subdag_operator.py
[2024-03-10T09:59:05.344+0000] {processor.py:830} INFO - Processing file /home/airflow/.local/lib/python3.8/site-packages/airflow/example_dags/example_subdag_operator.py for tasks to queue
[2024-03-10T09:59:05.360+0000] {logging_mixin.py:188} INFO - [2024-03-10T09:59:05.359+0000] {dagbag.py:540} INFO - Filling up the DagBag from /home/airflow/.local/lib/python3.8/site-packages/airflow/example_dags/example_subdag_operator.py
[2024-03-10T09:59:05.566+0000] {processor.py:840} INFO - DAG(s) 'example_subdag_operator.section-1', 'example_subdag_operator.section-2', 'example_subdag_operator' retrieved from /home/airflow/.local/lib/python3.8/site-packages/airflow/example_dags/example_subdag_operator.py
[2024-03-10T09:59:05.651+0000] {logging_mixin.py:188} INFO - [2024-03-10T09:59:05.650+0000] {dag.py:3047} INFO - Sync 3 DAGs
[2024-03-10T09:59:05.842+0000] {logging_mixin.py:188} INFO - [2024-03-10T09:59:05.842+0000] {dag.py:3834} INFO - Setting next_dagrun for example_subdag_operator to 2022-01-01 00:00:00+00:00, run_after=2022-01-01 00:00:00+00:00
[2024-03-10T09:59:05.873+0000] {logging_mixin.py:188} INFO - [2024-03-10T09:59:05.872+0000] {dag.py:3834} INFO - Setting next_dagrun for example_subdag_operator.section-1 to None, run_after=None
[2024-03-10T09:59:05.888+0000] {logging_mixin.py:188} INFO - [2024-03-10T09:59:05.887+0000] {dag.py:3834} INFO - Setting next_dagrun for example_subdag_operator.section-2 to None, run_after=None
[2024-03-10T09:59:05.951+0000] {logging_mixin.py:188} INFO - [2024-03-10T09:59:05.950+0000] {dag.py:3047} INFO - Sync 2 DAGs
[2024-03-10T09:59:05.999+0000] {logging_mixin.py:188} INFO - [2024-03-10T09:59:05.998+0000] {dag.py:3834} INFO - Setting next_dagrun for example_subdag_operator.section-1 to None, run_after=None
[2024-03-10T09:59:06.012+0000] {logging_mixin.py:188} INFO - [2024-03-10T09:59:06.011+0000] {dag.py:3834} INFO - Setting next_dagrun for example_subdag_operator.section-2 to None, run_after=None
[2024-03-10T09:59:06.114+0000] {processor.py:183} INFO - Processing /home/airflow/.local/lib/python3.8/site-packages/airflow/example_dags/example_subdag_operator.py took 0.794 seconds
[2024-03-10T09:59:36.524+0000] {processor.py:161} INFO - Started process (PID=175) to work on /home/airflow/.local/lib/python3.8/site-packages/airflow/example_dags/example_subdag_operator.py
[2024-03-10T09:59:36.527+0000] {processor.py:830} INFO - Processing file /home/airflow/.local/lib/python3.8/site-packages/airflow/example_dags/example_subdag_operator.py for tasks to queue
[2024-03-10T09:59:36.532+0000] {logging_mixin.py:188} INFO - [2024-03-10T09:59:36.531+0000] {dagbag.py:540} INFO - Filling up the DagBag from /home/airflow/.local/lib/python3.8/site-packages/airflow/example_dags/example_subdag_operator.py
[2024-03-10T09:59:36.595+0000] {processor.py:840} INFO - DAG(s) 'example_subdag_operator.section-1', 'example_subdag_operator.section-2', 'example_subdag_operator' retrieved from /home/airflow/.local/lib/python3.8/site-packages/airflow/example_dags/example_subdag_operator.py
[2024-03-10T09:59:36.903+0000] {logging_mixin.py:188} INFO - [2024-03-10T09:59:36.903+0000] {dag.py:3047} INFO - Sync 3 DAGs
[2024-03-10T09:59:36.944+0000] {logging_mixin.py:188} INFO - [2024-03-10T09:59:36.943+0000] {dag.py:3834} INFO - Setting next_dagrun for example_subdag_operator to 2022-01-01 00:00:00+00:00, run_after=2022-01-01 00:00:00+00:00
[2024-03-10T09:59:36.956+0000] {logging_mixin.py:188} INFO - [2024-03-10T09:59:36.956+0000] {dag.py:3834} INFO - Setting next_dagrun for example_subdag_operator.section-1 to None, run_after=None
[2024-03-10T09:59:36.960+0000] {logging_mixin.py:188} INFO - [2024-03-10T09:59:36.959+0000] {dag.py:3834} INFO - Setting next_dagrun for example_subdag_operator.section-2 to None, run_after=None
[2024-03-10T09:59:36.990+0000] {logging_mixin.py:188} INFO - [2024-03-10T09:59:36.985+0000] {dag.py:3047} INFO - Sync 2 DAGs
[2024-03-10T09:59:37.002+0000] {logging_mixin.py:188} INFO - [2024-03-10T09:59:37.002+0000] {dag.py:3834} INFO - Setting next_dagrun for example_subdag_operator.section-1 to None, run_after=None
[2024-03-10T09:59:37.006+0000] {logging_mixin.py:188} INFO - [2024-03-10T09:59:37.005+0000] {dag.py:3834} INFO - Setting next_dagrun for example_subdag_operator.section-2 to None, run_after=None
[2024-03-10T09:59:37.035+0000] {processor.py:183} INFO - Processing /home/airflow/.local/lib/python3.8/site-packages/airflow/example_dags/example_subdag_operator.py took 0.521 seconds
[2024-03-10T10:00:07.181+0000] {processor.py:161} INFO - Started process (PID=230) to work on /home/airflow/.local/lib/python3.8/site-packages/airflow/example_dags/example_subdag_operator.py
[2024-03-10T10:00:07.193+0000] {processor.py:830} INFO - Processing file /home/airflow/.local/lib/python3.8/site-packages/airflow/example_dags/example_subdag_operator.py for tasks to queue
[2024-03-10T10:00:07.200+0000] {logging_mixin.py:188} INFO - [2024-03-10T10:00:07.199+0000] {dagbag.py:540} INFO - Filling up the DagBag from /home/airflow/.local/lib/python3.8/site-packages/airflow/example_dags/example_subdag_operator.py
[2024-03-10T10:00:07.320+0000] {processor.py:840} INFO - DAG(s) 'example_subdag_operator.section-1', 'example_subdag_operator.section-2', 'example_subdag_operator' retrieved from /home/airflow/.local/lib/python3.8/site-packages/airflow/example_dags/example_subdag_operator.py
[2024-03-10T10:00:07.441+0000] {logging_mixin.py:188} INFO - [2024-03-10T10:00:07.441+0000] {dag.py:3047} INFO - Sync 3 DAGs
[2024-03-10T10:00:07.573+0000] {logging_mixin.py:188} INFO - [2024-03-10T10:00:07.572+0000] {dag.py:3834} INFO - Setting next_dagrun for example_subdag_operator to 2022-01-01 00:00:00+00:00, run_after=2022-01-01 00:00:00+00:00
[2024-03-10T10:00:07.586+0000] {logging_mixin.py:188} INFO - [2024-03-10T10:00:07.586+0000] {dag.py:3834} INFO - Setting next_dagrun for example_subdag_operator.section-1 to None, run_after=None
[2024-03-10T10:00:07.599+0000] {logging_mixin.py:188} INFO - [2024-03-10T10:00:07.598+0000] {dag.py:3834} INFO - Setting next_dagrun for example_subdag_operator.section-2 to None, run_after=None
[2024-03-10T10:00:07.633+0000] {logging_mixin.py:188} INFO - [2024-03-10T10:00:07.633+0000] {dag.py:3047} INFO - Sync 2 DAGs
[2024-03-10T10:00:07.655+0000] {logging_mixin.py:188} INFO - [2024-03-10T10:00:07.654+0000] {dag.py:3834} INFO - Setting next_dagrun for example_subdag_operator.section-1 to None, run_after=None
[2024-03-10T10:00:07.657+0000] {logging_mixin.py:188} INFO - [2024-03-10T10:00:07.656+0000] {dag.py:3834} INFO - Setting next_dagrun for example_subdag_operator.section-2 to None, run_after=None
[2024-03-10T10:00:07.727+0000] {processor.py:183} INFO - Processing /home/airflow/.local/lib/python3.8/site-packages/airflow/example_dags/example_subdag_operator.py took 0.564 seconds
