[2024-03-10T08:13:00.030+0000] {processor.py:161} INFO - Started process (PID=59) to work on /home/airflow/.local/lib/python3.8/site-packages/airflow/example_dags/example_sla_dag.py
[2024-03-10T08:13:00.046+0000] {processor.py:830} INFO - Processing file /home/airflow/.local/lib/python3.8/site-packages/airflow/example_dags/example_sla_dag.py for tasks to queue
[2024-03-10T08:13:00.080+0000] {logging_mixin.py:188} INFO - [2024-03-10T08:13:00.078+0000] {dagbag.py:540} INFO - Filling up the DagBag from /home/airflow/.local/lib/python3.8/site-packages/airflow/example_dags/example_sla_dag.py
[2024-03-10T08:13:00.371+0000] {processor.py:840} INFO - DAG(s) 'example_sla_dag' retrieved from /home/airflow/.local/lib/python3.8/site-packages/airflow/example_dags/example_sla_dag.py
[2024-03-10T08:13:01.845+0000] {logging_mixin.py:188} INFO - [2024-03-10T08:13:01.844+0000] {dag.py:3047} INFO - Sync 1 DAGs
[2024-03-10T08:13:02.040+0000] {logging_mixin.py:188} INFO - [2024-03-10T08:13:02.040+0000] {dag.py:3834} INFO - Setting next_dagrun for example_sla_dag to 2024-03-10 08:10:00+00:00, run_after=2024-03-10 08:12:00+00:00
[2024-03-10T08:13:02.218+0000] {processor.py:183} INFO - Processing /home/airflow/.local/lib/python3.8/site-packages/airflow/example_dags/example_sla_dag.py took 2.221 seconds
[2024-03-10T09:58:17.558+0000] {processor.py:161} INFO - Started process (PID=52) to work on /home/airflow/.local/lib/python3.8/site-packages/airflow/example_dags/example_sla_dag.py
[2024-03-10T09:58:17.576+0000] {processor.py:830} INFO - Processing file /home/airflow/.local/lib/python3.8/site-packages/airflow/example_dags/example_sla_dag.py for tasks to queue
[2024-03-10T09:58:17.611+0000] {logging_mixin.py:188} INFO - [2024-03-10T09:58:17.606+0000] {dagbag.py:540} INFO - Filling up the DagBag from /home/airflow/.local/lib/python3.8/site-packages/airflow/example_dags/example_sla_dag.py
[2024-03-10T09:58:17.688+0000] {processor.py:840} INFO - DAG(s) 'example_sla_dag' retrieved from /home/airflow/.local/lib/python3.8/site-packages/airflow/example_dags/example_sla_dag.py
[2024-03-10T09:58:17.788+0000] {logging_mixin.py:188} INFO - [2024-03-10T09:58:17.787+0000] {dag.py:3047} INFO - Sync 1 DAGs
[2024-03-10T09:58:18.194+0000] {logging_mixin.py:188} INFO - [2024-03-10T09:58:18.193+0000] {dag.py:3834} INFO - Setting next_dagrun for example_sla_dag to 2024-03-10 09:56:00+00:00, run_after=2024-03-10 09:58:00+00:00
[2024-03-10T09:58:18.804+0000] {processor.py:183} INFO - Processing /home/airflow/.local/lib/python3.8/site-packages/airflow/example_dags/example_sla_dag.py took 1.293 seconds
[2024-03-10T09:58:49.573+0000] {processor.py:161} INFO - Started process (PID=107) to work on /home/airflow/.local/lib/python3.8/site-packages/airflow/example_dags/example_sla_dag.py
[2024-03-10T09:58:49.577+0000] {processor.py:830} INFO - Processing file /home/airflow/.local/lib/python3.8/site-packages/airflow/example_dags/example_sla_dag.py for tasks to queue
[2024-03-10T09:58:49.596+0000] {logging_mixin.py:188} INFO - [2024-03-10T09:58:49.595+0000] {dagbag.py:540} INFO - Filling up the DagBag from /home/airflow/.local/lib/python3.8/site-packages/airflow/example_dags/example_sla_dag.py
[2024-03-10T09:58:49.622+0000] {processor.py:840} INFO - DAG(s) 'example_sla_dag' retrieved from /home/airflow/.local/lib/python3.8/site-packages/airflow/example_dags/example_sla_dag.py
[2024-03-10T09:58:49.707+0000] {logging_mixin.py:188} INFO - [2024-03-10T09:58:49.707+0000] {dag.py:3047} INFO - Sync 1 DAGs
[2024-03-10T09:58:49.779+0000] {logging_mixin.py:188} INFO - [2024-03-10T09:58:49.779+0000] {dag.py:3834} INFO - Setting next_dagrun for example_sla_dag to 2024-03-10 09:56:00+00:00, run_after=2024-03-10 09:58:00+00:00
[2024-03-10T09:58:49.824+0000] {processor.py:183} INFO - Processing /home/airflow/.local/lib/python3.8/site-packages/airflow/example_dags/example_sla_dag.py took 0.276 seconds
[2024-03-10T09:59:20.767+0000] {processor.py:161} INFO - Started process (PID=161) to work on /home/airflow/.local/lib/python3.8/site-packages/airflow/example_dags/example_sla_dag.py
[2024-03-10T09:59:20.774+0000] {processor.py:830} INFO - Processing file /home/airflow/.local/lib/python3.8/site-packages/airflow/example_dags/example_sla_dag.py for tasks to queue
[2024-03-10T09:59:20.778+0000] {logging_mixin.py:188} INFO - [2024-03-10T09:59:20.777+0000] {dagbag.py:540} INFO - Filling up the DagBag from /home/airflow/.local/lib/python3.8/site-packages/airflow/example_dags/example_sla_dag.py
[2024-03-10T09:59:20.797+0000] {processor.py:840} INFO - DAG(s) 'example_sla_dag' retrieved from /home/airflow/.local/lib/python3.8/site-packages/airflow/example_dags/example_sla_dag.py
[2024-03-10T09:59:20.825+0000] {logging_mixin.py:188} INFO - [2024-03-10T09:59:20.825+0000] {dag.py:3047} INFO - Sync 1 DAGs
[2024-03-10T09:59:20.891+0000] {logging_mixin.py:188} INFO - [2024-03-10T09:59:20.890+0000] {dag.py:3834} INFO - Setting next_dagrun for example_sla_dag to 2024-03-10 09:56:00+00:00, run_after=2024-03-10 09:58:00+00:00
[2024-03-10T09:59:20.930+0000] {processor.py:183} INFO - Processing /home/airflow/.local/lib/python3.8/site-packages/airflow/example_dags/example_sla_dag.py took 0.169 seconds
[2024-03-10T09:59:51.207+0000] {processor.py:161} INFO - Started process (PID=216) to work on /home/airflow/.local/lib/python3.8/site-packages/airflow/example_dags/example_sla_dag.py
[2024-03-10T09:59:51.210+0000] {processor.py:830} INFO - Processing file /home/airflow/.local/lib/python3.8/site-packages/airflow/example_dags/example_sla_dag.py for tasks to queue
[2024-03-10T09:59:51.214+0000] {logging_mixin.py:188} INFO - [2024-03-10T09:59:51.213+0000] {dagbag.py:540} INFO - Filling up the DagBag from /home/airflow/.local/lib/python3.8/site-packages/airflow/example_dags/example_sla_dag.py
[2024-03-10T09:59:51.233+0000] {processor.py:840} INFO - DAG(s) 'example_sla_dag' retrieved from /home/airflow/.local/lib/python3.8/site-packages/airflow/example_dags/example_sla_dag.py
[2024-03-10T09:59:51.398+0000] {logging_mixin.py:188} INFO - [2024-03-10T09:59:51.398+0000] {dag.py:3047} INFO - Sync 1 DAGs
[2024-03-10T09:59:51.437+0000] {logging_mixin.py:188} INFO - [2024-03-10T09:59:51.436+0000] {dag.py:3834} INFO - Setting next_dagrun for example_sla_dag to 2024-03-10 09:56:00+00:00, run_after=2024-03-10 09:58:00+00:00
[2024-03-10T09:59:51.467+0000] {processor.py:183} INFO - Processing /home/airflow/.local/lib/python3.8/site-packages/airflow/example_dags/example_sla_dag.py took 0.265 seconds
