[2024-03-10T09:58:38.053+0000] {processor.py:161} INFO - Started process (PID=77) to work on /home/airflow/.local/lib/python3.8/site-packages/airflow/example_dags/example_params_ui_tutorial.py
[2024-03-10T09:58:38.059+0000] {processor.py:830} INFO - Processing file /home/airflow/.local/lib/python3.8/site-packages/airflow/example_dags/example_params_ui_tutorial.py for tasks to queue
[2024-03-10T09:58:38.068+0000] {logging_mixin.py:188} INFO - [2024-03-10T09:58:38.067+0000] {dagbag.py:540} INFO - Filling up the DagBag from /home/airflow/.local/lib/python3.8/site-packages/airflow/example_dags/example_params_ui_tutorial.py
[2024-03-10T09:58:38.102+0000] {processor.py:840} INFO - DAG(s) 'example_params_ui_tutorial' retrieved from /home/airflow/.local/lib/python3.8/site-packages/airflow/example_dags/example_params_ui_tutorial.py
[2024-03-10T09:58:38.621+0000] {logging_mixin.py:188} INFO - [2024-03-10T09:58:38.620+0000] {dag.py:3047} INFO - Sync 1 DAGs
[2024-03-10T09:58:38.648+0000] {logging_mixin.py:188} INFO - [2024-03-10T09:58:38.648+0000] {dag.py:3834} INFO - Setting next_dagrun for example_params_ui_tutorial to None, run_after=None
[2024-03-10T09:58:38.699+0000] {processor.py:183} INFO - Processing /home/airflow/.local/lib/python3.8/site-packages/airflow/example_dags/example_params_ui_tutorial.py took 0.659 seconds
[2024-03-10T09:59:09.844+0000] {processor.py:161} INFO - Started process (PID=132) to work on /home/airflow/.local/lib/python3.8/site-packages/airflow/example_dags/example_params_ui_tutorial.py
[2024-03-10T09:59:09.847+0000] {processor.py:830} INFO - Processing file /home/airflow/.local/lib/python3.8/site-packages/airflow/example_dags/example_params_ui_tutorial.py for tasks to queue
[2024-03-10T09:59:09.850+0000] {logging_mixin.py:188} INFO - [2024-03-10T09:59:09.850+0000] {dagbag.py:540} INFO - Filling up the DagBag from /home/airflow/.local/lib/python3.8/site-packages/airflow/example_dags/example_params_ui_tutorial.py
[2024-03-10T09:59:09.883+0000] {processor.py:840} INFO - DAG(s) 'example_params_ui_tutorial' retrieved from /home/airflow/.local/lib/python3.8/site-packages/airflow/example_dags/example_params_ui_tutorial.py
[2024-03-10T09:59:10.109+0000] {logging_mixin.py:188} INFO - [2024-03-10T09:59:10.108+0000] {dag.py:3047} INFO - Sync 1 DAGs
[2024-03-10T09:59:10.140+0000] {logging_mixin.py:188} INFO - [2024-03-10T09:59:10.139+0000] {dag.py:3834} INFO - Setting next_dagrun for example_params_ui_tutorial to None, run_after=None
[2024-03-10T09:59:10.183+0000] {processor.py:183} INFO - Processing /home/airflow/.local/lib/python3.8/site-packages/airflow/example_dags/example_params_ui_tutorial.py took 0.347 seconds
[2024-03-10T09:59:40.464+0000] {processor.py:161} INFO - Started process (PID=187) to work on /home/airflow/.local/lib/python3.8/site-packages/airflow/example_dags/example_params_ui_tutorial.py
[2024-03-10T09:59:40.466+0000] {processor.py:830} INFO - Processing file /home/airflow/.local/lib/python3.8/site-packages/airflow/example_dags/example_params_ui_tutorial.py for tasks to queue
[2024-03-10T09:59:40.469+0000] {logging_mixin.py:188} INFO - [2024-03-10T09:59:40.469+0000] {dagbag.py:540} INFO - Filling up the DagBag from /home/airflow/.local/lib/python3.8/site-packages/airflow/example_dags/example_params_ui_tutorial.py
[2024-03-10T09:59:40.492+0000] {processor.py:840} INFO - DAG(s) 'example_params_ui_tutorial' retrieved from /home/airflow/.local/lib/python3.8/site-packages/airflow/example_dags/example_params_ui_tutorial.py
[2024-03-10T09:59:40.673+0000] {logging_mixin.py:188} INFO - [2024-03-10T09:59:40.673+0000] {dag.py:3047} INFO - Sync 1 DAGs
[2024-03-10T09:59:40.696+0000] {logging_mixin.py:188} INFO - [2024-03-10T09:59:40.696+0000] {dag.py:3834} INFO - Setting next_dagrun for example_params_ui_tutorial to None, run_after=None
[2024-03-10T09:59:40.736+0000] {processor.py:183} INFO - Processing /home/airflow/.local/lib/python3.8/site-packages/airflow/example_dags/example_params_ui_tutorial.py took 0.277 seconds
