[2024-03-10T09:58:36.193+0000] {processor.py:161} INFO - Started process (PID=72) to work on /home/airflow/.local/lib/python3.8/site-packages/airflow/example_dags/example_params_trigger_ui.py
[2024-03-10T09:58:36.195+0000] {processor.py:830} INFO - Processing file /home/airflow/.local/lib/python3.8/site-packages/airflow/example_dags/example_params_trigger_ui.py for tasks to queue
[2024-03-10T09:58:36.200+0000] {logging_mixin.py:188} INFO - [2024-03-10T09:58:36.199+0000] {dagbag.py:540} INFO - Filling up the DagBag from /home/airflow/.local/lib/python3.8/site-packages/airflow/example_dags/example_params_trigger_ui.py
[2024-03-10T09:58:36.233+0000] {processor.py:840} INFO - DAG(s) 'example_params_trigger_ui' retrieved from /home/airflow/.local/lib/python3.8/site-packages/airflow/example_dags/example_params_trigger_ui.py
[2024-03-10T09:58:36.770+0000] {logging_mixin.py:188} INFO - [2024-03-10T09:58:36.770+0000] {dag.py:3047} INFO - Sync 1 DAGs
[2024-03-10T09:58:36.805+0000] {logging_mixin.py:188} INFO - [2024-03-10T09:58:36.804+0000] {dag.py:3834} INFO - Setting next_dagrun for example_params_trigger_ui to None, run_after=None
[2024-03-10T09:58:36.858+0000] {processor.py:183} INFO - Processing /home/airflow/.local/lib/python3.8/site-packages/airflow/example_dags/example_params_trigger_ui.py took 0.672 seconds
[2024-03-10T09:59:08.783+0000] {processor.py:161} INFO - Started process (PID=127) to work on /home/airflow/.local/lib/python3.8/site-packages/airflow/example_dags/example_params_trigger_ui.py
[2024-03-10T09:59:08.788+0000] {processor.py:830} INFO - Processing file /home/airflow/.local/lib/python3.8/site-packages/airflow/example_dags/example_params_trigger_ui.py for tasks to queue
[2024-03-10T09:59:08.798+0000] {logging_mixin.py:188} INFO - [2024-03-10T09:59:08.797+0000] {dagbag.py:540} INFO - Filling up the DagBag from /home/airflow/.local/lib/python3.8/site-packages/airflow/example_dags/example_params_trigger_ui.py
[2024-03-10T09:59:08.861+0000] {processor.py:840} INFO - DAG(s) 'example_params_trigger_ui' retrieved from /home/airflow/.local/lib/python3.8/site-packages/airflow/example_dags/example_params_trigger_ui.py
[2024-03-10T09:59:09.171+0000] {logging_mixin.py:188} INFO - [2024-03-10T09:59:09.171+0000] {dag.py:3047} INFO - Sync 1 DAGs
[2024-03-10T09:59:09.217+0000] {logging_mixin.py:188} INFO - [2024-03-10T09:59:09.217+0000] {dag.py:3834} INFO - Setting next_dagrun for example_params_trigger_ui to None, run_after=None
[2024-03-10T09:59:09.284+0000] {processor.py:183} INFO - Processing /home/airflow/.local/lib/python3.8/site-packages/airflow/example_dags/example_params_trigger_ui.py took 0.514 seconds
[2024-03-10T09:59:39.952+0000] {processor.py:161} INFO - Started process (PID=182) to work on /home/airflow/.local/lib/python3.8/site-packages/airflow/example_dags/example_params_trigger_ui.py
[2024-03-10T09:59:39.955+0000] {processor.py:830} INFO - Processing file /home/airflow/.local/lib/python3.8/site-packages/airflow/example_dags/example_params_trigger_ui.py for tasks to queue
[2024-03-10T09:59:39.959+0000] {logging_mixin.py:188} INFO - [2024-03-10T09:59:39.958+0000] {dagbag.py:540} INFO - Filling up the DagBag from /home/airflow/.local/lib/python3.8/site-packages/airflow/example_dags/example_params_trigger_ui.py
[2024-03-10T09:59:39.989+0000] {processor.py:840} INFO - DAG(s) 'example_params_trigger_ui' retrieved from /home/airflow/.local/lib/python3.8/site-packages/airflow/example_dags/example_params_trigger_ui.py
[2024-03-10T09:59:40.105+0000] {logging_mixin.py:188} INFO - [2024-03-10T09:59:40.104+0000] {dag.py:3047} INFO - Sync 1 DAGs
[2024-03-10T09:59:40.131+0000] {logging_mixin.py:188} INFO - [2024-03-10T09:59:40.131+0000] {dag.py:3834} INFO - Setting next_dagrun for example_params_trigger_ui to None, run_after=None
[2024-03-10T09:59:40.167+0000] {processor.py:183} INFO - Processing /home/airflow/.local/lib/python3.8/site-packages/airflow/example_dags/example_params_trigger_ui.py took 0.219 seconds
