[2024-03-10T08:13:07.907+0000] {processor.py:161} INFO - Started process (PID=67) to work on /home/airflow/.local/lib/python3.8/site-packages/airflow/example_dags/example_nested_branch_dag.py
[2024-03-10T08:13:07.923+0000] {processor.py:830} INFO - Processing file /home/airflow/.local/lib/python3.8/site-packages/airflow/example_dags/example_nested_branch_dag.py for tasks to queue
[2024-03-10T08:13:07.979+0000] {logging_mixin.py:188} INFO - [2024-03-10T08:13:07.952+0000] {dagbag.py:540} INFO - Filling up the DagBag from /home/airflow/.local/lib/python3.8/site-packages/airflow/example_dags/example_nested_branch_dag.py
[2024-03-10T08:13:08.077+0000] {processor.py:840} INFO - DAG(s) 'example_nested_branch_dag' retrieved from /home/airflow/.local/lib/python3.8/site-packages/airflow/example_dags/example_nested_branch_dag.py
[2024-03-10T08:13:09.677+0000] {logging_mixin.py:188} INFO - [2024-03-10T08:13:09.676+0000] {dag.py:3047} INFO - Sync 1 DAGs
[2024-03-10T08:13:10.442+0000] {logging_mixin.py:188} INFO - [2024-03-10T08:13:10.441+0000] {dag.py:3834} INFO - Setting next_dagrun for example_nested_branch_dag to 2024-03-09 00:00:00+00:00, run_after=2024-03-10 00:00:00+00:00
[2024-03-10T08:13:10.711+0000] {processor.py:183} INFO - Processing /home/airflow/.local/lib/python3.8/site-packages/airflow/example_dags/example_nested_branch_dag.py took 2.814 seconds
[2024-03-10T09:58:33.806+0000] {processor.py:161} INFO - Started process (PID=66) to work on /home/airflow/.local/lib/python3.8/site-packages/airflow/example_dags/example_nested_branch_dag.py
[2024-03-10T09:58:33.810+0000] {processor.py:830} INFO - Processing file /home/airflow/.local/lib/python3.8/site-packages/airflow/example_dags/example_nested_branch_dag.py for tasks to queue
[2024-03-10T09:58:33.854+0000] {logging_mixin.py:188} INFO - [2024-03-10T09:58:33.841+0000] {dagbag.py:540} INFO - Filling up the DagBag from /home/airflow/.local/lib/python3.8/site-packages/airflow/example_dags/example_nested_branch_dag.py
[2024-03-10T09:58:33.959+0000] {processor.py:840} INFO - DAG(s) 'example_nested_branch_dag' retrieved from /home/airflow/.local/lib/python3.8/site-packages/airflow/example_dags/example_nested_branch_dag.py
[2024-03-10T09:58:34.236+0000] {logging_mixin.py:188} INFO - [2024-03-10T09:58:34.225+0000] {dag.py:3047} INFO - Sync 1 DAGs
[2024-03-10T09:58:34.353+0000] {logging_mixin.py:188} INFO - [2024-03-10T09:58:34.353+0000] {dag.py:3834} INFO - Setting next_dagrun for example_nested_branch_dag to 2024-03-09 00:00:00+00:00, run_after=2024-03-10 00:00:00+00:00
[2024-03-10T09:58:34.436+0000] {processor.py:183} INFO - Processing /home/airflow/.local/lib/python3.8/site-packages/airflow/example_dags/example_nested_branch_dag.py took 0.660 seconds
[2024-03-10T09:59:06.316+0000] {processor.py:161} INFO - Started process (PID=121) to work on /home/airflow/.local/lib/python3.8/site-packages/airflow/example_dags/example_nested_branch_dag.py
[2024-03-10T09:59:06.345+0000] {processor.py:830} INFO - Processing file /home/airflow/.local/lib/python3.8/site-packages/airflow/example_dags/example_nested_branch_dag.py for tasks to queue
[2024-03-10T09:59:06.357+0000] {logging_mixin.py:188} INFO - [2024-03-10T09:59:06.356+0000] {dagbag.py:540} INFO - Filling up the DagBag from /home/airflow/.local/lib/python3.8/site-packages/airflow/example_dags/example_nested_branch_dag.py
[2024-03-10T09:59:06.439+0000] {processor.py:840} INFO - DAG(s) 'example_nested_branch_dag' retrieved from /home/airflow/.local/lib/python3.8/site-packages/airflow/example_dags/example_nested_branch_dag.py
[2024-03-10T09:59:06.499+0000] {logging_mixin.py:188} INFO - [2024-03-10T09:59:06.498+0000] {dag.py:3047} INFO - Sync 1 DAGs
[2024-03-10T09:59:06.752+0000] {logging_mixin.py:188} INFO - [2024-03-10T09:59:06.752+0000] {dag.py:3834} INFO - Setting next_dagrun for example_nested_branch_dag to 2024-03-09 00:00:00+00:00, run_after=2024-03-10 00:00:00+00:00
[2024-03-10T09:59:06.947+0000] {processor.py:183} INFO - Processing /home/airflow/.local/lib/python3.8/site-packages/airflow/example_dags/example_nested_branch_dag.py took 0.650 seconds
[2024-03-10T09:59:37.102+0000] {processor.py:161} INFO - Started process (PID=176) to work on /home/airflow/.local/lib/python3.8/site-packages/airflow/example_dags/example_nested_branch_dag.py
[2024-03-10T09:59:37.106+0000] {processor.py:830} INFO - Processing file /home/airflow/.local/lib/python3.8/site-packages/airflow/example_dags/example_nested_branch_dag.py for tasks to queue
[2024-03-10T09:59:37.111+0000] {logging_mixin.py:188} INFO - [2024-03-10T09:59:37.110+0000] {dagbag.py:540} INFO - Filling up the DagBag from /home/airflow/.local/lib/python3.8/site-packages/airflow/example_dags/example_nested_branch_dag.py
[2024-03-10T09:59:37.141+0000] {processor.py:840} INFO - DAG(s) 'example_nested_branch_dag' retrieved from /home/airflow/.local/lib/python3.8/site-packages/airflow/example_dags/example_nested_branch_dag.py
[2024-03-10T09:59:37.368+0000] {logging_mixin.py:188} INFO - [2024-03-10T09:59:37.368+0000] {dag.py:3047} INFO - Sync 1 DAGs
[2024-03-10T09:59:37.415+0000] {logging_mixin.py:188} INFO - [2024-03-10T09:59:37.414+0000] {dag.py:3834} INFO - Setting next_dagrun for example_nested_branch_dag to 2024-03-09 00:00:00+00:00, run_after=2024-03-10 00:00:00+00:00
[2024-03-10T09:59:37.458+0000] {processor.py:183} INFO - Processing /home/airflow/.local/lib/python3.8/site-packages/airflow/example_dags/example_nested_branch_dag.py took 0.362 seconds
[2024-03-10T10:00:07.694+0000] {processor.py:161} INFO - Started process (PID=231) to work on /home/airflow/.local/lib/python3.8/site-packages/airflow/example_dags/example_nested_branch_dag.py
[2024-03-10T10:00:07.697+0000] {processor.py:830} INFO - Processing file /home/airflow/.local/lib/python3.8/site-packages/airflow/example_dags/example_nested_branch_dag.py for tasks to queue
[2024-03-10T10:00:07.701+0000] {logging_mixin.py:188} INFO - [2024-03-10T10:00:07.700+0000] {dagbag.py:540} INFO - Filling up the DagBag from /home/airflow/.local/lib/python3.8/site-packages/airflow/example_dags/example_nested_branch_dag.py
[2024-03-10T10:00:07.787+0000] {processor.py:840} INFO - DAG(s) 'example_nested_branch_dag' retrieved from /home/airflow/.local/lib/python3.8/site-packages/airflow/example_dags/example_nested_branch_dag.py
[2024-03-10T10:00:07.910+0000] {logging_mixin.py:188} INFO - [2024-03-10T10:00:07.909+0000] {dag.py:3047} INFO - Sync 1 DAGs
[2024-03-10T10:00:08.011+0000] {logging_mixin.py:188} INFO - [2024-03-10T10:00:08.011+0000] {dag.py:3834} INFO - Setting next_dagrun for example_nested_branch_dag to 2024-03-09 00:00:00+00:00, run_after=2024-03-10 00:00:00+00:00
[2024-03-10T10:00:08.059+0000] {processor.py:183} INFO - Processing /home/airflow/.local/lib/python3.8/site-packages/airflow/example_dags/example_nested_branch_dag.py took 0.383 seconds
