[2024-03-10T09:58:39.400+0000] {processor.py:161} INFO - Started process (PID=81) to work on /home/airflow/.local/lib/python3.8/site-packages/airflow/example_dags/example_python_operator.py
[2024-03-10T09:58:39.403+0000] {processor.py:830} INFO - Processing file /home/airflow/.local/lib/python3.8/site-packages/airflow/example_dags/example_python_operator.py for tasks to queue
[2024-03-10T09:58:39.408+0000] {logging_mixin.py:188} INFO - [2024-03-10T09:58:39.408+0000] {dagbag.py:540} INFO - Filling up the DagBag from /home/airflow/.local/lib/python3.8/site-packages/airflow/example_dags/example_python_operator.py
[2024-03-10T09:58:39.437+0000] {processor.py:840} INFO - DAG(s) 'example_python_operator' retrieved from /home/airflow/.local/lib/python3.8/site-packages/airflow/example_dags/example_python_operator.py
[2024-03-10T09:58:39.776+0000] {logging_mixin.py:188} INFO - [2024-03-10T09:58:39.775+0000] {dag.py:3047} INFO - Sync 1 DAGs
[2024-03-10T09:58:39.823+0000] {logging_mixin.py:188} INFO - [2024-03-10T09:58:39.822+0000] {dag.py:3834} INFO - Setting next_dagrun for example_python_operator to None, run_after=None
[2024-03-10T09:58:39.879+0000] {processor.py:183} INFO - Processing /home/airflow/.local/lib/python3.8/site-packages/airflow/example_dags/example_python_operator.py took 0.487 seconds
[2024-03-10T09:59:10.352+0000] {processor.py:161} INFO - Started process (PID=136) to work on /home/airflow/.local/lib/python3.8/site-packages/airflow/example_dags/example_python_operator.py
[2024-03-10T09:59:10.355+0000] {processor.py:830} INFO - Processing file /home/airflow/.local/lib/python3.8/site-packages/airflow/example_dags/example_python_operator.py for tasks to queue
[2024-03-10T09:59:10.359+0000] {logging_mixin.py:188} INFO - [2024-03-10T09:59:10.358+0000] {dagbag.py:540} INFO - Filling up the DagBag from /home/airflow/.local/lib/python3.8/site-packages/airflow/example_dags/example_python_operator.py
[2024-03-10T09:59:10.390+0000] {processor.py:840} INFO - DAG(s) 'example_python_operator' retrieved from /home/airflow/.local/lib/python3.8/site-packages/airflow/example_dags/example_python_operator.py
[2024-03-10T09:59:10.448+0000] {logging_mixin.py:188} INFO - [2024-03-10T09:59:10.447+0000] {dag.py:3047} INFO - Sync 1 DAGs
[2024-03-10T09:59:10.478+0000] {logging_mixin.py:188} INFO - [2024-03-10T09:59:10.477+0000] {dag.py:3834} INFO - Setting next_dagrun for example_python_operator to None, run_after=None
[2024-03-10T09:59:10.538+0000] {processor.py:183} INFO - Processing /home/airflow/.local/lib/python3.8/site-packages/airflow/example_dags/example_python_operator.py took 0.193 seconds
[2024-03-10T09:59:41.082+0000] {processor.py:161} INFO - Started process (PID=191) to work on /home/airflow/.local/lib/python3.8/site-packages/airflow/example_dags/example_python_operator.py
[2024-03-10T09:59:41.084+0000] {processor.py:830} INFO - Processing file /home/airflow/.local/lib/python3.8/site-packages/airflow/example_dags/example_python_operator.py for tasks to queue
[2024-03-10T09:59:41.087+0000] {logging_mixin.py:188} INFO - [2024-03-10T09:59:41.087+0000] {dagbag.py:540} INFO - Filling up the DagBag from /home/airflow/.local/lib/python3.8/site-packages/airflow/example_dags/example_python_operator.py
[2024-03-10T09:59:41.105+0000] {processor.py:840} INFO - DAG(s) 'example_python_operator' retrieved from /home/airflow/.local/lib/python3.8/site-packages/airflow/example_dags/example_python_operator.py
[2024-03-10T09:59:41.141+0000] {logging_mixin.py:188} INFO - [2024-03-10T09:59:41.140+0000] {dag.py:3047} INFO - Sync 1 DAGs
[2024-03-10T09:59:41.159+0000] {logging_mixin.py:188} INFO - [2024-03-10T09:59:41.159+0000] {dag.py:3834} INFO - Setting next_dagrun for example_python_operator to None, run_after=None
[2024-03-10T09:59:41.189+0000] {processor.py:183} INFO - Processing /home/airflow/.local/lib/python3.8/site-packages/airflow/example_dags/example_python_operator.py took 0.113 seconds
