[2024-03-10T09:58:36.126+0000] {processor.py:161} INFO - Started process (PID=71) to work on /home/airflow/.local/lib/python3.8/site-packages/airflow/example_dags/example_trigger_target_dag.py
[2024-03-10T09:58:36.129+0000] {processor.py:830} INFO - Processing file /home/airflow/.local/lib/python3.8/site-packages/airflow/example_dags/example_trigger_target_dag.py for tasks to queue
[2024-03-10T09:58:36.142+0000] {logging_mixin.py:188} INFO - [2024-03-10T09:58:36.141+0000] {dagbag.py:540} INFO - Filling up the DagBag from /home/airflow/.local/lib/python3.8/site-packages/airflow/example_dags/example_trigger_target_dag.py
[2024-03-10T09:58:36.157+0000] {processor.py:840} INFO - DAG(s) 'example_trigger_target_dag' retrieved from /home/airflow/.local/lib/python3.8/site-packages/airflow/example_dags/example_trigger_target_dag.py
[2024-03-10T09:58:36.471+0000] {logging_mixin.py:188} INFO - [2024-03-10T09:58:36.470+0000] {dag.py:3047} INFO - Sync 1 DAGs
[2024-03-10T09:58:36.556+0000] {logging_mixin.py:188} INFO - [2024-03-10T09:58:36.556+0000] {dag.py:3834} INFO - Setting next_dagrun for example_trigger_target_dag to None, run_after=None
[2024-03-10T09:58:36.648+0000] {processor.py:183} INFO - Processing /home/airflow/.local/lib/python3.8/site-packages/airflow/example_dags/example_trigger_target_dag.py took 0.538 seconds
[2024-03-10T09:59:08.489+0000] {processor.py:161} INFO - Started process (PID=126) to work on /home/airflow/.local/lib/python3.8/site-packages/airflow/example_dags/example_trigger_target_dag.py
[2024-03-10T09:59:08.505+0000] {processor.py:830} INFO - Processing file /home/airflow/.local/lib/python3.8/site-packages/airflow/example_dags/example_trigger_target_dag.py for tasks to queue
[2024-03-10T09:59:08.533+0000] {logging_mixin.py:188} INFO - [2024-03-10T09:59:08.532+0000] {dagbag.py:540} INFO - Filling up the DagBag from /home/airflow/.local/lib/python3.8/site-packages/airflow/example_dags/example_trigger_target_dag.py
[2024-03-10T09:59:08.593+0000] {processor.py:840} INFO - DAG(s) 'example_trigger_target_dag' retrieved from /home/airflow/.local/lib/python3.8/site-packages/airflow/example_dags/example_trigger_target_dag.py
[2024-03-10T09:59:08.678+0000] {logging_mixin.py:188} INFO - [2024-03-10T09:59:08.677+0000] {dag.py:3047} INFO - Sync 1 DAGs
[2024-03-10T09:59:08.735+0000] {logging_mixin.py:188} INFO - [2024-03-10T09:59:08.735+0000] {dag.py:3834} INFO - Setting next_dagrun for example_trigger_target_dag to None, run_after=None
[2024-03-10T09:59:08.834+0000] {processor.py:183} INFO - Processing /home/airflow/.local/lib/python3.8/site-packages/airflow/example_dags/example_trigger_target_dag.py took 0.364 seconds
[2024-03-10T09:59:38.937+0000] {processor.py:161} INFO - Started process (PID=181) to work on /home/airflow/.local/lib/python3.8/site-packages/airflow/example_dags/example_trigger_target_dag.py
[2024-03-10T09:59:38.939+0000] {processor.py:830} INFO - Processing file /home/airflow/.local/lib/python3.8/site-packages/airflow/example_dags/example_trigger_target_dag.py for tasks to queue
[2024-03-10T09:59:38.943+0000] {logging_mixin.py:188} INFO - [2024-03-10T09:59:38.942+0000] {dagbag.py:540} INFO - Filling up the DagBag from /home/airflow/.local/lib/python3.8/site-packages/airflow/example_dags/example_trigger_target_dag.py
[2024-03-10T09:59:38.952+0000] {processor.py:840} INFO - DAG(s) 'example_trigger_target_dag' retrieved from /home/airflow/.local/lib/python3.8/site-packages/airflow/example_dags/example_trigger_target_dag.py
[2024-03-10T09:59:38.985+0000] {logging_mixin.py:188} INFO - [2024-03-10T09:59:38.985+0000] {dag.py:3047} INFO - Sync 1 DAGs
[2024-03-10T09:59:39.005+0000] {logging_mixin.py:188} INFO - [2024-03-10T09:59:39.004+0000] {dag.py:3834} INFO - Setting next_dagrun for example_trigger_target_dag to None, run_after=None
[2024-03-10T09:59:39.033+0000] {processor.py:183} INFO - Processing /home/airflow/.local/lib/python3.8/site-packages/airflow/example_dags/example_trigger_target_dag.py took 0.101 seconds
