[2024-03-10T08:12:56.487+0000] {processor.py:161} INFO - Started process (PID=53) to work on /home/airflow/.local/lib/python3.8/site-packages/airflow/example_dags/example_xcomargs.py
[2024-03-10T08:12:56.490+0000] {processor.py:830} INFO - Processing file /home/airflow/.local/lib/python3.8/site-packages/airflow/example_dags/example_xcomargs.py for tasks to queue
[2024-03-10T08:12:56.494+0000] {logging_mixin.py:188} INFO - [2024-03-10T08:12:56.494+0000] {dagbag.py:540} INFO - Filling up the DagBag from /home/airflow/.local/lib/python3.8/site-packages/airflow/example_dags/example_xcomargs.py
[2024-03-10T08:12:56.527+0000] {processor.py:840} INFO - DAG(s) 'example_xcom_args_with_operators', 'example_xcom_args' retrieved from /home/airflow/.local/lib/python3.8/site-packages/airflow/example_dags/example_xcomargs.py
[2024-03-10T08:12:57.457+0000] {logging_mixin.py:188} INFO - [2024-03-10T08:12:57.457+0000] {dag.py:3047} INFO - Sync 2 DAGs
[2024-03-10T08:12:57.557+0000] {logging_mixin.py:188} INFO - [2024-03-10T08:12:57.556+0000] {dag.py:3834} INFO - Setting next_dagrun for example_xcom_args to None, run_after=None
[2024-03-10T08:12:57.580+0000] {logging_mixin.py:188} INFO - [2024-03-10T08:12:57.575+0000] {dag.py:3834} INFO - Setting next_dagrun for example_xcom_args_with_operators to None, run_after=None
[2024-03-10T08:12:57.653+0000] {processor.py:183} INFO - Processing /home/airflow/.local/lib/python3.8/site-packages/airflow/example_dags/example_xcomargs.py took 1.175 seconds
[2024-03-10T09:58:13.904+0000] {processor.py:161} INFO - Started process (PID=46) to work on /home/airflow/.local/lib/python3.8/site-packages/airflow/example_dags/example_xcomargs.py
[2024-03-10T09:58:13.907+0000] {processor.py:830} INFO - Processing file /home/airflow/.local/lib/python3.8/site-packages/airflow/example_dags/example_xcomargs.py for tasks to queue
[2024-03-10T09:58:13.911+0000] {logging_mixin.py:188} INFO - [2024-03-10T09:58:13.910+0000] {dagbag.py:540} INFO - Filling up the DagBag from /home/airflow/.local/lib/python3.8/site-packages/airflow/example_dags/example_xcomargs.py
[2024-03-10T09:58:13.940+0000] {processor.py:840} INFO - DAG(s) 'example_xcom_args_with_operators', 'example_xcom_args' retrieved from /home/airflow/.local/lib/python3.8/site-packages/airflow/example_dags/example_xcomargs.py
[2024-03-10T09:58:14.095+0000] {logging_mixin.py:188} INFO - [2024-03-10T09:58:14.095+0000] {dag.py:3047} INFO - Sync 2 DAGs
[2024-03-10T09:58:14.144+0000] {logging_mixin.py:188} INFO - [2024-03-10T09:58:14.144+0000] {dag.py:3834} INFO - Setting next_dagrun for example_xcom_args to None, run_after=None
[2024-03-10T09:58:14.159+0000] {logging_mixin.py:188} INFO - [2024-03-10T09:58:14.158+0000] {dag.py:3834} INFO - Setting next_dagrun for example_xcom_args_with_operators to None, run_after=None
[2024-03-10T09:58:14.268+0000] {processor.py:183} INFO - Processing /home/airflow/.local/lib/python3.8/site-packages/airflow/example_dags/example_xcomargs.py took 0.371 seconds
[2024-03-10T09:58:45.145+0000] {processor.py:161} INFO - Started process (PID=100) to work on /home/airflow/.local/lib/python3.8/site-packages/airflow/example_dags/example_xcomargs.py
[2024-03-10T09:58:45.148+0000] {processor.py:830} INFO - Processing file /home/airflow/.local/lib/python3.8/site-packages/airflow/example_dags/example_xcomargs.py for tasks to queue
[2024-03-10T09:58:45.152+0000] {logging_mixin.py:188} INFO - [2024-03-10T09:58:45.151+0000] {dagbag.py:540} INFO - Filling up the DagBag from /home/airflow/.local/lib/python3.8/site-packages/airflow/example_dags/example_xcomargs.py
[2024-03-10T09:58:45.178+0000] {processor.py:840} INFO - DAG(s) 'example_xcom_args_with_operators', 'example_xcom_args' retrieved from /home/airflow/.local/lib/python3.8/site-packages/airflow/example_dags/example_xcomargs.py
[2024-03-10T09:58:45.257+0000] {logging_mixin.py:188} INFO - [2024-03-10T09:58:45.257+0000] {dag.py:3047} INFO - Sync 2 DAGs
[2024-03-10T09:58:45.315+0000] {logging_mixin.py:188} INFO - [2024-03-10T09:58:45.314+0000] {dag.py:3834} INFO - Setting next_dagrun for example_xcom_args to None, run_after=None
[2024-03-10T09:58:45.339+0000] {logging_mixin.py:188} INFO - [2024-03-10T09:58:45.339+0000] {dag.py:3834} INFO - Setting next_dagrun for example_xcom_args_with_operators to None, run_after=None
[2024-03-10T09:58:45.466+0000] {processor.py:183} INFO - Processing /home/airflow/.local/lib/python3.8/site-packages/airflow/example_dags/example_xcomargs.py took 0.329 seconds
[2024-03-10T09:59:15.756+0000] {processor.py:161} INFO - Started process (PID=153) to work on /home/airflow/.local/lib/python3.8/site-packages/airflow/example_dags/example_xcomargs.py
[2024-03-10T09:59:15.758+0000] {processor.py:830} INFO - Processing file /home/airflow/.local/lib/python3.8/site-packages/airflow/example_dags/example_xcomargs.py for tasks to queue
[2024-03-10T09:59:15.761+0000] {logging_mixin.py:188} INFO - [2024-03-10T09:59:15.760+0000] {dagbag.py:540} INFO - Filling up the DagBag from /home/airflow/.local/lib/python3.8/site-packages/airflow/example_dags/example_xcomargs.py
[2024-03-10T09:59:15.777+0000] {processor.py:840} INFO - DAG(s) 'example_xcom_args', 'example_xcom_args_with_operators' retrieved from /home/airflow/.local/lib/python3.8/site-packages/airflow/example_dags/example_xcomargs.py
[2024-03-10T09:59:15.800+0000] {logging_mixin.py:188} INFO - [2024-03-10T09:59:15.800+0000] {dag.py:3047} INFO - Sync 2 DAGs
[2024-03-10T09:59:15.829+0000] {logging_mixin.py:188} INFO - [2024-03-10T09:59:15.829+0000] {dag.py:3834} INFO - Setting next_dagrun for example_xcom_args to None, run_after=None
[2024-03-10T09:59:15.840+0000] {logging_mixin.py:188} INFO - [2024-03-10T09:59:15.840+0000] {dag.py:3834} INFO - Setting next_dagrun for example_xcom_args_with_operators to None, run_after=None
[2024-03-10T09:59:15.882+0000] {processor.py:183} INFO - Processing /home/airflow/.local/lib/python3.8/site-packages/airflow/example_dags/example_xcomargs.py took 0.133 seconds
[2024-03-10T09:59:46.607+0000] {processor.py:161} INFO - Started process (PID=208) to work on /home/airflow/.local/lib/python3.8/site-packages/airflow/example_dags/example_xcomargs.py
[2024-03-10T09:59:46.609+0000] {processor.py:830} INFO - Processing file /home/airflow/.local/lib/python3.8/site-packages/airflow/example_dags/example_xcomargs.py for tasks to queue
[2024-03-10T09:59:46.613+0000] {logging_mixin.py:188} INFO - [2024-03-10T09:59:46.612+0000] {dagbag.py:540} INFO - Filling up the DagBag from /home/airflow/.local/lib/python3.8/site-packages/airflow/example_dags/example_xcomargs.py
[2024-03-10T09:59:46.628+0000] {processor.py:840} INFO - DAG(s) 'example_xcom_args', 'example_xcom_args_with_operators' retrieved from /home/airflow/.local/lib/python3.8/site-packages/airflow/example_dags/example_xcomargs.py
[2024-03-10T09:59:46.870+0000] {logging_mixin.py:188} INFO - [2024-03-10T09:59:46.870+0000] {dag.py:3047} INFO - Sync 2 DAGs
[2024-03-10T09:59:46.895+0000] {logging_mixin.py:188} INFO - [2024-03-10T09:59:46.894+0000] {dag.py:3834} INFO - Setting next_dagrun for example_xcom_args to None, run_after=None
[2024-03-10T09:59:46.901+0000] {logging_mixin.py:188} INFO - [2024-03-10T09:59:46.901+0000] {dag.py:3834} INFO - Setting next_dagrun for example_xcom_args_with_operators to None, run_after=None
[2024-03-10T09:59:46.973+0000] {processor.py:183} INFO - Processing /home/airflow/.local/lib/python3.8/site-packages/airflow/example_dags/example_xcomargs.py took 0.373 seconds
