[2024-03-10T08:13:04.934+0000] {processor.py:161} INFO - Started process (PID=64) to work on /home/airflow/.local/lib/python3.8/site-packages/airflow/example_dags/example_sensors.py
[2024-03-10T08:13:04.943+0000] {processor.py:830} INFO - Processing file /home/airflow/.local/lib/python3.8/site-packages/airflow/example_dags/example_sensors.py for tasks to queue
[2024-03-10T08:13:04.954+0000] {logging_mixin.py:188} INFO - [2024-03-10T08:13:04.953+0000] {dagbag.py:540} INFO - Filling up the DagBag from /home/airflow/.local/lib/python3.8/site-packages/airflow/example_dags/example_sensors.py
[2024-03-10T08:13:05.314+0000] {processor.py:840} INFO - DAG(s) 'example_sensors' retrieved from /home/airflow/.local/lib/python3.8/site-packages/airflow/example_dags/example_sensors.py
[2024-03-10T08:13:06.670+0000] {logging_mixin.py:188} INFO - [2024-03-10T08:13:06.669+0000] {dag.py:3047} INFO - Sync 1 DAGs
[2024-03-10T08:13:06.748+0000] {logging_mixin.py:188} INFO - [2024-03-10T08:13:06.748+0000] {dag.py:3834} INFO - Setting next_dagrun for example_sensors to None, run_after=None
[2024-03-10T08:13:07.062+0000] {processor.py:183} INFO - Processing /home/airflow/.local/lib/python3.8/site-packages/airflow/example_dags/example_sensors.py took 2.170 seconds
[2024-03-10T09:58:31.322+0000] {processor.py:161} INFO - Started process (PID=58) to work on /home/airflow/.local/lib/python3.8/site-packages/airflow/example_dags/example_sensors.py
[2024-03-10T09:58:31.344+0000] {processor.py:830} INFO - Processing file /home/airflow/.local/lib/python3.8/site-packages/airflow/example_dags/example_sensors.py for tasks to queue
[2024-03-10T09:58:31.362+0000] {logging_mixin.py:188} INFO - [2024-03-10T09:58:31.361+0000] {dagbag.py:540} INFO - Filling up the DagBag from /home/airflow/.local/lib/python3.8/site-packages/airflow/example_dags/example_sensors.py
[2024-03-10T09:58:31.469+0000] {processor.py:840} INFO - DAG(s) 'example_sensors' retrieved from /home/airflow/.local/lib/python3.8/site-packages/airflow/example_dags/example_sensors.py
[2024-03-10T09:58:31.827+0000] {logging_mixin.py:188} INFO - [2024-03-10T09:58:31.826+0000] {dag.py:3047} INFO - Sync 1 DAGs
[2024-03-10T09:58:31.899+0000] {logging_mixin.py:188} INFO - [2024-03-10T09:58:31.899+0000] {dag.py:3834} INFO - Setting next_dagrun for example_sensors to None, run_after=None
[2024-03-10T09:58:32.203+0000] {processor.py:183} INFO - Processing /home/airflow/.local/lib/python3.8/site-packages/airflow/example_dags/example_sensors.py took 0.936 seconds
[2024-03-10T09:59:02.629+0000] {processor.py:161} INFO - Started process (PID=112) to work on /home/airflow/.local/lib/python3.8/site-packages/airflow/example_dags/example_sensors.py
[2024-03-10T09:59:02.636+0000] {processor.py:830} INFO - Processing file /home/airflow/.local/lib/python3.8/site-packages/airflow/example_dags/example_sensors.py for tasks to queue
[2024-03-10T09:59:02.669+0000] {logging_mixin.py:188} INFO - [2024-03-10T09:59:02.653+0000] {dagbag.py:540} INFO - Filling up the DagBag from /home/airflow/.local/lib/python3.8/site-packages/airflow/example_dags/example_sensors.py
[2024-03-10T09:59:02.767+0000] {processor.py:840} INFO - DAG(s) 'example_sensors' retrieved from /home/airflow/.local/lib/python3.8/site-packages/airflow/example_dags/example_sensors.py
[2024-03-10T09:59:02.815+0000] {logging_mixin.py:188} INFO - [2024-03-10T09:59:02.814+0000] {dag.py:3047} INFO - Sync 1 DAGs
[2024-03-10T09:59:02.931+0000] {logging_mixin.py:188} INFO - [2024-03-10T09:59:02.931+0000] {dag.py:3834} INFO - Setting next_dagrun for example_sensors to None, run_after=None
[2024-03-10T09:59:03.178+0000] {processor.py:183} INFO - Processing /home/airflow/.local/lib/python3.8/site-packages/airflow/example_dags/example_sensors.py took 0.625 seconds
[2024-03-10T09:59:33.556+0000] {processor.py:161} INFO - Started process (PID=173) to work on /home/airflow/.local/lib/python3.8/site-packages/airflow/example_dags/example_sensors.py
[2024-03-10T09:59:33.566+0000] {processor.py:830} INFO - Processing file /home/airflow/.local/lib/python3.8/site-packages/airflow/example_dags/example_sensors.py for tasks to queue
[2024-03-10T09:59:33.603+0000] {logging_mixin.py:188} INFO - [2024-03-10T09:59:33.600+0000] {dagbag.py:540} INFO - Filling up the DagBag from /home/airflow/.local/lib/python3.8/site-packages/airflow/example_dags/example_sensors.py
[2024-03-10T09:59:33.769+0000] {processor.py:840} INFO - DAG(s) 'example_sensors' retrieved from /home/airflow/.local/lib/python3.8/site-packages/airflow/example_dags/example_sensors.py
[2024-03-10T09:59:34.576+0000] {logging_mixin.py:188} INFO - [2024-03-10T09:59:34.575+0000] {dag.py:3047} INFO - Sync 1 DAGs
[2024-03-10T09:59:34.657+0000] {logging_mixin.py:188} INFO - [2024-03-10T09:59:34.656+0000] {dag.py:3834} INFO - Setting next_dagrun for example_sensors to None, run_after=None
[2024-03-10T09:59:34.790+0000] {processor.py:183} INFO - Processing /home/airflow/.local/lib/python3.8/site-packages/airflow/example_dags/example_sensors.py took 1.255 seconds
[2024-03-10T10:00:05.118+0000] {processor.py:161} INFO - Started process (PID=228) to work on /home/airflow/.local/lib/python3.8/site-packages/airflow/example_dags/example_sensors.py
[2024-03-10T10:00:05.132+0000] {processor.py:830} INFO - Processing file /home/airflow/.local/lib/python3.8/site-packages/airflow/example_dags/example_sensors.py for tasks to queue
[2024-03-10T10:00:05.137+0000] {logging_mixin.py:188} INFO - [2024-03-10T10:00:05.136+0000] {dagbag.py:540} INFO - Filling up the DagBag from /home/airflow/.local/lib/python3.8/site-packages/airflow/example_dags/example_sensors.py
[2024-03-10T10:00:05.200+0000] {processor.py:840} INFO - DAG(s) 'example_sensors' retrieved from /home/airflow/.local/lib/python3.8/site-packages/airflow/example_dags/example_sensors.py
[2024-03-10T10:00:05.358+0000] {logging_mixin.py:188} INFO - [2024-03-10T10:00:05.357+0000] {dag.py:3047} INFO - Sync 1 DAGs
[2024-03-10T10:00:05.443+0000] {logging_mixin.py:188} INFO - [2024-03-10T10:00:05.442+0000] {dag.py:3834} INFO - Setting next_dagrun for example_sensors to None, run_after=None
[2024-03-10T10:00:05.621+0000] {processor.py:183} INFO - Processing /home/airflow/.local/lib/python3.8/site-packages/airflow/example_dags/example_sensors.py took 0.522 seconds
