[2024-03-10T09:58:38.922+0000] {processor.py:161} INFO - Started process (PID=80) to work on /home/airflow/.local/lib/python3.8/site-packages/airflow/example_dags/example_skip_dag.py
[2024-03-10T09:58:38.924+0000] {processor.py:830} INFO - Processing file /home/airflow/.local/lib/python3.8/site-packages/airflow/example_dags/example_skip_dag.py for tasks to queue
[2024-03-10T09:58:38.928+0000] {logging_mixin.py:188} INFO - [2024-03-10T09:58:38.928+0000] {dagbag.py:540} INFO - Filling up the DagBag from /home/airflow/.local/lib/python3.8/site-packages/airflow/example_dags/example_skip_dag.py
[2024-03-10T09:58:38.946+0000] {processor.py:840} INFO - DAG(s) 'example_skip_dag' retrieved from /home/airflow/.local/lib/python3.8/site-packages/airflow/example_dags/example_skip_dag.py
[2024-03-10T09:58:39.353+0000] {logging_mixin.py:188} INFO - [2024-03-10T09:58:39.353+0000] {dag.py:3047} INFO - Sync 1 DAGs
[2024-03-10T09:58:39.417+0000] {logging_mixin.py:188} INFO - [2024-03-10T09:58:39.417+0000] {dag.py:3834} INFO - Setting next_dagrun for example_skip_dag to 2024-03-09 00:00:00+00:00, run_after=2024-03-10 00:00:00+00:00
[2024-03-10T09:58:39.462+0000] {processor.py:183} INFO - Processing /home/airflow/.local/lib/python3.8/site-packages/airflow/example_dags/example_skip_dag.py took 0.553 seconds
[2024-03-10T09:59:10.237+0000] {processor.py:161} INFO - Started process (PID=135) to work on /home/airflow/.local/lib/python3.8/site-packages/airflow/example_dags/example_skip_dag.py
[2024-03-10T09:59:10.240+0000] {processor.py:830} INFO - Processing file /home/airflow/.local/lib/python3.8/site-packages/airflow/example_dags/example_skip_dag.py for tasks to queue
[2024-03-10T09:59:10.243+0000] {logging_mixin.py:188} INFO - [2024-03-10T09:59:10.243+0000] {dagbag.py:540} INFO - Filling up the DagBag from /home/airflow/.local/lib/python3.8/site-packages/airflow/example_dags/example_skip_dag.py
[2024-03-10T09:59:10.259+0000] {processor.py:840} INFO - DAG(s) 'example_skip_dag' retrieved from /home/airflow/.local/lib/python3.8/site-packages/airflow/example_dags/example_skip_dag.py
[2024-03-10T09:59:10.320+0000] {logging_mixin.py:188} INFO - [2024-03-10T09:59:10.320+0000] {dag.py:3047} INFO - Sync 1 DAGs
[2024-03-10T09:59:10.377+0000] {logging_mixin.py:188} INFO - [2024-03-10T09:59:10.377+0000] {dag.py:3834} INFO - Setting next_dagrun for example_skip_dag to 2024-03-09 00:00:00+00:00, run_after=2024-03-10 00:00:00+00:00
[2024-03-10T09:59:10.424+0000] {processor.py:183} INFO - Processing /home/airflow/.local/lib/python3.8/site-packages/airflow/example_dags/example_skip_dag.py took 0.196 seconds
[2024-03-10T09:59:40.940+0000] {processor.py:161} INFO - Started process (PID=190) to work on /home/airflow/.local/lib/python3.8/site-packages/airflow/example_dags/example_skip_dag.py
[2024-03-10T09:59:40.942+0000] {processor.py:830} INFO - Processing file /home/airflow/.local/lib/python3.8/site-packages/airflow/example_dags/example_skip_dag.py for tasks to queue
[2024-03-10T09:59:40.945+0000] {logging_mixin.py:188} INFO - [2024-03-10T09:59:40.945+0000] {dagbag.py:540} INFO - Filling up the DagBag from /home/airflow/.local/lib/python3.8/site-packages/airflow/example_dags/example_skip_dag.py
[2024-03-10T09:59:40.955+0000] {processor.py:840} INFO - DAG(s) 'example_skip_dag' retrieved from /home/airflow/.local/lib/python3.8/site-packages/airflow/example_dags/example_skip_dag.py
[2024-03-10T09:59:40.983+0000] {logging_mixin.py:188} INFO - [2024-03-10T09:59:40.983+0000] {dag.py:3047} INFO - Sync 1 DAGs
[2024-03-10T09:59:41.012+0000] {logging_mixin.py:188} INFO - [2024-03-10T09:59:41.012+0000] {dag.py:3834} INFO - Setting next_dagrun for example_skip_dag to 2024-03-09 00:00:00+00:00, run_after=2024-03-10 00:00:00+00:00
[2024-03-10T09:59:41.038+0000] {processor.py:183} INFO - Processing /home/airflow/.local/lib/python3.8/site-packages/airflow/example_dags/example_skip_dag.py took 0.103 seconds
