[2024-03-10T09:58:39.560+0000] {processor.py:161} INFO - Started process (PID=82) to work on /home/airflow/.local/lib/python3.8/site-packages/airflow/example_dags/example_setup_teardown.py
[2024-03-10T09:58:39.563+0000] {processor.py:830} INFO - Processing file /home/airflow/.local/lib/python3.8/site-packages/airflow/example_dags/example_setup_teardown.py for tasks to queue
[2024-03-10T09:58:39.568+0000] {logging_mixin.py:188} INFO - [2024-03-10T09:58:39.567+0000] {dagbag.py:540} INFO - Filling up the DagBag from /home/airflow/.local/lib/python3.8/site-packages/airflow/example_dags/example_setup_teardown.py
[2024-03-10T09:58:39.586+0000] {processor.py:840} INFO - DAG(s) 'example_setup_teardown' retrieved from /home/airflow/.local/lib/python3.8/site-packages/airflow/example_dags/example_setup_teardown.py
[2024-03-10T09:58:39.930+0000] {logging_mixin.py:188} INFO - [2024-03-10T09:58:39.929+0000] {dag.py:3047} INFO - Sync 1 DAGs
[2024-03-10T09:58:39.986+0000] {logging_mixin.py:188} INFO - [2024-03-10T09:58:39.986+0000] {dag.py:3834} INFO - Setting next_dagrun for example_setup_teardown to 2024-03-09 00:00:00+00:00, run_after=2024-03-10 00:00:00+00:00
[2024-03-10T09:58:40.055+0000] {processor.py:183} INFO - Processing /home/airflow/.local/lib/python3.8/site-packages/airflow/example_dags/example_setup_teardown.py took 0.504 seconds
[2024-03-10T09:59:10.474+0000] {processor.py:161} INFO - Started process (PID=137) to work on /home/airflow/.local/lib/python3.8/site-packages/airflow/example_dags/example_setup_teardown.py
[2024-03-10T09:59:10.476+0000] {processor.py:830} INFO - Processing file /home/airflow/.local/lib/python3.8/site-packages/airflow/example_dags/example_setup_teardown.py for tasks to queue
[2024-03-10T09:59:10.480+0000] {logging_mixin.py:188} INFO - [2024-03-10T09:59:10.479+0000] {dagbag.py:540} INFO - Filling up the DagBag from /home/airflow/.local/lib/python3.8/site-packages/airflow/example_dags/example_setup_teardown.py
[2024-03-10T09:59:10.515+0000] {processor.py:840} INFO - DAG(s) 'example_setup_teardown' retrieved from /home/airflow/.local/lib/python3.8/site-packages/airflow/example_dags/example_setup_teardown.py
[2024-03-10T09:59:10.564+0000] {logging_mixin.py:188} INFO - [2024-03-10T09:59:10.563+0000] {dag.py:3047} INFO - Sync 1 DAGs
[2024-03-10T09:59:10.620+0000] {logging_mixin.py:188} INFO - [2024-03-10T09:59:10.620+0000] {dag.py:3834} INFO - Setting next_dagrun for example_setup_teardown to 2024-03-09 00:00:00+00:00, run_after=2024-03-10 00:00:00+00:00
[2024-03-10T09:59:10.663+0000] {processor.py:183} INFO - Processing /home/airflow/.local/lib/python3.8/site-packages/airflow/example_dags/example_setup_teardown.py took 0.196 seconds
[2024-03-10T09:59:41.084+0000] {processor.py:161} INFO - Started process (PID=192) to work on /home/airflow/.local/lib/python3.8/site-packages/airflow/example_dags/example_setup_teardown.py
[2024-03-10T09:59:41.086+0000] {processor.py:830} INFO - Processing file /home/airflow/.local/lib/python3.8/site-packages/airflow/example_dags/example_setup_teardown.py for tasks to queue
[2024-03-10T09:59:41.089+0000] {logging_mixin.py:188} INFO - [2024-03-10T09:59:41.088+0000] {dagbag.py:540} INFO - Filling up the DagBag from /home/airflow/.local/lib/python3.8/site-packages/airflow/example_dags/example_setup_teardown.py
[2024-03-10T09:59:41.099+0000] {processor.py:840} INFO - DAG(s) 'example_setup_teardown' retrieved from /home/airflow/.local/lib/python3.8/site-packages/airflow/example_dags/example_setup_teardown.py
[2024-03-10T09:59:41.132+0000] {logging_mixin.py:188} INFO - [2024-03-10T09:59:41.132+0000] {dag.py:3047} INFO - Sync 1 DAGs
[2024-03-10T09:59:41.165+0000] {logging_mixin.py:188} INFO - [2024-03-10T09:59:41.164+0000] {dag.py:3834} INFO - Setting next_dagrun for example_setup_teardown to 2024-03-09 00:00:00+00:00, run_after=2024-03-10 00:00:00+00:00
[2024-03-10T09:59:41.197+0000] {processor.py:183} INFO - Processing /home/airflow/.local/lib/python3.8/site-packages/airflow/example_dags/example_setup_teardown.py took 0.118 seconds
