[2024-03-10T09:58:38.252+0000] {processor.py:161} INFO - Started process (PID=78) to work on /home/airflow/.local/lib/python3.8/site-packages/airflow/example_dags/example_short_circuit_operator.py
[2024-03-10T09:58:38.256+0000] {processor.py:830} INFO - Processing file /home/airflow/.local/lib/python3.8/site-packages/airflow/example_dags/example_short_circuit_operator.py for tasks to queue
[2024-03-10T09:58:38.260+0000] {logging_mixin.py:188} INFO - [2024-03-10T09:58:38.259+0000] {dagbag.py:540} INFO - Filling up the DagBag from /home/airflow/.local/lib/python3.8/site-packages/airflow/example_dags/example_short_circuit_operator.py
[2024-03-10T09:58:38.281+0000] {processor.py:840} INFO - DAG(s) 'example_short_circuit_operator' retrieved from /home/airflow/.local/lib/python3.8/site-packages/airflow/example_dags/example_short_circuit_operator.py
[2024-03-10T09:58:38.672+0000] {logging_mixin.py:188} INFO - [2024-03-10T09:58:38.671+0000] {dag.py:3047} INFO - Sync 1 DAGs
[2024-03-10T09:58:38.761+0000] {logging_mixin.py:188} INFO - [2024-03-10T09:58:38.760+0000] {dag.py:3834} INFO - Setting next_dagrun for example_short_circuit_operator to 2024-03-09 00:00:00+00:00, run_after=2024-03-10 00:00:00+00:00
[2024-03-10T09:58:38.829+0000] {processor.py:183} INFO - Processing /home/airflow/.local/lib/python3.8/site-packages/airflow/example_dags/example_short_circuit_operator.py took 0.585 seconds
[2024-03-10T09:59:09.873+0000] {processor.py:161} INFO - Started process (PID=133) to work on /home/airflow/.local/lib/python3.8/site-packages/airflow/example_dags/example_short_circuit_operator.py
[2024-03-10T09:59:09.875+0000] {processor.py:830} INFO - Processing file /home/airflow/.local/lib/python3.8/site-packages/airflow/example_dags/example_short_circuit_operator.py for tasks to queue
[2024-03-10T09:59:09.878+0000] {logging_mixin.py:188} INFO - [2024-03-10T09:59:09.878+0000] {dagbag.py:540} INFO - Filling up the DagBag from /home/airflow/.local/lib/python3.8/site-packages/airflow/example_dags/example_short_circuit_operator.py
[2024-03-10T09:59:09.895+0000] {processor.py:840} INFO - DAG(s) 'example_short_circuit_operator' retrieved from /home/airflow/.local/lib/python3.8/site-packages/airflow/example_dags/example_short_circuit_operator.py
[2024-03-10T09:59:09.941+0000] {logging_mixin.py:188} INFO - [2024-03-10T09:59:09.941+0000] {dag.py:3047} INFO - Sync 1 DAGs
[2024-03-10T09:59:10.025+0000] {logging_mixin.py:188} INFO - [2024-03-10T09:59:10.024+0000] {dag.py:3834} INFO - Setting next_dagrun for example_short_circuit_operator to 2024-03-09 00:00:00+00:00, run_after=2024-03-10 00:00:00+00:00
[2024-03-10T09:59:10.068+0000] {processor.py:183} INFO - Processing /home/airflow/.local/lib/python3.8/site-packages/airflow/example_dags/example_short_circuit_operator.py took 0.203 seconds
[2024-03-10T09:59:40.555+0000] {processor.py:161} INFO - Started process (PID=188) to work on /home/airflow/.local/lib/python3.8/site-packages/airflow/example_dags/example_short_circuit_operator.py
[2024-03-10T09:59:40.557+0000] {processor.py:830} INFO - Processing file /home/airflow/.local/lib/python3.8/site-packages/airflow/example_dags/example_short_circuit_operator.py for tasks to queue
[2024-03-10T09:59:40.562+0000] {logging_mixin.py:188} INFO - [2024-03-10T09:59:40.561+0000] {dagbag.py:540} INFO - Filling up the DagBag from /home/airflow/.local/lib/python3.8/site-packages/airflow/example_dags/example_short_circuit_operator.py
[2024-03-10T09:59:40.582+0000] {processor.py:840} INFO - DAG(s) 'example_short_circuit_operator' retrieved from /home/airflow/.local/lib/python3.8/site-packages/airflow/example_dags/example_short_circuit_operator.py
[2024-03-10T09:59:40.662+0000] {logging_mixin.py:188} INFO - [2024-03-10T09:59:40.662+0000] {dag.py:3047} INFO - Sync 1 DAGs
[2024-03-10T09:59:40.700+0000] {logging_mixin.py:188} INFO - [2024-03-10T09:59:40.700+0000] {dag.py:3834} INFO - Setting next_dagrun for example_short_circuit_operator to 2024-03-09 00:00:00+00:00, run_after=2024-03-10 00:00:00+00:00
[2024-03-10T09:59:40.742+0000] {processor.py:183} INFO - Processing /home/airflow/.local/lib/python3.8/site-packages/airflow/example_dags/example_short_circuit_operator.py took 0.194 seconds
