[2024-03-10T08:12:57.975+0000] {processor.py:161} INFO - Started process (PID=56) to work on /home/airflow/.local/lib/python3.8/site-packages/airflow/example_dags/tutorial.py
[2024-03-10T08:12:57.979+0000] {processor.py:830} INFO - Processing file /home/airflow/.local/lib/python3.8/site-packages/airflow/example_dags/tutorial.py for tasks to queue
[2024-03-10T08:12:57.995+0000] {logging_mixin.py:188} INFO - [2024-03-10T08:12:57.983+0000] {dagbag.py:540} INFO - Filling up the DagBag from /home/airflow/.local/lib/python3.8/site-packages/airflow/example_dags/tutorial.py
[2024-03-10T08:12:58.025+0000] {processor.py:840} INFO - DAG(s) 'tutorial' retrieved from /home/airflow/.local/lib/python3.8/site-packages/airflow/example_dags/tutorial.py
[2024-03-10T08:12:58.604+0000] {logging_mixin.py:188} INFO - [2024-03-10T08:12:58.603+0000] {dag.py:3047} INFO - Sync 1 DAGs
[2024-03-10T08:12:58.814+0000] {logging_mixin.py:188} INFO - [2024-03-10T08:12:58.813+0000] {dag.py:3834} INFO - Setting next_dagrun for tutorial to 2024-03-09 00:00:00+00:00, run_after=2024-03-10 00:00:00+00:00
[2024-03-10T08:12:58.947+0000] {processor.py:183} INFO - Processing /home/airflow/.local/lib/python3.8/site-packages/airflow/example_dags/tutorial.py took 1.002 seconds
[2024-03-10T09:58:15.907+0000] {processor.py:161} INFO - Started process (PID=49) to work on /home/airflow/.local/lib/python3.8/site-packages/airflow/example_dags/tutorial.py
[2024-03-10T09:58:15.909+0000] {processor.py:830} INFO - Processing file /home/airflow/.local/lib/python3.8/site-packages/airflow/example_dags/tutorial.py for tasks to queue
[2024-03-10T09:58:15.915+0000] {logging_mixin.py:188} INFO - [2024-03-10T09:58:15.914+0000] {dagbag.py:540} INFO - Filling up the DagBag from /home/airflow/.local/lib/python3.8/site-packages/airflow/example_dags/tutorial.py
[2024-03-10T09:58:15.939+0000] {processor.py:840} INFO - DAG(s) 'tutorial' retrieved from /home/airflow/.local/lib/python3.8/site-packages/airflow/example_dags/tutorial.py
[2024-03-10T09:58:16.087+0000] {logging_mixin.py:188} INFO - [2024-03-10T09:58:16.087+0000] {dag.py:3047} INFO - Sync 1 DAGs
[2024-03-10T09:58:16.254+0000] {logging_mixin.py:188} INFO - [2024-03-10T09:58:16.244+0000] {dag.py:3834} INFO - Setting next_dagrun for tutorial to 2024-03-09 00:00:00+00:00, run_after=2024-03-10 00:00:00+00:00
[2024-03-10T09:58:16.446+0000] {processor.py:183} INFO - Processing /home/airflow/.local/lib/python3.8/site-packages/airflow/example_dags/tutorial.py took 0.549 seconds
[2024-03-10T09:58:47.912+0000] {processor.py:161} INFO - Started process (PID=104) to work on /home/airflow/.local/lib/python3.8/site-packages/airflow/example_dags/tutorial.py
[2024-03-10T09:58:47.914+0000] {processor.py:830} INFO - Processing file /home/airflow/.local/lib/python3.8/site-packages/airflow/example_dags/tutorial.py for tasks to queue
[2024-03-10T09:58:47.918+0000] {logging_mixin.py:188} INFO - [2024-03-10T09:58:47.917+0000] {dagbag.py:540} INFO - Filling up the DagBag from /home/airflow/.local/lib/python3.8/site-packages/airflow/example_dags/tutorial.py
[2024-03-10T09:58:47.928+0000] {processor.py:840} INFO - DAG(s) 'tutorial' retrieved from /home/airflow/.local/lib/python3.8/site-packages/airflow/example_dags/tutorial.py
[2024-03-10T09:58:47.973+0000] {logging_mixin.py:188} INFO - [2024-03-10T09:58:47.972+0000] {dag.py:3047} INFO - Sync 1 DAGs
[2024-03-10T09:58:48.046+0000] {logging_mixin.py:188} INFO - [2024-03-10T09:58:48.045+0000] {dag.py:3834} INFO - Setting next_dagrun for tutorial to 2024-03-09 00:00:00+00:00, run_after=2024-03-10 00:00:00+00:00
[2024-03-10T09:58:48.093+0000] {processor.py:183} INFO - Processing /home/airflow/.local/lib/python3.8/site-packages/airflow/example_dags/tutorial.py took 0.186 seconds
[2024-03-10T09:59:18.148+0000] {processor.py:161} INFO - Started process (PID=157) to work on /home/airflow/.local/lib/python3.8/site-packages/airflow/example_dags/tutorial.py
[2024-03-10T09:59:18.149+0000] {processor.py:830} INFO - Processing file /home/airflow/.local/lib/python3.8/site-packages/airflow/example_dags/tutorial.py for tasks to queue
[2024-03-10T09:59:18.152+0000] {logging_mixin.py:188} INFO - [2024-03-10T09:59:18.152+0000] {dagbag.py:540} INFO - Filling up the DagBag from /home/airflow/.local/lib/python3.8/site-packages/airflow/example_dags/tutorial.py
[2024-03-10T09:59:18.161+0000] {processor.py:840} INFO - DAG(s) 'tutorial' retrieved from /home/airflow/.local/lib/python3.8/site-packages/airflow/example_dags/tutorial.py
[2024-03-10T09:59:18.181+0000] {logging_mixin.py:188} INFO - [2024-03-10T09:59:18.180+0000] {dag.py:3047} INFO - Sync 1 DAGs
[2024-03-10T09:59:18.219+0000] {logging_mixin.py:188} INFO - [2024-03-10T09:59:18.219+0000] {dag.py:3834} INFO - Setting next_dagrun for tutorial to 2024-03-09 00:00:00+00:00, run_after=2024-03-10 00:00:00+00:00
[2024-03-10T09:59:18.253+0000] {processor.py:183} INFO - Processing /home/airflow/.local/lib/python3.8/site-packages/airflow/example_dags/tutorial.py took 0.110 seconds
[2024-03-10T09:59:49.196+0000] {processor.py:161} INFO - Started process (PID=211) to work on /home/airflow/.local/lib/python3.8/site-packages/airflow/example_dags/tutorial.py
[2024-03-10T09:59:49.198+0000] {processor.py:830} INFO - Processing file /home/airflow/.local/lib/python3.8/site-packages/airflow/example_dags/tutorial.py for tasks to queue
[2024-03-10T09:59:49.201+0000] {logging_mixin.py:188} INFO - [2024-03-10T09:59:49.200+0000] {dagbag.py:540} INFO - Filling up the DagBag from /home/airflow/.local/lib/python3.8/site-packages/airflow/example_dags/tutorial.py
[2024-03-10T09:59:49.211+0000] {processor.py:840} INFO - DAG(s) 'tutorial' retrieved from /home/airflow/.local/lib/python3.8/site-packages/airflow/example_dags/tutorial.py
[2024-03-10T09:59:49.402+0000] {logging_mixin.py:188} INFO - [2024-03-10T09:59:49.402+0000] {dag.py:3047} INFO - Sync 1 DAGs
[2024-03-10T09:59:49.437+0000] {logging_mixin.py:188} INFO - [2024-03-10T09:59:49.436+0000] {dag.py:3834} INFO - Setting next_dagrun for tutorial to 2024-03-09 00:00:00+00:00, run_after=2024-03-10 00:00:00+00:00
[2024-03-10T09:59:49.471+0000] {processor.py:183} INFO - Processing /home/airflow/.local/lib/python3.8/site-packages/airflow/example_dags/tutorial.py took 0.280 seconds
