[2024-03-10T08:12:50.775+0000] {processor.py:161} INFO - Started process (PID=47) to work on /home/airflow/.local/lib/python3.8/site-packages/airflow/example_dags/tutorial_dag.py
[2024-03-10T08:12:50.786+0000] {processor.py:830} INFO - Processing file /home/airflow/.local/lib/python3.8/site-packages/airflow/example_dags/tutorial_dag.py for tasks to queue
[2024-03-10T08:12:50.807+0000] {logging_mixin.py:188} INFO - [2024-03-10T08:12:50.804+0000] {dagbag.py:540} INFO - Filling up the DagBag from /home/airflow/.local/lib/python3.8/site-packages/airflow/example_dags/tutorial_dag.py
[2024-03-10T08:12:51.062+0000] {processor.py:840} INFO - DAG(s) 'tutorial_dag' retrieved from /home/airflow/.local/lib/python3.8/site-packages/airflow/example_dags/tutorial_dag.py
[2024-03-10T08:12:52.984+0000] {logging_mixin.py:188} INFO - [2024-03-10T08:12:52.983+0000] {dag.py:3047} INFO - Sync 1 DAGs
[2024-03-10T08:12:53.040+0000] {logging_mixin.py:188} INFO - [2024-03-10T08:12:53.039+0000] {dag.py:3834} INFO - Setting next_dagrun for tutorial_dag to None, run_after=None
[2024-03-10T08:12:53.111+0000] {processor.py:183} INFO - Processing /home/airflow/.local/lib/python3.8/site-packages/airflow/example_dags/tutorial_dag.py took 2.380 seconds
[2024-03-10T09:58:11.228+0000] {processor.py:161} INFO - Started process (PID=40) to work on /home/airflow/.local/lib/python3.8/site-packages/airflow/example_dags/tutorial_dag.py
[2024-03-10T09:58:11.230+0000] {processor.py:830} INFO - Processing file /home/airflow/.local/lib/python3.8/site-packages/airflow/example_dags/tutorial_dag.py for tasks to queue
[2024-03-10T09:58:11.246+0000] {logging_mixin.py:188} INFO - [2024-03-10T09:58:11.245+0000] {dagbag.py:540} INFO - Filling up the DagBag from /home/airflow/.local/lib/python3.8/site-packages/airflow/example_dags/tutorial_dag.py
[2024-03-10T09:58:11.330+0000] {processor.py:840} INFO - DAG(s) 'tutorial_dag' retrieved from /home/airflow/.local/lib/python3.8/site-packages/airflow/example_dags/tutorial_dag.py
[2024-03-10T09:58:11.732+0000] {logging_mixin.py:188} INFO - [2024-03-10T09:58:11.727+0000] {dag.py:3047} INFO - Sync 1 DAGs
[2024-03-10T09:58:11.881+0000] {logging_mixin.py:188} INFO - [2024-03-10T09:58:11.880+0000] {dag.py:3834} INFO - Setting next_dagrun for tutorial_dag to None, run_after=None
[2024-03-10T09:58:12.118+0000] {processor.py:183} INFO - Processing /home/airflow/.local/lib/python3.8/site-packages/airflow/example_dags/tutorial_dag.py took 0.903 seconds
[2024-03-10T09:58:43.657+0000] {processor.py:161} INFO - Started process (PID=94) to work on /home/airflow/.local/lib/python3.8/site-packages/airflow/example_dags/tutorial_dag.py
[2024-03-10T09:58:43.660+0000] {processor.py:830} INFO - Processing file /home/airflow/.local/lib/python3.8/site-packages/airflow/example_dags/tutorial_dag.py for tasks to queue
[2024-03-10T09:58:43.664+0000] {logging_mixin.py:188} INFO - [2024-03-10T09:58:43.663+0000] {dagbag.py:540} INFO - Filling up the DagBag from /home/airflow/.local/lib/python3.8/site-packages/airflow/example_dags/tutorial_dag.py
[2024-03-10T09:58:43.678+0000] {processor.py:840} INFO - DAG(s) 'tutorial_dag' retrieved from /home/airflow/.local/lib/python3.8/site-packages/airflow/example_dags/tutorial_dag.py
[2024-03-10T09:58:43.743+0000] {logging_mixin.py:188} INFO - [2024-03-10T09:58:43.742+0000] {dag.py:3047} INFO - Sync 1 DAGs
[2024-03-10T09:58:43.790+0000] {logging_mixin.py:188} INFO - [2024-03-10T09:58:43.789+0000] {dag.py:3834} INFO - Setting next_dagrun for tutorial_dag to None, run_after=None
[2024-03-10T09:58:43.886+0000] {processor.py:183} INFO - Processing /home/airflow/.local/lib/python3.8/site-packages/airflow/example_dags/tutorial_dag.py took 0.236 seconds
[2024-03-10T09:59:14.802+0000] {processor.py:161} INFO - Started process (PID=148) to work on /home/airflow/.local/lib/python3.8/site-packages/airflow/example_dags/tutorial_dag.py
[2024-03-10T09:59:14.815+0000] {processor.py:830} INFO - Processing file /home/airflow/.local/lib/python3.8/site-packages/airflow/example_dags/tutorial_dag.py for tasks to queue
[2024-03-10T09:59:14.841+0000] {logging_mixin.py:188} INFO - [2024-03-10T09:59:14.840+0000] {dagbag.py:540} INFO - Filling up the DagBag from /home/airflow/.local/lib/python3.8/site-packages/airflow/example_dags/tutorial_dag.py
[2024-03-10T09:59:14.899+0000] {processor.py:840} INFO - DAG(s) 'tutorial_dag' retrieved from /home/airflow/.local/lib/python3.8/site-packages/airflow/example_dags/tutorial_dag.py
[2024-03-10T09:59:14.968+0000] {logging_mixin.py:188} INFO - [2024-03-10T09:59:14.967+0000] {dag.py:3047} INFO - Sync 1 DAGs
[2024-03-10T09:59:15.070+0000] {logging_mixin.py:188} INFO - [2024-03-10T09:59:15.069+0000] {dag.py:3834} INFO - Setting next_dagrun for tutorial_dag to None, run_after=None
[2024-03-10T09:59:15.195+0000] {processor.py:183} INFO - Processing /home/airflow/.local/lib/python3.8/site-packages/airflow/example_dags/tutorial_dag.py took 0.413 seconds
[2024-03-10T09:59:45.893+0000] {processor.py:161} INFO - Started process (PID=203) to work on /home/airflow/.local/lib/python3.8/site-packages/airflow/example_dags/tutorial_dag.py
[2024-03-10T09:59:45.895+0000] {processor.py:830} INFO - Processing file /home/airflow/.local/lib/python3.8/site-packages/airflow/example_dags/tutorial_dag.py for tasks to queue
[2024-03-10T09:59:45.902+0000] {logging_mixin.py:188} INFO - [2024-03-10T09:59:45.901+0000] {dagbag.py:540} INFO - Filling up the DagBag from /home/airflow/.local/lib/python3.8/site-packages/airflow/example_dags/tutorial_dag.py
[2024-03-10T09:59:45.916+0000] {processor.py:840} INFO - DAG(s) 'tutorial_dag' retrieved from /home/airflow/.local/lib/python3.8/site-packages/airflow/example_dags/tutorial_dag.py
[2024-03-10T09:59:46.173+0000] {logging_mixin.py:188} INFO - [2024-03-10T09:59:46.172+0000] {dag.py:3047} INFO - Sync 1 DAGs
[2024-03-10T09:59:46.193+0000] {logging_mixin.py:188} INFO - [2024-03-10T09:59:46.192+0000] {dag.py:3834} INFO - Setting next_dagrun for tutorial_dag to None, run_after=None
[2024-03-10T09:59:46.224+0000] {processor.py:183} INFO - Processing /home/airflow/.local/lib/python3.8/site-packages/airflow/example_dags/tutorial_dag.py took 0.339 seconds
