[2024-03-10T09:58:40.592+0000] {processor.py:161} INFO - Started process (PID=85) to work on /home/airflow/.local/lib/python3.8/site-packages/airflow/example_dags/tutorial_taskflow_api.py
[2024-03-10T09:58:40.594+0000] {processor.py:830} INFO - Processing file /home/airflow/.local/lib/python3.8/site-packages/airflow/example_dags/tutorial_taskflow_api.py for tasks to queue
[2024-03-10T09:58:40.599+0000] {logging_mixin.py:188} INFO - [2024-03-10T09:58:40.598+0000] {dagbag.py:540} INFO - Filling up the DagBag from /home/airflow/.local/lib/python3.8/site-packages/airflow/example_dags/tutorial_taskflow_api.py
[2024-03-10T09:58:40.618+0000] {processor.py:840} INFO - DAG(s) 'tutorial_taskflow_api' retrieved from /home/airflow/.local/lib/python3.8/site-packages/airflow/example_dags/tutorial_taskflow_api.py
[2024-03-10T09:58:40.958+0000] {logging_mixin.py:188} INFO - [2024-03-10T09:58:40.958+0000] {dag.py:3047} INFO - Sync 1 DAGs
[2024-03-10T09:58:40.991+0000] {logging_mixin.py:188} INFO - [2024-03-10T09:58:40.990+0000] {dag.py:3834} INFO - Setting next_dagrun for tutorial_taskflow_api to None, run_after=None
[2024-03-10T09:58:41.076+0000] {processor.py:183} INFO - Processing /home/airflow/.local/lib/python3.8/site-packages/airflow/example_dags/tutorial_taskflow_api.py took 0.492 seconds
[2024-03-10T09:59:11.895+0000] {processor.py:161} INFO - Started process (PID=140) to work on /home/airflow/.local/lib/python3.8/site-packages/airflow/example_dags/tutorial_taskflow_api.py
[2024-03-10T09:59:11.897+0000] {processor.py:830} INFO - Processing file /home/airflow/.local/lib/python3.8/site-packages/airflow/example_dags/tutorial_taskflow_api.py for tasks to queue
[2024-03-10T09:59:11.901+0000] {logging_mixin.py:188} INFO - [2024-03-10T09:59:11.901+0000] {dagbag.py:540} INFO - Filling up the DagBag from /home/airflow/.local/lib/python3.8/site-packages/airflow/example_dags/tutorial_taskflow_api.py
[2024-03-10T09:59:11.920+0000] {processor.py:840} INFO - DAG(s) 'tutorial_taskflow_api' retrieved from /home/airflow/.local/lib/python3.8/site-packages/airflow/example_dags/tutorial_taskflow_api.py
[2024-03-10T09:59:11.969+0000] {logging_mixin.py:188} INFO - [2024-03-10T09:59:11.968+0000] {dag.py:3047} INFO - Sync 1 DAGs
[2024-03-10T09:59:12.030+0000] {logging_mixin.py:188} INFO - [2024-03-10T09:59:12.027+0000] {dag.py:3834} INFO - Setting next_dagrun for tutorial_taskflow_api to None, run_after=None
[2024-03-10T09:59:12.070+0000] {processor.py:183} INFO - Processing /home/airflow/.local/lib/python3.8/site-packages/airflow/example_dags/tutorial_taskflow_api.py took 0.181 seconds
[2024-03-10T09:59:42.436+0000] {processor.py:161} INFO - Started process (PID=195) to work on /home/airflow/.local/lib/python3.8/site-packages/airflow/example_dags/tutorial_taskflow_api.py
[2024-03-10T09:59:42.437+0000] {processor.py:830} INFO - Processing file /home/airflow/.local/lib/python3.8/site-packages/airflow/example_dags/tutorial_taskflow_api.py for tasks to queue
[2024-03-10T09:59:42.441+0000] {logging_mixin.py:188} INFO - [2024-03-10T09:59:42.440+0000] {dagbag.py:540} INFO - Filling up the DagBag from /home/airflow/.local/lib/python3.8/site-packages/airflow/example_dags/tutorial_taskflow_api.py
[2024-03-10T09:59:42.451+0000] {processor.py:840} INFO - DAG(s) 'tutorial_taskflow_api' retrieved from /home/airflow/.local/lib/python3.8/site-packages/airflow/example_dags/tutorial_taskflow_api.py
[2024-03-10T09:59:42.485+0000] {logging_mixin.py:188} INFO - [2024-03-10T09:59:42.485+0000] {dag.py:3047} INFO - Sync 1 DAGs
[2024-03-10T09:59:42.503+0000] {logging_mixin.py:188} INFO - [2024-03-10T09:59:42.502+0000] {dag.py:3834} INFO - Setting next_dagrun for tutorial_taskflow_api to None, run_after=None
[2024-03-10T09:59:42.548+0000] {processor.py:183} INFO - Processing /home/airflow/.local/lib/python3.8/site-packages/airflow/example_dags/tutorial_taskflow_api.py took 0.118 seconds
