[2024-03-10T09:58:38.762+0000] {processor.py:161} INFO - Started process (PID=79) to work on /home/airflow/.local/lib/python3.8/site-packages/airflow/example_dags/tutorial_taskflow_api_virtualenv.py
[2024-03-10T09:58:38.764+0000] {processor.py:830} INFO - Processing file /home/airflow/.local/lib/python3.8/site-packages/airflow/example_dags/tutorial_taskflow_api_virtualenv.py for tasks to queue
[2024-03-10T09:58:38.768+0000] {logging_mixin.py:188} INFO - [2024-03-10T09:58:38.768+0000] {dagbag.py:540} INFO - Filling up the DagBag from /home/airflow/.local/lib/python3.8/site-packages/airflow/example_dags/tutorial_taskflow_api_virtualenv.py
[2024-03-10T09:58:38.792+0000] {processor.py:840} INFO - DAG(s) 'tutorial_taskflow_api_virtualenv' retrieved from /home/airflow/.local/lib/python3.8/site-packages/airflow/example_dags/tutorial_taskflow_api_virtualenv.py
[2024-03-10T09:58:39.217+0000] {logging_mixin.py:188} INFO - [2024-03-10T09:58:39.217+0000] {dag.py:3047} INFO - Sync 1 DAGs
[2024-03-10T09:58:39.278+0000] {logging_mixin.py:188} INFO - [2024-03-10T09:58:39.277+0000] {dag.py:3834} INFO - Setting next_dagrun for tutorial_taskflow_api_virtualenv to None, run_after=None
[2024-03-10T09:58:39.327+0000] {processor.py:183} INFO - Processing /home/airflow/.local/lib/python3.8/site-packages/airflow/example_dags/tutorial_taskflow_api_virtualenv.py took 0.573 seconds
[2024-03-10T09:59:10.129+0000] {processor.py:161} INFO - Started process (PID=134) to work on /home/airflow/.local/lib/python3.8/site-packages/airflow/example_dags/tutorial_taskflow_api_virtualenv.py
[2024-03-10T09:59:10.131+0000] {processor.py:830} INFO - Processing file /home/airflow/.local/lib/python3.8/site-packages/airflow/example_dags/tutorial_taskflow_api_virtualenv.py for tasks to queue
[2024-03-10T09:59:10.135+0000] {logging_mixin.py:188} INFO - [2024-03-10T09:59:10.135+0000] {dagbag.py:540} INFO - Filling up the DagBag from /home/airflow/.local/lib/python3.8/site-packages/airflow/example_dags/tutorial_taskflow_api_virtualenv.py
[2024-03-10T09:59:10.160+0000] {processor.py:840} INFO - DAG(s) 'tutorial_taskflow_api_virtualenv' retrieved from /home/airflow/.local/lib/python3.8/site-packages/airflow/example_dags/tutorial_taskflow_api_virtualenv.py
[2024-03-10T09:59:10.215+0000] {logging_mixin.py:188} INFO - [2024-03-10T09:59:10.214+0000] {dag.py:3047} INFO - Sync 1 DAGs
[2024-03-10T09:59:10.252+0000] {logging_mixin.py:188} INFO - [2024-03-10T09:59:10.252+0000] {dag.py:3834} INFO - Setting next_dagrun for tutorial_taskflow_api_virtualenv to None, run_after=None
[2024-03-10T09:59:10.300+0000] {processor.py:183} INFO - Processing /home/airflow/.local/lib/python3.8/site-packages/airflow/example_dags/tutorial_taskflow_api_virtualenv.py took 0.179 seconds
[2024-03-10T09:59:40.790+0000] {processor.py:161} INFO - Started process (PID=189) to work on /home/airflow/.local/lib/python3.8/site-packages/airflow/example_dags/tutorial_taskflow_api_virtualenv.py
[2024-03-10T09:59:40.791+0000] {processor.py:830} INFO - Processing file /home/airflow/.local/lib/python3.8/site-packages/airflow/example_dags/tutorial_taskflow_api_virtualenv.py for tasks to queue
[2024-03-10T09:59:40.794+0000] {logging_mixin.py:188} INFO - [2024-03-10T09:59:40.793+0000] {dagbag.py:540} INFO - Filling up the DagBag from /home/airflow/.local/lib/python3.8/site-packages/airflow/example_dags/tutorial_taskflow_api_virtualenv.py
[2024-03-10T09:59:40.810+0000] {processor.py:840} INFO - DAG(s) 'tutorial_taskflow_api_virtualenv' retrieved from /home/airflow/.local/lib/python3.8/site-packages/airflow/example_dags/tutorial_taskflow_api_virtualenv.py
[2024-03-10T09:59:40.846+0000] {logging_mixin.py:188} INFO - [2024-03-10T09:59:40.846+0000] {dag.py:3047} INFO - Sync 1 DAGs
[2024-03-10T09:59:40.870+0000] {logging_mixin.py:188} INFO - [2024-03-10T09:59:40.869+0000] {dag.py:3834} INFO - Setting next_dagrun for tutorial_taskflow_api_virtualenv to None, run_after=None
[2024-03-10T09:59:40.899+0000] {processor.py:183} INFO - Processing /home/airflow/.local/lib/python3.8/site-packages/airflow/example_dags/tutorial_taskflow_api_virtualenv.py took 0.114 seconds
