[2024-04-21T11:05:01.738+0000] {taskinstance.py:1979} INFO - Dependencies all met for dep_context=non-requeueable deps ti=<TaskInstance: currency_parsing.fetch_data_pound scheduled__2024-04-09T00:00:00+00:00 [queued]>
[2024-04-21T11:05:01.894+0000] {taskinstance.py:1979} INFO - Dependencies all met for dep_context=requeueable deps ti=<TaskInstance: currency_parsing.fetch_data_pound scheduled__2024-04-09T00:00:00+00:00 [queued]>
[2024-04-21T11:05:01.895+0000] {taskinstance.py:2193} INFO - Starting attempt 1 of 2
[2024-04-21T11:05:02.105+0000] {taskinstance.py:2214} INFO - Executing <Task(PythonOperator): fetch_data_pound> on 2024-04-09 00:00:00+00:00
[2024-04-21T11:05:02.156+0000] {standard_task_runner.py:60} INFO - Started process 2588 to run task
[2024-04-21T11:05:02.240+0000] {standard_task_runner.py:87} INFO - Running: ['***', 'tasks', 'run', 'currency_parsing', 'fetch_data_pound', 'scheduled__2024-04-09T00:00:00+00:00', '--job-id', '2012', '--raw', '--subdir', 'DAGS_FOLDER/stage/currency_parsing.py', '--cfg-path', '/tmp/tmp4rirrh20']
[2024-04-21T11:05:02.285+0000] {standard_task_runner.py:88} INFO - Job 2012: Subtask fetch_data_pound
[2024-04-21T11:05:02.700+0000] {task_command.py:423} INFO - Running <TaskInstance: currency_parsing.fetch_data_pound scheduled__2024-04-09T00:00:00+00:00 [running]> on host e671688b1343
[2024-04-21T11:05:03.400+0000] {taskinstance.py:2510} INFO - Exporting env vars: AIRFLOW_CTX_DAG_OWNER='***' AIRFLOW_CTX_DAG_ID='currency_parsing' AIRFLOW_CTX_TASK_ID='fetch_data_pound' AIRFLOW_CTX_EXECUTION_DATE='2024-04-09T00:00:00+00:00' AIRFLOW_CTX_TRY_NUMBER='1' AIRFLOW_CTX_DAG_RUN_ID='scheduled__2024-04-09T00:00:00+00:00'
[2024-04-21T11:05:03.534+0000] {base.py:83} INFO - Using connection ID 'dwh' for task execution.
[2024-04-21T11:05:03.679+0000] {sql.py:572} INFO - Done loading. Loaded a total of 33 rows into stage.currency_parsing_pound
[2024-04-21T11:05:03.680+0000] {python.py:202} INFO - Done. Returned value was: None
[2024-04-21T11:05:03.715+0000] {taskinstance.py:1149} INFO - Marking task as SUCCESS. dag_id=currency_parsing, task_id=fetch_data_pound, execution_date=20240409T000000, start_date=20240421T110501, end_date=20240421T110503
[2024-04-21T11:05:03.807+0000] {local_task_job_runner.py:234} INFO - Task exited with return code 0
[2024-04-21T11:05:04.005+0000] {taskinstance.py:3309} INFO - 0 downstream tasks scheduled from follow-on schedule check
[2024-04-27T12:26:36.584+0000] {taskinstance.py:1979} INFO - Dependencies all met for dep_context=non-requeueable deps ti=<TaskInstance: currency_parsing.fetch_data_pound scheduled__2024-04-09T00:00:00+00:00 [queued]>
[2024-04-27T12:26:36.636+0000] {taskinstance.py:1979} INFO - Dependencies all met for dep_context=requeueable deps ti=<TaskInstance: currency_parsing.fetch_data_pound scheduled__2024-04-09T00:00:00+00:00 [queued]>
[2024-04-27T12:26:36.640+0000] {taskinstance.py:2193} INFO - Starting attempt 1 of 2
[2024-04-27T12:26:36.890+0000] {taskinstance.py:2214} INFO - Executing <Task(PythonOperator): fetch_data_pound> on 2024-04-09 00:00:00+00:00
[2024-04-27T12:26:36.908+0000] {standard_task_runner.py:60} INFO - Started process 2318 to run task
[2024-04-27T12:26:36.989+0000] {standard_task_runner.py:87} INFO - Running: ['***', 'tasks', 'run', 'currency_parsing', 'fetch_data_pound', 'scheduled__2024-04-09T00:00:00+00:00', '--job-id', '2471', '--raw', '--subdir', 'DAGS_FOLDER/stage/currency_parsing.py', '--cfg-path', '/tmp/tmpgprnjvil']
[2024-04-27T12:26:37.028+0000] {standard_task_runner.py:88} INFO - Job 2471: Subtask fetch_data_pound
[2024-04-27T12:26:37.590+0000] {task_command.py:423} INFO - Running <TaskInstance: currency_parsing.fetch_data_pound scheduled__2024-04-09T00:00:00+00:00 [running]> on host 65a8688265d1
[2024-04-27T12:26:38.148+0000] {taskinstance.py:2510} INFO - Exporting env vars: AIRFLOW_CTX_DAG_OWNER='***' AIRFLOW_CTX_DAG_ID='currency_parsing' AIRFLOW_CTX_TASK_ID='fetch_data_pound' AIRFLOW_CTX_EXECUTION_DATE='2024-04-09T00:00:00+00:00' AIRFLOW_CTX_TRY_NUMBER='1' AIRFLOW_CTX_DAG_RUN_ID='scheduled__2024-04-09T00:00:00+00:00'
[2024-04-27T12:26:38.396+0000] {base.py:83} INFO - Using connection ID 'dwh' for task execution.
[2024-04-27T12:26:38.495+0000] {sql.py:572} INFO - Done loading. Loaded a total of 33 rows into stage.currency_parsing_pound
[2024-04-27T12:26:38.502+0000] {python.py:202} INFO - Done. Returned value was: None
[2024-04-27T12:26:38.712+0000] {taskinstance.py:1149} INFO - Marking task as SUCCESS. dag_id=currency_parsing, task_id=fetch_data_pound, execution_date=20240409T000000, start_date=20240427T122636, end_date=20240427T122638
[2024-04-27T12:26:39.349+0000] {local_task_job_runner.py:234} INFO - Task exited with return code 0
[2024-04-27T12:26:39.523+0000] {taskinstance.py:3309} INFO - 0 downstream tasks scheduled from follow-on schedule check
