[2024-04-20T14:12:32.517+0000] {taskinstance.py:1979} INFO - Dependencies all met for dep_context=non-requeueable deps ti=<TaskInstance: currency_parsing_pound.get_data manual__2024-04-20T14:01:23.073825+00:00 [queued]>
[2024-04-20T14:12:32.532+0000] {taskinstance.py:1979} INFO - Dependencies all met for dep_context=requeueable deps ti=<TaskInstance: currency_parsing_pound.get_data manual__2024-04-20T14:01:23.073825+00:00 [queued]>
[2024-04-20T14:12:32.533+0000] {taskinstance.py:2193} INFO - Starting attempt 4 of 5
[2024-04-20T14:12:32.556+0000] {taskinstance.py:2214} INFO - Executing <Task(PythonOperator): get_data> on 2024-04-20 14:01:23.073825+00:00
[2024-04-20T14:12:32.563+0000] {standard_task_runner.py:60} INFO - Started process 1232 to run task
[2024-04-20T14:12:32.570+0000] {standard_task_runner.py:87} INFO - Running: ['***', 'tasks', 'run', 'currency_parsing_pound', 'get_data', 'manual__2024-04-20T14:01:23.073825+00:00', '--job-id', '874', '--raw', '--subdir', 'DAGS_FOLDER/stage/currency_pound.py', '--cfg-path', '/tmp/tmpag11d9bz']
[2024-04-20T14:12:32.572+0000] {standard_task_runner.py:88} INFO - Job 874: Subtask get_data
[2024-04-20T14:12:32.650+0000] {task_command.py:423} INFO - Running <TaskInstance: currency_parsing_pound.get_data manual__2024-04-20T14:01:23.073825+00:00 [running]> on host 31aa6d9ea6ff
[2024-04-20T14:12:32.728+0000] {warnings.py:109} WARNING - /home/***/.local/lib/python3.8/site-packages/***/utils/context.py:207: AirflowContextDeprecationWarning: Accessing 'execution_date' from the template is deprecated and will be removed in a future version. Please use 'data_interval_start' or 'logical_date' instead.
  warnings.warn(_create_deprecation_warning(key, self._deprecation_replacements[key]))

[2024-04-20T14:12:32.792+0000] {taskinstance.py:2510} INFO - Exporting env vars: AIRFLOW_CTX_DAG_OWNER='***' AIRFLOW_CTX_DAG_ID='currency_parsing_pound' AIRFLOW_CTX_TASK_ID='get_data' AIRFLOW_CTX_EXECUTION_DATE='2024-04-20T14:01:23.073825+00:00' AIRFLOW_CTX_TRY_NUMBER='4' AIRFLOW_CTX_DAG_RUN_ID='manual__2024-04-20T14:01:23.073825+00:00'
[2024-04-20T14:12:32.815+0000] {taskinstance.py:2728} ERROR - Task failed with exception
Traceback (most recent call last):
  File "/home/airflow/.local/lib/python3.8/site-packages/airflow/models/taskinstance.py", line 444, in _execute_task
    result = _execute_callable(context=context, **execute_callable_kwargs)
  File "/home/airflow/.local/lib/python3.8/site-packages/airflow/models/taskinstance.py", line 414, in _execute_callable
    return execute_callable(context=context, **execute_callable_kwargs)
  File "/home/airflow/.local/lib/python3.8/site-packages/airflow/operators/python.py", line 200, in execute
    return_value = self.execute_callable()
  File "/home/airflow/.local/lib/python3.8/site-packages/airflow/operators/python.py", line 217, in execute_callable
    return self.python_callable(*self.op_args, **self.op_kwargs)
  File "/opt/airflow/dags/stage/currency_pound.py", line 10, in get_data
    execution_date = datetime.strptime('{{ execution_date }}', '%Y-%m-%d %H:%M:%S')
  File "/usr/local/lib/python3.8/_strptime.py", line 568, in _strptime_datetime
    tt, fraction, gmtoff_fraction = _strptime(data_string, format)
  File "/usr/local/lib/python3.8/_strptime.py", line 349, in _strptime
    raise ValueError("time data %r does not match format %r" %
ValueError: time data '{{ execution_date }}' does not match format '%Y-%m-%d %H:%M:%S'
[2024-04-20T14:12:32.839+0000] {taskinstance.py:1149} INFO - Marking task as UP_FOR_RETRY. dag_id=currency_parsing_pound, task_id=get_data, execution_date=20240420T140123, start_date=20240420T141232, end_date=20240420T141232
[2024-04-20T14:12:32.863+0000] {standard_task_runner.py:107} ERROR - Failed to execute job 874 for task get_data (time data '{{ execution_date }}' does not match format '%Y-%m-%d %H:%M:%S'; 1232)
[2024-04-20T14:12:32.903+0000] {local_task_job_runner.py:234} INFO - Task exited with return code 1
[2024-04-20T14:12:32.955+0000] {taskinstance.py:3309} INFO - 0 downstream tasks scheduled from follow-on schedule check
