[2024-04-21T11:05:10.699+0000] {taskinstance.py:1979} INFO - Dependencies all met for dep_context=non-requeueable deps ti=<TaskInstance: currency_parsing.fetch_data_pound scheduled__2024-04-10T00:00:00+00:00 [queued]>
[2024-04-21T11:05:10.762+0000] {taskinstance.py:1979} INFO - Dependencies all met for dep_context=requeueable deps ti=<TaskInstance: currency_parsing.fetch_data_pound scheduled__2024-04-10T00:00:00+00:00 [queued]>
[2024-04-21T11:05:10.773+0000] {taskinstance.py:2193} INFO - Starting attempt 1 of 2
[2024-04-21T11:05:10.934+0000] {taskinstance.py:2214} INFO - Executing <Task(PythonOperator): fetch_data_pound> on 2024-04-10 00:00:00+00:00
[2024-04-21T11:05:10.971+0000] {standard_task_runner.py:87} INFO - Running: ['***', 'tasks', 'run', 'currency_parsing', 'fetch_data_pound', 'scheduled__2024-04-10T00:00:00+00:00', '--job-id', '2024', '--raw', '--subdir', 'DAGS_FOLDER/stage/currency_parsing.py', '--cfg-path', '/tmp/tmp3q0pgly1']
[2024-04-21T11:05:10.983+0000] {standard_task_runner.py:88} INFO - Job 2024: Subtask fetch_data_pound
[2024-04-21T11:05:10.955+0000] {standard_task_runner.py:60} INFO - Started process 2615 to run task
[2024-04-21T11:05:11.253+0000] {task_command.py:423} INFO - Running <TaskInstance: currency_parsing.fetch_data_pound scheduled__2024-04-10T00:00:00+00:00 [running]> on host e671688b1343
[2024-04-21T11:05:11.848+0000] {taskinstance.py:2510} INFO - Exporting env vars: AIRFLOW_CTX_DAG_OWNER='***' AIRFLOW_CTX_DAG_ID='currency_parsing' AIRFLOW_CTX_TASK_ID='fetch_data_pound' AIRFLOW_CTX_EXECUTION_DATE='2024-04-10T00:00:00+00:00' AIRFLOW_CTX_TRY_NUMBER='1' AIRFLOW_CTX_DAG_RUN_ID='scheduled__2024-04-10T00:00:00+00:00'
[2024-04-21T11:05:11.950+0000] {base.py:83} INFO - Using connection ID 'dwh' for task execution.
[2024-04-21T11:05:11.996+0000] {sql.py:572} INFO - Done loading. Loaded a total of 33 rows into stage.currency_parsing_pound
[2024-04-21T11:05:11.997+0000] {python.py:202} INFO - Done. Returned value was: None
[2024-04-21T11:05:12.055+0000] {taskinstance.py:1149} INFO - Marking task as SUCCESS. dag_id=currency_parsing, task_id=fetch_data_pound, execution_date=20240410T000000, start_date=20240421T110510, end_date=20240421T110512
[2024-04-21T11:05:12.155+0000] {local_task_job_runner.py:234} INFO - Task exited with return code 0
[2024-04-21T11:05:12.251+0000] {taskinstance.py:3309} INFO - 0 downstream tasks scheduled from follow-on schedule check
[2024-04-27T12:22:30.113+0000] {taskinstance.py:1979} INFO - Dependencies all met for dep_context=non-requeueable deps ti=<TaskInstance: currency_parsing.fetch_data_pound scheduled__2024-04-10T00:00:00+00:00 [queued]>
[2024-04-27T12:22:30.515+0000] {taskinstance.py:1979} INFO - Dependencies all met for dep_context=requeueable deps ti=<TaskInstance: currency_parsing.fetch_data_pound scheduled__2024-04-10T00:00:00+00:00 [queued]>
[2024-04-27T12:22:30.517+0000] {taskinstance.py:2193} INFO - Starting attempt 1 of 2
[2024-04-27T12:22:32.095+0000] {taskinstance.py:2214} INFO - Executing <Task(PythonOperator): fetch_data_pound> on 2024-04-10 00:00:00+00:00
[2024-04-27T12:22:32.225+0000] {standard_task_runner.py:60} INFO - Started process 2074 to run task
[2024-04-27T12:22:32.349+0000] {standard_task_runner.py:87} INFO - Running: ['***', 'tasks', 'run', 'currency_parsing', 'fetch_data_pound', 'scheduled__2024-04-10T00:00:00+00:00', '--job-id', '2372', '--raw', '--subdir', 'DAGS_FOLDER/stage/currency_parsing.py', '--cfg-path', '/tmp/tmp788twfxt']
[2024-04-27T12:22:32.449+0000] {standard_task_runner.py:88} INFO - Job 2372: Subtask fetch_data_pound
[2024-04-27T12:22:35.627+0000] {task_command.py:423} INFO - Running <TaskInstance: currency_parsing.fetch_data_pound scheduled__2024-04-10T00:00:00+00:00 [running]> on host 65a8688265d1
[2024-04-27T12:22:37.465+0000] {taskinstance.py:2510} INFO - Exporting env vars: AIRFLOW_CTX_DAG_OWNER='***' AIRFLOW_CTX_DAG_ID='currency_parsing' AIRFLOW_CTX_TASK_ID='fetch_data_pound' AIRFLOW_CTX_EXECUTION_DATE='2024-04-10T00:00:00+00:00' AIRFLOW_CTX_TRY_NUMBER='1' AIRFLOW_CTX_DAG_RUN_ID='scheduled__2024-04-10T00:00:00+00:00'
[2024-04-27T12:22:37.685+0000] {base.py:83} INFO - Using connection ID 'dwh' for task execution.
[2024-04-27T12:22:37.809+0000] {sql.py:572} INFO - Done loading. Loaded a total of 33 rows into stage.currency_parsing_pound
[2024-04-27T12:22:37.810+0000] {python.py:202} INFO - Done. Returned value was: None
[2024-04-27T12:22:38.020+0000] {taskinstance.py:1149} INFO - Marking task as SUCCESS. dag_id=currency_parsing, task_id=fetch_data_pound, execution_date=20240410T000000, start_date=20240427T122230, end_date=20240427T122238
[2024-04-27T12:22:38.810+0000] {local_task_job_runner.py:234} INFO - Task exited with return code 0
[2024-04-27T12:22:38.866+0000] {warnings.py:109} WARNING - /home/***/.local/lib/python3.8/site-packages/***/models/baseoperator.py:1201: AirflowProviderDeprecationWarning: Call to deprecated class PostgresOperator. (Please use `***.providers.common.sql.operators.sql.SQLExecuteQueryOperator`.Also, you can provide `hook_params={'schema': <database>}`.)
  result = cls.__new__(cls)

[2024-04-27T12:22:39.236+0000] {taskinstance.py:3309} INFO - 0 downstream tasks scheduled from follow-on schedule check
