[2024-04-14T08:52:01.660+0000] {taskinstance.py:1979} INFO - Dependencies all met for dep_context=non-requeueable deps ti=<TaskInstance: currency_parsing.fetch_data scheduled__2024-01-26T00:00:00+00:00 [queued]>
[2024-04-14T08:52:01.855+0000] {taskinstance.py:1979} INFO - Dependencies all met for dep_context=requeueable deps ti=<TaskInstance: currency_parsing.fetch_data scheduled__2024-01-26T00:00:00+00:00 [queued]>
[2024-04-14T08:52:01.861+0000] {taskinstance.py:2193} INFO - Starting attempt 1 of 2
[2024-04-14T08:52:02.584+0000] {taskinstance.py:2214} INFO - Executing <Task(PythonOperator): fetch_data> on 2024-01-26 00:00:00+00:00
[2024-04-14T08:52:02.708+0000] {standard_task_runner.py:60} INFO - Started process 985 to run task
[2024-04-14T08:52:02.812+0000] {standard_task_runner.py:87} INFO - Running: ['***', 'tasks', 'run', 'currency_parsing', 'fetch_data', 'scheduled__2024-01-26T00:00:00+00:00', '--job-id', '259', '--raw', '--subdir', 'DAGS_FOLDER/currency_parsing.py', '--cfg-path', '/tmp/tmp6zwcn56n']
[2024-04-14T08:52:02.964+0000] {standard_task_runner.py:88} INFO - Job 259: Subtask fetch_data
[2024-04-14T08:52:03.597+0000] {task_command.py:423} INFO - Running <TaskInstance: currency_parsing.fetch_data scheduled__2024-01-26T00:00:00+00:00 [running]> on host e8a1e0443283
[2024-04-14T08:52:04.958+0000] {taskinstance.py:2510} INFO - Exporting env vars: AIRFLOW_CTX_DAG_OWNER='***' AIRFLOW_CTX_DAG_ID='currency_parsing' AIRFLOW_CTX_TASK_ID='fetch_data' AIRFLOW_CTX_EXECUTION_DATE='2024-01-26T00:00:00+00:00' AIRFLOW_CTX_TRY_NUMBER='1' AIRFLOW_CTX_DAG_RUN_ID='scheduled__2024-01-26T00:00:00+00:00'
[2024-04-14T08:52:05.328+0000] {base.py:83} INFO - Using connection ID 'dwh' for task execution.
[2024-04-14T08:52:05.390+0000] {sql.py:572} INFO - Done loading. Loaded a total of 39 rows into currency_parsing
[2024-04-14T08:52:05.391+0000] {python.py:202} INFO - Done. Returned value was: None
[2024-04-14T08:52:05.430+0000] {taskinstance.py:1149} INFO - Marking task as SUCCESS. dag_id=currency_parsing, task_id=fetch_data, execution_date=20240126T000000, start_date=20240414T085201, end_date=20240414T085205
[2024-04-14T08:52:05.747+0000] {local_task_job_runner.py:234} INFO - Task exited with return code 0
[2024-04-14T08:52:05.846+0000] {taskinstance.py:3309} INFO - 0 downstream tasks scheduled from follow-on schedule check
[2024-04-14T10:09:12.373+0000] {taskinstance.py:1979} INFO - Dependencies all met for dep_context=non-requeueable deps ti=<TaskInstance: currency_parsing.fetch_data scheduled__2024-01-26T00:00:00+00:00 [queued]>
[2024-04-14T10:09:12.642+0000] {taskinstance.py:1979} INFO - Dependencies all met for dep_context=requeueable deps ti=<TaskInstance: currency_parsing.fetch_data scheduled__2024-01-26T00:00:00+00:00 [queued]>
[2024-04-14T10:09:12.667+0000] {taskinstance.py:2193} INFO - Starting attempt 1 of 2
[2024-04-14T10:09:12.912+0000] {taskinstance.py:2214} INFO - Executing <Task(PythonOperator): fetch_data> on 2024-01-26 00:00:00+00:00
[2024-04-14T10:09:12.925+0000] {standard_task_runner.py:60} INFO - Started process 310 to run task
[2024-04-14T10:09:13.038+0000] {standard_task_runner.py:87} INFO - Running: ['***', 'tasks', 'run', 'currency_parsing', 'fetch_data', 'scheduled__2024-01-26T00:00:00+00:00', '--job-id', '570', '--raw', '--subdir', 'DAGS_FOLDER/currency_parsing.py', '--cfg-path', '/tmp/tmpztv2cfe6']
[2024-04-14T10:09:13.246+0000] {standard_task_runner.py:88} INFO - Job 570: Subtask fetch_data
[2024-04-14T10:09:13.856+0000] {task_command.py:423} INFO - Running <TaskInstance: currency_parsing.fetch_data scheduled__2024-01-26T00:00:00+00:00 [running]> on host 1c15aab9396c
[2024-04-14T10:09:14.425+0000] {taskinstance.py:2510} INFO - Exporting env vars: AIRFLOW_CTX_DAG_OWNER='***' AIRFLOW_CTX_DAG_ID='currency_parsing' AIRFLOW_CTX_TASK_ID='fetch_data' AIRFLOW_CTX_EXECUTION_DATE='2024-01-26T00:00:00+00:00' AIRFLOW_CTX_TRY_NUMBER='1' AIRFLOW_CTX_DAG_RUN_ID='scheduled__2024-01-26T00:00:00+00:00'
[2024-04-14T10:09:14.634+0000] {base.py:83} INFO - Using connection ID 'dwh' for task execution.
[2024-04-14T10:09:14.713+0000] {sql.py:572} INFO - Done loading. Loaded a total of 39 rows into currency_parsing
[2024-04-14T10:09:14.716+0000] {python.py:202} INFO - Done. Returned value was: None
[2024-04-14T10:09:14.785+0000] {taskinstance.py:1149} INFO - Marking task as SUCCESS. dag_id=currency_parsing, task_id=fetch_data, execution_date=20240126T000000, start_date=20240414T100912, end_date=20240414T100914
[2024-04-14T10:09:15.067+0000] {local_task_job_runner.py:234} INFO - Task exited with return code 0
[2024-04-14T10:09:15.450+0000] {taskinstance.py:3309} INFO - 0 downstream tasks scheduled from follow-on schedule check
