[2024-04-14T08:55:47.180+0000] {taskinstance.py:1979} INFO - Dependencies all met for dep_context=non-requeueable deps ti=<TaskInstance: currency_parsing.fetch_data scheduled__2024-03-27T00:00:00+00:00 [queued]>
[2024-04-14T08:55:47.232+0000] {taskinstance.py:1979} INFO - Dependencies all met for dep_context=requeueable deps ti=<TaskInstance: currency_parsing.fetch_data scheduled__2024-03-27T00:00:00+00:00 [queued]>
[2024-04-14T08:55:47.241+0000] {taskinstance.py:2193} INFO - Starting attempt 1 of 2
[2024-04-14T08:55:47.326+0000] {taskinstance.py:2214} INFO - Executing <Task(PythonOperator): fetch_data> on 2024-03-27 00:00:00+00:00
[2024-04-14T08:55:47.334+0000] {standard_task_runner.py:60} INFO - Started process 1373 to run task
[2024-04-14T08:55:47.357+0000] {standard_task_runner.py:87} INFO - Running: ['***', 'tasks', 'run', 'currency_parsing', 'fetch_data', 'scheduled__2024-03-27T00:00:00+00:00', '--job-id', '433', '--raw', '--subdir', 'DAGS_FOLDER/currency_parsing.py', '--cfg-path', '/tmp/tmporz2f3o9']
[2024-04-14T08:55:47.370+0000] {standard_task_runner.py:88} INFO - Job 433: Subtask fetch_data
[2024-04-14T08:55:47.559+0000] {task_command.py:423} INFO - Running <TaskInstance: currency_parsing.fetch_data scheduled__2024-03-27T00:00:00+00:00 [running]> on host e8a1e0443283
[2024-04-14T08:55:47.969+0000] {taskinstance.py:2510} INFO - Exporting env vars: AIRFLOW_CTX_DAG_OWNER='***' AIRFLOW_CTX_DAG_ID='currency_parsing' AIRFLOW_CTX_TASK_ID='fetch_data' AIRFLOW_CTX_EXECUTION_DATE='2024-03-27T00:00:00+00:00' AIRFLOW_CTX_TRY_NUMBER='1' AIRFLOW_CTX_DAG_RUN_ID='scheduled__2024-03-27T00:00:00+00:00'
[2024-04-14T08:55:48.083+0000] {base.py:83} INFO - Using connection ID 'dwh' for task execution.
[2024-04-14T08:55:48.246+0000] {sql.py:572} INFO - Done loading. Loaded a total of 39 rows into currency_parsing
[2024-04-14T08:55:48.250+0000] {python.py:202} INFO - Done. Returned value was: None
[2024-04-14T08:55:48.319+0000] {taskinstance.py:1149} INFO - Marking task as SUCCESS. dag_id=currency_parsing, task_id=fetch_data, execution_date=20240327T000000, start_date=20240414T085547, end_date=20240414T085548
[2024-04-14T08:55:48.707+0000] {local_task_job_runner.py:234} INFO - Task exited with return code 0
[2024-04-14T08:55:48.803+0000] {taskinstance.py:3309} INFO - 0 downstream tasks scheduled from follow-on schedule check
[2024-04-14T10:12:38.755+0000] {taskinstance.py:1979} INFO - Dependencies all met for dep_context=non-requeueable deps ti=<TaskInstance: currency_parsing.fetch_data scheduled__2024-03-27T00:00:00+00:00 [queued]>
[2024-04-14T10:12:38.938+0000] {taskinstance.py:1979} INFO - Dependencies all met for dep_context=requeueable deps ti=<TaskInstance: currency_parsing.fetch_data scheduled__2024-03-27T00:00:00+00:00 [queued]>
[2024-04-14T10:12:38.939+0000] {taskinstance.py:2193} INFO - Starting attempt 1 of 2
[2024-04-14T10:12:39.113+0000] {taskinstance.py:2214} INFO - Executing <Task(PythonOperator): fetch_data> on 2024-03-27 00:00:00+00:00
[2024-04-14T10:12:39.156+0000] {standard_task_runner.py:87} INFO - Running: ['***', 'tasks', 'run', 'currency_parsing', 'fetch_data', 'scheduled__2024-03-27T00:00:00+00:00', '--job-id', '754', '--raw', '--subdir', 'DAGS_FOLDER/currency_parsing.py', '--cfg-path', '/tmp/tmp6zi_xf8a']
[2024-04-14T10:12:39.191+0000] {standard_task_runner.py:88} INFO - Job 754: Subtask fetch_data
[2024-04-14T10:12:39.204+0000] {standard_task_runner.py:60} INFO - Started process 725 to run task
[2024-04-14T10:12:39.714+0000] {task_command.py:423} INFO - Running <TaskInstance: currency_parsing.fetch_data scheduled__2024-03-27T00:00:00+00:00 [running]> on host 1c15aab9396c
[2024-04-14T10:12:40.535+0000] {taskinstance.py:2510} INFO - Exporting env vars: AIRFLOW_CTX_DAG_OWNER='***' AIRFLOW_CTX_DAG_ID='currency_parsing' AIRFLOW_CTX_TASK_ID='fetch_data' AIRFLOW_CTX_EXECUTION_DATE='2024-03-27T00:00:00+00:00' AIRFLOW_CTX_TRY_NUMBER='1' AIRFLOW_CTX_DAG_RUN_ID='scheduled__2024-03-27T00:00:00+00:00'
[2024-04-14T10:12:40.748+0000] {base.py:83} INFO - Using connection ID 'dwh' for task execution.
[2024-04-14T10:12:40.835+0000] {sql.py:572} INFO - Done loading. Loaded a total of 39 rows into currency_parsing
[2024-04-14T10:12:40.836+0000] {python.py:202} INFO - Done. Returned value was: None
[2024-04-14T10:12:40.860+0000] {taskinstance.py:1149} INFO - Marking task as SUCCESS. dag_id=currency_parsing, task_id=fetch_data, execution_date=20240327T000000, start_date=20240414T101238, end_date=20240414T101240
[2024-04-14T10:12:41.139+0000] {local_task_job_runner.py:234} INFO - Task exited with return code 0
[2024-04-14T10:12:41.257+0000] {taskinstance.py:3309} INFO - 0 downstream tasks scheduled from follow-on schedule check
