[2024-04-14T08:26:28.476+0000] {taskinstance.py:1979} INFO - Dependencies all met for dep_context=non-requeueable deps ti=<TaskInstance: currency_parsing.create_table scheduled__2024-04-12T00:00:00+00:00 [queued]>
[2024-04-14T08:26:28.513+0000] {taskinstance.py:1979} INFO - Dependencies all met for dep_context=requeueable deps ti=<TaskInstance: currency_parsing.create_table scheduled__2024-04-12T00:00:00+00:00 [queued]>
[2024-04-14T08:26:28.515+0000] {taskinstance.py:2193} INFO - Starting attempt 3 of 4
[2024-04-14T08:26:28.551+0000] {taskinstance.py:2214} INFO - Executing <Task(PostgresOperator): create_table> on 2024-04-12 00:00:00+00:00
[2024-04-14T08:26:28.565+0000] {standard_task_runner.py:60} INFO - Started process 433 to run task
[2024-04-14T08:26:28.593+0000] {standard_task_runner.py:87} INFO - Running: ['***', 'tasks', 'run', 'currency_parsing', 'create_table', 'scheduled__2024-04-12T00:00:00+00:00', '--job-id', '160', '--raw', '--subdir', 'DAGS_FOLDER/currency_parsing.py', '--cfg-path', '/tmp/tmpc4sztl47']
[2024-04-14T08:26:28.601+0000] {standard_task_runner.py:88} INFO - Job 160: Subtask create_table
[2024-04-14T08:26:28.698+0000] {task_command.py:423} INFO - Running <TaskInstance: currency_parsing.create_table scheduled__2024-04-12T00:00:00+00:00 [running]> on host e8a1e0443283
[2024-04-14T08:26:28.845+0000] {taskinstance.py:2510} INFO - Exporting env vars: AIRFLOW_CTX_DAG_OWNER='***' AIRFLOW_CTX_DAG_ID='currency_parsing' AIRFLOW_CTX_TASK_ID='create_table' AIRFLOW_CTX_EXECUTION_DATE='2024-04-12T00:00:00+00:00' AIRFLOW_CTX_TRY_NUMBER='3' AIRFLOW_CTX_DAG_RUN_ID='scheduled__2024-04-12T00:00:00+00:00'
[2024-04-14T08:26:28.846+0000] {sql.py:276} INFO - Executing: CREATE TABLE IF NOT EXISTS currency_parsing(
    currency VARCHAR(255) NOT NULL,
    title VARCHAR(255) NOT NULL,
    rate float,
    quantity int,
    index VARCHAR(255),
    change float,
    date date NOT NULL
)
[2024-04-14T08:26:28.880+0000] {base.py:83} INFO - Using connection ID 'dwh' for task execution.
[2024-04-14T08:26:28.896+0000] {base.py:83} INFO - Using connection ID 'dwh' for task execution.
[2024-04-14T08:26:28.904+0000] {sql.py:457} INFO - Running statement: CREATE TABLE IF NOT EXISTS currency_parsing(
    currency VARCHAR(255) NOT NULL,
    title VARCHAR(255) NOT NULL,
    rate float,
    quantity int,
    index VARCHAR(255),
    change float,
    date date NOT NULL
), parameters: None
[2024-04-14T08:26:28.906+0000] {warnings.py:109} WARNING - /home/***/.local/lib/python3.8/site-packages/***/providers/common/sql/hooks/sql.py:407: AirflowProviderDeprecationWarning: Call to deprecated method _make_common_data_structure. (The `_make_serializable` method is deprecated and support will be removed in a future version of the common.sql provider. Please update the DbApiHook's provider to a version based on common.sql >= 1.9.1.)
  result = self._make_common_data_structure(handler(cur))

[2024-04-14T08:26:28.927+0000] {taskinstance.py:1149} INFO - Marking task as SUCCESS. dag_id=currency_parsing, task_id=create_table, execution_date=20240412T000000, start_date=20240414T082628, end_date=20240414T082628
[2024-04-14T08:26:28.974+0000] {local_task_job_runner.py:234} INFO - Task exited with return code 0
[2024-04-14T08:26:29.007+0000] {warnings.py:109} WARNING - /home/***/.local/lib/python3.8/site-packages/***/models/baseoperator.py:1201: AirflowProviderDeprecationWarning: Call to deprecated class PostgresOperator. (Please use `***.providers.common.sql.operators.sql.SQLExecuteQueryOperator`.Also, you can provide `hook_params={'schema': <database>}`.)
  result = cls.__new__(cls)

[2024-04-14T08:26:29.056+0000] {taskinstance.py:3309} INFO - 1 downstream tasks scheduled from follow-on schedule check
