[2024-04-14T08:52:54.207+0000] {taskinstance.py:1979} INFO - Dependencies all met for dep_context=non-requeueable deps ti=<TaskInstance: currency_parsing.fetch_data scheduled__2024-02-18T00:00:00+00:00 [queued]>
[2024-04-14T08:52:54.372+0000] {taskinstance.py:1979} INFO - Dependencies all met for dep_context=requeueable deps ti=<TaskInstance: currency_parsing.fetch_data scheduled__2024-02-18T00:00:00+00:00 [queued]>
[2024-04-14T08:52:54.375+0000] {taskinstance.py:2193} INFO - Starting attempt 1 of 2
[2024-04-14T08:52:54.487+0000] {taskinstance.py:2214} INFO - Executing <Task(PythonOperator): fetch_data> on 2024-02-18 00:00:00+00:00
[2024-04-14T08:52:54.495+0000] {standard_task_runner.py:60} INFO - Started process 1103 to run task
[2024-04-14T08:52:54.526+0000] {standard_task_runner.py:87} INFO - Running: ['***', 'tasks', 'run', 'currency_parsing', 'fetch_data', 'scheduled__2024-02-18T00:00:00+00:00', '--job-id', '317', '--raw', '--subdir', 'DAGS_FOLDER/currency_parsing.py', '--cfg-path', '/tmp/tmp11vdmxve']
[2024-04-14T08:52:54.533+0000] {standard_task_runner.py:88} INFO - Job 317: Subtask fetch_data
[2024-04-14T08:52:54.742+0000] {task_command.py:423} INFO - Running <TaskInstance: currency_parsing.fetch_data scheduled__2024-02-18T00:00:00+00:00 [running]> on host e8a1e0443283
[2024-04-14T08:52:55.051+0000] {taskinstance.py:2510} INFO - Exporting env vars: AIRFLOW_CTX_DAG_OWNER='***' AIRFLOW_CTX_DAG_ID='currency_parsing' AIRFLOW_CTX_TASK_ID='fetch_data' AIRFLOW_CTX_EXECUTION_DATE='2024-02-18T00:00:00+00:00' AIRFLOW_CTX_TRY_NUMBER='1' AIRFLOW_CTX_DAG_RUN_ID='scheduled__2024-02-18T00:00:00+00:00'
[2024-04-14T08:52:55.129+0000] {base.py:83} INFO - Using connection ID 'dwh' for task execution.
[2024-04-14T08:52:55.163+0000] {sql.py:572} INFO - Done loading. Loaded a total of 39 rows into currency_parsing
[2024-04-14T08:52:55.164+0000] {python.py:202} INFO - Done. Returned value was: None
[2024-04-14T08:52:55.192+0000] {taskinstance.py:1149} INFO - Marking task as SUCCESS. dag_id=currency_parsing, task_id=fetch_data, execution_date=20240218T000000, start_date=20240414T085254, end_date=20240414T085255
[2024-04-14T08:52:55.299+0000] {local_task_job_runner.py:234} INFO - Task exited with return code 0
[2024-04-14T08:52:55.339+0000] {taskinstance.py:3309} INFO - 0 downstream tasks scheduled from follow-on schedule check
[2024-04-14T10:10:49.850+0000] {taskinstance.py:1979} INFO - Dependencies all met for dep_context=non-requeueable deps ti=<TaskInstance: currency_parsing.fetch_data scheduled__2024-02-18T00:00:00+00:00 [queued]>
[2024-04-14T10:10:49.970+0000] {taskinstance.py:1979} INFO - Dependencies all met for dep_context=requeueable deps ti=<TaskInstance: currency_parsing.fetch_data scheduled__2024-02-18T00:00:00+00:00 [queued]>
[2024-04-14T10:10:49.976+0000] {taskinstance.py:2193} INFO - Starting attempt 1 of 2
[2024-04-14T10:10:50.565+0000] {taskinstance.py:2214} INFO - Executing <Task(PythonOperator): fetch_data> on 2024-02-18 00:00:00+00:00
[2024-04-14T10:10:50.779+0000] {standard_task_runner.py:60} INFO - Started process 460 to run task
[2024-04-14T10:10:51.077+0000] {standard_task_runner.py:87} INFO - Running: ['***', 'tasks', 'run', 'currency_parsing', 'fetch_data', 'scheduled__2024-02-18T00:00:00+00:00', '--job-id', '633', '--raw', '--subdir', 'DAGS_FOLDER/currency_parsing.py', '--cfg-path', '/tmp/tmpmsv4isui']
[2024-04-14T10:10:51.425+0000] {standard_task_runner.py:88} INFO - Job 633: Subtask fetch_data
[2024-04-14T10:10:51.900+0000] {task_command.py:423} INFO - Running <TaskInstance: currency_parsing.fetch_data scheduled__2024-02-18T00:00:00+00:00 [running]> on host 1c15aab9396c
[2024-04-14T10:10:52.951+0000] {taskinstance.py:2510} INFO - Exporting env vars: AIRFLOW_CTX_DAG_OWNER='***' AIRFLOW_CTX_DAG_ID='currency_parsing' AIRFLOW_CTX_TASK_ID='fetch_data' AIRFLOW_CTX_EXECUTION_DATE='2024-02-18T00:00:00+00:00' AIRFLOW_CTX_TRY_NUMBER='1' AIRFLOW_CTX_DAG_RUN_ID='scheduled__2024-02-18T00:00:00+00:00'
[2024-04-14T10:10:53.070+0000] {base.py:83} INFO - Using connection ID 'dwh' for task execution.
[2024-04-14T10:10:53.141+0000] {sql.py:572} INFO - Done loading. Loaded a total of 39 rows into currency_parsing
[2024-04-14T10:10:53.142+0000] {python.py:202} INFO - Done. Returned value was: None
[2024-04-14T10:10:53.228+0000] {taskinstance.py:1149} INFO - Marking task as SUCCESS. dag_id=currency_parsing, task_id=fetch_data, execution_date=20240218T000000, start_date=20240414T101049, end_date=20240414T101053
[2024-04-14T10:10:53.463+0000] {local_task_job_runner.py:234} INFO - Task exited with return code 0
[2024-04-14T10:10:53.642+0000] {taskinstance.py:3309} INFO - 0 downstream tasks scheduled from follow-on schedule check
