[2024-04-14T08:52:08.129+0000] {taskinstance.py:1979} INFO - Dependencies all met for dep_context=non-requeueable deps ti=<TaskInstance: currency_parsing.fetch_data scheduled__2024-01-28T00:00:00+00:00 [queued]>
[2024-04-14T08:52:08.211+0000] {taskinstance.py:1979} INFO - Dependencies all met for dep_context=requeueable deps ti=<TaskInstance: currency_parsing.fetch_data scheduled__2024-01-28T00:00:00+00:00 [queued]>
[2024-04-14T08:52:08.213+0000] {taskinstance.py:2193} INFO - Starting attempt 1 of 2
[2024-04-14T08:52:08.355+0000] {taskinstance.py:2214} INFO - Executing <Task(PythonOperator): fetch_data> on 2024-01-28 00:00:00+00:00
[2024-04-14T08:52:08.383+0000] {standard_task_runner.py:60} INFO - Started process 993 to run task
[2024-04-14T08:52:08.403+0000] {standard_task_runner.py:87} INFO - Running: ['***', 'tasks', 'run', 'currency_parsing', 'fetch_data', 'scheduled__2024-01-28T00:00:00+00:00', '--job-id', '264', '--raw', '--subdir', 'DAGS_FOLDER/currency_parsing.py', '--cfg-path', '/tmp/tmpwpa64wun']
[2024-04-14T08:52:08.412+0000] {standard_task_runner.py:88} INFO - Job 264: Subtask fetch_data
[2024-04-14T08:52:08.711+0000] {task_command.py:423} INFO - Running <TaskInstance: currency_parsing.fetch_data scheduled__2024-01-28T00:00:00+00:00 [running]> on host e8a1e0443283
[2024-04-14T08:52:09.129+0000] {taskinstance.py:2510} INFO - Exporting env vars: AIRFLOW_CTX_DAG_OWNER='***' AIRFLOW_CTX_DAG_ID='currency_parsing' AIRFLOW_CTX_TASK_ID='fetch_data' AIRFLOW_CTX_EXECUTION_DATE='2024-01-28T00:00:00+00:00' AIRFLOW_CTX_TRY_NUMBER='1' AIRFLOW_CTX_DAG_RUN_ID='scheduled__2024-01-28T00:00:00+00:00'
[2024-04-14T08:52:09.222+0000] {base.py:83} INFO - Using connection ID 'dwh' for task execution.
[2024-04-14T08:52:09.261+0000] {sql.py:572} INFO - Done loading. Loaded a total of 39 rows into currency_parsing
[2024-04-14T08:52:09.262+0000] {python.py:202} INFO - Done. Returned value was: None
[2024-04-14T08:52:09.285+0000] {taskinstance.py:1149} INFO - Marking task as SUCCESS. dag_id=currency_parsing, task_id=fetch_data, execution_date=20240128T000000, start_date=20240414T085208, end_date=20240414T085209
[2024-04-14T08:52:09.408+0000] {local_task_job_runner.py:234} INFO - Task exited with return code 0
[2024-04-14T08:52:09.516+0000] {taskinstance.py:3309} INFO - 0 downstream tasks scheduled from follow-on schedule check
[2024-04-14T10:09:16.419+0000] {taskinstance.py:1979} INFO - Dependencies all met for dep_context=non-requeueable deps ti=<TaskInstance: currency_parsing.fetch_data scheduled__2024-01-28T00:00:00+00:00 [queued]>
[2024-04-14T10:09:16.515+0000] {taskinstance.py:1979} INFO - Dependencies all met for dep_context=requeueable deps ti=<TaskInstance: currency_parsing.fetch_data scheduled__2024-01-28T00:00:00+00:00 [queued]>
[2024-04-14T10:09:16.528+0000] {taskinstance.py:2193} INFO - Starting attempt 1 of 2
[2024-04-14T10:09:16.755+0000] {taskinstance.py:2214} INFO - Executing <Task(PythonOperator): fetch_data> on 2024-01-28 00:00:00+00:00
[2024-04-14T10:09:16.783+0000] {standard_task_runner.py:60} INFO - Started process 313 to run task
[2024-04-14T10:09:16.792+0000] {standard_task_runner.py:87} INFO - Running: ['***', 'tasks', 'run', 'currency_parsing', 'fetch_data', 'scheduled__2024-01-28T00:00:00+00:00', '--job-id', '572', '--raw', '--subdir', 'DAGS_FOLDER/currency_parsing.py', '--cfg-path', '/tmp/tmpkn2vscrw']
[2024-04-14T10:09:16.804+0000] {standard_task_runner.py:88} INFO - Job 572: Subtask fetch_data
[2024-04-14T10:09:17.663+0000] {task_command.py:423} INFO - Running <TaskInstance: currency_parsing.fetch_data scheduled__2024-01-28T00:00:00+00:00 [running]> on host 1c15aab9396c
[2024-04-14T10:09:19.812+0000] {taskinstance.py:2510} INFO - Exporting env vars: AIRFLOW_CTX_DAG_OWNER='***' AIRFLOW_CTX_DAG_ID='currency_parsing' AIRFLOW_CTX_TASK_ID='fetch_data' AIRFLOW_CTX_EXECUTION_DATE='2024-01-28T00:00:00+00:00' AIRFLOW_CTX_TRY_NUMBER='1' AIRFLOW_CTX_DAG_RUN_ID='scheduled__2024-01-28T00:00:00+00:00'
[2024-04-14T10:09:20.332+0000] {base.py:83} INFO - Using connection ID 'dwh' for task execution.
[2024-04-14T10:09:20.712+0000] {sql.py:572} INFO - Done loading. Loaded a total of 39 rows into currency_parsing
[2024-04-14T10:09:20.771+0000] {python.py:202} INFO - Done. Returned value was: None
[2024-04-14T10:09:20.884+0000] {taskinstance.py:1149} INFO - Marking task as SUCCESS. dag_id=currency_parsing, task_id=fetch_data, execution_date=20240128T000000, start_date=20240414T100916, end_date=20240414T100920
[2024-04-14T10:09:21.341+0000] {local_task_job_runner.py:234} INFO - Task exited with return code 0
[2024-04-14T10:09:21.770+0000] {taskinstance.py:3309} INFO - 0 downstream tasks scheduled from follow-on schedule check
