[2024-04-20T13:29:58.722+0000] {taskinstance.py:1979} INFO - Dependencies all met for dep_context=non-requeueable deps ti=<TaskInstance: currency_parsing_kzt.create_schema scheduled__2024-04-19T00:00:00+00:00 [queued]>
[2024-04-20T13:29:58.737+0000] {taskinstance.py:1979} INFO - Dependencies all met for dep_context=requeueable deps ti=<TaskInstance: currency_parsing_kzt.create_schema scheduled__2024-04-19T00:00:00+00:00 [queued]>
[2024-04-20T13:29:58.738+0000] {taskinstance.py:2193} INFO - Starting attempt 1 of 2
[2024-04-20T13:29:58.765+0000] {taskinstance.py:2214} INFO - Executing <Task(PostgresOperator): create_schema> on 2024-04-19 00:00:00+00:00
[2024-04-20T13:29:58.772+0000] {standard_task_runner.py:60} INFO - Started process 581 to run task
[2024-04-20T13:29:58.782+0000] {standard_task_runner.py:87} INFO - Running: ['***', 'tasks', 'run', 'currency_parsing_kzt', 'create_schema', 'scheduled__2024-04-19T00:00:00+00:00', '--job-id', '841', '--raw', '--subdir', 'DAGS_FOLDER/stage/currency_kzt.py', '--cfg-path', '/tmp/tmpfw7ocwlz']
[2024-04-20T13:29:58.786+0000] {standard_task_runner.py:88} INFO - Job 841: Subtask create_schema
[2024-04-20T13:29:58.879+0000] {task_command.py:423} INFO - Running <TaskInstance: currency_parsing_kzt.create_schema scheduled__2024-04-19T00:00:00+00:00 [running]> on host 31aa6d9ea6ff
[2024-04-20T13:29:59.068+0000] {taskinstance.py:2510} INFO - Exporting env vars: AIRFLOW_CTX_DAG_OWNER='***' AIRFLOW_CTX_DAG_ID='currency_parsing_kzt' AIRFLOW_CTX_TASK_ID='create_schema' AIRFLOW_CTX_EXECUTION_DATE='2024-04-19T00:00:00+00:00' AIRFLOW_CTX_TRY_NUMBER='1' AIRFLOW_CTX_DAG_RUN_ID='scheduled__2024-04-19T00:00:00+00:00'
[2024-04-20T13:29:59.070+0000] {sql.py:276} INFO - Executing: CREATE SCHEMA if not exists stage;
[2024-04-20T13:29:59.085+0000] {base.py:83} INFO - Using connection ID 'dwh' for task execution.
[2024-04-20T13:29:59.102+0000] {base.py:83} INFO - Using connection ID 'dwh' for task execution.
[2024-04-20T13:29:59.107+0000] {sql.py:457} INFO - Running statement: CREATE SCHEMA if not exists stage;, parameters: None
[2024-04-20T13:29:59.110+0000] {warnings.py:109} WARNING - /home/***/.local/lib/python3.8/site-packages/***/providers/common/sql/hooks/sql.py:407: AirflowProviderDeprecationWarning: Call to deprecated method _make_common_data_structure. (The `_make_serializable` method is deprecated and support will be removed in a future version of the common.sql provider. Please update the DbApiHook's provider to a version based on common.sql >= 1.9.1.)
  result = self._make_common_data_structure(handler(cur))

[2024-04-20T13:29:59.126+0000] {taskinstance.py:1149} INFO - Marking task as SUCCESS. dag_id=currency_parsing_kzt, task_id=create_schema, execution_date=20240419T000000, start_date=20240420T132958, end_date=20240420T132959
[2024-04-20T13:29:59.191+0000] {local_task_job_runner.py:234} INFO - Task exited with return code 0
[2024-04-20T13:29:59.209+0000] {warnings.py:109} WARNING - /home/***/.local/lib/python3.8/site-packages/***/models/baseoperator.py:1201: AirflowProviderDeprecationWarning: Call to deprecated class PostgresOperator. (Please use `***.providers.common.sql.operators.sql.SQLExecuteQueryOperator`.Also, you can provide `hook_params={'schema': <database>}`.)
  result = cls.__new__(cls)

[2024-04-20T13:29:59.245+0000] {taskinstance.py:3309} INFO - 1 downstream tasks scheduled from follow-on schedule check
