[2024-04-10T12:40:59.106+0000] {taskinstance.py:1979} INFO - Dependencies all met for dep_context=non-requeueable deps ti=<TaskInstance: kolesa_dag_2.create_table manual__2024-04-07T12:59:37.756831+00:00 [queued]>
[2024-04-10T12:40:59.121+0000] {taskinstance.py:1979} INFO - Dependencies all met for dep_context=requeueable deps ti=<TaskInstance: kolesa_dag_2.create_table manual__2024-04-07T12:59:37.756831+00:00 [queued]>
[2024-04-10T12:40:59.123+0000] {taskinstance.py:2193} INFO - Starting attempt 3 of 3
[2024-04-10T12:40:59.152+0000] {taskinstance.py:2214} INFO - Executing <Task(PostgresOperator): create_table> on 2024-04-07 12:59:37.756831+00:00
[2024-04-10T12:40:59.163+0000] {standard_task_runner.py:60} INFO - Started process 1755 to run task
[2024-04-10T12:40:59.171+0000] {standard_task_runner.py:87} INFO - Running: ['***', 'tasks', 'run', 'kolesa_dag_2', 'create_table', 'manual__2024-04-07T12:59:37.756831+00:00', '--job-id', '76', '--raw', '--subdir', 'DAGS_FOLDER/kolesa_parsing_2.py', '--cfg-path', '/tmp/tmpgt222r_c']
[2024-04-10T12:40:59.176+0000] {standard_task_runner.py:88} INFO - Job 76: Subtask create_table
[2024-04-10T12:40:59.256+0000] {task_command.py:423} INFO - Running <TaskInstance: kolesa_dag_2.create_table manual__2024-04-07T12:59:37.756831+00:00 [running]> on host e6121d56b4f2
[2024-04-10T12:40:59.591+0000] {taskinstance.py:2510} INFO - Exporting env vars: AIRFLOW_CTX_DAG_OWNER='***' AIRFLOW_CTX_DAG_ID='kolesa_dag_2' AIRFLOW_CTX_TASK_ID='create_table' AIRFLOW_CTX_EXECUTION_DATE='2024-04-07T12:59:37.756831+00:00' AIRFLOW_CTX_TRY_NUMBER='3' AIRFLOW_CTX_DAG_RUN_ID='manual__2024-04-07T12:59:37.756831+00:00'
[2024-04-10T12:40:59.593+0000] {sql.py:276} INFO - Executing: CREATE EXTENSION IF NOT EXISTS "uuid-ossp";

CREATE TABLE IF NOT EXISTS kolesa_parsing(
    mark VARCHAR(255) NOT NULL,
    model VARCHAR(255) NOT NULL,
    year INT,
    price decimal,
    description VARCHAR(2000),
    city VARCHAR(255),
    generation VARCHAR(255),
    body VARCHAR(255),
    engine_volume decimal,
    mileage decimal,
    unit VARCHAR(255),
    transmission VARCHAR(255),
    drive_unit VARCHAR(255),
    steering_wheel VARCHAR(255),
    color VARCHAR(255),
    is_customized BOOLEAN
)
[2024-04-10T12:40:59.608+0000] {base.py:83} INFO - Using connection ID 'dwh' for task execution.
[2024-04-10T12:40:59.620+0000] {base.py:83} INFO - Using connection ID 'dwh' for task execution.
[2024-04-10T12:40:59.629+0000] {sql.py:457} INFO - Running statement: CREATE EXTENSION IF NOT EXISTS "uuid-ossp";

CREATE TABLE IF NOT EXISTS kolesa_parsing(
    mark VARCHAR(255) NOT NULL,
    model VARCHAR(255) NOT NULL,
    year INT,
    price decimal,
    description VARCHAR(2000),
    city VARCHAR(255),
    generation VARCHAR(255),
    body VARCHAR(255),
    engine_volume decimal,
    mileage decimal,
    unit VARCHAR(255),
    transmission VARCHAR(255),
    drive_unit VARCHAR(255),
    steering_wheel VARCHAR(255),
    color VARCHAR(255),
    is_customized BOOLEAN
), parameters: None
[2024-04-10T12:40:59.754+0000] {warnings.py:109} WARNING - /home/***/.local/lib/python3.8/site-packages/***/providers/common/sql/hooks/sql.py:407: AirflowProviderDeprecationWarning: Call to deprecated method _make_common_data_structure. (The `_make_serializable` method is deprecated and support will be removed in a future version of the common.sql provider. Please update the DbApiHook's provider to a version based on common.sql >= 1.9.1.)
  result = self._make_common_data_structure(handler(cur))

[2024-04-10T12:40:59.778+0000] {taskinstance.py:1149} INFO - Marking task as SUCCESS. dag_id=kolesa_dag_2, task_id=create_table, execution_date=20240407T125937, start_date=20240410T124059, end_date=20240410T124059
[2024-04-10T12:40:59.826+0000] {local_task_job_runner.py:234} INFO - Task exited with return code 0
[2024-04-10T12:40:59.846+0000] {warnings.py:109} WARNING - /home/***/.local/lib/python3.8/site-packages/***/models/baseoperator.py:1201: AirflowProviderDeprecationWarning: Call to deprecated class PostgresOperator. (Please use `***.providers.common.sql.operators.sql.SQLExecuteQueryOperator`.Also, you can provide `hook_params={'schema': <database>}`.)
  result = cls.__new__(cls)

[2024-04-10T12:40:59.874+0000] {taskinstance.py:3309} INFO - 1 downstream tasks scheduled from follow-on schedule check
