[2024-05-05T10:11:07.463+0000] {taskinstance.py:1979} INFO - Dependencies all met for dep_context=non-requeueable deps ti=<TaskInstance: currency_parsing.get_data_usd scheduled__2024-05-04T00:00:00+00:00 [queued]>
[2024-05-05T10:11:07.526+0000] {taskinstance.py:1979} INFO - Dependencies all met for dep_context=requeueable deps ti=<TaskInstance: currency_parsing.get_data_usd scheduled__2024-05-04T00:00:00+00:00 [queued]>
[2024-05-05T10:11:07.527+0000] {taskinstance.py:2193} INFO - Starting attempt 1 of 2
[2024-05-05T10:11:07.949+0000] {taskinstance.py:2214} INFO - Executing <Task(PythonOperator): get_data_usd> on 2024-05-04 00:00:00+00:00
[2024-05-05T10:11:07.965+0000] {standard_task_runner.py:60} INFO - Started process 94 to run task
[2024-05-05T10:11:07.978+0000] {standard_task_runner.py:87} INFO - Running: ['***', 'tasks', 'run', 'currency_parsing', 'get_data_usd', 'scheduled__2024-05-04T00:00:00+00:00', '--job-id', '2661', '--raw', '--subdir', 'DAGS_FOLDER/currency_dag/currency_parsing.py', '--cfg-path', '/tmp/tmpixdljb1z']
[2024-05-05T10:11:07.989+0000] {standard_task_runner.py:88} INFO - Job 2661: Subtask get_data_usd
[2024-05-05T10:11:08.459+0000] {task_command.py:423} INFO - Running <TaskInstance: currency_parsing.get_data_usd scheduled__2024-05-04T00:00:00+00:00 [running]> on host 71addd39200f
[2024-05-05T10:11:08.610+0000] {warnings.py:109} WARNING - /home/***/.local/lib/python3.8/site-packages/***/utils/context.py:207: AirflowContextDeprecationWarning: Accessing 'execution_date' from the template is deprecated and will be removed in a future version. Please use 'data_interval_start' or 'logical_date' instead.
  warnings.warn(_create_deprecation_warning(key, self._deprecation_replacements[key]))

[2024-05-05T10:11:08.694+0000] {taskinstance.py:2510} INFO - Exporting env vars: AIRFLOW_CTX_DAG_OWNER='***' AIRFLOW_CTX_DAG_ID='currency_parsing' AIRFLOW_CTX_TASK_ID='get_data_usd' AIRFLOW_CTX_EXECUTION_DATE='2024-05-04T00:00:00+00:00' AIRFLOW_CTX_TRY_NUMBER='1' AIRFLOW_CTX_DAG_RUN_ID='scheduled__2024-05-04T00:00:00+00:00'
[2024-05-05T10:11:24.550+0000] {python.py:202} INFO - Done. Returned value was: ([['AUD', 1.5127002689, '2024-5-3'], ['BGN', 1.8163903575, '2024-5-3'], ['BRL', 5.0720907942, '2024-5-3'], ['CAD', 1.3686101539, '2024-5-3'], ['CHF', 0.9044701081, '2024-5-3'], ['CNY', 7.239151348, '2024-5-3'], ['CZK', 23.2583633376, '2024-5-3'], ['DKK', 6.9298112877, '2024-5-3'], ['EUR', 0.9287001362, '2024-5-3'], ['GBP', 0.7970701576, '2024-5-3'], ['HKD', 7.8096307812, '2024-5-3'], ['HRK', 6.7476109206, '2024-5-3'], ['HUF', 361.5914785844, '2024-5-3'], ['IDR', 16065.968536544, '2024-5-3'], ['ILS', 3.7094106872, '2024-5-3'], ['INR', 83.340383599, '2024-5-3'], ['ISK', 139.5499847008, '2024-5-3'], ['JPY', 152.9647376127, '2024-5-3'], ['KRW', 1353.3347937837, '2024-5-3'], ['MXN', 16.9742326655, '2024-5-3'], ['MYR', 4.7394105075, '2024-5-3'], ['NOK', 10.8818018017, '2024-5-3'], ['NZD', 1.6635403079, '2024-5-3'], ['PHP', 57.1413877082, '2024-5-3'], ['PLN', 4.0148204488, '2024-5-3'], ['RON', 4.6257409078, '2024-5-3'], ['RUB', 91.4657494734, '2024-5-3'], ['SEK', 10.8172421493, '2024-5-3'], ['SGD', 1.3483101576, '2024-5-3'], ['THB', 36.7227564001, '2024-5-3'], ['TRY', 32.3354243946, '2024-5-3'], ['USD', 1, '2024-5-3'], ['ZAR', 18.4754430707, '2024-5-3']], ['title', 'rate', 'date'])
[2024-05-05T10:11:24.612+0000] {taskinstance.py:1149} INFO - Marking task as SUCCESS. dag_id=currency_parsing, task_id=get_data_usd, execution_date=20240504T000000, start_date=20240505T101107, end_date=20240505T101124
[2024-05-05T10:11:24.709+0000] {local_task_job_runner.py:234} INFO - Task exited with return code 0
[2024-05-05T10:11:24.758+0000] {taskinstance.py:3309} INFO - 1 downstream tasks scheduled from follow-on schedule check
[2024-05-05T10:55:27.111+0000] {taskinstance.py:1979} INFO - Dependencies all met for dep_context=non-requeueable deps ti=<TaskInstance: currency_parsing.get_data_usd scheduled__2024-05-04T00:00:00+00:00 [queued]>
[2024-05-05T10:55:27.155+0000] {taskinstance.py:1979} INFO - Dependencies all met for dep_context=requeueable deps ti=<TaskInstance: currency_parsing.get_data_usd scheduled__2024-05-04T00:00:00+00:00 [queued]>
[2024-05-05T10:55:27.157+0000] {taskinstance.py:2193} INFO - Starting attempt 1 of 2
[2024-05-05T10:55:27.234+0000] {taskinstance.py:2214} INFO - Executing <Task(PythonOperator): get_data_usd> on 2024-05-04 00:00:00+00:00
[2024-05-05T10:55:27.247+0000] {standard_task_runner.py:60} INFO - Started process 777 to run task
[2024-05-05T10:55:27.265+0000] {standard_task_runner.py:87} INFO - Running: ['***', 'tasks', 'run', 'currency_parsing', 'get_data_usd', 'scheduled__2024-05-04T00:00:00+00:00', '--job-id', '2709', '--raw', '--subdir', 'DAGS_FOLDER/currency_dag/currency_parsing.py', '--cfg-path', '/tmp/tmph9sqiqx6']
[2024-05-05T10:55:27.456+0000] {standard_task_runner.py:88} INFO - Job 2709: Subtask get_data_usd
[2024-05-05T10:55:28.412+0000] {task_command.py:423} INFO - Running <TaskInstance: currency_parsing.get_data_usd scheduled__2024-05-04T00:00:00+00:00 [running]> on host 71addd39200f
[2024-05-05T10:55:29.346+0000] {warnings.py:109} WARNING - /home/***/.local/lib/python3.8/site-packages/***/utils/context.py:207: AirflowContextDeprecationWarning: Accessing 'execution_date' from the template is deprecated and will be removed in a future version. Please use 'data_interval_start' or 'logical_date' instead.
  warnings.warn(_create_deprecation_warning(key, self._deprecation_replacements[key]))

[2024-05-05T10:55:30.083+0000] {taskinstance.py:2510} INFO - Exporting env vars: AIRFLOW_CTX_DAG_OWNER='***' AIRFLOW_CTX_DAG_ID='currency_parsing' AIRFLOW_CTX_TASK_ID='get_data_usd' AIRFLOW_CTX_EXECUTION_DATE='2024-05-04T00:00:00+00:00' AIRFLOW_CTX_TRY_NUMBER='1' AIRFLOW_CTX_DAG_RUN_ID='scheduled__2024-05-04T00:00:00+00:00'
[2024-05-05T10:55:46.173+0000] {python.py:202} INFO - Done. Returned value was: ([['AUD', 1.5127002689, '2024-5-3'], ['BGN', 1.8163903575, '2024-5-3'], ['BRL', 5.0720907942, '2024-5-3'], ['CAD', 1.3686101539, '2024-5-3'], ['CHF', 0.9044701081, '2024-5-3'], ['CNY', 7.239151348, '2024-5-3'], ['CZK', 23.2583633376, '2024-5-3'], ['DKK', 6.9298112877, '2024-5-3'], ['EUR', 0.9287001362, '2024-5-3'], ['GBP', 0.7970701576, '2024-5-3'], ['HKD', 7.8096307812, '2024-5-3'], ['HRK', 6.7476109206, '2024-5-3'], ['HUF', 361.5914785844, '2024-5-3'], ['IDR', 16065.968536544, '2024-5-3'], ['ILS', 3.7094106872, '2024-5-3'], ['INR', 83.340383599, '2024-5-3'], ['ISK', 139.5499847008, '2024-5-3'], ['JPY', 152.9647376127, '2024-5-3'], ['KRW', 1353.3347937837, '2024-5-3'], ['MXN', 16.9742326655, '2024-5-3'], ['MYR', 4.7394105075, '2024-5-3'], ['NOK', 10.8818018017, '2024-5-3'], ['NZD', 1.6635403079, '2024-5-3'], ['PHP', 57.1413877082, '2024-5-3'], ['PLN', 4.0148204488, '2024-5-3'], ['RON', 4.6257409078, '2024-5-3'], ['RUB', 91.4657494734, '2024-5-3'], ['SEK', 10.8172421493, '2024-5-3'], ['SGD', 1.3483101576, '2024-5-3'], ['THB', 36.7227564001, '2024-5-3'], ['TRY', 32.3354243946, '2024-5-3'], ['USD', 1, '2024-5-3'], ['ZAR', 18.4754430707, '2024-5-3']], ['title', 'rate', 'date'])
[2024-05-05T10:55:46.364+0000] {taskinstance.py:1149} INFO - Marking task as SUCCESS. dag_id=currency_parsing, task_id=get_data_usd, execution_date=20240504T000000, start_date=20240505T105527, end_date=20240505T105546
[2024-05-05T10:55:46.594+0000] {local_task_job_runner.py:234} INFO - Task exited with return code 0
[2024-05-05T10:55:47.163+0000] {taskinstance.py:3309} INFO - 0 downstream tasks scheduled from follow-on schedule check
