[2024-04-21T11:04:41.931+0000] {taskinstance.py:1979} INFO - Dependencies all met for dep_context=non-requeueable deps ti=<TaskInstance: currency_parsing.create_schema scheduled__2024-04-11T00:00:00+00:00 [queued]>
[2024-04-21T11:04:42.184+0000] {taskinstance.py:1979} INFO - Dependencies all met for dep_context=requeueable deps ti=<TaskInstance: currency_parsing.create_schema scheduled__2024-04-11T00:00:00+00:00 [queued]>
[2024-04-21T11:04:42.208+0000] {taskinstance.py:2193} INFO - Starting attempt 1 of 2
[2024-04-21T11:04:42.793+0000] {taskinstance.py:2214} INFO - Executing <Task(PostgresOperator): create_schema> on 2024-04-11 00:00:00+00:00
[2024-04-21T11:04:42.826+0000] {standard_task_runner.py:60} INFO - Started process 2546 to run task
[2024-04-21T11:04:42.934+0000] {standard_task_runner.py:87} INFO - Running: ['***', 'tasks', 'run', 'currency_parsing', 'create_schema', 'scheduled__2024-04-11T00:00:00+00:00', '--job-id', '1995', '--raw', '--subdir', 'DAGS_FOLDER/stage/currency_parsing.py', '--cfg-path', '/tmp/tmpjjfs5j79']
[2024-04-21T11:04:43.047+0000] {standard_task_runner.py:88} INFO - Job 1995: Subtask create_schema
[2024-04-21T11:04:43.663+0000] {task_command.py:423} INFO - Running <TaskInstance: currency_parsing.create_schema scheduled__2024-04-11T00:00:00+00:00 [running]> on host e671688b1343
[2024-04-21T11:04:45.106+0000] {taskinstance.py:2510} INFO - Exporting env vars: AIRFLOW_CTX_DAG_OWNER='***' AIRFLOW_CTX_DAG_ID='currency_parsing' AIRFLOW_CTX_TASK_ID='create_schema' AIRFLOW_CTX_EXECUTION_DATE='2024-04-11T00:00:00+00:00' AIRFLOW_CTX_TRY_NUMBER='1' AIRFLOW_CTX_DAG_RUN_ID='scheduled__2024-04-11T00:00:00+00:00'
[2024-04-21T11:04:45.114+0000] {sql.py:276} INFO - Executing: CREATE SCHEMA if not exists stage;
[2024-04-21T11:04:45.248+0000] {base.py:83} INFO - Using connection ID 'dwh' for task execution.
[2024-04-21T11:04:45.345+0000] {base.py:83} INFO - Using connection ID 'dwh' for task execution.
[2024-04-21T11:04:45.372+0000] {sql.py:457} INFO - Running statement: CREATE SCHEMA if not exists stage;, parameters: None
[2024-04-21T11:04:45.430+0000] {warnings.py:109} WARNING - /home/***/.local/lib/python3.8/site-packages/***/providers/common/sql/hooks/sql.py:407: AirflowProviderDeprecationWarning: Call to deprecated method _make_common_data_structure. (The `_make_serializable` method is deprecated and support will be removed in a future version of the common.sql provider. Please update the DbApiHook's provider to a version based on common.sql >= 1.9.1.)
  result = self._make_common_data_structure(handler(cur))

[2024-04-21T11:04:45.532+0000] {taskinstance.py:1149} INFO - Marking task as SUCCESS. dag_id=currency_parsing, task_id=create_schema, execution_date=20240411T000000, start_date=20240421T110441, end_date=20240421T110445
[2024-04-21T11:04:45.878+0000] {local_task_job_runner.py:234} INFO - Task exited with return code 0
[2024-04-21T11:04:45.984+0000] {warnings.py:109} WARNING - /home/***/.local/lib/python3.8/site-packages/***/models/baseoperator.py:1201: AirflowProviderDeprecationWarning: Call to deprecated class PostgresOperator. (Please use `***.providers.common.sql.operators.sql.SQLExecuteQueryOperator`.Also, you can provide `hook_params={'schema': <database>}`.)
  result = cls.__new__(cls)

[2024-04-21T11:04:46.337+0000] {taskinstance.py:3309} INFO - 1 downstream tasks scheduled from follow-on schedule check
[2024-04-27T12:16:17.211+0000] {taskinstance.py:1979} INFO - Dependencies all met for dep_context=non-requeueable deps ti=<TaskInstance: currency_parsing.create_schema scheduled__2024-04-11T00:00:00+00:00 [queued]>
[2024-04-27T12:16:17.923+0000] {taskinstance.py:1979} INFO - Dependencies all met for dep_context=requeueable deps ti=<TaskInstance: currency_parsing.create_schema scheduled__2024-04-11T00:00:00+00:00 [queued]>
[2024-04-27T12:16:17.943+0000] {taskinstance.py:2193} INFO - Starting attempt 1 of 2
[2024-04-27T12:16:32.589+0000] {taskinstance.py:2214} INFO - Executing <Task(PostgresOperator): create_schema> on 2024-04-11 00:00:00+00:00
[2024-04-27T12:16:32.867+0000] {standard_task_runner.py:60} INFO - Started process 1785 to run task
[2024-04-27T12:16:32.845+0000] {standard_task_runner.py:87} INFO - Running: ['***', 'tasks', 'run', 'currency_parsing', 'create_schema', 'scheduled__2024-04-11T00:00:00+00:00', '--job-id', '2262', '--raw', '--subdir', 'DAGS_FOLDER/stage/currency_parsing.py', '--cfg-path', '/tmp/tmpga7gxgrn']
[2024-04-27T12:16:33.439+0000] {standard_task_runner.py:88} INFO - Job 2262: Subtask create_schema
[2024-04-27T12:16:35.749+0000] {task_command.py:423} INFO - Running <TaskInstance: currency_parsing.create_schema scheduled__2024-04-11T00:00:00+00:00 [running]> on host 65a8688265d1
[2024-04-27T12:16:43.670+0000] {taskinstance.py:2510} INFO - Exporting env vars: AIRFLOW_CTX_DAG_OWNER='***' AIRFLOW_CTX_DAG_ID='currency_parsing' AIRFLOW_CTX_TASK_ID='create_schema' AIRFLOW_CTX_EXECUTION_DATE='2024-04-11T00:00:00+00:00' AIRFLOW_CTX_TRY_NUMBER='1' AIRFLOW_CTX_DAG_RUN_ID='scheduled__2024-04-11T00:00:00+00:00'
[2024-04-27T12:16:43.707+0000] {sql.py:276} INFO - Executing: CREATE SCHEMA if not exists stage;

CREATE SCHEMA if not exists intermediate;
[2024-04-27T12:16:44.504+0000] {base.py:83} INFO - Using connection ID 'dwh' for task execution.
[2024-04-27T12:17:00.821+0000] {base.py:83} INFO - Using connection ID 'dwh' for task execution.
[2024-04-27T12:17:00.996+0000] {sql.py:457} INFO - Running statement: CREATE SCHEMA if not exists stage;

CREATE SCHEMA if not exists intermediate;, parameters: None
[2024-04-27T12:17:01.132+0000] {warnings.py:109} WARNING - /home/***/.local/lib/python3.8/site-packages/***/providers/common/sql/hooks/sql.py:407: AirflowProviderDeprecationWarning: Call to deprecated method _make_common_data_structure. (The `_make_serializable` method is deprecated and support will be removed in a future version of the common.sql provider. Please update the DbApiHook's provider to a version based on common.sql >= 1.9.1.)
  result = self._make_common_data_structure(handler(cur))

[2024-04-27T12:17:02.232+0000] {taskinstance.py:1149} INFO - Marking task as SUCCESS. dag_id=currency_parsing, task_id=create_schema, execution_date=20240411T000000, start_date=20240427T121617, end_date=20240427T121702
[2024-04-27T12:17:05.546+0000] {local_task_job_runner.py:234} INFO - Task exited with return code 0
[2024-04-27T12:17:09.854+0000] {warnings.py:109} WARNING - /home/***/.local/lib/python3.8/site-packages/***/models/baseoperator.py:1201: AirflowProviderDeprecationWarning: Call to deprecated class PostgresOperator. (Please use `***.providers.common.sql.operators.sql.SQLExecuteQueryOperator`.Also, you can provide `hook_params={'schema': <database>}`.)
  result = cls.__new__(cls)

[2024-04-27T12:17:14.159+0000] {taskinstance.py:3309} INFO - 0 downstream tasks scheduled from follow-on schedule check
