[2024-04-14T08:53:44.667+0000] {taskinstance.py:1979} INFO - Dependencies all met for dep_context=non-requeueable deps ti=<TaskInstance: currency_parsing.fetch_data scheduled__2024-02-21T00:00:00+00:00 [queued]>
[2024-04-14T08:53:44.878+0000] {taskinstance.py:1979} INFO - Dependencies all met for dep_context=requeueable deps ti=<TaskInstance: currency_parsing.fetch_data scheduled__2024-02-21T00:00:00+00:00 [queued]>
[2024-04-14T08:53:44.884+0000] {taskinstance.py:2193} INFO - Starting attempt 1 of 2
[2024-04-14T08:53:45.506+0000] {taskinstance.py:2214} INFO - Executing <Task(PythonOperator): fetch_data> on 2024-02-21 00:00:00+00:00
[2024-04-14T08:53:45.622+0000] {standard_task_runner.py:60} INFO - Started process 1180 to run task
[2024-04-14T08:53:45.770+0000] {standard_task_runner.py:87} INFO - Running: ['***', 'tasks', 'run', 'currency_parsing', 'fetch_data', 'scheduled__2024-02-21T00:00:00+00:00', '--job-id', '348', '--raw', '--subdir', 'DAGS_FOLDER/currency_parsing.py', '--cfg-path', '/tmp/tmpi0u0u7ym']
[2024-04-14T08:53:45.894+0000] {standard_task_runner.py:88} INFO - Job 348: Subtask fetch_data
[2024-04-14T08:53:46.677+0000] {task_command.py:423} INFO - Running <TaskInstance: currency_parsing.fetch_data scheduled__2024-02-21T00:00:00+00:00 [running]> on host e8a1e0443283
[2024-04-14T08:53:47.926+0000] {taskinstance.py:2510} INFO - Exporting env vars: AIRFLOW_CTX_DAG_OWNER='***' AIRFLOW_CTX_DAG_ID='currency_parsing' AIRFLOW_CTX_TASK_ID='fetch_data' AIRFLOW_CTX_EXECUTION_DATE='2024-02-21T00:00:00+00:00' AIRFLOW_CTX_TRY_NUMBER='1' AIRFLOW_CTX_DAG_RUN_ID='scheduled__2024-02-21T00:00:00+00:00'
[2024-04-14T08:53:48.130+0000] {base.py:83} INFO - Using connection ID 'dwh' for task execution.
[2024-04-14T08:53:48.371+0000] {sql.py:572} INFO - Done loading. Loaded a total of 39 rows into currency_parsing
[2024-04-14T08:53:48.372+0000] {python.py:202} INFO - Done. Returned value was: None
[2024-04-14T08:53:48.449+0000] {taskinstance.py:1149} INFO - Marking task as SUCCESS. dag_id=currency_parsing, task_id=fetch_data, execution_date=20240221T000000, start_date=20240414T085344, end_date=20240414T085348
[2024-04-14T08:53:48.707+0000] {local_task_job_runner.py:234} INFO - Task exited with return code 0
[2024-04-14T08:53:49.028+0000] {taskinstance.py:3309} INFO - 0 downstream tasks scheduled from follow-on schedule check
[2024-04-14T10:11:09.165+0000] {taskinstance.py:1979} INFO - Dependencies all met for dep_context=non-requeueable deps ti=<TaskInstance: currency_parsing.fetch_data scheduled__2024-02-21T00:00:00+00:00 [queued]>
[2024-04-14T10:11:09.471+0000] {taskinstance.py:1979} INFO - Dependencies all met for dep_context=requeueable deps ti=<TaskInstance: currency_parsing.fetch_data scheduled__2024-02-21T00:00:00+00:00 [queued]>
[2024-04-14T10:11:09.482+0000] {taskinstance.py:2193} INFO - Starting attempt 1 of 2
[2024-04-14T10:11:10.218+0000] {taskinstance.py:2214} INFO - Executing <Task(PythonOperator): fetch_data> on 2024-02-21 00:00:00+00:00
[2024-04-14T10:11:10.291+0000] {standard_task_runner.py:60} INFO - Started process 514 to run task
[2024-04-14T10:11:10.363+0000] {standard_task_runner.py:87} INFO - Running: ['***', 'tasks', 'run', 'currency_parsing', 'fetch_data', 'scheduled__2024-02-21T00:00:00+00:00', '--job-id', '658', '--raw', '--subdir', 'DAGS_FOLDER/currency_parsing.py', '--cfg-path', '/tmp/tmp0l42li7u']
[2024-04-14T10:11:10.389+0000] {standard_task_runner.py:88} INFO - Job 658: Subtask fetch_data
[2024-04-14T10:11:11.271+0000] {task_command.py:423} INFO - Running <TaskInstance: currency_parsing.fetch_data scheduled__2024-02-21T00:00:00+00:00 [running]> on host 1c15aab9396c
[2024-04-14T10:11:12.331+0000] {taskinstance.py:2510} INFO - Exporting env vars: AIRFLOW_CTX_DAG_OWNER='***' AIRFLOW_CTX_DAG_ID='currency_parsing' AIRFLOW_CTX_TASK_ID='fetch_data' AIRFLOW_CTX_EXECUTION_DATE='2024-02-21T00:00:00+00:00' AIRFLOW_CTX_TRY_NUMBER='1' AIRFLOW_CTX_DAG_RUN_ID='scheduled__2024-02-21T00:00:00+00:00'
[2024-04-14T10:11:12.604+0000] {base.py:83} INFO - Using connection ID 'dwh' for task execution.
[2024-04-14T10:11:12.867+0000] {sql.py:572} INFO - Done loading. Loaded a total of 39 rows into currency_parsing
[2024-04-14T10:11:12.870+0000] {python.py:202} INFO - Done. Returned value was: None
[2024-04-14T10:11:12.920+0000] {taskinstance.py:1149} INFO - Marking task as SUCCESS. dag_id=currency_parsing, task_id=fetch_data, execution_date=20240221T000000, start_date=20240414T101109, end_date=20240414T101112
[2024-04-14T10:11:13.470+0000] {local_task_job_runner.py:234} INFO - Task exited with return code 0
[2024-04-14T10:11:13.558+0000] {taskinstance.py:3309} INFO - 0 downstream tasks scheduled from follow-on schedule check
