[2024-05-02T07:22:27.236+0000] {taskinstance.py:1979} INFO - Dependencies all met for dep_context=non-requeueable deps ti=<TaskInstance: currency_parsing.fetch_data_usd scheduled__2024-05-01T00:00:00+00:00 [queued]>
[2024-05-02T07:22:27.256+0000] {taskinstance.py:1979} INFO - Dependencies all met for dep_context=requeueable deps ti=<TaskInstance: currency_parsing.fetch_data_usd scheduled__2024-05-01T00:00:00+00:00 [queued]>
[2024-05-02T07:22:27.257+0000] {taskinstance.py:2193} INFO - Starting attempt 1 of 2
[2024-05-02T07:22:27.301+0000] {taskinstance.py:2214} INFO - Executing <Task(PythonOperator): fetch_data_usd> on 2024-05-01 00:00:00+00:00
[2024-05-02T07:22:27.315+0000] {standard_task_runner.py:60} INFO - Started process 156 to run task
[2024-05-02T07:22:27.334+0000] {standard_task_runner.py:87} INFO - Running: ['***', 'tasks', 'run', 'currency_parsing', 'fetch_data_usd', 'scheduled__2024-05-01T00:00:00+00:00', '--job-id', '2629', '--raw', '--subdir', 'DAGS_FOLDER/currency_dag/currency_parsing.py', '--cfg-path', '/tmp/tmpyodzevab']
[2024-05-02T07:22:27.341+0000] {standard_task_runner.py:88} INFO - Job 2629: Subtask fetch_data_usd
[2024-05-02T07:22:27.484+0000] {task_command.py:423} INFO - Running <TaskInstance: currency_parsing.fetch_data_usd scheduled__2024-05-01T00:00:00+00:00 [running]> on host 71addd39200f
[2024-05-02T07:22:27.931+0000] {taskinstance.py:2510} INFO - Exporting env vars: AIRFLOW_CTX_DAG_OWNER='***' AIRFLOW_CTX_DAG_ID='currency_parsing' AIRFLOW_CTX_TASK_ID='fetch_data_usd' AIRFLOW_CTX_EXECUTION_DATE='2024-05-01T00:00:00+00:00' AIRFLOW_CTX_TRY_NUMBER='1' AIRFLOW_CTX_DAG_RUN_ID='scheduled__2024-05-01T00:00:00+00:00'
[2024-05-02T07:22:28.044+0000] {base.py:83} INFO - Using connection ID 'dwh' for task execution.
[2024-05-02T07:22:28.092+0000] {sql.py:572} INFO - Done loading. Loaded a total of 33 rows into stage.currency_usd
[2024-05-02T07:22:28.093+0000] {python.py:202} INFO - Done. Returned value was: None
[2024-05-02T07:22:28.122+0000] {taskinstance.py:1149} INFO - Marking task as SUCCESS. dag_id=currency_parsing, task_id=fetch_data_usd, execution_date=20240501T000000, start_date=20240502T072227, end_date=20240502T072228
[2024-05-02T07:22:28.274+0000] {local_task_job_runner.py:234} INFO - Task exited with return code 0
[2024-05-02T07:22:28.334+0000] {taskinstance.py:3309} INFO - 0 downstream tasks scheduled from follow-on schedule check
[2024-05-05T10:55:18.073+0000] {taskinstance.py:1979} INFO - Dependencies all met for dep_context=non-requeueable deps ti=<TaskInstance: currency_parsing.fetch_data_usd scheduled__2024-05-01T00:00:00+00:00 [queued]>
[2024-05-05T10:55:18.553+0000] {taskinstance.py:1979} INFO - Dependencies all met for dep_context=requeueable deps ti=<TaskInstance: currency_parsing.fetch_data_usd scheduled__2024-05-01T00:00:00+00:00 [queued]>
[2024-05-05T10:55:18.603+0000] {taskinstance.py:2193} INFO - Starting attempt 1 of 2
[2024-05-05T10:55:19.088+0000] {taskinstance.py:2214} INFO - Executing <Task(PythonOperator): fetch_data_usd> on 2024-05-01 00:00:00+00:00
[2024-05-05T10:55:19.130+0000] {standard_task_runner.py:60} INFO - Started process 764 to run task
[2024-05-05T10:55:19.143+0000] {standard_task_runner.py:87} INFO - Running: ['***', 'tasks', 'run', 'currency_parsing', 'fetch_data_usd', 'scheduled__2024-05-01T00:00:00+00:00', '--job-id', '2699', '--raw', '--subdir', 'DAGS_FOLDER/currency_dag/currency_parsing.py', '--cfg-path', '/tmp/tmpsnrfn6fl']
[2024-05-05T10:55:19.150+0000] {standard_task_runner.py:88} INFO - Job 2699: Subtask fetch_data_usd
[2024-05-05T10:55:20.419+0000] {task_command.py:423} INFO - Running <TaskInstance: currency_parsing.fetch_data_usd scheduled__2024-05-01T00:00:00+00:00 [running]> on host 71addd39200f
[2024-05-05T10:55:22.307+0000] {taskinstance.py:2510} INFO - Exporting env vars: AIRFLOW_CTX_DAG_OWNER='***' AIRFLOW_CTX_DAG_ID='currency_parsing' AIRFLOW_CTX_TASK_ID='fetch_data_usd' AIRFLOW_CTX_EXECUTION_DATE='2024-05-01T00:00:00+00:00' AIRFLOW_CTX_TRY_NUMBER='1' AIRFLOW_CTX_DAG_RUN_ID='scheduled__2024-05-01T00:00:00+00:00'
[2024-05-05T10:55:22.582+0000] {base.py:83} INFO - Using connection ID 'dwh' for task execution.
[2024-05-05T10:55:23.045+0000] {sql.py:572} INFO - Done loading. Loaded a total of 33 rows into stage.currency_usd
[2024-05-05T10:55:23.049+0000] {python.py:202} INFO - Done. Returned value was: None
[2024-05-05T10:55:23.157+0000] {taskinstance.py:1149} INFO - Marking task as SUCCESS. dag_id=currency_parsing, task_id=fetch_data_usd, execution_date=20240501T000000, start_date=20240505T105518, end_date=20240505T105523
[2024-05-05T10:55:23.597+0000] {local_task_job_runner.py:234} INFO - Task exited with return code 0
[2024-05-05T10:55:23.905+0000] {taskinstance.py:3309} INFO - 0 downstream tasks scheduled from follow-on schedule check
