[2024-04-14T08:53:55.790+0000] {taskinstance.py:1979} INFO - Dependencies all met for dep_context=non-requeueable deps ti=<TaskInstance: currency_parsing.fetch_data scheduled__2024-02-26T00:00:00+00:00 [queued]>
[2024-04-14T08:53:56.045+0000] {taskinstance.py:1979} INFO - Dependencies all met for dep_context=requeueable deps ti=<TaskInstance: currency_parsing.fetch_data scheduled__2024-02-26T00:00:00+00:00 [queued]>
[2024-04-14T08:53:56.075+0000] {taskinstance.py:2193} INFO - Starting attempt 1 of 2
[2024-04-14T08:53:56.274+0000] {taskinstance.py:2214} INFO - Executing <Task(PythonOperator): fetch_data> on 2024-02-26 00:00:00+00:00
[2024-04-14T08:53:56.339+0000] {standard_task_runner.py:87} INFO - Running: ['***', 'tasks', 'run', 'currency_parsing', 'fetch_data', 'scheduled__2024-02-26T00:00:00+00:00', '--job-id', '358', '--raw', '--subdir', 'DAGS_FOLDER/currency_parsing.py', '--cfg-path', '/tmp/tmp214f963i']
[2024-04-14T08:53:56.345+0000] {standard_task_runner.py:88} INFO - Job 358: Subtask fetch_data
[2024-04-14T08:53:56.314+0000] {standard_task_runner.py:60} INFO - Started process 1207 to run task
[2024-04-14T08:53:56.742+0000] {task_command.py:423} INFO - Running <TaskInstance: currency_parsing.fetch_data scheduled__2024-02-26T00:00:00+00:00 [running]> on host e8a1e0443283
[2024-04-14T08:53:57.472+0000] {taskinstance.py:2510} INFO - Exporting env vars: AIRFLOW_CTX_DAG_OWNER='***' AIRFLOW_CTX_DAG_ID='currency_parsing' AIRFLOW_CTX_TASK_ID='fetch_data' AIRFLOW_CTX_EXECUTION_DATE='2024-02-26T00:00:00+00:00' AIRFLOW_CTX_TRY_NUMBER='1' AIRFLOW_CTX_DAG_RUN_ID='scheduled__2024-02-26T00:00:00+00:00'
[2024-04-14T08:53:57.674+0000] {base.py:83} INFO - Using connection ID 'dwh' for task execution.
[2024-04-14T08:53:57.769+0000] {sql.py:572} INFO - Done loading. Loaded a total of 39 rows into currency_parsing
[2024-04-14T08:53:57.776+0000] {python.py:202} INFO - Done. Returned value was: None
[2024-04-14T08:53:57.836+0000] {taskinstance.py:1149} INFO - Marking task as SUCCESS. dag_id=currency_parsing, task_id=fetch_data, execution_date=20240226T000000, start_date=20240414T085355, end_date=20240414T085357
[2024-04-14T08:53:58.147+0000] {local_task_job_runner.py:234} INFO - Task exited with return code 0
[2024-04-14T08:53:58.289+0000] {taskinstance.py:3309} INFO - 0 downstream tasks scheduled from follow-on schedule check
[2024-04-14T10:11:15.921+0000] {taskinstance.py:1979} INFO - Dependencies all met for dep_context=non-requeueable deps ti=<TaskInstance: currency_parsing.fetch_data scheduled__2024-02-26T00:00:00+00:00 [queued]>
[2024-04-14T10:11:16.004+0000] {taskinstance.py:1979} INFO - Dependencies all met for dep_context=requeueable deps ti=<TaskInstance: currency_parsing.fetch_data scheduled__2024-02-26T00:00:00+00:00 [queued]>
[2024-04-14T10:11:16.007+0000] {taskinstance.py:2193} INFO - Starting attempt 1 of 2
[2024-04-14T10:11:16.177+0000] {taskinstance.py:2214} INFO - Executing <Task(PythonOperator): fetch_data> on 2024-02-26 00:00:00+00:00
[2024-04-14T10:11:16.186+0000] {standard_task_runner.py:60} INFO - Started process 525 to run task
[2024-04-14T10:11:16.225+0000] {standard_task_runner.py:87} INFO - Running: ['***', 'tasks', 'run', 'currency_parsing', 'fetch_data', 'scheduled__2024-02-26T00:00:00+00:00', '--job-id', '665', '--raw', '--subdir', 'DAGS_FOLDER/currency_parsing.py', '--cfg-path', '/tmp/tmpqlo2g4sf']
[2024-04-14T10:11:16.278+0000] {standard_task_runner.py:88} INFO - Job 665: Subtask fetch_data
[2024-04-14T10:11:16.776+0000] {task_command.py:423} INFO - Running <TaskInstance: currency_parsing.fetch_data scheduled__2024-02-26T00:00:00+00:00 [running]> on host 1c15aab9396c
[2024-04-14T10:11:17.641+0000] {taskinstance.py:2510} INFO - Exporting env vars: AIRFLOW_CTX_DAG_OWNER='***' AIRFLOW_CTX_DAG_ID='currency_parsing' AIRFLOW_CTX_TASK_ID='fetch_data' AIRFLOW_CTX_EXECUTION_DATE='2024-02-26T00:00:00+00:00' AIRFLOW_CTX_TRY_NUMBER='1' AIRFLOW_CTX_DAG_RUN_ID='scheduled__2024-02-26T00:00:00+00:00'
[2024-04-14T10:11:17.827+0000] {base.py:83} INFO - Using connection ID 'dwh' for task execution.
[2024-04-14T10:11:17.885+0000] {sql.py:572} INFO - Done loading. Loaded a total of 39 rows into currency_parsing
[2024-04-14T10:11:17.886+0000] {python.py:202} INFO - Done. Returned value was: None
[2024-04-14T10:11:17.967+0000] {taskinstance.py:1149} INFO - Marking task as SUCCESS. dag_id=currency_parsing, task_id=fetch_data, execution_date=20240226T000000, start_date=20240414T101115, end_date=20240414T101117
[2024-04-14T10:11:18.158+0000] {local_task_job_runner.py:234} INFO - Task exited with return code 0
[2024-04-14T10:11:18.548+0000] {taskinstance.py:3309} INFO - 0 downstream tasks scheduled from follow-on schedule check
