[2024-04-14T08:52:16.816+0000] {taskinstance.py:1979} INFO - Dependencies all met for dep_context=non-requeueable deps ti=<TaskInstance: currency_parsing.create_table scheduled__2024-02-04T00:00:00+00:00 [queued]>
[2024-04-14T08:52:16.850+0000] {taskinstance.py:1979} INFO - Dependencies all met for dep_context=requeueable deps ti=<TaskInstance: currency_parsing.create_table scheduled__2024-02-04T00:00:00+00:00 [queued]>
[2024-04-14T08:52:16.854+0000] {taskinstance.py:2193} INFO - Starting attempt 1 of 2
[2024-04-14T08:52:16.944+0000] {taskinstance.py:2214} INFO - Executing <Task(PostgresOperator): create_table> on 2024-02-04 00:00:00+00:00
[2024-04-14T08:52:16.952+0000] {standard_task_runner.py:60} INFO - Started process 1007 to run task
[2024-04-14T08:52:17.025+0000] {standard_task_runner.py:87} INFO - Running: ['***', 'tasks', 'run', 'currency_parsing', 'create_table', 'scheduled__2024-02-04T00:00:00+00:00', '--job-id', '271', '--raw', '--subdir', 'DAGS_FOLDER/currency_parsing.py', '--cfg-path', '/tmp/tmp1lgg73ym']
[2024-04-14T08:52:17.047+0000] {standard_task_runner.py:88} INFO - Job 271: Subtask create_table
[2024-04-14T08:52:17.336+0000] {task_command.py:423} INFO - Running <TaskInstance: currency_parsing.create_table scheduled__2024-02-04T00:00:00+00:00 [running]> on host e8a1e0443283
[2024-04-14T08:52:18.521+0000] {taskinstance.py:2510} INFO - Exporting env vars: AIRFLOW_CTX_DAG_OWNER='***' AIRFLOW_CTX_DAG_ID='currency_parsing' AIRFLOW_CTX_TASK_ID='create_table' AIRFLOW_CTX_EXECUTION_DATE='2024-02-04T00:00:00+00:00' AIRFLOW_CTX_TRY_NUMBER='1' AIRFLOW_CTX_DAG_RUN_ID='scheduled__2024-02-04T00:00:00+00:00'
[2024-04-14T08:52:18.524+0000] {sql.py:276} INFO - Executing: CREATE TABLE IF NOT EXISTS currency_parsing(
    currency VARCHAR(255) NOT NULL,
    title VARCHAR(255) NOT NULL,
    rate float,
    quantity int,
    index VARCHAR(255),
    change float,
    date date NOT NULL
)
[2024-04-14T08:52:18.605+0000] {base.py:83} INFO - Using connection ID 'dwh' for task execution.
[2024-04-14T08:52:18.733+0000] {base.py:83} INFO - Using connection ID 'dwh' for task execution.
[2024-04-14T08:52:18.749+0000] {sql.py:457} INFO - Running statement: CREATE TABLE IF NOT EXISTS currency_parsing(
    currency VARCHAR(255) NOT NULL,
    title VARCHAR(255) NOT NULL,
    rate float,
    quantity int,
    index VARCHAR(255),
    change float,
    date date NOT NULL
), parameters: None
[2024-04-14T08:52:18.752+0000] {warnings.py:109} WARNING - /home/***/.local/lib/python3.8/site-packages/***/providers/common/sql/hooks/sql.py:407: AirflowProviderDeprecationWarning: Call to deprecated method _make_common_data_structure. (The `_make_serializable` method is deprecated and support will be removed in a future version of the common.sql provider. Please update the DbApiHook's provider to a version based on common.sql >= 1.9.1.)
  result = self._make_common_data_structure(handler(cur))

[2024-04-14T08:52:18.815+0000] {taskinstance.py:1149} INFO - Marking task as SUCCESS. dag_id=currency_parsing, task_id=create_table, execution_date=20240204T000000, start_date=20240414T085216, end_date=20240414T085218
[2024-04-14T08:52:18.990+0000] {local_task_job_runner.py:234} INFO - Task exited with return code 0
[2024-04-14T08:52:19.147+0000] {warnings.py:109} WARNING - /home/***/.local/lib/python3.8/site-packages/***/models/baseoperator.py:1201: AirflowProviderDeprecationWarning: Call to deprecated class PostgresOperator. (Please use `***.providers.common.sql.operators.sql.SQLExecuteQueryOperator`.Also, you can provide `hook_params={'schema': <database>}`.)
  result = cls.__new__(cls)

[2024-04-14T08:52:19.436+0000] {taskinstance.py:3309} INFO - 1 downstream tasks scheduled from follow-on schedule check
[2024-04-14T10:09:34.889+0000] {taskinstance.py:1979} INFO - Dependencies all met for dep_context=non-requeueable deps ti=<TaskInstance: currency_parsing.create_table scheduled__2024-02-04T00:00:00+00:00 [queued]>
[2024-04-14T10:09:35.070+0000] {taskinstance.py:1979} INFO - Dependencies all met for dep_context=requeueable deps ti=<TaskInstance: currency_parsing.create_table scheduled__2024-02-04T00:00:00+00:00 [queued]>
[2024-04-14T10:09:35.086+0000] {taskinstance.py:2193} INFO - Starting attempt 1 of 2
[2024-04-14T10:09:35.522+0000] {taskinstance.py:2214} INFO - Executing <Task(PostgresOperator): create_table> on 2024-02-04 00:00:00+00:00
[2024-04-14T10:09:35.534+0000] {standard_task_runner.py:60} INFO - Started process 327 to run task
[2024-04-14T10:09:35.572+0000] {standard_task_runner.py:87} INFO - Running: ['***', 'tasks', 'run', 'currency_parsing', 'create_table', 'scheduled__2024-02-04T00:00:00+00:00', '--job-id', '578', '--raw', '--subdir', 'DAGS_FOLDER/currency_parsing.py', '--cfg-path', '/tmp/tmpj69wdm93']
[2024-04-14T10:09:35.602+0000] {standard_task_runner.py:88} INFO - Job 578: Subtask create_table
[2024-04-14T10:09:36.254+0000] {task_command.py:423} INFO - Running <TaskInstance: currency_parsing.create_table scheduled__2024-02-04T00:00:00+00:00 [running]> on host 1c15aab9396c
[2024-04-14T10:09:36.945+0000] {taskinstance.py:2510} INFO - Exporting env vars: AIRFLOW_CTX_DAG_OWNER='***' AIRFLOW_CTX_DAG_ID='currency_parsing' AIRFLOW_CTX_TASK_ID='create_table' AIRFLOW_CTX_EXECUTION_DATE='2024-02-04T00:00:00+00:00' AIRFLOW_CTX_TRY_NUMBER='1' AIRFLOW_CTX_DAG_RUN_ID='scheduled__2024-02-04T00:00:00+00:00'
[2024-04-14T10:09:36.949+0000] {sql.py:276} INFO - Executing: CREATE TABLE IF NOT EXISTS currency_parsing(
    currency VARCHAR(255) NOT NULL,
    title VARCHAR(255) NOT NULL,
    rate float,
    quantity int,
    index VARCHAR(255),
    change float,
    date date NOT NULL
)
[2024-04-14T10:09:37.045+0000] {base.py:83} INFO - Using connection ID 'dwh' for task execution.
[2024-04-14T10:09:37.165+0000] {base.py:83} INFO - Using connection ID 'dwh' for task execution.
[2024-04-14T10:09:37.216+0000] {sql.py:457} INFO - Running statement: CREATE TABLE IF NOT EXISTS currency_parsing(
    currency VARCHAR(255) NOT NULL,
    title VARCHAR(255) NOT NULL,
    rate float,
    quantity int,
    index VARCHAR(255),
    change float,
    date date NOT NULL
), parameters: None
[2024-04-14T10:09:37.220+0000] {warnings.py:109} WARNING - /home/***/.local/lib/python3.8/site-packages/***/providers/common/sql/hooks/sql.py:407: AirflowProviderDeprecationWarning: Call to deprecated method _make_common_data_structure. (The `_make_serializable` method is deprecated and support will be removed in a future version of the common.sql provider. Please update the DbApiHook's provider to a version based on common.sql >= 1.9.1.)
  result = self._make_common_data_structure(handler(cur))

[2024-04-14T10:09:37.348+0000] {taskinstance.py:1149} INFO - Marking task as SUCCESS. dag_id=currency_parsing, task_id=create_table, execution_date=20240204T000000, start_date=20240414T100934, end_date=20240414T100937
[2024-04-14T10:09:37.532+0000] {local_task_job_runner.py:234} INFO - Task exited with return code 0
[2024-04-14T10:09:37.599+0000] {warnings.py:109} WARNING - /home/***/.local/lib/python3.8/site-packages/***/models/baseoperator.py:1201: AirflowProviderDeprecationWarning: Call to deprecated class PostgresOperator. (Please use `***.providers.common.sql.operators.sql.SQLExecuteQueryOperator`.Also, you can provide `hook_params={'schema': <database>}`.)
  result = cls.__new__(cls)

[2024-04-14T10:09:37.787+0000] {taskinstance.py:3309} INFO - 1 downstream tasks scheduled from follow-on schedule check
[2024-04-21T10:51:38.815+0000] {taskinstance.py:1979} INFO - Dependencies all met for dep_context=non-requeueable deps ti=<TaskInstance: currency_parsing.create_table scheduled__2024-02-04T00:00:00+00:00 [queued]>
[2024-04-21T10:51:38.863+0000] {taskinstance.py:1979} INFO - Dependencies all met for dep_context=requeueable deps ti=<TaskInstance: currency_parsing.create_table scheduled__2024-02-04T00:00:00+00:00 [queued]>
[2024-04-21T10:51:38.865+0000] {taskinstance.py:2193} INFO - Starting attempt 1 of 2
[2024-04-21T10:51:39.169+0000] {taskinstance.py:2214} INFO - Executing <Task(PostgresOperator): create_table> on 2024-02-04 00:00:00+00:00
[2024-04-21T10:51:39.178+0000] {standard_task_runner.py:60} INFO - Started process 1043 to run task
[2024-04-21T10:51:39.187+0000] {standard_task_runner.py:87} INFO - Running: ['***', 'tasks', 'run', 'currency_parsing', 'create_table', 'scheduled__2024-02-04T00:00:00+00:00', '--job-id', '1320', '--raw', '--subdir', 'DAGS_FOLDER/stage/currency_parsing.py', '--cfg-path', '/tmp/tmpemh2f9s0']
[2024-04-21T10:51:39.250+0000] {standard_task_runner.py:88} INFO - Job 1320: Subtask create_table
[2024-04-21T10:51:39.826+0000] {task_command.py:423} INFO - Running <TaskInstance: currency_parsing.create_table scheduled__2024-02-04T00:00:00+00:00 [running]> on host e671688b1343
[2024-04-21T10:51:40.600+0000] {taskinstance.py:2510} INFO - Exporting env vars: AIRFLOW_CTX_DAG_OWNER='***' AIRFLOW_CTX_DAG_ID='currency_parsing' AIRFLOW_CTX_TASK_ID='create_table' AIRFLOW_CTX_EXECUTION_DATE='2024-02-04T00:00:00+00:00' AIRFLOW_CTX_TRY_NUMBER='1' AIRFLOW_CTX_DAG_RUN_ID='scheduled__2024-02-04T00:00:00+00:00'
[2024-04-21T10:51:40.605+0000] {sql.py:276} INFO - Executing: CREATE TABLE IF NOT EXISTS stage.currency_parsing_pound(
    title VARCHAR(255) NOT NULL,
    rate float,
    date date NOT NULL
);

CREATE TABLE IF NOT EXISTS stage.currency_parsing_usd(
    title VARCHAR(255) NOT NULL,
    rate float,
    date date NOT NULL
);

CREATE TABLE IF NOT EXISTS stage.currency_parsing_rub(
    id VARCHAR(255) NOT NULL,
    NumCode VARCHAR(255) NOT NULL,
    CharCode VARCHAR(255),
    Nominal int,
    Name VARCHAR(255),
    Value float,
    Previous float,
    date date NOT NULL
);

CREATE TABLE IF NOT EXISTS stage.currency_parsing_kzt(
    currency VARCHAR(255) NOT NULL,
    title VARCHAR(255) NOT NULL,
    rate float,
    quantity int,
    index VARCHAR(255),
    change float,
    date date NOT NULL
)
[2024-04-21T10:51:40.667+0000] {base.py:83} INFO - Using connection ID 'dwh' for task execution.
[2024-04-21T10:51:40.704+0000] {base.py:83} INFO - Using connection ID 'dwh' for task execution.
[2024-04-21T10:51:40.735+0000] {sql.py:457} INFO - Running statement: CREATE TABLE IF NOT EXISTS stage.currency_parsing_pound(
    title VARCHAR(255) NOT NULL,
    rate float,
    date date NOT NULL
);

CREATE TABLE IF NOT EXISTS stage.currency_parsing_usd(
    title VARCHAR(255) NOT NULL,
    rate float,
    date date NOT NULL
);

CREATE TABLE IF NOT EXISTS stage.currency_parsing_rub(
    id VARCHAR(255) NOT NULL,
    NumCode VARCHAR(255) NOT NULL,
    CharCode VARCHAR(255),
    Nominal int,
    Name VARCHAR(255),
    Value float,
    Previous float,
    date date NOT NULL
);

CREATE TABLE IF NOT EXISTS stage.currency_parsing_kzt(
    currency VARCHAR(255) NOT NULL,
    title VARCHAR(255) NOT NULL,
    rate float,
    quantity int,
    index VARCHAR(255),
    change float,
    date date NOT NULL
), parameters: None
[2024-04-21T10:51:40.741+0000] {warnings.py:109} WARNING - /home/***/.local/lib/python3.8/site-packages/***/providers/common/sql/hooks/sql.py:407: AirflowProviderDeprecationWarning: Call to deprecated method _make_common_data_structure. (The `_make_serializable` method is deprecated and support will be removed in a future version of the common.sql provider. Please update the DbApiHook's provider to a version based on common.sql >= 1.9.1.)
  result = self._make_common_data_structure(handler(cur))

[2024-04-21T10:51:40.865+0000] {taskinstance.py:1149} INFO - Marking task as SUCCESS. dag_id=currency_parsing, task_id=create_table, execution_date=20240204T000000, start_date=20240421T105138, end_date=20240421T105140
[2024-04-21T10:51:40.992+0000] {local_task_job_runner.py:234} INFO - Task exited with return code 0
[2024-04-21T10:51:41.061+0000] {warnings.py:109} WARNING - /home/***/.local/lib/python3.8/site-packages/***/models/baseoperator.py:1201: AirflowProviderDeprecationWarning: Call to deprecated class PostgresOperator. (Please use `***.providers.common.sql.operators.sql.SQLExecuteQueryOperator`.Also, you can provide `hook_params={'schema': <database>}`.)
  result = cls.__new__(cls)

[2024-04-21T10:51:41.256+0000] {taskinstance.py:3309} INFO - 4 downstream tasks scheduled from follow-on schedule check
