[2024-04-14T08:51:07.356+0000] {taskinstance.py:1979} INFO - Dependencies all met for dep_context=non-requeueable deps ti=<TaskInstance: currency_parsing.fetch_data scheduled__2024-01-08T00:00:00+00:00 [queued]>
[2024-04-14T08:51:07.534+0000] {taskinstance.py:1979} INFO - Dependencies all met for dep_context=requeueable deps ti=<TaskInstance: currency_parsing.fetch_data scheduled__2024-01-08T00:00:00+00:00 [queued]>
[2024-04-14T08:51:07.539+0000] {taskinstance.py:2193} INFO - Starting attempt 1 of 2
[2024-04-14T08:51:07.791+0000] {taskinstance.py:2214} INFO - Executing <Task(PythonOperator): fetch_data> on 2024-01-08 00:00:00+00:00
[2024-04-14T08:51:07.812+0000] {standard_task_runner.py:60} INFO - Started process 868 to run task
[2024-04-14T08:51:07.891+0000] {standard_task_runner.py:87} INFO - Running: ['***', 'tasks', 'run', 'currency_parsing', 'fetch_data', 'scheduled__2024-01-08T00:00:00+00:00', '--job-id', '210', '--raw', '--subdir', 'DAGS_FOLDER/currency_parsing.py', '--cfg-path', '/tmp/tmpekl3_k9b']
[2024-04-14T08:51:07.963+0000] {standard_task_runner.py:88} INFO - Job 210: Subtask fetch_data
[2024-04-14T08:51:08.474+0000] {task_command.py:423} INFO - Running <TaskInstance: currency_parsing.fetch_data scheduled__2024-01-08T00:00:00+00:00 [running]> on host e8a1e0443283
[2024-04-14T08:51:09.482+0000] {taskinstance.py:2510} INFO - Exporting env vars: AIRFLOW_CTX_DAG_OWNER='***' AIRFLOW_CTX_DAG_ID='currency_parsing' AIRFLOW_CTX_TASK_ID='fetch_data' AIRFLOW_CTX_EXECUTION_DATE='2024-01-08T00:00:00+00:00' AIRFLOW_CTX_TRY_NUMBER='1' AIRFLOW_CTX_DAG_RUN_ID='scheduled__2024-01-08T00:00:00+00:00'
[2024-04-14T08:51:09.656+0000] {base.py:83} INFO - Using connection ID 'dwh' for task execution.
[2024-04-14T08:51:09.719+0000] {sql.py:572} INFO - Done loading. Loaded a total of 39 rows into currency_parsing
[2024-04-14T08:51:09.720+0000] {python.py:202} INFO - Done. Returned value was: None
[2024-04-14T08:51:09.798+0000] {taskinstance.py:1149} INFO - Marking task as SUCCESS. dag_id=currency_parsing, task_id=fetch_data, execution_date=20240108T000000, start_date=20240414T085107, end_date=20240414T085109
[2024-04-14T08:51:09.987+0000] {local_task_job_runner.py:234} INFO - Task exited with return code 0
[2024-04-14T08:51:10.271+0000] {taskinstance.py:3309} INFO - 0 downstream tasks scheduled from follow-on schedule check
[2024-04-14T10:07:58.708+0000] {taskinstance.py:1979} INFO - Dependencies all met for dep_context=non-requeueable deps ti=<TaskInstance: currency_parsing.fetch_data scheduled__2024-01-08T00:00:00+00:00 [queued]>
[2024-04-14T10:07:58.850+0000] {taskinstance.py:1979} INFO - Dependencies all met for dep_context=requeueable deps ti=<TaskInstance: currency_parsing.fetch_data scheduled__2024-01-08T00:00:00+00:00 [queued]>
[2024-04-14T10:07:58.851+0000] {taskinstance.py:2193} INFO - Starting attempt 1 of 2
[2024-04-14T10:07:59.153+0000] {taskinstance.py:2214} INFO - Executing <Task(PythonOperator): fetch_data> on 2024-01-08 00:00:00+00:00
[2024-04-14T10:07:59.231+0000] {standard_task_runner.py:60} INFO - Started process 194 to run task
[2024-04-14T10:07:59.329+0000] {standard_task_runner.py:87} INFO - Running: ['***', 'tasks', 'run', 'currency_parsing', 'fetch_data', 'scheduled__2024-01-08T00:00:00+00:00', '--job-id', '515', '--raw', '--subdir', 'DAGS_FOLDER/currency_parsing.py', '--cfg-path', '/tmp/tmpm64es4r6']
[2024-04-14T10:07:59.362+0000] {standard_task_runner.py:88} INFO - Job 515: Subtask fetch_data
[2024-04-14T10:08:00.149+0000] {task_command.py:423} INFO - Running <TaskInstance: currency_parsing.fetch_data scheduled__2024-01-08T00:00:00+00:00 [running]> on host 1c15aab9396c
[2024-04-14T10:08:01.605+0000] {taskinstance.py:2510} INFO - Exporting env vars: AIRFLOW_CTX_DAG_OWNER='***' AIRFLOW_CTX_DAG_ID='currency_parsing' AIRFLOW_CTX_TASK_ID='fetch_data' AIRFLOW_CTX_EXECUTION_DATE='2024-01-08T00:00:00+00:00' AIRFLOW_CTX_TRY_NUMBER='1' AIRFLOW_CTX_DAG_RUN_ID='scheduled__2024-01-08T00:00:00+00:00'
[2024-04-14T10:08:01.705+0000] {base.py:83} INFO - Using connection ID 'dwh' for task execution.
[2024-04-14T10:08:01.740+0000] {sql.py:572} INFO - Done loading. Loaded a total of 39 rows into currency_parsing
[2024-04-14T10:08:01.741+0000] {python.py:202} INFO - Done. Returned value was: None
[2024-04-14T10:08:01.778+0000] {taskinstance.py:1149} INFO - Marking task as SUCCESS. dag_id=currency_parsing, task_id=fetch_data, execution_date=20240108T000000, start_date=20240414T100758, end_date=20240414T100801
[2024-04-14T10:08:01.988+0000] {local_task_job_runner.py:234} INFO - Task exited with return code 0
[2024-04-14T10:08:02.179+0000] {taskinstance.py:3309} INFO - 0 downstream tasks scheduled from follow-on schedule check
