[2024-04-14T08:52:44.394+0000] {taskinstance.py:1979} INFO - Dependencies all met for dep_context=non-requeueable deps ti=<TaskInstance: currency_parsing.fetch_data scheduled__2024-02-06T00:00:00+00:00 [queued]>
[2024-04-14T08:52:44.667+0000] {taskinstance.py:1979} INFO - Dependencies all met for dep_context=requeueable deps ti=<TaskInstance: currency_parsing.fetch_data scheduled__2024-02-06T00:00:00+00:00 [queued]>
[2024-04-14T08:52:44.670+0000] {taskinstance.py:2193} INFO - Starting attempt 1 of 2
[2024-04-14T08:52:45.199+0000] {taskinstance.py:2214} INFO - Executing <Task(PythonOperator): fetch_data> on 2024-02-06 00:00:00+00:00
[2024-04-14T08:52:45.226+0000] {standard_task_runner.py:60} INFO - Started process 1085 to run task
[2024-04-14T08:52:45.290+0000] {standard_task_runner.py:87} INFO - Running: ['***', 'tasks', 'run', 'currency_parsing', 'fetch_data', 'scheduled__2024-02-06T00:00:00+00:00', '--job-id', '303', '--raw', '--subdir', 'DAGS_FOLDER/currency_parsing.py', '--cfg-path', '/tmp/tmpvtj42v9b']
[2024-04-14T08:52:45.323+0000] {standard_task_runner.py:88} INFO - Job 303: Subtask fetch_data
[2024-04-14T08:52:45.734+0000] {task_command.py:423} INFO - Running <TaskInstance: currency_parsing.fetch_data scheduled__2024-02-06T00:00:00+00:00 [running]> on host e8a1e0443283
[2024-04-14T08:52:46.777+0000] {taskinstance.py:2510} INFO - Exporting env vars: AIRFLOW_CTX_DAG_OWNER='***' AIRFLOW_CTX_DAG_ID='currency_parsing' AIRFLOW_CTX_TASK_ID='fetch_data' AIRFLOW_CTX_EXECUTION_DATE='2024-02-06T00:00:00+00:00' AIRFLOW_CTX_TRY_NUMBER='1' AIRFLOW_CTX_DAG_RUN_ID='scheduled__2024-02-06T00:00:00+00:00'
[2024-04-14T08:52:46.958+0000] {base.py:83} INFO - Using connection ID 'dwh' for task execution.
[2024-04-14T08:52:47.020+0000] {sql.py:572} INFO - Done loading. Loaded a total of 39 rows into currency_parsing
[2024-04-14T08:52:47.022+0000] {python.py:202} INFO - Done. Returned value was: None
[2024-04-14T08:52:47.117+0000] {taskinstance.py:1149} INFO - Marking task as SUCCESS. dag_id=currency_parsing, task_id=fetch_data, execution_date=20240206T000000, start_date=20240414T085244, end_date=20240414T085247
[2024-04-14T08:52:47.355+0000] {local_task_job_runner.py:234} INFO - Task exited with return code 0
[2024-04-14T08:52:47.697+0000] {taskinstance.py:3309} INFO - 0 downstream tasks scheduled from follow-on schedule check
[2024-04-14T10:10:20.252+0000] {taskinstance.py:1979} INFO - Dependencies all met for dep_context=non-requeueable deps ti=<TaskInstance: currency_parsing.fetch_data scheduled__2024-02-06T00:00:00+00:00 [queued]>
[2024-04-14T10:10:20.390+0000] {taskinstance.py:1979} INFO - Dependencies all met for dep_context=requeueable deps ti=<TaskInstance: currency_parsing.fetch_data scheduled__2024-02-06T00:00:00+00:00 [queued]>
[2024-04-14T10:10:20.395+0000] {taskinstance.py:2193} INFO - Starting attempt 1 of 2
[2024-04-14T10:10:20.739+0000] {taskinstance.py:2214} INFO - Executing <Task(PythonOperator): fetch_data> on 2024-02-06 00:00:00+00:00
[2024-04-14T10:10:20.853+0000] {standard_task_runner.py:60} INFO - Started process 404 to run task
[2024-04-14T10:10:20.979+0000] {standard_task_runner.py:87} INFO - Running: ['***', 'tasks', 'run', 'currency_parsing', 'fetch_data', 'scheduled__2024-02-06T00:00:00+00:00', '--job-id', '612', '--raw', '--subdir', 'DAGS_FOLDER/currency_parsing.py', '--cfg-path', '/tmp/tmp7btcrnvk']
[2024-04-14T10:10:21.295+0000] {standard_task_runner.py:88} INFO - Job 612: Subtask fetch_data
[2024-04-14T10:10:22.378+0000] {task_command.py:423} INFO - Running <TaskInstance: currency_parsing.fetch_data scheduled__2024-02-06T00:00:00+00:00 [running]> on host 1c15aab9396c
[2024-04-14T10:10:23.221+0000] {taskinstance.py:2510} INFO - Exporting env vars: AIRFLOW_CTX_DAG_OWNER='***' AIRFLOW_CTX_DAG_ID='currency_parsing' AIRFLOW_CTX_TASK_ID='fetch_data' AIRFLOW_CTX_EXECUTION_DATE='2024-02-06T00:00:00+00:00' AIRFLOW_CTX_TRY_NUMBER='1' AIRFLOW_CTX_DAG_RUN_ID='scheduled__2024-02-06T00:00:00+00:00'
[2024-04-14T10:10:23.367+0000] {base.py:83} INFO - Using connection ID 'dwh' for task execution.
[2024-04-14T10:10:23.448+0000] {sql.py:572} INFO - Done loading. Loaded a total of 39 rows into currency_parsing
[2024-04-14T10:10:23.450+0000] {python.py:202} INFO - Done. Returned value was: None
[2024-04-14T10:10:23.486+0000] {taskinstance.py:1149} INFO - Marking task as SUCCESS. dag_id=currency_parsing, task_id=fetch_data, execution_date=20240206T000000, start_date=20240414T101020, end_date=20240414T101023
[2024-04-14T10:10:23.666+0000] {local_task_job_runner.py:234} INFO - Task exited with return code 0
[2024-04-14T10:10:24.227+0000] {taskinstance.py:3309} INFO - 0 downstream tasks scheduled from follow-on schedule check
