[2024-04-21T11:05:27.278+0000] {taskinstance.py:1979} INFO - Dependencies all met for dep_context=non-requeueable deps ti=<TaskInstance: currency_parsing.fetch_data_pound scheduled__2024-04-12T00:00:00+00:00 [queued]>
[2024-04-21T11:05:27.329+0000] {taskinstance.py:1979} INFO - Dependencies all met for dep_context=requeueable deps ti=<TaskInstance: currency_parsing.fetch_data_pound scheduled__2024-04-12T00:00:00+00:00 [queued]>
[2024-04-21T11:05:27.330+0000] {taskinstance.py:2193} INFO - Starting attempt 1 of 2
[2024-04-21T11:05:27.399+0000] {taskinstance.py:2214} INFO - Executing <Task(PythonOperator): fetch_data_pound> on 2024-04-12 00:00:00+00:00
[2024-04-21T11:05:27.409+0000] {standard_task_runner.py:60} INFO - Started process 2640 to run task
[2024-04-21T11:05:27.419+0000] {standard_task_runner.py:87} INFO - Running: ['***', 'tasks', 'run', 'currency_parsing', 'fetch_data_pound', 'scheduled__2024-04-12T00:00:00+00:00', '--job-id', '2038', '--raw', '--subdir', 'DAGS_FOLDER/stage/currency_parsing.py', '--cfg-path', '/tmp/tmpbnuc0zcd']
[2024-04-21T11:05:27.423+0000] {standard_task_runner.py:88} INFO - Job 2038: Subtask fetch_data_pound
[2024-04-21T11:05:27.596+0000] {task_command.py:423} INFO - Running <TaskInstance: currency_parsing.fetch_data_pound scheduled__2024-04-12T00:00:00+00:00 [running]> on host e671688b1343
[2024-04-21T11:05:27.843+0000] {taskinstance.py:2510} INFO - Exporting env vars: AIRFLOW_CTX_DAG_OWNER='***' AIRFLOW_CTX_DAG_ID='currency_parsing' AIRFLOW_CTX_TASK_ID='fetch_data_pound' AIRFLOW_CTX_EXECUTION_DATE='2024-04-12T00:00:00+00:00' AIRFLOW_CTX_TRY_NUMBER='1' AIRFLOW_CTX_DAG_RUN_ID='scheduled__2024-04-12T00:00:00+00:00'
[2024-04-21T11:05:27.912+0000] {base.py:83} INFO - Using connection ID 'dwh' for task execution.
[2024-04-21T11:05:27.959+0000] {sql.py:572} INFO - Done loading. Loaded a total of 33 rows into stage.currency_parsing_pound
[2024-04-21T11:05:27.960+0000] {python.py:202} INFO - Done. Returned value was: None
[2024-04-21T11:05:27.990+0000] {taskinstance.py:1149} INFO - Marking task as SUCCESS. dag_id=currency_parsing, task_id=fetch_data_pound, execution_date=20240412T000000, start_date=20240421T110527, end_date=20240421T110527
[2024-04-21T11:05:28.083+0000] {local_task_job_runner.py:234} INFO - Task exited with return code 0
[2024-04-21T11:05:28.156+0000] {taskinstance.py:3309} INFO - 0 downstream tasks scheduled from follow-on schedule check
[2024-04-27T12:22:57.450+0000] {taskinstance.py:1979} INFO - Dependencies all met for dep_context=non-requeueable deps ti=<TaskInstance: currency_parsing.fetch_data_pound scheduled__2024-04-12T00:00:00+00:00 [queued]>
[2024-04-27T12:22:57.542+0000] {taskinstance.py:1979} INFO - Dependencies all met for dep_context=requeueable deps ti=<TaskInstance: currency_parsing.fetch_data_pound scheduled__2024-04-12T00:00:00+00:00 [queued]>
[2024-04-27T12:22:57.543+0000] {taskinstance.py:2193} INFO - Starting attempt 1 of 2
[2024-04-27T12:22:57.736+0000] {taskinstance.py:2214} INFO - Executing <Task(PythonOperator): fetch_data_pound> on 2024-04-12 00:00:00+00:00
[2024-04-27T12:22:57.746+0000] {standard_task_runner.py:60} INFO - Started process 2101 to run task
[2024-04-27T12:22:57.792+0000] {standard_task_runner.py:87} INFO - Running: ['***', 'tasks', 'run', 'currency_parsing', 'fetch_data_pound', 'scheduled__2024-04-12T00:00:00+00:00', '--job-id', '2385', '--raw', '--subdir', 'DAGS_FOLDER/stage/currency_parsing.py', '--cfg-path', '/tmp/tmp28n08qn0']
[2024-04-27T12:22:57.813+0000] {standard_task_runner.py:88} INFO - Job 2385: Subtask fetch_data_pound
[2024-04-27T12:22:58.504+0000] {task_command.py:423} INFO - Running <TaskInstance: currency_parsing.fetch_data_pound scheduled__2024-04-12T00:00:00+00:00 [running]> on host 65a8688265d1
[2024-04-27T12:23:00.135+0000] {taskinstance.py:2510} INFO - Exporting env vars: AIRFLOW_CTX_DAG_OWNER='***' AIRFLOW_CTX_DAG_ID='currency_parsing' AIRFLOW_CTX_TASK_ID='fetch_data_pound' AIRFLOW_CTX_EXECUTION_DATE='2024-04-12T00:00:00+00:00' AIRFLOW_CTX_TRY_NUMBER='1' AIRFLOW_CTX_DAG_RUN_ID='scheduled__2024-04-12T00:00:00+00:00'
[2024-04-27T12:23:00.567+0000] {base.py:83} INFO - Using connection ID 'dwh' for task execution.
[2024-04-27T12:23:00.667+0000] {sql.py:572} INFO - Done loading. Loaded a total of 33 rows into stage.currency_parsing_pound
[2024-04-27T12:23:00.677+0000] {python.py:202} INFO - Done. Returned value was: None
[2024-04-27T12:23:00.816+0000] {taskinstance.py:1149} INFO - Marking task as SUCCESS. dag_id=currency_parsing, task_id=fetch_data_pound, execution_date=20240412T000000, start_date=20240427T122257, end_date=20240427T122300
[2024-04-27T12:23:01.376+0000] {local_task_job_runner.py:234} INFO - Task exited with return code 0
[2024-04-27T12:23:01.820+0000] {warnings.py:109} WARNING - /home/***/.local/lib/python3.8/site-packages/***/models/baseoperator.py:1201: AirflowProviderDeprecationWarning: Call to deprecated class PostgresOperator. (Please use `***.providers.common.sql.operators.sql.SQLExecuteQueryOperator`.Also, you can provide `hook_params={'schema': <database>}`.)
  result = cls.__new__(cls)

[2024-04-27T12:23:02.162+0000] {taskinstance.py:3309} INFO - 0 downstream tasks scheduled from follow-on schedule check
