[2024-04-26T10:28:20.312+0000] {taskinstance.py:1979} INFO - Dependencies all met for dep_context=non-requeueable deps ti=<TaskInstance: currency_parsing.fetch_data_pound scheduled__2024-04-23T00:00:00+00:00 [queued]>
[2024-04-26T10:28:20.482+0000] {taskinstance.py:1979} INFO - Dependencies all met for dep_context=requeueable deps ti=<TaskInstance: currency_parsing.fetch_data_pound scheduled__2024-04-23T00:00:00+00:00 [queued]>
[2024-04-26T10:28:20.488+0000] {taskinstance.py:2193} INFO - Starting attempt 1 of 2
[2024-04-26T10:28:20.808+0000] {taskinstance.py:2214} INFO - Executing <Task(PythonOperator): fetch_data_pound> on 2024-04-23 00:00:00+00:00
[2024-04-26T10:28:20.935+0000] {standard_task_runner.py:87} INFO - Running: ['***', 'tasks', 'run', 'currency_parsing', 'fetch_data_pound', 'scheduled__2024-04-23T00:00:00+00:00', '--job-id', '2163', '--raw', '--subdir', 'DAGS_FOLDER/stage/currency_parsing.py', '--cfg-path', '/tmp/tmp35d5s20k']
[2024-04-26T10:28:20.943+0000] {standard_task_runner.py:88} INFO - Job 2163: Subtask fetch_data_pound
[2024-04-26T10:28:20.915+0000] {standard_task_runner.py:60} INFO - Started process 191 to run task
[2024-04-26T10:28:21.463+0000] {task_command.py:423} INFO - Running <TaskInstance: currency_parsing.fetch_data_pound scheduled__2024-04-23T00:00:00+00:00 [running]> on host 4284c2c978e3
[2024-04-26T10:28:22.877+0000] {taskinstance.py:2510} INFO - Exporting env vars: AIRFLOW_CTX_DAG_OWNER='***' AIRFLOW_CTX_DAG_ID='currency_parsing' AIRFLOW_CTX_TASK_ID='fetch_data_pound' AIRFLOW_CTX_EXECUTION_DATE='2024-04-23T00:00:00+00:00' AIRFLOW_CTX_TRY_NUMBER='1' AIRFLOW_CTX_DAG_RUN_ID='scheduled__2024-04-23T00:00:00+00:00'
[2024-04-26T10:28:23.144+0000] {base.py:83} INFO - Using connection ID 'dwh' for task execution.
[2024-04-26T10:28:23.201+0000] {sql.py:572} INFO - Done loading. Loaded a total of 33 rows into stage.currency_parsing_pound
[2024-04-26T10:28:23.203+0000] {python.py:202} INFO - Done. Returned value was: None
[2024-04-26T10:28:23.288+0000] {taskinstance.py:1149} INFO - Marking task as SUCCESS. dag_id=currency_parsing, task_id=fetch_data_pound, execution_date=20240423T000000, start_date=20240426T102820, end_date=20240426T102823
[2024-04-26T10:28:23.502+0000] {local_task_job_runner.py:234} INFO - Task exited with return code 0
[2024-04-26T10:28:23.777+0000] {taskinstance.py:3309} INFO - 0 downstream tasks scheduled from follow-on schedule check
[2024-04-26T13:16:21.730+0000] {taskinstance.py:1979} INFO - Dependencies all met for dep_context=non-requeueable deps ti=<TaskInstance: currency_parsing.fetch_data_pound scheduled__2024-04-23T00:00:00+00:00 [queued]>
[2024-04-26T13:16:21.849+0000] {taskinstance.py:1979} INFO - Dependencies all met for dep_context=requeueable deps ti=<TaskInstance: currency_parsing.fetch_data_pound scheduled__2024-04-23T00:00:00+00:00 [queued]>
[2024-04-26T13:16:21.864+0000] {taskinstance.py:2193} INFO - Starting attempt 1 of 2
[2024-04-26T13:16:22.025+0000] {taskinstance.py:2214} INFO - Executing <Task(PythonOperator): fetch_data_pound> on 2024-04-23 00:00:00+00:00
[2024-04-26T13:16:22.077+0000] {standard_task_runner.py:60} INFO - Started process 445 to run task
[2024-04-26T13:16:22.149+0000] {standard_task_runner.py:87} INFO - Running: ['***', 'tasks', 'run', 'currency_parsing', 'fetch_data_pound', 'scheduled__2024-04-23T00:00:00+00:00', '--job-id', '2217', '--raw', '--subdir', 'DAGS_FOLDER/stage/currency_parsing.py', '--cfg-path', '/tmp/tmp21e_v68g']
[2024-04-26T13:16:22.169+0000] {standard_task_runner.py:88} INFO - Job 2217: Subtask fetch_data_pound
[2024-04-26T13:16:22.574+0000] {task_command.py:423} INFO - Running <TaskInstance: currency_parsing.fetch_data_pound scheduled__2024-04-23T00:00:00+00:00 [running]> on host 65a8688265d1
[2024-04-26T13:16:23.464+0000] {taskinstance.py:2510} INFO - Exporting env vars: AIRFLOW_CTX_DAG_OWNER='***' AIRFLOW_CTX_DAG_ID='currency_parsing' AIRFLOW_CTX_TASK_ID='fetch_data_pound' AIRFLOW_CTX_EXECUTION_DATE='2024-04-23T00:00:00+00:00' AIRFLOW_CTX_TRY_NUMBER='1' AIRFLOW_CTX_DAG_RUN_ID='scheduled__2024-04-23T00:00:00+00:00'
[2024-04-26T13:16:23.607+0000] {base.py:83} INFO - Using connection ID 'dwh' for task execution.
[2024-04-26T13:16:24.362+0000] {sql.py:572} INFO - Done loading. Loaded a total of 33 rows into stage.currency_parsing_pound
[2024-04-26T13:16:24.364+0000] {python.py:202} INFO - Done. Returned value was: None
[2024-04-26T13:16:24.621+0000] {taskinstance.py:1149} INFO - Marking task as SUCCESS. dag_id=currency_parsing, task_id=fetch_data_pound, execution_date=20240423T000000, start_date=20240426T131621, end_date=20240426T131624
[2024-04-26T13:16:28.749+0000] {local_task_job_runner.py:234} INFO - Task exited with return code 0
[2024-04-26T13:16:31.825+0000] {taskinstance.py:3309} INFO - 0 downstream tasks scheduled from follow-on schedule check
[2024-04-27T12:31:34.477+0000] {taskinstance.py:1979} INFO - Dependencies all met for dep_context=non-requeueable deps ti=<TaskInstance: currency_parsing.fetch_data_pound scheduled__2024-04-23T00:00:00+00:00 [queued]>
[2024-04-27T12:31:34.596+0000] {taskinstance.py:1979} INFO - Dependencies all met for dep_context=requeueable deps ti=<TaskInstance: currency_parsing.fetch_data_pound scheduled__2024-04-23T00:00:00+00:00 [queued]>
[2024-04-27T12:31:34.626+0000] {taskinstance.py:2193} INFO - Starting attempt 1 of 2
[2024-04-27T12:31:35.098+0000] {taskinstance.py:2214} INFO - Executing <Task(PythonOperator): fetch_data_pound> on 2024-04-23 00:00:00+00:00
[2024-04-27T12:31:35.233+0000] {standard_task_runner.py:60} INFO - Started process 2558 to run task
[2024-04-27T12:31:35.355+0000] {standard_task_runner.py:87} INFO - Running: ['***', 'tasks', 'run', 'currency_parsing', 'fetch_data_pound', 'scheduled__2024-04-23T00:00:00+00:00', '--job-id', '2563', '--raw', '--subdir', 'DAGS_FOLDER/stage/currency_parsing.py', '--cfg-path', '/tmp/tmpzmwha9rz']
[2024-04-27T12:31:35.394+0000] {standard_task_runner.py:88} INFO - Job 2563: Subtask fetch_data_pound
[2024-04-27T12:31:36.047+0000] {task_command.py:423} INFO - Running <TaskInstance: currency_parsing.fetch_data_pound scheduled__2024-04-23T00:00:00+00:00 [running]> on host 65a8688265d1
[2024-04-27T12:31:37.606+0000] {taskinstance.py:2510} INFO - Exporting env vars: AIRFLOW_CTX_DAG_OWNER='***' AIRFLOW_CTX_DAG_ID='currency_parsing' AIRFLOW_CTX_TASK_ID='fetch_data_pound' AIRFLOW_CTX_EXECUTION_DATE='2024-04-23T00:00:00+00:00' AIRFLOW_CTX_TRY_NUMBER='1' AIRFLOW_CTX_DAG_RUN_ID='scheduled__2024-04-23T00:00:00+00:00'
[2024-04-27T12:31:37.843+0000] {base.py:83} INFO - Using connection ID 'dwh' for task execution.
[2024-04-27T12:31:37.925+0000] {sql.py:572} INFO - Done loading. Loaded a total of 33 rows into stage.currency_parsing_pound
[2024-04-27T12:31:37.929+0000] {python.py:202} INFO - Done. Returned value was: None
[2024-04-27T12:31:38.127+0000] {taskinstance.py:1149} INFO - Marking task as SUCCESS. dag_id=currency_parsing, task_id=fetch_data_pound, execution_date=20240423T000000, start_date=20240427T123134, end_date=20240427T123138
[2024-04-27T12:31:38.577+0000] {local_task_job_runner.py:234} INFO - Task exited with return code 0
[2024-04-27T12:31:39.058+0000] {taskinstance.py:3309} INFO - 0 downstream tasks scheduled from follow-on schedule check
