[2024-04-14T08:01:57.471+0000] {taskinstance.py:1979} INFO - Dependencies all met for dep_context=non-requeueable deps ti=<TaskInstance: currency_parsing.fetch_data scheduled__2024-04-12T00:00:00+00:00 [queued]>
[2024-04-14T08:01:57.488+0000] {taskinstance.py:1979} INFO - Dependencies all met for dep_context=requeueable deps ti=<TaskInstance: currency_parsing.fetch_data scheduled__2024-04-12T00:00:00+00:00 [queued]>
[2024-04-14T08:01:57.490+0000] {taskinstance.py:2193} INFO - Starting attempt 5 of 6
[2024-04-14T08:01:57.513+0000] {taskinstance.py:2214} INFO - Executing <Task(PythonOperator): fetch_data> on 2024-04-12 00:00:00+00:00
[2024-04-14T08:01:57.519+0000] {standard_task_runner.py:60} INFO - Started process 82 to run task
[2024-04-14T08:01:57.525+0000] {standard_task_runner.py:87} INFO - Running: ['***', 'tasks', 'run', 'currency_parsing', 'fetch_data', 'scheduled__2024-04-12T00:00:00+00:00', '--job-id', '152', '--raw', '--subdir', 'DAGS_FOLDER/currency_parsing.py', '--cfg-path', '/tmp/tmpy6rjov9s']
[2024-04-14T08:01:57.528+0000] {standard_task_runner.py:88} INFO - Job 152: Subtask fetch_data
[2024-04-14T08:01:57.604+0000] {task_command.py:423} INFO - Running <TaskInstance: currency_parsing.fetch_data scheduled__2024-04-12T00:00:00+00:00 [running]> on host e8a1e0443283
[2024-04-14T08:01:57.733+0000] {taskinstance.py:2510} INFO - Exporting env vars: AIRFLOW_CTX_DAG_OWNER='***' AIRFLOW_CTX_DAG_ID='currency_parsing' AIRFLOW_CTX_TASK_ID='fetch_data' AIRFLOW_CTX_EXECUTION_DATE='2024-04-12T00:00:00+00:00' AIRFLOW_CTX_TRY_NUMBER='5' AIRFLOW_CTX_DAG_RUN_ID='scheduled__2024-04-12T00:00:00+00:00'
[2024-04-14T08:01:57.752+0000] {logging_mixin.py:188} INFO - ['АВСТРАЛИЙСКИЙ ДОЛЛАР', 'AUD', '292.59', '1', 'DOWN', '-3.56', '2024-4-12']
[2024-04-14T08:01:57.753+0000] {logging_mixin.py:188} INFO - ['currency', 'title', 'rate', 'quantity', 'index', 'change', 'date']
[2024-04-14T08:01:57.767+0000] {base.py:83} INFO - Using connection ID 'dwh' for task execution.
[2024-04-14T08:02:05.793+0000] {taskinstance.py:2728} ERROR - Task failed with exception
Traceback (most recent call last):
  File "/home/airflow/.local/lib/python3.8/site-packages/airflow/models/taskinstance.py", line 444, in _execute_task
    result = _execute_callable(context=context, **execute_callable_kwargs)
  File "/home/airflow/.local/lib/python3.8/site-packages/airflow/models/taskinstance.py", line 414, in _execute_callable
    return execute_callable(context=context, **execute_callable_kwargs)
  File "/home/airflow/.local/lib/python3.8/site-packages/airflow/operators/python.py", line 200, in execute
    return_value = self.execute_callable()
  File "/home/airflow/.local/lib/python3.8/site-packages/airflow/operators/python.py", line 217, in execute_callable
    return self.python_callable(*self.op_args, **self.op_kwargs)
  File "/opt/airflow/dags/currency_parsing.py", line 34, in fetch_data
    dwh_hook.insert_rows(
  File "/home/airflow/.local/lib/python3.8/site-packages/airflow/providers/common/sql/hooks/sql.py", line 536, in insert_rows
    with closing(self.get_conn()) as conn:
  File "/home/airflow/.local/lib/python3.8/site-packages/airflow/providers/postgres/hooks/postgres.py", line 161, in get_conn
    self.conn = psycopg2.connect(**conn_args)
  File "/home/airflow/.local/lib/python3.8/site-packages/psycopg2/__init__.py", line 122, in connect
    conn = _connect(dsn, connection_factory=connection_factory, **kwasync)
psycopg2.OperationalError: could not translate host name "dwh-db" to address: Temporary failure in name resolution

[2024-04-14T08:02:05.839+0000] {taskinstance.py:1149} INFO - Marking task as UP_FOR_RETRY. dag_id=currency_parsing, task_id=fetch_data, execution_date=20240412T000000, start_date=20240414T080157, end_date=20240414T080205
[2024-04-14T08:02:05.869+0000] {standard_task_runner.py:107} ERROR - Failed to execute job 152 for task fetch_data (could not translate host name "dwh-db" to address: Temporary failure in name resolution
; 82)
[2024-04-14T08:02:05.910+0000] {local_task_job_runner.py:234} INFO - Task exited with return code 1
[2024-04-14T08:02:05.983+0000] {taskinstance.py:3309} INFO - 0 downstream tasks scheduled from follow-on schedule check
