[2024-04-14T08:54:34.396+0000] {taskinstance.py:1979} INFO - Dependencies all met for dep_context=non-requeueable deps ti=<TaskInstance: currency_parsing.fetch_data scheduled__2024-03-08T00:00:00+00:00 [queued]>
[2024-04-14T08:54:34.806+0000] {taskinstance.py:1979} INFO - Dependencies all met for dep_context=requeueable deps ti=<TaskInstance: currency_parsing.fetch_data scheduled__2024-03-08T00:00:00+00:00 [queued]>
[2024-04-14T08:54:34.839+0000] {taskinstance.py:2193} INFO - Starting attempt 1 of 2
[2024-04-14T08:54:35.870+0000] {taskinstance.py:2214} INFO - Executing <Task(PythonOperator): fetch_data> on 2024-03-08 00:00:00+00:00
[2024-04-14T08:54:35.936+0000] {standard_task_runner.py:60} INFO - Started process 1275 to run task
[2024-04-14T08:54:36.030+0000] {standard_task_runner.py:87} INFO - Running: ['***', 'tasks', 'run', 'currency_parsing', 'fetch_data', 'scheduled__2024-03-08T00:00:00+00:00', '--job-id', '386', '--raw', '--subdir', 'DAGS_FOLDER/currency_parsing.py', '--cfg-path', '/tmp/tmpfzg1dhig']
[2024-04-14T08:54:36.129+0000] {standard_task_runner.py:88} INFO - Job 386: Subtask fetch_data
[2024-04-14T08:54:36.611+0000] {task_command.py:423} INFO - Running <TaskInstance: currency_parsing.fetch_data scheduled__2024-03-08T00:00:00+00:00 [running]> on host e8a1e0443283
[2024-04-14T08:54:37.890+0000] {taskinstance.py:2510} INFO - Exporting env vars: AIRFLOW_CTX_DAG_OWNER='***' AIRFLOW_CTX_DAG_ID='currency_parsing' AIRFLOW_CTX_TASK_ID='fetch_data' AIRFLOW_CTX_EXECUTION_DATE='2024-03-08T00:00:00+00:00' AIRFLOW_CTX_TRY_NUMBER='1' AIRFLOW_CTX_DAG_RUN_ID='scheduled__2024-03-08T00:00:00+00:00'
[2024-04-14T08:54:38.381+0000] {base.py:83} INFO - Using connection ID 'dwh' for task execution.
[2024-04-14T08:54:38.548+0000] {sql.py:572} INFO - Done loading. Loaded a total of 39 rows into currency_parsing
[2024-04-14T08:54:38.550+0000] {python.py:202} INFO - Done. Returned value was: None
[2024-04-14T08:54:38.733+0000] {taskinstance.py:1149} INFO - Marking task as SUCCESS. dag_id=currency_parsing, task_id=fetch_data, execution_date=20240308T000000, start_date=20240414T085434, end_date=20240414T085438
[2024-04-14T08:54:39.057+0000] {local_task_job_runner.py:234} INFO - Task exited with return code 0
[2024-04-14T08:54:39.182+0000] {taskinstance.py:3309} INFO - 0 downstream tasks scheduled from follow-on schedule check
[2024-04-14T10:11:42.653+0000] {taskinstance.py:1979} INFO - Dependencies all met for dep_context=non-requeueable deps ti=<TaskInstance: currency_parsing.fetch_data scheduled__2024-03-08T00:00:00+00:00 [queued]>
[2024-04-14T10:11:42.677+0000] {taskinstance.py:1979} INFO - Dependencies all met for dep_context=requeueable deps ti=<TaskInstance: currency_parsing.fetch_data scheduled__2024-03-08T00:00:00+00:00 [queued]>
[2024-04-14T10:11:42.678+0000] {taskinstance.py:2193} INFO - Starting attempt 1 of 2
[2024-04-14T10:11:42.774+0000] {taskinstance.py:2214} INFO - Executing <Task(PythonOperator): fetch_data> on 2024-03-08 00:00:00+00:00
[2024-04-14T10:11:42.816+0000] {standard_task_runner.py:60} INFO - Started process 583 to run task
[2024-04-14T10:11:42.849+0000] {standard_task_runner.py:87} INFO - Running: ['***', 'tasks', 'run', 'currency_parsing', 'fetch_data', 'scheduled__2024-03-08T00:00:00+00:00', '--job-id', '692', '--raw', '--subdir', 'DAGS_FOLDER/currency_parsing.py', '--cfg-path', '/tmp/tmp1ohf_gu3']
[2024-04-14T10:11:42.880+0000] {standard_task_runner.py:88} INFO - Job 692: Subtask fetch_data
[2024-04-14T10:11:43.279+0000] {task_command.py:423} INFO - Running <TaskInstance: currency_parsing.fetch_data scheduled__2024-03-08T00:00:00+00:00 [running]> on host 1c15aab9396c
[2024-04-14T10:11:44.389+0000] {taskinstance.py:2510} INFO - Exporting env vars: AIRFLOW_CTX_DAG_OWNER='***' AIRFLOW_CTX_DAG_ID='currency_parsing' AIRFLOW_CTX_TASK_ID='fetch_data' AIRFLOW_CTX_EXECUTION_DATE='2024-03-08T00:00:00+00:00' AIRFLOW_CTX_TRY_NUMBER='1' AIRFLOW_CTX_DAG_RUN_ID='scheduled__2024-03-08T00:00:00+00:00'
[2024-04-14T10:11:44.697+0000] {base.py:83} INFO - Using connection ID 'dwh' for task execution.
[2024-04-14T10:11:44.750+0000] {sql.py:572} INFO - Done loading. Loaded a total of 39 rows into currency_parsing
[2024-04-14T10:11:44.753+0000] {python.py:202} INFO - Done. Returned value was: None
[2024-04-14T10:11:44.889+0000] {taskinstance.py:1149} INFO - Marking task as SUCCESS. dag_id=currency_parsing, task_id=fetch_data, execution_date=20240308T000000, start_date=20240414T101142, end_date=20240414T101144
[2024-04-14T10:11:45.056+0000] {local_task_job_runner.py:234} INFO - Task exited with return code 0
[2024-04-14T10:11:45.197+0000] {taskinstance.py:3309} INFO - 0 downstream tasks scheduled from follow-on schedule check
