[2024-04-14T08:54:10.935+0000] {taskinstance.py:1979} INFO - Dependencies all met for dep_context=non-requeueable deps ti=<TaskInstance: currency_parsing.fetch_data scheduled__2024-03-06T00:00:00+00:00 [queued]>
[2024-04-14T08:54:10.961+0000] {taskinstance.py:1979} INFO - Dependencies all met for dep_context=requeueable deps ti=<TaskInstance: currency_parsing.fetch_data scheduled__2024-03-06T00:00:00+00:00 [queued]>
[2024-04-14T08:54:10.964+0000] {taskinstance.py:2193} INFO - Starting attempt 1 of 2
[2024-04-14T08:54:11.082+0000] {taskinstance.py:2214} INFO - Executing <Task(PythonOperator): fetch_data> on 2024-03-06 00:00:00+00:00
[2024-04-14T08:54:11.111+0000] {standard_task_runner.py:60} INFO - Started process 1228 to run task
[2024-04-14T08:54:11.119+0000] {standard_task_runner.py:87} INFO - Running: ['***', 'tasks', 'run', 'currency_parsing', 'fetch_data', 'scheduled__2024-03-06T00:00:00+00:00', '--job-id', '370', '--raw', '--subdir', 'DAGS_FOLDER/currency_parsing.py', '--cfg-path', '/tmp/tmprvqnsgmg']
[2024-04-14T08:54:11.136+0000] {standard_task_runner.py:88} INFO - Job 370: Subtask fetch_data
[2024-04-14T08:54:11.361+0000] {task_command.py:423} INFO - Running <TaskInstance: currency_parsing.fetch_data scheduled__2024-03-06T00:00:00+00:00 [running]> on host e8a1e0443283
[2024-04-14T08:54:11.778+0000] {taskinstance.py:2510} INFO - Exporting env vars: AIRFLOW_CTX_DAG_OWNER='***' AIRFLOW_CTX_DAG_ID='currency_parsing' AIRFLOW_CTX_TASK_ID='fetch_data' AIRFLOW_CTX_EXECUTION_DATE='2024-03-06T00:00:00+00:00' AIRFLOW_CTX_TRY_NUMBER='1' AIRFLOW_CTX_DAG_RUN_ID='scheduled__2024-03-06T00:00:00+00:00'
[2024-04-14T08:54:11.920+0000] {base.py:83} INFO - Using connection ID 'dwh' for task execution.
[2024-04-14T08:54:11.972+0000] {sql.py:572} INFO - Done loading. Loaded a total of 39 rows into currency_parsing
[2024-04-14T08:54:11.974+0000] {python.py:202} INFO - Done. Returned value was: None
[2024-04-14T08:54:12.005+0000] {taskinstance.py:1149} INFO - Marking task as SUCCESS. dag_id=currency_parsing, task_id=fetch_data, execution_date=20240306T000000, start_date=20240414T085410, end_date=20240414T085412
[2024-04-14T08:54:12.177+0000] {local_task_job_runner.py:234} INFO - Task exited with return code 0
[2024-04-14T08:54:12.285+0000] {taskinstance.py:3309} INFO - 0 downstream tasks scheduled from follow-on schedule check
[2024-04-14T10:11:40.906+0000] {taskinstance.py:1979} INFO - Dependencies all met for dep_context=non-requeueable deps ti=<TaskInstance: currency_parsing.fetch_data scheduled__2024-03-06T00:00:00+00:00 [queued]>
[2024-04-14T10:11:41.081+0000] {taskinstance.py:1979} INFO - Dependencies all met for dep_context=requeueable deps ti=<TaskInstance: currency_parsing.fetch_data scheduled__2024-03-06T00:00:00+00:00 [queued]>
[2024-04-14T10:11:41.087+0000] {taskinstance.py:2193} INFO - Starting attempt 1 of 2
[2024-04-14T10:11:41.628+0000] {taskinstance.py:2214} INFO - Executing <Task(PythonOperator): fetch_data> on 2024-03-06 00:00:00+00:00
[2024-04-14T10:11:41.678+0000] {standard_task_runner.py:60} INFO - Started process 579 to run task
[2024-04-14T10:11:41.729+0000] {standard_task_runner.py:87} INFO - Running: ['***', 'tasks', 'run', 'currency_parsing', 'fetch_data', 'scheduled__2024-03-06T00:00:00+00:00', '--job-id', '689', '--raw', '--subdir', 'DAGS_FOLDER/currency_parsing.py', '--cfg-path', '/tmp/tmp6s708v11']
[2024-04-14T10:11:41.773+0000] {standard_task_runner.py:88} INFO - Job 689: Subtask fetch_data
[2024-04-14T10:11:42.484+0000] {task_command.py:423} INFO - Running <TaskInstance: currency_parsing.fetch_data scheduled__2024-03-06T00:00:00+00:00 [running]> on host 1c15aab9396c
[2024-04-14T10:11:43.264+0000] {taskinstance.py:2510} INFO - Exporting env vars: AIRFLOW_CTX_DAG_OWNER='***' AIRFLOW_CTX_DAG_ID='currency_parsing' AIRFLOW_CTX_TASK_ID='fetch_data' AIRFLOW_CTX_EXECUTION_DATE='2024-03-06T00:00:00+00:00' AIRFLOW_CTX_TRY_NUMBER='1' AIRFLOW_CTX_DAG_RUN_ID='scheduled__2024-03-06T00:00:00+00:00'
[2024-04-14T10:11:43.376+0000] {base.py:83} INFO - Using connection ID 'dwh' for task execution.
[2024-04-14T10:11:43.469+0000] {sql.py:572} INFO - Done loading. Loaded a total of 39 rows into currency_parsing
[2024-04-14T10:11:43.474+0000] {python.py:202} INFO - Done. Returned value was: None
[2024-04-14T10:11:43.525+0000] {taskinstance.py:1149} INFO - Marking task as SUCCESS. dag_id=currency_parsing, task_id=fetch_data, execution_date=20240306T000000, start_date=20240414T101140, end_date=20240414T101143
[2024-04-14T10:11:43.714+0000] {local_task_job_runner.py:234} INFO - Task exited with return code 0
[2024-04-14T10:11:44.410+0000] {taskinstance.py:3309} INFO - 0 downstream tasks scheduled from follow-on schedule check
