[2024-04-27T10:16:15.873+0000] {taskinstance.py:1979} INFO - Dependencies all met for dep_context=non-requeueable deps ti=<TaskInstance: currency_parsing_kzt.fetch_data scheduled__2024-04-26T00:00:00+00:00 [queued]>
[2024-04-27T10:16:15.895+0000] {taskinstance.py:1979} INFO - Dependencies all met for dep_context=requeueable deps ti=<TaskInstance: currency_parsing_kzt.fetch_data scheduled__2024-04-26T00:00:00+00:00 [queued]>
[2024-04-27T10:16:15.898+0000] {taskinstance.py:2193} INFO - Starting attempt 1 of 2
[2024-04-27T10:16:16.155+0000] {taskinstance.py:2214} INFO - Executing <Task(PythonOperator): fetch_data> on 2024-04-26 00:00:00+00:00
[2024-04-27T10:16:16.304+0000] {standard_task_runner.py:60} INFO - Started process 127 to run task
[2024-04-27T10:16:16.455+0000] {standard_task_runner.py:87} INFO - Running: ['***', 'tasks', 'run', 'currency_parsing_kzt', 'fetch_data', 'scheduled__2024-04-26T00:00:00+00:00', '--job-id', '2251', '--raw', '--subdir', 'DAGS_FOLDER/stage/currency_kzt.py', '--cfg-path', '/tmp/tmpnuq0cwma']
[2024-04-27T10:16:16.482+0000] {standard_task_runner.py:88} INFO - Job 2251: Subtask fetch_data
[2024-04-27T10:16:21.203+0000] {task_command.py:423} INFO - Running <TaskInstance: currency_parsing_kzt.fetch_data scheduled__2024-04-26T00:00:00+00:00 [running]> on host 65a8688265d1
[2024-04-27T10:16:22.838+0000] {taskinstance.py:2510} INFO - Exporting env vars: AIRFLOW_CTX_DAG_OWNER='***' AIRFLOW_CTX_DAG_ID='currency_parsing_kzt' AIRFLOW_CTX_TASK_ID='fetch_data' AIRFLOW_CTX_EXECUTION_DATE='2024-04-26T00:00:00+00:00' AIRFLOW_CTX_TRY_NUMBER='1' AIRFLOW_CTX_DAG_RUN_ID='scheduled__2024-04-26T00:00:00+00:00'
[2024-04-27T10:16:22.927+0000] {taskinstance.py:2728} ERROR - Task failed with exception
Traceback (most recent call last):
  File "/home/airflow/.local/lib/python3.8/site-packages/airflow/models/taskinstance.py", line 444, in _execute_task
    result = _execute_callable(context=context, **execute_callable_kwargs)
  File "/home/airflow/.local/lib/python3.8/site-packages/airflow/models/taskinstance.py", line 414, in _execute_callable
    return execute_callable(context=context, **execute_callable_kwargs)
  File "/home/airflow/.local/lib/python3.8/site-packages/airflow/operators/python.py", line 200, in execute
    return_value = self.execute_callable()
  File "/home/airflow/.local/lib/python3.8/site-packages/airflow/operators/python.py", line 217, in execute_callable
    return self.python_callable(*self.op_args, **self.op_kwargs)
  File "/opt/airflow/dags/stage/currency_kzt.py", line 36, in fetch_data
    rows, fields = transformed_data
TypeError: cannot unpack non-iterable NoneType object
[2024-04-27T10:16:23.402+0000] {taskinstance.py:1149} INFO - Marking task as UP_FOR_RETRY. dag_id=currency_parsing_kzt, task_id=fetch_data, execution_date=20240426T000000, start_date=20240427T101615, end_date=20240427T101623
[2024-04-27T10:16:24.325+0000] {standard_task_runner.py:107} ERROR - Failed to execute job 2251 for task fetch_data (cannot unpack non-iterable NoneType object; 127)
[2024-04-27T10:16:24.463+0000] {local_task_job_runner.py:234} INFO - Task exited with return code 1
[2024-04-27T10:16:24.689+0000] {taskinstance.py:3309} INFO - 0 downstream tasks scheduled from follow-on schedule check
