[2024-04-14T08:52:04.405+0000] {taskinstance.py:1979} INFO - Dependencies all met for dep_context=non-requeueable deps ti=<TaskInstance: currency_parsing.fetch_data scheduled__2024-01-24T00:00:00+00:00 [queued]>
[2024-04-14T08:52:04.549+0000] {taskinstance.py:1979} INFO - Dependencies all met for dep_context=requeueable deps ti=<TaskInstance: currency_parsing.fetch_data scheduled__2024-01-24T00:00:00+00:00 [queued]>
[2024-04-14T08:52:04.550+0000] {taskinstance.py:2193} INFO - Starting attempt 1 of 2
[2024-04-14T08:52:05.076+0000] {taskinstance.py:2214} INFO - Executing <Task(PythonOperator): fetch_data> on 2024-01-24 00:00:00+00:00
[2024-04-14T08:52:05.111+0000] {standard_task_runner.py:60} INFO - Started process 989 to run task
[2024-04-14T08:52:05.242+0000] {standard_task_runner.py:87} INFO - Running: ['***', 'tasks', 'run', 'currency_parsing', 'fetch_data', 'scheduled__2024-01-24T00:00:00+00:00', '--job-id', '261', '--raw', '--subdir', 'DAGS_FOLDER/currency_parsing.py', '--cfg-path', '/tmp/tmpwy57i9ai']
[2024-04-14T08:52:05.270+0000] {standard_task_runner.py:88} INFO - Job 261: Subtask fetch_data
[2024-04-14T08:52:05.522+0000] {task_command.py:423} INFO - Running <TaskInstance: currency_parsing.fetch_data scheduled__2024-01-24T00:00:00+00:00 [running]> on host e8a1e0443283
[2024-04-14T08:52:06.125+0000] {taskinstance.py:2510} INFO - Exporting env vars: AIRFLOW_CTX_DAG_OWNER='***' AIRFLOW_CTX_DAG_ID='currency_parsing' AIRFLOW_CTX_TASK_ID='fetch_data' AIRFLOW_CTX_EXECUTION_DATE='2024-01-24T00:00:00+00:00' AIRFLOW_CTX_TRY_NUMBER='1' AIRFLOW_CTX_DAG_RUN_ID='scheduled__2024-01-24T00:00:00+00:00'
[2024-04-14T08:52:06.204+0000] {base.py:83} INFO - Using connection ID 'dwh' for task execution.
[2024-04-14T08:52:06.353+0000] {sql.py:572} INFO - Done loading. Loaded a total of 39 rows into currency_parsing
[2024-04-14T08:52:06.356+0000] {python.py:202} INFO - Done. Returned value was: None
[2024-04-14T08:52:06.385+0000] {taskinstance.py:1149} INFO - Marking task as SUCCESS. dag_id=currency_parsing, task_id=fetch_data, execution_date=20240124T000000, start_date=20240414T085204, end_date=20240414T085206
[2024-04-14T08:52:06.480+0000] {local_task_job_runner.py:234} INFO - Task exited with return code 0
[2024-04-14T08:52:06.568+0000] {taskinstance.py:3309} INFO - 0 downstream tasks scheduled from follow-on schedule check
[2024-04-14T10:09:02.249+0000] {taskinstance.py:1979} INFO - Dependencies all met for dep_context=non-requeueable deps ti=<TaskInstance: currency_parsing.fetch_data scheduled__2024-01-24T00:00:00+00:00 [queued]>
[2024-04-14T10:09:02.392+0000] {taskinstance.py:1979} INFO - Dependencies all met for dep_context=requeueable deps ti=<TaskInstance: currency_parsing.fetch_data scheduled__2024-01-24T00:00:00+00:00 [queued]>
[2024-04-14T10:09:02.400+0000] {taskinstance.py:2193} INFO - Starting attempt 1 of 2
[2024-04-14T10:09:03.297+0000] {taskinstance.py:2214} INFO - Executing <Task(PythonOperator): fetch_data> on 2024-01-24 00:00:00+00:00
[2024-04-14T10:09:03.500+0000] {standard_task_runner.py:60} INFO - Started process 293 to run task
[2024-04-14T10:09:03.806+0000] {standard_task_runner.py:87} INFO - Running: ['***', 'tasks', 'run', 'currency_parsing', 'fetch_data', 'scheduled__2024-01-24T00:00:00+00:00', '--job-id', '563', '--raw', '--subdir', 'DAGS_FOLDER/currency_parsing.py', '--cfg-path', '/tmp/tmpdzi7fda8']
[2024-04-14T10:09:03.873+0000] {standard_task_runner.py:88} INFO - Job 563: Subtask fetch_data
[2024-04-14T10:09:04.926+0000] {task_command.py:423} INFO - Running <TaskInstance: currency_parsing.fetch_data scheduled__2024-01-24T00:00:00+00:00 [running]> on host 1c15aab9396c
[2024-04-14T10:09:07.121+0000] {taskinstance.py:2510} INFO - Exporting env vars: AIRFLOW_CTX_DAG_OWNER='***' AIRFLOW_CTX_DAG_ID='currency_parsing' AIRFLOW_CTX_TASK_ID='fetch_data' AIRFLOW_CTX_EXECUTION_DATE='2024-01-24T00:00:00+00:00' AIRFLOW_CTX_TRY_NUMBER='1' AIRFLOW_CTX_DAG_RUN_ID='scheduled__2024-01-24T00:00:00+00:00'
[2024-04-14T10:09:07.799+0000] {base.py:83} INFO - Using connection ID 'dwh' for task execution.
[2024-04-14T10:09:07.982+0000] {sql.py:572} INFO - Done loading. Loaded a total of 39 rows into currency_parsing
[2024-04-14T10:09:07.992+0000] {python.py:202} INFO - Done. Returned value was: None
[2024-04-14T10:09:08.089+0000] {taskinstance.py:1149} INFO - Marking task as SUCCESS. dag_id=currency_parsing, task_id=fetch_data, execution_date=20240124T000000, start_date=20240414T100902, end_date=20240414T100908
[2024-04-14T10:09:08.490+0000] {local_task_job_runner.py:234} INFO - Task exited with return code 0
[2024-04-14T10:09:09.607+0000] {taskinstance.py:3309} INFO - 0 downstream tasks scheduled from follow-on schedule check
