[2024-04-21T11:03:52.727+0000] {taskinstance.py:1979} INFO - Dependencies all met for dep_context=non-requeueable deps ti=<TaskInstance: currency_parsing.get_data_usd scheduled__2024-04-02T00:00:00+00:00 [queued]>
[2024-04-21T11:03:52.863+0000] {taskinstance.py:1979} INFO - Dependencies all met for dep_context=requeueable deps ti=<TaskInstance: currency_parsing.get_data_usd scheduled__2024-04-02T00:00:00+00:00 [queued]>
[2024-04-21T11:03:52.905+0000] {taskinstance.py:2193} INFO - Starting attempt 1 of 2
[2024-04-21T11:03:53.083+0000] {taskinstance.py:2214} INFO - Executing <Task(PythonOperator): get_data_usd> on 2024-04-02 00:00:00+00:00
[2024-04-21T11:03:53.145+0000] {standard_task_runner.py:60} INFO - Started process 2426 to run task
[2024-04-21T11:03:53.158+0000] {standard_task_runner.py:87} INFO - Running: ['***', 'tasks', 'run', 'currency_parsing', 'get_data_usd', 'scheduled__2024-04-02T00:00:00+00:00', '--job-id', '1936', '--raw', '--subdir', 'DAGS_FOLDER/stage/currency_parsing.py', '--cfg-path', '/tmp/tmpxyirklrr']
[2024-04-21T11:03:53.193+0000] {standard_task_runner.py:88} INFO - Job 1936: Subtask get_data_usd
[2024-04-21T11:03:53.550+0000] {task_command.py:423} INFO - Running <TaskInstance: currency_parsing.get_data_usd scheduled__2024-04-02T00:00:00+00:00 [running]> on host e671688b1343
[2024-04-21T11:03:53.865+0000] {warnings.py:109} WARNING - /home/***/.local/lib/python3.8/site-packages/***/utils/context.py:207: AirflowContextDeprecationWarning: Accessing 'execution_date' from the template is deprecated and will be removed in a future version. Please use 'data_interval_start' or 'logical_date' instead.
  warnings.warn(_create_deprecation_warning(key, self._deprecation_replacements[key]))

[2024-04-21T11:03:54.158+0000] {taskinstance.py:2510} INFO - Exporting env vars: AIRFLOW_CTX_DAG_OWNER='***' AIRFLOW_CTX_DAG_ID='currency_parsing' AIRFLOW_CTX_TASK_ID='get_data_usd' AIRFLOW_CTX_EXECUTION_DATE='2024-04-02T00:00:00+00:00' AIRFLOW_CTX_TRY_NUMBER='1' AIRFLOW_CTX_DAG_RUN_ID='scheduled__2024-04-02T00:00:00+00:00'
[2024-04-21T11:03:55.107+0000] {python.py:202} INFO - Done. Returned value was: ([['AUD', 1.5413801912, '2024-4-1'], ['BGN', 1.8076801868, '2024-4-1'], ['BRL', 5.055120531, '2024-4-1'], ['CAD', 1.357240232, '2024-4-1'], ['CHF', 0.9050301382, '2024-4-1'], ['CNY', 7.2286510038, '2024-4-1'], ['CZK', 23.5470443465, '2024-4-1'], ['DKK', 6.9461410996, '2024-4-1'], ['EUR', 0.9311701753, '2024-4-1'], ['GBP', 0.7970401019, '2024-4-1'], ['HKD', 7.8235515093, '2024-4-1'], ['HRK', 6.7472911041, '2024-4-1'], ['HUF', 367.0530030818, '2024-4-1'], ['IDR', 15868.093842386, '2024-4-1'], ['ILS', 3.6844104643, '2024-4-1'], ['INR', 83.3252404706, '2024-4-1'], ['ISK', 140.0749357622, '2024-4-1'], ['JPY', 151.5817479605, '2024-4-1'], ['KRW', 1351.7715737989, '2024-4-1'], ['MXN', 16.6114927538, '2024-4-1'], ['MYR', 4.7240807764, '2024-4-1'], ['NOK', 10.9603513218, '2024-4-1'], ['NZD', 1.6799402664, '2024-4-1'], ['PHP', 56.249876704, '2024-4-1'], ['PLN', 3.9980607319, '2024-4-1'], ['RON', 4.628760899, '2024-4-1'], ['RUB', 92.2735534207, '2024-4-1'], ['SEK', 10.7983915331, '2024-4-1'], ['SGD', 1.3525401583, '2024-4-1'], ['THB', 36.5871048698, '2024-4-1'], ['TRY', 32.1970360414, '2024-4-1'], ['USD', 1, '2024-4-1'], ['ZAR', 18.9456830987, '2024-4-1']], ['title', 'rate', 'date'])
[2024-04-21T11:03:55.233+0000] {taskinstance.py:1149} INFO - Marking task as SUCCESS. dag_id=currency_parsing, task_id=get_data_usd, execution_date=20240402T000000, start_date=20240421T110352, end_date=20240421T110355
[2024-04-21T11:03:55.648+0000] {local_task_job_runner.py:234} INFO - Task exited with return code 0
[2024-04-21T11:03:55.867+0000] {taskinstance.py:3309} INFO - 1 downstream tasks scheduled from follow-on schedule check
[2024-04-27T12:18:13.854+0000] {taskinstance.py:1979} INFO - Dependencies all met for dep_context=non-requeueable deps ti=<TaskInstance: currency_parsing.get_data_usd scheduled__2024-04-02T00:00:00+00:00 [queued]>
[2024-04-27T12:18:14.263+0000] {taskinstance.py:1979} INFO - Dependencies all met for dep_context=requeueable deps ti=<TaskInstance: currency_parsing.get_data_usd scheduled__2024-04-02T00:00:00+00:00 [queued]>
[2024-04-27T12:18:14.295+0000] {taskinstance.py:2193} INFO - Starting attempt 1 of 2
[2024-04-27T12:18:17.118+0000] {taskinstance.py:2214} INFO - Executing <Task(PythonOperator): get_data_usd> on 2024-04-02 00:00:00+00:00
[2024-04-27T12:18:17.204+0000] {standard_task_runner.py:60} INFO - Started process 1871 to run task
[2024-04-27T12:18:17.815+0000] {standard_task_runner.py:87} INFO - Running: ['***', 'tasks', 'run', 'currency_parsing', 'get_data_usd', 'scheduled__2024-04-02T00:00:00+00:00', '--job-id', '2297', '--raw', '--subdir', 'DAGS_FOLDER/stage/currency_parsing.py', '--cfg-path', '/tmp/tmp1csx231g']
[2024-04-27T12:18:17.979+0000] {standard_task_runner.py:88} INFO - Job 2297: Subtask get_data_usd
[2024-04-27T12:18:18.939+0000] {task_command.py:423} INFO - Running <TaskInstance: currency_parsing.get_data_usd scheduled__2024-04-02T00:00:00+00:00 [running]> on host 65a8688265d1
[2024-04-27T12:18:20.517+0000] {warnings.py:109} WARNING - /home/***/.local/lib/python3.8/site-packages/***/utils/context.py:207: AirflowContextDeprecationWarning: Accessing 'execution_date' from the template is deprecated and will be removed in a future version. Please use 'data_interval_start' or 'logical_date' instead.
  warnings.warn(_create_deprecation_warning(key, self._deprecation_replacements[key]))

[2024-04-27T12:18:20.867+0000] {taskinstance.py:2510} INFO - Exporting env vars: AIRFLOW_CTX_DAG_OWNER='***' AIRFLOW_CTX_DAG_ID='currency_parsing' AIRFLOW_CTX_TASK_ID='get_data_usd' AIRFLOW_CTX_EXECUTION_DATE='2024-04-02T00:00:00+00:00' AIRFLOW_CTX_TRY_NUMBER='1' AIRFLOW_CTX_DAG_RUN_ID='scheduled__2024-04-02T00:00:00+00:00'
[2024-04-27T12:18:24.965+0000] {python.py:202} INFO - Done. Returned value was: ([['AUD', 1.5413801912, '2024-4-1'], ['BGN', 1.8076801868, '2024-4-1'], ['BRL', 5.055120531, '2024-4-1'], ['CAD', 1.357240232, '2024-4-1'], ['CHF', 0.9050301382, '2024-4-1'], ['CNY', 7.2286510038, '2024-4-1'], ['CZK', 23.5470443465, '2024-4-1'], ['DKK', 6.9461410996, '2024-4-1'], ['EUR', 0.9311701753, '2024-4-1'], ['GBP', 0.7970401019, '2024-4-1'], ['HKD', 7.8235515093, '2024-4-1'], ['HRK', 6.7472911041, '2024-4-1'], ['HUF', 367.0530030818, '2024-4-1'], ['IDR', 15868.093842386, '2024-4-1'], ['ILS', 3.6844104643, '2024-4-1'], ['INR', 83.3252404706, '2024-4-1'], ['ISK', 140.0749357622, '2024-4-1'], ['JPY', 151.5817479605, '2024-4-1'], ['KRW', 1351.7715737989, '2024-4-1'], ['MXN', 16.6114927538, '2024-4-1'], ['MYR', 4.7240807764, '2024-4-1'], ['NOK', 10.9603513218, '2024-4-1'], ['NZD', 1.6799402664, '2024-4-1'], ['PHP', 56.249876704, '2024-4-1'], ['PLN', 3.9980607319, '2024-4-1'], ['RON', 4.628760899, '2024-4-1'], ['RUB', 92.2735534207, '2024-4-1'], ['SEK', 10.7983915331, '2024-4-1'], ['SGD', 1.3525401583, '2024-4-1'], ['THB', 36.5871048698, '2024-4-1'], ['TRY', 32.1970360414, '2024-4-1'], ['USD', 1, '2024-4-1'], ['ZAR', 18.9456830987, '2024-4-1']], ['title', 'rate', 'date'])
[2024-04-27T12:18:27.363+0000] {taskinstance.py:1149} INFO - Marking task as SUCCESS. dag_id=currency_parsing, task_id=get_data_usd, execution_date=20240402T000000, start_date=20240427T121813, end_date=20240427T121827
[2024-04-27T12:18:32.126+0000] {local_task_job_runner.py:234} INFO - Task exited with return code 0
[2024-04-27T12:18:33.888+0000] {warnings.py:109} WARNING - /home/***/.local/lib/python3.8/site-packages/***/models/baseoperator.py:1201: AirflowProviderDeprecationWarning: Call to deprecated class PostgresOperator. (Please use `***.providers.common.sql.operators.sql.SQLExecuteQueryOperator`.Also, you can provide `hook_params={'schema': <database>}`.)
  result = cls.__new__(cls)

[2024-04-27T12:18:35.430+0000] {taskinstance.py:3309} INFO - 1 downstream tasks scheduled from follow-on schedule check
