[2024-04-14T08:54:03.950+0000] {taskinstance.py:1979} INFO - Dependencies all met for dep_context=non-requeueable deps ti=<TaskInstance: currency_parsing.fetch_data scheduled__2024-03-05T00:00:00+00:00 [queued]>
[2024-04-14T08:54:04.056+0000] {taskinstance.py:1979} INFO - Dependencies all met for dep_context=requeueable deps ti=<TaskInstance: currency_parsing.fetch_data scheduled__2024-03-05T00:00:00+00:00 [queued]>
[2024-04-14T08:54:04.065+0000] {taskinstance.py:2193} INFO - Starting attempt 1 of 2
[2024-04-14T08:54:04.220+0000] {taskinstance.py:2214} INFO - Executing <Task(PythonOperator): fetch_data> on 2024-03-05 00:00:00+00:00
[2024-04-14T08:54:04.253+0000] {standard_task_runner.py:60} INFO - Started process 1221 to run task
[2024-04-14T08:54:04.285+0000] {standard_task_runner.py:87} INFO - Running: ['***', 'tasks', 'run', 'currency_parsing', 'fetch_data', 'scheduled__2024-03-05T00:00:00+00:00', '--job-id', '367', '--raw', '--subdir', 'DAGS_FOLDER/currency_parsing.py', '--cfg-path', '/tmp/tmpzc1_t7o1']
[2024-04-14T08:54:04.307+0000] {standard_task_runner.py:88} INFO - Job 367: Subtask fetch_data
[2024-04-14T08:54:04.603+0000] {task_command.py:423} INFO - Running <TaskInstance: currency_parsing.fetch_data scheduled__2024-03-05T00:00:00+00:00 [running]> on host e8a1e0443283
[2024-04-14T08:54:05.250+0000] {taskinstance.py:2510} INFO - Exporting env vars: AIRFLOW_CTX_DAG_OWNER='***' AIRFLOW_CTX_DAG_ID='currency_parsing' AIRFLOW_CTX_TASK_ID='fetch_data' AIRFLOW_CTX_EXECUTION_DATE='2024-03-05T00:00:00+00:00' AIRFLOW_CTX_TRY_NUMBER='1' AIRFLOW_CTX_DAG_RUN_ID='scheduled__2024-03-05T00:00:00+00:00'
[2024-04-14T08:54:05.510+0000] {base.py:83} INFO - Using connection ID 'dwh' for task execution.
[2024-04-14T08:54:05.546+0000] {sql.py:572} INFO - Done loading. Loaded a total of 39 rows into currency_parsing
[2024-04-14T08:54:05.548+0000] {python.py:202} INFO - Done. Returned value was: None
[2024-04-14T08:54:05.585+0000] {taskinstance.py:1149} INFO - Marking task as SUCCESS. dag_id=currency_parsing, task_id=fetch_data, execution_date=20240305T000000, start_date=20240414T085403, end_date=20240414T085405
[2024-04-14T08:54:05.696+0000] {local_task_job_runner.py:234} INFO - Task exited with return code 0
[2024-04-14T08:54:05.860+0000] {taskinstance.py:3309} INFO - 0 downstream tasks scheduled from follow-on schedule check
[2024-04-14T10:11:24.752+0000] {taskinstance.py:1979} INFO - Dependencies all met for dep_context=non-requeueable deps ti=<TaskInstance: currency_parsing.fetch_data scheduled__2024-03-05T00:00:00+00:00 [queued]>
[2024-04-14T10:11:24.775+0000] {taskinstance.py:1979} INFO - Dependencies all met for dep_context=requeueable deps ti=<TaskInstance: currency_parsing.fetch_data scheduled__2024-03-05T00:00:00+00:00 [queued]>
[2024-04-14T10:11:24.776+0000] {taskinstance.py:2193} INFO - Starting attempt 1 of 2
[2024-04-14T10:11:24.811+0000] {taskinstance.py:2214} INFO - Executing <Task(PythonOperator): fetch_data> on 2024-03-05 00:00:00+00:00
[2024-04-14T10:11:24.818+0000] {standard_task_runner.py:60} INFO - Started process 537 to run task
[2024-04-14T10:11:24.826+0000] {standard_task_runner.py:87} INFO - Running: ['***', 'tasks', 'run', 'currency_parsing', 'fetch_data', 'scheduled__2024-03-05T00:00:00+00:00', '--job-id', '674', '--raw', '--subdir', 'DAGS_FOLDER/currency_parsing.py', '--cfg-path', '/tmp/tmpt31wb1rj']
[2024-04-14T10:11:24.831+0000] {standard_task_runner.py:88} INFO - Job 674: Subtask fetch_data
[2024-04-14T10:11:24.993+0000] {task_command.py:423} INFO - Running <TaskInstance: currency_parsing.fetch_data scheduled__2024-03-05T00:00:00+00:00 [running]> on host 1c15aab9396c
[2024-04-14T10:11:25.502+0000] {taskinstance.py:2510} INFO - Exporting env vars: AIRFLOW_CTX_DAG_OWNER='***' AIRFLOW_CTX_DAG_ID='currency_parsing' AIRFLOW_CTX_TASK_ID='fetch_data' AIRFLOW_CTX_EXECUTION_DATE='2024-03-05T00:00:00+00:00' AIRFLOW_CTX_TRY_NUMBER='1' AIRFLOW_CTX_DAG_RUN_ID='scheduled__2024-03-05T00:00:00+00:00'
[2024-04-14T10:11:25.630+0000] {base.py:83} INFO - Using connection ID 'dwh' for task execution.
[2024-04-14T10:11:25.675+0000] {sql.py:572} INFO - Done loading. Loaded a total of 39 rows into currency_parsing
[2024-04-14T10:11:25.678+0000] {python.py:202} INFO - Done. Returned value was: None
[2024-04-14T10:11:25.706+0000] {taskinstance.py:1149} INFO - Marking task as SUCCESS. dag_id=currency_parsing, task_id=fetch_data, execution_date=20240305T000000, start_date=20240414T101124, end_date=20240414T101125
[2024-04-14T10:11:25.780+0000] {local_task_job_runner.py:234} INFO - Task exited with return code 0
[2024-04-14T10:11:25.841+0000] {taskinstance.py:3309} INFO - 0 downstream tasks scheduled from follow-on schedule check
