[2024-04-26T10:27:49.848+0000] {taskinstance.py:1979} INFO - Dependencies all met for dep_context=non-requeueable deps ti=<TaskInstance: currency_parsing.get_data_usd scheduled__2024-04-23T00:00:00+00:00 [queued]>
[2024-04-26T10:27:50.516+0000] {taskinstance.py:1979} INFO - Dependencies all met for dep_context=requeueable deps ti=<TaskInstance: currency_parsing.get_data_usd scheduled__2024-04-23T00:00:00+00:00 [queued]>
[2024-04-26T10:27:50.607+0000] {taskinstance.py:2193} INFO - Starting attempt 1 of 2
[2024-04-26T10:27:51.438+0000] {taskinstance.py:2214} INFO - Executing <Task(PythonOperator): get_data_usd> on 2024-04-23 00:00:00+00:00
[2024-04-26T10:27:51.530+0000] {standard_task_runner.py:60} INFO - Started process 163 to run task
[2024-04-26T10:27:51.576+0000] {standard_task_runner.py:87} INFO - Running: ['***', 'tasks', 'run', 'currency_parsing', 'get_data_usd', 'scheduled__2024-04-23T00:00:00+00:00', '--job-id', '2150', '--raw', '--subdir', 'DAGS_FOLDER/stage/currency_parsing.py', '--cfg-path', '/tmp/tmp584gimgz']
[2024-04-26T10:27:51.648+0000] {standard_task_runner.py:88} INFO - Job 2150: Subtask get_data_usd
[2024-04-26T10:27:52.688+0000] {task_command.py:423} INFO - Running <TaskInstance: currency_parsing.get_data_usd scheduled__2024-04-23T00:00:00+00:00 [running]> on host 4284c2c978e3
[2024-04-26T10:27:53.673+0000] {warnings.py:109} WARNING - /home/***/.local/lib/python3.8/site-packages/***/utils/context.py:207: AirflowContextDeprecationWarning: Accessing 'execution_date' from the template is deprecated and will be removed in a future version. Please use 'data_interval_start' or 'logical_date' instead.
  warnings.warn(_create_deprecation_warning(key, self._deprecation_replacements[key]))

[2024-04-26T10:27:55.387+0000] {taskinstance.py:2510} INFO - Exporting env vars: AIRFLOW_CTX_DAG_OWNER='***' AIRFLOW_CTX_DAG_ID='currency_parsing' AIRFLOW_CTX_TASK_ID='get_data_usd' AIRFLOW_CTX_EXECUTION_DATE='2024-04-23T00:00:00+00:00' AIRFLOW_CTX_TRY_NUMBER='1' AIRFLOW_CTX_DAG_RUN_ID='scheduled__2024-04-23T00:00:00+00:00'
[2024-04-26T10:28:02.188+0000] {python.py:202} INFO - Done. Returned value was: ([['AUD', 1.5502301818, '2024-4-22'], ['BGN', 1.832940185, '2024-4-22'], ['BRL', 5.1670310001, '2024-4-22'], ['CAD', 1.3698702347, '2024-4-22'], ['CHF', 0.9118301388, '2024-4-22'], ['CNY', 7.2415208504, '2024-4-22'], ['CZK', 23.7083940184, '2024-4-22'], ['DKK', 7.0023713473, '2024-4-22'], ['EUR', 0.9383401511, '2024-4-22'], ['GBP', 0.8098101332, '2024-4-22'], ['HKD', 7.8344715364, '2024-4-22'], ['HRK', 6.8554809792, '2024-4-22'], ['HUF', 369.8093512225, '2024-4-22'], ['IDR', 16213.14536796, '2024-4-22'], ['ILS', 3.7655907079, '2024-4-22'], ['INR', 83.3550747376, '2024-4-22'], ['ISK', 141.0560170725, '2024-4-22'], ['JPY', 154.8277324843, '2024-4-22'], ['KRW', 1375.2683932574, '2024-4-22'], ['MXN', 17.1334232812, '2024-4-22'], ['MYR', 4.7766108591, '2024-4-22'], ['NOK', 10.9811713278, '2024-4-22'], ['NZD', 1.6890103074, '2024-4-22'], ['PHP', 57.4832697554, '2024-4-22'], ['PLN', 4.0501706185, '2024-4-22'], ['RON', 4.6702204817, '2024-4-22'], ['RUB', 93.433222622, '2024-4-22'], ['SEK', 10.8811611497, '2024-4-22'], ['SGD', 1.3616902359, '2024-4-22'], ['THB', 37.0751167438, '2024-4-22'], ['TRY', 32.5701933472, '2024-4-22'], ['USD', 1, '2024-4-22'], ['ZAR', 19.1818427631, '2024-4-22']], ['title', 'rate', 'date'])
[2024-04-26T10:28:03.341+0000] {taskinstance.py:1149} INFO - Marking task as SUCCESS. dag_id=currency_parsing, task_id=get_data_usd, execution_date=20240423T000000, start_date=20240426T102749, end_date=20240426T102803
[2024-04-26T10:28:04.055+0000] {local_task_job_runner.py:234} INFO - Task exited with return code 0
[2024-04-26T10:28:04.248+0000] {taskinstance.py:3309} INFO - 1 downstream tasks scheduled from follow-on schedule check
[2024-04-26T13:16:12.855+0000] {taskinstance.py:1979} INFO - Dependencies all met for dep_context=non-requeueable deps ti=<TaskInstance: currency_parsing.get_data_usd scheduled__2024-04-23T00:00:00+00:00 [queued]>
[2024-04-26T13:16:12.927+0000] {taskinstance.py:1979} INFO - Dependencies all met for dep_context=requeueable deps ti=<TaskInstance: currency_parsing.get_data_usd scheduled__2024-04-23T00:00:00+00:00 [queued]>
[2024-04-26T13:16:12.930+0000] {taskinstance.py:2193} INFO - Starting attempt 1 of 2
[2024-04-26T13:16:13.319+0000] {taskinstance.py:2214} INFO - Executing <Task(PythonOperator): get_data_usd> on 2024-04-23 00:00:00+00:00
[2024-04-26T13:16:13.335+0000] {standard_task_runner.py:60} INFO - Started process 432 to run task
[2024-04-26T13:16:13.463+0000] {standard_task_runner.py:87} INFO - Running: ['***', 'tasks', 'run', 'currency_parsing', 'get_data_usd', 'scheduled__2024-04-23T00:00:00+00:00', '--job-id', '2212', '--raw', '--subdir', 'DAGS_FOLDER/stage/currency_parsing.py', '--cfg-path', '/tmp/tmp2akkh9v_']
[2024-04-26T13:16:13.538+0000] {standard_task_runner.py:88} INFO - Job 2212: Subtask get_data_usd
[2024-04-26T13:16:14.178+0000] {task_command.py:423} INFO - Running <TaskInstance: currency_parsing.get_data_usd scheduled__2024-04-23T00:00:00+00:00 [running]> on host 65a8688265d1
[2024-04-26T13:16:14.738+0000] {warnings.py:109} WARNING - /home/***/.local/lib/python3.8/site-packages/***/utils/context.py:207: AirflowContextDeprecationWarning: Accessing 'execution_date' from the template is deprecated and will be removed in a future version. Please use 'data_interval_start' or 'logical_date' instead.
  warnings.warn(_create_deprecation_warning(key, self._deprecation_replacements[key]))

[2024-04-26T13:16:15.165+0000] {taskinstance.py:2510} INFO - Exporting env vars: AIRFLOW_CTX_DAG_OWNER='***' AIRFLOW_CTX_DAG_ID='currency_parsing' AIRFLOW_CTX_TASK_ID='get_data_usd' AIRFLOW_CTX_EXECUTION_DATE='2024-04-23T00:00:00+00:00' AIRFLOW_CTX_TRY_NUMBER='1' AIRFLOW_CTX_DAG_RUN_ID='scheduled__2024-04-23T00:00:00+00:00'
[2024-04-26T13:16:17.134+0000] {python.py:202} INFO - Done. Returned value was: ([['AUD', 1.5502301818, '2024-4-22'], ['BGN', 1.832940185, '2024-4-22'], ['BRL', 5.1670310001, '2024-4-22'], ['CAD', 1.3698702347, '2024-4-22'], ['CHF', 0.9118301388, '2024-4-22'], ['CNY', 7.2415208504, '2024-4-22'], ['CZK', 23.7083940184, '2024-4-22'], ['DKK', 7.0023713473, '2024-4-22'], ['EUR', 0.9383401511, '2024-4-22'], ['GBP', 0.8098101332, '2024-4-22'], ['HKD', 7.8344715364, '2024-4-22'], ['HRK', 6.8554809792, '2024-4-22'], ['HUF', 369.8093512225, '2024-4-22'], ['IDR', 16213.14536796, '2024-4-22'], ['ILS', 3.7655907079, '2024-4-22'], ['INR', 83.3550747376, '2024-4-22'], ['ISK', 141.0560170725, '2024-4-22'], ['JPY', 154.8277324843, '2024-4-22'], ['KRW', 1375.2683932574, '2024-4-22'], ['MXN', 17.1334232812, '2024-4-22'], ['MYR', 4.7766108591, '2024-4-22'], ['NOK', 10.9811713278, '2024-4-22'], ['NZD', 1.6890103074, '2024-4-22'], ['PHP', 57.4832697554, '2024-4-22'], ['PLN', 4.0501706185, '2024-4-22'], ['RON', 4.6702204817, '2024-4-22'], ['RUB', 93.433222622, '2024-4-22'], ['SEK', 10.8811611497, '2024-4-22'], ['SGD', 1.3616902359, '2024-4-22'], ['THB', 37.0751167438, '2024-4-22'], ['TRY', 32.5701933472, '2024-4-22'], ['USD', 1, '2024-4-22'], ['ZAR', 19.1818427631, '2024-4-22']], ['title', 'rate', 'date'])
[2024-04-26T13:16:17.386+0000] {taskinstance.py:1149} INFO - Marking task as SUCCESS. dag_id=currency_parsing, task_id=get_data_usd, execution_date=20240423T000000, start_date=20240426T131612, end_date=20240426T131617
[2024-04-26T13:16:17.688+0000] {local_task_job_runner.py:234} INFO - Task exited with return code 0
[2024-04-26T13:16:18.154+0000] {taskinstance.py:3309} INFO - 0 downstream tasks scheduled from follow-on schedule check
[2024-04-27T12:30:22.908+0000] {taskinstance.py:1979} INFO - Dependencies all met for dep_context=non-requeueable deps ti=<TaskInstance: currency_parsing.get_data_usd scheduled__2024-04-23T00:00:00+00:00 [queued]>
[2024-04-27T12:30:23.255+0000] {taskinstance.py:1979} INFO - Dependencies all met for dep_context=requeueable deps ti=<TaskInstance: currency_parsing.get_data_usd scheduled__2024-04-23T00:00:00+00:00 [queued]>
[2024-04-27T12:30:23.285+0000] {taskinstance.py:2193} INFO - Starting attempt 1 of 2
[2024-04-27T12:30:23.715+0000] {taskinstance.py:2214} INFO - Executing <Task(PythonOperator): get_data_usd> on 2024-04-23 00:00:00+00:00
[2024-04-27T12:30:23.807+0000] {standard_task_runner.py:60} INFO - Started process 2479 to run task
[2024-04-27T12:30:23.937+0000] {standard_task_runner.py:87} INFO - Running: ['***', 'tasks', 'run', 'currency_parsing', 'get_data_usd', 'scheduled__2024-04-23T00:00:00+00:00', '--job-id', '2531', '--raw', '--subdir', 'DAGS_FOLDER/stage/currency_parsing.py', '--cfg-path', '/tmp/tmp_khxk95g']
[2024-04-27T12:30:24.066+0000] {standard_task_runner.py:88} INFO - Job 2531: Subtask get_data_usd
[2024-04-27T12:30:25.166+0000] {task_command.py:423} INFO - Running <TaskInstance: currency_parsing.get_data_usd scheduled__2024-04-23T00:00:00+00:00 [running]> on host 65a8688265d1
[2024-04-27T12:30:26.276+0000] {warnings.py:109} WARNING - /home/***/.local/lib/python3.8/site-packages/***/utils/context.py:207: AirflowContextDeprecationWarning: Accessing 'execution_date' from the template is deprecated and will be removed in a future version. Please use 'data_interval_start' or 'logical_date' instead.
  warnings.warn(_create_deprecation_warning(key, self._deprecation_replacements[key]))

[2024-04-27T12:30:26.794+0000] {taskinstance.py:2510} INFO - Exporting env vars: AIRFLOW_CTX_DAG_OWNER='***' AIRFLOW_CTX_DAG_ID='currency_parsing' AIRFLOW_CTX_TASK_ID='get_data_usd' AIRFLOW_CTX_EXECUTION_DATE='2024-04-23T00:00:00+00:00' AIRFLOW_CTX_TRY_NUMBER='1' AIRFLOW_CTX_DAG_RUN_ID='scheduled__2024-04-23T00:00:00+00:00'
[2024-04-27T12:31:03.373+0000] {python.py:202} INFO - Done. Returned value was: ([['AUD', 1.5502301818, '2024-4-22'], ['BGN', 1.832940185, '2024-4-22'], ['BRL', 5.1670310001, '2024-4-22'], ['CAD', 1.3698702347, '2024-4-22'], ['CHF', 0.9118301388, '2024-4-22'], ['CNY', 7.2415208504, '2024-4-22'], ['CZK', 23.7083940184, '2024-4-22'], ['DKK', 7.0023713473, '2024-4-22'], ['EUR', 0.9383401511, '2024-4-22'], ['GBP', 0.8098101332, '2024-4-22'], ['HKD', 7.8344715364, '2024-4-22'], ['HRK', 6.8554809792, '2024-4-22'], ['HUF', 369.8093512225, '2024-4-22'], ['IDR', 16213.14536796, '2024-4-22'], ['ILS', 3.7655907079, '2024-4-22'], ['INR', 83.3550747376, '2024-4-22'], ['ISK', 141.0560170725, '2024-4-22'], ['JPY', 154.8277324843, '2024-4-22'], ['KRW', 1375.2683932574, '2024-4-22'], ['MXN', 17.1334232812, '2024-4-22'], ['MYR', 4.7766108591, '2024-4-22'], ['NOK', 10.9811713278, '2024-4-22'], ['NZD', 1.6890103074, '2024-4-22'], ['PHP', 57.4832697554, '2024-4-22'], ['PLN', 4.0501706185, '2024-4-22'], ['RON', 4.6702204817, '2024-4-22'], ['RUB', 93.433222622, '2024-4-22'], ['SEK', 10.8811611497, '2024-4-22'], ['SGD', 1.3616902359, '2024-4-22'], ['THB', 37.0751167438, '2024-4-22'], ['TRY', 32.5701933472, '2024-4-22'], ['USD', 1, '2024-4-22'], ['ZAR', 19.1818427631, '2024-4-22']], ['title', 'rate', 'date'])
[2024-04-27T12:31:04.148+0000] {taskinstance.py:1149} INFO - Marking task as SUCCESS. dag_id=currency_parsing, task_id=get_data_usd, execution_date=20240423T000000, start_date=20240427T123023, end_date=20240427T123104
[2024-04-27T12:31:04.991+0000] {local_task_job_runner.py:234} INFO - Task exited with return code 0
[2024-04-27T12:31:05.541+0000] {taskinstance.py:3309} INFO - 1 downstream tasks scheduled from follow-on schedule check
