[2024-04-27T10:16:16.978+0000] {taskinstance.py:1979} INFO - Dependencies all met for dep_context=non-requeueable deps ti=<TaskInstance: currency_parsing.fetch_data_kzt scheduled__2024-04-26T00:00:00+00:00 [queued]>
[2024-04-27T10:16:18.490+0000] {taskinstance.py:1979} INFO - Dependencies all met for dep_context=requeueable deps ti=<TaskInstance: currency_parsing.fetch_data_kzt scheduled__2024-04-26T00:00:00+00:00 [queued]>
[2024-04-27T10:16:18.631+0000] {taskinstance.py:2193} INFO - Starting attempt 1 of 2
[2024-04-27T10:16:19.360+0000] {taskinstance.py:2214} INFO - Executing <Task(PythonOperator): fetch_data_kzt> on 2024-04-26 00:00:00+00:00
[2024-04-27T10:16:20.367+0000] {standard_task_runner.py:87} INFO - Running: ['***', 'tasks', 'run', 'currency_parsing', 'fetch_data_kzt', 'scheduled__2024-04-26T00:00:00+00:00', '--job-id', '2252', '--raw', '--subdir', 'DAGS_FOLDER/stage/currency_parsing.py', '--cfg-path', '/tmp/tmpz19xifr7']
[2024-04-27T10:16:20.492+0000] {standard_task_runner.py:88} INFO - Job 2252: Subtask fetch_data_kzt
[2024-04-27T10:16:19.956+0000] {standard_task_runner.py:60} INFO - Started process 130 to run task
[2024-04-27T10:16:22.049+0000] {task_command.py:423} INFO - Running <TaskInstance: currency_parsing.fetch_data_kzt scheduled__2024-04-26T00:00:00+00:00 [running]> on host 65a8688265d1
[2024-04-27T10:16:23.486+0000] {taskinstance.py:2510} INFO - Exporting env vars: AIRFLOW_CTX_DAG_OWNER='***' AIRFLOW_CTX_DAG_ID='currency_parsing' AIRFLOW_CTX_TASK_ID='fetch_data_kzt' AIRFLOW_CTX_EXECUTION_DATE='2024-04-26T00:00:00+00:00' AIRFLOW_CTX_TRY_NUMBER='1' AIRFLOW_CTX_DAG_RUN_ID='scheduled__2024-04-26T00:00:00+00:00'
[2024-04-27T10:16:24.026+0000] {base.py:83} INFO - Using connection ID 'dwh' for task execution.
[2024-04-27T10:16:24.528+0000] {sql.py:572} INFO - Done loading. Loaded a total of 39 rows into stage.currency_parsing_kzt
[2024-04-27T10:16:24.542+0000] {python.py:202} INFO - Done. Returned value was: None
[2024-04-27T10:16:24.800+0000] {taskinstance.py:1149} INFO - Marking task as SUCCESS. dag_id=currency_parsing, task_id=fetch_data_kzt, execution_date=20240426T000000, start_date=20240427T101617, end_date=20240427T101624
[2024-04-27T10:16:25.153+0000] {local_task_job_runner.py:234} INFO - Task exited with return code 0
[2024-04-27T10:16:25.823+0000] {taskinstance.py:3309} INFO - 0 downstream tasks scheduled from follow-on schedule check
[2024-04-27T12:31:43.026+0000] {taskinstance.py:1979} INFO - Dependencies all met for dep_context=non-requeueable deps ti=<TaskInstance: currency_parsing.fetch_data_kzt scheduled__2024-04-26T00:00:00+00:00 [queued]>
[2024-04-27T12:31:43.107+0000] {taskinstance.py:1979} INFO - Dependencies all met for dep_context=requeueable deps ti=<TaskInstance: currency_parsing.fetch_data_kzt scheduled__2024-04-26T00:00:00+00:00 [queued]>
[2024-04-27T12:31:43.108+0000] {taskinstance.py:2193} INFO - Starting attempt 1 of 2
[2024-04-27T12:31:43.416+0000] {taskinstance.py:2214} INFO - Executing <Task(PythonOperator): fetch_data_kzt> on 2024-04-26 00:00:00+00:00
[2024-04-27T12:31:43.451+0000] {standard_task_runner.py:60} INFO - Started process 2567 to run task
[2024-04-27T12:31:43.618+0000] {standard_task_runner.py:87} INFO - Running: ['***', 'tasks', 'run', 'currency_parsing', 'fetch_data_kzt', 'scheduled__2024-04-26T00:00:00+00:00', '--job-id', '2570', '--raw', '--subdir', 'DAGS_FOLDER/stage/currency_parsing.py', '--cfg-path', '/tmp/tmp5ig7dezm']
[2024-04-27T12:31:43.662+0000] {standard_task_runner.py:88} INFO - Job 2570: Subtask fetch_data_kzt
[2024-04-27T12:31:44.987+0000] {task_command.py:423} INFO - Running <TaskInstance: currency_parsing.fetch_data_kzt scheduled__2024-04-26T00:00:00+00:00 [running]> on host 65a8688265d1
[2024-04-27T12:31:46.430+0000] {taskinstance.py:2510} INFO - Exporting env vars: AIRFLOW_CTX_DAG_OWNER='***' AIRFLOW_CTX_DAG_ID='currency_parsing' AIRFLOW_CTX_TASK_ID='fetch_data_kzt' AIRFLOW_CTX_EXECUTION_DATE='2024-04-26T00:00:00+00:00' AIRFLOW_CTX_TRY_NUMBER='1' AIRFLOW_CTX_DAG_RUN_ID='scheduled__2024-04-26T00:00:00+00:00'
[2024-04-27T12:31:46.617+0000] {base.py:83} INFO - Using connection ID 'dwh' for task execution.
[2024-04-27T12:31:46.726+0000] {sql.py:572} INFO - Done loading. Loaded a total of 39 rows into stage.currency_parsing_kzt
[2024-04-27T12:31:46.727+0000] {python.py:202} INFO - Done. Returned value was: None
[2024-04-27T12:31:46.785+0000] {taskinstance.py:1149} INFO - Marking task as SUCCESS. dag_id=currency_parsing, task_id=fetch_data_kzt, execution_date=20240426T000000, start_date=20240427T123143, end_date=20240427T123146
[2024-04-27T12:31:47.080+0000] {local_task_job_runner.py:234} INFO - Task exited with return code 0
[2024-04-27T12:31:47.852+0000] {taskinstance.py:3309} INFO - 0 downstream tasks scheduled from follow-on schedule check
