[2024-04-20T14:01:26.084+0000] {taskinstance.py:1979} INFO - Dependencies all met for dep_context=non-requeueable deps ti=<TaskInstance: currency_parsing_pound.create_schema manual__2024-04-20T14:01:23.073825+00:00 [queued]>
[2024-04-20T14:01:26.108+0000] {taskinstance.py:1979} INFO - Dependencies all met for dep_context=requeueable deps ti=<TaskInstance: currency_parsing_pound.create_schema manual__2024-04-20T14:01:23.073825+00:00 [queued]>
[2024-04-20T14:01:26.109+0000] {taskinstance.py:2193} INFO - Starting attempt 1 of 2
[2024-04-20T14:01:26.200+0000] {taskinstance.py:2214} INFO - Executing <Task(PostgresOperator): create_schema> on 2024-04-20 14:01:23.073825+00:00
[2024-04-20T14:01:26.210+0000] {standard_task_runner.py:60} INFO - Started process 1063 to run task
[2024-04-20T14:01:26.218+0000] {standard_task_runner.py:87} INFO - Running: ['***', 'tasks', 'run', 'currency_parsing_pound', 'create_schema', 'manual__2024-04-20T14:01:23.073825+00:00', '--job-id', '865', '--raw', '--subdir', 'DAGS_FOLDER/stage/currency_pound.py', '--cfg-path', '/tmp/tmpa4_dnvf8']
[2024-04-20T14:01:26.223+0000] {standard_task_runner.py:88} INFO - Job 865: Subtask create_schema
[2024-04-20T14:01:26.414+0000] {task_command.py:423} INFO - Running <TaskInstance: currency_parsing_pound.create_schema manual__2024-04-20T14:01:23.073825+00:00 [running]> on host 31aa6d9ea6ff
[2024-04-20T14:01:26.572+0000] {taskinstance.py:2510} INFO - Exporting env vars: AIRFLOW_CTX_DAG_OWNER='***' AIRFLOW_CTX_DAG_ID='currency_parsing_pound' AIRFLOW_CTX_TASK_ID='create_schema' AIRFLOW_CTX_EXECUTION_DATE='2024-04-20T14:01:23.073825+00:00' AIRFLOW_CTX_TRY_NUMBER='1' AIRFLOW_CTX_DAG_RUN_ID='manual__2024-04-20T14:01:23.073825+00:00'
[2024-04-20T14:01:26.575+0000] {sql.py:276} INFO - Executing: CREATE SCHEMA if not exists stage;
[2024-04-20T14:01:26.595+0000] {base.py:83} INFO - Using connection ID 'dwh' for task execution.
[2024-04-20T14:01:26.631+0000] {base.py:83} INFO - Using connection ID 'dwh' for task execution.
[2024-04-20T14:01:26.639+0000] {sql.py:457} INFO - Running statement: CREATE SCHEMA if not exists stage;, parameters: None
[2024-04-20T14:01:26.642+0000] {warnings.py:109} WARNING - /home/***/.local/lib/python3.8/site-packages/***/providers/common/sql/hooks/sql.py:407: AirflowProviderDeprecationWarning: Call to deprecated method _make_common_data_structure. (The `_make_serializable` method is deprecated and support will be removed in a future version of the common.sql provider. Please update the DbApiHook's provider to a version based on common.sql >= 1.9.1.)
  result = self._make_common_data_structure(handler(cur))

[2024-04-20T14:01:26.667+0000] {taskinstance.py:1149} INFO - Marking task as SUCCESS. dag_id=currency_parsing_pound, task_id=create_schema, execution_date=20240420T140123, start_date=20240420T140126, end_date=20240420T140126
[2024-04-20T14:01:26.717+0000] {local_task_job_runner.py:234} INFO - Task exited with return code 0
[2024-04-20T14:01:26.743+0000] {warnings.py:109} WARNING - /home/***/.local/lib/python3.8/site-packages/***/models/baseoperator.py:1201: AirflowProviderDeprecationWarning: Call to deprecated class PostgresOperator. (Please use `***.providers.common.sql.operators.sql.SQLExecuteQueryOperator`.Also, you can provide `hook_params={'schema': <database>}`.)
  result = cls.__new__(cls)

[2024-04-20T14:01:26.788+0000] {taskinstance.py:3309} INFO - 1 downstream tasks scheduled from follow-on schedule check
