[2024-04-14T08:51:08.167+0000] {taskinstance.py:1979} INFO - Dependencies all met for dep_context=non-requeueable deps ti=<TaskInstance: currency_parsing.fetch_data scheduled__2024-01-05T00:00:00+00:00 [queued]>
[2024-04-14T08:51:08.275+0000] {taskinstance.py:1979} INFO - Dependencies all met for dep_context=requeueable deps ti=<TaskInstance: currency_parsing.fetch_data scheduled__2024-01-05T00:00:00+00:00 [queued]>
[2024-04-14T08:51:08.279+0000] {taskinstance.py:2193} INFO - Starting attempt 1 of 2
[2024-04-14T08:51:08.594+0000] {taskinstance.py:2214} INFO - Executing <Task(PythonOperator): fetch_data> on 2024-01-05 00:00:00+00:00
[2024-04-14T08:51:08.630+0000] {standard_task_runner.py:60} INFO - Started process 871 to run task
[2024-04-14T08:51:08.737+0000] {standard_task_runner.py:87} INFO - Running: ['***', 'tasks', 'run', 'currency_parsing', 'fetch_data', 'scheduled__2024-01-05T00:00:00+00:00', '--job-id', '212', '--raw', '--subdir', 'DAGS_FOLDER/currency_parsing.py', '--cfg-path', '/tmp/tmpo3ytrd0o']
[2024-04-14T08:51:08.819+0000] {standard_task_runner.py:88} INFO - Job 212: Subtask fetch_data
[2024-04-14T08:51:09.300+0000] {task_command.py:423} INFO - Running <TaskInstance: currency_parsing.fetch_data scheduled__2024-01-05T00:00:00+00:00 [running]> on host e8a1e0443283
[2024-04-14T08:51:10.307+0000] {taskinstance.py:2510} INFO - Exporting env vars: AIRFLOW_CTX_DAG_OWNER='***' AIRFLOW_CTX_DAG_ID='currency_parsing' AIRFLOW_CTX_TASK_ID='fetch_data' AIRFLOW_CTX_EXECUTION_DATE='2024-01-05T00:00:00+00:00' AIRFLOW_CTX_TRY_NUMBER='1' AIRFLOW_CTX_DAG_RUN_ID='scheduled__2024-01-05T00:00:00+00:00'
[2024-04-14T08:51:10.494+0000] {base.py:83} INFO - Using connection ID 'dwh' for task execution.
[2024-04-14T08:51:10.583+0000] {sql.py:572} INFO - Done loading. Loaded a total of 39 rows into currency_parsing
[2024-04-14T08:51:10.584+0000] {python.py:202} INFO - Done. Returned value was: None
[2024-04-14T08:51:10.646+0000] {taskinstance.py:1149} INFO - Marking task as SUCCESS. dag_id=currency_parsing, task_id=fetch_data, execution_date=20240105T000000, start_date=20240414T085108, end_date=20240414T085110
[2024-04-14T08:51:10.955+0000] {local_task_job_runner.py:234} INFO - Task exited with return code 0
[2024-04-14T08:51:11.117+0000] {taskinstance.py:3309} INFO - 0 downstream tasks scheduled from follow-on schedule check
[2024-04-14T10:08:04.354+0000] {taskinstance.py:1979} INFO - Dependencies all met for dep_context=non-requeueable deps ti=<TaskInstance: currency_parsing.fetch_data scheduled__2024-01-05T00:00:00+00:00 [queued]>
[2024-04-14T10:08:04.623+0000] {taskinstance.py:1979} INFO - Dependencies all met for dep_context=requeueable deps ti=<TaskInstance: currency_parsing.fetch_data scheduled__2024-01-05T00:00:00+00:00 [queued]>
[2024-04-14T10:08:04.626+0000] {taskinstance.py:2193} INFO - Starting attempt 1 of 2
[2024-04-14T10:08:05.016+0000] {taskinstance.py:2214} INFO - Executing <Task(PythonOperator): fetch_data> on 2024-01-05 00:00:00+00:00
[2024-04-14T10:08:05.138+0000] {standard_task_runner.py:60} INFO - Started process 206 to run task
[2024-04-14T10:08:05.210+0000] {standard_task_runner.py:87} INFO - Running: ['***', 'tasks', 'run', 'currency_parsing', 'fetch_data', 'scheduled__2024-01-05T00:00:00+00:00', '--job-id', '526', '--raw', '--subdir', 'DAGS_FOLDER/currency_parsing.py', '--cfg-path', '/tmp/tmpbiweji_x']
[2024-04-14T10:08:05.234+0000] {standard_task_runner.py:88} INFO - Job 526: Subtask fetch_data
[2024-04-14T10:08:05.767+0000] {task_command.py:423} INFO - Running <TaskInstance: currency_parsing.fetch_data scheduled__2024-01-05T00:00:00+00:00 [running]> on host 1c15aab9396c
[2024-04-14T10:08:06.419+0000] {taskinstance.py:2510} INFO - Exporting env vars: AIRFLOW_CTX_DAG_OWNER='***' AIRFLOW_CTX_DAG_ID='currency_parsing' AIRFLOW_CTX_TASK_ID='fetch_data' AIRFLOW_CTX_EXECUTION_DATE='2024-01-05T00:00:00+00:00' AIRFLOW_CTX_TRY_NUMBER='1' AIRFLOW_CTX_DAG_RUN_ID='scheduled__2024-01-05T00:00:00+00:00'
[2024-04-14T10:08:06.579+0000] {base.py:83} INFO - Using connection ID 'dwh' for task execution.
[2024-04-14T10:08:06.644+0000] {sql.py:572} INFO - Done loading. Loaded a total of 39 rows into currency_parsing
[2024-04-14T10:08:06.647+0000] {python.py:202} INFO - Done. Returned value was: None
[2024-04-14T10:08:06.679+0000] {taskinstance.py:1149} INFO - Marking task as SUCCESS. dag_id=currency_parsing, task_id=fetch_data, execution_date=20240105T000000, start_date=20240414T100804, end_date=20240414T100806
[2024-04-14T10:08:06.799+0000] {local_task_job_runner.py:234} INFO - Task exited with return code 0
[2024-04-14T10:08:06.899+0000] {taskinstance.py:3309} INFO - 0 downstream tasks scheduled from follow-on schedule check
