[2024-04-21T11:05:19.420+0000] {taskinstance.py:1979} INFO - Dependencies all met for dep_context=non-requeueable deps ti=<TaskInstance: currency_parsing.get_data_usd scheduled__2024-04-12T00:00:00+00:00 [queued]>
[2024-04-21T11:05:19.516+0000] {taskinstance.py:1979} INFO - Dependencies all met for dep_context=requeueable deps ti=<TaskInstance: currency_parsing.get_data_usd scheduled__2024-04-12T00:00:00+00:00 [queued]>
[2024-04-21T11:05:19.529+0000] {taskinstance.py:2193} INFO - Starting attempt 1 of 2
[2024-04-21T11:05:19.648+0000] {taskinstance.py:2214} INFO - Executing <Task(PythonOperator): get_data_usd> on 2024-04-12 00:00:00+00:00
[2024-04-21T11:05:19.683+0000] {standard_task_runner.py:60} INFO - Started process 2630 to run task
[2024-04-21T11:05:19.720+0000] {standard_task_runner.py:87} INFO - Running: ['***', 'tasks', 'run', 'currency_parsing', 'get_data_usd', 'scheduled__2024-04-12T00:00:00+00:00', '--job-id', '2032', '--raw', '--subdir', 'DAGS_FOLDER/stage/currency_parsing.py', '--cfg-path', '/tmp/tmpafrck64y']
[2024-04-21T11:05:19.735+0000] {standard_task_runner.py:88} INFO - Job 2032: Subtask get_data_usd
[2024-04-21T11:05:20.145+0000] {task_command.py:423} INFO - Running <TaskInstance: currency_parsing.get_data_usd scheduled__2024-04-12T00:00:00+00:00 [running]> on host e671688b1343
[2024-04-21T11:05:20.535+0000] {warnings.py:109} WARNING - /home/***/.local/lib/python3.8/site-packages/***/utils/context.py:207: AirflowContextDeprecationWarning: Accessing 'execution_date' from the template is deprecated and will be removed in a future version. Please use 'data_interval_start' or 'logical_date' instead.
  warnings.warn(_create_deprecation_warning(key, self._deprecation_replacements[key]))

[2024-04-21T11:05:20.749+0000] {taskinstance.py:2510} INFO - Exporting env vars: AIRFLOW_CTX_DAG_OWNER='***' AIRFLOW_CTX_DAG_ID='currency_parsing' AIRFLOW_CTX_TASK_ID='get_data_usd' AIRFLOW_CTX_EXECUTION_DATE='2024-04-12T00:00:00+00:00' AIRFLOW_CTX_TRY_NUMBER='1' AIRFLOW_CTX_DAG_RUN_ID='scheduled__2024-04-12T00:00:00+00:00'
[2024-04-21T11:05:21.853+0000] {python.py:202} INFO - Done. Returned value was: ([['AUD', 1.5284803024, '2024-4-11'], ['BGN', 1.8137902302, '2024-4-11'], ['BRL', 5.0875506661, '2024-4-11'], ['CAD', 1.3683602162, '2024-4-11'], ['CHF', 0.9096601385, '2024-4-11'], ['CNY', 7.2357311296, '2024-4-11'], ['CZK', 23.6249845001, '2024-4-11'], ['DKK', 6.9519507105, '2024-4-11'], ['EUR', 0.9320101439, '2024-4-11'], ['GBP', 0.7964000942, '2024-4-11'], ['HKD', 7.8349713148, '2024-4-11'], ['HRK', 6.7419211851, '2024-4-11'], ['HUF', 363.2374340158, '2024-4-11'], ['IDR', 15821.529165723, '2024-4-11'], ['ILS', 3.7300005762, '2024-4-11'], ['INR', 83.2811836163, '2024-4-11'], ['ISK', 139.750748568, '2024-4-11'], ['JPY', 153.1645263716, '2024-4-11'], ['KRW', 1364.4329268448, '2024-4-11'], ['MXN', 16.4333229748, '2024-4-11'], ['MYR', 4.747000641, '2024-4-11'], ['NOK', 10.8187812915, '2024-4-11'], ['NZD', 1.6662201767, '2024-4-11'], ['PHP', 56.4287064979, '2024-4-11'], ['PLN', 3.9706904879, '2024-4-11'], ['RON', 4.6338207319, '2024-4-11'], ['RUB', 92.7336506052, '2024-4-11'], ['SEK', 10.7197119254, '2024-4-11'], ['SGD', 1.3523002502, '2024-4-11'], ['THB', 36.4208236513, '2024-4-11'], ['TRY', 32.2898948695, '2024-4-11'], ['USD', 1, '2024-4-11'], ['ZAR', 18.7130235114, '2024-4-11']], ['title', 'rate', 'date'])
[2024-04-21T11:05:22.108+0000] {taskinstance.py:1149} INFO - Marking task as SUCCESS. dag_id=currency_parsing, task_id=get_data_usd, execution_date=20240412T000000, start_date=20240421T110519, end_date=20240421T110522
[2024-04-21T11:05:22.320+0000] {local_task_job_runner.py:234} INFO - Task exited with return code 0
[2024-04-21T11:05:22.467+0000] {taskinstance.py:3309} INFO - 1 downstream tasks scheduled from follow-on schedule check
[2024-04-27T12:20:25.122+0000] {taskinstance.py:1979} INFO - Dependencies all met for dep_context=non-requeueable deps ti=<TaskInstance: currency_parsing.get_data_usd scheduled__2024-04-12T00:00:00+00:00 [queued]>
[2024-04-27T12:20:25.509+0000] {taskinstance.py:1979} INFO - Dependencies all met for dep_context=requeueable deps ti=<TaskInstance: currency_parsing.get_data_usd scheduled__2024-04-12T00:00:00+00:00 [queued]>
[2024-04-27T12:20:25.537+0000] {taskinstance.py:2193} INFO - Starting attempt 1 of 2
[2024-04-27T12:20:26.809+0000] {taskinstance.py:2214} INFO - Executing <Task(PythonOperator): get_data_usd> on 2024-04-12 00:00:00+00:00
[2024-04-27T12:20:27.695+0000] {standard_task_runner.py:60} INFO - Started process 1974 to run task
[2024-04-27T12:20:28.252+0000] {standard_task_runner.py:87} INFO - Running: ['***', 'tasks', 'run', 'currency_parsing', 'get_data_usd', 'scheduled__2024-04-12T00:00:00+00:00', '--job-id', '2334', '--raw', '--subdir', 'DAGS_FOLDER/stage/currency_parsing.py', '--cfg-path', '/tmp/tmpczu2ihw0']
[2024-04-27T12:20:28.301+0000] {standard_task_runner.py:88} INFO - Job 2334: Subtask get_data_usd
[2024-04-27T12:20:30.860+0000] {task_command.py:423} INFO - Running <TaskInstance: currency_parsing.get_data_usd scheduled__2024-04-12T00:00:00+00:00 [running]> on host 65a8688265d1
[2024-04-27T12:20:34.968+0000] {warnings.py:109} WARNING - /home/***/.local/lib/python3.8/site-packages/***/utils/context.py:207: AirflowContextDeprecationWarning: Accessing 'execution_date' from the template is deprecated and will be removed in a future version. Please use 'data_interval_start' or 'logical_date' instead.
  warnings.warn(_create_deprecation_warning(key, self._deprecation_replacements[key]))

[2024-04-27T12:20:36.551+0000] {taskinstance.py:2510} INFO - Exporting env vars: AIRFLOW_CTX_DAG_OWNER='***' AIRFLOW_CTX_DAG_ID='currency_parsing' AIRFLOW_CTX_TASK_ID='get_data_usd' AIRFLOW_CTX_EXECUTION_DATE='2024-04-12T00:00:00+00:00' AIRFLOW_CTX_TRY_NUMBER='1' AIRFLOW_CTX_DAG_RUN_ID='scheduled__2024-04-12T00:00:00+00:00'
[2024-04-27T12:20:41.556+0000] {python.py:202} INFO - Done. Returned value was: ([['AUD', 1.5284803024, '2024-4-11'], ['BGN', 1.8137902302, '2024-4-11'], ['BRL', 5.0875506661, '2024-4-11'], ['CAD', 1.3683602162, '2024-4-11'], ['CHF', 0.9096601385, '2024-4-11'], ['CNY', 7.2357311296, '2024-4-11'], ['CZK', 23.6249845001, '2024-4-11'], ['DKK', 6.9519507105, '2024-4-11'], ['EUR', 0.9320101439, '2024-4-11'], ['GBP', 0.7964000942, '2024-4-11'], ['HKD', 7.8349713148, '2024-4-11'], ['HRK', 6.7419211851, '2024-4-11'], ['HUF', 363.2374340158, '2024-4-11'], ['IDR', 15821.529165723, '2024-4-11'], ['ILS', 3.7300005762, '2024-4-11'], ['INR', 83.2811836163, '2024-4-11'], ['ISK', 139.750748568, '2024-4-11'], ['JPY', 153.1645263716, '2024-4-11'], ['KRW', 1364.4329268448, '2024-4-11'], ['MXN', 16.4333229748, '2024-4-11'], ['MYR', 4.747000641, '2024-4-11'], ['NOK', 10.8187812915, '2024-4-11'], ['NZD', 1.6662201767, '2024-4-11'], ['PHP', 56.4287064979, '2024-4-11'], ['PLN', 3.9706904879, '2024-4-11'], ['RON', 4.6338207319, '2024-4-11'], ['RUB', 92.7336506052, '2024-4-11'], ['SEK', 10.7197119254, '2024-4-11'], ['SGD', 1.3523002502, '2024-4-11'], ['THB', 36.4208236513, '2024-4-11'], ['TRY', 32.2898948695, '2024-4-11'], ['USD', 1, '2024-4-11'], ['ZAR', 18.7130235114, '2024-4-11']], ['title', 'rate', 'date'])
[2024-04-27T12:20:42.362+0000] {taskinstance.py:1149} INFO - Marking task as SUCCESS. dag_id=currency_parsing, task_id=get_data_usd, execution_date=20240412T000000, start_date=20240427T122025, end_date=20240427T122042
[2024-04-27T12:20:46.287+0000] {local_task_job_runner.py:234} INFO - Task exited with return code 0
[2024-04-27T12:20:47.581+0000] {warnings.py:109} WARNING - /home/***/.local/lib/python3.8/site-packages/***/models/baseoperator.py:1201: AirflowProviderDeprecationWarning: Call to deprecated class PostgresOperator. (Please use `***.providers.common.sql.operators.sql.SQLExecuteQueryOperator`.Also, you can provide `hook_params={'schema': <database>}`.)
  result = cls.__new__(cls)

[2024-04-27T12:20:48.585+0000] {taskinstance.py:3309} INFO - 1 downstream tasks scheduled from follow-on schedule check
