[2024-04-21T11:06:01.495+0000] {taskinstance.py:1979} INFO - Dependencies all met for dep_context=non-requeueable deps ti=<TaskInstance: currency_parsing.get_data_pound scheduled__2024-04-17T00:00:00+00:00 [queued]>
[2024-04-21T11:06:01.639+0000] {taskinstance.py:1979} INFO - Dependencies all met for dep_context=requeueable deps ti=<TaskInstance: currency_parsing.get_data_pound scheduled__2024-04-17T00:00:00+00:00 [queued]>
[2024-04-21T11:06:01.648+0000] {taskinstance.py:2193} INFO - Starting attempt 1 of 2
[2024-04-21T11:06:02.018+0000] {taskinstance.py:2214} INFO - Executing <Task(PythonOperator): get_data_pound> on 2024-04-17 00:00:00+00:00
[2024-04-21T11:06:02.110+0000] {standard_task_runner.py:60} INFO - Started process 2725 to run task
[2024-04-21T11:06:02.216+0000] {standard_task_runner.py:87} INFO - Running: ['***', 'tasks', 'run', 'currency_parsing', 'get_data_pound', 'scheduled__2024-04-17T00:00:00+00:00', '--job-id', '2072', '--raw', '--subdir', 'DAGS_FOLDER/stage/currency_parsing.py', '--cfg-path', '/tmp/tmpzgc663x9']
[2024-04-21T11:06:02.263+0000] {standard_task_runner.py:88} INFO - Job 2072: Subtask get_data_pound
[2024-04-21T11:06:02.799+0000] {task_command.py:423} INFO - Running <TaskInstance: currency_parsing.get_data_pound scheduled__2024-04-17T00:00:00+00:00 [running]> on host e671688b1343
[2024-04-21T11:06:03.393+0000] {warnings.py:109} WARNING - /home/***/.local/lib/python3.8/site-packages/***/utils/context.py:207: AirflowContextDeprecationWarning: Accessing 'execution_date' from the template is deprecated and will be removed in a future version. Please use 'data_interval_start' or 'logical_date' instead.
  warnings.warn(_create_deprecation_warning(key, self._deprecation_replacements[key]))

[2024-04-21T11:06:04.146+0000] {taskinstance.py:2510} INFO - Exporting env vars: AIRFLOW_CTX_DAG_OWNER='***' AIRFLOW_CTX_DAG_ID='currency_parsing' AIRFLOW_CTX_TASK_ID='get_data_pound' AIRFLOW_CTX_EXECUTION_DATE='2024-04-17T00:00:00+00:00' AIRFLOW_CTX_TRY_NUMBER='1' AIRFLOW_CTX_DAG_RUN_ID='scheduled__2024-04-17T00:00:00+00:00'
[2024-04-21T11:06:05.193+0000] {python.py:202} INFO - Done. Returned value was: ([['AUD', 1.9383244007, '2024-4-16'], ['BGN', 2.282195937, '2024-4-16'], ['BRL', 6.5281650224, '2024-4-16'], ['CAD', 1.7174559977, '2024-4-16'], ['CHF', 1.1342044526, '2024-4-16'], ['CNY', 8.9998388167, '2024-4-16'], ['CZK', 29.4487737788, '2024-4-16'], ['DKK', 8.7315791787, '2024-4-16'], ['EUR', 1.1702822862, '2024-4-16'], ['GBP', 1, '2024-4-16'], ['HKD', 9.7315289796, '2024-4-16'], ['HRK', 8.4654822684, '2024-4-16'], ['HUF', 462.3166386099, '2024-4-16'], ['IDR', 20091.4827255399, '2024-4-16'], ['ILS', 4.6703882505, '2024-4-16'], ['INR', 103.9369186207, '2024-4-16'], ['ISK', 176.5558541986, '2024-4-16'], ['JPY', 192.2928400392, '2024-4-16'], ['KRW', 1725.5886213902, '2024-4-16'], ['MXN', 21.1697842728, '2024-4-16'], ['MYR', 5.9593346729, '2024-4-16'], ['NOK', 13.6446909414, '2024-4-16'], ['NZD', 2.1095889279, '2024-4-16'], ['PHP', 70.8695401098, '2024-4-16'], ['PLN', 5.109961762, '2024-4-16'], ['RON', 5.8221591763, '2024-4-16'], ['RUB', 116.999903272, '2024-4-16'], ['SEK', 13.6083889814, '2024-4-16'], ['SGD', 1.6960726912, '2024-4-16'], ['THB', 45.5949649925, '2024-4-16'], ['TRY', 40.4024635363, '2024-4-16'], ['USD', 1.2432087954, '2024-4-16'], ['ZAR', 23.6580810705, '2024-4-16']], ['title', 'rate', 'date'])
[2024-04-21T11:06:05.424+0000] {taskinstance.py:1149} INFO - Marking task as SUCCESS. dag_id=currency_parsing, task_id=get_data_pound, execution_date=20240417T000000, start_date=20240421T110601, end_date=20240421T110605
[2024-04-21T11:06:06.067+0000] {local_task_job_runner.py:234} INFO - Task exited with return code 0
[2024-04-21T11:06:06.184+0000] {taskinstance.py:3309} INFO - 1 downstream tasks scheduled from follow-on schedule check
[2024-04-27T12:24:54.798+0000] {taskinstance.py:1979} INFO - Dependencies all met for dep_context=non-requeueable deps ti=<TaskInstance: currency_parsing.get_data_pound scheduled__2024-04-17T00:00:00+00:00 [queued]>
[2024-04-27T12:24:55.039+0000] {taskinstance.py:1979} INFO - Dependencies all met for dep_context=requeueable deps ti=<TaskInstance: currency_parsing.get_data_pound scheduled__2024-04-17T00:00:00+00:00 [queued]>
[2024-04-27T12:24:55.060+0000] {taskinstance.py:2193} INFO - Starting attempt 1 of 2
[2024-04-27T12:24:55.325+0000] {taskinstance.py:2214} INFO - Executing <Task(PythonOperator): get_data_pound> on 2024-04-17 00:00:00+00:00
[2024-04-27T12:24:55.411+0000] {standard_task_runner.py:60} INFO - Started process 2213 to run task
[2024-04-27T12:24:55.437+0000] {standard_task_runner.py:87} INFO - Running: ['***', 'tasks', 'run', 'currency_parsing', 'get_data_pound', 'scheduled__2024-04-17T00:00:00+00:00', '--job-id', '2429', '--raw', '--subdir', 'DAGS_FOLDER/stage/currency_parsing.py', '--cfg-path', '/tmp/tmpvd988083']
[2024-04-27T12:24:55.455+0000] {standard_task_runner.py:88} INFO - Job 2429: Subtask get_data_pound
[2024-04-27T12:24:56.204+0000] {task_command.py:423} INFO - Running <TaskInstance: currency_parsing.get_data_pound scheduled__2024-04-17T00:00:00+00:00 [running]> on host 65a8688265d1
[2024-04-27T12:24:57.281+0000] {warnings.py:109} WARNING - /home/***/.local/lib/python3.8/site-packages/***/utils/context.py:207: AirflowContextDeprecationWarning: Accessing 'execution_date' from the template is deprecated and will be removed in a future version. Please use 'data_interval_start' or 'logical_date' instead.
  warnings.warn(_create_deprecation_warning(key, self._deprecation_replacements[key]))

[2024-04-27T12:24:57.467+0000] {taskinstance.py:2510} INFO - Exporting env vars: AIRFLOW_CTX_DAG_OWNER='***' AIRFLOW_CTX_DAG_ID='currency_parsing' AIRFLOW_CTX_TASK_ID='get_data_pound' AIRFLOW_CTX_EXECUTION_DATE='2024-04-17T00:00:00+00:00' AIRFLOW_CTX_TRY_NUMBER='1' AIRFLOW_CTX_DAG_RUN_ID='scheduled__2024-04-17T00:00:00+00:00'
[2024-04-27T12:25:35.371+0000] {python.py:202} INFO - Done. Returned value was: ([['AUD', 1.9383244007, '2024-4-16'], ['BGN', 2.282195937, '2024-4-16'], ['BRL', 6.5281650224, '2024-4-16'], ['CAD', 1.7174559977, '2024-4-16'], ['CHF', 1.1342044526, '2024-4-16'], ['CNY', 8.9998388167, '2024-4-16'], ['CZK', 29.4487737788, '2024-4-16'], ['DKK', 8.7315791787, '2024-4-16'], ['EUR', 1.1702822862, '2024-4-16'], ['GBP', 1, '2024-4-16'], ['HKD', 9.7315289796, '2024-4-16'], ['HRK', 8.4654822684, '2024-4-16'], ['HUF', 462.3166386099, '2024-4-16'], ['IDR', 20091.4827255399, '2024-4-16'], ['ILS', 4.6703882505, '2024-4-16'], ['INR', 103.9369186207, '2024-4-16'], ['ISK', 176.5558541986, '2024-4-16'], ['JPY', 192.2928400392, '2024-4-16'], ['KRW', 1725.5886213902, '2024-4-16'], ['MXN', 21.1697842728, '2024-4-16'], ['MYR', 5.9593346729, '2024-4-16'], ['NOK', 13.6446909414, '2024-4-16'], ['NZD', 2.1095889279, '2024-4-16'], ['PHP', 70.8695401098, '2024-4-16'], ['PLN', 5.109961762, '2024-4-16'], ['RON', 5.8221591763, '2024-4-16'], ['RUB', 116.999903272, '2024-4-16'], ['SEK', 13.6083889814, '2024-4-16'], ['SGD', 1.6960726912, '2024-4-16'], ['THB', 45.5949649925, '2024-4-16'], ['TRY', 40.4024635363, '2024-4-16'], ['USD', 1.2432087954, '2024-4-16'], ['ZAR', 23.6580810705, '2024-4-16']], ['title', 'rate', 'date'])
[2024-04-27T12:25:36.039+0000] {taskinstance.py:1149} INFO - Marking task as SUCCESS. dag_id=currency_parsing, task_id=get_data_pound, execution_date=20240417T000000, start_date=20240427T122454, end_date=20240427T122536
[2024-04-27T12:25:36.286+0000] {local_task_job_runner.py:234} INFO - Task exited with return code 0
[2024-04-27T12:25:36.342+0000] {warnings.py:109} WARNING - /home/***/.local/lib/python3.8/site-packages/***/models/baseoperator.py:1201: AirflowProviderDeprecationWarning: Call to deprecated class PostgresOperator. (Please use `***.providers.common.sql.operators.sql.SQLExecuteQueryOperator`.Also, you can provide `hook_params={'schema': <database>}`.)
  result = cls.__new__(cls)

[2024-04-27T12:25:37.443+0000] {taskinstance.py:3309} INFO - 1 downstream tasks scheduled from follow-on schedule check
