[2024-04-21T11:05:19.438+0000] {taskinstance.py:1979} INFO - Dependencies all met for dep_context=non-requeueable deps ti=<TaskInstance: currency_parsing.get_data_pound scheduled__2024-04-12T00:00:00+00:00 [queued]>
[2024-04-21T11:05:19.539+0000] {taskinstance.py:1979} INFO - Dependencies all met for dep_context=requeueable deps ti=<TaskInstance: currency_parsing.get_data_pound scheduled__2024-04-12T00:00:00+00:00 [queued]>
[2024-04-21T11:05:19.543+0000] {taskinstance.py:2193} INFO - Starting attempt 1 of 2
[2024-04-21T11:05:19.701+0000] {taskinstance.py:2214} INFO - Executing <Task(PythonOperator): get_data_pound> on 2024-04-12 00:00:00+00:00
[2024-04-21T11:05:19.738+0000] {standard_task_runner.py:60} INFO - Started process 2631 to run task
[2024-04-21T11:05:19.795+0000] {standard_task_runner.py:87} INFO - Running: ['***', 'tasks', 'run', 'currency_parsing', 'get_data_pound', 'scheduled__2024-04-12T00:00:00+00:00', '--job-id', '2033', '--raw', '--subdir', 'DAGS_FOLDER/stage/currency_parsing.py', '--cfg-path', '/tmp/tmpve9e138b']
[2024-04-21T11:05:19.818+0000] {standard_task_runner.py:88} INFO - Job 2033: Subtask get_data_pound
[2024-04-21T11:05:20.197+0000] {task_command.py:423} INFO - Running <TaskInstance: currency_parsing.get_data_pound scheduled__2024-04-12T00:00:00+00:00 [running]> on host e671688b1343
[2024-04-21T11:05:20.848+0000] {warnings.py:109} WARNING - /home/***/.local/lib/python3.8/site-packages/***/utils/context.py:207: AirflowContextDeprecationWarning: Accessing 'execution_date' from the template is deprecated and will be removed in a future version. Please use 'data_interval_start' or 'logical_date' instead.
  warnings.warn(_create_deprecation_warning(key, self._deprecation_replacements[key]))

[2024-04-21T11:05:21.117+0000] {taskinstance.py:2510} INFO - Exporting env vars: AIRFLOW_CTX_DAG_OWNER='***' AIRFLOW_CTX_DAG_ID='currency_parsing' AIRFLOW_CTX_TASK_ID='get_data_pound' AIRFLOW_CTX_EXECUTION_DATE='2024-04-12T00:00:00+00:00' AIRFLOW_CTX_TRY_NUMBER='1' AIRFLOW_CTX_DAG_RUN_ID='scheduled__2024-04-12T00:00:00+00:00'
[2024-04-21T11:05:21.900+0000] {python.py:202} INFO - Done. Returned value was: ([['AUD', 1.9192367172, '2024-4-11'], ['BGN', 2.2774862075, '2024-4-11'], ['BRL', 6.3881844103, '2024-4-11'], ['CAD', 1.7181818864, '2024-4-11'], ['CHF', 1.1422150062, '2024-4-11'], ['CNY', 9.0855478073, '2024-4-11'], ['CZK', 29.6647183647, '2024-4-11'], ['DKK', 8.7292188451, '2024-4-11'], ['EUR', 1.1702787967, '2024-4-11'], ['GBP', 1, '2024-4-11'], ['HKD', 9.8379839127, '2024-4-11'], ['HRK', 8.465495213, '2024-4-11'], ['HUF', 456.0991851472, '2024-4-11'], ['IDR', 19866.3075016535, '2024-4-11'], ['ILS', 4.6835762619, '2024-4-11'], ['INR', 104.5720413933, '2024-4-11'], ['ISK', 175.478066346, '2024-4-11'], ['JPY', 192.3210801795, '2024-4-11'], ['KRW', 1713.2505844508, '2024-4-11'], ['MXN', 20.6345065683, '2024-4-11'], ['MYR', 5.9605726764, '2024-4-11'], ['NOK', 13.5846057406, '2024-4-11'], ['NZD', 2.0921898287, '2024-4-11'], ['PHP', 70.8547210238, '2024-4-11'], ['PLN', 4.9857986166, '2024-4-11'], ['RON', 5.8184582921, '2024-4-11'], ['RUB', 116.4410341995, '2024-4-11'], ['SEK', 13.4602092635, '2024-4-11'], ['SGD', 1.6980161856, '2024-4-11'], ['THB', 45.7318173573, '2024-4-11'], ['TRY', 40.5448154824, '2024-4-11'], ['USD', 1.2556502784, '2024-4-11'], ['ZAR', 23.4970131818, '2024-4-11']], ['title', 'rate', 'date'])
[2024-04-21T11:05:22.151+0000] {taskinstance.py:1149} INFO - Marking task as SUCCESS. dag_id=currency_parsing, task_id=get_data_pound, execution_date=20240412T000000, start_date=20240421T110519, end_date=20240421T110522
[2024-04-21T11:05:22.371+0000] {local_task_job_runner.py:234} INFO - Task exited with return code 0
[2024-04-21T11:05:22.594+0000] {taskinstance.py:3309} INFO - 1 downstream tasks scheduled from follow-on schedule check
[2024-04-27T12:20:29.309+0000] {taskinstance.py:1979} INFO - Dependencies all met for dep_context=non-requeueable deps ti=<TaskInstance: currency_parsing.get_data_pound scheduled__2024-04-12T00:00:00+00:00 [queued]>
[2024-04-27T12:20:30.279+0000] {taskinstance.py:1979} INFO - Dependencies all met for dep_context=requeueable deps ti=<TaskInstance: currency_parsing.get_data_pound scheduled__2024-04-12T00:00:00+00:00 [queued]>
[2024-04-27T12:20:30.295+0000] {taskinstance.py:2193} INFO - Starting attempt 1 of 2
[2024-04-27T12:20:31.894+0000] {taskinstance.py:2214} INFO - Executing <Task(PythonOperator): get_data_pound> on 2024-04-12 00:00:00+00:00
[2024-04-27T12:20:32.708+0000] {standard_task_runner.py:60} INFO - Started process 1979 to run task
[2024-04-27T12:20:33.382+0000] {standard_task_runner.py:87} INFO - Running: ['***', 'tasks', 'run', 'currency_parsing', 'get_data_pound', 'scheduled__2024-04-12T00:00:00+00:00', '--job-id', '2335', '--raw', '--subdir', 'DAGS_FOLDER/stage/currency_parsing.py', '--cfg-path', '/tmp/tmpd18oczig']
[2024-04-27T12:20:33.552+0000] {standard_task_runner.py:88} INFO - Job 2335: Subtask get_data_pound
[2024-04-27T12:20:35.886+0000] {task_command.py:423} INFO - Running <TaskInstance: currency_parsing.get_data_pound scheduled__2024-04-12T00:00:00+00:00 [running]> on host 65a8688265d1
[2024-04-27T12:20:36.847+0000] {warnings.py:109} WARNING - /home/***/.local/lib/python3.8/site-packages/***/utils/context.py:207: AirflowContextDeprecationWarning: Accessing 'execution_date' from the template is deprecated and will be removed in a future version. Please use 'data_interval_start' or 'logical_date' instead.
  warnings.warn(_create_deprecation_warning(key, self._deprecation_replacements[key]))

[2024-04-27T12:20:37.811+0000] {taskinstance.py:2510} INFO - Exporting env vars: AIRFLOW_CTX_DAG_OWNER='***' AIRFLOW_CTX_DAG_ID='currency_parsing' AIRFLOW_CTX_TASK_ID='get_data_pound' AIRFLOW_CTX_EXECUTION_DATE='2024-04-12T00:00:00+00:00' AIRFLOW_CTX_TRY_NUMBER='1' AIRFLOW_CTX_DAG_RUN_ID='scheduled__2024-04-12T00:00:00+00:00'
[2024-04-27T12:20:41.711+0000] {python.py:202} INFO - Done. Returned value was: ([['AUD', 1.9192367172, '2024-4-11'], ['BGN', 2.2774862075, '2024-4-11'], ['BRL', 6.3881844103, '2024-4-11'], ['CAD', 1.7181818864, '2024-4-11'], ['CHF', 1.1422150062, '2024-4-11'], ['CNY', 9.0855478073, '2024-4-11'], ['CZK', 29.6647183647, '2024-4-11'], ['DKK', 8.7292188451, '2024-4-11'], ['EUR', 1.1702787967, '2024-4-11'], ['GBP', 1, '2024-4-11'], ['HKD', 9.8379839127, '2024-4-11'], ['HRK', 8.465495213, '2024-4-11'], ['HUF', 456.0991851472, '2024-4-11'], ['IDR', 19866.3075016535, '2024-4-11'], ['ILS', 4.6835762619, '2024-4-11'], ['INR', 104.5720413933, '2024-4-11'], ['ISK', 175.478066346, '2024-4-11'], ['JPY', 192.3210801795, '2024-4-11'], ['KRW', 1713.2505844508, '2024-4-11'], ['MXN', 20.6345065683, '2024-4-11'], ['MYR', 5.9605726764, '2024-4-11'], ['NOK', 13.5846057406, '2024-4-11'], ['NZD', 2.0921898287, '2024-4-11'], ['PHP', 70.8547210238, '2024-4-11'], ['PLN', 4.9857986166, '2024-4-11'], ['RON', 5.8184582921, '2024-4-11'], ['RUB', 116.4410341995, '2024-4-11'], ['SEK', 13.4602092635, '2024-4-11'], ['SGD', 1.6980161856, '2024-4-11'], ['THB', 45.7318173573, '2024-4-11'], ['TRY', 40.5448154824, '2024-4-11'], ['USD', 1.2556502784, '2024-4-11'], ['ZAR', 23.4970131818, '2024-4-11']], ['title', 'rate', 'date'])
[2024-04-27T12:20:42.895+0000] {taskinstance.py:1149} INFO - Marking task as SUCCESS. dag_id=currency_parsing, task_id=get_data_pound, execution_date=20240412T000000, start_date=20240427T122029, end_date=20240427T122042
[2024-04-27T12:20:46.343+0000] {local_task_job_runner.py:234} INFO - Task exited with return code 0
[2024-04-27T12:20:48.887+0000] {warnings.py:109} WARNING - /home/***/.local/lib/python3.8/site-packages/***/models/baseoperator.py:1201: AirflowProviderDeprecationWarning: Call to deprecated class PostgresOperator. (Please use `***.providers.common.sql.operators.sql.SQLExecuteQueryOperator`.Also, you can provide `hook_params={'schema': <database>}`.)
  result = cls.__new__(cls)

[2024-04-27T12:20:51.874+0000] {taskinstance.py:3309} INFO - 1 downstream tasks scheduled from follow-on schedule check
