[2024-04-27T10:16:16.121+0000] {taskinstance.py:1979} INFO - Dependencies all met for dep_context=non-requeueable deps ti=<TaskInstance: currency_parsing.fetch_data_pound scheduled__2024-04-26T00:00:00+00:00 [queued]>
[2024-04-27T10:16:16.483+0000] {taskinstance.py:1979} INFO - Dependencies all met for dep_context=requeueable deps ti=<TaskInstance: currency_parsing.fetch_data_pound scheduled__2024-04-26T00:00:00+00:00 [queued]>
[2024-04-27T10:16:16.518+0000] {taskinstance.py:2193} INFO - Starting attempt 1 of 2
[2024-04-27T10:16:17.010+0000] {taskinstance.py:2214} INFO - Executing <Task(PythonOperator): fetch_data_pound> on 2024-04-26 00:00:00+00:00
[2024-04-27T10:16:17.282+0000] {standard_task_runner.py:60} INFO - Started process 129 to run task
[2024-04-27T10:16:19.095+0000] {standard_task_runner.py:87} INFO - Running: ['***', 'tasks', 'run', 'currency_parsing', 'fetch_data_pound', 'scheduled__2024-04-26T00:00:00+00:00', '--job-id', '2253', '--raw', '--subdir', 'DAGS_FOLDER/stage/currency_parsing.py', '--cfg-path', '/tmp/tmp8r35ovc6']
[2024-04-27T10:16:19.189+0000] {standard_task_runner.py:88} INFO - Job 2253: Subtask fetch_data_pound
[2024-04-27T10:16:21.920+0000] {task_command.py:423} INFO - Running <TaskInstance: currency_parsing.fetch_data_pound scheduled__2024-04-26T00:00:00+00:00 [running]> on host 65a8688265d1
[2024-04-27T10:16:23.587+0000] {taskinstance.py:2510} INFO - Exporting env vars: AIRFLOW_CTX_DAG_OWNER='***' AIRFLOW_CTX_DAG_ID='currency_parsing' AIRFLOW_CTX_TASK_ID='fetch_data_pound' AIRFLOW_CTX_EXECUTION_DATE='2024-04-26T00:00:00+00:00' AIRFLOW_CTX_TRY_NUMBER='1' AIRFLOW_CTX_DAG_RUN_ID='scheduled__2024-04-26T00:00:00+00:00'
[2024-04-27T10:16:23.972+0000] {base.py:83} INFO - Using connection ID 'dwh' for task execution.
[2024-04-27T10:16:24.225+0000] {sql.py:572} INFO - Done loading. Loaded a total of 33 rows into stage.currency_parsing_pound
[2024-04-27T10:16:24.306+0000] {python.py:202} INFO - Done. Returned value was: None
[2024-04-27T10:16:24.547+0000] {taskinstance.py:1149} INFO - Marking task as SUCCESS. dag_id=currency_parsing, task_id=fetch_data_pound, execution_date=20240426T000000, start_date=20240427T101616, end_date=20240427T101624
[2024-04-27T10:16:24.948+0000] {local_task_job_runner.py:234} INFO - Task exited with return code 0
[2024-04-27T10:16:25.469+0000] {taskinstance.py:3309} INFO - 0 downstream tasks scheduled from follow-on schedule check
[2024-04-27T12:31:49.675+0000] {taskinstance.py:1979} INFO - Dependencies all met for dep_context=non-requeueable deps ti=<TaskInstance: currency_parsing.fetch_data_pound scheduled__2024-04-26T00:00:00+00:00 [queued]>
[2024-04-27T12:31:49.763+0000] {taskinstance.py:1979} INFO - Dependencies all met for dep_context=requeueable deps ti=<TaskInstance: currency_parsing.fetch_data_pound scheduled__2024-04-26T00:00:00+00:00 [queued]>
[2024-04-27T12:31:49.765+0000] {taskinstance.py:2193} INFO - Starting attempt 1 of 2
[2024-04-27T12:31:49.880+0000] {taskinstance.py:2214} INFO - Executing <Task(PythonOperator): fetch_data_pound> on 2024-04-26 00:00:00+00:00
[2024-04-27T12:31:49.893+0000] {standard_task_runner.py:60} INFO - Started process 2574 to run task
[2024-04-27T12:31:49.916+0000] {standard_task_runner.py:87} INFO - Running: ['***', 'tasks', 'run', 'currency_parsing', 'fetch_data_pound', 'scheduled__2024-04-26T00:00:00+00:00', '--job-id', '2573', '--raw', '--subdir', 'DAGS_FOLDER/stage/currency_parsing.py', '--cfg-path', '/tmp/tmptmrlu97y']
[2024-04-27T12:31:49.930+0000] {standard_task_runner.py:88} INFO - Job 2573: Subtask fetch_data_pound
[2024-04-27T12:31:50.281+0000] {task_command.py:423} INFO - Running <TaskInstance: currency_parsing.fetch_data_pound scheduled__2024-04-26T00:00:00+00:00 [running]> on host 65a8688265d1
[2024-04-27T12:31:50.830+0000] {taskinstance.py:2510} INFO - Exporting env vars: AIRFLOW_CTX_DAG_OWNER='***' AIRFLOW_CTX_DAG_ID='currency_parsing' AIRFLOW_CTX_TASK_ID='fetch_data_pound' AIRFLOW_CTX_EXECUTION_DATE='2024-04-26T00:00:00+00:00' AIRFLOW_CTX_TRY_NUMBER='1' AIRFLOW_CTX_DAG_RUN_ID='scheduled__2024-04-26T00:00:00+00:00'
[2024-04-27T12:31:50.921+0000] {base.py:83} INFO - Using connection ID 'dwh' for task execution.
[2024-04-27T12:31:50.989+0000] {sql.py:572} INFO - Done loading. Loaded a total of 33 rows into stage.currency_parsing_pound
[2024-04-27T12:31:50.991+0000] {python.py:202} INFO - Done. Returned value was: None
[2024-04-27T12:31:51.061+0000] {taskinstance.py:1149} INFO - Marking task as SUCCESS. dag_id=currency_parsing, task_id=fetch_data_pound, execution_date=20240426T000000, start_date=20240427T123149, end_date=20240427T123151
[2024-04-27T12:31:51.233+0000] {local_task_job_runner.py:234} INFO - Task exited with return code 0
[2024-04-27T12:31:51.347+0000] {taskinstance.py:3309} INFO - 0 downstream tasks scheduled from follow-on schedule check
