[2024-04-13T12:36:22.674+0000] {taskinstance.py:1979} INFO - Dependencies all met for dep_context=non-requeueable deps ti=<TaskInstance: currency_parsing.fetch_data scheduled__2009-02-23T00:00:00+00:00 [queued]>
[2024-04-13T12:36:22.702+0000] {taskinstance.py:1979} INFO - Dependencies all met for dep_context=requeueable deps ti=<TaskInstance: currency_parsing.fetch_data scheduled__2009-02-23T00:00:00+00:00 [queued]>
[2024-04-13T12:36:22.703+0000] {taskinstance.py:2193} INFO - Starting attempt 12 of 12
[2024-04-13T12:36:22.771+0000] {taskinstance.py:2214} INFO - Executing <Task(PythonOperator): fetch_data> on 2009-02-23 00:00:00+00:00
[2024-04-13T12:36:22.791+0000] {standard_task_runner.py:60} INFO - Started process 466 to run task
[2024-04-13T12:36:22.884+0000] {standard_task_runner.py:87} INFO - Running: ['***', 'tasks', 'run', 'currency_parsing', 'fetch_data', 'scheduled__2009-02-23T00:00:00+00:00', '--job-id', '136', '--raw', '--subdir', 'DAGS_FOLDER/currency_parsing.py', '--cfg-path', '/tmp/tmp7p1fcvel']
[2024-04-13T12:36:22.918+0000] {standard_task_runner.py:88} INFO - Job 136: Subtask fetch_data
[2024-04-13T12:36:23.160+0000] {task_command.py:423} INFO - Running <TaskInstance: currency_parsing.fetch_data scheduled__2009-02-23T00:00:00+00:00 [running]> on host e8a1e0443283
[2024-04-13T12:36:23.325+0000] {taskinstance.py:2510} INFO - Exporting env vars: AIRFLOW_CTX_DAG_OWNER='***' AIRFLOW_CTX_DAG_ID='currency_parsing' AIRFLOW_CTX_TASK_ID='fetch_data' AIRFLOW_CTX_EXECUTION_DATE='2009-02-23T00:00:00+00:00' AIRFLOW_CTX_TRY_NUMBER='12' AIRFLOW_CTX_DAG_RUN_ID='scheduled__2009-02-23T00:00:00+00:00'
[2024-04-13T12:36:23.359+0000] {logging_mixin.py:188} INFO - ['АВСТРАЛИЙСКИЙ ДОЛЛАР', 'AUD', '95.29', '1', 'UP', '0.00', datetime.date(2009, 2, 23)]
[2024-04-13T12:36:23.360+0000] {logging_mixin.py:188} INFO - ['currency', 'title', 'rate', 'quantity', 'index', 'change', 'date']
[2024-04-13T12:36:23.376+0000] {base.py:83} INFO - Using connection ID 'dwh' for task execution.
[2024-04-13T12:36:23.383+0000] {taskinstance.py:2728} ERROR - Task failed with exception
Traceback (most recent call last):
  File "/home/airflow/.local/lib/python3.8/site-packages/airflow/models/taskinstance.py", line 444, in _execute_task
    result = _execute_callable(context=context, **execute_callable_kwargs)
  File "/home/airflow/.local/lib/python3.8/site-packages/airflow/models/taskinstance.py", line 414, in _execute_callable
    return execute_callable(context=context, **execute_callable_kwargs)
  File "/home/airflow/.local/lib/python3.8/site-packages/airflow/operators/python.py", line 200, in execute
    return_value = self.execute_callable()
  File "/home/airflow/.local/lib/python3.8/site-packages/airflow/operators/python.py", line 217, in execute_callable
    return self.python_callable(*self.op_args, **self.op_kwargs)
  File "/opt/airflow/dags/currency_parsing.py", line 34, in fetch_data
    dwh_hook.insert_rows(
  File "/home/airflow/.local/lib/python3.8/site-packages/airflow/providers/common/sql/hooks/sql.py", line 565, in insert_rows
    cur.execute(sql, values)
psycopg2.errors.SyntaxError: INSERT has more target columns than expressions
LINE 1: ... (currency, title, rate, quantity, index, change, date) VALU...
                                                             ^

[2024-04-13T12:36:23.404+0000] {taskinstance.py:1149} INFO - Marking task as FAILED. dag_id=currency_parsing, task_id=fetch_data, execution_date=20090223T000000, start_date=20240413T123622, end_date=20240413T123623
[2024-04-13T12:36:23.423+0000] {standard_task_runner.py:107} ERROR - Failed to execute job 136 for task fetch_data (INSERT has more target columns than expressions
LINE 1: ... (currency, title, rate, quantity, index, change, date) VALU...
                                                             ^
; 466)
[2024-04-13T12:36:23.452+0000] {local_task_job_runner.py:234} INFO - Task exited with return code 1
[2024-04-13T12:36:23.490+0000] {taskinstance.py:3309} INFO - 0 downstream tasks scheduled from follow-on schedule check
