[2024-04-13T12:18:49.975+0000] {taskinstance.py:1979} INFO - Dependencies all met for dep_context=non-requeueable deps ti=<TaskInstance: currency_parsing.fetch_data scheduled__2009-02-23T00:00:00+00:00 [queued]>
[2024-04-13T12:18:49.991+0000] {taskinstance.py:1979} INFO - Dependencies all met for dep_context=requeueable deps ti=<TaskInstance: currency_parsing.fetch_data scheduled__2009-02-23T00:00:00+00:00 [queued]>
[2024-04-13T12:18:49.992+0000] {taskinstance.py:2193} INFO - Starting attempt 4 of 4
[2024-04-13T12:18:50.016+0000] {taskinstance.py:2214} INFO - Executing <Task(PythonOperator): fetch_data> on 2009-02-23 00:00:00+00:00
[2024-04-13T12:18:50.023+0000] {standard_task_runner.py:60} INFO - Started process 191 to run task
[2024-04-13T12:18:50.030+0000] {standard_task_runner.py:87} INFO - Running: ['***', 'tasks', 'run', 'currency_parsing', 'fetch_data', 'scheduled__2009-02-23T00:00:00+00:00', '--job-id', '118', '--raw', '--subdir', 'DAGS_FOLDER/currency_parsing.py', '--cfg-path', '/tmp/tmphzr6avsa']
[2024-04-13T12:18:50.035+0000] {standard_task_runner.py:88} INFO - Job 118: Subtask fetch_data
[2024-04-13T12:18:50.128+0000] {task_command.py:423} INFO - Running <TaskInstance: currency_parsing.fetch_data scheduled__2009-02-23T00:00:00+00:00 [running]> on host e8a1e0443283
[2024-04-13T12:18:50.451+0000] {taskinstance.py:2510} INFO - Exporting env vars: AIRFLOW_CTX_DAG_OWNER='***' AIRFLOW_CTX_DAG_ID='currency_parsing' AIRFLOW_CTX_TASK_ID='fetch_data' AIRFLOW_CTX_EXECUTION_DATE='2009-02-23T00:00:00+00:00' AIRFLOW_CTX_TRY_NUMBER='4' AIRFLOW_CTX_DAG_RUN_ID='scheduled__2009-02-23T00:00:00+00:00'
[2024-04-13T12:18:50.474+0000] {taskinstance.py:2728} ERROR - Task failed with exception
Traceback (most recent call last):
  File "/home/airflow/.local/lib/python3.8/site-packages/airflow/models/taskinstance.py", line 444, in _execute_task
    result = _execute_callable(context=context, **execute_callable_kwargs)
  File "/home/airflow/.local/lib/python3.8/site-packages/airflow/models/taskinstance.py", line 414, in _execute_callable
    return execute_callable(context=context, **execute_callable_kwargs)
  File "/home/airflow/.local/lib/python3.8/site-packages/airflow/operators/python.py", line 200, in execute
    return_value = self.execute_callable()
  File "/home/airflow/.local/lib/python3.8/site-packages/airflow/operators/python.py", line 217, in execute_callable
    return self.python_callable(*self.op_args, **self.op_kwargs)
  File "/opt/airflow/dags/currency_parsing.py", line 31, in _fetch_data
    rows, fields = transformed_data
TypeError: cannot unpack non-iterable NoneType object
[2024-04-13T12:18:50.495+0000] {taskinstance.py:1149} INFO - Marking task as FAILED. dag_id=currency_parsing, task_id=fetch_data, execution_date=20090223T000000, start_date=20240413T121849, end_date=20240413T121850
[2024-04-13T12:18:50.520+0000] {standard_task_runner.py:107} ERROR - Failed to execute job 118 for task fetch_data (cannot unpack non-iterable NoneType object; 191)
[2024-04-13T12:18:50.573+0000] {local_task_job_runner.py:234} INFO - Task exited with return code 1
[2024-04-13T12:18:50.614+0000] {taskinstance.py:3309} INFO - 0 downstream tasks scheduled from follow-on schedule check
