[2024-04-21T11:06:29.323+0000] {taskinstance.py:1979} INFO - Dependencies all met for dep_context=non-requeueable deps ti=<TaskInstance: currency_parsing.fetch_data_pound scheduled__2024-04-15T00:00:00+00:00 [queued]>
[2024-04-21T11:06:29.529+0000] {taskinstance.py:1979} INFO - Dependencies all met for dep_context=requeueable deps ti=<TaskInstance: currency_parsing.fetch_data_pound scheduled__2024-04-15T00:00:00+00:00 [queued]>
[2024-04-21T11:06:29.572+0000] {taskinstance.py:2193} INFO - Starting attempt 1 of 2
[2024-04-21T11:06:29.910+0000] {taskinstance.py:2214} INFO - Executing <Task(PythonOperator): fetch_data_pound> on 2024-04-15 00:00:00+00:00
[2024-04-21T11:06:29.982+0000] {standard_task_runner.py:60} INFO - Started process 2787 to run task
[2024-04-21T11:06:30.075+0000] {standard_task_runner.py:87} INFO - Running: ['***', 'tasks', 'run', 'currency_parsing', 'fetch_data_pound', 'scheduled__2024-04-15T00:00:00+00:00', '--job-id', '2102', '--raw', '--subdir', 'DAGS_FOLDER/stage/currency_parsing.py', '--cfg-path', '/tmp/tmprxycnv_j']
[2024-04-21T11:06:30.148+0000] {standard_task_runner.py:88} INFO - Job 2102: Subtask fetch_data_pound
[2024-04-21T11:06:30.994+0000] {task_command.py:423} INFO - Running <TaskInstance: currency_parsing.fetch_data_pound scheduled__2024-04-15T00:00:00+00:00 [running]> on host e671688b1343
[2024-04-21T11:06:32.487+0000] {taskinstance.py:2510} INFO - Exporting env vars: AIRFLOW_CTX_DAG_OWNER='***' AIRFLOW_CTX_DAG_ID='currency_parsing' AIRFLOW_CTX_TASK_ID='fetch_data_pound' AIRFLOW_CTX_EXECUTION_DATE='2024-04-15T00:00:00+00:00' AIRFLOW_CTX_TRY_NUMBER='1' AIRFLOW_CTX_DAG_RUN_ID='scheduled__2024-04-15T00:00:00+00:00'
[2024-04-21T11:06:32.683+0000] {base.py:83} INFO - Using connection ID 'dwh' for task execution.
[2024-04-21T11:06:32.770+0000] {sql.py:572} INFO - Done loading. Loaded a total of 33 rows into stage.currency_parsing_pound
[2024-04-21T11:06:32.778+0000] {python.py:202} INFO - Done. Returned value was: None
[2024-04-21T11:06:32.942+0000] {taskinstance.py:1149} INFO - Marking task as SUCCESS. dag_id=currency_parsing, task_id=fetch_data_pound, execution_date=20240415T000000, start_date=20240421T110629, end_date=20240421T110632
[2024-04-21T11:06:33.245+0000] {local_task_job_runner.py:234} INFO - Task exited with return code 0
[2024-04-21T11:06:33.503+0000] {taskinstance.py:3309} INFO - 0 downstream tasks scheduled from follow-on schedule check
[2024-04-27T12:29:41.533+0000] {taskinstance.py:1979} INFO - Dependencies all met for dep_context=non-requeueable deps ti=<TaskInstance: currency_parsing.fetch_data_pound scheduled__2024-04-15T00:00:00+00:00 [queued]>
[2024-04-27T12:29:41.780+0000] {taskinstance.py:1979} INFO - Dependencies all met for dep_context=requeueable deps ti=<TaskInstance: currency_parsing.fetch_data_pound scheduled__2024-04-15T00:00:00+00:00 [queued]>
[2024-04-27T12:29:41.781+0000] {taskinstance.py:2193} INFO - Starting attempt 1 of 2
[2024-04-27T12:29:42.284+0000] {taskinstance.py:2214} INFO - Executing <Task(PythonOperator): fetch_data_pound> on 2024-04-15 00:00:00+00:00
[2024-04-27T12:29:42.344+0000] {standard_task_runner.py:60} INFO - Started process 2436 to run task
[2024-04-27T12:29:42.385+0000] {standard_task_runner.py:87} INFO - Running: ['***', 'tasks', 'run', 'currency_parsing', 'fetch_data_pound', 'scheduled__2024-04-15T00:00:00+00:00', '--job-id', '2514', '--raw', '--subdir', 'DAGS_FOLDER/stage/currency_parsing.py', '--cfg-path', '/tmp/tmpycs3__r3']
[2024-04-27T12:29:42.432+0000] {standard_task_runner.py:88} INFO - Job 2514: Subtask fetch_data_pound
[2024-04-27T12:29:43.043+0000] {task_command.py:423} INFO - Running <TaskInstance: currency_parsing.fetch_data_pound scheduled__2024-04-15T00:00:00+00:00 [running]> on host 65a8688265d1
[2024-04-27T12:29:44.145+0000] {taskinstance.py:2510} INFO - Exporting env vars: AIRFLOW_CTX_DAG_OWNER='***' AIRFLOW_CTX_DAG_ID='currency_parsing' AIRFLOW_CTX_TASK_ID='fetch_data_pound' AIRFLOW_CTX_EXECUTION_DATE='2024-04-15T00:00:00+00:00' AIRFLOW_CTX_TRY_NUMBER='1' AIRFLOW_CTX_DAG_RUN_ID='scheduled__2024-04-15T00:00:00+00:00'
[2024-04-27T12:29:44.486+0000] {base.py:83} INFO - Using connection ID 'dwh' for task execution.
[2024-04-27T12:29:44.701+0000] {taskinstance.py:2728} ERROR - Task failed with exception
Traceback (most recent call last):
  File "/home/airflow/.local/lib/python3.8/site-packages/airflow/models/taskinstance.py", line 444, in _execute_task
    result = _execute_callable(context=context, **execute_callable_kwargs)
  File "/home/airflow/.local/lib/python3.8/site-packages/airflow/models/taskinstance.py", line 414, in _execute_callable
    return execute_callable(context=context, **execute_callable_kwargs)
  File "/home/airflow/.local/lib/python3.8/site-packages/airflow/operators/python.py", line 200, in execute
    return_value = self.execute_callable()
  File "/home/airflow/.local/lib/python3.8/site-packages/airflow/operators/python.py", line 217, in execute_callable
    return self.python_callable(*self.op_args, **self.op_kwargs)
  File "/opt/airflow/dags/stage/currency_parsing.py", line 73, in fetch_data_pound
    dwh_hook.insert_rows(
  File "/home/airflow/.local/lib/python3.8/site-packages/airflow/providers/common/sql/hooks/sql.py", line 565, in insert_rows
    cur.execute(sql, values)
psycopg2.errors.UndefinedTable: relation "stage.currency_parsing_pound" does not exist
LINE 1: INSERT INTO stage.currency_parsing_pound (title, rate, date)...
                    ^

[2024-04-27T12:29:44.885+0000] {taskinstance.py:1149} INFO - Marking task as UP_FOR_RETRY. dag_id=currency_parsing, task_id=fetch_data_pound, execution_date=20240415T000000, start_date=20240427T122941, end_date=20240427T122944
[2024-04-27T12:29:45.281+0000] {standard_task_runner.py:107} ERROR - Failed to execute job 2514 for task fetch_data_pound (relation "stage.currency_parsing_pound" does not exist
LINE 1: INSERT INTO stage.currency_parsing_pound (title, rate, date)...
                    ^
; 2436)
[2024-04-27T12:29:45.483+0000] {local_task_job_runner.py:234} INFO - Task exited with return code 1
[2024-04-27T12:29:46.752+0000] {taskinstance.py:3309} INFO - 0 downstream tasks scheduled from follow-on schedule check
