[2024-04-14T08:53:52.141+0000] {taskinstance.py:1979} INFO - Dependencies all met for dep_context=non-requeueable deps ti=<TaskInstance: currency_parsing.fetch_data scheduled__2024-02-24T00:00:00+00:00 [queued]>
[2024-04-14T08:53:52.544+0000] {taskinstance.py:1979} INFO - Dependencies all met for dep_context=requeueable deps ti=<TaskInstance: currency_parsing.fetch_data scheduled__2024-02-24T00:00:00+00:00 [queued]>
[2024-04-14T08:53:52.546+0000] {taskinstance.py:2193} INFO - Starting attempt 1 of 2
[2024-04-14T08:53:52.849+0000] {taskinstance.py:2214} INFO - Executing <Task(PythonOperator): fetch_data> on 2024-02-24 00:00:00+00:00
[2024-04-14T08:53:52.862+0000] {standard_task_runner.py:60} INFO - Started process 1198 to run task
[2024-04-14T08:53:52.990+0000] {standard_task_runner.py:87} INFO - Running: ['***', 'tasks', 'run', 'currency_parsing', 'fetch_data', 'scheduled__2024-02-24T00:00:00+00:00', '--job-id', '352', '--raw', '--subdir', 'DAGS_FOLDER/currency_parsing.py', '--cfg-path', '/tmp/tmpefriqqvj']
[2024-04-14T08:53:53.072+0000] {standard_task_runner.py:88} INFO - Job 352: Subtask fetch_data
[2024-04-14T08:53:53.548+0000] {task_command.py:423} INFO - Running <TaskInstance: currency_parsing.fetch_data scheduled__2024-02-24T00:00:00+00:00 [running]> on host e8a1e0443283
[2024-04-14T08:53:54.609+0000] {taskinstance.py:2510} INFO - Exporting env vars: AIRFLOW_CTX_DAG_OWNER='***' AIRFLOW_CTX_DAG_ID='currency_parsing' AIRFLOW_CTX_TASK_ID='fetch_data' AIRFLOW_CTX_EXECUTION_DATE='2024-02-24T00:00:00+00:00' AIRFLOW_CTX_TRY_NUMBER='1' AIRFLOW_CTX_DAG_RUN_ID='scheduled__2024-02-24T00:00:00+00:00'
[2024-04-14T08:53:54.877+0000] {base.py:83} INFO - Using connection ID 'dwh' for task execution.
[2024-04-14T08:53:55.083+0000] {sql.py:572} INFO - Done loading. Loaded a total of 39 rows into currency_parsing
[2024-04-14T08:53:55.085+0000] {python.py:202} INFO - Done. Returned value was: None
[2024-04-14T08:53:55.148+0000] {taskinstance.py:1149} INFO - Marking task as SUCCESS. dag_id=currency_parsing, task_id=fetch_data, execution_date=20240224T000000, start_date=20240414T085352, end_date=20240414T085355
[2024-04-14T08:53:55.667+0000] {local_task_job_runner.py:234} INFO - Task exited with return code 0
[2024-04-14T08:53:55.790+0000] {taskinstance.py:3309} INFO - 0 downstream tasks scheduled from follow-on schedule check
[2024-04-14T10:11:15.950+0000] {taskinstance.py:1979} INFO - Dependencies all met for dep_context=non-requeueable deps ti=<TaskInstance: currency_parsing.fetch_data scheduled__2024-02-24T00:00:00+00:00 [queued]>
[2024-04-14T10:11:16.046+0000] {taskinstance.py:1979} INFO - Dependencies all met for dep_context=requeueable deps ti=<TaskInstance: currency_parsing.fetch_data scheduled__2024-02-24T00:00:00+00:00 [queued]>
[2024-04-14T10:11:16.052+0000] {taskinstance.py:2193} INFO - Starting attempt 1 of 2
[2024-04-14T10:11:16.244+0000] {taskinstance.py:2214} INFO - Executing <Task(PythonOperator): fetch_data> on 2024-02-24 00:00:00+00:00
[2024-04-14T10:11:16.267+0000] {standard_task_runner.py:60} INFO - Started process 526 to run task
[2024-04-14T10:11:16.276+0000] {standard_task_runner.py:87} INFO - Running: ['***', 'tasks', 'run', 'currency_parsing', 'fetch_data', 'scheduled__2024-02-24T00:00:00+00:00', '--job-id', '663', '--raw', '--subdir', 'DAGS_FOLDER/currency_parsing.py', '--cfg-path', '/tmp/tmp60045ilz']
[2024-04-14T10:11:16.378+0000] {standard_task_runner.py:88} INFO - Job 663: Subtask fetch_data
[2024-04-14T10:11:17.100+0000] {task_command.py:423} INFO - Running <TaskInstance: currency_parsing.fetch_data scheduled__2024-02-24T00:00:00+00:00 [running]> on host 1c15aab9396c
[2024-04-14T10:11:17.897+0000] {taskinstance.py:2510} INFO - Exporting env vars: AIRFLOW_CTX_DAG_OWNER='***' AIRFLOW_CTX_DAG_ID='currency_parsing' AIRFLOW_CTX_TASK_ID='fetch_data' AIRFLOW_CTX_EXECUTION_DATE='2024-02-24T00:00:00+00:00' AIRFLOW_CTX_TRY_NUMBER='1' AIRFLOW_CTX_DAG_RUN_ID='scheduled__2024-02-24T00:00:00+00:00'
[2024-04-14T10:11:17.996+0000] {base.py:83} INFO - Using connection ID 'dwh' for task execution.
[2024-04-14T10:11:18.079+0000] {sql.py:572} INFO - Done loading. Loaded a total of 39 rows into currency_parsing
[2024-04-14T10:11:18.081+0000] {python.py:202} INFO - Done. Returned value was: None
[2024-04-14T10:11:18.131+0000] {taskinstance.py:1149} INFO - Marking task as SUCCESS. dag_id=currency_parsing, task_id=fetch_data, execution_date=20240224T000000, start_date=20240414T101115, end_date=20240414T101118
[2024-04-14T10:11:18.241+0000] {local_task_job_runner.py:234} INFO - Task exited with return code 0
[2024-04-14T10:11:18.549+0000] {taskinstance.py:3309} INFO - 0 downstream tasks scheduled from follow-on schedule check
