[2024-04-14T08:55:29.665+0000] {taskinstance.py:1979} INFO - Dependencies all met for dep_context=non-requeueable deps ti=<TaskInstance: currency_parsing.fetch_data scheduled__2024-03-20T00:00:00+00:00 [queued]>
[2024-04-14T08:55:29.768+0000] {taskinstance.py:1979} INFO - Dependencies all met for dep_context=requeueable deps ti=<TaskInstance: currency_parsing.fetch_data scheduled__2024-03-20T00:00:00+00:00 [queued]>
[2024-04-14T08:55:29.774+0000] {taskinstance.py:2193} INFO - Starting attempt 1 of 2
[2024-04-14T08:55:30.094+0000] {taskinstance.py:2214} INFO - Executing <Task(PythonOperator): fetch_data> on 2024-03-20 00:00:00+00:00
[2024-04-14T08:55:30.222+0000] {standard_task_runner.py:60} INFO - Started process 1352 to run task
[2024-04-14T08:55:30.314+0000] {standard_task_runner.py:87} INFO - Running: ['***', 'tasks', 'run', 'currency_parsing', 'fetch_data', 'scheduled__2024-03-20T00:00:00+00:00', '--job-id', '421', '--raw', '--subdir', 'DAGS_FOLDER/currency_parsing.py', '--cfg-path', '/tmp/tmprivlzezq']
[2024-04-14T08:55:30.374+0000] {standard_task_runner.py:88} INFO - Job 421: Subtask fetch_data
[2024-04-14T08:55:31.325+0000] {task_command.py:423} INFO - Running <TaskInstance: currency_parsing.fetch_data scheduled__2024-03-20T00:00:00+00:00 [running]> on host e8a1e0443283
[2024-04-14T08:55:32.212+0000] {taskinstance.py:2510} INFO - Exporting env vars: AIRFLOW_CTX_DAG_OWNER='***' AIRFLOW_CTX_DAG_ID='currency_parsing' AIRFLOW_CTX_TASK_ID='fetch_data' AIRFLOW_CTX_EXECUTION_DATE='2024-03-20T00:00:00+00:00' AIRFLOW_CTX_TRY_NUMBER='1' AIRFLOW_CTX_DAG_RUN_ID='scheduled__2024-03-20T00:00:00+00:00'
[2024-04-14T08:55:32.348+0000] {base.py:83} INFO - Using connection ID 'dwh' for task execution.
[2024-04-14T08:55:32.490+0000] {sql.py:572} INFO - Done loading. Loaded a total of 39 rows into currency_parsing
[2024-04-14T08:55:32.534+0000] {python.py:202} INFO - Done. Returned value was: None
[2024-04-14T08:55:32.640+0000] {taskinstance.py:1149} INFO - Marking task as SUCCESS. dag_id=currency_parsing, task_id=fetch_data, execution_date=20240320T000000, start_date=20240414T085529, end_date=20240414T085532
[2024-04-14T08:55:33.116+0000] {local_task_job_runner.py:234} INFO - Task exited with return code 0
[2024-04-14T08:55:33.501+0000] {taskinstance.py:3309} INFO - 0 downstream tasks scheduled from follow-on schedule check
[2024-04-14T10:12:07.402+0000] {taskinstance.py:1979} INFO - Dependencies all met for dep_context=non-requeueable deps ti=<TaskInstance: currency_parsing.fetch_data scheduled__2024-03-20T00:00:00+00:00 [queued]>
[2024-04-14T10:12:07.486+0000] {taskinstance.py:1979} INFO - Dependencies all met for dep_context=requeueable deps ti=<TaskInstance: currency_parsing.fetch_data scheduled__2024-03-20T00:00:00+00:00 [queued]>
[2024-04-14T10:12:07.487+0000] {taskinstance.py:2193} INFO - Starting attempt 1 of 2
[2024-04-14T10:12:07.557+0000] {taskinstance.py:2214} INFO - Executing <Task(PythonOperator): fetch_data> on 2024-03-20 00:00:00+00:00
[2024-04-14T10:12:07.571+0000] {standard_task_runner.py:60} INFO - Started process 641 to run task
[2024-04-14T10:12:07.599+0000] {standard_task_runner.py:87} INFO - Running: ['***', 'tasks', 'run', 'currency_parsing', 'fetch_data', 'scheduled__2024-03-20T00:00:00+00:00', '--job-id', '719', '--raw', '--subdir', 'DAGS_FOLDER/currency_parsing.py', '--cfg-path', '/tmp/tmp26ovs06s']
[2024-04-14T10:12:07.624+0000] {standard_task_runner.py:88} INFO - Job 719: Subtask fetch_data
[2024-04-14T10:12:07.880+0000] {task_command.py:423} INFO - Running <TaskInstance: currency_parsing.fetch_data scheduled__2024-03-20T00:00:00+00:00 [running]> on host 1c15aab9396c
[2024-04-14T10:12:08.445+0000] {taskinstance.py:2510} INFO - Exporting env vars: AIRFLOW_CTX_DAG_OWNER='***' AIRFLOW_CTX_DAG_ID='currency_parsing' AIRFLOW_CTX_TASK_ID='fetch_data' AIRFLOW_CTX_EXECUTION_DATE='2024-03-20T00:00:00+00:00' AIRFLOW_CTX_TRY_NUMBER='1' AIRFLOW_CTX_DAG_RUN_ID='scheduled__2024-03-20T00:00:00+00:00'
[2024-04-14T10:12:08.531+0000] {base.py:83} INFO - Using connection ID 'dwh' for task execution.
[2024-04-14T10:12:08.596+0000] {sql.py:572} INFO - Done loading. Loaded a total of 39 rows into currency_parsing
[2024-04-14T10:12:08.598+0000] {python.py:202} INFO - Done. Returned value was: None
[2024-04-14T10:12:08.642+0000] {taskinstance.py:1149} INFO - Marking task as SUCCESS. dag_id=currency_parsing, task_id=fetch_data, execution_date=20240320T000000, start_date=20240414T101207, end_date=20240414T101208
[2024-04-14T10:12:08.770+0000] {local_task_job_runner.py:234} INFO - Task exited with return code 0
[2024-04-14T10:12:08.824+0000] {taskinstance.py:3309} INFO - 0 downstream tasks scheduled from follow-on schedule check
