[2024-04-14T08:53:54.887+0000] {taskinstance.py:1979} INFO - Dependencies all met for dep_context=non-requeueable deps ti=<TaskInstance: currency_parsing.fetch_data scheduled__2024-02-25T00:00:00+00:00 [queued]>
[2024-04-14T08:53:55.059+0000] {taskinstance.py:1979} INFO - Dependencies all met for dep_context=requeueable deps ti=<TaskInstance: currency_parsing.fetch_data scheduled__2024-02-25T00:00:00+00:00 [queued]>
[2024-04-14T08:53:55.064+0000] {taskinstance.py:2193} INFO - Starting attempt 1 of 2
[2024-04-14T08:53:55.484+0000] {taskinstance.py:2214} INFO - Executing <Task(PythonOperator): fetch_data> on 2024-02-25 00:00:00+00:00
[2024-04-14T08:53:55.604+0000] {standard_task_runner.py:60} INFO - Started process 1204 to run task
[2024-04-14T08:53:55.682+0000] {standard_task_runner.py:87} INFO - Running: ['***', 'tasks', 'run', 'currency_parsing', 'fetch_data', 'scheduled__2024-02-25T00:00:00+00:00', '--job-id', '356', '--raw', '--subdir', 'DAGS_FOLDER/currency_parsing.py', '--cfg-path', '/tmp/tmpb5yzer6n']
[2024-04-14T08:53:55.761+0000] {standard_task_runner.py:88} INFO - Job 356: Subtask fetch_data
[2024-04-14T08:53:56.232+0000] {task_command.py:423} INFO - Running <TaskInstance: currency_parsing.fetch_data scheduled__2024-02-25T00:00:00+00:00 [running]> on host e8a1e0443283
[2024-04-14T08:53:56.921+0000] {taskinstance.py:2510} INFO - Exporting env vars: AIRFLOW_CTX_DAG_OWNER='***' AIRFLOW_CTX_DAG_ID='currency_parsing' AIRFLOW_CTX_TASK_ID='fetch_data' AIRFLOW_CTX_EXECUTION_DATE='2024-02-25T00:00:00+00:00' AIRFLOW_CTX_TRY_NUMBER='1' AIRFLOW_CTX_DAG_RUN_ID='scheduled__2024-02-25T00:00:00+00:00'
[2024-04-14T08:53:57.300+0000] {base.py:83} INFO - Using connection ID 'dwh' for task execution.
[2024-04-14T08:53:57.351+0000] {sql.py:572} INFO - Done loading. Loaded a total of 39 rows into currency_parsing
[2024-04-14T08:53:57.352+0000] {python.py:202} INFO - Done. Returned value was: None
[2024-04-14T08:53:57.425+0000] {taskinstance.py:1149} INFO - Marking task as SUCCESS. dag_id=currency_parsing, task_id=fetch_data, execution_date=20240225T000000, start_date=20240414T085354, end_date=20240414T085357
[2024-04-14T08:53:57.580+0000] {local_task_job_runner.py:234} INFO - Task exited with return code 0
[2024-04-14T08:53:57.768+0000] {taskinstance.py:3309} INFO - 0 downstream tasks scheduled from follow-on schedule check
[2024-04-14T10:11:09.836+0000] {taskinstance.py:1979} INFO - Dependencies all met for dep_context=non-requeueable deps ti=<TaskInstance: currency_parsing.fetch_data scheduled__2024-02-25T00:00:00+00:00 [queued]>
[2024-04-14T10:11:10.089+0000] {taskinstance.py:1979} INFO - Dependencies all met for dep_context=requeueable deps ti=<TaskInstance: currency_parsing.fetch_data scheduled__2024-02-25T00:00:00+00:00 [queued]>
[2024-04-14T10:11:10.140+0000] {taskinstance.py:2193} INFO - Starting attempt 1 of 2
[2024-04-14T10:11:10.366+0000] {taskinstance.py:2214} INFO - Executing <Task(PythonOperator): fetch_data> on 2024-02-25 00:00:00+00:00
[2024-04-14T10:11:10.389+0000] {standard_task_runner.py:60} INFO - Started process 515 to run task
[2024-04-14T10:11:10.446+0000] {standard_task_runner.py:87} INFO - Running: ['***', 'tasks', 'run', 'currency_parsing', 'fetch_data', 'scheduled__2024-02-25T00:00:00+00:00', '--job-id', '660', '--raw', '--subdir', 'DAGS_FOLDER/currency_parsing.py', '--cfg-path', '/tmp/tmpon_hwx25']
[2024-04-14T10:11:10.532+0000] {standard_task_runner.py:88} INFO - Job 660: Subtask fetch_data
[2024-04-14T10:11:11.332+0000] {task_command.py:423} INFO - Running <TaskInstance: currency_parsing.fetch_data scheduled__2024-02-25T00:00:00+00:00 [running]> on host 1c15aab9396c
[2024-04-14T10:11:12.594+0000] {taskinstance.py:2510} INFO - Exporting env vars: AIRFLOW_CTX_DAG_OWNER='***' AIRFLOW_CTX_DAG_ID='currency_parsing' AIRFLOW_CTX_TASK_ID='fetch_data' AIRFLOW_CTX_EXECUTION_DATE='2024-02-25T00:00:00+00:00' AIRFLOW_CTX_TRY_NUMBER='1' AIRFLOW_CTX_DAG_RUN_ID='scheduled__2024-02-25T00:00:00+00:00'
[2024-04-14T10:11:12.805+0000] {base.py:83} INFO - Using connection ID 'dwh' for task execution.
[2024-04-14T10:11:12.902+0000] {sql.py:572} INFO - Done loading. Loaded a total of 39 rows into currency_parsing
[2024-04-14T10:11:12.903+0000] {python.py:202} INFO - Done. Returned value was: None
[2024-04-14T10:11:13.049+0000] {taskinstance.py:1149} INFO - Marking task as SUCCESS. dag_id=currency_parsing, task_id=fetch_data, execution_date=20240225T000000, start_date=20240414T101109, end_date=20240414T101113
[2024-04-14T10:11:13.359+0000] {local_task_job_runner.py:234} INFO - Task exited with return code 0
[2024-04-14T10:11:13.462+0000] {taskinstance.py:3309} INFO - 0 downstream tasks scheduled from follow-on schedule check
