[2024-04-21T09:02:32.355+0000] {taskinstance.py:1979} INFO - Dependencies all met for dep_context=non-requeueable deps ti=<TaskInstance: currency_parsing.get_data_pound scheduled__2024-04-20T00:00:00+00:00 [queued]>
[2024-04-21T09:02:32.425+0000] {taskinstance.py:1979} INFO - Dependencies all met for dep_context=requeueable deps ti=<TaskInstance: currency_parsing.get_data_pound scheduled__2024-04-20T00:00:00+00:00 [queued]>
[2024-04-21T09:02:32.426+0000] {taskinstance.py:2193} INFO - Starting attempt 1 of 2
[2024-04-21T09:02:32.477+0000] {taskinstance.py:2214} INFO - Executing <Task(PythonOperator): get_data_pound> on 2024-04-20 00:00:00+00:00
[2024-04-21T09:02:32.488+0000] {standard_task_runner.py:60} INFO - Started process 991 to run task
[2024-04-21T09:02:32.503+0000] {standard_task_runner.py:87} INFO - Running: ['***', 'tasks', 'run', 'currency_parsing', 'get_data_pound', 'scheduled__2024-04-20T00:00:00+00:00', '--job-id', '917', '--raw', '--subdir', 'DAGS_FOLDER/stage/currency_parsing.py', '--cfg-path', '/tmp/tmp7dlv5425']
[2024-04-21T09:02:32.544+0000] {standard_task_runner.py:88} INFO - Job 917: Subtask get_data_pound
[2024-04-21T09:02:32.759+0000] {task_command.py:423} INFO - Running <TaskInstance: currency_parsing.get_data_pound scheduled__2024-04-20T00:00:00+00:00 [running]> on host 31aa6d9ea6ff
[2024-04-21T09:02:33.146+0000] {warnings.py:109} WARNING - /home/***/.local/lib/python3.8/site-packages/***/utils/context.py:207: AirflowContextDeprecationWarning: Accessing 'execution_date' from the template is deprecated and will be removed in a future version. Please use 'data_interval_start' or 'logical_date' instead.
  warnings.warn(_create_deprecation_warning(key, self._deprecation_replacements[key]))

[2024-04-21T09:02:33.453+0000] {taskinstance.py:2510} INFO - Exporting env vars: AIRFLOW_CTX_DAG_OWNER='***' AIRFLOW_CTX_DAG_ID='currency_parsing' AIRFLOW_CTX_TASK_ID='get_data_pound' AIRFLOW_CTX_EXECUTION_DATE='2024-04-20T00:00:00+00:00' AIRFLOW_CTX_TRY_NUMBER='1' AIRFLOW_CTX_DAG_RUN_ID='scheduled__2024-04-20T00:00:00+00:00'
[2024-04-21T09:02:34.547+0000] {python.py:202} INFO - Done. Returned value was: ([['AUD', 1.9271170437, '2024-4-19'], ['BGN', 2.2789762706, '2024-4-19'], ['BRL', 6.4427398876, '2024-4-19'], ['CAD', 1.7007371492, '2024-4-19'], ['CHF', 1.1257391028, '2024-4-19'], ['CNY', 8.9580169761, '2024-4-19'], ['CZK', 29.2930158764, '2024-4-19'], ['DKK', 8.6633801525, '2024-4-19'], ['EUR', 1.1608569445, '2024-4-19'], ['GBP', 1, '2024-4-19'], ['HKD', 9.6887133472, '2024-4-19'], ['HRK', 8.4655002058, '2024-4-19'], ['HUF', 457.1052831484, '2024-4-19'], ['IDR', 20085.0133407632, '2024-4-19'], ['ILS', 4.655674034, '2024-4-19'], ['INR', 103.0980700371, '2024-4-19'], ['ISK', 174.7651063404, '2024-4-19'], ['JPY', 191.2911161535, '2024-4-19'], ['KRW', 1698.9309985954, '2024-4-19'], ['MXN', 21.1476096279, '2024-4-19'], ['MYR', 5.9181736743, '2024-4-19'], ['NOK', 13.6310088936, '2024-4-19'], ['NZD', 2.099836724, '2024-4-19'], ['PHP', 71.1174354756, '2024-4-19'], ['PLN', 5.0005070554, '2024-4-19'], ['RON', 5.7759082835, '2024-4-19'], ['RUB', 115.350075616, '2024-4-19'], ['SEK', 13.5102045242, '2024-4-19'], ['SGD', 1.6834936377, '2024-4-19'], ['THB', 45.54872352, '2024-4-19'], ['TRY', 40.2131187123, '2024-4-19'], ['USD', 1.2369805801, '2024-4-19'], ['ZAR', 23.6044139676, '2024-4-19']], ['title', 'rate', 'date'])
[2024-04-21T09:02:34.887+0000] {taskinstance.py:1149} INFO - Marking task as SUCCESS. dag_id=currency_parsing, task_id=get_data_pound, execution_date=20240420T000000, start_date=20240421T090232, end_date=20240421T090234
[2024-04-21T09:02:34.987+0000] {local_task_job_runner.py:234} INFO - Task exited with return code 0
[2024-04-21T09:02:35.115+0000] {taskinstance.py:3309} INFO - 1 downstream tasks scheduled from follow-on schedule check
[2024-04-21T10:14:56.704+0000] {taskinstance.py:1979} INFO - Dependencies all met for dep_context=non-requeueable deps ti=<TaskInstance: currency_parsing.get_data_pound scheduled__2024-04-20T00:00:00+00:00 [queued]>
[2024-04-21T10:14:56.750+0000] {taskinstance.py:1979} INFO - Dependencies all met for dep_context=requeueable deps ti=<TaskInstance: currency_parsing.get_data_pound scheduled__2024-04-20T00:00:00+00:00 [queued]>
[2024-04-21T10:14:56.754+0000] {taskinstance.py:2193} INFO - Starting attempt 1 of 2
[2024-04-21T10:14:56.856+0000] {taskinstance.py:2214} INFO - Executing <Task(PythonOperator): get_data_pound> on 2024-04-20 00:00:00+00:00
[2024-04-21T10:14:56.898+0000] {standard_task_runner.py:60} INFO - Started process 1413 to run task
[2024-04-21T10:14:56.897+0000] {standard_task_runner.py:87} INFO - Running: ['***', 'tasks', 'run', 'currency_parsing', 'get_data_pound', 'scheduled__2024-04-20T00:00:00+00:00', '--job-id', '946', '--raw', '--subdir', 'DAGS_FOLDER/stage/currency_parsing.py', '--cfg-path', '/tmp/tmppz5xt8k9']
[2024-04-21T10:14:56.911+0000] {standard_task_runner.py:88} INFO - Job 946: Subtask get_data_pound
[2024-04-21T10:14:57.399+0000] {task_command.py:423} INFO - Running <TaskInstance: currency_parsing.get_data_pound scheduled__2024-04-20T00:00:00+00:00 [running]> on host 31aa6d9ea6ff
[2024-04-21T10:14:57.725+0000] {warnings.py:109} WARNING - /home/***/.local/lib/python3.8/site-packages/***/utils/context.py:207: AirflowContextDeprecationWarning: Accessing 'execution_date' from the template is deprecated and will be removed in a future version. Please use 'data_interval_start' or 'logical_date' instead.
  warnings.warn(_create_deprecation_warning(key, self._deprecation_replacements[key]))

[2024-04-21T10:14:57.917+0000] {taskinstance.py:2510} INFO - Exporting env vars: AIRFLOW_CTX_DAG_OWNER='***' AIRFLOW_CTX_DAG_ID='currency_parsing' AIRFLOW_CTX_TASK_ID='get_data_pound' AIRFLOW_CTX_EXECUTION_DATE='2024-04-20T00:00:00+00:00' AIRFLOW_CTX_TRY_NUMBER='1' AIRFLOW_CTX_DAG_RUN_ID='scheduled__2024-04-20T00:00:00+00:00'
[2024-04-21T10:14:59.032+0000] {python.py:202} INFO - Done. Returned value was: ([['AUD', 1.9271170437, '2024-4-19'], ['BGN', 2.2789762706, '2024-4-19'], ['BRL', 6.4427398876, '2024-4-19'], ['CAD', 1.7007371492, '2024-4-19'], ['CHF', 1.1257391028, '2024-4-19'], ['CNY', 8.9580169761, '2024-4-19'], ['CZK', 29.2930158764, '2024-4-19'], ['DKK', 8.6633801525, '2024-4-19'], ['EUR', 1.1608569445, '2024-4-19'], ['GBP', 1, '2024-4-19'], ['HKD', 9.6887133472, '2024-4-19'], ['HRK', 8.4655002058, '2024-4-19'], ['HUF', 457.1052831484, '2024-4-19'], ['IDR', 20085.0133407632, '2024-4-19'], ['ILS', 4.655674034, '2024-4-19'], ['INR', 103.0980700371, '2024-4-19'], ['ISK', 174.7651063404, '2024-4-19'], ['JPY', 191.2911161535, '2024-4-19'], ['KRW', 1698.9309985954, '2024-4-19'], ['MXN', 21.1476096279, '2024-4-19'], ['MYR', 5.9181736743, '2024-4-19'], ['NOK', 13.6310088936, '2024-4-19'], ['NZD', 2.099836724, '2024-4-19'], ['PHP', 71.1174354756, '2024-4-19'], ['PLN', 5.0005070554, '2024-4-19'], ['RON', 5.7759082835, '2024-4-19'], ['RUB', 115.350075616, '2024-4-19'], ['SEK', 13.5102045242, '2024-4-19'], ['SGD', 1.6834936377, '2024-4-19'], ['THB', 45.54872352, '2024-4-19'], ['TRY', 40.2131187123, '2024-4-19'], ['USD', 1.2369805801, '2024-4-19'], ['ZAR', 23.6044139676, '2024-4-19']], ['title', 'rate', 'date'])
[2024-04-21T10:14:59.193+0000] {taskinstance.py:1149} INFO - Marking task as SUCCESS. dag_id=currency_parsing, task_id=get_data_pound, execution_date=20240420T000000, start_date=20240421T101456, end_date=20240421T101459
[2024-04-21T10:14:59.279+0000] {local_task_job_runner.py:234} INFO - Task exited with return code 0
[2024-04-21T10:14:59.405+0000] {taskinstance.py:3309} INFO - 1 downstream tasks scheduled from follow-on schedule check
[2024-04-21T10:18:12.497+0000] {taskinstance.py:1979} INFO - Dependencies all met for dep_context=non-requeueable deps ti=<TaskInstance: currency_parsing.get_data_pound scheduled__2024-04-20T00:00:00+00:00 [queued]>
[2024-04-21T10:18:12.550+0000] {taskinstance.py:1979} INFO - Dependencies all met for dep_context=requeueable deps ti=<TaskInstance: currency_parsing.get_data_pound scheduled__2024-04-20T00:00:00+00:00 [queued]>
[2024-04-21T10:18:12.557+0000] {taskinstance.py:2193} INFO - Starting attempt 1 of 2
[2024-04-21T10:18:12.670+0000] {taskinstance.py:2214} INFO - Executing <Task(PythonOperator): get_data_pound> on 2024-04-20 00:00:00+00:00
[2024-04-21T10:18:12.713+0000] {standard_task_runner.py:60} INFO - Started process 1501 to run task
[2024-04-21T10:18:12.740+0000] {standard_task_runner.py:87} INFO - Running: ['***', 'tasks', 'run', 'currency_parsing', 'get_data_pound', 'scheduled__2024-04-20T00:00:00+00:00', '--job-id', '967', '--raw', '--subdir', 'DAGS_FOLDER/stage/currency_parsing.py', '--cfg-path', '/tmp/tmpowq0d6cx']
[2024-04-21T10:18:12.772+0000] {standard_task_runner.py:88} INFO - Job 967: Subtask get_data_pound
[2024-04-21T10:18:12.968+0000] {task_command.py:423} INFO - Running <TaskInstance: currency_parsing.get_data_pound scheduled__2024-04-20T00:00:00+00:00 [running]> on host 31aa6d9ea6ff
[2024-04-21T10:18:13.248+0000] {warnings.py:109} WARNING - /home/***/.local/lib/python3.8/site-packages/***/utils/context.py:207: AirflowContextDeprecationWarning: Accessing 'execution_date' from the template is deprecated and will be removed in a future version. Please use 'data_interval_start' or 'logical_date' instead.
  warnings.warn(_create_deprecation_warning(key, self._deprecation_replacements[key]))

[2024-04-21T10:18:13.579+0000] {taskinstance.py:2510} INFO - Exporting env vars: AIRFLOW_CTX_DAG_OWNER='***' AIRFLOW_CTX_DAG_ID='currency_parsing' AIRFLOW_CTX_TASK_ID='get_data_pound' AIRFLOW_CTX_EXECUTION_DATE='2024-04-20T00:00:00+00:00' AIRFLOW_CTX_TRY_NUMBER='1' AIRFLOW_CTX_DAG_RUN_ID='scheduled__2024-04-20T00:00:00+00:00'
[2024-04-21T10:18:14.246+0000] {python.py:202} INFO - Done. Returned value was: ([['AUD', 1.9271170437, '2024-4-19'], ['BGN', 2.2789762706, '2024-4-19'], ['BRL', 6.4427398876, '2024-4-19'], ['CAD', 1.7007371492, '2024-4-19'], ['CHF', 1.1257391028, '2024-4-19'], ['CNY', 8.9580169761, '2024-4-19'], ['CZK', 29.2930158764, '2024-4-19'], ['DKK', 8.6633801525, '2024-4-19'], ['EUR', 1.1608569445, '2024-4-19'], ['GBP', 1, '2024-4-19'], ['HKD', 9.6887133472, '2024-4-19'], ['HRK', 8.4655002058, '2024-4-19'], ['HUF', 457.1052831484, '2024-4-19'], ['IDR', 20085.0133407632, '2024-4-19'], ['ILS', 4.655674034, '2024-4-19'], ['INR', 103.0980700371, '2024-4-19'], ['ISK', 174.7651063404, '2024-4-19'], ['JPY', 191.2911161535, '2024-4-19'], ['KRW', 1698.9309985954, '2024-4-19'], ['MXN', 21.1476096279, '2024-4-19'], ['MYR', 5.9181736743, '2024-4-19'], ['NOK', 13.6310088936, '2024-4-19'], ['NZD', 2.099836724, '2024-4-19'], ['PHP', 71.1174354756, '2024-4-19'], ['PLN', 5.0005070554, '2024-4-19'], ['RON', 5.7759082835, '2024-4-19'], ['RUB', 115.350075616, '2024-4-19'], ['SEK', 13.5102045242, '2024-4-19'], ['SGD', 1.6834936377, '2024-4-19'], ['THB', 45.54872352, '2024-4-19'], ['TRY', 40.2131187123, '2024-4-19'], ['USD', 1.2369805801, '2024-4-19'], ['ZAR', 23.6044139676, '2024-4-19']], ['title', 'rate', 'date'])
[2024-04-21T10:18:14.326+0000] {taskinstance.py:1149} INFO - Marking task as SUCCESS. dag_id=currency_parsing, task_id=get_data_pound, execution_date=20240420T000000, start_date=20240421T101812, end_date=20240421T101814
[2024-04-21T10:18:14.383+0000] {local_task_job_runner.py:234} INFO - Task exited with return code 0
[2024-04-21T10:18:14.436+0000] {taskinstance.py:3309} INFO - 1 downstream tasks scheduled from follow-on schedule check
[2024-04-21T10:38:46.444+0000] {taskinstance.py:1979} INFO - Dependencies all met for dep_context=non-requeueable deps ti=<TaskInstance: currency_parsing.get_data_pound scheduled__2024-04-20T00:00:00+00:00 [queued]>
[2024-04-21T10:38:46.484+0000] {taskinstance.py:1979} INFO - Dependencies all met for dep_context=requeueable deps ti=<TaskInstance: currency_parsing.get_data_pound scheduled__2024-04-20T00:00:00+00:00 [queued]>
[2024-04-21T10:38:46.508+0000] {taskinstance.py:2193} INFO - Starting attempt 1 of 2
[2024-04-21T10:38:46.712+0000] {taskinstance.py:2214} INFO - Executing <Task(PythonOperator): get_data_pound> on 2024-04-20 00:00:00+00:00
[2024-04-21T10:38:46.745+0000] {standard_task_runner.py:60} INFO - Started process 226 to run task
[2024-04-21T10:38:46.805+0000] {standard_task_runner.py:87} INFO - Running: ['***', 'tasks', 'run', 'currency_parsing', 'get_data_pound', 'scheduled__2024-04-20T00:00:00+00:00', '--job-id', '991', '--raw', '--subdir', 'DAGS_FOLDER/stage/currency_parsing.py', '--cfg-path', '/tmp/tmp8al57lvy']
[2024-04-21T10:38:46.920+0000] {standard_task_runner.py:88} INFO - Job 991: Subtask get_data_pound
[2024-04-21T10:38:48.029+0000] {task_command.py:423} INFO - Running <TaskInstance: currency_parsing.get_data_pound scheduled__2024-04-20T00:00:00+00:00 [running]> on host e671688b1343
[2024-04-21T10:38:48.505+0000] {warnings.py:109} WARNING - /home/***/.local/lib/python3.8/site-packages/***/utils/context.py:207: AirflowContextDeprecationWarning: Accessing 'execution_date' from the template is deprecated and will be removed in a future version. Please use 'data_interval_start' or 'logical_date' instead.
  warnings.warn(_create_deprecation_warning(key, self._deprecation_replacements[key]))

[2024-04-21T10:38:48.728+0000] {taskinstance.py:2510} INFO - Exporting env vars: AIRFLOW_CTX_DAG_OWNER='***' AIRFLOW_CTX_DAG_ID='currency_parsing' AIRFLOW_CTX_TASK_ID='get_data_pound' AIRFLOW_CTX_EXECUTION_DATE='2024-04-20T00:00:00+00:00' AIRFLOW_CTX_TRY_NUMBER='1' AIRFLOW_CTX_DAG_RUN_ID='scheduled__2024-04-20T00:00:00+00:00'
[2024-04-21T10:38:49.502+0000] {python.py:202} INFO - Done. Returned value was: ([['AUD', 1.9271170437, '2024-4-19'], ['BGN', 2.2789762706, '2024-4-19'], ['BRL', 6.4427398876, '2024-4-19'], ['CAD', 1.7007371492, '2024-4-19'], ['CHF', 1.1257391028, '2024-4-19'], ['CNY', 8.9580169761, '2024-4-19'], ['CZK', 29.2930158764, '2024-4-19'], ['DKK', 8.6633801525, '2024-4-19'], ['EUR', 1.1608569445, '2024-4-19'], ['GBP', 1, '2024-4-19'], ['HKD', 9.6887133472, '2024-4-19'], ['HRK', 8.4655002058, '2024-4-19'], ['HUF', 457.1052831484, '2024-4-19'], ['IDR', 20085.0133407632, '2024-4-19'], ['ILS', 4.655674034, '2024-4-19'], ['INR', 103.0980700371, '2024-4-19'], ['ISK', 174.7651063404, '2024-4-19'], ['JPY', 191.2911161535, '2024-4-19'], ['KRW', 1698.9309985954, '2024-4-19'], ['MXN', 21.1476096279, '2024-4-19'], ['MYR', 5.9181736743, '2024-4-19'], ['NOK', 13.6310088936, '2024-4-19'], ['NZD', 2.099836724, '2024-4-19'], ['PHP', 71.1174354756, '2024-4-19'], ['PLN', 5.0005070554, '2024-4-19'], ['RON', 5.7759082835, '2024-4-19'], ['RUB', 115.350075616, '2024-4-19'], ['SEK', 13.5102045242, '2024-4-19'], ['SGD', 1.6834936377, '2024-4-19'], ['THB', 45.54872352, '2024-4-19'], ['TRY', 40.2131187123, '2024-4-19'], ['USD', 1.2369805801, '2024-4-19'], ['ZAR', 23.6044139676, '2024-4-19']], ['title', 'rate', 'date'])
[2024-04-21T10:38:49.676+0000] {taskinstance.py:1149} INFO - Marking task as SUCCESS. dag_id=currency_parsing, task_id=get_data_pound, execution_date=20240420T000000, start_date=20240421T103846, end_date=20240421T103849
[2024-04-21T10:38:49.858+0000] {local_task_job_runner.py:234} INFO - Task exited with return code 0
[2024-04-21T10:38:49.993+0000] {taskinstance.py:3309} INFO - 1 downstream tasks scheduled from follow-on schedule check
[2024-04-21T11:06:25.564+0000] {taskinstance.py:1979} INFO - Dependencies all met for dep_context=non-requeueable deps ti=<TaskInstance: currency_parsing.get_data_pound scheduled__2024-04-20T00:00:00+00:00 [queued]>
[2024-04-21T11:06:25.762+0000] {taskinstance.py:1979} INFO - Dependencies all met for dep_context=requeueable deps ti=<TaskInstance: currency_parsing.get_data_pound scheduled__2024-04-20T00:00:00+00:00 [queued]>
[2024-04-21T11:06:25.773+0000] {taskinstance.py:2193} INFO - Starting attempt 1 of 2
[2024-04-21T11:06:26.069+0000] {taskinstance.py:2214} INFO - Executing <Task(PythonOperator): get_data_pound> on 2024-04-20 00:00:00+00:00
[2024-04-21T11:06:26.259+0000] {standard_task_runner.py:60} INFO - Started process 2776 to run task
[2024-04-21T11:06:26.305+0000] {standard_task_runner.py:87} INFO - Running: ['***', 'tasks', 'run', 'currency_parsing', 'get_data_pound', 'scheduled__2024-04-20T00:00:00+00:00', '--job-id', '2096', '--raw', '--subdir', 'DAGS_FOLDER/stage/currency_parsing.py', '--cfg-path', '/tmp/tmp1zigxol2']
[2024-04-21T11:06:26.428+0000] {standard_task_runner.py:88} INFO - Job 2096: Subtask get_data_pound
[2024-04-21T11:06:27.097+0000] {task_command.py:423} INFO - Running <TaskInstance: currency_parsing.get_data_pound scheduled__2024-04-20T00:00:00+00:00 [running]> on host e671688b1343
[2024-04-21T11:06:27.973+0000] {warnings.py:109} WARNING - /home/***/.local/lib/python3.8/site-packages/***/utils/context.py:207: AirflowContextDeprecationWarning: Accessing 'execution_date' from the template is deprecated and will be removed in a future version. Please use 'data_interval_start' or 'logical_date' instead.
  warnings.warn(_create_deprecation_warning(key, self._deprecation_replacements[key]))

[2024-04-21T11:06:28.751+0000] {taskinstance.py:2510} INFO - Exporting env vars: AIRFLOW_CTX_DAG_OWNER='***' AIRFLOW_CTX_DAG_ID='currency_parsing' AIRFLOW_CTX_TASK_ID='get_data_pound' AIRFLOW_CTX_EXECUTION_DATE='2024-04-20T00:00:00+00:00' AIRFLOW_CTX_TRY_NUMBER='1' AIRFLOW_CTX_DAG_RUN_ID='scheduled__2024-04-20T00:00:00+00:00'
[2024-04-21T11:06:30.348+0000] {python.py:202} INFO - Done. Returned value was: ([['AUD', 1.9271170437, '2024-4-19'], ['BGN', 2.2789762706, '2024-4-19'], ['BRL', 6.4427398876, '2024-4-19'], ['CAD', 1.7007371492, '2024-4-19'], ['CHF', 1.1257391028, '2024-4-19'], ['CNY', 8.9580169761, '2024-4-19'], ['CZK', 29.2930158764, '2024-4-19'], ['DKK', 8.6633801525, '2024-4-19'], ['EUR', 1.1608569445, '2024-4-19'], ['GBP', 1, '2024-4-19'], ['HKD', 9.6887133472, '2024-4-19'], ['HRK', 8.4655002058, '2024-4-19'], ['HUF', 457.1052831484, '2024-4-19'], ['IDR', 20085.0133407632, '2024-4-19'], ['ILS', 4.655674034, '2024-4-19'], ['INR', 103.0980700371, '2024-4-19'], ['ISK', 174.7651063404, '2024-4-19'], ['JPY', 191.2911161535, '2024-4-19'], ['KRW', 1698.9309985954, '2024-4-19'], ['MXN', 21.1476096279, '2024-4-19'], ['MYR', 5.9181736743, '2024-4-19'], ['NOK', 13.6310088936, '2024-4-19'], ['NZD', 2.099836724, '2024-4-19'], ['PHP', 71.1174354756, '2024-4-19'], ['PLN', 5.0005070554, '2024-4-19'], ['RON', 5.7759082835, '2024-4-19'], ['RUB', 115.350075616, '2024-4-19'], ['SEK', 13.5102045242, '2024-4-19'], ['SGD', 1.6834936377, '2024-4-19'], ['THB', 45.54872352, '2024-4-19'], ['TRY', 40.2131187123, '2024-4-19'], ['USD', 1.2369805801, '2024-4-19'], ['ZAR', 23.6044139676, '2024-4-19']], ['title', 'rate', 'date'])
[2024-04-21T11:06:30.539+0000] {taskinstance.py:1149} INFO - Marking task as SUCCESS. dag_id=currency_parsing, task_id=get_data_pound, execution_date=20240420T000000, start_date=20240421T110625, end_date=20240421T110630
[2024-04-21T11:06:30.835+0000] {local_task_job_runner.py:234} INFO - Task exited with return code 0
[2024-04-21T11:06:31.329+0000] {taskinstance.py:3309} INFO - 1 downstream tasks scheduled from follow-on schedule check
[2024-04-27T12:27:16.973+0000] {taskinstance.py:1979} INFO - Dependencies all met for dep_context=non-requeueable deps ti=<TaskInstance: currency_parsing.get_data_pound scheduled__2024-04-20T00:00:00+00:00 [queued]>
[2024-04-27T12:27:17.682+0000] {taskinstance.py:1979} INFO - Dependencies all met for dep_context=requeueable deps ti=<TaskInstance: currency_parsing.get_data_pound scheduled__2024-04-20T00:00:00+00:00 [queued]>
[2024-04-27T12:27:17.714+0000] {taskinstance.py:2193} INFO - Starting attempt 1 of 2
[2024-04-27T12:27:19.995+0000] {taskinstance.py:2214} INFO - Executing <Task(PythonOperator): get_data_pound> on 2024-04-20 00:00:00+00:00
[2024-04-27T12:27:20.201+0000] {standard_task_runner.py:60} INFO - Started process 2347 to run task
[2024-04-27T12:27:20.412+0000] {standard_task_runner.py:87} INFO - Running: ['***', 'tasks', 'run', 'currency_parsing', 'get_data_pound', 'scheduled__2024-04-20T00:00:00+00:00', '--job-id', '2483', '--raw', '--subdir', 'DAGS_FOLDER/stage/currency_parsing.py', '--cfg-path', '/tmp/tmprzeg9a68']
[2024-04-27T12:27:20.488+0000] {standard_task_runner.py:88} INFO - Job 2483: Subtask get_data_pound
[2024-04-27T12:27:22.945+0000] {task_command.py:423} INFO - Running <TaskInstance: currency_parsing.get_data_pound scheduled__2024-04-20T00:00:00+00:00 [running]> on host 65a8688265d1
[2024-04-27T12:27:25.780+0000] {warnings.py:109} WARNING - /home/***/.local/lib/python3.8/site-packages/***/utils/context.py:207: AirflowContextDeprecationWarning: Accessing 'execution_date' from the template is deprecated and will be removed in a future version. Please use 'data_interval_start' or 'logical_date' instead.
  warnings.warn(_create_deprecation_warning(key, self._deprecation_replacements[key]))

[2024-04-27T12:27:28.267+0000] {taskinstance.py:2510} INFO - Exporting env vars: AIRFLOW_CTX_DAG_OWNER='***' AIRFLOW_CTX_DAG_ID='currency_parsing' AIRFLOW_CTX_TASK_ID='get_data_pound' AIRFLOW_CTX_EXECUTION_DATE='2024-04-20T00:00:00+00:00' AIRFLOW_CTX_TRY_NUMBER='1' AIRFLOW_CTX_DAG_RUN_ID='scheduled__2024-04-20T00:00:00+00:00'
[2024-04-27T12:28:14.319+0000] {python.py:202} INFO - Done. Returned value was: ([['AUD', 1.9271170437, '2024-4-19'], ['BGN', 2.2789762706, '2024-4-19'], ['BRL', 6.4427398876, '2024-4-19'], ['CAD', 1.7007371492, '2024-4-19'], ['CHF', 1.1257391028, '2024-4-19'], ['CNY', 8.9580169761, '2024-4-19'], ['CZK', 29.2930158764, '2024-4-19'], ['DKK', 8.6633801525, '2024-4-19'], ['EUR', 1.1608569445, '2024-4-19'], ['GBP', 1, '2024-4-19'], ['HKD', 9.6887133472, '2024-4-19'], ['HRK', 8.4655002058, '2024-4-19'], ['HUF', 457.1052831484, '2024-4-19'], ['IDR', 20085.0133407632, '2024-4-19'], ['ILS', 4.655674034, '2024-4-19'], ['INR', 103.0980700371, '2024-4-19'], ['ISK', 174.7651063404, '2024-4-19'], ['JPY', 191.2911161535, '2024-4-19'], ['KRW', 1698.9309985954, '2024-4-19'], ['MXN', 21.1476096279, '2024-4-19'], ['MYR', 5.9181736743, '2024-4-19'], ['NOK', 13.6310088936, '2024-4-19'], ['NZD', 2.099836724, '2024-4-19'], ['PHP', 71.1174354756, '2024-4-19'], ['PLN', 5.0005070554, '2024-4-19'], ['RON', 5.7759082835, '2024-4-19'], ['RUB', 115.350075616, '2024-4-19'], ['SEK', 13.5102045242, '2024-4-19'], ['SGD', 1.6834936377, '2024-4-19'], ['THB', 45.54872352, '2024-4-19'], ['TRY', 40.2131187123, '2024-4-19'], ['USD', 1.2369805801, '2024-4-19'], ['ZAR', 23.6044139676, '2024-4-19']], ['title', 'rate', 'date'])
[2024-04-27T12:28:14.718+0000] {taskinstance.py:1149} INFO - Marking task as SUCCESS. dag_id=currency_parsing, task_id=get_data_pound, execution_date=20240420T000000, start_date=20240427T122717, end_date=20240427T122814
[2024-04-27T12:28:14.920+0000] {local_task_job_runner.py:234} INFO - Task exited with return code 0
[2024-04-27T12:28:15.414+0000] {taskinstance.py:3309} INFO - 1 downstream tasks scheduled from follow-on schedule check
