[2024-04-26T10:32:53.014+0000] {taskinstance.py:1979} INFO - Dependencies all met for dep_context=non-requeueable deps ti=<TaskInstance: currency_parsing.get_data_usd scheduled__2024-04-25T00:00:00+00:00 [queued]>
[2024-04-26T10:32:53.065+0000] {taskinstance.py:1979} INFO - Dependencies all met for dep_context=requeueable deps ti=<TaskInstance: currency_parsing.get_data_usd scheduled__2024-04-25T00:00:00+00:00 [queued]>
[2024-04-26T10:32:53.070+0000] {taskinstance.py:2193} INFO - Starting attempt 1 of 2
[2024-04-26T10:32:53.118+0000] {taskinstance.py:2214} INFO - Executing <Task(PythonOperator): get_data_usd> on 2024-04-25 00:00:00+00:00
[2024-04-26T10:32:53.130+0000] {standard_task_runner.py:60} INFO - Started process 271 to run task
[2024-04-26T10:32:53.189+0000] {standard_task_runner.py:87} INFO - Running: ['***', 'tasks', 'run', 'currency_parsing', 'get_data_usd', 'scheduled__2024-04-25T00:00:00+00:00', '--job-id', '2179', '--raw', '--subdir', 'DAGS_FOLDER/stage/currency_parsing.py', '--cfg-path', '/tmp/tmp_fhd_bao']
[2024-04-26T10:32:53.206+0000] {standard_task_runner.py:88} INFO - Job 2179: Subtask get_data_usd
[2024-04-26T10:32:53.486+0000] {task_command.py:423} INFO - Running <TaskInstance: currency_parsing.get_data_usd scheduled__2024-04-25T00:00:00+00:00 [running]> on host 4284c2c978e3
[2024-04-26T10:32:53.715+0000] {warnings.py:109} WARNING - /home/***/.local/lib/python3.8/site-packages/***/utils/context.py:207: AirflowContextDeprecationWarning: Accessing 'execution_date' from the template is deprecated and will be removed in a future version. Please use 'data_interval_start' or 'logical_date' instead.
  warnings.warn(_create_deprecation_warning(key, self._deprecation_replacements[key]))

[2024-04-26T10:32:54.025+0000] {taskinstance.py:2510} INFO - Exporting env vars: AIRFLOW_CTX_DAG_OWNER='***' AIRFLOW_CTX_DAG_ID='currency_parsing' AIRFLOW_CTX_TASK_ID='get_data_usd' AIRFLOW_CTX_EXECUTION_DATE='2024-04-25T00:00:00+00:00' AIRFLOW_CTX_TRY_NUMBER='1' AIRFLOW_CTX_DAG_RUN_ID='scheduled__2024-04-25T00:00:00+00:00'
[2024-04-26T10:32:54.779+0000] {python.py:202} INFO - Done. Returned value was: ([['AUD', 1.5388401662, '2024-4-24'], ['BGN', 1.8219102238, '2024-4-24'], ['BRL', 5.1455206035, '2024-4-24'], ['CAD', 1.3702002067, '2024-4-24'], ['CHF', 0.9142301421, '2024-4-24'], ['CNY', 7.2387007735, '2024-4-24'], ['CZK', 23.563732443, '2024-4-24'], ['DKK', 6.9694413882, '2024-4-24'], ['EUR', 0.9344601722, '2024-4-24'], ['GBP', 0.8025000963, '2024-4-24'], ['HKD', 7.8270909472, '2024-4-24'], ['HRK', 6.793530933, '2024-4-24'], ['HUF', 367.7460804909, '2024-4-24'], ['IDR', 16116.717598985, '2024-4-24'], ['ILS', 3.7784906155, '2024-4-24'], ['INR', 83.2799787047, '2024-4-24'], ['ISK', 140.1642080638, '2024-4-24'], ['JPY', 155.2399263302, '2024-4-24'], ['KRW', 1372.8806711735, '2024-4-24'], ['MXN', 17.0749817874, '2024-4-24'], ['MYR', 4.7715008146, '2024-4-24'], ['NOK', 10.9905213662, '2024-4-24'], ['NZD', 1.6846802514, '2024-4-24'], ['PHP', 57.4693307346, '2024-4-24'], ['PLN', 4.0508108073, '2024-4-24'], ['RON', 4.649580761, '2024-4-24'], ['RUB', 92.2888099857, '2024-4-24'], ['SEK', 10.8777719102, '2024-4-24'], ['SGD', 1.3613601683, '2024-4-24'], ['THB', 37.063664642, '2024-4-24'], ['TRY', 32.6509741478, '2024-4-24'], ['USD', 1, '2024-4-24'], ['ZAR', 19.2244730386, '2024-4-24']], ['title', 'rate', 'date'])
[2024-04-26T10:32:54.902+0000] {taskinstance.py:1149} INFO - Marking task as SUCCESS. dag_id=currency_parsing, task_id=get_data_usd, execution_date=20240425T000000, start_date=20240426T103253, end_date=20240426T103254
[2024-04-26T10:32:54.967+0000] {local_task_job_runner.py:234} INFO - Task exited with return code 0
[2024-04-26T10:32:55.080+0000] {taskinstance.py:3309} INFO - 1 downstream tasks scheduled from follow-on schedule check
[2024-04-26T13:16:15.617+0000] {taskinstance.py:1979} INFO - Dependencies all met for dep_context=non-requeueable deps ti=<TaskInstance: currency_parsing.get_data_usd scheduled__2024-04-25T00:00:00+00:00 [queued]>
[2024-04-26T13:16:15.669+0000] {taskinstance.py:1979} INFO - Dependencies all met for dep_context=requeueable deps ti=<TaskInstance: currency_parsing.get_data_usd scheduled__2024-04-25T00:00:00+00:00 [queued]>
[2024-04-26T13:16:15.670+0000] {taskinstance.py:2193} INFO - Starting attempt 1 of 2
[2024-04-26T13:16:15.741+0000] {taskinstance.py:2214} INFO - Executing <Task(PythonOperator): get_data_usd> on 2024-04-25 00:00:00+00:00
[2024-04-26T13:16:15.762+0000] {standard_task_runner.py:60} INFO - Started process 433 to run task
[2024-04-26T13:16:15.775+0000] {standard_task_runner.py:87} INFO - Running: ['***', 'tasks', 'run', 'currency_parsing', 'get_data_usd', 'scheduled__2024-04-25T00:00:00+00:00', '--job-id', '2213', '--raw', '--subdir', 'DAGS_FOLDER/stage/currency_parsing.py', '--cfg-path', '/tmp/tmpl_5h3egr']
[2024-04-26T13:16:15.794+0000] {standard_task_runner.py:88} INFO - Job 2213: Subtask get_data_usd
[2024-04-26T13:16:16.147+0000] {task_command.py:423} INFO - Running <TaskInstance: currency_parsing.get_data_usd scheduled__2024-04-25T00:00:00+00:00 [running]> on host 65a8688265d1
[2024-04-26T13:16:16.398+0000] {warnings.py:109} WARNING - /home/***/.local/lib/python3.8/site-packages/***/utils/context.py:207: AirflowContextDeprecationWarning: Accessing 'execution_date' from the template is deprecated and will be removed in a future version. Please use 'data_interval_start' or 'logical_date' instead.
  warnings.warn(_create_deprecation_warning(key, self._deprecation_replacements[key]))

[2024-04-26T13:16:16.927+0000] {taskinstance.py:2510} INFO - Exporting env vars: AIRFLOW_CTX_DAG_OWNER='***' AIRFLOW_CTX_DAG_ID='currency_parsing' AIRFLOW_CTX_TASK_ID='get_data_usd' AIRFLOW_CTX_EXECUTION_DATE='2024-04-25T00:00:00+00:00' AIRFLOW_CTX_TRY_NUMBER='1' AIRFLOW_CTX_DAG_RUN_ID='scheduled__2024-04-25T00:00:00+00:00'
[2024-04-26T13:16:19.482+0000] {python.py:202} INFO - Done. Returned value was: ([['AUD', 1.5388401662, '2024-4-24'], ['BGN', 1.8219102238, '2024-4-24'], ['BRL', 5.1455206035, '2024-4-24'], ['CAD', 1.3702002067, '2024-4-24'], ['CHF', 0.9142301421, '2024-4-24'], ['CNY', 7.2387007735, '2024-4-24'], ['CZK', 23.563732443, '2024-4-24'], ['DKK', 6.9694413882, '2024-4-24'], ['EUR', 0.9344601722, '2024-4-24'], ['GBP', 0.8025000963, '2024-4-24'], ['HKD', 7.8270909472, '2024-4-24'], ['HRK', 6.793530933, '2024-4-24'], ['HUF', 367.7460804909, '2024-4-24'], ['IDR', 16116.717598985, '2024-4-24'], ['ILS', 3.7784906155, '2024-4-24'], ['INR', 83.2799787047, '2024-4-24'], ['ISK', 140.1642080638, '2024-4-24'], ['JPY', 155.2399263302, '2024-4-24'], ['KRW', 1372.8806711735, '2024-4-24'], ['MXN', 17.0749817874, '2024-4-24'], ['MYR', 4.7715008146, '2024-4-24'], ['NOK', 10.9905213662, '2024-4-24'], ['NZD', 1.6846802514, '2024-4-24'], ['PHP', 57.4693307346, '2024-4-24'], ['PLN', 4.0508108073, '2024-4-24'], ['RON', 4.649580761, '2024-4-24'], ['RUB', 92.2888099857, '2024-4-24'], ['SEK', 10.8777719102, '2024-4-24'], ['SGD', 1.3613601683, '2024-4-24'], ['THB', 37.063664642, '2024-4-24'], ['TRY', 32.6509741478, '2024-4-24'], ['USD', 1, '2024-4-24'], ['ZAR', 19.2244730386, '2024-4-24']], ['title', 'rate', 'date'])
[2024-04-26T13:16:19.805+0000] {taskinstance.py:1149} INFO - Marking task as SUCCESS. dag_id=currency_parsing, task_id=get_data_usd, execution_date=20240425T000000, start_date=20240426T131615, end_date=20240426T131619
[2024-04-26T13:16:20.068+0000] {local_task_job_runner.py:234} INFO - Task exited with return code 0
[2024-04-26T13:16:20.168+0000] {taskinstance.py:3309} INFO - 1 downstream tasks scheduled from follow-on schedule check
[2024-04-27T12:30:38.550+0000] {taskinstance.py:1979} INFO - Dependencies all met for dep_context=non-requeueable deps ti=<TaskInstance: currency_parsing.get_data_usd scheduled__2024-04-25T00:00:00+00:00 [queued]>
[2024-04-27T12:30:38.663+0000] {taskinstance.py:1979} INFO - Dependencies all met for dep_context=requeueable deps ti=<TaskInstance: currency_parsing.get_data_usd scheduled__2024-04-25T00:00:00+00:00 [queued]>
[2024-04-27T12:30:38.671+0000] {taskinstance.py:2193} INFO - Starting attempt 1 of 2
[2024-04-27T12:30:39.334+0000] {taskinstance.py:2214} INFO - Executing <Task(PythonOperator): get_data_usd> on 2024-04-25 00:00:00+00:00
[2024-04-27T12:30:39.347+0000] {standard_task_runner.py:60} INFO - Started process 2498 to run task
[2024-04-27T12:30:39.415+0000] {standard_task_runner.py:87} INFO - Running: ['***', 'tasks', 'run', 'currency_parsing', 'get_data_usd', 'scheduled__2024-04-25T00:00:00+00:00', '--job-id', '2540', '--raw', '--subdir', 'DAGS_FOLDER/stage/currency_parsing.py', '--cfg-path', '/tmp/tmp_sk9blfp']
[2024-04-27T12:30:39.517+0000] {standard_task_runner.py:88} INFO - Job 2540: Subtask get_data_usd
[2024-04-27T12:30:40.739+0000] {task_command.py:423} INFO - Running <TaskInstance: currency_parsing.get_data_usd scheduled__2024-04-25T00:00:00+00:00 [running]> on host 65a8688265d1
[2024-04-27T12:30:41.359+0000] {warnings.py:109} WARNING - /home/***/.local/lib/python3.8/site-packages/***/utils/context.py:207: AirflowContextDeprecationWarning: Accessing 'execution_date' from the template is deprecated and will be removed in a future version. Please use 'data_interval_start' or 'logical_date' instead.
  warnings.warn(_create_deprecation_warning(key, self._deprecation_replacements[key]))

[2024-04-27T12:30:42.108+0000] {taskinstance.py:2510} INFO - Exporting env vars: AIRFLOW_CTX_DAG_OWNER='***' AIRFLOW_CTX_DAG_ID='currency_parsing' AIRFLOW_CTX_TASK_ID='get_data_usd' AIRFLOW_CTX_EXECUTION_DATE='2024-04-25T00:00:00+00:00' AIRFLOW_CTX_TRY_NUMBER='1' AIRFLOW_CTX_DAG_RUN_ID='scheduled__2024-04-25T00:00:00+00:00'
[2024-04-27T12:31:20.295+0000] {python.py:202} INFO - Done. Returned value was: ([['AUD', 1.5388401662, '2024-4-24'], ['BGN', 1.8219102238, '2024-4-24'], ['BRL', 5.1455206035, '2024-4-24'], ['CAD', 1.3702002067, '2024-4-24'], ['CHF', 0.9142301421, '2024-4-24'], ['CNY', 7.2387007735, '2024-4-24'], ['CZK', 23.563732443, '2024-4-24'], ['DKK', 6.9694413882, '2024-4-24'], ['EUR', 0.9344601722, '2024-4-24'], ['GBP', 0.8025000963, '2024-4-24'], ['HKD', 7.8270909472, '2024-4-24'], ['HRK', 6.793530933, '2024-4-24'], ['HUF', 367.7460804909, '2024-4-24'], ['IDR', 16116.717598985, '2024-4-24'], ['ILS', 3.7784906155, '2024-4-24'], ['INR', 83.2799787047, '2024-4-24'], ['ISK', 140.1642080638, '2024-4-24'], ['JPY', 155.2399263302, '2024-4-24'], ['KRW', 1372.8806711735, '2024-4-24'], ['MXN', 17.0749817874, '2024-4-24'], ['MYR', 4.7715008146, '2024-4-24'], ['NOK', 10.9905213662, '2024-4-24'], ['NZD', 1.6846802514, '2024-4-24'], ['PHP', 57.4693307346, '2024-4-24'], ['PLN', 4.0508108073, '2024-4-24'], ['RON', 4.649580761, '2024-4-24'], ['RUB', 92.2888099857, '2024-4-24'], ['SEK', 10.8777719102, '2024-4-24'], ['SGD', 1.3613601683, '2024-4-24'], ['THB', 37.063664642, '2024-4-24'], ['TRY', 32.6509741478, '2024-4-24'], ['USD', 1, '2024-4-24'], ['ZAR', 19.2244730386, '2024-4-24']], ['title', 'rate', 'date'])
[2024-04-27T12:31:20.748+0000] {taskinstance.py:1149} INFO - Marking task as SUCCESS. dag_id=currency_parsing, task_id=get_data_usd, execution_date=20240425T000000, start_date=20240427T123038, end_date=20240427T123120
[2024-04-27T12:31:20.930+0000] {local_task_job_runner.py:234} INFO - Task exited with return code 0
[2024-04-27T12:31:21.124+0000] {taskinstance.py:3309} INFO - 1 downstream tasks scheduled from follow-on schedule check
