[2024-04-14T08:51:14.258+0000] {taskinstance.py:1979} INFO - Dependencies all met for dep_context=non-requeueable deps ti=<TaskInstance: currency_parsing.fetch_data scheduled__2024-01-12T00:00:00+00:00 [queued]>
[2024-04-14T08:51:14.314+0000] {taskinstance.py:1979} INFO - Dependencies all met for dep_context=requeueable deps ti=<TaskInstance: currency_parsing.fetch_data scheduled__2024-01-12T00:00:00+00:00 [queued]>
[2024-04-14T08:51:14.324+0000] {taskinstance.py:2193} INFO - Starting attempt 1 of 2
[2024-04-14T08:51:14.686+0000] {taskinstance.py:2214} INFO - Executing <Task(PythonOperator): fetch_data> on 2024-01-12 00:00:00+00:00
[2024-04-14T08:51:14.708+0000] {standard_task_runner.py:60} INFO - Started process 888 to run task
[2024-04-14T08:51:14.806+0000] {standard_task_runner.py:87} INFO - Running: ['***', 'tasks', 'run', 'currency_parsing', 'fetch_data', 'scheduled__2024-01-12T00:00:00+00:00', '--job-id', '217', '--raw', '--subdir', 'DAGS_FOLDER/currency_parsing.py', '--cfg-path', '/tmp/tmpkgg8l6o6']
[2024-04-14T08:51:14.858+0000] {standard_task_runner.py:88} INFO - Job 217: Subtask fetch_data
[2024-04-14T08:51:15.311+0000] {task_command.py:423} INFO - Running <TaskInstance: currency_parsing.fetch_data scheduled__2024-01-12T00:00:00+00:00 [running]> on host e8a1e0443283
[2024-04-14T08:51:15.754+0000] {taskinstance.py:2510} INFO - Exporting env vars: AIRFLOW_CTX_DAG_OWNER='***' AIRFLOW_CTX_DAG_ID='currency_parsing' AIRFLOW_CTX_TASK_ID='fetch_data' AIRFLOW_CTX_EXECUTION_DATE='2024-01-12T00:00:00+00:00' AIRFLOW_CTX_TRY_NUMBER='1' AIRFLOW_CTX_DAG_RUN_ID='scheduled__2024-01-12T00:00:00+00:00'
[2024-04-14T08:51:15.845+0000] {base.py:83} INFO - Using connection ID 'dwh' for task execution.
[2024-04-14T08:51:15.895+0000] {sql.py:572} INFO - Done loading. Loaded a total of 39 rows into currency_parsing
[2024-04-14T08:51:15.896+0000] {python.py:202} INFO - Done. Returned value was: None
[2024-04-14T08:51:15.931+0000] {taskinstance.py:1149} INFO - Marking task as SUCCESS. dag_id=currency_parsing, task_id=fetch_data, execution_date=20240112T000000, start_date=20240414T085114, end_date=20240414T085115
[2024-04-14T08:51:16.052+0000] {local_task_job_runner.py:234} INFO - Task exited with return code 0
[2024-04-14T08:51:16.335+0000] {taskinstance.py:3309} INFO - 0 downstream tasks scheduled from follow-on schedule check
[2024-04-14T10:08:01.911+0000] {taskinstance.py:1979} INFO - Dependencies all met for dep_context=non-requeueable deps ti=<TaskInstance: currency_parsing.fetch_data scheduled__2024-01-12T00:00:00+00:00 [queued]>
[2024-04-14T10:08:02.064+0000] {taskinstance.py:1979} INFO - Dependencies all met for dep_context=requeueable deps ti=<TaskInstance: currency_parsing.fetch_data scheduled__2024-01-12T00:00:00+00:00 [queued]>
[2024-04-14T10:08:02.078+0000] {taskinstance.py:2193} INFO - Starting attempt 1 of 2
[2024-04-14T10:08:02.368+0000] {taskinstance.py:2214} INFO - Executing <Task(PythonOperator): fetch_data> on 2024-01-12 00:00:00+00:00
[2024-04-14T10:08:02.428+0000] {standard_task_runner.py:60} INFO - Started process 199 to run task
[2024-04-14T10:08:02.475+0000] {standard_task_runner.py:87} INFO - Running: ['***', 'tasks', 'run', 'currency_parsing', 'fetch_data', 'scheduled__2024-01-12T00:00:00+00:00', '--job-id', '520', '--raw', '--subdir', 'DAGS_FOLDER/currency_parsing.py', '--cfg-path', '/tmp/tmp31dmzz01']
[2024-04-14T10:08:02.535+0000] {standard_task_runner.py:88} INFO - Job 520: Subtask fetch_data
[2024-04-14T10:08:03.110+0000] {task_command.py:423} INFO - Running <TaskInstance: currency_parsing.fetch_data scheduled__2024-01-12T00:00:00+00:00 [running]> on host 1c15aab9396c
[2024-04-14T10:08:03.980+0000] {taskinstance.py:2510} INFO - Exporting env vars: AIRFLOW_CTX_DAG_OWNER='***' AIRFLOW_CTX_DAG_ID='currency_parsing' AIRFLOW_CTX_TASK_ID='fetch_data' AIRFLOW_CTX_EXECUTION_DATE='2024-01-12T00:00:00+00:00' AIRFLOW_CTX_TRY_NUMBER='1' AIRFLOW_CTX_DAG_RUN_ID='scheduled__2024-01-12T00:00:00+00:00'
[2024-04-14T10:08:04.316+0000] {base.py:83} INFO - Using connection ID 'dwh' for task execution.
[2024-04-14T10:08:04.503+0000] {sql.py:572} INFO - Done loading. Loaded a total of 39 rows into currency_parsing
[2024-04-14T10:08:04.509+0000] {python.py:202} INFO - Done. Returned value was: None
[2024-04-14T10:08:04.603+0000] {taskinstance.py:1149} INFO - Marking task as SUCCESS. dag_id=currency_parsing, task_id=fetch_data, execution_date=20240112T000000, start_date=20240414T100801, end_date=20240414T100804
[2024-04-14T10:08:05.070+0000] {local_task_job_runner.py:234} INFO - Task exited with return code 0
[2024-04-14T10:08:05.210+0000] {taskinstance.py:3309} INFO - 0 downstream tasks scheduled from follow-on schedule check
