[2024-04-14T08:54:37.768+0000] {taskinstance.py:1979} INFO - Dependencies all met for dep_context=non-requeueable deps ti=<TaskInstance: currency_parsing.fetch_data scheduled__2024-03-11T00:00:00+00:00 [queued]>
[2024-04-14T08:54:37.968+0000] {taskinstance.py:1979} INFO - Dependencies all met for dep_context=requeueable deps ti=<TaskInstance: currency_parsing.fetch_data scheduled__2024-03-11T00:00:00+00:00 [queued]>
[2024-04-14T08:54:38.015+0000] {taskinstance.py:2193} INFO - Starting attempt 1 of 2
[2024-04-14T08:54:38.687+0000] {taskinstance.py:2214} INFO - Executing <Task(PythonOperator): fetch_data> on 2024-03-11 00:00:00+00:00
[2024-04-14T08:54:38.791+0000] {standard_task_runner.py:60} INFO - Started process 1280 to run task
[2024-04-14T08:54:38.849+0000] {standard_task_runner.py:87} INFO - Running: ['***', 'tasks', 'run', 'currency_parsing', 'fetch_data', 'scheduled__2024-03-11T00:00:00+00:00', '--job-id', '389', '--raw', '--subdir', 'DAGS_FOLDER/currency_parsing.py', '--cfg-path', '/tmp/tmptsvi4dda']
[2024-04-14T08:54:39.137+0000] {standard_task_runner.py:88} INFO - Job 389: Subtask fetch_data
[2024-04-14T08:54:40.675+0000] {task_command.py:423} INFO - Running <TaskInstance: currency_parsing.fetch_data scheduled__2024-03-11T00:00:00+00:00 [running]> on host e8a1e0443283
[2024-04-14T08:54:44.844+0000] {taskinstance.py:2510} INFO - Exporting env vars: AIRFLOW_CTX_DAG_OWNER='***' AIRFLOW_CTX_DAG_ID='currency_parsing' AIRFLOW_CTX_TASK_ID='fetch_data' AIRFLOW_CTX_EXECUTION_DATE='2024-03-11T00:00:00+00:00' AIRFLOW_CTX_TRY_NUMBER='1' AIRFLOW_CTX_DAG_RUN_ID='scheduled__2024-03-11T00:00:00+00:00'
[2024-04-14T08:54:45.313+0000] {base.py:83} INFO - Using connection ID 'dwh' for task execution.
[2024-04-14T08:54:45.569+0000] {sql.py:572} INFO - Done loading. Loaded a total of 39 rows into currency_parsing
[2024-04-14T08:54:45.600+0000] {python.py:202} INFO - Done. Returned value was: None
[2024-04-14T08:54:45.936+0000] {taskinstance.py:1149} INFO - Marking task as SUCCESS. dag_id=currency_parsing, task_id=fetch_data, execution_date=20240311T000000, start_date=20240414T085437, end_date=20240414T085445
[2024-04-14T08:54:46.599+0000] {local_task_job_runner.py:234} INFO - Task exited with return code 0
[2024-04-14T08:54:47.491+0000] {taskinstance.py:3309} INFO - 0 downstream tasks scheduled from follow-on schedule check
[2024-04-14T10:11:59.760+0000] {taskinstance.py:1979} INFO - Dependencies all met for dep_context=non-requeueable deps ti=<TaskInstance: currency_parsing.fetch_data scheduled__2024-03-11T00:00:00+00:00 [queued]>
[2024-04-14T10:11:59.824+0000] {taskinstance.py:1979} INFO - Dependencies all met for dep_context=requeueable deps ti=<TaskInstance: currency_parsing.fetch_data scheduled__2024-03-11T00:00:00+00:00 [queued]>
[2024-04-14T10:11:59.834+0000] {taskinstance.py:2193} INFO - Starting attempt 1 of 2
[2024-04-14T10:12:00.195+0000] {taskinstance.py:2214} INFO - Executing <Task(PythonOperator): fetch_data> on 2024-03-11 00:00:00+00:00
[2024-04-14T10:12:00.208+0000] {standard_task_runner.py:60} INFO - Started process 627 to run task
[2024-04-14T10:12:00.242+0000] {standard_task_runner.py:87} INFO - Running: ['***', 'tasks', 'run', 'currency_parsing', 'fetch_data', 'scheduled__2024-03-11T00:00:00+00:00', '--job-id', '712', '--raw', '--subdir', 'DAGS_FOLDER/currency_parsing.py', '--cfg-path', '/tmp/tmprdfznpty']
[2024-04-14T10:12:00.295+0000] {standard_task_runner.py:88} INFO - Job 712: Subtask fetch_data
[2024-04-14T10:12:00.671+0000] {task_command.py:423} INFO - Running <TaskInstance: currency_parsing.fetch_data scheduled__2024-03-11T00:00:00+00:00 [running]> on host 1c15aab9396c
[2024-04-14T10:12:01.261+0000] {taskinstance.py:2510} INFO - Exporting env vars: AIRFLOW_CTX_DAG_OWNER='***' AIRFLOW_CTX_DAG_ID='currency_parsing' AIRFLOW_CTX_TASK_ID='fetch_data' AIRFLOW_CTX_EXECUTION_DATE='2024-03-11T00:00:00+00:00' AIRFLOW_CTX_TRY_NUMBER='1' AIRFLOW_CTX_DAG_RUN_ID='scheduled__2024-03-11T00:00:00+00:00'
[2024-04-14T10:12:01.378+0000] {base.py:83} INFO - Using connection ID 'dwh' for task execution.
[2024-04-14T10:12:01.426+0000] {sql.py:572} INFO - Done loading. Loaded a total of 39 rows into currency_parsing
[2024-04-14T10:12:01.427+0000] {python.py:202} INFO - Done. Returned value was: None
[2024-04-14T10:12:01.476+0000] {taskinstance.py:1149} INFO - Marking task as SUCCESS. dag_id=currency_parsing, task_id=fetch_data, execution_date=20240311T000000, start_date=20240414T101159, end_date=20240414T101201
[2024-04-14T10:12:01.645+0000] {local_task_job_runner.py:234} INFO - Task exited with return code 0
[2024-04-14T10:12:01.742+0000] {taskinstance.py:3309} INFO - 0 downstream tasks scheduled from follow-on schedule check
