[2024-05-02T07:09:05.767+0000] {taskinstance.py:1979} INFO - Dependencies all met for dep_context=non-requeueable deps ti=<TaskInstance: currency_parsing.create_schema scheduled__2024-05-01T00:00:00+00:00 [queued]>
[2024-05-02T07:09:05.814+0000] {taskinstance.py:1979} INFO - Dependencies all met for dep_context=requeueable deps ti=<TaskInstance: currency_parsing.create_schema scheduled__2024-05-01T00:00:00+00:00 [queued]>
[2024-05-02T07:09:05.821+0000] {taskinstance.py:2193} INFO - Starting attempt 1 of 2
[2024-05-02T07:09:05.873+0000] {taskinstance.py:2214} INFO - Executing <Task(PostgresOperator): create_schema> on 2024-05-01 00:00:00+00:00
[2024-05-02T07:09:05.884+0000] {standard_task_runner.py:60} INFO - Started process 98 to run task
[2024-05-02T07:09:05.891+0000] {standard_task_runner.py:87} INFO - Running: ['***', 'tasks', 'run', 'currency_parsing', 'create_schema', 'scheduled__2024-05-01T00:00:00+00:00', '--job-id', '2618', '--raw', '--subdir', 'DAGS_FOLDER/stage/currency_parsing.py', '--cfg-path', '/tmp/tmpq7eg_1p8']
[2024-05-02T07:09:05.904+0000] {standard_task_runner.py:88} INFO - Job 2618: Subtask create_schema
[2024-05-02T07:09:06.188+0000] {task_command.py:423} INFO - Running <TaskInstance: currency_parsing.create_schema scheduled__2024-05-01T00:00:00+00:00 [running]> on host 84be22a86186
[2024-05-02T07:09:06.648+0000] {taskinstance.py:2510} INFO - Exporting env vars: AIRFLOW_CTX_DAG_OWNER='***' AIRFLOW_CTX_DAG_ID='currency_parsing' AIRFLOW_CTX_TASK_ID='create_schema' AIRFLOW_CTX_EXECUTION_DATE='2024-05-01T00:00:00+00:00' AIRFLOW_CTX_TRY_NUMBER='1' AIRFLOW_CTX_DAG_RUN_ID='scheduled__2024-05-01T00:00:00+00:00'
[2024-05-02T07:09:06.679+0000] {sql.py:276} INFO - Executing: CREATE SCHEMA if not exists stage;

CREATE SCHEMA if not exists intermediate;
[2024-05-02T07:09:06.717+0000] {base.py:83} INFO - Using connection ID 'dwh' for task execution.
[2024-05-02T07:09:06.792+0000] {base.py:83} INFO - Using connection ID 'dwh' for task execution.
[2024-05-02T07:09:06.819+0000] {sql.py:457} INFO - Running statement: CREATE SCHEMA if not exists stage;

CREATE SCHEMA if not exists intermediate;, parameters: None
[2024-05-02T07:09:06.862+0000] {warnings.py:109} WARNING - /home/***/.local/lib/python3.8/site-packages/***/providers/common/sql/hooks/sql.py:407: AirflowProviderDeprecationWarning: Call to deprecated method _make_common_data_structure. (The `_make_serializable` method is deprecated and support will be removed in a future version of the common.sql provider. Please update the DbApiHook's provider to a version based on common.sql >= 1.9.1.)
  result = self._make_common_data_structure(handler(cur))

[2024-05-02T07:09:06.880+0000] {taskinstance.py:1149} INFO - Marking task as SUCCESS. dag_id=currency_parsing, task_id=create_schema, execution_date=20240501T000000, start_date=20240502T070905, end_date=20240502T070906
[2024-05-02T07:09:06.922+0000] {local_task_job_runner.py:234} INFO - Task exited with return code 0
[2024-05-02T07:09:06.959+0000] {warnings.py:109} WARNING - /home/***/.local/lib/python3.8/site-packages/***/models/baseoperator.py:1201: AirflowProviderDeprecationWarning: Call to deprecated class PostgresOperator. (Please use `***.providers.common.sql.operators.sql.SQLExecuteQueryOperator`.Also, you can provide `hook_params={'schema': <database>}`.)
  result = cls.__new__(cls)

[2024-05-02T07:09:07.031+0000] {taskinstance.py:3309} INFO - 1 downstream tasks scheduled from follow-on schedule check
[2024-05-05T10:53:45.855+0000] {taskinstance.py:1979} INFO - Dependencies all met for dep_context=non-requeueable deps ti=<TaskInstance: currency_parsing.create_schema scheduled__2024-05-01T00:00:00+00:00 [queued]>
[2024-05-05T10:53:46.023+0000] {taskinstance.py:1979} INFO - Dependencies all met for dep_context=requeueable deps ti=<TaskInstance: currency_parsing.create_schema scheduled__2024-05-01T00:00:00+00:00 [queued]>
[2024-05-05T10:53:46.038+0000] {taskinstance.py:2193} INFO - Starting attempt 1 of 2
[2024-05-05T10:53:46.474+0000] {taskinstance.py:2214} INFO - Executing <Task(PostgresOperator): create_schema> on 2024-05-01 00:00:00+00:00
[2024-05-05T10:53:46.577+0000] {standard_task_runner.py:60} INFO - Started process 670 to run task
[2024-05-05T10:53:46.739+0000] {standard_task_runner.py:87} INFO - Running: ['***', 'tasks', 'run', 'currency_parsing', 'create_schema', 'scheduled__2024-05-01T00:00:00+00:00', '--job-id', '2667', '--raw', '--subdir', 'DAGS_FOLDER/currency_dag/currency_parsing.py', '--cfg-path', '/tmp/tmpq6x3f5mr']
[2024-05-05T10:53:46.793+0000] {standard_task_runner.py:88} INFO - Job 2667: Subtask create_schema
[2024-05-05T10:53:49.400+0000] {task_command.py:423} INFO - Running <TaskInstance: currency_parsing.create_schema scheduled__2024-05-01T00:00:00+00:00 [running]> on host 71addd39200f
[2024-05-05T10:53:51.046+0000] {taskinstance.py:2510} INFO - Exporting env vars: AIRFLOW_CTX_DAG_OWNER='***' AIRFLOW_CTX_DAG_ID='currency_parsing' AIRFLOW_CTX_TASK_ID='create_schema' AIRFLOW_CTX_EXECUTION_DATE='2024-05-01T00:00:00+00:00' AIRFLOW_CTX_TRY_NUMBER='1' AIRFLOW_CTX_DAG_RUN_ID='scheduled__2024-05-01T00:00:00+00:00'
[2024-05-05T10:53:51.053+0000] {sql.py:276} INFO - Executing: CREATE SCHEMA if not exists stage;

CREATE SCHEMA if not exists intermediate;
[2024-05-05T10:53:51.181+0000] {base.py:83} INFO - Using connection ID 'dwh' for task execution.
[2024-05-05T10:53:51.581+0000] {base.py:83} INFO - Using connection ID 'dwh' for task execution.
[2024-05-05T10:53:51.600+0000] {sql.py:457} INFO - Running statement: CREATE SCHEMA if not exists stage;

CREATE SCHEMA if not exists intermediate;, parameters: None
[2024-05-05T10:53:51.645+0000] {warnings.py:109} WARNING - /home/***/.local/lib/python3.8/site-packages/***/providers/common/sql/hooks/sql.py:407: AirflowProviderDeprecationWarning: Call to deprecated method _make_common_data_structure. (The `_make_serializable` method is deprecated and support will be removed in a future version of the common.sql provider. Please update the DbApiHook's provider to a version based on common.sql >= 1.9.1.)
  result = self._make_common_data_structure(handler(cur))

[2024-05-05T10:53:51.749+0000] {taskinstance.py:1149} INFO - Marking task as SUCCESS. dag_id=currency_parsing, task_id=create_schema, execution_date=20240501T000000, start_date=20240505T105345, end_date=20240505T105351
[2024-05-05T10:53:51.881+0000] {local_task_job_runner.py:234} INFO - Task exited with return code 0
[2024-05-05T10:53:51.915+0000] {warnings.py:109} WARNING - /home/***/.local/lib/python3.8/site-packages/***/models/baseoperator.py:1201: AirflowProviderDeprecationWarning: Call to deprecated class PostgresOperator. (Please use `***.providers.common.sql.operators.sql.SQLExecuteQueryOperator`.Also, you can provide `hook_params={'schema': <database>}`.)
  result = cls.__new__(cls)

[2024-05-05T10:53:52.026+0000] {taskinstance.py:3309} INFO - 1 downstream tasks scheduled from follow-on schedule check
