[2024-04-21T11:06:14.537+0000] {taskinstance.py:1979} INFO - Dependencies all met for dep_context=non-requeueable deps ti=<TaskInstance: currency_parsing.fetch_data_pound scheduled__2024-04-13T00:00:00+00:00 [queued]>
[2024-04-21T11:06:14.818+0000] {taskinstance.py:1979} INFO - Dependencies all met for dep_context=requeueable deps ti=<TaskInstance: currency_parsing.fetch_data_pound scheduled__2024-04-13T00:00:00+00:00 [queued]>
[2024-04-21T11:06:14.868+0000] {taskinstance.py:2193} INFO - Starting attempt 1 of 2
[2024-04-21T11:06:15.493+0000] {taskinstance.py:2214} INFO - Executing <Task(PythonOperator): fetch_data_pound> on 2024-04-13 00:00:00+00:00
[2024-04-21T11:06:15.530+0000] {standard_task_runner.py:60} INFO - Started process 2754 to run task
[2024-04-21T11:06:15.690+0000] {standard_task_runner.py:87} INFO - Running: ['***', 'tasks', 'run', 'currency_parsing', 'fetch_data_pound', 'scheduled__2024-04-13T00:00:00+00:00', '--job-id', '2088', '--raw', '--subdir', 'DAGS_FOLDER/stage/currency_parsing.py', '--cfg-path', '/tmp/tmptvr93147']
[2024-04-21T11:06:15.744+0000] {standard_task_runner.py:88} INFO - Job 2088: Subtask fetch_data_pound
[2024-04-21T11:06:16.537+0000] {task_command.py:423} INFO - Running <TaskInstance: currency_parsing.fetch_data_pound scheduled__2024-04-13T00:00:00+00:00 [running]> on host e671688b1343
[2024-04-21T11:06:18.397+0000] {taskinstance.py:2510} INFO - Exporting env vars: AIRFLOW_CTX_DAG_OWNER='***' AIRFLOW_CTX_DAG_ID='currency_parsing' AIRFLOW_CTX_TASK_ID='fetch_data_pound' AIRFLOW_CTX_EXECUTION_DATE='2024-04-13T00:00:00+00:00' AIRFLOW_CTX_TRY_NUMBER='1' AIRFLOW_CTX_DAG_RUN_ID='scheduled__2024-04-13T00:00:00+00:00'
[2024-04-21T11:06:18.571+0000] {base.py:83} INFO - Using connection ID 'dwh' for task execution.
[2024-04-21T11:06:18.662+0000] {sql.py:572} INFO - Done loading. Loaded a total of 33 rows into stage.currency_parsing_pound
[2024-04-21T11:06:18.668+0000] {python.py:202} INFO - Done. Returned value was: None
[2024-04-21T11:06:18.716+0000] {taskinstance.py:1149} INFO - Marking task as SUCCESS. dag_id=currency_parsing, task_id=fetch_data_pound, execution_date=20240413T000000, start_date=20240421T110614, end_date=20240421T110618
[2024-04-21T11:06:18.971+0000] {local_task_job_runner.py:234} INFO - Task exited with return code 0
[2024-04-21T11:06:19.304+0000] {taskinstance.py:3309} INFO - 0 downstream tasks scheduled from follow-on schedule check
[2024-04-27T12:22:58.195+0000] {taskinstance.py:1979} INFO - Dependencies all met for dep_context=non-requeueable deps ti=<TaskInstance: currency_parsing.fetch_data_pound scheduled__2024-04-13T00:00:00+00:00 [queued]>
[2024-04-27T12:22:58.636+0000] {taskinstance.py:1979} INFO - Dependencies all met for dep_context=requeueable deps ti=<TaskInstance: currency_parsing.fetch_data_pound scheduled__2024-04-13T00:00:00+00:00 [queued]>
[2024-04-27T12:22:58.646+0000] {taskinstance.py:2193} INFO - Starting attempt 1 of 2
[2024-04-27T12:22:59.537+0000] {taskinstance.py:2214} INFO - Executing <Task(PythonOperator): fetch_data_pound> on 2024-04-13 00:00:00+00:00
[2024-04-27T12:22:59.655+0000] {standard_task_runner.py:60} INFO - Started process 2108 to run task
[2024-04-27T12:22:59.822+0000] {standard_task_runner.py:87} INFO - Running: ['***', 'tasks', 'run', 'currency_parsing', 'fetch_data_pound', 'scheduled__2024-04-13T00:00:00+00:00', '--job-id', '2387', '--raw', '--subdir', 'DAGS_FOLDER/stage/currency_parsing.py', '--cfg-path', '/tmp/tmpj3pn8u3g']
[2024-04-27T12:22:59.957+0000] {standard_task_runner.py:88} INFO - Job 2387: Subtask fetch_data_pound
[2024-04-27T12:23:01.338+0000] {task_command.py:423} INFO - Running <TaskInstance: currency_parsing.fetch_data_pound scheduled__2024-04-13T00:00:00+00:00 [running]> on host 65a8688265d1
[2024-04-27T12:23:04.315+0000] {taskinstance.py:2510} INFO - Exporting env vars: AIRFLOW_CTX_DAG_OWNER='***' AIRFLOW_CTX_DAG_ID='currency_parsing' AIRFLOW_CTX_TASK_ID='fetch_data_pound' AIRFLOW_CTX_EXECUTION_DATE='2024-04-13T00:00:00+00:00' AIRFLOW_CTX_TRY_NUMBER='1' AIRFLOW_CTX_DAG_RUN_ID='scheduled__2024-04-13T00:00:00+00:00'
[2024-04-27T12:23:04.951+0000] {base.py:83} INFO - Using connection ID 'dwh' for task execution.
[2024-04-27T12:23:05.136+0000] {sql.py:572} INFO - Done loading. Loaded a total of 33 rows into stage.currency_parsing_pound
[2024-04-27T12:23:05.143+0000] {python.py:202} INFO - Done. Returned value was: None
[2024-04-27T12:23:05.525+0000] {taskinstance.py:1149} INFO - Marking task as SUCCESS. dag_id=currency_parsing, task_id=fetch_data_pound, execution_date=20240413T000000, start_date=20240427T122258, end_date=20240427T122305
[2024-04-27T12:23:06.239+0000] {local_task_job_runner.py:234} INFO - Task exited with return code 0
[2024-04-27T12:23:06.281+0000] {warnings.py:109} WARNING - /home/***/.local/lib/python3.8/site-packages/***/models/baseoperator.py:1201: AirflowProviderDeprecationWarning: Call to deprecated class PostgresOperator. (Please use `***.providers.common.sql.operators.sql.SQLExecuteQueryOperator`.Also, you can provide `hook_params={'schema': <database>}`.)
  result = cls.__new__(cls)

[2024-04-27T12:23:07.371+0000] {taskinstance.py:3309} INFO - 0 downstream tasks scheduled from follow-on schedule check
