[2024-04-21T11:06:38.824+0000] {taskinstance.py:1979} INFO - Dependencies all met for dep_context=non-requeueable deps ti=<TaskInstance: currency_parsing.fetch_data_rub scheduled__2024-04-18T00:00:00+00:00 [queued]>
[2024-04-21T11:06:38.924+0000] {taskinstance.py:1979} INFO - Dependencies all met for dep_context=requeueable deps ti=<TaskInstance: currency_parsing.fetch_data_rub scheduled__2024-04-18T00:00:00+00:00 [queued]>
[2024-04-21T11:06:38.927+0000] {taskinstance.py:2193} INFO - Starting attempt 1 of 2
[2024-04-21T11:06:39.063+0000] {taskinstance.py:2214} INFO - Executing <Task(PythonOperator): fetch_data_rub> on 2024-04-18 00:00:00+00:00
[2024-04-21T11:06:39.084+0000] {standard_task_runner.py:60} INFO - Started process 2809 to run task
[2024-04-21T11:06:39.166+0000] {standard_task_runner.py:87} INFO - Running: ['***', 'tasks', 'run', 'currency_parsing', 'fetch_data_rub', 'scheduled__2024-04-18T00:00:00+00:00', '--job-id', '2112', '--raw', '--subdir', 'DAGS_FOLDER/stage/currency_parsing.py', '--cfg-path', '/tmp/tmpakmqowj2']
[2024-04-21T11:06:39.196+0000] {standard_task_runner.py:88} INFO - Job 2112: Subtask fetch_data_rub
[2024-04-21T11:06:39.513+0000] {task_command.py:423} INFO - Running <TaskInstance: currency_parsing.fetch_data_rub scheduled__2024-04-18T00:00:00+00:00 [running]> on host e671688b1343
[2024-04-21T11:06:40.154+0000] {taskinstance.py:2510} INFO - Exporting env vars: AIRFLOW_CTX_DAG_OWNER='***' AIRFLOW_CTX_DAG_ID='currency_parsing' AIRFLOW_CTX_TASK_ID='fetch_data_rub' AIRFLOW_CTX_EXECUTION_DATE='2024-04-18T00:00:00+00:00' AIRFLOW_CTX_TRY_NUMBER='1' AIRFLOW_CTX_DAG_RUN_ID='scheduled__2024-04-18T00:00:00+00:00'
[2024-04-21T11:06:40.363+0000] {base.py:83} INFO - Using connection ID 'dwh' for task execution.
[2024-04-21T11:06:40.467+0000] {sql.py:572} INFO - Done loading. Loaded a total of 43 rows into stage.currency_parsing_rub
[2024-04-21T11:06:40.484+0000] {python.py:202} INFO - Done. Returned value was: None
[2024-04-21T11:06:40.565+0000] {taskinstance.py:1149} INFO - Marking task as SUCCESS. dag_id=currency_parsing, task_id=fetch_data_rub, execution_date=20240418T000000, start_date=20240421T110638, end_date=20240421T110640
[2024-04-21T11:06:40.698+0000] {local_task_job_runner.py:234} INFO - Task exited with return code 0
[2024-04-21T11:06:41.203+0000] {taskinstance.py:3309} INFO - 0 downstream tasks scheduled from follow-on schedule check
[2024-04-27T12:25:48.948+0000] {taskinstance.py:1979} INFO - Dependencies all met for dep_context=non-requeueable deps ti=<TaskInstance: currency_parsing.fetch_data_rub scheduled__2024-04-18T00:00:00+00:00 [queued]>
[2024-04-27T12:25:49.173+0000] {taskinstance.py:1979} INFO - Dependencies all met for dep_context=requeueable deps ti=<TaskInstance: currency_parsing.fetch_data_rub scheduled__2024-04-18T00:00:00+00:00 [queued]>
[2024-04-27T12:25:49.176+0000] {taskinstance.py:2193} INFO - Starting attempt 1 of 2
[2024-04-27T12:25:49.502+0000] {taskinstance.py:2214} INFO - Executing <Task(PythonOperator): fetch_data_rub> on 2024-04-18 00:00:00+00:00
[2024-04-27T12:25:49.585+0000] {standard_task_runner.py:60} INFO - Started process 2280 to run task
[2024-04-27T12:25:49.664+0000] {standard_task_runner.py:87} INFO - Running: ['***', 'tasks', 'run', 'currency_parsing', 'fetch_data_rub', 'scheduled__2024-04-18T00:00:00+00:00', '--job-id', '2455', '--raw', '--subdir', 'DAGS_FOLDER/stage/currency_parsing.py', '--cfg-path', '/tmp/tmpkgw76oks']
[2024-04-27T12:25:49.878+0000] {standard_task_runner.py:88} INFO - Job 2455: Subtask fetch_data_rub
[2024-04-27T12:25:50.813+0000] {task_command.py:423} INFO - Running <TaskInstance: currency_parsing.fetch_data_rub scheduled__2024-04-18T00:00:00+00:00 [running]> on host 65a8688265d1
[2024-04-27T12:25:53.139+0000] {taskinstance.py:2510} INFO - Exporting env vars: AIRFLOW_CTX_DAG_OWNER='***' AIRFLOW_CTX_DAG_ID='currency_parsing' AIRFLOW_CTX_TASK_ID='fetch_data_rub' AIRFLOW_CTX_EXECUTION_DATE='2024-04-18T00:00:00+00:00' AIRFLOW_CTX_TRY_NUMBER='1' AIRFLOW_CTX_DAG_RUN_ID='scheduled__2024-04-18T00:00:00+00:00'
[2024-04-27T12:25:53.409+0000] {base.py:83} INFO - Using connection ID 'dwh' for task execution.
[2024-04-27T12:25:53.530+0000] {sql.py:572} INFO - Done loading. Loaded a total of 43 rows into stage.currency_parsing_rub
[2024-04-27T12:25:53.532+0000] {python.py:202} INFO - Done. Returned value was: None
[2024-04-27T12:25:53.782+0000] {taskinstance.py:1149} INFO - Marking task as SUCCESS. dag_id=currency_parsing, task_id=fetch_data_rub, execution_date=20240418T000000, start_date=20240427T122548, end_date=20240427T122553
[2024-04-27T12:25:54.374+0000] {local_task_job_runner.py:234} INFO - Task exited with return code 0
[2024-04-27T12:25:54.479+0000] {warnings.py:109} WARNING - /home/***/.local/lib/python3.8/site-packages/***/models/baseoperator.py:1201: AirflowProviderDeprecationWarning: Call to deprecated class PostgresOperator. (Please use `***.providers.common.sql.operators.sql.SQLExecuteQueryOperator`.Also, you can provide `hook_params={'schema': <database>}`.)
  result = cls.__new__(cls)

[2024-04-27T12:25:54.889+0000] {taskinstance.py:3309} INFO - 0 downstream tasks scheduled from follow-on schedule check
