[2024-04-26T10:28:27.353+0000] {taskinstance.py:1979} INFO - Dependencies all met for dep_context=non-requeueable deps ti=<TaskInstance: currency_parsing.fetch_data_pound scheduled__2024-04-24T00:00:00+00:00 [queued]>
[2024-04-26T10:28:27.451+0000] {taskinstance.py:1979} INFO - Dependencies all met for dep_context=requeueable deps ti=<TaskInstance: currency_parsing.fetch_data_pound scheduled__2024-04-24T00:00:00+00:00 [queued]>
[2024-04-26T10:28:27.465+0000] {taskinstance.py:2193} INFO - Starting attempt 1 of 2
[2024-04-26T10:28:27.793+0000] {taskinstance.py:2214} INFO - Executing <Task(PythonOperator): fetch_data_pound> on 2024-04-24 00:00:00+00:00
[2024-04-26T10:28:27.860+0000] {standard_task_runner.py:60} INFO - Started process 206 to run task
[2024-04-26T10:28:27.910+0000] {standard_task_runner.py:87} INFO - Running: ['***', 'tasks', 'run', 'currency_parsing', 'fetch_data_pound', 'scheduled__2024-04-24T00:00:00+00:00', '--job-id', '2170', '--raw', '--subdir', 'DAGS_FOLDER/stage/currency_parsing.py', '--cfg-path', '/tmp/tmp9dbc_c16']
[2024-04-26T10:28:27.940+0000] {standard_task_runner.py:88} INFO - Job 2170: Subtask fetch_data_pound
[2024-04-26T10:28:28.668+0000] {task_command.py:423} INFO - Running <TaskInstance: currency_parsing.fetch_data_pound scheduled__2024-04-24T00:00:00+00:00 [running]> on host 4284c2c978e3
[2024-04-26T10:28:29.753+0000] {taskinstance.py:2510} INFO - Exporting env vars: AIRFLOW_CTX_DAG_OWNER='***' AIRFLOW_CTX_DAG_ID='currency_parsing' AIRFLOW_CTX_TASK_ID='fetch_data_pound' AIRFLOW_CTX_EXECUTION_DATE='2024-04-24T00:00:00+00:00' AIRFLOW_CTX_TRY_NUMBER='1' AIRFLOW_CTX_DAG_RUN_ID='scheduled__2024-04-24T00:00:00+00:00'
[2024-04-26T10:28:29.921+0000] {base.py:83} INFO - Using connection ID 'dwh' for task execution.
[2024-04-26T10:28:30.008+0000] {sql.py:572} INFO - Done loading. Loaded a total of 33 rows into stage.currency_parsing_pound
[2024-04-26T10:28:30.036+0000] {python.py:202} INFO - Done. Returned value was: None
[2024-04-26T10:28:30.135+0000] {taskinstance.py:1149} INFO - Marking task as SUCCESS. dag_id=currency_parsing, task_id=fetch_data_pound, execution_date=20240424T000000, start_date=20240426T102827, end_date=20240426T102830
[2024-04-26T10:28:30.430+0000] {local_task_job_runner.py:234} INFO - Task exited with return code 0
[2024-04-26T10:28:30.494+0000] {taskinstance.py:3309} INFO - 0 downstream tasks scheduled from follow-on schedule check
[2024-04-26T13:21:11.698+0000] {taskinstance.py:1979} INFO - Dependencies all met for dep_context=non-requeueable deps ti=<TaskInstance: currency_parsing.fetch_data_pound scheduled__2024-04-24T00:00:00+00:00 [queued]>
[2024-04-26T13:21:11.754+0000] {taskinstance.py:1979} INFO - Dependencies all met for dep_context=requeueable deps ti=<TaskInstance: currency_parsing.fetch_data_pound scheduled__2024-04-24T00:00:00+00:00 [queued]>
[2024-04-26T13:21:11.755+0000] {taskinstance.py:2193} INFO - Starting attempt 1 of 2
[2024-04-26T13:21:11.806+0000] {taskinstance.py:2214} INFO - Executing <Task(PythonOperator): fetch_data_pound> on 2024-04-24 00:00:00+00:00
[2024-04-26T13:21:11.822+0000] {standard_task_runner.py:60} INFO - Started process 535 to run task
[2024-04-26T13:21:11.841+0000] {standard_task_runner.py:87} INFO - Running: ['***', 'tasks', 'run', 'currency_parsing', 'fetch_data_pound', 'scheduled__2024-04-24T00:00:00+00:00', '--job-id', '2232', '--raw', '--subdir', 'DAGS_FOLDER/stage/currency_parsing.py', '--cfg-path', '/tmp/tmphzj2f3_f']
[2024-04-26T13:21:11.849+0000] {standard_task_runner.py:88} INFO - Job 2232: Subtask fetch_data_pound
[2024-04-26T13:21:11.965+0000] {task_command.py:423} INFO - Running <TaskInstance: currency_parsing.fetch_data_pound scheduled__2024-04-24T00:00:00+00:00 [running]> on host 65a8688265d1
[2024-04-26T13:21:12.409+0000] {taskinstance.py:2510} INFO - Exporting env vars: AIRFLOW_CTX_DAG_OWNER='***' AIRFLOW_CTX_DAG_ID='currency_parsing' AIRFLOW_CTX_TASK_ID='fetch_data_pound' AIRFLOW_CTX_EXECUTION_DATE='2024-04-24T00:00:00+00:00' AIRFLOW_CTX_TRY_NUMBER='1' AIRFLOW_CTX_DAG_RUN_ID='scheduled__2024-04-24T00:00:00+00:00'
[2024-04-26T13:21:12.534+0000] {base.py:83} INFO - Using connection ID 'dwh' for task execution.
[2024-04-26T13:21:12.567+0000] {sql.py:572} INFO - Done loading. Loaded a total of 33 rows into stage.currency_parsing_pound
[2024-04-26T13:21:12.568+0000] {python.py:202} INFO - Done. Returned value was: None
[2024-04-26T13:21:12.604+0000] {taskinstance.py:1149} INFO - Marking task as SUCCESS. dag_id=currency_parsing, task_id=fetch_data_pound, execution_date=20240424T000000, start_date=20240426T132111, end_date=20240426T132112
[2024-04-26T13:21:12.700+0000] {local_task_job_runner.py:234} INFO - Task exited with return code 0
[2024-04-26T13:21:12.758+0000] {taskinstance.py:3309} INFO - 0 downstream tasks scheduled from follow-on schedule check
[2024-04-27T12:31:30.767+0000] {taskinstance.py:1979} INFO - Dependencies all met for dep_context=non-requeueable deps ti=<TaskInstance: currency_parsing.fetch_data_pound scheduled__2024-04-24T00:00:00+00:00 [queued]>
[2024-04-27T12:31:31.136+0000] {taskinstance.py:1979} INFO - Dependencies all met for dep_context=requeueable deps ti=<TaskInstance: currency_parsing.fetch_data_pound scheduled__2024-04-24T00:00:00+00:00 [queued]>
[2024-04-27T12:31:31.138+0000] {taskinstance.py:2193} INFO - Starting attempt 1 of 2
[2024-04-27T12:31:31.367+0000] {taskinstance.py:2214} INFO - Executing <Task(PythonOperator): fetch_data_pound> on 2024-04-24 00:00:00+00:00
[2024-04-27T12:31:31.451+0000] {standard_task_runner.py:60} INFO - Started process 2548 to run task
[2024-04-27T12:31:31.478+0000] {standard_task_runner.py:87} INFO - Running: ['***', 'tasks', 'run', 'currency_parsing', 'fetch_data_pound', 'scheduled__2024-04-24T00:00:00+00:00', '--job-id', '2557', '--raw', '--subdir', 'DAGS_FOLDER/stage/currency_parsing.py', '--cfg-path', '/tmp/tmpey9g9cgl']
[2024-04-27T12:31:31.545+0000] {standard_task_runner.py:88} INFO - Job 2557: Subtask fetch_data_pound
[2024-04-27T12:31:32.649+0000] {task_command.py:423} INFO - Running <TaskInstance: currency_parsing.fetch_data_pound scheduled__2024-04-24T00:00:00+00:00 [running]> on host 65a8688265d1
[2024-04-27T12:31:33.390+0000] {taskinstance.py:2510} INFO - Exporting env vars: AIRFLOW_CTX_DAG_OWNER='***' AIRFLOW_CTX_DAG_ID='currency_parsing' AIRFLOW_CTX_TASK_ID='fetch_data_pound' AIRFLOW_CTX_EXECUTION_DATE='2024-04-24T00:00:00+00:00' AIRFLOW_CTX_TRY_NUMBER='1' AIRFLOW_CTX_DAG_RUN_ID='scheduled__2024-04-24T00:00:00+00:00'
[2024-04-27T12:31:33.867+0000] {base.py:83} INFO - Using connection ID 'dwh' for task execution.
[2024-04-27T12:31:34.201+0000] {sql.py:572} INFO - Done loading. Loaded a total of 33 rows into stage.currency_parsing_pound
[2024-04-27T12:31:34.211+0000] {python.py:202} INFO - Done. Returned value was: None
[2024-04-27T12:31:34.299+0000] {taskinstance.py:1149} INFO - Marking task as SUCCESS. dag_id=currency_parsing, task_id=fetch_data_pound, execution_date=20240424T000000, start_date=20240427T123130, end_date=20240427T123134
[2024-04-27T12:31:34.777+0000] {local_task_job_runner.py:234} INFO - Task exited with return code 0
[2024-04-27T12:31:34.884+0000] {taskinstance.py:3309} INFO - 0 downstream tasks scheduled from follow-on schedule check
