[2024-04-21T11:03:56.051+0000] {taskinstance.py:1979} INFO - Dependencies all met for dep_context=non-requeueable deps ti=<TaskInstance: currency_parsing.get_data_usd scheduled__2024-04-03T00:00:00+00:00 [queued]>
[2024-04-21T11:03:56.179+0000] {taskinstance.py:1979} INFO - Dependencies all met for dep_context=requeueable deps ti=<TaskInstance: currency_parsing.get_data_usd scheduled__2024-04-03T00:00:00+00:00 [queued]>
[2024-04-21T11:03:56.183+0000] {taskinstance.py:2193} INFO - Starting attempt 1 of 2
[2024-04-21T11:03:56.349+0000] {taskinstance.py:2214} INFO - Executing <Task(PythonOperator): get_data_usd> on 2024-04-03 00:00:00+00:00
[2024-04-21T11:03:56.382+0000] {standard_task_runner.py:60} INFO - Started process 2434 to run task
[2024-04-21T11:03:56.405+0000] {standard_task_runner.py:87} INFO - Running: ['***', 'tasks', 'run', 'currency_parsing', 'get_data_usd', 'scheduled__2024-04-03T00:00:00+00:00', '--job-id', '1940', '--raw', '--subdir', 'DAGS_FOLDER/stage/currency_parsing.py', '--cfg-path', '/tmp/tmp40wp8xf_']
[2024-04-21T11:03:56.425+0000] {standard_task_runner.py:88} INFO - Job 1940: Subtask get_data_usd
[2024-04-21T11:03:56.934+0000] {task_command.py:423} INFO - Running <TaskInstance: currency_parsing.get_data_usd scheduled__2024-04-03T00:00:00+00:00 [running]> on host e671688b1343
[2024-04-21T11:03:57.473+0000] {warnings.py:109} WARNING - /home/***/.local/lib/python3.8/site-packages/***/utils/context.py:207: AirflowContextDeprecationWarning: Accessing 'execution_date' from the template is deprecated and will be removed in a future version. Please use 'data_interval_start' or 'logical_date' instead.
  warnings.warn(_create_deprecation_warning(key, self._deprecation_replacements[key]))

[2024-04-21T11:03:57.618+0000] {taskinstance.py:2510} INFO - Exporting env vars: AIRFLOW_CTX_DAG_OWNER='***' AIRFLOW_CTX_DAG_ID='currency_parsing' AIRFLOW_CTX_TASK_ID='get_data_usd' AIRFLOW_CTX_EXECUTION_DATE='2024-04-03T00:00:00+00:00' AIRFLOW_CTX_TRY_NUMBER='1' AIRFLOW_CTX_DAG_RUN_ID='scheduled__2024-04-03T00:00:00+00:00'
[2024-04-21T11:03:58.963+0000] {python.py:202} INFO - Done. Returned value was: ([['AUD', 1.534960232, '2024-4-2'], ['BGN', 1.8137403528, '2024-4-2'], ['BRL', 5.0569107285, '2024-4-2'], ['CAD', 1.3562901637, '2024-4-2'], ['CHF', 0.9078001106, '2024-4-2'], ['CNY', 7.2266310737, '2024-4-2'], ['CZK', 23.4781245719, '2024-4-2'], ['DKK', 6.9249008246, '2024-4-2'], ['EUR', 0.9285001096, '2024-4-2'], ['GBP', 0.7950701426, '2024-4-2'], ['HKD', 7.825881142, '2024-4-2'], ['HRK', 6.7306609491, '2024-4-2'], ['HUF', 366.4154580562, '2024-4-2'], ['IDR', 15881.616257437, '2024-4-2'], ['ILS', 3.7177306119, '2024-4-2'], ['INR', 83.2931936222, '2024-4-2'], ['ISK', 139.4816259979, '2024-4-2'], ['JPY', 151.5102626534, '2024-4-2'], ['KRW', 1349.2269746957, '2024-4-2'], ['MXN', 16.5563928479, '2024-4-2'], ['MYR', 4.7493906417, '2024-4-2'], ['NOK', 10.8325215105, '2024-4-2'], ['NZD', 1.6748002018, '2024-4-2'], ['PHP', 56.2798656768, '2024-4-2'], ['PLN', 3.9825205255, '2024-4-2'], ['RON', 4.6141505022, '2024-4-2'], ['RUB', 92.4301456811, '2024-4-2'], ['SEK', 10.7365517782, '2024-4-2'], ['SGD', 1.3512501362, '2024-4-2'], ['THB', 36.6207168975, '2024-4-2'], ['TRY', 31.9524542861, '2024-4-2'], ['USD', 1, '2024-4-2'], ['ZAR', 18.7654120417, '2024-4-2']], ['title', 'rate', 'date'])
[2024-04-21T11:03:59.133+0000] {taskinstance.py:1149} INFO - Marking task as SUCCESS. dag_id=currency_parsing, task_id=get_data_usd, execution_date=20240403T000000, start_date=20240421T110356, end_date=20240421T110359
[2024-04-21T11:03:59.534+0000] {local_task_job_runner.py:234} INFO - Task exited with return code 0
[2024-04-21T11:03:59.776+0000] {taskinstance.py:3309} INFO - 1 downstream tasks scheduled from follow-on schedule check
[2024-04-27T12:18:12.945+0000] {taskinstance.py:1979} INFO - Dependencies all met for dep_context=non-requeueable deps ti=<TaskInstance: currency_parsing.get_data_usd scheduled__2024-04-03T00:00:00+00:00 [queued]>
[2024-04-27T12:18:13.261+0000] {taskinstance.py:1979} INFO - Dependencies all met for dep_context=requeueable deps ti=<TaskInstance: currency_parsing.get_data_usd scheduled__2024-04-03T00:00:00+00:00 [queued]>
[2024-04-27T12:18:13.264+0000] {taskinstance.py:2193} INFO - Starting attempt 1 of 2
[2024-04-27T12:18:13.461+0000] {taskinstance.py:2214} INFO - Executing <Task(PythonOperator): get_data_usd> on 2024-04-03 00:00:00+00:00
[2024-04-27T12:18:13.520+0000] {standard_task_runner.py:60} INFO - Started process 1869 to run task
[2024-04-27T12:18:13.552+0000] {standard_task_runner.py:87} INFO - Running: ['***', 'tasks', 'run', 'currency_parsing', 'get_data_usd', 'scheduled__2024-04-03T00:00:00+00:00', '--job-id', '2296', '--raw', '--subdir', 'DAGS_FOLDER/stage/currency_parsing.py', '--cfg-path', '/tmp/tmptonw7me7']
[2024-04-27T12:18:13.577+0000] {standard_task_runner.py:88} INFO - Job 2296: Subtask get_data_usd
[2024-04-27T12:18:14.358+0000] {task_command.py:423} INFO - Running <TaskInstance: currency_parsing.get_data_usd scheduled__2024-04-03T00:00:00+00:00 [running]> on host 65a8688265d1
[2024-04-27T12:18:14.813+0000] {warnings.py:109} WARNING - /home/***/.local/lib/python3.8/site-packages/***/utils/context.py:207: AirflowContextDeprecationWarning: Accessing 'execution_date' from the template is deprecated and will be removed in a future version. Please use 'data_interval_start' or 'logical_date' instead.
  warnings.warn(_create_deprecation_warning(key, self._deprecation_replacements[key]))

[2024-04-27T12:18:16.247+0000] {taskinstance.py:2510} INFO - Exporting env vars: AIRFLOW_CTX_DAG_OWNER='***' AIRFLOW_CTX_DAG_ID='currency_parsing' AIRFLOW_CTX_TASK_ID='get_data_usd' AIRFLOW_CTX_EXECUTION_DATE='2024-04-03T00:00:00+00:00' AIRFLOW_CTX_TRY_NUMBER='1' AIRFLOW_CTX_DAG_RUN_ID='scheduled__2024-04-03T00:00:00+00:00'
[2024-04-27T12:18:21.057+0000] {python.py:202} INFO - Done. Returned value was: ([['AUD', 1.534960232, '2024-4-2'], ['BGN', 1.8137403528, '2024-4-2'], ['BRL', 5.0569107285, '2024-4-2'], ['CAD', 1.3562901637, '2024-4-2'], ['CHF', 0.9078001106, '2024-4-2'], ['CNY', 7.2266310737, '2024-4-2'], ['CZK', 23.4781245719, '2024-4-2'], ['DKK', 6.9249008246, '2024-4-2'], ['EUR', 0.9285001096, '2024-4-2'], ['GBP', 0.7950701426, '2024-4-2'], ['HKD', 7.825881142, '2024-4-2'], ['HRK', 6.7306609491, '2024-4-2'], ['HUF', 366.4154580562, '2024-4-2'], ['IDR', 15881.616257437, '2024-4-2'], ['ILS', 3.7177306119, '2024-4-2'], ['INR', 83.2931936222, '2024-4-2'], ['ISK', 139.4816259979, '2024-4-2'], ['JPY', 151.5102626534, '2024-4-2'], ['KRW', 1349.2269746957, '2024-4-2'], ['MXN', 16.5563928479, '2024-4-2'], ['MYR', 4.7493906417, '2024-4-2'], ['NOK', 10.8325215105, '2024-4-2'], ['NZD', 1.6748002018, '2024-4-2'], ['PHP', 56.2798656768, '2024-4-2'], ['PLN', 3.9825205255, '2024-4-2'], ['RON', 4.6141505022, '2024-4-2'], ['RUB', 92.4301456811, '2024-4-2'], ['SEK', 10.7365517782, '2024-4-2'], ['SGD', 1.3512501362, '2024-4-2'], ['THB', 36.6207168975, '2024-4-2'], ['TRY', 31.9524542861, '2024-4-2'], ['USD', 1, '2024-4-2'], ['ZAR', 18.7654120417, '2024-4-2']], ['title', 'rate', 'date'])
[2024-04-27T12:18:21.346+0000] {taskinstance.py:1149} INFO - Marking task as SUCCESS. dag_id=currency_parsing, task_id=get_data_usd, execution_date=20240403T000000, start_date=20240427T121812, end_date=20240427T121821
[2024-04-27T12:18:21.835+0000] {local_task_job_runner.py:234} INFO - Task exited with return code 0
[2024-04-27T12:18:21.878+0000] {warnings.py:109} WARNING - /home/***/.local/lib/python3.8/site-packages/***/models/baseoperator.py:1201: AirflowProviderDeprecationWarning: Call to deprecated class PostgresOperator. (Please use `***.providers.common.sql.operators.sql.SQLExecuteQueryOperator`.Also, you can provide `hook_params={'schema': <database>}`.)
  result = cls.__new__(cls)

[2024-04-27T12:18:22.151+0000] {taskinstance.py:3309} INFO - 1 downstream tasks scheduled from follow-on schedule check
