[2024-04-14T08:52:04.001+0000] {taskinstance.py:1979} INFO - Dependencies all met for dep_context=non-requeueable deps ti=<TaskInstance: currency_parsing.fetch_data scheduled__2024-01-25T00:00:00+00:00 [queued]>
[2024-04-14T08:52:04.100+0000] {taskinstance.py:1979} INFO - Dependencies all met for dep_context=requeueable deps ti=<TaskInstance: currency_parsing.fetch_data scheduled__2024-01-25T00:00:00+00:00 [queued]>
[2024-04-14T08:52:04.184+0000] {taskinstance.py:2193} INFO - Starting attempt 1 of 2
[2024-04-14T08:52:04.324+0000] {taskinstance.py:2214} INFO - Executing <Task(PythonOperator): fetch_data> on 2024-01-25 00:00:00+00:00
[2024-04-14T08:52:04.338+0000] {standard_task_runner.py:60} INFO - Started process 988 to run task
[2024-04-14T08:52:04.386+0000] {standard_task_runner.py:87} INFO - Running: ['***', 'tasks', 'run', 'currency_parsing', 'fetch_data', 'scheduled__2024-01-25T00:00:00+00:00', '--job-id', '260', '--raw', '--subdir', 'DAGS_FOLDER/currency_parsing.py', '--cfg-path', '/tmp/tmpt6zvlg5s']
[2024-04-14T08:52:04.397+0000] {standard_task_runner.py:88} INFO - Job 260: Subtask fetch_data
[2024-04-14T08:52:04.941+0000] {task_command.py:423} INFO - Running <TaskInstance: currency_parsing.fetch_data scheduled__2024-01-25T00:00:00+00:00 [running]> on host e8a1e0443283
[2024-04-14T08:52:06.050+0000] {taskinstance.py:2510} INFO - Exporting env vars: AIRFLOW_CTX_DAG_OWNER='***' AIRFLOW_CTX_DAG_ID='currency_parsing' AIRFLOW_CTX_TASK_ID='fetch_data' AIRFLOW_CTX_EXECUTION_DATE='2024-01-25T00:00:00+00:00' AIRFLOW_CTX_TRY_NUMBER='1' AIRFLOW_CTX_DAG_RUN_ID='scheduled__2024-01-25T00:00:00+00:00'
[2024-04-14T08:52:06.163+0000] {base.py:83} INFO - Using connection ID 'dwh' for task execution.
[2024-04-14T08:52:06.270+0000] {sql.py:572} INFO - Done loading. Loaded a total of 39 rows into currency_parsing
[2024-04-14T08:52:06.272+0000] {python.py:202} INFO - Done. Returned value was: None
[2024-04-14T08:52:06.318+0000] {taskinstance.py:1149} INFO - Marking task as SUCCESS. dag_id=currency_parsing, task_id=fetch_data, execution_date=20240125T000000, start_date=20240414T085204, end_date=20240414T085206
[2024-04-14T08:52:06.441+0000] {local_task_job_runner.py:234} INFO - Task exited with return code 0
[2024-04-14T08:52:06.590+0000] {taskinstance.py:3309} INFO - 0 downstream tasks scheduled from follow-on schedule check
[2024-04-14T10:09:11.392+0000] {taskinstance.py:1979} INFO - Dependencies all met for dep_context=non-requeueable deps ti=<TaskInstance: currency_parsing.fetch_data scheduled__2024-01-25T00:00:00+00:00 [queued]>
[2024-04-14T10:09:11.578+0000] {taskinstance.py:1979} INFO - Dependencies all met for dep_context=requeueable deps ti=<TaskInstance: currency_parsing.fetch_data scheduled__2024-01-25T00:00:00+00:00 [queued]>
[2024-04-14T10:09:11.579+0000] {taskinstance.py:2193} INFO - Starting attempt 1 of 2
[2024-04-14T10:09:11.781+0000] {taskinstance.py:2214} INFO - Executing <Task(PythonOperator): fetch_data> on 2024-01-25 00:00:00+00:00
[2024-04-14T10:09:11.795+0000] {standard_task_runner.py:60} INFO - Started process 307 to run task
[2024-04-14T10:09:11.880+0000] {standard_task_runner.py:87} INFO - Running: ['***', 'tasks', 'run', 'currency_parsing', 'fetch_data', 'scheduled__2024-01-25T00:00:00+00:00', '--job-id', '568', '--raw', '--subdir', 'DAGS_FOLDER/currency_parsing.py', '--cfg-path', '/tmp/tmpor3qvlif']
[2024-04-14T10:09:11.967+0000] {standard_task_runner.py:88} INFO - Job 568: Subtask fetch_data
[2024-04-14T10:09:12.586+0000] {task_command.py:423} INFO - Running <TaskInstance: currency_parsing.fetch_data scheduled__2024-01-25T00:00:00+00:00 [running]> on host 1c15aab9396c
[2024-04-14T10:09:13.979+0000] {taskinstance.py:2510} INFO - Exporting env vars: AIRFLOW_CTX_DAG_OWNER='***' AIRFLOW_CTX_DAG_ID='currency_parsing' AIRFLOW_CTX_TASK_ID='fetch_data' AIRFLOW_CTX_EXECUTION_DATE='2024-01-25T00:00:00+00:00' AIRFLOW_CTX_TRY_NUMBER='1' AIRFLOW_CTX_DAG_RUN_ID='scheduled__2024-01-25T00:00:00+00:00'
[2024-04-14T10:09:14.141+0000] {base.py:83} INFO - Using connection ID 'dwh' for task execution.
[2024-04-14T10:09:14.224+0000] {sql.py:572} INFO - Done loading. Loaded a total of 39 rows into currency_parsing
[2024-04-14T10:09:14.231+0000] {python.py:202} INFO - Done. Returned value was: None
[2024-04-14T10:09:14.262+0000] {taskinstance.py:1149} INFO - Marking task as SUCCESS. dag_id=currency_parsing, task_id=fetch_data, execution_date=20240125T000000, start_date=20240414T100911, end_date=20240414T100914
[2024-04-14T10:09:14.431+0000] {local_task_job_runner.py:234} INFO - Task exited with return code 0
[2024-04-14T10:09:14.507+0000] {taskinstance.py:3309} INFO - 0 downstream tasks scheduled from follow-on schedule check
