[2024-04-14T08:55:16.380+0000] {taskinstance.py:1979} INFO - Dependencies all met for dep_context=non-requeueable deps ti=<TaskInstance: currency_parsing.fetch_data scheduled__2024-03-15T00:00:00+00:00 [queued]>
[2024-04-14T08:55:16.458+0000] {taskinstance.py:1979} INFO - Dependencies all met for dep_context=requeueable deps ti=<TaskInstance: currency_parsing.fetch_data scheduled__2024-03-15T00:00:00+00:00 [queued]>
[2024-04-14T08:55:16.474+0000] {taskinstance.py:2193} INFO - Starting attempt 1 of 2
[2024-04-14T08:55:16.835+0000] {taskinstance.py:2214} INFO - Executing <Task(PythonOperator): fetch_data> on 2024-03-15 00:00:00+00:00
[2024-04-14T08:55:16.853+0000] {standard_task_runner.py:60} INFO - Started process 1340 to run task
[2024-04-14T08:55:16.930+0000] {standard_task_runner.py:87} INFO - Running: ['***', 'tasks', 'run', 'currency_parsing', 'fetch_data', 'scheduled__2024-03-15T00:00:00+00:00', '--job-id', '413', '--raw', '--subdir', 'DAGS_FOLDER/currency_parsing.py', '--cfg-path', '/tmp/tmpdx4uspsm']
[2024-04-14T08:55:17.099+0000] {standard_task_runner.py:88} INFO - Job 413: Subtask fetch_data
[2024-04-14T08:55:18.532+0000] {task_command.py:423} INFO - Running <TaskInstance: currency_parsing.fetch_data scheduled__2024-03-15T00:00:00+00:00 [running]> on host e8a1e0443283
[2024-04-14T08:55:21.650+0000] {taskinstance.py:2510} INFO - Exporting env vars: AIRFLOW_CTX_DAG_OWNER='***' AIRFLOW_CTX_DAG_ID='currency_parsing' AIRFLOW_CTX_TASK_ID='fetch_data' AIRFLOW_CTX_EXECUTION_DATE='2024-03-15T00:00:00+00:00' AIRFLOW_CTX_TRY_NUMBER='1' AIRFLOW_CTX_DAG_RUN_ID='scheduled__2024-03-15T00:00:00+00:00'
[2024-04-14T08:55:21.992+0000] {base.py:83} INFO - Using connection ID 'dwh' for task execution.
[2024-04-14T08:55:22.146+0000] {sql.py:572} INFO - Done loading. Loaded a total of 39 rows into currency_parsing
[2024-04-14T08:55:22.149+0000] {python.py:202} INFO - Done. Returned value was: None
[2024-04-14T08:55:22.213+0000] {taskinstance.py:1149} INFO - Marking task as SUCCESS. dag_id=currency_parsing, task_id=fetch_data, execution_date=20240315T000000, start_date=20240414T085516, end_date=20240414T085522
[2024-04-14T08:55:22.635+0000] {local_task_job_runner.py:234} INFO - Task exited with return code 0
[2024-04-14T08:55:23.140+0000] {taskinstance.py:3309} INFO - 0 downstream tasks scheduled from follow-on schedule check
[2024-04-14T10:12:03.049+0000] {taskinstance.py:1979} INFO - Dependencies all met for dep_context=non-requeueable deps ti=<TaskInstance: currency_parsing.fetch_data scheduled__2024-03-15T00:00:00+00:00 [queued]>
[2024-04-14T10:12:03.225+0000] {taskinstance.py:1979} INFO - Dependencies all met for dep_context=requeueable deps ti=<TaskInstance: currency_parsing.fetch_data scheduled__2024-03-15T00:00:00+00:00 [queued]>
[2024-04-14T10:12:03.234+0000] {taskinstance.py:2193} INFO - Starting attempt 1 of 2
[2024-04-14T10:12:03.585+0000] {taskinstance.py:2214} INFO - Executing <Task(PythonOperator): fetch_data> on 2024-03-15 00:00:00+00:00
[2024-04-14T10:12:03.600+0000] {standard_task_runner.py:60} INFO - Started process 633 to run task
[2024-04-14T10:12:03.695+0000] {standard_task_runner.py:87} INFO - Running: ['***', 'tasks', 'run', 'currency_parsing', 'fetch_data', 'scheduled__2024-03-15T00:00:00+00:00', '--job-id', '715', '--raw', '--subdir', 'DAGS_FOLDER/currency_parsing.py', '--cfg-path', '/tmp/tmpddvyvbxi']
[2024-04-14T10:12:03.726+0000] {standard_task_runner.py:88} INFO - Job 715: Subtask fetch_data
[2024-04-14T10:12:04.220+0000] {task_command.py:423} INFO - Running <TaskInstance: currency_parsing.fetch_data scheduled__2024-03-15T00:00:00+00:00 [running]> on host 1c15aab9396c
[2024-04-14T10:12:05.058+0000] {taskinstance.py:2510} INFO - Exporting env vars: AIRFLOW_CTX_DAG_OWNER='***' AIRFLOW_CTX_DAG_ID='currency_parsing' AIRFLOW_CTX_TASK_ID='fetch_data' AIRFLOW_CTX_EXECUTION_DATE='2024-03-15T00:00:00+00:00' AIRFLOW_CTX_TRY_NUMBER='1' AIRFLOW_CTX_DAG_RUN_ID='scheduled__2024-03-15T00:00:00+00:00'
[2024-04-14T10:12:05.216+0000] {base.py:83} INFO - Using connection ID 'dwh' for task execution.
[2024-04-14T10:12:05.290+0000] {sql.py:572} INFO - Done loading. Loaded a total of 39 rows into currency_parsing
[2024-04-14T10:12:05.291+0000] {python.py:202} INFO - Done. Returned value was: None
[2024-04-14T10:12:05.327+0000] {taskinstance.py:1149} INFO - Marking task as SUCCESS. dag_id=currency_parsing, task_id=fetch_data, execution_date=20240315T000000, start_date=20240414T101203, end_date=20240414T101205
[2024-04-14T10:12:05.494+0000] {local_task_job_runner.py:234} INFO - Task exited with return code 0
[2024-04-14T10:12:05.571+0000] {taskinstance.py:3309} INFO - 0 downstream tasks scheduled from follow-on schedule check
