[2024-04-14T08:53:01.437+0000] {taskinstance.py:1979} INFO - Dependencies all met for dep_context=non-requeueable deps ti=<TaskInstance: currency_parsing.create_table scheduled__2024-02-20T00:00:00+00:00 [queued]>
[2024-04-14T08:53:01.507+0000] {taskinstance.py:1979} INFO - Dependencies all met for dep_context=requeueable deps ti=<TaskInstance: currency_parsing.create_table scheduled__2024-02-20T00:00:00+00:00 [queued]>
[2024-04-14T08:53:01.523+0000] {taskinstance.py:2193} INFO - Starting attempt 1 of 2
[2024-04-14T08:53:01.792+0000] {taskinstance.py:2214} INFO - Executing <Task(PostgresOperator): create_table> on 2024-02-20 00:00:00+00:00
[2024-04-14T08:53:01.843+0000] {standard_task_runner.py:60} INFO - Started process 1111 to run task
[2024-04-14T08:53:01.864+0000] {standard_task_runner.py:87} INFO - Running: ['***', 'tasks', 'run', 'currency_parsing', 'create_table', 'scheduled__2024-02-20T00:00:00+00:00', '--job-id', '319', '--raw', '--subdir', 'DAGS_FOLDER/currency_parsing.py', '--cfg-path', '/tmp/tmpkla97hkg']
[2024-04-14T08:53:01.930+0000] {standard_task_runner.py:88} INFO - Job 319: Subtask create_table
[2024-04-14T08:53:02.562+0000] {task_command.py:423} INFO - Running <TaskInstance: currency_parsing.create_table scheduled__2024-02-20T00:00:00+00:00 [running]> on host e8a1e0443283
[2024-04-14T08:53:03.382+0000] {taskinstance.py:2510} INFO - Exporting env vars: AIRFLOW_CTX_DAG_OWNER='***' AIRFLOW_CTX_DAG_ID='currency_parsing' AIRFLOW_CTX_TASK_ID='create_table' AIRFLOW_CTX_EXECUTION_DATE='2024-02-20T00:00:00+00:00' AIRFLOW_CTX_TRY_NUMBER='1' AIRFLOW_CTX_DAG_RUN_ID='scheduled__2024-02-20T00:00:00+00:00'
[2024-04-14T08:53:03.385+0000] {sql.py:276} INFO - Executing: CREATE TABLE IF NOT EXISTS currency_parsing(
    currency VARCHAR(255) NOT NULL,
    title VARCHAR(255) NOT NULL,
    rate float,
    quantity int,
    index VARCHAR(255),
    change float,
    date date NOT NULL
)
[2024-04-14T08:53:03.437+0000] {base.py:83} INFO - Using connection ID 'dwh' for task execution.
[2024-04-14T08:53:03.581+0000] {base.py:83} INFO - Using connection ID 'dwh' for task execution.
[2024-04-14T08:53:03.618+0000] {sql.py:457} INFO - Running statement: CREATE TABLE IF NOT EXISTS currency_parsing(
    currency VARCHAR(255) NOT NULL,
    title VARCHAR(255) NOT NULL,
    rate float,
    quantity int,
    index VARCHAR(255),
    change float,
    date date NOT NULL
), parameters: None
[2024-04-14T08:53:03.636+0000] {warnings.py:109} WARNING - /home/***/.local/lib/python3.8/site-packages/***/providers/common/sql/hooks/sql.py:407: AirflowProviderDeprecationWarning: Call to deprecated method _make_common_data_structure. (The `_make_serializable` method is deprecated and support will be removed in a future version of the common.sql provider. Please update the DbApiHook's provider to a version based on common.sql >= 1.9.1.)
  result = self._make_common_data_structure(handler(cur))

[2024-04-14T08:53:03.696+0000] {taskinstance.py:1149} INFO - Marking task as SUCCESS. dag_id=currency_parsing, task_id=create_table, execution_date=20240220T000000, start_date=20240414T085301, end_date=20240414T085303
[2024-04-14T08:53:03.911+0000] {local_task_job_runner.py:234} INFO - Task exited with return code 0
[2024-04-14T08:53:03.979+0000] {warnings.py:109} WARNING - /home/***/.local/lib/python3.8/site-packages/***/models/baseoperator.py:1201: AirflowProviderDeprecationWarning: Call to deprecated class PostgresOperator. (Please use `***.providers.common.sql.operators.sql.SQLExecuteQueryOperator`.Also, you can provide `hook_params={'schema': <database>}`.)
  result = cls.__new__(cls)

[2024-04-14T08:53:04.138+0000] {taskinstance.py:3309} INFO - 1 downstream tasks scheduled from follow-on schedule check
[2024-04-14T10:10:40.999+0000] {taskinstance.py:1979} INFO - Dependencies all met for dep_context=non-requeueable deps ti=<TaskInstance: currency_parsing.create_table scheduled__2024-02-20T00:00:00+00:00 [queued]>
[2024-04-14T10:10:41.250+0000] {taskinstance.py:1979} INFO - Dependencies all met for dep_context=requeueable deps ti=<TaskInstance: currency_parsing.create_table scheduled__2024-02-20T00:00:00+00:00 [queued]>
[2024-04-14T10:10:41.253+0000] {taskinstance.py:2193} INFO - Starting attempt 1 of 2
[2024-04-14T10:10:41.736+0000] {taskinstance.py:2214} INFO - Executing <Task(PostgresOperator): create_table> on 2024-02-20 00:00:00+00:00
[2024-04-14T10:10:41.762+0000] {standard_task_runner.py:60} INFO - Started process 445 to run task
[2024-04-14T10:10:41.798+0000] {standard_task_runner.py:87} INFO - Running: ['***', 'tasks', 'run', 'currency_parsing', 'create_table', 'scheduled__2024-02-20T00:00:00+00:00', '--job-id', '627', '--raw', '--subdir', 'DAGS_FOLDER/currency_parsing.py', '--cfg-path', '/tmp/tmp39943k_t']
[2024-04-14T10:10:41.827+0000] {standard_task_runner.py:88} INFO - Job 627: Subtask create_table
[2024-04-14T10:10:42.369+0000] {task_command.py:423} INFO - Running <TaskInstance: currency_parsing.create_table scheduled__2024-02-20T00:00:00+00:00 [running]> on host 1c15aab9396c
[2024-04-14T10:10:43.142+0000] {taskinstance.py:2510} INFO - Exporting env vars: AIRFLOW_CTX_DAG_OWNER='***' AIRFLOW_CTX_DAG_ID='currency_parsing' AIRFLOW_CTX_TASK_ID='create_table' AIRFLOW_CTX_EXECUTION_DATE='2024-02-20T00:00:00+00:00' AIRFLOW_CTX_TRY_NUMBER='1' AIRFLOW_CTX_DAG_RUN_ID='scheduled__2024-02-20T00:00:00+00:00'
[2024-04-14T10:10:43.145+0000] {sql.py:276} INFO - Executing: CREATE TABLE IF NOT EXISTS currency_parsing(
    currency VARCHAR(255) NOT NULL,
    title VARCHAR(255) NOT NULL,
    rate float,
    quantity int,
    index VARCHAR(255),
    change float,
    date date NOT NULL
)
[2024-04-14T10:10:43.271+0000] {base.py:83} INFO - Using connection ID 'dwh' for task execution.
[2024-04-14T10:10:43.399+0000] {base.py:83} INFO - Using connection ID 'dwh' for task execution.
[2024-04-14T10:10:43.418+0000] {sql.py:457} INFO - Running statement: CREATE TABLE IF NOT EXISTS currency_parsing(
    currency VARCHAR(255) NOT NULL,
    title VARCHAR(255) NOT NULL,
    rate float,
    quantity int,
    index VARCHAR(255),
    change float,
    date date NOT NULL
), parameters: None
[2024-04-14T10:10:43.423+0000] {warnings.py:109} WARNING - /home/***/.local/lib/python3.8/site-packages/***/providers/common/sql/hooks/sql.py:407: AirflowProviderDeprecationWarning: Call to deprecated method _make_common_data_structure. (The `_make_serializable` method is deprecated and support will be removed in a future version of the common.sql provider. Please update the DbApiHook's provider to a version based on common.sql >= 1.9.1.)
  result = self._make_common_data_structure(handler(cur))

[2024-04-14T10:10:43.522+0000] {taskinstance.py:1149} INFO - Marking task as SUCCESS. dag_id=currency_parsing, task_id=create_table, execution_date=20240220T000000, start_date=20240414T101041, end_date=20240414T101043
[2024-04-14T10:10:44.000+0000] {local_task_job_runner.py:234} INFO - Task exited with return code 0
[2024-04-14T10:10:44.083+0000] {warnings.py:109} WARNING - /home/***/.local/lib/python3.8/site-packages/***/models/baseoperator.py:1201: AirflowProviderDeprecationWarning: Call to deprecated class PostgresOperator. (Please use `***.providers.common.sql.operators.sql.SQLExecuteQueryOperator`.Also, you can provide `hook_params={'schema': <database>}`.)
  result = cls.__new__(cls)

[2024-04-14T10:10:44.589+0000] {taskinstance.py:3309} INFO - 1 downstream tasks scheduled from follow-on schedule check
[2024-04-21T10:55:35.586+0000] {taskinstance.py:1979} INFO - Dependencies all met for dep_context=non-requeueable deps ti=<TaskInstance: currency_parsing.create_table scheduled__2024-02-20T00:00:00+00:00 [queued]>
[2024-04-21T10:55:35.752+0000] {taskinstance.py:1979} INFO - Dependencies all met for dep_context=requeueable deps ti=<TaskInstance: currency_parsing.create_table scheduled__2024-02-20T00:00:00+00:00 [queued]>
[2024-04-21T10:55:35.757+0000] {taskinstance.py:2193} INFO - Starting attempt 1 of 2
[2024-04-21T10:55:36.151+0000] {taskinstance.py:2214} INFO - Executing <Task(PostgresOperator): create_table> on 2024-02-20 00:00:00+00:00
[2024-04-21T10:55:36.213+0000] {standard_task_runner.py:87} INFO - Running: ['***', 'tasks', 'run', 'currency_parsing', 'create_table', 'scheduled__2024-02-20T00:00:00+00:00', '--job-id', '1464', '--raw', '--subdir', 'DAGS_FOLDER/stage/currency_parsing.py', '--cfg-path', '/tmp/tmp4606ntmy']
[2024-04-21T10:55:36.266+0000] {standard_task_runner.py:88} INFO - Job 1464: Subtask create_table
[2024-04-21T10:55:36.174+0000] {standard_task_runner.py:60} INFO - Started process 1382 to run task
[2024-04-21T10:55:36.807+0000] {task_command.py:423} INFO - Running <TaskInstance: currency_parsing.create_table scheduled__2024-02-20T00:00:00+00:00 [running]> on host e671688b1343
[2024-04-21T10:55:37.789+0000] {taskinstance.py:2510} INFO - Exporting env vars: AIRFLOW_CTX_DAG_OWNER='***' AIRFLOW_CTX_DAG_ID='currency_parsing' AIRFLOW_CTX_TASK_ID='create_table' AIRFLOW_CTX_EXECUTION_DATE='2024-02-20T00:00:00+00:00' AIRFLOW_CTX_TRY_NUMBER='1' AIRFLOW_CTX_DAG_RUN_ID='scheduled__2024-02-20T00:00:00+00:00'
[2024-04-21T10:55:37.792+0000] {sql.py:276} INFO - Executing: CREATE TABLE IF NOT EXISTS stage.currency_parsing_pound(
    title VARCHAR(255) NOT NULL,
    rate float,
    date date NOT NULL
);

CREATE TABLE IF NOT EXISTS stage.currency_parsing_usd(
    title VARCHAR(255) NOT NULL,
    rate float,
    date date NOT NULL
);

CREATE TABLE IF NOT EXISTS stage.currency_parsing_rub(
    id VARCHAR(255) NOT NULL,
    NumCode VARCHAR(255) NOT NULL,
    CharCode VARCHAR(255),
    Nominal int,
    Name VARCHAR(255),
    Value float,
    Previous float,
    date date NOT NULL
);

CREATE TABLE IF NOT EXISTS stage.currency_parsing_kzt(
    currency VARCHAR(255) NOT NULL,
    title VARCHAR(255) NOT NULL,
    rate float,
    quantity int,
    index VARCHAR(255),
    change float,
    date date NOT NULL
)
[2024-04-21T10:55:37.847+0000] {base.py:83} INFO - Using connection ID 'dwh' for task execution.
[2024-04-21T10:55:37.927+0000] {base.py:83} INFO - Using connection ID 'dwh' for task execution.
[2024-04-21T10:55:37.935+0000] {sql.py:457} INFO - Running statement: CREATE TABLE IF NOT EXISTS stage.currency_parsing_pound(
    title VARCHAR(255) NOT NULL,
    rate float,
    date date NOT NULL
);

CREATE TABLE IF NOT EXISTS stage.currency_parsing_usd(
    title VARCHAR(255) NOT NULL,
    rate float,
    date date NOT NULL
);

CREATE TABLE IF NOT EXISTS stage.currency_parsing_rub(
    id VARCHAR(255) NOT NULL,
    NumCode VARCHAR(255) NOT NULL,
    CharCode VARCHAR(255),
    Nominal int,
    Name VARCHAR(255),
    Value float,
    Previous float,
    date date NOT NULL
);

CREATE TABLE IF NOT EXISTS stage.currency_parsing_kzt(
    currency VARCHAR(255) NOT NULL,
    title VARCHAR(255) NOT NULL,
    rate float,
    quantity int,
    index VARCHAR(255),
    change float,
    date date NOT NULL
), parameters: None
[2024-04-21T10:55:37.938+0000] {warnings.py:109} WARNING - /home/***/.local/lib/python3.8/site-packages/***/providers/common/sql/hooks/sql.py:407: AirflowProviderDeprecationWarning: Call to deprecated method _make_common_data_structure. (The `_make_serializable` method is deprecated and support will be removed in a future version of the common.sql provider. Please update the DbApiHook's provider to a version based on common.sql >= 1.9.1.)
  result = self._make_common_data_structure(handler(cur))

[2024-04-21T10:55:38.007+0000] {taskinstance.py:1149} INFO - Marking task as SUCCESS. dag_id=currency_parsing, task_id=create_table, execution_date=20240220T000000, start_date=20240421T105535, end_date=20240421T105538
[2024-04-21T10:55:38.764+0000] {local_task_job_runner.py:234} INFO - Task exited with return code 0
[2024-04-21T10:55:38.854+0000] {warnings.py:109} WARNING - /home/***/.local/lib/python3.8/site-packages/***/models/baseoperator.py:1201: AirflowProviderDeprecationWarning: Call to deprecated class PostgresOperator. (Please use `***.providers.common.sql.operators.sql.SQLExecuteQueryOperator`.Also, you can provide `hook_params={'schema': <database>}`.)
  result = cls.__new__(cls)

[2024-04-21T10:55:39.476+0000] {taskinstance.py:3309} INFO - 4 downstream tasks scheduled from follow-on schedule check
