[2024-04-21T11:03:26.673+0000] {taskinstance.py:1979} INFO - Dependencies all met for dep_context=non-requeueable deps ti=<TaskInstance: currency_parsing.get_data_usd scheduled__2024-04-01T00:00:00+00:00 [queued]>
[2024-04-21T11:03:26.864+0000] {taskinstance.py:1979} INFO - Dependencies all met for dep_context=requeueable deps ti=<TaskInstance: currency_parsing.get_data_usd scheduled__2024-04-01T00:00:00+00:00 [queued]>
[2024-04-21T11:03:26.871+0000] {taskinstance.py:2193} INFO - Starting attempt 1 of 2
[2024-04-21T11:03:27.149+0000] {taskinstance.py:2214} INFO - Executing <Task(PythonOperator): get_data_usd> on 2024-04-01 00:00:00+00:00
[2024-04-21T11:03:27.200+0000] {standard_task_runner.py:60} INFO - Started process 2375 to run task
[2024-04-21T11:03:27.366+0000] {standard_task_runner.py:87} INFO - Running: ['***', 'tasks', 'run', 'currency_parsing', 'get_data_usd', 'scheduled__2024-04-01T00:00:00+00:00', '--job-id', '1914', '--raw', '--subdir', 'DAGS_FOLDER/stage/currency_parsing.py', '--cfg-path', '/tmp/tmpll9kdqvx']
[2024-04-21T11:03:27.488+0000] {standard_task_runner.py:88} INFO - Job 1914: Subtask get_data_usd
[2024-04-21T11:03:31.807+0000] {task_command.py:423} INFO - Running <TaskInstance: currency_parsing.get_data_usd scheduled__2024-04-01T00:00:00+00:00 [running]> on host e671688b1343
[2024-04-21T11:03:32.507+0000] {warnings.py:109} WARNING - /home/***/.local/lib/python3.8/site-packages/***/utils/context.py:207: AirflowContextDeprecationWarning: Accessing 'execution_date' from the template is deprecated and will be removed in a future version. Please use 'data_interval_start' or 'logical_date' instead.
  warnings.warn(_create_deprecation_warning(key, self._deprecation_replacements[key]))

[2024-04-21T11:03:32.853+0000] {taskinstance.py:2510} INFO - Exporting env vars: AIRFLOW_CTX_DAG_OWNER='***' AIRFLOW_CTX_DAG_ID='currency_parsing' AIRFLOW_CTX_TASK_ID='get_data_usd' AIRFLOW_CTX_EXECUTION_DATE='2024-04-01T00:00:00+00:00' AIRFLOW_CTX_TRY_NUMBER='1' AIRFLOW_CTX_DAG_RUN_ID='scheduled__2024-04-01T00:00:00+00:00'
[2024-04-21T11:03:33.491+0000] {python.py:202} INFO - Done. Returned value was: ([['AUD', 1.5308201892, '2024-3-31'], ['BGN', 1.8047002834, '2024-3-31'], ['BRL', 5.0042508579, '2024-3-31'], ['CAD', 1.3521201759, '2024-3-31'], ['CHF', 0.9019701002, '2024-3-31'], ['CNY', 7.2149911604, '2024-3-31'], ['CZK', 23.3834223964, '2024-3-31'], ['DKK', 6.9092910441, '2024-3-31'], ['EUR', 0.9264401085, '2024-3-31'], ['GBP', 0.7913000872, '2024-3-31'], ['HKD', 7.8248811062, '2024-3-31'], ['HRK', 6.6987107875, '2024-3-31'], ['HUF', 365.6380518457, '2024-3-31'], ['IDR', 15819.270445206, '2024-3-31'], ['ILS', 3.6901807236, '2024-3-31'], ['INR', 83.2308700487, '2024-3-31'], ['ISK', 139.066294584, '2024-3-31'], ['JPY', 151.3962577811, '2024-3-31'], ['KRW', 1343.1535735898, '2024-3-31'], ['MXN', 16.5482920467, '2024-3-31'], ['MYR', 4.7198909171, '2024-3-31'], ['NOK', 10.8393311653, '2024-3-31'], ['NZD', 1.6700103302, '2024-3-31'], ['PHP', 56.1066806062, '2024-3-31'], ['PLN', 3.9789606954, '2024-3-31'], ['RON', 4.6060208482, '2024-3-31'], ['RUB', 92.4368114372, '2024-3-31'], ['SEK', 10.6732311056, '2024-3-31'], ['SGD', 1.3475901707, '2024-3-31'], ['THB', 36.4026169046, '2024-3-31'], ['TRY', 32.4132937637, '2024-3-31'], ['USD', 1, '2024-3-31'], ['ZAR', 18.8560228745, '2024-3-31']], ['title', 'rate', 'date'])
[2024-04-21T11:03:33.705+0000] {taskinstance.py:1149} INFO - Marking task as SUCCESS. dag_id=currency_parsing, task_id=get_data_usd, execution_date=20240401T000000, start_date=20240421T110326, end_date=20240421T110333
[2024-04-21T11:03:33.910+0000] {local_task_job_runner.py:234} INFO - Task exited with return code 0
[2024-04-21T11:03:34.229+0000] {taskinstance.py:3309} INFO - 1 downstream tasks scheduled from follow-on schedule check
[2024-04-27T12:17:50.417+0000] {taskinstance.py:1979} INFO - Dependencies all met for dep_context=non-requeueable deps ti=<TaskInstance: currency_parsing.get_data_usd scheduled__2024-04-01T00:00:00+00:00 [queued]>
[2024-04-27T12:17:51.100+0000] {taskinstance.py:1979} INFO - Dependencies all met for dep_context=requeueable deps ti=<TaskInstance: currency_parsing.get_data_usd scheduled__2024-04-01T00:00:00+00:00 [queued]>
[2024-04-27T12:17:51.129+0000] {taskinstance.py:2193} INFO - Starting attempt 1 of 2
[2024-04-27T12:17:51.970+0000] {taskinstance.py:2214} INFO - Executing <Task(PythonOperator): get_data_usd> on 2024-04-01 00:00:00+00:00
[2024-04-27T12:17:52.006+0000] {standard_task_runner.py:60} INFO - Started process 1846 to run task
[2024-04-27T12:17:52.202+0000] {standard_task_runner.py:87} INFO - Running: ['***', 'tasks', 'run', 'currency_parsing', 'get_data_usd', 'scheduled__2024-04-01T00:00:00+00:00', '--job-id', '2285', '--raw', '--subdir', 'DAGS_FOLDER/stage/currency_parsing.py', '--cfg-path', '/tmp/tmp3_trizex']
[2024-04-27T12:17:52.294+0000] {standard_task_runner.py:88} INFO - Job 2285: Subtask get_data_usd
[2024-04-27T12:17:53.280+0000] {task_command.py:423} INFO - Running <TaskInstance: currency_parsing.get_data_usd scheduled__2024-04-01T00:00:00+00:00 [running]> on host 65a8688265d1
[2024-04-27T12:17:53.954+0000] {warnings.py:109} WARNING - /home/***/.local/lib/python3.8/site-packages/***/utils/context.py:207: AirflowContextDeprecationWarning: Accessing 'execution_date' from the template is deprecated and will be removed in a future version. Please use 'data_interval_start' or 'logical_date' instead.
  warnings.warn(_create_deprecation_warning(key, self._deprecation_replacements[key]))

[2024-04-27T12:17:57.096+0000] {taskinstance.py:2510} INFO - Exporting env vars: AIRFLOW_CTX_DAG_OWNER='***' AIRFLOW_CTX_DAG_ID='currency_parsing' AIRFLOW_CTX_TASK_ID='get_data_usd' AIRFLOW_CTX_EXECUTION_DATE='2024-04-01T00:00:00+00:00' AIRFLOW_CTX_TRY_NUMBER='1' AIRFLOW_CTX_DAG_RUN_ID='scheduled__2024-04-01T00:00:00+00:00'
[2024-04-27T12:18:01.371+0000] {python.py:202} INFO - Done. Returned value was: ([['AUD', 1.5308201892, '2024-3-31'], ['BGN', 1.8047002834, '2024-3-31'], ['BRL', 5.0042508579, '2024-3-31'], ['CAD', 1.3521201759, '2024-3-31'], ['CHF', 0.9019701002, '2024-3-31'], ['CNY', 7.2149911604, '2024-3-31'], ['CZK', 23.3834223964, '2024-3-31'], ['DKK', 6.9092910441, '2024-3-31'], ['EUR', 0.9264401085, '2024-3-31'], ['GBP', 0.7913000872, '2024-3-31'], ['HKD', 7.8248811062, '2024-3-31'], ['HRK', 6.6987107875, '2024-3-31'], ['HUF', 365.6380518457, '2024-3-31'], ['IDR', 15819.270445206, '2024-3-31'], ['ILS', 3.6901807236, '2024-3-31'], ['INR', 83.2308700487, '2024-3-31'], ['ISK', 139.066294584, '2024-3-31'], ['JPY', 151.3962577811, '2024-3-31'], ['KRW', 1343.1535735898, '2024-3-31'], ['MXN', 16.5482920467, '2024-3-31'], ['MYR', 4.7198909171, '2024-3-31'], ['NOK', 10.8393311653, '2024-3-31'], ['NZD', 1.6700103302, '2024-3-31'], ['PHP', 56.1066806062, '2024-3-31'], ['PLN', 3.9789606954, '2024-3-31'], ['RON', 4.6060208482, '2024-3-31'], ['RUB', 92.4368114372, '2024-3-31'], ['SEK', 10.6732311056, '2024-3-31'], ['SGD', 1.3475901707, '2024-3-31'], ['THB', 36.4026169046, '2024-3-31'], ['TRY', 32.4132937637, '2024-3-31'], ['USD', 1, '2024-3-31'], ['ZAR', 18.8560228745, '2024-3-31']], ['title', 'rate', 'date'])
[2024-04-27T12:18:01.835+0000] {taskinstance.py:1149} INFO - Marking task as SUCCESS. dag_id=currency_parsing, task_id=get_data_usd, execution_date=20240401T000000, start_date=20240427T121750, end_date=20240427T121801
[2024-04-27T12:18:02.230+0000] {local_task_job_runner.py:234} INFO - Task exited with return code 0
[2024-04-27T12:18:02.291+0000] {warnings.py:109} WARNING - /home/***/.local/lib/python3.8/site-packages/***/models/baseoperator.py:1201: AirflowProviderDeprecationWarning: Call to deprecated class PostgresOperator. (Please use `***.providers.common.sql.operators.sql.SQLExecuteQueryOperator`.Also, you can provide `hook_params={'schema': <database>}`.)
  result = cls.__new__(cls)

[2024-04-27T12:18:03.202+0000] {taskinstance.py:3309} INFO - 1 downstream tasks scheduled from follow-on schedule check
