[2024-04-21T11:05:51.289+0000] {taskinstance.py:1979} INFO - Dependencies all met for dep_context=non-requeueable deps ti=<TaskInstance: currency_parsing.get_data_usd scheduled__2024-04-14T00:00:00+00:00 [queued]>
[2024-04-21T11:05:51.516+0000] {taskinstance.py:1979} INFO - Dependencies all met for dep_context=requeueable deps ti=<TaskInstance: currency_parsing.get_data_usd scheduled__2024-04-14T00:00:00+00:00 [queued]>
[2024-04-21T11:05:51.534+0000] {taskinstance.py:2193} INFO - Starting attempt 1 of 2
[2024-04-21T11:05:52.170+0000] {taskinstance.py:2214} INFO - Executing <Task(PythonOperator): get_data_usd> on 2024-04-14 00:00:00+00:00
[2024-04-21T11:05:52.214+0000] {standard_task_runner.py:60} INFO - Started process 2705 to run task
[2024-04-21T11:05:52.280+0000] {standard_task_runner.py:87} INFO - Running: ['***', 'tasks', 'run', 'currency_parsing', 'get_data_usd', 'scheduled__2024-04-14T00:00:00+00:00', '--job-id', '2060', '--raw', '--subdir', 'DAGS_FOLDER/stage/currency_parsing.py', '--cfg-path', '/tmp/tmp0apxb898']
[2024-04-21T11:05:52.319+0000] {standard_task_runner.py:88} INFO - Job 2060: Subtask get_data_usd
[2024-04-21T11:05:52.876+0000] {task_command.py:423} INFO - Running <TaskInstance: currency_parsing.get_data_usd scheduled__2024-04-14T00:00:00+00:00 [running]> on host e671688b1343
[2024-04-21T11:05:53.594+0000] {warnings.py:109} WARNING - /home/***/.local/lib/python3.8/site-packages/***/utils/context.py:207: AirflowContextDeprecationWarning: Accessing 'execution_date' from the template is deprecated and will be removed in a future version. Please use 'data_interval_start' or 'logical_date' instead.
  warnings.warn(_create_deprecation_warning(key, self._deprecation_replacements[key]))

[2024-04-21T11:05:54.174+0000] {taskinstance.py:2510} INFO - Exporting env vars: AIRFLOW_CTX_DAG_OWNER='***' AIRFLOW_CTX_DAG_ID='currency_parsing' AIRFLOW_CTX_TASK_ID='get_data_usd' AIRFLOW_CTX_EXECUTION_DATE='2024-04-14T00:00:00+00:00' AIRFLOW_CTX_TRY_NUMBER='1' AIRFLOW_CTX_DAG_RUN_ID='scheduled__2024-04-14T00:00:00+00:00'
[2024-04-21T11:05:55.445+0000] {python.py:202} INFO - Done. Returned value was: ([['AUD', 1.5468402866, '2024-4-13'], ['BGN', 1.8302301931, '2024-4-13'], ['BRL', 5.1284107716, '2024-4-13'], ['CAD', 1.3773502007, '2024-4-13'], ['CHF', 0.9141300954, '2024-4-13'], ['CNY', 7.2353710327, '2024-4-13'], ['CZK', 23.7950936103, '2024-4-13'], ['DKK', 7.0104509291, '2024-4-13'], ['EUR', 0.9390801096, '2024-4-13'], ['GBP', 0.8031401183, '2024-4-13'], ['HKD', 7.8360808813, '2024-4-13'], ['HRK', 6.7989911646, '2024-4-13'], ['HUF', 368.9104322231, '2024-4-13'], ['IDR', 15826.235296923, '2024-4-13'], ['ILS', 3.7721304952, '2024-4-13'], ['INR', 83.5010731448, '2024-4-13'], ['ISK', 141.4541948444, '2024-4-13'], ['JPY', 153.2989406162, '2024-4-13'], ['KRW', 1378.0310365111, '2024-4-13'], ['MXN', 16.6307423253, '2024-4-13'], ['MYR', 4.7696107178, '2024-4-13'], ['NOK', 10.8986419214, '2024-4-13'], ['NZD', 1.6839901987, '2024-4-13'], ['PHP', 56.6048102706, '2024-4-13'], ['PLN', 4.0257906998, '2024-4-13'], ['RON', 4.6727806078, '2024-4-13'], ['RUB', 93.2937851015, '2024-4-13'], ['SEK', 10.8859521193, '2024-4-13'], ['SGD', 1.3600102337, '2024-4-13'], ['THB', 36.5952450695, '2024-4-13'], ['TRY', 32.3506444481, '2024-4-13'], ['USD', 1, '2024-4-13'], ['ZAR', 18.833363217, '2024-4-13']], ['title', 'rate', 'date'])
[2024-04-21T11:05:55.633+0000] {taskinstance.py:1149} INFO - Marking task as SUCCESS. dag_id=currency_parsing, task_id=get_data_usd, execution_date=20240414T000000, start_date=20240421T110551, end_date=20240421T110555
[2024-04-21T11:05:55.793+0000] {local_task_job_runner.py:234} INFO - Task exited with return code 0
[2024-04-21T11:05:55.879+0000] {taskinstance.py:3309} INFO - 1 downstream tasks scheduled from follow-on schedule check
[2024-04-27T12:21:13.432+0000] {taskinstance.py:1979} INFO - Dependencies all met for dep_context=non-requeueable deps ti=<TaskInstance: currency_parsing.get_data_usd scheduled__2024-04-14T00:00:00+00:00 [queued]>
[2024-04-27T12:21:13.581+0000] {taskinstance.py:1979} INFO - Dependencies all met for dep_context=requeueable deps ti=<TaskInstance: currency_parsing.get_data_usd scheduled__2024-04-14T00:00:00+00:00 [queued]>
[2024-04-27T12:21:13.590+0000] {taskinstance.py:2193} INFO - Starting attempt 1 of 2
[2024-04-27T12:21:13.748+0000] {taskinstance.py:2214} INFO - Executing <Task(PythonOperator): get_data_usd> on 2024-04-14 00:00:00+00:00
[2024-04-27T12:21:13.795+0000] {standard_task_runner.py:87} INFO - Running: ['***', 'tasks', 'run', 'currency_parsing', 'get_data_usd', 'scheduled__2024-04-14T00:00:00+00:00', '--job-id', '2346', '--raw', '--subdir', 'DAGS_FOLDER/stage/currency_parsing.py', '--cfg-path', '/tmp/tmp8fgq_had']
[2024-04-27T12:21:13.811+0000] {standard_task_runner.py:88} INFO - Job 2346: Subtask get_data_usd
[2024-04-27T12:21:13.777+0000] {standard_task_runner.py:60} INFO - Started process 2008 to run task
[2024-04-27T12:21:15.983+0000] {task_command.py:423} INFO - Running <TaskInstance: currency_parsing.get_data_usd scheduled__2024-04-14T00:00:00+00:00 [running]> on host 65a8688265d1
[2024-04-27T12:21:17.498+0000] {warnings.py:109} WARNING - /home/***/.local/lib/python3.8/site-packages/***/utils/context.py:207: AirflowContextDeprecationWarning: Accessing 'execution_date' from the template is deprecated and will be removed in a future version. Please use 'data_interval_start' or 'logical_date' instead.
  warnings.warn(_create_deprecation_warning(key, self._deprecation_replacements[key]))

[2024-04-27T12:21:20.337+0000] {taskinstance.py:2510} INFO - Exporting env vars: AIRFLOW_CTX_DAG_OWNER='***' AIRFLOW_CTX_DAG_ID='currency_parsing' AIRFLOW_CTX_TASK_ID='get_data_usd' AIRFLOW_CTX_EXECUTION_DATE='2024-04-14T00:00:00+00:00' AIRFLOW_CTX_TRY_NUMBER='1' AIRFLOW_CTX_DAG_RUN_ID='scheduled__2024-04-14T00:00:00+00:00'
[2024-04-27T12:21:25.273+0000] {python.py:202} INFO - Done. Returned value was: ([['AUD', 1.5468402866, '2024-4-13'], ['BGN', 1.8302301931, '2024-4-13'], ['BRL', 5.1284107716, '2024-4-13'], ['CAD', 1.3773502007, '2024-4-13'], ['CHF', 0.9141300954, '2024-4-13'], ['CNY', 7.2353710327, '2024-4-13'], ['CZK', 23.7950936103, '2024-4-13'], ['DKK', 7.0104509291, '2024-4-13'], ['EUR', 0.9390801096, '2024-4-13'], ['GBP', 0.8031401183, '2024-4-13'], ['HKD', 7.8360808813, '2024-4-13'], ['HRK', 6.7989911646, '2024-4-13'], ['HUF', 368.9104322231, '2024-4-13'], ['IDR', 15826.235296923, '2024-4-13'], ['ILS', 3.7721304952, '2024-4-13'], ['INR', 83.5010731448, '2024-4-13'], ['ISK', 141.4541948444, '2024-4-13'], ['JPY', 153.2989406162, '2024-4-13'], ['KRW', 1378.0310365111, '2024-4-13'], ['MXN', 16.6307423253, '2024-4-13'], ['MYR', 4.7696107178, '2024-4-13'], ['NOK', 10.8986419214, '2024-4-13'], ['NZD', 1.6839901987, '2024-4-13'], ['PHP', 56.6048102706, '2024-4-13'], ['PLN', 4.0257906998, '2024-4-13'], ['RON', 4.6727806078, '2024-4-13'], ['RUB', 93.2937851015, '2024-4-13'], ['SEK', 10.8859521193, '2024-4-13'], ['SGD', 1.3600102337, '2024-4-13'], ['THB', 36.5952450695, '2024-4-13'], ['TRY', 32.3506444481, '2024-4-13'], ['USD', 1, '2024-4-13'], ['ZAR', 18.833363217, '2024-4-13']], ['title', 'rate', 'date'])
[2024-04-27T12:21:27.261+0000] {taskinstance.py:1149} INFO - Marking task as SUCCESS. dag_id=currency_parsing, task_id=get_data_usd, execution_date=20240414T000000, start_date=20240427T122113, end_date=20240427T122127
[2024-04-27T12:21:29.976+0000] {local_task_job_runner.py:234} INFO - Task exited with return code 0
[2024-04-27T12:21:31.599+0000] {warnings.py:109} WARNING - /home/***/.local/lib/python3.8/site-packages/***/models/baseoperator.py:1201: AirflowProviderDeprecationWarning: Call to deprecated class PostgresOperator. (Please use `***.providers.common.sql.operators.sql.SQLExecuteQueryOperator`.Also, you can provide `hook_params={'schema': <database>}`.)
  result = cls.__new__(cls)

[2024-04-27T12:21:33.437+0000] {taskinstance.py:3309} INFO - 0 downstream tasks scheduled from follow-on schedule check
