[2024-04-21T11:03:46.843+0000] {taskinstance.py:1979} INFO - Dependencies all met for dep_context=non-requeueable deps ti=<TaskInstance: currency_parsing.fetch_data_kzt scheduled__2024-04-01T00:00:00+00:00 [queued]>
[2024-04-21T11:03:46.980+0000] {taskinstance.py:1979} INFO - Dependencies all met for dep_context=requeueable deps ti=<TaskInstance: currency_parsing.fetch_data_kzt scheduled__2024-04-01T00:00:00+00:00 [queued]>
[2024-04-21T11:03:46.985+0000] {taskinstance.py:2193} INFO - Starting attempt 1 of 2
[2024-04-21T11:03:47.303+0000] {taskinstance.py:2214} INFO - Executing <Task(PythonOperator): fetch_data_kzt> on 2024-04-01 00:00:00+00:00
[2024-04-21T11:03:47.319+0000] {standard_task_runner.py:60} INFO - Started process 2404 to run task
[2024-04-21T11:03:47.358+0000] {standard_task_runner.py:87} INFO - Running: ['***', 'tasks', 'run', 'currency_parsing', 'fetch_data_kzt', 'scheduled__2024-04-01T00:00:00+00:00', '--job-id', '1930', '--raw', '--subdir', 'DAGS_FOLDER/stage/currency_parsing.py', '--cfg-path', '/tmp/tmpcdn3s40f']
[2024-04-21T11:03:47.364+0000] {standard_task_runner.py:88} INFO - Job 1930: Subtask fetch_data_kzt
[2024-04-21T11:03:47.852+0000] {task_command.py:423} INFO - Running <TaskInstance: currency_parsing.fetch_data_kzt scheduled__2024-04-01T00:00:00+00:00 [running]> on host e671688b1343
[2024-04-21T11:03:48.557+0000] {taskinstance.py:2510} INFO - Exporting env vars: AIRFLOW_CTX_DAG_OWNER='***' AIRFLOW_CTX_DAG_ID='currency_parsing' AIRFLOW_CTX_TASK_ID='fetch_data_kzt' AIRFLOW_CTX_EXECUTION_DATE='2024-04-01T00:00:00+00:00' AIRFLOW_CTX_TRY_NUMBER='1' AIRFLOW_CTX_DAG_RUN_ID='scheduled__2024-04-01T00:00:00+00:00'
[2024-04-21T11:03:48.711+0000] {base.py:83} INFO - Using connection ID 'dwh' for task execution.
[2024-04-21T11:03:48.788+0000] {sql.py:572} INFO - Done loading. Loaded a total of 39 rows into stage.currency_parsing_kzt
[2024-04-21T11:03:48.795+0000] {python.py:202} INFO - Done. Returned value was: None
[2024-04-21T11:03:48.891+0000] {taskinstance.py:1149} INFO - Marking task as SUCCESS. dag_id=currency_parsing, task_id=fetch_data_kzt, execution_date=20240401T000000, start_date=20240421T110346, end_date=20240421T110348
[2024-04-21T11:03:48.972+0000] {local_task_job_runner.py:234} INFO - Task exited with return code 0
[2024-04-21T11:03:49.049+0000] {taskinstance.py:3309} INFO - 0 downstream tasks scheduled from follow-on schedule check
[2024-04-27T12:21:53.663+0000] {taskinstance.py:1979} INFO - Dependencies all met for dep_context=non-requeueable deps ti=<TaskInstance: currency_parsing.fetch_data_kzt scheduled__2024-04-01T00:00:00+00:00 [queued]>
[2024-04-27T12:21:54.209+0000] {taskinstance.py:1979} INFO - Dependencies all met for dep_context=requeueable deps ti=<TaskInstance: currency_parsing.fetch_data_kzt scheduled__2024-04-01T00:00:00+00:00 [queued]>
[2024-04-27T12:21:54.228+0000] {taskinstance.py:2193} INFO - Starting attempt 1 of 2
[2024-04-27T12:21:56.686+0000] {taskinstance.py:2214} INFO - Executing <Task(PythonOperator): fetch_data_kzt> on 2024-04-01 00:00:00+00:00
[2024-04-27T12:21:56.802+0000] {standard_task_runner.py:60} INFO - Started process 2031 to run task
[2024-04-27T12:21:57.091+0000] {standard_task_runner.py:87} INFO - Running: ['***', 'tasks', 'run', 'currency_parsing', 'fetch_data_kzt', 'scheduled__2024-04-01T00:00:00+00:00', '--job-id', '2354', '--raw', '--subdir', 'DAGS_FOLDER/stage/currency_parsing.py', '--cfg-path', '/tmp/tmpxzs22lec']
[2024-04-27T12:21:57.298+0000] {standard_task_runner.py:88} INFO - Job 2354: Subtask fetch_data_kzt
[2024-04-27T12:21:59.438+0000] {task_command.py:423} INFO - Running <TaskInstance: currency_parsing.fetch_data_kzt scheduled__2024-04-01T00:00:00+00:00 [running]> on host 65a8688265d1
[2024-04-27T12:22:01.104+0000] {taskinstance.py:2510} INFO - Exporting env vars: AIRFLOW_CTX_DAG_OWNER='***' AIRFLOW_CTX_DAG_ID='currency_parsing' AIRFLOW_CTX_TASK_ID='fetch_data_kzt' AIRFLOW_CTX_EXECUTION_DATE='2024-04-01T00:00:00+00:00' AIRFLOW_CTX_TRY_NUMBER='1' AIRFLOW_CTX_DAG_RUN_ID='scheduled__2024-04-01T00:00:00+00:00'
[2024-04-27T12:22:02.085+0000] {base.py:83} INFO - Using connection ID 'dwh' for task execution.
[2024-04-27T12:22:02.218+0000] {sql.py:572} INFO - Done loading. Loaded a total of 39 rows into stage.currency_parsing_kzt
[2024-04-27T12:22:02.221+0000] {python.py:202} INFO - Done. Returned value was: None
[2024-04-27T12:22:02.495+0000] {taskinstance.py:1149} INFO - Marking task as SUCCESS. dag_id=currency_parsing, task_id=fetch_data_kzt, execution_date=20240401T000000, start_date=20240427T122153, end_date=20240427T122202
[2024-04-27T12:22:03.445+0000] {local_task_job_runner.py:234} INFO - Task exited with return code 0
[2024-04-27T12:22:04.622+0000] {warnings.py:109} WARNING - /home/***/.local/lib/python3.8/site-packages/***/models/baseoperator.py:1201: AirflowProviderDeprecationWarning: Call to deprecated class PostgresOperator. (Please use `***.providers.common.sql.operators.sql.SQLExecuteQueryOperator`.Also, you can provide `hook_params={'schema': <database>}`.)
  result = cls.__new__(cls)

[2024-04-27T12:22:05.615+0000] {taskinstance.py:3309} INFO - 0 downstream tasks scheduled from follow-on schedule check
