[2024-04-21T11:05:58.341+0000] {taskinstance.py:1979} INFO - Dependencies all met for dep_context=non-requeueable deps ti=<TaskInstance: currency_parsing.get_data_usd scheduled__2024-04-16T00:00:00+00:00 [queued]>
[2024-04-21T11:05:58.558+0000] {taskinstance.py:1979} INFO - Dependencies all met for dep_context=requeueable deps ti=<TaskInstance: currency_parsing.get_data_usd scheduled__2024-04-16T00:00:00+00:00 [queued]>
[2024-04-21T11:05:58.573+0000] {taskinstance.py:2193} INFO - Starting attempt 1 of 2
[2024-04-21T11:05:58.957+0000] {taskinstance.py:2214} INFO - Executing <Task(PythonOperator): get_data_usd> on 2024-04-16 00:00:00+00:00
[2024-04-21T11:05:59.102+0000] {standard_task_runner.py:60} INFO - Started process 2719 to run task
[2024-04-21T11:05:59.187+0000] {standard_task_runner.py:87} INFO - Running: ['***', 'tasks', 'run', 'currency_parsing', 'get_data_usd', 'scheduled__2024-04-16T00:00:00+00:00', '--job-id', '2069', '--raw', '--subdir', 'DAGS_FOLDER/stage/currency_parsing.py', '--cfg-path', '/tmp/tmpf802vk_s']
[2024-04-21T11:05:59.286+0000] {standard_task_runner.py:88} INFO - Job 2069: Subtask get_data_usd
[2024-04-21T11:05:59.759+0000] {task_command.py:423} INFO - Running <TaskInstance: currency_parsing.get_data_usd scheduled__2024-04-16T00:00:00+00:00 [running]> on host e671688b1343
[2024-04-21T11:06:00.613+0000] {warnings.py:109} WARNING - /home/***/.local/lib/python3.8/site-packages/***/utils/context.py:207: AirflowContextDeprecationWarning: Accessing 'execution_date' from the template is deprecated and will be removed in a future version. Please use 'data_interval_start' or 'logical_date' instead.
  warnings.warn(_create_deprecation_warning(key, self._deprecation_replacements[key]))

[2024-04-21T11:06:01.165+0000] {taskinstance.py:2510} INFO - Exporting env vars: AIRFLOW_CTX_DAG_OWNER='***' AIRFLOW_CTX_DAG_ID='currency_parsing' AIRFLOW_CTX_TASK_ID='get_data_usd' AIRFLOW_CTX_EXECUTION_DATE='2024-04-16T00:00:00+00:00' AIRFLOW_CTX_TRY_NUMBER='1' AIRFLOW_CTX_DAG_RUN_ID='scheduled__2024-04-16T00:00:00+00:00'
[2024-04-21T11:06:02.690+0000] {python.py:202} INFO - Done. Returned value was: ([['AUD', 1.5520902884, '2024-4-15'], ['BGN', 1.8318801936, '2024-4-15'], ['BRL', 5.1804608619, '2024-4-15'], ['CAD', 1.3784301717, '2024-4-15'], ['CHF', 0.9115401353, '2024-4-15'], ['CNY', 7.2357508388, '2024-4-15'], ['CZK', 23.7896627385, '2024-4-15'], ['DKK', 7.0195110726, '2024-4-15'], ['EUR', 0.9406001853, '2024-4-15'], ['GBP', 0.8033000845, '2024-4-15'], ['HKD', 7.8275214079, '2024-4-15'], ['HRK', 6.8003606939, '2024-4-15'], ['HUF', 370.3927044633, '2024-4-15'], ['IDR', 15820.416465064, '2024-4-15'], ['ILS', 3.7436905651, '2024-4-15'], ['INR', 83.4591908793, '2024-4-15'], ['ISK', 141.4593076788, '2024-4-15'], ['JPY', 154.1908506831, '2024-4-15'], ['KRW', 1385.5937980479, '2024-4-15'], ['MXN', 16.6992322665, '2024-4-15'], ['MYR', 4.77629081, '2024-4-15'], ['NOK', 10.9308720994, '2024-4-15'], ['NZD', 1.6936602076, '2024-4-15'], ['PHP', 56.8055905173, '2024-4-15'], ['PLN', 4.0487305482, '2024-4-15'], ['RON', 4.6798708263, '2024-4-15'], ['RUB', 93.2940396393, '2024-4-15'], ['SEK', 10.876561916, '2024-4-15'], ['SGD', 1.3625701977, '2024-4-15'], ['THB', 36.7518459135, '2024-4-15'], ['TRY', 32.4000356407, '2024-4-15'], ['USD', 1, '2024-4-15'], ['ZAR', 18.9749932819, '2024-4-15']], ['title', 'rate', 'date'])
[2024-04-21T11:06:02.920+0000] {taskinstance.py:1149} INFO - Marking task as SUCCESS. dag_id=currency_parsing, task_id=get_data_usd, execution_date=20240416T000000, start_date=20240421T110558, end_date=20240421T110602
[2024-04-21T11:06:03.189+0000] {local_task_job_runner.py:234} INFO - Task exited with return code 0
[2024-04-21T11:06:03.446+0000] {taskinstance.py:3309} INFO - 1 downstream tasks scheduled from follow-on schedule check
[2024-04-27T12:24:03.081+0000] {taskinstance.py:1979} INFO - Dependencies all met for dep_context=non-requeueable deps ti=<TaskInstance: currency_parsing.get_data_usd scheduled__2024-04-16T00:00:00+00:00 [queued]>
[2024-04-27T12:24:03.215+0000] {taskinstance.py:1979} INFO - Dependencies all met for dep_context=requeueable deps ti=<TaskInstance: currency_parsing.get_data_usd scheduled__2024-04-16T00:00:00+00:00 [queued]>
[2024-04-27T12:24:03.231+0000] {taskinstance.py:2193} INFO - Starting attempt 1 of 2
[2024-04-27T12:24:03.481+0000] {taskinstance.py:2214} INFO - Executing <Task(PythonOperator): get_data_usd> on 2024-04-16 00:00:00+00:00
[2024-04-27T12:24:03.608+0000] {standard_task_runner.py:60} INFO - Started process 2161 to run task
[2024-04-27T12:24:03.676+0000] {standard_task_runner.py:87} INFO - Running: ['***', 'tasks', 'run', 'currency_parsing', 'get_data_usd', 'scheduled__2024-04-16T00:00:00+00:00', '--job-id', '2409', '--raw', '--subdir', 'DAGS_FOLDER/stage/currency_parsing.py', '--cfg-path', '/tmp/tmpxqnrvz4f']
[2024-04-27T12:24:03.740+0000] {standard_task_runner.py:88} INFO - Job 2409: Subtask get_data_usd
[2024-04-27T12:24:04.479+0000] {task_command.py:423} INFO - Running <TaskInstance: currency_parsing.get_data_usd scheduled__2024-04-16T00:00:00+00:00 [running]> on host 65a8688265d1
[2024-04-27T12:24:06.066+0000] {warnings.py:109} WARNING - /home/***/.local/lib/python3.8/site-packages/***/utils/context.py:207: AirflowContextDeprecationWarning: Accessing 'execution_date' from the template is deprecated and will be removed in a future version. Please use 'data_interval_start' or 'logical_date' instead.
  warnings.warn(_create_deprecation_warning(key, self._deprecation_replacements[key]))

[2024-04-27T12:24:06.412+0000] {taskinstance.py:2510} INFO - Exporting env vars: AIRFLOW_CTX_DAG_OWNER='***' AIRFLOW_CTX_DAG_ID='currency_parsing' AIRFLOW_CTX_TASK_ID='get_data_usd' AIRFLOW_CTX_EXECUTION_DATE='2024-04-16T00:00:00+00:00' AIRFLOW_CTX_TRY_NUMBER='1' AIRFLOW_CTX_DAG_RUN_ID='scheduled__2024-04-16T00:00:00+00:00'
[2024-04-27T12:24:45.701+0000] {python.py:202} INFO - Done. Returned value was: ([['AUD', 1.5520902884, '2024-4-15'], ['BGN', 1.8318801936, '2024-4-15'], ['BRL', 5.1804608619, '2024-4-15'], ['CAD', 1.3784301717, '2024-4-15'], ['CHF', 0.9115401353, '2024-4-15'], ['CNY', 7.2357508388, '2024-4-15'], ['CZK', 23.7896627385, '2024-4-15'], ['DKK', 7.0195110726, '2024-4-15'], ['EUR', 0.9406001853, '2024-4-15'], ['GBP', 0.8033000845, '2024-4-15'], ['HKD', 7.8275214079, '2024-4-15'], ['HRK', 6.8003606939, '2024-4-15'], ['HUF', 370.3927044633, '2024-4-15'], ['IDR', 15820.416465064, '2024-4-15'], ['ILS', 3.7436905651, '2024-4-15'], ['INR', 83.4591908793, '2024-4-15'], ['ISK', 141.4593076788, '2024-4-15'], ['JPY', 154.1908506831, '2024-4-15'], ['KRW', 1385.5937980479, '2024-4-15'], ['MXN', 16.6992322665, '2024-4-15'], ['MYR', 4.77629081, '2024-4-15'], ['NOK', 10.9308720994, '2024-4-15'], ['NZD', 1.6936602076, '2024-4-15'], ['PHP', 56.8055905173, '2024-4-15'], ['PLN', 4.0487305482, '2024-4-15'], ['RON', 4.6798708263, '2024-4-15'], ['RUB', 93.2940396393, '2024-4-15'], ['SEK', 10.876561916, '2024-4-15'], ['SGD', 1.3625701977, '2024-4-15'], ['THB', 36.7518459135, '2024-4-15'], ['TRY', 32.4000356407, '2024-4-15'], ['USD', 1, '2024-4-15'], ['ZAR', 18.9749932819, '2024-4-15']], ['title', 'rate', 'date'])
[2024-04-27T12:24:46.437+0000] {taskinstance.py:1149} INFO - Marking task as SUCCESS. dag_id=currency_parsing, task_id=get_data_usd, execution_date=20240416T000000, start_date=20240427T122403, end_date=20240427T122446
[2024-04-27T12:24:47.053+0000] {local_task_job_runner.py:234} INFO - Task exited with return code 0
[2024-04-27T12:24:47.096+0000] {warnings.py:109} WARNING - /home/***/.local/lib/python3.8/site-packages/***/models/baseoperator.py:1201: AirflowProviderDeprecationWarning: Call to deprecated class PostgresOperator. (Please use `***.providers.common.sql.operators.sql.SQLExecuteQueryOperator`.Also, you can provide `hook_params={'schema': <database>}`.)
  result = cls.__new__(cls)

[2024-04-27T12:24:47.692+0000] {taskinstance.py:3309} INFO - 1 downstream tasks scheduled from follow-on schedule check
