[2024-04-14T08:52:06.071+0000] {taskinstance.py:1979} INFO - Dependencies all met for dep_context=non-requeueable deps ti=<TaskInstance: currency_parsing.fetch_data scheduled__2024-01-27T00:00:00+00:00 [queued]>
[2024-04-14T08:52:06.156+0000] {taskinstance.py:1979} INFO - Dependencies all met for dep_context=requeueable deps ti=<TaskInstance: currency_parsing.fetch_data scheduled__2024-01-27T00:00:00+00:00 [queued]>
[2024-04-14T08:52:06.162+0000] {taskinstance.py:2193} INFO - Starting attempt 1 of 2
[2024-04-14T08:52:06.331+0000] {taskinstance.py:2214} INFO - Executing <Task(PythonOperator): fetch_data> on 2024-01-27 00:00:00+00:00
[2024-04-14T08:52:06.339+0000] {standard_task_runner.py:60} INFO - Started process 991 to run task
[2024-04-14T08:52:06.368+0000] {standard_task_runner.py:87} INFO - Running: ['***', 'tasks', 'run', 'currency_parsing', 'fetch_data', 'scheduled__2024-01-27T00:00:00+00:00', '--job-id', '262', '--raw', '--subdir', 'DAGS_FOLDER/currency_parsing.py', '--cfg-path', '/tmp/tmpd2oyx4ra']
[2024-04-14T08:52:06.378+0000] {standard_task_runner.py:88} INFO - Job 262: Subtask fetch_data
[2024-04-14T08:52:06.658+0000] {task_command.py:423} INFO - Running <TaskInstance: currency_parsing.fetch_data scheduled__2024-01-27T00:00:00+00:00 [running]> on host e8a1e0443283
[2024-04-14T08:52:07.555+0000] {taskinstance.py:2510} INFO - Exporting env vars: AIRFLOW_CTX_DAG_OWNER='***' AIRFLOW_CTX_DAG_ID='currency_parsing' AIRFLOW_CTX_TASK_ID='fetch_data' AIRFLOW_CTX_EXECUTION_DATE='2024-01-27T00:00:00+00:00' AIRFLOW_CTX_TRY_NUMBER='1' AIRFLOW_CTX_DAG_RUN_ID='scheduled__2024-01-27T00:00:00+00:00'
[2024-04-14T08:52:07.685+0000] {base.py:83} INFO - Using connection ID 'dwh' for task execution.
[2024-04-14T08:52:07.726+0000] {sql.py:572} INFO - Done loading. Loaded a total of 39 rows into currency_parsing
[2024-04-14T08:52:07.734+0000] {python.py:202} INFO - Done. Returned value was: None
[2024-04-14T08:52:07.766+0000] {taskinstance.py:1149} INFO - Marking task as SUCCESS. dag_id=currency_parsing, task_id=fetch_data, execution_date=20240127T000000, start_date=20240414T085206, end_date=20240414T085207
[2024-04-14T08:52:07.931+0000] {local_task_job_runner.py:234} INFO - Task exited with return code 0
[2024-04-14T08:52:08.037+0000] {taskinstance.py:3309} INFO - 0 downstream tasks scheduled from follow-on schedule check
[2024-04-14T10:09:11.934+0000] {taskinstance.py:1979} INFO - Dependencies all met for dep_context=non-requeueable deps ti=<TaskInstance: currency_parsing.fetch_data scheduled__2024-01-27T00:00:00+00:00 [queued]>
[2024-04-14T10:09:12.052+0000] {taskinstance.py:1979} INFO - Dependencies all met for dep_context=requeueable deps ti=<TaskInstance: currency_parsing.fetch_data scheduled__2024-01-27T00:00:00+00:00 [queued]>
[2024-04-14T10:09:12.056+0000] {taskinstance.py:2193} INFO - Starting attempt 1 of 2
[2024-04-14T10:09:12.387+0000] {taskinstance.py:2214} INFO - Executing <Task(PythonOperator): fetch_data> on 2024-01-27 00:00:00+00:00
[2024-04-14T10:09:12.468+0000] {standard_task_runner.py:60} INFO - Started process 308 to run task
[2024-04-14T10:09:12.559+0000] {standard_task_runner.py:87} INFO - Running: ['***', 'tasks', 'run', 'currency_parsing', 'fetch_data', 'scheduled__2024-01-27T00:00:00+00:00', '--job-id', '569', '--raw', '--subdir', 'DAGS_FOLDER/currency_parsing.py', '--cfg-path', '/tmp/tmpo8kwv9ny']
[2024-04-14T10:09:12.613+0000] {standard_task_runner.py:88} INFO - Job 569: Subtask fetch_data
[2024-04-14T10:09:13.651+0000] {task_command.py:423} INFO - Running <TaskInstance: currency_parsing.fetch_data scheduled__2024-01-27T00:00:00+00:00 [running]> on host 1c15aab9396c
[2024-04-14T10:09:14.398+0000] {taskinstance.py:2510} INFO - Exporting env vars: AIRFLOW_CTX_DAG_OWNER='***' AIRFLOW_CTX_DAG_ID='currency_parsing' AIRFLOW_CTX_TASK_ID='fetch_data' AIRFLOW_CTX_EXECUTION_DATE='2024-01-27T00:00:00+00:00' AIRFLOW_CTX_TRY_NUMBER='1' AIRFLOW_CTX_DAG_RUN_ID='scheduled__2024-01-27T00:00:00+00:00'
[2024-04-14T10:09:14.533+0000] {base.py:83} INFO - Using connection ID 'dwh' for task execution.
[2024-04-14T10:09:14.630+0000] {sql.py:572} INFO - Done loading. Loaded a total of 39 rows into currency_parsing
[2024-04-14T10:09:14.641+0000] {python.py:202} INFO - Done. Returned value was: None
[2024-04-14T10:09:14.899+0000] {taskinstance.py:1149} INFO - Marking task as SUCCESS. dag_id=currency_parsing, task_id=fetch_data, execution_date=20240127T000000, start_date=20240414T100911, end_date=20240414T100914
[2024-04-14T10:09:15.078+0000] {local_task_job_runner.py:234} INFO - Task exited with return code 0
[2024-04-14T10:09:15.416+0000] {taskinstance.py:3309} INFO - 0 downstream tasks scheduled from follow-on schedule check
