[2024-04-14T08:53:37.947+0000] {taskinstance.py:1979} INFO - Dependencies all met for dep_context=non-requeueable deps ti=<TaskInstance: currency_parsing.fetch_data scheduled__2024-02-19T00:00:00+00:00 [queued]>
[2024-04-14T08:53:38.186+0000] {taskinstance.py:1979} INFO - Dependencies all met for dep_context=requeueable deps ti=<TaskInstance: currency_parsing.fetch_data scheduled__2024-02-19T00:00:00+00:00 [queued]>
[2024-04-14T08:53:38.196+0000] {taskinstance.py:2193} INFO - Starting attempt 1 of 2
[2024-04-14T08:53:40.724+0000] {taskinstance.py:2214} INFO - Executing <Task(PythonOperator): fetch_data> on 2024-02-19 00:00:00+00:00
[2024-04-14T08:53:40.975+0000] {standard_task_runner.py:60} INFO - Started process 1168 to run task
[2024-04-14T08:53:41.086+0000] {standard_task_runner.py:87} INFO - Running: ['***', 'tasks', 'run', 'currency_parsing', 'fetch_data', 'scheduled__2024-02-19T00:00:00+00:00', '--job-id', '341', '--raw', '--subdir', 'DAGS_FOLDER/currency_parsing.py', '--cfg-path', '/tmp/tmpl5vnzcg6']
[2024-04-14T08:53:41.113+0000] {standard_task_runner.py:88} INFO - Job 341: Subtask fetch_data
[2024-04-14T08:53:42.368+0000] {task_command.py:423} INFO - Running <TaskInstance: currency_parsing.fetch_data scheduled__2024-02-19T00:00:00+00:00 [running]> on host e8a1e0443283
[2024-04-14T08:53:43.964+0000] {taskinstance.py:2510} INFO - Exporting env vars: AIRFLOW_CTX_DAG_OWNER='***' AIRFLOW_CTX_DAG_ID='currency_parsing' AIRFLOW_CTX_TASK_ID='fetch_data' AIRFLOW_CTX_EXECUTION_DATE='2024-02-19T00:00:00+00:00' AIRFLOW_CTX_TRY_NUMBER='1' AIRFLOW_CTX_DAG_RUN_ID='scheduled__2024-02-19T00:00:00+00:00'
[2024-04-14T08:53:44.273+0000] {base.py:83} INFO - Using connection ID 'dwh' for task execution.
[2024-04-14T08:53:44.594+0000] {sql.py:572} INFO - Done loading. Loaded a total of 39 rows into currency_parsing
[2024-04-14T08:53:44.595+0000] {python.py:202} INFO - Done. Returned value was: None
[2024-04-14T08:53:44.709+0000] {taskinstance.py:1149} INFO - Marking task as SUCCESS. dag_id=currency_parsing, task_id=fetch_data, execution_date=20240219T000000, start_date=20240414T085337, end_date=20240414T085344
[2024-04-14T08:53:45.089+0000] {local_task_job_runner.py:234} INFO - Task exited with return code 0
[2024-04-14T08:53:45.509+0000] {taskinstance.py:3309} INFO - 0 downstream tasks scheduled from follow-on schedule check
[2024-04-14T10:11:06.845+0000] {taskinstance.py:1979} INFO - Dependencies all met for dep_context=non-requeueable deps ti=<TaskInstance: currency_parsing.fetch_data scheduled__2024-02-19T00:00:00+00:00 [queued]>
[2024-04-14T10:11:06.981+0000] {taskinstance.py:1979} INFO - Dependencies all met for dep_context=requeueable deps ti=<TaskInstance: currency_parsing.fetch_data scheduled__2024-02-19T00:00:00+00:00 [queued]>
[2024-04-14T10:11:06.986+0000] {taskinstance.py:2193} INFO - Starting attempt 1 of 2
[2024-04-14T10:11:07.238+0000] {taskinstance.py:2214} INFO - Executing <Task(PythonOperator): fetch_data> on 2024-02-19 00:00:00+00:00
[2024-04-14T10:11:07.313+0000] {standard_task_runner.py:60} INFO - Started process 501 to run task
[2024-04-14T10:11:07.415+0000] {standard_task_runner.py:87} INFO - Running: ['***', 'tasks', 'run', 'currency_parsing', 'fetch_data', 'scheduled__2024-02-19T00:00:00+00:00', '--job-id', '654', '--raw', '--subdir', 'DAGS_FOLDER/currency_parsing.py', '--cfg-path', '/tmp/tmpfhe6aapr']
[2024-04-14T10:11:07.498+0000] {standard_task_runner.py:88} INFO - Job 654: Subtask fetch_data
[2024-04-14T10:11:08.265+0000] {task_command.py:423} INFO - Running <TaskInstance: currency_parsing.fetch_data scheduled__2024-02-19T00:00:00+00:00 [running]> on host 1c15aab9396c
[2024-04-14T10:11:09.861+0000] {taskinstance.py:2510} INFO - Exporting env vars: AIRFLOW_CTX_DAG_OWNER='***' AIRFLOW_CTX_DAG_ID='currency_parsing' AIRFLOW_CTX_TASK_ID='fetch_data' AIRFLOW_CTX_EXECUTION_DATE='2024-02-19T00:00:00+00:00' AIRFLOW_CTX_TRY_NUMBER='1' AIRFLOW_CTX_DAG_RUN_ID='scheduled__2024-02-19T00:00:00+00:00'
[2024-04-14T10:11:10.070+0000] {base.py:83} INFO - Using connection ID 'dwh' for task execution.
[2024-04-14T10:11:10.145+0000] {sql.py:572} INFO - Done loading. Loaded a total of 39 rows into currency_parsing
[2024-04-14T10:11:10.149+0000] {python.py:202} INFO - Done. Returned value was: None
[2024-04-14T10:11:10.289+0000] {taskinstance.py:1149} INFO - Marking task as SUCCESS. dag_id=currency_parsing, task_id=fetch_data, execution_date=20240219T000000, start_date=20240414T101106, end_date=20240414T101110
[2024-04-14T10:11:10.453+0000] {local_task_job_runner.py:234} INFO - Task exited with return code 0
[2024-04-14T10:11:10.560+0000] {taskinstance.py:3309} INFO - 0 downstream tasks scheduled from follow-on schedule check
