[2024-04-21T11:06:38.963+0000] {taskinstance.py:1979} INFO - Dependencies all met for dep_context=non-requeueable deps ti=<TaskInstance: currency_parsing.fetch_data_pound scheduled__2024-04-19T00:00:00+00:00 [queued]>
[2024-04-21T11:06:38.990+0000] {taskinstance.py:1979} INFO - Dependencies all met for dep_context=requeueable deps ti=<TaskInstance: currency_parsing.fetch_data_pound scheduled__2024-04-19T00:00:00+00:00 [queued]>
[2024-04-21T11:06:38.998+0000] {taskinstance.py:2193} INFO - Starting attempt 1 of 2
[2024-04-21T11:06:39.283+0000] {taskinstance.py:2214} INFO - Executing <Task(PythonOperator): fetch_data_pound> on 2024-04-19 00:00:00+00:00
[2024-04-21T11:06:39.291+0000] {standard_task_runner.py:60} INFO - Started process 2810 to run task
[2024-04-21T11:06:39.342+0000] {standard_task_runner.py:87} INFO - Running: ['***', 'tasks', 'run', 'currency_parsing', 'fetch_data_pound', 'scheduled__2024-04-19T00:00:00+00:00', '--job-id', '2111', '--raw', '--subdir', 'DAGS_FOLDER/stage/currency_parsing.py', '--cfg-path', '/tmp/tmp92ia3910']
[2024-04-21T11:06:39.376+0000] {standard_task_runner.py:88} INFO - Job 2111: Subtask fetch_data_pound
[2024-04-21T11:06:39.753+0000] {task_command.py:423} INFO - Running <TaskInstance: currency_parsing.fetch_data_pound scheduled__2024-04-19T00:00:00+00:00 [running]> on host e671688b1343
[2024-04-21T11:06:40.667+0000] {taskinstance.py:2510} INFO - Exporting env vars: AIRFLOW_CTX_DAG_OWNER='***' AIRFLOW_CTX_DAG_ID='currency_parsing' AIRFLOW_CTX_TASK_ID='fetch_data_pound' AIRFLOW_CTX_EXECUTION_DATE='2024-04-19T00:00:00+00:00' AIRFLOW_CTX_TRY_NUMBER='1' AIRFLOW_CTX_DAG_RUN_ID='scheduled__2024-04-19T00:00:00+00:00'
[2024-04-21T11:06:40.845+0000] {base.py:83} INFO - Using connection ID 'dwh' for task execution.
[2024-04-21T11:06:40.913+0000] {sql.py:572} INFO - Done loading. Loaded a total of 33 rows into stage.currency_parsing_pound
[2024-04-21T11:06:40.924+0000] {python.py:202} INFO - Done. Returned value was: None
[2024-04-21T11:06:41.016+0000] {taskinstance.py:1149} INFO - Marking task as SUCCESS. dag_id=currency_parsing, task_id=fetch_data_pound, execution_date=20240419T000000, start_date=20240421T110638, end_date=20240421T110641
[2024-04-21T11:06:41.239+0000] {local_task_job_runner.py:234} INFO - Task exited with return code 0
[2024-04-21T11:06:41.446+0000] {taskinstance.py:3309} INFO - 0 downstream tasks scheduled from follow-on schedule check
[2024-04-27T12:27:46.287+0000] {taskinstance.py:1979} INFO - Dependencies all met for dep_context=non-requeueable deps ti=<TaskInstance: currency_parsing.fetch_data_pound scheduled__2024-04-19T00:00:00+00:00 [queued]>
[2024-04-27T12:27:46.595+0000] {taskinstance.py:1979} INFO - Dependencies all met for dep_context=requeueable deps ti=<TaskInstance: currency_parsing.fetch_data_pound scheduled__2024-04-19T00:00:00+00:00 [queued]>
[2024-04-27T12:27:46.596+0000] {taskinstance.py:2193} INFO - Starting attempt 1 of 2
[2024-04-27T12:27:48.194+0000] {taskinstance.py:2214} INFO - Executing <Task(PythonOperator): fetch_data_pound> on 2024-04-19 00:00:00+00:00
[2024-04-27T12:27:48.306+0000] {standard_task_runner.py:60} INFO - Started process 2356 to run task
[2024-04-27T12:27:48.337+0000] {standard_task_runner.py:87} INFO - Running: ['***', 'tasks', 'run', 'currency_parsing', 'fetch_data_pound', 'scheduled__2024-04-19T00:00:00+00:00', '--job-id', '2486', '--raw', '--subdir', 'DAGS_FOLDER/stage/currency_parsing.py', '--cfg-path', '/tmp/tmpidci6x4d']
[2024-04-27T12:27:48.397+0000] {standard_task_runner.py:88} INFO - Job 2486: Subtask fetch_data_pound
[2024-04-27T12:27:50.091+0000] {task_command.py:423} INFO - Running <TaskInstance: currency_parsing.fetch_data_pound scheduled__2024-04-19T00:00:00+00:00 [running]> on host 65a8688265d1
[2024-04-27T12:27:52.258+0000] {taskinstance.py:2510} INFO - Exporting env vars: AIRFLOW_CTX_DAG_OWNER='***' AIRFLOW_CTX_DAG_ID='currency_parsing' AIRFLOW_CTX_TASK_ID='fetch_data_pound' AIRFLOW_CTX_EXECUTION_DATE='2024-04-19T00:00:00+00:00' AIRFLOW_CTX_TRY_NUMBER='1' AIRFLOW_CTX_DAG_RUN_ID='scheduled__2024-04-19T00:00:00+00:00'
[2024-04-27T12:27:52.663+0000] {base.py:83} INFO - Using connection ID 'dwh' for task execution.
[2024-04-27T12:27:52.853+0000] {taskinstance.py:2728} ERROR - Task failed with exception
Traceback (most recent call last):
  File "/home/airflow/.local/lib/python3.8/site-packages/airflow/models/taskinstance.py", line 444, in _execute_task
    result = _execute_callable(context=context, **execute_callable_kwargs)
  File "/home/airflow/.local/lib/python3.8/site-packages/airflow/models/taskinstance.py", line 414, in _execute_callable
    return execute_callable(context=context, **execute_callable_kwargs)
  File "/home/airflow/.local/lib/python3.8/site-packages/airflow/operators/python.py", line 200, in execute
    return_value = self.execute_callable()
  File "/home/airflow/.local/lib/python3.8/site-packages/airflow/operators/python.py", line 217, in execute_callable
    return self.python_callable(*self.op_args, **self.op_kwargs)
  File "/opt/airflow/dags/stage/currency_parsing.py", line 73, in fetch_data_pound
    dwh_hook.insert_rows(
  File "/home/airflow/.local/lib/python3.8/site-packages/airflow/providers/common/sql/hooks/sql.py", line 565, in insert_rows
    cur.execute(sql, values)
psycopg2.errors.UndefinedTable: relation "stage.currency_parsing_pound" does not exist
LINE 1: INSERT INTO stage.currency_parsing_pound (title, rate, date)...
                    ^

[2024-04-27T12:27:53.242+0000] {taskinstance.py:1149} INFO - Marking task as UP_FOR_RETRY. dag_id=currency_parsing, task_id=fetch_data_pound, execution_date=20240419T000000, start_date=20240427T122746, end_date=20240427T122753
[2024-04-27T12:27:56.787+0000] {standard_task_runner.py:107} ERROR - Failed to execute job 2486 for task fetch_data_pound (relation "stage.currency_parsing_pound" does not exist
LINE 1: INSERT INTO stage.currency_parsing_pound (title, rate, date)...
                    ^
; 2356)
[2024-04-27T12:27:57.337+0000] {local_task_job_runner.py:234} INFO - Task exited with return code 1
[2024-04-27T12:27:57.896+0000] {taskinstance.py:3309} INFO - 0 downstream tasks scheduled from follow-on schedule check
