[2024-04-21T11:06:01.819+0000] {taskinstance.py:1979} INFO - Dependencies all met for dep_context=non-requeueable deps ti=<TaskInstance: currency_parsing.get_data_usd scheduled__2024-04-17T00:00:00+00:00 [queued]>
[2024-04-21T11:06:01.884+0000] {taskinstance.py:1979} INFO - Dependencies all met for dep_context=requeueable deps ti=<TaskInstance: currency_parsing.get_data_usd scheduled__2024-04-17T00:00:00+00:00 [queued]>
[2024-04-21T11:06:01.886+0000] {taskinstance.py:2193} INFO - Starting attempt 1 of 2
[2024-04-21T11:06:02.039+0000] {taskinstance.py:2214} INFO - Executing <Task(PythonOperator): get_data_usd> on 2024-04-17 00:00:00+00:00
[2024-04-21T11:06:02.076+0000] {standard_task_runner.py:60} INFO - Started process 2723 to run task
[2024-04-21T11:06:02.116+0000] {standard_task_runner.py:87} INFO - Running: ['***', 'tasks', 'run', 'currency_parsing', 'get_data_usd', 'scheduled__2024-04-17T00:00:00+00:00', '--job-id', '2073', '--raw', '--subdir', 'DAGS_FOLDER/stage/currency_parsing.py', '--cfg-path', '/tmp/tmpv9goahry']
[2024-04-21T11:06:02.128+0000] {standard_task_runner.py:88} INFO - Job 2073: Subtask get_data_usd
[2024-04-21T11:06:02.727+0000] {task_command.py:423} INFO - Running <TaskInstance: currency_parsing.get_data_usd scheduled__2024-04-17T00:00:00+00:00 [running]> on host e671688b1343
[2024-04-21T11:06:03.175+0000] {warnings.py:109} WARNING - /home/***/.local/lib/python3.8/site-packages/***/utils/context.py:207: AirflowContextDeprecationWarning: Accessing 'execution_date' from the template is deprecated and will be removed in a future version. Please use 'data_interval_start' or 'logical_date' instead.
  warnings.warn(_create_deprecation_warning(key, self._deprecation_replacements[key]))

[2024-04-21T11:06:03.904+0000] {taskinstance.py:2510} INFO - Exporting env vars: AIRFLOW_CTX_DAG_OWNER='***' AIRFLOW_CTX_DAG_ID='currency_parsing' AIRFLOW_CTX_TASK_ID='get_data_usd' AIRFLOW_CTX_EXECUTION_DATE='2024-04-17T00:00:00+00:00' AIRFLOW_CTX_TRY_NUMBER='1' AIRFLOW_CTX_DAG_RUN_ID='scheduled__2024-04-17T00:00:00+00:00'
[2024-04-21T11:06:05.314+0000] {python.py:202} INFO - Done. Returned value was: ([['AUD', 1.5591302184, '2024-4-16'], ['BGN', 1.8357302051, '2024-4-16'], ['BRL', 5.2510608407, '2024-4-16'], ['CAD', 1.381470276, '2024-4-16'], ['CHF', 0.9123201644, '2024-4-16'], ['CNY', 7.2392013714, '2024-4-16'], ['CZK', 23.6877135098, '2024-4-16'], ['DKK', 7.0234213359, '2024-4-16'], ['EUR', 0.9413400955, '2024-4-16'], ['GBP', 0.8043701136, '2024-4-16'], ['HKD', 7.8277510708, '2024-4-16'], ['HRK', 6.8093809339, '2024-4-16'], ['HUF', 371.8736871178, '2024-4-16'], ['IDR', 16160.988242335, '2024-4-16'], ['ILS', 3.7567207276, '2024-4-16'], ['INR', 83.6037510382, '2024-4-16'], ['ISK', 142.0162524985, '2024-4-16'], ['JPY', 154.6746135868, '2024-4-16'], ['KRW', 1388.0119154145, '2024-4-16'], ['MXN', 17.0283417804, '2024-4-16'], ['MYR', 4.7935107078, '2024-4-16'], ['NOK', 10.9753816026, '2024-4-16'], ['NZD', 1.6968902856, '2024-4-16'], ['PHP', 57.0053400289, '2024-4-16'], ['PLN', 4.110300523, '2024-4-16'], ['RON', 4.683170838, '2024-4-16'], ['RUB', 94.1112254861, '2024-4-16'], ['SEK', 10.9461813909, '2024-4-16'], ['SGD', 1.3642701833, '2024-4-16'], ['THB', 36.6752271706, '2024-4-16'], ['TRY', 32.4985341844, '2024-4-16'], ['USD', 1, '2024-4-16'], ['ZAR', 19.0298533582, '2024-4-16']], ['title', 'rate', 'date'])
[2024-04-21T11:06:05.554+0000] {taskinstance.py:1149} INFO - Marking task as SUCCESS. dag_id=currency_parsing, task_id=get_data_usd, execution_date=20240417T000000, start_date=20240421T110601, end_date=20240421T110605
[2024-04-21T11:06:06.023+0000] {local_task_job_runner.py:234} INFO - Task exited with return code 0
[2024-04-21T11:06:06.088+0000] {taskinstance.py:3309} INFO - 1 downstream tasks scheduled from follow-on schedule check
[2024-04-27T12:24:53.108+0000] {taskinstance.py:1979} INFO - Dependencies all met for dep_context=non-requeueable deps ti=<TaskInstance: currency_parsing.get_data_usd scheduled__2024-04-17T00:00:00+00:00 [queued]>
[2024-04-27T12:24:53.149+0000] {taskinstance.py:1979} INFO - Dependencies all met for dep_context=requeueable deps ti=<TaskInstance: currency_parsing.get_data_usd scheduled__2024-04-17T00:00:00+00:00 [queued]>
[2024-04-27T12:24:53.158+0000] {taskinstance.py:2193} INFO - Starting attempt 1 of 2
[2024-04-27T12:24:53.315+0000] {taskinstance.py:2214} INFO - Executing <Task(PythonOperator): get_data_usd> on 2024-04-17 00:00:00+00:00
[2024-04-27T12:24:53.548+0000] {standard_task_runner.py:87} INFO - Running: ['***', 'tasks', 'run', 'currency_parsing', 'get_data_usd', 'scheduled__2024-04-17T00:00:00+00:00', '--job-id', '2427', '--raw', '--subdir', 'DAGS_FOLDER/stage/currency_parsing.py', '--cfg-path', '/tmp/tmpsm1ux7hj']
[2024-04-27T12:24:53.627+0000] {standard_task_runner.py:88} INFO - Job 2427: Subtask get_data_usd
[2024-04-27T12:24:53.623+0000] {standard_task_runner.py:60} INFO - Started process 2211 to run task
[2024-04-27T12:24:54.895+0000] {task_command.py:423} INFO - Running <TaskInstance: currency_parsing.get_data_usd scheduled__2024-04-17T00:00:00+00:00 [running]> on host 65a8688265d1
[2024-04-27T12:24:56.034+0000] {warnings.py:109} WARNING - /home/***/.local/lib/python3.8/site-packages/***/utils/context.py:207: AirflowContextDeprecationWarning: Accessing 'execution_date' from the template is deprecated and will be removed in a future version. Please use 'data_interval_start' or 'logical_date' instead.
  warnings.warn(_create_deprecation_warning(key, self._deprecation_replacements[key]))

[2024-04-27T12:24:56.901+0000] {taskinstance.py:2510} INFO - Exporting env vars: AIRFLOW_CTX_DAG_OWNER='***' AIRFLOW_CTX_DAG_ID='currency_parsing' AIRFLOW_CTX_TASK_ID='get_data_usd' AIRFLOW_CTX_EXECUTION_DATE='2024-04-17T00:00:00+00:00' AIRFLOW_CTX_TRY_NUMBER='1' AIRFLOW_CTX_DAG_RUN_ID='scheduled__2024-04-17T00:00:00+00:00'
[2024-04-27T12:25:34.606+0000] {python.py:202} INFO - Done. Returned value was: ([['AUD', 1.5591302184, '2024-4-16'], ['BGN', 1.8357302051, '2024-4-16'], ['BRL', 5.2510608407, '2024-4-16'], ['CAD', 1.381470276, '2024-4-16'], ['CHF', 0.9123201644, '2024-4-16'], ['CNY', 7.2392013714, '2024-4-16'], ['CZK', 23.6877135098, '2024-4-16'], ['DKK', 7.0234213359, '2024-4-16'], ['EUR', 0.9413400955, '2024-4-16'], ['GBP', 0.8043701136, '2024-4-16'], ['HKD', 7.8277510708, '2024-4-16'], ['HRK', 6.8093809339, '2024-4-16'], ['HUF', 371.8736871178, '2024-4-16'], ['IDR', 16160.988242335, '2024-4-16'], ['ILS', 3.7567207276, '2024-4-16'], ['INR', 83.6037510382, '2024-4-16'], ['ISK', 142.0162524985, '2024-4-16'], ['JPY', 154.6746135868, '2024-4-16'], ['KRW', 1388.0119154145, '2024-4-16'], ['MXN', 17.0283417804, '2024-4-16'], ['MYR', 4.7935107078, '2024-4-16'], ['NOK', 10.9753816026, '2024-4-16'], ['NZD', 1.6968902856, '2024-4-16'], ['PHP', 57.0053400289, '2024-4-16'], ['PLN', 4.110300523, '2024-4-16'], ['RON', 4.683170838, '2024-4-16'], ['RUB', 94.1112254861, '2024-4-16'], ['SEK', 10.9461813909, '2024-4-16'], ['SGD', 1.3642701833, '2024-4-16'], ['THB', 36.6752271706, '2024-4-16'], ['TRY', 32.4985341844, '2024-4-16'], ['USD', 1, '2024-4-16'], ['ZAR', 19.0298533582, '2024-4-16']], ['title', 'rate', 'date'])
[2024-04-27T12:25:35.016+0000] {taskinstance.py:1149} INFO - Marking task as SUCCESS. dag_id=currency_parsing, task_id=get_data_usd, execution_date=20240417T000000, start_date=20240427T122453, end_date=20240427T122535
[2024-04-27T12:25:35.616+0000] {local_task_job_runner.py:234} INFO - Task exited with return code 0
[2024-04-27T12:25:35.733+0000] {warnings.py:109} WARNING - /home/***/.local/lib/python3.8/site-packages/***/models/baseoperator.py:1201: AirflowProviderDeprecationWarning: Call to deprecated class PostgresOperator. (Please use `***.providers.common.sql.operators.sql.SQLExecuteQueryOperator`.Also, you can provide `hook_params={'schema': <database>}`.)
  result = cls.__new__(cls)

[2024-04-27T12:25:36.260+0000] {taskinstance.py:3309} INFO - 1 downstream tasks scheduled from follow-on schedule check
