[2024-04-21T11:05:44.891+0000] {taskinstance.py:1979} INFO - Dependencies all met for dep_context=non-requeueable deps ti=<TaskInstance: currency_parsing.get_data_pound scheduled__2024-04-13T00:00:00+00:00 [queued]>
[2024-04-21T11:05:44.990+0000] {taskinstance.py:1979} INFO - Dependencies all met for dep_context=requeueable deps ti=<TaskInstance: currency_parsing.get_data_pound scheduled__2024-04-13T00:00:00+00:00 [queued]>
[2024-04-21T11:05:44.999+0000] {taskinstance.py:2193} INFO - Starting attempt 1 of 2
[2024-04-21T11:05:45.249+0000] {taskinstance.py:2214} INFO - Executing <Task(PythonOperator): get_data_pound> on 2024-04-13 00:00:00+00:00
[2024-04-21T11:05:45.276+0000] {standard_task_runner.py:60} INFO - Started process 2677 to run task
[2024-04-21T11:05:45.419+0000] {standard_task_runner.py:87} INFO - Running: ['***', 'tasks', 'run', 'currency_parsing', 'get_data_pound', 'scheduled__2024-04-13T00:00:00+00:00', '--job-id', '2051', '--raw', '--subdir', 'DAGS_FOLDER/stage/currency_parsing.py', '--cfg-path', '/tmp/tmppo1htism']
[2024-04-21T11:05:45.465+0000] {standard_task_runner.py:88} INFO - Job 2051: Subtask get_data_pound
[2024-04-21T11:05:46.056+0000] {task_command.py:423} INFO - Running <TaskInstance: currency_parsing.get_data_pound scheduled__2024-04-13T00:00:00+00:00 [running]> on host e671688b1343
[2024-04-21T11:05:46.690+0000] {warnings.py:109} WARNING - /home/***/.local/lib/python3.8/site-packages/***/utils/context.py:207: AirflowContextDeprecationWarning: Accessing 'execution_date' from the template is deprecated and will be removed in a future version. Please use 'data_interval_start' or 'logical_date' instead.
  warnings.warn(_create_deprecation_warning(key, self._deprecation_replacements[key]))

[2024-04-21T11:05:47.275+0000] {taskinstance.py:2510} INFO - Exporting env vars: AIRFLOW_CTX_DAG_OWNER='***' AIRFLOW_CTX_DAG_ID='currency_parsing' AIRFLOW_CTX_TASK_ID='get_data_pound' AIRFLOW_CTX_EXECUTION_DATE='2024-04-13T00:00:00+00:00' AIRFLOW_CTX_TRY_NUMBER='1' AIRFLOW_CTX_DAG_RUN_ID='scheduled__2024-04-13T00:00:00+00:00'
[2024-04-21T11:05:48.504+0000] {python.py:202} INFO - Done. Returned value was: ([['AUD', 1.9259904761, '2024-4-12'], ['BGN', 2.2788431618, '2024-4-12'], ['BRL', 6.3854496463, '2024-4-12'], ['CAD', 1.7148070088, '2024-4-12'], ['CHF', 1.1381950954, '2024-4-12'], ['CNY', 9.0088531628, '2024-4-12'], ['CZK', 29.6275752662, '2024-4-12'], ['DKK', 8.7288017428, '2024-4-12'], ['EUR', 1.1692606992, '2024-4-12'], ['GBP', 1, '2024-4-12'], ['HKD', 9.7568052114, '2024-4-12'], ['HRK', 8.4655109846, '2024-4-12'], ['HUF', 459.3351025469, '2024-4-12'], ['IDR', 19705.4476458497, '2024-4-12'], ['ILS', 4.6967281855, '2024-4-12'], ['INR', 103.96825109, '2024-4-12'], ['ISK', 176.1264183505, '2024-4-12'], ['JPY', 190.874451798, '2024-4-12'], ['KRW', 1715.8040152227, '2024-4-12'], ['MXN', 20.7071490819, '2024-4-12'], ['MYR', 5.9387033235, '2024-4-12'], ['NOK', 13.57003806, '2024-4-12'], ['NZD', 2.0967578453, '2024-4-12'], ['PHP', 70.4793691168, '2024-4-12'], ['PLN', 5.0125631969, '2024-4-12'], ['RON', 5.8181390465, '2024-4-12'], ['RUB', 116.1612853818, '2024-4-12'], ['SEK', 13.5542374626, '2024-4-12'], ['SGD', 1.693366007, '2024-4-12'], ['THB', 45.5652059767, '2024-4-12'], ['TRY', 40.2802010715, '2024-4-12'], ['USD', 1.2451127749, '2024-4-12'], ['ZAR', 23.4496616357, '2024-4-12']], ['title', 'rate', 'date'])
[2024-04-21T11:05:48.799+0000] {taskinstance.py:1149} INFO - Marking task as SUCCESS. dag_id=currency_parsing, task_id=get_data_pound, execution_date=20240413T000000, start_date=20240421T110544, end_date=20240421T110548
[2024-04-21T11:05:49.339+0000] {local_task_job_runner.py:234} INFO - Task exited with return code 0
[2024-04-21T11:05:49.468+0000] {taskinstance.py:3309} INFO - 1 downstream tasks scheduled from follow-on schedule check
[2024-04-27T12:20:38.249+0000] {taskinstance.py:1979} INFO - Dependencies all met for dep_context=non-requeueable deps ti=<TaskInstance: currency_parsing.get_data_pound scheduled__2024-04-13T00:00:00+00:00 [queued]>
[2024-04-27T12:20:38.973+0000] {taskinstance.py:1979} INFO - Dependencies all met for dep_context=requeueable deps ti=<TaskInstance: currency_parsing.get_data_pound scheduled__2024-04-13T00:00:00+00:00 [queued]>
[2024-04-27T12:20:39.074+0000] {taskinstance.py:2193} INFO - Starting attempt 1 of 2
[2024-04-27T12:20:41.119+0000] {taskinstance.py:2214} INFO - Executing <Task(PythonOperator): get_data_pound> on 2024-04-13 00:00:00+00:00
[2024-04-27T12:20:41.767+0000] {standard_task_runner.py:60} INFO - Started process 1984 to run task
[2024-04-27T12:20:42.322+0000] {standard_task_runner.py:87} INFO - Running: ['***', 'tasks', 'run', 'currency_parsing', 'get_data_pound', 'scheduled__2024-04-13T00:00:00+00:00', '--job-id', '2337', '--raw', '--subdir', 'DAGS_FOLDER/stage/currency_parsing.py', '--cfg-path', '/tmp/tmp59v68ywi']
[2024-04-27T12:20:42.536+0000] {standard_task_runner.py:88} INFO - Job 2337: Subtask get_data_pound
[2024-04-27T12:20:46.148+0000] {task_command.py:423} INFO - Running <TaskInstance: currency_parsing.get_data_pound scheduled__2024-04-13T00:00:00+00:00 [running]> on host 65a8688265d1
[2024-04-27T12:20:47.764+0000] {warnings.py:109} WARNING - /home/***/.local/lib/python3.8/site-packages/***/utils/context.py:207: AirflowContextDeprecationWarning: Accessing 'execution_date' from the template is deprecated and will be removed in a future version. Please use 'data_interval_start' or 'logical_date' instead.
  warnings.warn(_create_deprecation_warning(key, self._deprecation_replacements[key]))

[2024-04-27T12:20:48.906+0000] {taskinstance.py:2510} INFO - Exporting env vars: AIRFLOW_CTX_DAG_OWNER='***' AIRFLOW_CTX_DAG_ID='currency_parsing' AIRFLOW_CTX_TASK_ID='get_data_pound' AIRFLOW_CTX_EXECUTION_DATE='2024-04-13T00:00:00+00:00' AIRFLOW_CTX_TRY_NUMBER='1' AIRFLOW_CTX_DAG_RUN_ID='scheduled__2024-04-13T00:00:00+00:00'
[2024-04-27T12:20:55.072+0000] {python.py:202} INFO - Done. Returned value was: ([['AUD', 1.9259904761, '2024-4-12'], ['BGN', 2.2788431618, '2024-4-12'], ['BRL', 6.3854496463, '2024-4-12'], ['CAD', 1.7148070088, '2024-4-12'], ['CHF', 1.1381950954, '2024-4-12'], ['CNY', 9.0088531628, '2024-4-12'], ['CZK', 29.6275752662, '2024-4-12'], ['DKK', 8.7288017428, '2024-4-12'], ['EUR', 1.1692606992, '2024-4-12'], ['GBP', 1, '2024-4-12'], ['HKD', 9.7568052114, '2024-4-12'], ['HRK', 8.4655109846, '2024-4-12'], ['HUF', 459.3351025469, '2024-4-12'], ['IDR', 19705.4476458497, '2024-4-12'], ['ILS', 4.6967281855, '2024-4-12'], ['INR', 103.96825109, '2024-4-12'], ['ISK', 176.1264183505, '2024-4-12'], ['JPY', 190.874451798, '2024-4-12'], ['KRW', 1715.8040152227, '2024-4-12'], ['MXN', 20.7071490819, '2024-4-12'], ['MYR', 5.9387033235, '2024-4-12'], ['NOK', 13.57003806, '2024-4-12'], ['NZD', 2.0967578453, '2024-4-12'], ['PHP', 70.4793691168, '2024-4-12'], ['PLN', 5.0125631969, '2024-4-12'], ['RON', 5.8181390465, '2024-4-12'], ['RUB', 116.1612853818, '2024-4-12'], ['SEK', 13.5542374626, '2024-4-12'], ['SGD', 1.693366007, '2024-4-12'], ['THB', 45.5652059767, '2024-4-12'], ['TRY', 40.2802010715, '2024-4-12'], ['USD', 1.2451127749, '2024-4-12'], ['ZAR', 23.4496616357, '2024-4-12']], ['title', 'rate', 'date'])
[2024-04-27T12:20:55.268+0000] {taskinstance.py:1149} INFO - Marking task as SUCCESS. dag_id=currency_parsing, task_id=get_data_pound, execution_date=20240413T000000, start_date=20240427T122038, end_date=20240427T122055
[2024-04-27T12:20:57.716+0000] {local_task_job_runner.py:234} INFO - Task exited with return code 0
[2024-04-27T12:20:57.772+0000] {warnings.py:109} WARNING - /home/***/.local/lib/python3.8/site-packages/***/models/baseoperator.py:1201: AirflowProviderDeprecationWarning: Call to deprecated class PostgresOperator. (Please use `***.providers.common.sql.operators.sql.SQLExecuteQueryOperator`.Also, you can provide `hook_params={'schema': <database>}`.)
  result = cls.__new__(cls)

[2024-04-27T12:20:58.259+0000] {taskinstance.py:3309} INFO - 1 downstream tasks scheduled from follow-on schedule check
