[2024-04-21T11:04:55.786+0000] {taskinstance.py:1979} INFO - Dependencies all met for dep_context=non-requeueable deps ti=<TaskInstance: currency_parsing.fetch_data_pound scheduled__2024-04-08T00:00:00+00:00 [queued]>
[2024-04-21T11:04:56.080+0000] {taskinstance.py:1979} INFO - Dependencies all met for dep_context=requeueable deps ti=<TaskInstance: currency_parsing.fetch_data_pound scheduled__2024-04-08T00:00:00+00:00 [queued]>
[2024-04-21T11:04:56.097+0000] {taskinstance.py:2193} INFO - Starting attempt 1 of 2
[2024-04-21T11:04:56.383+0000] {taskinstance.py:2214} INFO - Executing <Task(PythonOperator): fetch_data_pound> on 2024-04-08 00:00:00+00:00
[2024-04-21T11:04:56.481+0000] {standard_task_runner.py:60} INFO - Started process 2579 to run task
[2024-04-21T11:04:56.635+0000] {standard_task_runner.py:87} INFO - Running: ['***', 'tasks', 'run', 'currency_parsing', 'fetch_data_pound', 'scheduled__2024-04-08T00:00:00+00:00', '--job-id', '2009', '--raw', '--subdir', 'DAGS_FOLDER/stage/currency_parsing.py', '--cfg-path', '/tmp/tmppwoc36ro']
[2024-04-21T11:04:56.832+0000] {standard_task_runner.py:88} INFO - Job 2009: Subtask fetch_data_pound
[2024-04-21T11:04:57.770+0000] {task_command.py:423} INFO - Running <TaskInstance: currency_parsing.fetch_data_pound scheduled__2024-04-08T00:00:00+00:00 [running]> on host e671688b1343
[2024-04-21T11:04:58.617+0000] {taskinstance.py:2510} INFO - Exporting env vars: AIRFLOW_CTX_DAG_OWNER='***' AIRFLOW_CTX_DAG_ID='currency_parsing' AIRFLOW_CTX_TASK_ID='fetch_data_pound' AIRFLOW_CTX_EXECUTION_DATE='2024-04-08T00:00:00+00:00' AIRFLOW_CTX_TRY_NUMBER='1' AIRFLOW_CTX_DAG_RUN_ID='scheduled__2024-04-08T00:00:00+00:00'
[2024-04-21T11:04:58.924+0000] {base.py:83} INFO - Using connection ID 'dwh' for task execution.
[2024-04-21T11:04:58.982+0000] {sql.py:572} INFO - Done loading. Loaded a total of 33 rows into stage.currency_parsing_pound
[2024-04-21T11:04:58.990+0000] {python.py:202} INFO - Done. Returned value was: None
[2024-04-21T11:04:59.091+0000] {taskinstance.py:1149} INFO - Marking task as SUCCESS. dag_id=currency_parsing, task_id=fetch_data_pound, execution_date=20240408T000000, start_date=20240421T110455, end_date=20240421T110459
[2024-04-21T11:04:59.363+0000] {local_task_job_runner.py:234} INFO - Task exited with return code 0
[2024-04-21T11:04:59.614+0000] {taskinstance.py:3309} INFO - 0 downstream tasks scheduled from follow-on schedule check
[2024-04-27T12:22:25.367+0000] {taskinstance.py:1979} INFO - Dependencies all met for dep_context=non-requeueable deps ti=<TaskInstance: currency_parsing.fetch_data_pound scheduled__2024-04-08T00:00:00+00:00 [queued]>
[2024-04-27T12:22:25.661+0000] {taskinstance.py:1979} INFO - Dependencies all met for dep_context=requeueable deps ti=<TaskInstance: currency_parsing.fetch_data_pound scheduled__2024-04-08T00:00:00+00:00 [queued]>
[2024-04-27T12:22:25.672+0000] {taskinstance.py:2193} INFO - Starting attempt 1 of 2
[2024-04-27T12:22:26.598+0000] {taskinstance.py:2214} INFO - Executing <Task(PythonOperator): fetch_data_pound> on 2024-04-08 00:00:00+00:00
[2024-04-27T12:22:26.805+0000] {standard_task_runner.py:60} INFO - Started process 2071 to run task
[2024-04-27T12:22:26.968+0000] {standard_task_runner.py:87} INFO - Running: ['***', 'tasks', 'run', 'currency_parsing', 'fetch_data_pound', 'scheduled__2024-04-08T00:00:00+00:00', '--job-id', '2370', '--raw', '--subdir', 'DAGS_FOLDER/stage/currency_parsing.py', '--cfg-path', '/tmp/tmpagb5u3o0']
[2024-04-27T12:22:27.238+0000] {standard_task_runner.py:88} INFO - Job 2370: Subtask fetch_data_pound
[2024-04-27T12:22:29.111+0000] {task_command.py:423} INFO - Running <TaskInstance: currency_parsing.fetch_data_pound scheduled__2024-04-08T00:00:00+00:00 [running]> on host 65a8688265d1
[2024-04-27T12:22:31.186+0000] {taskinstance.py:2510} INFO - Exporting env vars: AIRFLOW_CTX_DAG_OWNER='***' AIRFLOW_CTX_DAG_ID='currency_parsing' AIRFLOW_CTX_TASK_ID='fetch_data_pound' AIRFLOW_CTX_EXECUTION_DATE='2024-04-08T00:00:00+00:00' AIRFLOW_CTX_TRY_NUMBER='1' AIRFLOW_CTX_DAG_RUN_ID='scheduled__2024-04-08T00:00:00+00:00'
[2024-04-27T12:22:31.584+0000] {base.py:83} INFO - Using connection ID 'dwh' for task execution.
[2024-04-27T12:22:31.891+0000] {sql.py:572} INFO - Done loading. Loaded a total of 33 rows into stage.currency_parsing_pound
[2024-04-27T12:22:31.899+0000] {python.py:202} INFO - Done. Returned value was: None
[2024-04-27T12:22:32.332+0000] {taskinstance.py:1149} INFO - Marking task as SUCCESS. dag_id=currency_parsing, task_id=fetch_data_pound, execution_date=20240408T000000, start_date=20240427T122225, end_date=20240427T122232
[2024-04-27T12:22:33.014+0000] {local_task_job_runner.py:234} INFO - Task exited with return code 0
[2024-04-27T12:22:34.649+0000] {warnings.py:109} WARNING - /home/***/.local/lib/python3.8/site-packages/***/models/baseoperator.py:1201: AirflowProviderDeprecationWarning: Call to deprecated class PostgresOperator. (Please use `***.providers.common.sql.operators.sql.SQLExecuteQueryOperator`.Also, you can provide `hook_params={'schema': <database>}`.)
  result = cls.__new__(cls)

[2024-04-27T12:22:35.795+0000] {taskinstance.py:3309} INFO - 0 downstream tasks scheduled from follow-on schedule check
