[2024-04-20T13:11:30.931+0000] {taskinstance.py:1979} INFO - Dependencies all met for dep_context=non-requeueable deps ti=<TaskInstance: currency_parsing_rub.create_table manual__2024-04-20T12:27:38.212240+00:00 [queued]>
[2024-04-20T13:11:30.945+0000] {taskinstance.py:1979} INFO - Dependencies all met for dep_context=requeueable deps ti=<TaskInstance: currency_parsing_rub.create_table manual__2024-04-20T12:27:38.212240+00:00 [queued]>
[2024-04-20T13:11:30.946+0000] {taskinstance.py:2193} INFO - Starting attempt 4 of 5
[2024-04-20T13:11:30.969+0000] {taskinstance.py:2214} INFO - Executing <Task(PostgresOperator): create_table> on 2024-04-20 12:27:38.212240+00:00
[2024-04-20T13:11:30.975+0000] {standard_task_runner.py:60} INFO - Started process 295 to run task
[2024-04-20T13:11:30.981+0000] {standard_task_runner.py:87} INFO - Running: ['***', 'tasks', 'run', 'currency_parsing_rub', 'create_table', 'manual__2024-04-20T12:27:38.212240+00:00', '--job-id', '830', '--raw', '--subdir', 'DAGS_FOLDER/stage/currency_rub.py', '--cfg-path', '/tmp/tmpton9oh28']
[2024-04-20T13:11:30.983+0000] {standard_task_runner.py:88} INFO - Job 830: Subtask create_table
[2024-04-20T13:11:31.061+0000] {task_command.py:423} INFO - Running <TaskInstance: currency_parsing_rub.create_table manual__2024-04-20T12:27:38.212240+00:00 [running]> on host 31aa6d9ea6ff
[2024-04-20T13:11:31.209+0000] {taskinstance.py:2510} INFO - Exporting env vars: AIRFLOW_CTX_DAG_OWNER='***' AIRFLOW_CTX_DAG_ID='currency_parsing_rub' AIRFLOW_CTX_TASK_ID='create_table' AIRFLOW_CTX_EXECUTION_DATE='2024-04-20T12:27:38.212240+00:00' AIRFLOW_CTX_TRY_NUMBER='4' AIRFLOW_CTX_DAG_RUN_ID='manual__2024-04-20T12:27:38.212240+00:00'
[2024-04-20T13:11:31.210+0000] {sql.py:276} INFO - Executing: CREATE TABLE IF NOT EXISTS stage.currency_parsing_rub(
    id VARCHAR(255) NOT NULL,
    num_code VARCHAR(255) NOT NULL,
    title VARCHAR(255),
    quantity int,
    currency VARCHAR(255),
    rate float,
    previous_rate float,
    date date NOT NULL
)
[2024-04-20T13:11:31.224+0000] {base.py:83} INFO - Using connection ID 'dwh' for task execution.
[2024-04-20T13:11:31.237+0000] {base.py:83} INFO - Using connection ID 'dwh' for task execution.
[2024-04-20T13:11:31.243+0000] {sql.py:457} INFO - Running statement: CREATE TABLE IF NOT EXISTS stage.currency_parsing_rub(
    id VARCHAR(255) NOT NULL,
    num_code VARCHAR(255) NOT NULL,
    title VARCHAR(255),
    quantity int,
    currency VARCHAR(255),
    rate float,
    previous_rate float,
    date date NOT NULL
), parameters: None
[2024-04-20T13:11:31.256+0000] {warnings.py:109} WARNING - /home/***/.local/lib/python3.8/site-packages/***/providers/common/sql/hooks/sql.py:407: AirflowProviderDeprecationWarning: Call to deprecated method _make_common_data_structure. (The `_make_serializable` method is deprecated and support will be removed in a future version of the common.sql provider. Please update the DbApiHook's provider to a version based on common.sql >= 1.9.1.)
  result = self._make_common_data_structure(handler(cur))

[2024-04-20T13:11:31.273+0000] {taskinstance.py:1149} INFO - Marking task as SUCCESS. dag_id=currency_parsing_rub, task_id=create_table, execution_date=20240420T122738, start_date=20240420T131130, end_date=20240420T131131
[2024-04-20T13:11:31.395+0000] {local_task_job_runner.py:234} INFO - Task exited with return code 0
[2024-04-20T13:11:31.419+0000] {warnings.py:109} WARNING - /home/***/.local/lib/python3.8/site-packages/***/models/baseoperator.py:1201: AirflowProviderDeprecationWarning: Call to deprecated class PostgresOperator. (Please use `***.providers.common.sql.operators.sql.SQLExecuteQueryOperator`.Also, you can provide `hook_params={'schema': <database>}`.)
  result = cls.__new__(cls)

[2024-04-20T13:11:31.447+0000] {taskinstance.py:3309} INFO - 1 downstream tasks scheduled from follow-on schedule check
