[2024-04-21T11:05:57.355+0000] {taskinstance.py:1979} INFO - Dependencies all met for dep_context=non-requeueable deps ti=<TaskInstance: currency_parsing.get_data_pound scheduled__2024-04-16T00:00:00+00:00 [queued]>
[2024-04-21T11:05:57.485+0000] {taskinstance.py:1979} INFO - Dependencies all met for dep_context=requeueable deps ti=<TaskInstance: currency_parsing.get_data_pound scheduled__2024-04-16T00:00:00+00:00 [queued]>
[2024-04-21T11:05:57.510+0000] {taskinstance.py:2193} INFO - Starting attempt 1 of 2
[2024-04-21T11:05:57.871+0000] {taskinstance.py:2214} INFO - Executing <Task(PythonOperator): get_data_pound> on 2024-04-16 00:00:00+00:00
[2024-04-21T11:05:57.940+0000] {standard_task_runner.py:60} INFO - Started process 2717 to run task
[2024-04-21T11:05:57.999+0000] {standard_task_runner.py:87} INFO - Running: ['***', 'tasks', 'run', 'currency_parsing', 'get_data_pound', 'scheduled__2024-04-16T00:00:00+00:00', '--job-id', '2067', '--raw', '--subdir', 'DAGS_FOLDER/stage/currency_parsing.py', '--cfg-path', '/tmp/tmpoy1h1tnw']
[2024-04-21T11:05:58.044+0000] {standard_task_runner.py:88} INFO - Job 2067: Subtask get_data_pound
[2024-04-21T11:05:58.843+0000] {task_command.py:423} INFO - Running <TaskInstance: currency_parsing.get_data_pound scheduled__2024-04-16T00:00:00+00:00 [running]> on host e671688b1343
[2024-04-21T11:06:00.455+0000] {warnings.py:109} WARNING - /home/***/.local/lib/python3.8/site-packages/***/utils/context.py:207: AirflowContextDeprecationWarning: Accessing 'execution_date' from the template is deprecated and will be removed in a future version. Please use 'data_interval_start' or 'logical_date' instead.
  warnings.warn(_create_deprecation_warning(key, self._deprecation_replacements[key]))

[2024-04-21T11:06:00.834+0000] {taskinstance.py:2510} INFO - Exporting env vars: AIRFLOW_CTX_DAG_OWNER='***' AIRFLOW_CTX_DAG_ID='currency_parsing' AIRFLOW_CTX_TASK_ID='get_data_pound' AIRFLOW_CTX_EXECUTION_DATE='2024-04-16T00:00:00+00:00' AIRFLOW_CTX_TRY_NUMBER='1' AIRFLOW_CTX_DAG_RUN_ID='scheduled__2024-04-16T00:00:00+00:00'
[2024-04-21T11:06:02.148+0000] {python.py:202} INFO - Done. Returned value was: ([['AUD', 1.9321425683, '2024-4-15'], ['BGN', 2.280443173, '2024-4-15'], ['BRL', 6.448973381, '2024-4-15'], ['CAD', 1.7159592017, '2024-4-15'], ['CHF', 1.1347442293, '2024-4-15'], ['CNY', 9.0075315295, '2024-4-15'], ['CZK', 29.6149137757, '2024-4-15'], ['DKK', 8.738342256, '2024-4-15'], ['EUR', 1.1709200627, '2024-4-15'], ['GBP', 1, '2024-4-15'], ['HKD', 9.7442058814, '2024-4-15'], ['HRK', 8.4655296633, '2024-4-15'], ['HUF', 461.0888404099, '2024-4-15'], ['IDR', 19694.2795977809, '2024-4-15'], ['ILS', 4.6603886111, '2024-4-15'], ['INR', 103.8954090628, '2024-4-15'], ['ISK', 176.0977129323, '2024-4-15'], ['JPY', 191.9467626834, '2024-4-15'], ['KRW', 1724.8769479594, '2024-4-15'], ['MXN', 20.7882864557, '2024-4-15'], ['MYR', 5.9458363097, '2024-4-15'], ['NOK', 13.607457923, '2024-4-15'], ['NZD', 2.1083779776, '2024-4-15'], ['PHP', 70.7152801467, '2024-4-15'], ['PLN', 5.040122149, '2024-4-15'], ['RON', 5.8258064659, '2024-4-15'], ['RUB', 116.1384661093, '2024-4-15'], ['SEK', 13.5398490874, '2024-4-15'], ['SGD', 1.6962156783, '2024-4-15'], ['THB', 45.7510793571, '2024-4-15'], ['TRY', 40.3336639269, '2024-4-15'], ['USD', 1.2448648012, '2024-4-15'], ['ZAR', 23.6213012398, '2024-4-15']], ['title', 'rate', 'date'])
[2024-04-21T11:06:02.298+0000] {taskinstance.py:1149} INFO - Marking task as SUCCESS. dag_id=currency_parsing, task_id=get_data_pound, execution_date=20240416T000000, start_date=20240421T110557, end_date=20240421T110602
[2024-04-21T11:06:02.830+0000] {local_task_job_runner.py:234} INFO - Task exited with return code 0
[2024-04-21T11:06:03.090+0000] {taskinstance.py:3309} INFO - 1 downstream tasks scheduled from follow-on schedule check
[2024-04-27T12:24:04.458+0000] {taskinstance.py:1979} INFO - Dependencies all met for dep_context=non-requeueable deps ti=<TaskInstance: currency_parsing.get_data_pound scheduled__2024-04-16T00:00:00+00:00 [queued]>
[2024-04-27T12:24:04.807+0000] {taskinstance.py:1979} INFO - Dependencies all met for dep_context=requeueable deps ti=<TaskInstance: currency_parsing.get_data_pound scheduled__2024-04-16T00:00:00+00:00 [queued]>
[2024-04-27T12:24:04.809+0000] {taskinstance.py:2193} INFO - Starting attempt 1 of 2
[2024-04-27T12:24:05.217+0000] {taskinstance.py:2214} INFO - Executing <Task(PythonOperator): get_data_pound> on 2024-04-16 00:00:00+00:00
[2024-04-27T12:24:05.334+0000] {standard_task_runner.py:87} INFO - Running: ['***', 'tasks', 'run', 'currency_parsing', 'get_data_pound', 'scheduled__2024-04-16T00:00:00+00:00', '--job-id', '2411', '--raw', '--subdir', 'DAGS_FOLDER/stage/currency_parsing.py', '--cfg-path', '/tmp/tmpig88yuj3']
[2024-04-27T12:24:05.232+0000] {standard_task_runner.py:60} INFO - Started process 2162 to run task
[2024-04-27T12:24:05.371+0000] {standard_task_runner.py:88} INFO - Job 2411: Subtask get_data_pound
[2024-04-27T12:24:06.060+0000] {task_command.py:423} INFO - Running <TaskInstance: currency_parsing.get_data_pound scheduled__2024-04-16T00:00:00+00:00 [running]> on host 65a8688265d1
[2024-04-27T12:24:06.527+0000] {warnings.py:109} WARNING - /home/***/.local/lib/python3.8/site-packages/***/utils/context.py:207: AirflowContextDeprecationWarning: Accessing 'execution_date' from the template is deprecated and will be removed in a future version. Please use 'data_interval_start' or 'logical_date' instead.
  warnings.warn(_create_deprecation_warning(key, self._deprecation_replacements[key]))

[2024-04-27T12:24:07.149+0000] {taskinstance.py:2510} INFO - Exporting env vars: AIRFLOW_CTX_DAG_OWNER='***' AIRFLOW_CTX_DAG_ID='currency_parsing' AIRFLOW_CTX_TASK_ID='get_data_pound' AIRFLOW_CTX_EXECUTION_DATE='2024-04-16T00:00:00+00:00' AIRFLOW_CTX_TRY_NUMBER='1' AIRFLOW_CTX_DAG_RUN_ID='scheduled__2024-04-16T00:00:00+00:00'
[2024-04-27T12:24:45.721+0000] {python.py:202} INFO - Done. Returned value was: ([['AUD', 1.9321425683, '2024-4-15'], ['BGN', 2.280443173, '2024-4-15'], ['BRL', 6.448973381, '2024-4-15'], ['CAD', 1.7159592017, '2024-4-15'], ['CHF', 1.1347442293, '2024-4-15'], ['CNY', 9.0075315295, '2024-4-15'], ['CZK', 29.6149137757, '2024-4-15'], ['DKK', 8.738342256, '2024-4-15'], ['EUR', 1.1709200627, '2024-4-15'], ['GBP', 1, '2024-4-15'], ['HKD', 9.7442058814, '2024-4-15'], ['HRK', 8.4655296633, '2024-4-15'], ['HUF', 461.0888404099, '2024-4-15'], ['IDR', 19694.2795977809, '2024-4-15'], ['ILS', 4.6603886111, '2024-4-15'], ['INR', 103.8954090628, '2024-4-15'], ['ISK', 176.0977129323, '2024-4-15'], ['JPY', 191.9467626834, '2024-4-15'], ['KRW', 1724.8769479594, '2024-4-15'], ['MXN', 20.7882864557, '2024-4-15'], ['MYR', 5.9458363097, '2024-4-15'], ['NOK', 13.607457923, '2024-4-15'], ['NZD', 2.1083779776, '2024-4-15'], ['PHP', 70.7152801467, '2024-4-15'], ['PLN', 5.040122149, '2024-4-15'], ['RON', 5.8258064659, '2024-4-15'], ['RUB', 116.1384661093, '2024-4-15'], ['SEK', 13.5398490874, '2024-4-15'], ['SGD', 1.6962156783, '2024-4-15'], ['THB', 45.7510793571, '2024-4-15'], ['TRY', 40.3336639269, '2024-4-15'], ['USD', 1.2448648012, '2024-4-15'], ['ZAR', 23.6213012398, '2024-4-15']], ['title', 'rate', 'date'])
[2024-04-27T12:24:46.626+0000] {taskinstance.py:1149} INFO - Marking task as SUCCESS. dag_id=currency_parsing, task_id=get_data_pound, execution_date=20240416T000000, start_date=20240427T122404, end_date=20240427T122446
[2024-04-27T12:24:47.047+0000] {local_task_job_runner.py:234} INFO - Task exited with return code 0
[2024-04-27T12:24:47.756+0000] {warnings.py:109} WARNING - /home/***/.local/lib/python3.8/site-packages/***/models/baseoperator.py:1201: AirflowProviderDeprecationWarning: Call to deprecated class PostgresOperator. (Please use `***.providers.common.sql.operators.sql.SQLExecuteQueryOperator`.Also, you can provide `hook_params={'schema': <database>}`.)
  result = cls.__new__(cls)

[2024-04-27T12:24:49.161+0000] {taskinstance.py:3309} INFO - 1 downstream tasks scheduled from follow-on schedule check
