[2024-05-05T10:10:54.780+0000] {taskinstance.py:1979} INFO - Dependencies all met for dep_context=non-requeueable deps ti=<TaskInstance: currency_parsing.create_table scheduled__2024-05-04T00:00:00+00:00 [queued]>
[2024-05-05T10:10:54.800+0000] {taskinstance.py:1979} INFO - Dependencies all met for dep_context=requeueable deps ti=<TaskInstance: currency_parsing.create_table scheduled__2024-05-04T00:00:00+00:00 [queued]>
[2024-05-05T10:10:54.801+0000] {taskinstance.py:2193} INFO - Starting attempt 1 of 2
[2024-05-05T10:10:54.833+0000] {taskinstance.py:2214} INFO - Executing <Task(PostgresOperator): create_table> on 2024-05-04 00:00:00+00:00
[2024-05-05T10:10:54.846+0000] {standard_task_runner.py:60} INFO - Started process 84 to run task
[2024-05-05T10:10:54.856+0000] {standard_task_runner.py:87} INFO - Running: ['***', 'tasks', 'run', 'currency_parsing', 'create_table', 'scheduled__2024-05-04T00:00:00+00:00', '--job-id', '2656', '--raw', '--subdir', 'DAGS_FOLDER/currency_dag/currency_parsing.py', '--cfg-path', '/tmp/tmphjdtnbkp']
[2024-05-05T10:10:54.866+0000] {standard_task_runner.py:88} INFO - Job 2656: Subtask create_table
[2024-05-05T10:10:55.018+0000] {task_command.py:423} INFO - Running <TaskInstance: currency_parsing.create_table scheduled__2024-05-04T00:00:00+00:00 [running]> on host 71addd39200f
[2024-05-05T10:10:55.367+0000] {taskinstance.py:2510} INFO - Exporting env vars: AIRFLOW_CTX_DAG_OWNER='***' AIRFLOW_CTX_DAG_ID='currency_parsing' AIRFLOW_CTX_TASK_ID='create_table' AIRFLOW_CTX_EXECUTION_DATE='2024-05-04T00:00:00+00:00' AIRFLOW_CTX_TRY_NUMBER='1' AIRFLOW_CTX_DAG_RUN_ID='scheduled__2024-05-04T00:00:00+00:00'
[2024-05-05T10:10:55.373+0000] {sql.py:276} INFO - Executing: CREATE TABLE IF NOT EXISTS stage.currency_pound(
    title VARCHAR(255) NOT NULL,
    rate float,
    date date NOT NULL
);

CREATE TABLE IF NOT EXISTS stage.currency_usd(
    title VARCHAR(255) NOT NULL,
    rate float,
    date date NOT NULL
);

CREATE TABLE IF NOT EXISTS stage.currency_rub(
    title VARCHAR(255) NOT NULL,
    rate float,
    date date NOT NULL
);

CREATE TABLE IF NOT EXISTS stage.currency_kzt(
    currency VARCHAR(255) NOT NULL,
    title VARCHAR(255) NOT NULL,
    rate float,
    quantity int,
    index VARCHAR(255),
    change float,
    date date NOT NULL
);

[2024-05-05T10:10:55.396+0000] {base.py:83} INFO - Using connection ID 'dwh' for task execution.
[2024-05-05T10:10:55.415+0000] {base.py:83} INFO - Using connection ID 'dwh' for task execution.
[2024-05-05T10:10:55.423+0000] {sql.py:457} INFO - Running statement: CREATE TABLE IF NOT EXISTS stage.currency_pound(
    title VARCHAR(255) NOT NULL,
    rate float,
    date date NOT NULL
);

CREATE TABLE IF NOT EXISTS stage.currency_usd(
    title VARCHAR(255) NOT NULL,
    rate float,
    date date NOT NULL
);

CREATE TABLE IF NOT EXISTS stage.currency_rub(
    title VARCHAR(255) NOT NULL,
    rate float,
    date date NOT NULL
);

CREATE TABLE IF NOT EXISTS stage.currency_kzt(
    currency VARCHAR(255) NOT NULL,
    title VARCHAR(255) NOT NULL,
    rate float,
    quantity int,
    index VARCHAR(255),
    change float,
    date date NOT NULL
);
, parameters: None
[2024-05-05T10:10:55.433+0000] {warnings.py:109} WARNING - /home/***/.local/lib/python3.8/site-packages/***/providers/common/sql/hooks/sql.py:407: AirflowProviderDeprecationWarning: Call to deprecated method _make_common_data_structure. (The `_make_serializable` method is deprecated and support will be removed in a future version of the common.sql provider. Please update the DbApiHook's provider to a version based on common.sql >= 1.9.1.)
  result = self._make_common_data_structure(handler(cur))

[2024-05-05T10:10:55.457+0000] {taskinstance.py:1149} INFO - Marking task as SUCCESS. dag_id=currency_parsing, task_id=create_table, execution_date=20240504T000000, start_date=20240505T101054, end_date=20240505T101055
[2024-05-05T10:10:55.518+0000] {local_task_job_runner.py:234} INFO - Task exited with return code 0
[2024-05-05T10:10:55.550+0000] {warnings.py:109} WARNING - /home/***/.local/lib/python3.8/site-packages/***/models/baseoperator.py:1201: AirflowProviderDeprecationWarning: Call to deprecated class PostgresOperator. (Please use `***.providers.common.sql.operators.sql.SQLExecuteQueryOperator`.Also, you can provide `hook_params={'schema': <database>}`.)
  result = cls.__new__(cls)

[2024-05-05T10:10:55.596+0000] {taskinstance.py:3309} INFO - 4 downstream tasks scheduled from follow-on schedule check
[2024-05-05T10:54:22.105+0000] {taskinstance.py:1979} INFO - Dependencies all met for dep_context=non-requeueable deps ti=<TaskInstance: currency_parsing.create_table scheduled__2024-05-04T00:00:00+00:00 [queued]>
[2024-05-05T10:54:22.630+0000] {taskinstance.py:1979} INFO - Dependencies all met for dep_context=requeueable deps ti=<TaskInstance: currency_parsing.create_table scheduled__2024-05-04T00:00:00+00:00 [queued]>
[2024-05-05T10:54:22.675+0000] {taskinstance.py:2193} INFO - Starting attempt 1 of 2
[2024-05-05T10:54:23.386+0000] {taskinstance.py:2214} INFO - Executing <Task(PostgresOperator): create_table> on 2024-05-04 00:00:00+00:00
[2024-05-05T10:54:23.437+0000] {standard_task_runner.py:60} INFO - Started process 714 to run task
[2024-05-05T10:54:24.174+0000] {standard_task_runner.py:87} INFO - Running: ['***', 'tasks', 'run', 'currency_parsing', 'create_table', 'scheduled__2024-05-04T00:00:00+00:00', '--job-id', '2681', '--raw', '--subdir', 'DAGS_FOLDER/currency_dag/currency_parsing.py', '--cfg-path', '/tmp/tmp3whr8mh_']
[2024-05-05T10:54:24.581+0000] {standard_task_runner.py:88} INFO - Job 2681: Subtask create_table
[2024-05-05T10:54:27.819+0000] {task_command.py:423} INFO - Running <TaskInstance: currency_parsing.create_table scheduled__2024-05-04T00:00:00+00:00 [running]> on host 71addd39200f
[2024-05-05T10:54:29.621+0000] {taskinstance.py:2510} INFO - Exporting env vars: AIRFLOW_CTX_DAG_OWNER='***' AIRFLOW_CTX_DAG_ID='currency_parsing' AIRFLOW_CTX_TASK_ID='create_table' AIRFLOW_CTX_EXECUTION_DATE='2024-05-04T00:00:00+00:00' AIRFLOW_CTX_TRY_NUMBER='1' AIRFLOW_CTX_DAG_RUN_ID='scheduled__2024-05-04T00:00:00+00:00'
[2024-05-05T10:54:29.636+0000] {sql.py:276} INFO - Executing: CREATE TABLE IF NOT EXISTS stage.currency_pound(
    title VARCHAR(255) NOT NULL,
    rate float,
    date date NOT NULL
);

CREATE TABLE IF NOT EXISTS stage.currency_usd(
    title VARCHAR(255) NOT NULL,
    rate float,
    date date NOT NULL
);

CREATE TABLE IF NOT EXISTS stage.currency_rub(
    title VARCHAR(255) NOT NULL,
    rate float,
    date date NOT NULL
);

CREATE TABLE IF NOT EXISTS stage.currency_kzt(
    currency VARCHAR(255) NOT NULL,
    title VARCHAR(255) NOT NULL,
    rate float,
    quantity int,
    index VARCHAR(255),
    change float,
    date date NOT NULL
);

[2024-05-05T10:54:29.754+0000] {base.py:83} INFO - Using connection ID 'dwh' for task execution.
[2024-05-05T10:54:29.861+0000] {base.py:83} INFO - Using connection ID 'dwh' for task execution.
[2024-05-05T10:54:29.924+0000] {sql.py:457} INFO - Running statement: CREATE TABLE IF NOT EXISTS stage.currency_pound(
    title VARCHAR(255) NOT NULL,
    rate float,
    date date NOT NULL
);

CREATE TABLE IF NOT EXISTS stage.currency_usd(
    title VARCHAR(255) NOT NULL,
    rate float,
    date date NOT NULL
);

CREATE TABLE IF NOT EXISTS stage.currency_rub(
    title VARCHAR(255) NOT NULL,
    rate float,
    date date NOT NULL
);

CREATE TABLE IF NOT EXISTS stage.currency_kzt(
    currency VARCHAR(255) NOT NULL,
    title VARCHAR(255) NOT NULL,
    rate float,
    quantity int,
    index VARCHAR(255),
    change float,
    date date NOT NULL
);
, parameters: None
[2024-05-05T10:54:29.973+0000] {warnings.py:109} WARNING - /home/***/.local/lib/python3.8/site-packages/***/providers/common/sql/hooks/sql.py:407: AirflowProviderDeprecationWarning: Call to deprecated method _make_common_data_structure. (The `_make_serializable` method is deprecated and support will be removed in a future version of the common.sql provider. Please update the DbApiHook's provider to a version based on common.sql >= 1.9.1.)
  result = self._make_common_data_structure(handler(cur))

[2024-05-05T10:54:30.128+0000] {taskinstance.py:1149} INFO - Marking task as SUCCESS. dag_id=currency_parsing, task_id=create_table, execution_date=20240504T000000, start_date=20240505T105422, end_date=20240505T105430
[2024-05-05T10:54:30.450+0000] {local_task_job_runner.py:234} INFO - Task exited with return code 0
[2024-05-05T10:54:30.982+0000] {warnings.py:109} WARNING - /home/***/.local/lib/python3.8/site-packages/***/models/baseoperator.py:1201: AirflowProviderDeprecationWarning: Call to deprecated class PostgresOperator. (Please use `***.providers.common.sql.operators.sql.SQLExecuteQueryOperator`.Also, you can provide `hook_params={'schema': <database>}`.)
  result = cls.__new__(cls)

[2024-05-05T10:54:31.779+0000] {taskinstance.py:3309} INFO - 4 downstream tasks scheduled from follow-on schedule check
