[2024-04-14T08:51:13.348+0000] {taskinstance.py:1979} INFO - Dependencies all met for dep_context=non-requeueable deps ti=<TaskInstance: currency_parsing.fetch_data scheduled__2024-01-15T00:00:00+00:00 [queued]>
[2024-04-14T08:51:13.431+0000] {taskinstance.py:1979} INFO - Dependencies all met for dep_context=requeueable deps ti=<TaskInstance: currency_parsing.fetch_data scheduled__2024-01-15T00:00:00+00:00 [queued]>
[2024-04-14T08:51:13.433+0000] {taskinstance.py:2193} INFO - Starting attempt 1 of 2
[2024-04-14T08:51:13.597+0000] {taskinstance.py:2214} INFO - Executing <Task(PythonOperator): fetch_data> on 2024-01-15 00:00:00+00:00
[2024-04-14T08:51:13.617+0000] {standard_task_runner.py:60} INFO - Started process 886 to run task
[2024-04-14T08:51:13.624+0000] {standard_task_runner.py:87} INFO - Running: ['***', 'tasks', 'run', 'currency_parsing', 'fetch_data', 'scheduled__2024-01-15T00:00:00+00:00', '--job-id', '215', '--raw', '--subdir', 'DAGS_FOLDER/currency_parsing.py', '--cfg-path', '/tmp/tmpodumf0ho']
[2024-04-14T08:51:13.645+0000] {standard_task_runner.py:88} INFO - Job 215: Subtask fetch_data
[2024-04-14T08:51:13.794+0000] {task_command.py:423} INFO - Running <TaskInstance: currency_parsing.fetch_data scheduled__2024-01-15T00:00:00+00:00 [running]> on host e8a1e0443283
[2024-04-14T08:51:14.205+0000] {taskinstance.py:2510} INFO - Exporting env vars: AIRFLOW_CTX_DAG_OWNER='***' AIRFLOW_CTX_DAG_ID='currency_parsing' AIRFLOW_CTX_TASK_ID='fetch_data' AIRFLOW_CTX_EXECUTION_DATE='2024-01-15T00:00:00+00:00' AIRFLOW_CTX_TRY_NUMBER='1' AIRFLOW_CTX_DAG_RUN_ID='scheduled__2024-01-15T00:00:00+00:00'
[2024-04-14T08:51:14.320+0000] {base.py:83} INFO - Using connection ID 'dwh' for task execution.
[2024-04-14T08:51:14.401+0000] {sql.py:572} INFO - Done loading. Loaded a total of 39 rows into currency_parsing
[2024-04-14T08:51:14.402+0000] {python.py:202} INFO - Done. Returned value was: None
[2024-04-14T08:51:14.515+0000] {taskinstance.py:1149} INFO - Marking task as SUCCESS. dag_id=currency_parsing, task_id=fetch_data, execution_date=20240115T000000, start_date=20240414T085113, end_date=20240414T085114
[2024-04-14T08:51:14.660+0000] {local_task_job_runner.py:234} INFO - Task exited with return code 0
[2024-04-14T08:51:14.910+0000] {taskinstance.py:3309} INFO - 0 downstream tasks scheduled from follow-on schedule check
[2024-04-14T10:08:03.441+0000] {taskinstance.py:1979} INFO - Dependencies all met for dep_context=non-requeueable deps ti=<TaskInstance: currency_parsing.fetch_data scheduled__2024-01-15T00:00:00+00:00 [queued]>
[2024-04-14T10:08:03.572+0000] {taskinstance.py:1979} INFO - Dependencies all met for dep_context=requeueable deps ti=<TaskInstance: currency_parsing.fetch_data scheduled__2024-01-15T00:00:00+00:00 [queued]>
[2024-04-14T10:08:03.579+0000] {taskinstance.py:2193} INFO - Starting attempt 1 of 2
[2024-04-14T10:08:04.072+0000] {taskinstance.py:2214} INFO - Executing <Task(PythonOperator): fetch_data> on 2024-01-15 00:00:00+00:00
[2024-04-14T10:08:04.272+0000] {standard_task_runner.py:60} INFO - Started process 203 to run task
[2024-04-14T10:08:04.360+0000] {standard_task_runner.py:87} INFO - Running: ['***', 'tasks', 'run', 'currency_parsing', 'fetch_data', 'scheduled__2024-01-15T00:00:00+00:00', '--job-id', '524', '--raw', '--subdir', 'DAGS_FOLDER/currency_parsing.py', '--cfg-path', '/tmp/tmpwrn16mfb']
[2024-04-14T10:08:04.453+0000] {standard_task_runner.py:88} INFO - Job 524: Subtask fetch_data
[2024-04-14T10:08:04.974+0000] {task_command.py:423} INFO - Running <TaskInstance: currency_parsing.fetch_data scheduled__2024-01-15T00:00:00+00:00 [running]> on host 1c15aab9396c
[2024-04-14T10:08:05.913+0000] {taskinstance.py:2510} INFO - Exporting env vars: AIRFLOW_CTX_DAG_OWNER='***' AIRFLOW_CTX_DAG_ID='currency_parsing' AIRFLOW_CTX_TASK_ID='fetch_data' AIRFLOW_CTX_EXECUTION_DATE='2024-01-15T00:00:00+00:00' AIRFLOW_CTX_TRY_NUMBER='1' AIRFLOW_CTX_DAG_RUN_ID='scheduled__2024-01-15T00:00:00+00:00'
[2024-04-14T10:08:06.150+0000] {base.py:83} INFO - Using connection ID 'dwh' for task execution.
[2024-04-14T10:08:06.189+0000] {sql.py:572} INFO - Done loading. Loaded a total of 39 rows into currency_parsing
[2024-04-14T10:08:06.190+0000] {python.py:202} INFO - Done. Returned value was: None
[2024-04-14T10:08:06.224+0000] {taskinstance.py:1149} INFO - Marking task as SUCCESS. dag_id=currency_parsing, task_id=fetch_data, execution_date=20240115T000000, start_date=20240414T100803, end_date=20240414T100806
[2024-04-14T10:08:06.339+0000] {local_task_job_runner.py:234} INFO - Task exited with return code 0
[2024-04-14T10:08:06.455+0000] {taskinstance.py:3309} INFO - 0 downstream tasks scheduled from follow-on schedule check
