[2024-04-14T08:52:33.362+0000] {taskinstance.py:1979} INFO - Dependencies all met for dep_context=non-requeueable deps ti=<TaskInstance: currency_parsing.create_table scheduled__2024-02-18T00:00:00+00:00 [queued]>
[2024-04-14T08:52:33.625+0000] {taskinstance.py:1979} INFO - Dependencies all met for dep_context=requeueable deps ti=<TaskInstance: currency_parsing.create_table scheduled__2024-02-18T00:00:00+00:00 [queued]>
[2024-04-14T08:52:33.632+0000] {taskinstance.py:2193} INFO - Starting attempt 1 of 2
[2024-04-14T08:52:34.254+0000] {taskinstance.py:2214} INFO - Executing <Task(PostgresOperator): create_table> on 2024-02-18 00:00:00+00:00
[2024-04-14T08:52:34.413+0000] {standard_task_runner.py:60} INFO - Started process 1059 to run task
[2024-04-14T08:52:34.457+0000] {standard_task_runner.py:87} INFO - Running: ['***', 'tasks', 'run', 'currency_parsing', 'create_table', 'scheduled__2024-02-18T00:00:00+00:00', '--job-id', '291', '--raw', '--subdir', 'DAGS_FOLDER/currency_parsing.py', '--cfg-path', '/tmp/tmpyh48mu_f']
[2024-04-14T08:52:34.539+0000] {standard_task_runner.py:88} INFO - Job 291: Subtask create_table
[2024-04-14T08:52:35.141+0000] {task_command.py:423} INFO - Running <TaskInstance: currency_parsing.create_table scheduled__2024-02-18T00:00:00+00:00 [running]> on host e8a1e0443283
[2024-04-14T08:52:36.100+0000] {taskinstance.py:2510} INFO - Exporting env vars: AIRFLOW_CTX_DAG_OWNER='***' AIRFLOW_CTX_DAG_ID='currency_parsing' AIRFLOW_CTX_TASK_ID='create_table' AIRFLOW_CTX_EXECUTION_DATE='2024-02-18T00:00:00+00:00' AIRFLOW_CTX_TRY_NUMBER='1' AIRFLOW_CTX_DAG_RUN_ID='scheduled__2024-02-18T00:00:00+00:00'
[2024-04-14T08:52:36.103+0000] {sql.py:276} INFO - Executing: CREATE TABLE IF NOT EXISTS currency_parsing(
    currency VARCHAR(255) NOT NULL,
    title VARCHAR(255) NOT NULL,
    rate float,
    quantity int,
    index VARCHAR(255),
    change float,
    date date NOT NULL
)
[2024-04-14T08:52:36.168+0000] {base.py:83} INFO - Using connection ID 'dwh' for task execution.
[2024-04-14T08:52:36.228+0000] {base.py:83} INFO - Using connection ID 'dwh' for task execution.
[2024-04-14T08:52:36.235+0000] {sql.py:457} INFO - Running statement: CREATE TABLE IF NOT EXISTS currency_parsing(
    currency VARCHAR(255) NOT NULL,
    title VARCHAR(255) NOT NULL,
    rate float,
    quantity int,
    index VARCHAR(255),
    change float,
    date date NOT NULL
), parameters: None
[2024-04-14T08:52:36.244+0000] {warnings.py:109} WARNING - /home/***/.local/lib/python3.8/site-packages/***/providers/common/sql/hooks/sql.py:407: AirflowProviderDeprecationWarning: Call to deprecated method _make_common_data_structure. (The `_make_serializable` method is deprecated and support will be removed in a future version of the common.sql provider. Please update the DbApiHook's provider to a version based on common.sql >= 1.9.1.)
  result = self._make_common_data_structure(handler(cur))

[2024-04-14T08:52:36.339+0000] {taskinstance.py:1149} INFO - Marking task as SUCCESS. dag_id=currency_parsing, task_id=create_table, execution_date=20240218T000000, start_date=20240414T085233, end_date=20240414T085236
[2024-04-14T08:52:36.463+0000] {local_task_job_runner.py:234} INFO - Task exited with return code 0
[2024-04-14T08:52:36.562+0000] {warnings.py:109} WARNING - /home/***/.local/lib/python3.8/site-packages/***/models/baseoperator.py:1201: AirflowProviderDeprecationWarning: Call to deprecated class PostgresOperator. (Please use `***.providers.common.sql.operators.sql.SQLExecuteQueryOperator`.Also, you can provide `hook_params={'schema': <database>}`.)
  result = cls.__new__(cls)

[2024-04-14T08:52:36.856+0000] {taskinstance.py:3309} INFO - 1 downstream tasks scheduled from follow-on schedule check
[2024-04-14T10:10:33.319+0000] {taskinstance.py:1979} INFO - Dependencies all met for dep_context=non-requeueable deps ti=<TaskInstance: currency_parsing.create_table scheduled__2024-02-18T00:00:00+00:00 [queued]>
[2024-04-14T10:10:33.349+0000] {taskinstance.py:1979} INFO - Dependencies all met for dep_context=requeueable deps ti=<TaskInstance: currency_parsing.create_table scheduled__2024-02-18T00:00:00+00:00 [queued]>
[2024-04-14T10:10:33.350+0000] {taskinstance.py:2193} INFO - Starting attempt 1 of 2
[2024-04-14T10:10:33.422+0000] {taskinstance.py:2214} INFO - Executing <Task(PostgresOperator): create_table> on 2024-02-18 00:00:00+00:00
[2024-04-14T10:10:33.430+0000] {standard_task_runner.py:60} INFO - Started process 430 to run task
[2024-04-14T10:10:33.447+0000] {standard_task_runner.py:87} INFO - Running: ['***', 'tasks', 'run', 'currency_parsing', 'create_table', 'scheduled__2024-02-18T00:00:00+00:00', '--job-id', '624', '--raw', '--subdir', 'DAGS_FOLDER/currency_parsing.py', '--cfg-path', '/tmp/tmpxz4xp3jg']
[2024-04-14T10:10:33.453+0000] {standard_task_runner.py:88} INFO - Job 624: Subtask create_table
[2024-04-14T10:10:33.569+0000] {task_command.py:423} INFO - Running <TaskInstance: currency_parsing.create_table scheduled__2024-02-18T00:00:00+00:00 [running]> on host 1c15aab9396c
[2024-04-14T10:10:34.040+0000] {taskinstance.py:2510} INFO - Exporting env vars: AIRFLOW_CTX_DAG_OWNER='***' AIRFLOW_CTX_DAG_ID='currency_parsing' AIRFLOW_CTX_TASK_ID='create_table' AIRFLOW_CTX_EXECUTION_DATE='2024-02-18T00:00:00+00:00' AIRFLOW_CTX_TRY_NUMBER='1' AIRFLOW_CTX_DAG_RUN_ID='scheduled__2024-02-18T00:00:00+00:00'
[2024-04-14T10:10:34.042+0000] {sql.py:276} INFO - Executing: CREATE TABLE IF NOT EXISTS currency_parsing(
    currency VARCHAR(255) NOT NULL,
    title VARCHAR(255) NOT NULL,
    rate float,
    quantity int,
    index VARCHAR(255),
    change float,
    date date NOT NULL
)
[2024-04-14T10:10:34.074+0000] {base.py:83} INFO - Using connection ID 'dwh' for task execution.
[2024-04-14T10:10:34.090+0000] {base.py:83} INFO - Using connection ID 'dwh' for task execution.
[2024-04-14T10:10:34.106+0000] {sql.py:457} INFO - Running statement: CREATE TABLE IF NOT EXISTS currency_parsing(
    currency VARCHAR(255) NOT NULL,
    title VARCHAR(255) NOT NULL,
    rate float,
    quantity int,
    index VARCHAR(255),
    change float,
    date date NOT NULL
), parameters: None
[2024-04-14T10:10:34.137+0000] {warnings.py:109} WARNING - /home/***/.local/lib/python3.8/site-packages/***/providers/common/sql/hooks/sql.py:407: AirflowProviderDeprecationWarning: Call to deprecated method _make_common_data_structure. (The `_make_serializable` method is deprecated and support will be removed in a future version of the common.sql provider. Please update the DbApiHook's provider to a version based on common.sql >= 1.9.1.)
  result = self._make_common_data_structure(handler(cur))

[2024-04-14T10:10:34.177+0000] {taskinstance.py:1149} INFO - Marking task as SUCCESS. dag_id=currency_parsing, task_id=create_table, execution_date=20240218T000000, start_date=20240414T101033, end_date=20240414T101034
[2024-04-14T10:10:34.278+0000] {local_task_job_runner.py:234} INFO - Task exited with return code 0
[2024-04-14T10:10:34.318+0000] {warnings.py:109} WARNING - /home/***/.local/lib/python3.8/site-packages/***/models/baseoperator.py:1201: AirflowProviderDeprecationWarning: Call to deprecated class PostgresOperator. (Please use `***.providers.common.sql.operators.sql.SQLExecuteQueryOperator`.Also, you can provide `hook_params={'schema': <database>}`.)
  result = cls.__new__(cls)

[2024-04-14T10:10:34.362+0000] {taskinstance.py:3309} INFO - 1 downstream tasks scheduled from follow-on schedule check
[2024-04-21T10:55:20.006+0000] {taskinstance.py:1979} INFO - Dependencies all met for dep_context=non-requeueable deps ti=<TaskInstance: currency_parsing.create_table scheduled__2024-02-18T00:00:00+00:00 [queued]>
[2024-04-21T10:55:20.349+0000] {taskinstance.py:1979} INFO - Dependencies all met for dep_context=requeueable deps ti=<TaskInstance: currency_parsing.create_table scheduled__2024-02-18T00:00:00+00:00 [queued]>
[2024-04-21T10:55:20.427+0000] {taskinstance.py:2193} INFO - Starting attempt 1 of 2
[2024-04-21T10:55:21.141+0000] {taskinstance.py:2214} INFO - Executing <Task(PostgresOperator): create_table> on 2024-02-18 00:00:00+00:00
[2024-04-21T10:55:21.231+0000] {standard_task_runner.py:60} INFO - Started process 1360 to run task
[2024-04-21T10:55:21.331+0000] {standard_task_runner.py:87} INFO - Running: ['***', 'tasks', 'run', 'currency_parsing', 'create_table', 'scheduled__2024-02-18T00:00:00+00:00', '--job-id', '1453', '--raw', '--subdir', 'DAGS_FOLDER/stage/currency_parsing.py', '--cfg-path', '/tmp/tmpwef_2oeo']
[2024-04-21T10:55:21.385+0000] {standard_task_runner.py:88} INFO - Job 1453: Subtask create_table
[2024-04-21T10:55:22.990+0000] {task_command.py:423} INFO - Running <TaskInstance: currency_parsing.create_table scheduled__2024-02-18T00:00:00+00:00 [running]> on host e671688b1343
[2024-04-21T10:55:24.655+0000] {taskinstance.py:2510} INFO - Exporting env vars: AIRFLOW_CTX_DAG_OWNER='***' AIRFLOW_CTX_DAG_ID='currency_parsing' AIRFLOW_CTX_TASK_ID='create_table' AIRFLOW_CTX_EXECUTION_DATE='2024-02-18T00:00:00+00:00' AIRFLOW_CTX_TRY_NUMBER='1' AIRFLOW_CTX_DAG_RUN_ID='scheduled__2024-02-18T00:00:00+00:00'
[2024-04-21T10:55:24.669+0000] {sql.py:276} INFO - Executing: CREATE TABLE IF NOT EXISTS stage.currency_parsing_pound(
    title VARCHAR(255) NOT NULL,
    rate float,
    date date NOT NULL
);

CREATE TABLE IF NOT EXISTS stage.currency_parsing_usd(
    title VARCHAR(255) NOT NULL,
    rate float,
    date date NOT NULL
);

CREATE TABLE IF NOT EXISTS stage.currency_parsing_rub(
    id VARCHAR(255) NOT NULL,
    NumCode VARCHAR(255) NOT NULL,
    CharCode VARCHAR(255),
    Nominal int,
    Name VARCHAR(255),
    Value float,
    Previous float,
    date date NOT NULL
);

CREATE TABLE IF NOT EXISTS stage.currency_parsing_kzt(
    currency VARCHAR(255) NOT NULL,
    title VARCHAR(255) NOT NULL,
    rate float,
    quantity int,
    index VARCHAR(255),
    change float,
    date date NOT NULL
)
[2024-04-21T10:55:24.805+0000] {base.py:83} INFO - Using connection ID 'dwh' for task execution.
[2024-04-21T10:55:25.092+0000] {base.py:83} INFO - Using connection ID 'dwh' for task execution.
[2024-04-21T10:55:25.104+0000] {sql.py:457} INFO - Running statement: CREATE TABLE IF NOT EXISTS stage.currency_parsing_pound(
    title VARCHAR(255) NOT NULL,
    rate float,
    date date NOT NULL
);

CREATE TABLE IF NOT EXISTS stage.currency_parsing_usd(
    title VARCHAR(255) NOT NULL,
    rate float,
    date date NOT NULL
);

CREATE TABLE IF NOT EXISTS stage.currency_parsing_rub(
    id VARCHAR(255) NOT NULL,
    NumCode VARCHAR(255) NOT NULL,
    CharCode VARCHAR(255),
    Nominal int,
    Name VARCHAR(255),
    Value float,
    Previous float,
    date date NOT NULL
);

CREATE TABLE IF NOT EXISTS stage.currency_parsing_kzt(
    currency VARCHAR(255) NOT NULL,
    title VARCHAR(255) NOT NULL,
    rate float,
    quantity int,
    index VARCHAR(255),
    change float,
    date date NOT NULL
), parameters: None
[2024-04-21T10:55:25.108+0000] {warnings.py:109} WARNING - /home/***/.local/lib/python3.8/site-packages/***/providers/common/sql/hooks/sql.py:407: AirflowProviderDeprecationWarning: Call to deprecated method _make_common_data_structure. (The `_make_serializable` method is deprecated and support will be removed in a future version of the common.sql provider. Please update the DbApiHook's provider to a version based on common.sql >= 1.9.1.)
  result = self._make_common_data_structure(handler(cur))

[2024-04-21T10:55:25.409+0000] {taskinstance.py:1149} INFO - Marking task as SUCCESS. dag_id=currency_parsing, task_id=create_table, execution_date=20240218T000000, start_date=20240421T105520, end_date=20240421T105525
[2024-04-21T10:55:26.676+0000] {local_task_job_runner.py:234} INFO - Task exited with return code 0
[2024-04-21T10:55:26.813+0000] {warnings.py:109} WARNING - /home/***/.local/lib/python3.8/site-packages/***/models/baseoperator.py:1201: AirflowProviderDeprecationWarning: Call to deprecated class PostgresOperator. (Please use `***.providers.common.sql.operators.sql.SQLExecuteQueryOperator`.Also, you can provide `hook_params={'schema': <database>}`.)
  result = cls.__new__(cls)

[2024-04-21T10:55:28.000+0000] {taskinstance.py:3309} INFO - 4 downstream tasks scheduled from follow-on schedule check
