[2024-04-21T11:04:05.570+0000] {taskinstance.py:1979} INFO - Dependencies all met for dep_context=non-requeueable deps ti=<TaskInstance: currency_parsing.create_schema scheduled__2024-04-05T00:00:00+00:00 [queued]>
[2024-04-21T11:04:05.687+0000] {taskinstance.py:1979} INFO - Dependencies all met for dep_context=requeueable deps ti=<TaskInstance: currency_parsing.create_schema scheduled__2024-04-05T00:00:00+00:00 [queued]>
[2024-04-21T11:04:05.688+0000] {taskinstance.py:2193} INFO - Starting attempt 1 of 2
[2024-04-21T11:04:05.908+0000] {taskinstance.py:2214} INFO - Executing <Task(PostgresOperator): create_schema> on 2024-04-05 00:00:00+00:00
[2024-04-21T11:04:05.956+0000] {standard_task_runner.py:60} INFO - Started process 2455 to run task
[2024-04-21T11:04:05.950+0000] {standard_task_runner.py:87} INFO - Running: ['***', 'tasks', 'run', 'currency_parsing', 'create_schema', 'scheduled__2024-04-05T00:00:00+00:00', '--job-id', '1951', '--raw', '--subdir', 'DAGS_FOLDER/stage/currency_parsing.py', '--cfg-path', '/tmp/tmpkrol04fx']
[2024-04-21T11:04:06.001+0000] {standard_task_runner.py:88} INFO - Job 1951: Subtask create_schema
[2024-04-21T11:04:06.329+0000] {task_command.py:423} INFO - Running <TaskInstance: currency_parsing.create_schema scheduled__2024-04-05T00:00:00+00:00 [running]> on host e671688b1343
[2024-04-21T11:04:08.060+0000] {taskinstance.py:2510} INFO - Exporting env vars: AIRFLOW_CTX_DAG_OWNER='***' AIRFLOW_CTX_DAG_ID='currency_parsing' AIRFLOW_CTX_TASK_ID='create_schema' AIRFLOW_CTX_EXECUTION_DATE='2024-04-05T00:00:00+00:00' AIRFLOW_CTX_TRY_NUMBER='1' AIRFLOW_CTX_DAG_RUN_ID='scheduled__2024-04-05T00:00:00+00:00'
[2024-04-21T11:04:08.086+0000] {sql.py:276} INFO - Executing: CREATE SCHEMA if not exists stage;
[2024-04-21T11:04:08.199+0000] {base.py:83} INFO - Using connection ID 'dwh' for task execution.
[2024-04-21T11:04:08.285+0000] {base.py:83} INFO - Using connection ID 'dwh' for task execution.
[2024-04-21T11:04:08.302+0000] {sql.py:457} INFO - Running statement: CREATE SCHEMA if not exists stage;, parameters: None
[2024-04-21T11:04:08.310+0000] {warnings.py:109} WARNING - /home/***/.local/lib/python3.8/site-packages/***/providers/common/sql/hooks/sql.py:407: AirflowProviderDeprecationWarning: Call to deprecated method _make_common_data_structure. (The `_make_serializable` method is deprecated and support will be removed in a future version of the common.sql provider. Please update the DbApiHook's provider to a version based on common.sql >= 1.9.1.)
  result = self._make_common_data_structure(handler(cur))

[2024-04-21T11:04:08.372+0000] {taskinstance.py:1149} INFO - Marking task as SUCCESS. dag_id=currency_parsing, task_id=create_schema, execution_date=20240405T000000, start_date=20240421T110405, end_date=20240421T110408
[2024-04-21T11:04:09.058+0000] {local_task_job_runner.py:234} INFO - Task exited with return code 0
[2024-04-21T11:04:09.113+0000] {warnings.py:109} WARNING - /home/***/.local/lib/python3.8/site-packages/***/models/baseoperator.py:1201: AirflowProviderDeprecationWarning: Call to deprecated class PostgresOperator. (Please use `***.providers.common.sql.operators.sql.SQLExecuteQueryOperator`.Also, you can provide `hook_params={'schema': <database>}`.)
  result = cls.__new__(cls)

[2024-04-21T11:04:09.204+0000] {taskinstance.py:3309} INFO - 1 downstream tasks scheduled from follow-on schedule check
[2024-04-27T12:16:34.297+0000] {taskinstance.py:1979} INFO - Dependencies all met for dep_context=non-requeueable deps ti=<TaskInstance: currency_parsing.create_schema scheduled__2024-04-05T00:00:00+00:00 [queued]>
[2024-04-27T12:16:35.061+0000] {taskinstance.py:1979} INFO - Dependencies all met for dep_context=requeueable deps ti=<TaskInstance: currency_parsing.create_schema scheduled__2024-04-05T00:00:00+00:00 [queued]>
[2024-04-27T12:16:35.111+0000] {taskinstance.py:2193} INFO - Starting attempt 1 of 2
[2024-04-27T12:16:36.846+0000] {taskinstance.py:2214} INFO - Executing <Task(PostgresOperator): create_schema> on 2024-04-05 00:00:00+00:00
[2024-04-27T12:16:37.412+0000] {standard_task_runner.py:60} INFO - Started process 1790 to run task
[2024-04-27T12:16:37.505+0000] {standard_task_runner.py:87} INFO - Running: ['***', 'tasks', 'run', 'currency_parsing', 'create_schema', 'scheduled__2024-04-05T00:00:00+00:00', '--job-id', '2263', '--raw', '--subdir', 'DAGS_FOLDER/stage/currency_parsing.py', '--cfg-path', '/tmp/tmpett9dc7i']
[2024-04-27T12:16:41.136+0000] {standard_task_runner.py:88} INFO - Job 2263: Subtask create_schema
[2024-04-27T12:16:46.061+0000] {task_command.py:423} INFO - Running <TaskInstance: currency_parsing.create_schema scheduled__2024-04-05T00:00:00+00:00 [running]> on host 65a8688265d1
[2024-04-27T12:17:05.319+0000] {taskinstance.py:2510} INFO - Exporting env vars: AIRFLOW_CTX_DAG_OWNER='***' AIRFLOW_CTX_DAG_ID='currency_parsing' AIRFLOW_CTX_TASK_ID='create_schema' AIRFLOW_CTX_EXECUTION_DATE='2024-04-05T00:00:00+00:00' AIRFLOW_CTX_TRY_NUMBER='1' AIRFLOW_CTX_DAG_RUN_ID='scheduled__2024-04-05T00:00:00+00:00'
[2024-04-27T12:17:05.338+0000] {sql.py:276} INFO - Executing: CREATE SCHEMA if not exists stage;

CREATE SCHEMA if not exists intermediate;
[2024-04-27T12:17:05.766+0000] {base.py:83} INFO - Using connection ID 'dwh' for task execution.
[2024-04-27T12:17:09.277+0000] {base.py:83} INFO - Using connection ID 'dwh' for task execution.
[2024-04-27T12:17:09.349+0000] {sql.py:457} INFO - Running statement: CREATE SCHEMA if not exists stage;

CREATE SCHEMA if not exists intermediate;, parameters: None
[2024-04-27T12:17:09.498+0000] {warnings.py:109} WARNING - /home/***/.local/lib/python3.8/site-packages/***/providers/common/sql/hooks/sql.py:407: AirflowProviderDeprecationWarning: Call to deprecated method _make_common_data_structure. (The `_make_serializable` method is deprecated and support will be removed in a future version of the common.sql provider. Please update the DbApiHook's provider to a version based on common.sql >= 1.9.1.)
  result = self._make_common_data_structure(handler(cur))

[2024-04-27T12:17:10.636+0000] {taskinstance.py:1149} INFO - Marking task as SUCCESS. dag_id=currency_parsing, task_id=create_schema, execution_date=20240405T000000, start_date=20240427T121634, end_date=20240427T121710
[2024-04-27T12:17:14.661+0000] {local_task_job_runner.py:234} INFO - Task exited with return code 0
[2024-04-27T12:17:15.112+0000] {warnings.py:109} WARNING - /home/***/.local/lib/python3.8/site-packages/***/models/baseoperator.py:1201: AirflowProviderDeprecationWarning: Call to deprecated class PostgresOperator. (Please use `***.providers.common.sql.operators.sql.SQLExecuteQueryOperator`.Also, you can provide `hook_params={'schema': <database>}`.)
  result = cls.__new__(cls)

[2024-04-27T12:17:17.117+0000] {taskinstance.py:3309} INFO - 1 downstream tasks scheduled from follow-on schedule check
