[2024-04-05T11:28:11.269+0000] {processor.py:161} INFO - Started process (PID=41) to work on /opt/airflow/dags/kolesa_dag.py
[2024-04-05T11:28:11.294+0000] {processor.py:830} INFO - Processing file /opt/airflow/dags/kolesa_dag.py for tasks to queue
[2024-04-05T11:28:11.308+0000] {logging_mixin.py:188} INFO - [2024-04-05T11:28:11.307+0000] {dagbag.py:540} INFO - Filling up the DagBag from /opt/airflow/dags/kolesa_dag.py
[2024-04-05T11:28:12.122+0000] {logging_mixin.py:188} INFO - [2024-04-05T11:28:12.121+0000] {templater.py:95} ERROR - Failed to resolve template field 'sql'
Traceback (most recent call last):
  File "/home/airflow/.local/lib/python3.8/site-packages/airflow/template/templater.py", line 93, in resolve_template_files
    setattr(self, field, env.loader.get_source(env, content)[0])  # type: ignore
  File "/home/airflow/.local/lib/python3.8/site-packages/jinja2/loaders.py", line 204, in get_source
    raise TemplateNotFound(template)
jinja2.exceptions.TemplateNotFound: scripts/.sql
[2024-04-05T11:28:12.192+0000] {processor.py:840} INFO - DAG(s) 'kolesa_dag' retrieved from /opt/airflow/dags/kolesa_dag.py
[2024-04-05T11:28:13.638+0000] {logging_mixin.py:188} INFO - [2024-04-05T11:28:13.636+0000] {override.py:1769} INFO - Created Permission View: can edit on DAG:kolesa_dag
[2024-04-05T11:28:13.683+0000] {logging_mixin.py:188} INFO - [2024-04-05T11:28:13.682+0000] {override.py:1769} INFO - Created Permission View: can read on DAG:kolesa_dag
[2024-04-05T11:28:13.709+0000] {logging_mixin.py:188} INFO - [2024-04-05T11:28:13.709+0000] {override.py:1769} INFO - Created Permission View: can delete on DAG:kolesa_dag
[2024-04-05T11:28:13.711+0000] {logging_mixin.py:188} INFO - [2024-04-05T11:28:13.711+0000] {dag.py:3047} INFO - Sync 1 DAGs
[2024-04-05T11:28:13.755+0000] {logging_mixin.py:188} INFO - [2024-04-05T11:28:13.755+0000] {dag.py:3069} INFO - Creating ORM DAG for kolesa_dag
[2024-04-05T11:28:13.766+0000] {logging_mixin.py:188} INFO - [2024-04-05T11:28:13.766+0000] {dag.py:3834} INFO - Setting next_dagrun for kolesa_dag to None, run_after=None
[2024-04-05T11:28:13.860+0000] {processor.py:183} INFO - Processing /opt/airflow/dags/kolesa_dag.py took 2.612 seconds
[2024-04-05T11:28:44.138+0000] {processor.py:161} INFO - Started process (PID=51) to work on /opt/airflow/dags/kolesa_dag.py
[2024-04-05T11:28:44.145+0000] {processor.py:830} INFO - Processing file /opt/airflow/dags/kolesa_dag.py for tasks to queue
[2024-04-05T11:28:44.163+0000] {logging_mixin.py:188} INFO - [2024-04-05T11:28:44.155+0000] {dagbag.py:540} INFO - Filling up the DagBag from /opt/airflow/dags/kolesa_dag.py
[2024-04-05T11:28:44.309+0000] {logging_mixin.py:188} INFO - [2024-04-05T11:28:44.298+0000] {templater.py:95} ERROR - Failed to resolve template field 'sql'
Traceback (most recent call last):
  File "/home/airflow/.local/lib/python3.8/site-packages/airflow/template/templater.py", line 93, in resolve_template_files
    setattr(self, field, env.loader.get_source(env, content)[0])  # type: ignore
  File "/home/airflow/.local/lib/python3.8/site-packages/jinja2/loaders.py", line 204, in get_source
    raise TemplateNotFound(template)
jinja2.exceptions.TemplateNotFound: scripts/.sql
[2024-04-05T11:28:44.335+0000] {processor.py:840} INFO - DAG(s) 'kolesa_dag' retrieved from /opt/airflow/dags/kolesa_dag.py
[2024-04-05T11:28:44.527+0000] {logging_mixin.py:188} INFO - [2024-04-05T11:28:44.527+0000] {dag.py:3047} INFO - Sync 1 DAGs
[2024-04-05T11:28:44.611+0000] {logging_mixin.py:188} INFO - [2024-04-05T11:28:44.611+0000] {dag.py:3834} INFO - Setting next_dagrun for kolesa_dag to None, run_after=None
[2024-04-05T11:28:44.686+0000] {processor.py:183} INFO - Processing /opt/airflow/dags/kolesa_dag.py took 0.575 seconds
[2024-04-05T11:29:14.992+0000] {processor.py:161} INFO - Started process (PID=61) to work on /opt/airflow/dags/kolesa_dag.py
[2024-04-05T11:29:14.994+0000] {processor.py:830} INFO - Processing file /opt/airflow/dags/kolesa_dag.py for tasks to queue
[2024-04-05T11:29:15.000+0000] {logging_mixin.py:188} INFO - [2024-04-05T11:29:14.999+0000] {dagbag.py:540} INFO - Filling up the DagBag from /opt/airflow/dags/kolesa_dag.py
[2024-04-05T11:29:15.066+0000] {logging_mixin.py:188} INFO - [2024-04-05T11:29:15.065+0000] {templater.py:95} ERROR - Failed to resolve template field 'sql'
Traceback (most recent call last):
  File "/home/airflow/.local/lib/python3.8/site-packages/airflow/template/templater.py", line 93, in resolve_template_files
    setattr(self, field, env.loader.get_source(env, content)[0])  # type: ignore
  File "/home/airflow/.local/lib/python3.8/site-packages/jinja2/loaders.py", line 204, in get_source
    raise TemplateNotFound(template)
jinja2.exceptions.TemplateNotFound: scripts/.sql
[2024-04-05T11:29:15.081+0000] {processor.py:840} INFO - DAG(s) 'kolesa_dag' retrieved from /opt/airflow/dags/kolesa_dag.py
[2024-04-05T11:29:15.151+0000] {logging_mixin.py:188} INFO - [2024-04-05T11:29:15.150+0000] {dag.py:3047} INFO - Sync 1 DAGs
[2024-04-05T11:29:15.212+0000] {logging_mixin.py:188} INFO - [2024-04-05T11:29:15.211+0000] {dag.py:3834} INFO - Setting next_dagrun for kolesa_dag to None, run_after=None
[2024-04-05T11:29:15.269+0000] {processor.py:183} INFO - Processing /opt/airflow/dags/kolesa_dag.py took 0.286 seconds
[2024-04-05T11:29:45.549+0000] {processor.py:161} INFO - Started process (PID=71) to work on /opt/airflow/dags/kolesa_dag.py
[2024-04-05T11:29:45.556+0000] {processor.py:830} INFO - Processing file /opt/airflow/dags/kolesa_dag.py for tasks to queue
[2024-04-05T11:29:45.564+0000] {logging_mixin.py:188} INFO - [2024-04-05T11:29:45.563+0000] {dagbag.py:540} INFO - Filling up the DagBag from /opt/airflow/dags/kolesa_dag.py
[2024-04-05T11:29:45.851+0000] {logging_mixin.py:188} INFO - [2024-04-05T11:29:45.846+0000] {templater.py:95} ERROR - Failed to resolve template field 'sql'
Traceback (most recent call last):
  File "/home/airflow/.local/lib/python3.8/site-packages/airflow/template/templater.py", line 93, in resolve_template_files
    setattr(self, field, env.loader.get_source(env, content)[0])  # type: ignore
  File "/home/airflow/.local/lib/python3.8/site-packages/jinja2/loaders.py", line 204, in get_source
    raise TemplateNotFound(template)
jinja2.exceptions.TemplateNotFound: scripts/.sql
[2024-04-05T11:29:45.909+0000] {processor.py:840} INFO - DAG(s) 'kolesa_dag' retrieved from /opt/airflow/dags/kolesa_dag.py
[2024-04-05T11:29:46.224+0000] {logging_mixin.py:188} INFO - [2024-04-05T11:29:46.222+0000] {dag.py:3047} INFO - Sync 1 DAGs
[2024-04-05T11:29:46.269+0000] {logging_mixin.py:188} INFO - [2024-04-05T11:29:46.268+0000] {dag.py:3834} INFO - Setting next_dagrun for kolesa_dag to None, run_after=None
[2024-04-05T11:29:46.557+0000] {processor.py:183} INFO - Processing /opt/airflow/dags/kolesa_dag.py took 1.052 seconds
[2024-04-05T11:30:17.534+0000] {processor.py:161} INFO - Started process (PID=82) to work on /opt/airflow/dags/kolesa_dag.py
[2024-04-05T11:30:17.538+0000] {processor.py:830} INFO - Processing file /opt/airflow/dags/kolesa_dag.py for tasks to queue
[2024-04-05T11:30:17.547+0000] {logging_mixin.py:188} INFO - [2024-04-05T11:30:17.546+0000] {dagbag.py:540} INFO - Filling up the DagBag from /opt/airflow/dags/kolesa_dag.py
[2024-04-05T11:30:17.833+0000] {logging_mixin.py:188} INFO - [2024-04-05T11:30:17.821+0000] {templater.py:95} ERROR - Failed to resolve template field 'sql'
Traceback (most recent call last):
  File "/home/airflow/.local/lib/python3.8/site-packages/airflow/template/templater.py", line 93, in resolve_template_files
    setattr(self, field, env.loader.get_source(env, content)[0])  # type: ignore
  File "/home/airflow/.local/lib/python3.8/site-packages/jinja2/loaders.py", line 204, in get_source
    raise TemplateNotFound(template)
jinja2.exceptions.TemplateNotFound: scripts/.sql
[2024-04-05T11:30:17.858+0000] {processor.py:840} INFO - DAG(s) 'kolesa_dag' retrieved from /opt/airflow/dags/kolesa_dag.py
[2024-04-05T11:30:18.003+0000] {logging_mixin.py:188} INFO - [2024-04-05T11:30:18.003+0000] {dag.py:3047} INFO - Sync 1 DAGs
[2024-04-05T11:30:18.214+0000] {logging_mixin.py:188} INFO - [2024-04-05T11:30:18.212+0000] {dag.py:3834} INFO - Setting next_dagrun for kolesa_dag to None, run_after=None
[2024-04-05T11:30:18.446+0000] {processor.py:183} INFO - Processing /opt/airflow/dags/kolesa_dag.py took 0.949 seconds
[2024-04-05T11:30:49.233+0000] {processor.py:161} INFO - Started process (PID=93) to work on /opt/airflow/dags/kolesa_dag.py
[2024-04-05T11:30:49.240+0000] {processor.py:830} INFO - Processing file /opt/airflow/dags/kolesa_dag.py for tasks to queue
[2024-04-05T11:30:49.255+0000] {logging_mixin.py:188} INFO - [2024-04-05T11:30:49.254+0000] {dagbag.py:540} INFO - Filling up the DagBag from /opt/airflow/dags/kolesa_dag.py
[2024-04-05T11:30:49.355+0000] {logging_mixin.py:188} INFO - [2024-04-05T11:30:49.353+0000] {templater.py:95} ERROR - Failed to resolve template field 'sql'
Traceback (most recent call last):
  File "/home/airflow/.local/lib/python3.8/site-packages/airflow/template/templater.py", line 93, in resolve_template_files
    setattr(self, field, env.loader.get_source(env, content)[0])  # type: ignore
  File "/home/airflow/.local/lib/python3.8/site-packages/jinja2/loaders.py", line 204, in get_source
    raise TemplateNotFound(template)
jinja2.exceptions.TemplateNotFound: scripts/.sql
[2024-04-05T11:30:49.368+0000] {processor.py:840} INFO - DAG(s) 'kolesa_dag' retrieved from /opt/airflow/dags/kolesa_dag.py
[2024-04-05T11:30:49.453+0000] {logging_mixin.py:188} INFO - [2024-04-05T11:30:49.453+0000] {dag.py:3047} INFO - Sync 1 DAGs
[2024-04-05T11:30:49.497+0000] {logging_mixin.py:188} INFO - [2024-04-05T11:30:49.496+0000] {dag.py:3834} INFO - Setting next_dagrun for kolesa_dag to None, run_after=None
[2024-04-05T11:30:49.559+0000] {processor.py:183} INFO - Processing /opt/airflow/dags/kolesa_dag.py took 0.349 seconds
[2024-04-05T11:48:17.650+0000] {processor.py:161} INFO - Started process (PID=41) to work on /opt/airflow/dags/kolesa_dag.py
[2024-04-05T11:48:17.655+0000] {processor.py:830} INFO - Processing file /opt/airflow/dags/kolesa_dag.py for tasks to queue
[2024-04-05T11:48:17.689+0000] {logging_mixin.py:188} INFO - [2024-04-05T11:48:17.679+0000] {dagbag.py:540} INFO - Filling up the DagBag from /opt/airflow/dags/kolesa_dag.py
[2024-04-05T11:48:18.130+0000] {logging_mixin.py:188} INFO - [2024-04-05T11:48:18.129+0000] {templater.py:95} ERROR - Failed to resolve template field 'sql'
Traceback (most recent call last):
  File "/home/airflow/.local/lib/python3.8/site-packages/airflow/template/templater.py", line 93, in resolve_template_files
    setattr(self, field, env.loader.get_source(env, content)[0])  # type: ignore
  File "/home/airflow/.local/lib/python3.8/site-packages/jinja2/loaders.py", line 204, in get_source
    raise TemplateNotFound(template)
jinja2.exceptions.TemplateNotFound: scripts/.sql
[2024-04-05T11:48:18.205+0000] {processor.py:840} INFO - DAG(s) 'kolesa_dag' retrieved from /opt/airflow/dags/kolesa_dag.py
[2024-04-05T11:48:19.650+0000] {logging_mixin.py:188} INFO - [2024-04-05T11:48:19.649+0000] {dag.py:3047} INFO - Sync 1 DAGs
[2024-04-05T11:48:19.712+0000] {logging_mixin.py:188} INFO - [2024-04-05T11:48:19.712+0000] {dag.py:3834} INFO - Setting next_dagrun for kolesa_dag to None, run_after=None
[2024-04-05T11:48:19.795+0000] {processor.py:183} INFO - Processing /opt/airflow/dags/kolesa_dag.py took 2.217 seconds
[2024-04-05T11:48:50.256+0000] {processor.py:161} INFO - Started process (PID=51) to work on /opt/airflow/dags/kolesa_dag.py
[2024-04-05T11:48:50.258+0000] {processor.py:830} INFO - Processing file /opt/airflow/dags/kolesa_dag.py for tasks to queue
[2024-04-05T11:48:50.266+0000] {logging_mixin.py:188} INFO - [2024-04-05T11:48:50.265+0000] {dagbag.py:540} INFO - Filling up the DagBag from /opt/airflow/dags/kolesa_dag.py
[2024-04-05T11:48:50.333+0000] {logging_mixin.py:188} INFO - [2024-04-05T11:48:50.328+0000] {templater.py:95} ERROR - Failed to resolve template field 'sql'
Traceback (most recent call last):
  File "/home/airflow/.local/lib/python3.8/site-packages/airflow/template/templater.py", line 93, in resolve_template_files
    setattr(self, field, env.loader.get_source(env, content)[0])  # type: ignore
  File "/home/airflow/.local/lib/python3.8/site-packages/jinja2/loaders.py", line 204, in get_source
    raise TemplateNotFound(template)
jinja2.exceptions.TemplateNotFound: scripts/.sql
[2024-04-05T11:48:50.359+0000] {processor.py:840} INFO - DAG(s) 'kolesa_dag' retrieved from /opt/airflow/dags/kolesa_dag.py
[2024-04-05T11:48:50.441+0000] {logging_mixin.py:188} INFO - [2024-04-05T11:48:50.441+0000] {dag.py:3047} INFO - Sync 1 DAGs
[2024-04-05T11:48:50.523+0000] {logging_mixin.py:188} INFO - [2024-04-05T11:48:50.522+0000] {dag.py:3834} INFO - Setting next_dagrun for kolesa_dag to None, run_after=None
[2024-04-05T11:48:50.575+0000] {processor.py:183} INFO - Processing /opt/airflow/dags/kolesa_dag.py took 0.330 seconds
[2024-04-05T11:49:20.875+0000] {processor.py:161} INFO - Started process (PID=61) to work on /opt/airflow/dags/kolesa_dag.py
[2024-04-05T11:49:20.878+0000] {processor.py:830} INFO - Processing file /opt/airflow/dags/kolesa_dag.py for tasks to queue
[2024-04-05T11:49:20.887+0000] {logging_mixin.py:188} INFO - [2024-04-05T11:49:20.884+0000] {dagbag.py:540} INFO - Filling up the DagBag from /opt/airflow/dags/kolesa_dag.py
[2024-04-05T11:49:20.994+0000] {logging_mixin.py:188} INFO - [2024-04-05T11:49:20.984+0000] {templater.py:95} ERROR - Failed to resolve template field 'sql'
Traceback (most recent call last):
  File "/home/airflow/.local/lib/python3.8/site-packages/airflow/template/templater.py", line 93, in resolve_template_files
    setattr(self, field, env.loader.get_source(env, content)[0])  # type: ignore
  File "/home/airflow/.local/lib/python3.8/site-packages/jinja2/loaders.py", line 204, in get_source
    raise TemplateNotFound(template)
jinja2.exceptions.TemplateNotFound: scripts/.sql
[2024-04-05T11:49:21.013+0000] {processor.py:840} INFO - DAG(s) 'kolesa_dag' retrieved from /opt/airflow/dags/kolesa_dag.py
[2024-04-05T11:49:21.135+0000] {logging_mixin.py:188} INFO - [2024-04-05T11:49:21.135+0000] {dag.py:3047} INFO - Sync 1 DAGs
[2024-04-05T11:49:21.310+0000] {logging_mixin.py:188} INFO - [2024-04-05T11:49:21.309+0000] {dag.py:3834} INFO - Setting next_dagrun for kolesa_dag to None, run_after=None
[2024-04-05T11:49:21.390+0000] {processor.py:183} INFO - Processing /opt/airflow/dags/kolesa_dag.py took 0.525 seconds
[2024-04-05T11:49:53.589+0000] {processor.py:161} INFO - Started process (PID=71) to work on /opt/airflow/dags/kolesa_dag.py
[2024-04-05T11:49:53.597+0000] {processor.py:830} INFO - Processing file /opt/airflow/dags/kolesa_dag.py for tasks to queue
[2024-04-05T11:49:53.622+0000] {logging_mixin.py:188} INFO - [2024-04-05T11:49:53.608+0000] {dagbag.py:540} INFO - Filling up the DagBag from /opt/airflow/dags/kolesa_dag.py
[2024-04-05T11:49:53.881+0000] {logging_mixin.py:188} INFO - [2024-04-05T11:49:53.879+0000] {templater.py:95} ERROR - Failed to resolve template field 'sql'
Traceback (most recent call last):
  File "/home/airflow/.local/lib/python3.8/site-packages/airflow/template/templater.py", line 93, in resolve_template_files
    setattr(self, field, env.loader.get_source(env, content)[0])  # type: ignore
  File "/home/airflow/.local/lib/python3.8/site-packages/jinja2/loaders.py", line 204, in get_source
    raise TemplateNotFound(template)
jinja2.exceptions.TemplateNotFound: scripts/.sql
[2024-04-05T11:49:53.912+0000] {processor.py:840} INFO - DAG(s) 'kolesa_dag' retrieved from /opt/airflow/dags/kolesa_dag.py
[2024-04-05T11:49:54.259+0000] {logging_mixin.py:188} INFO - [2024-04-05T11:49:54.259+0000] {dag.py:3047} INFO - Sync 1 DAGs
[2024-04-05T11:49:54.383+0000] {logging_mixin.py:188} INFO - [2024-04-05T11:49:54.382+0000] {dag.py:3834} INFO - Setting next_dagrun for kolesa_dag to None, run_after=None
[2024-04-05T11:49:54.719+0000] {processor.py:183} INFO - Processing /opt/airflow/dags/kolesa_dag.py took 1.150 seconds
[2024-04-05T11:50:25.489+0000] {processor.py:161} INFO - Started process (PID=82) to work on /opt/airflow/dags/kolesa_dag.py
[2024-04-05T11:50:25.506+0000] {processor.py:830} INFO - Processing file /opt/airflow/dags/kolesa_dag.py for tasks to queue
[2024-04-05T11:50:25.540+0000] {logging_mixin.py:188} INFO - [2024-04-05T11:50:25.538+0000] {dagbag.py:540} INFO - Filling up the DagBag from /opt/airflow/dags/kolesa_dag.py
[2024-04-05T11:50:25.796+0000] {logging_mixin.py:188} INFO - [2024-04-05T11:50:25.782+0000] {templater.py:95} ERROR - Failed to resolve template field 'sql'
Traceback (most recent call last):
  File "/home/airflow/.local/lib/python3.8/site-packages/airflow/template/templater.py", line 93, in resolve_template_files
    setattr(self, field, env.loader.get_source(env, content)[0])  # type: ignore
  File "/home/airflow/.local/lib/python3.8/site-packages/jinja2/loaders.py", line 204, in get_source
    raise TemplateNotFound(template)
jinja2.exceptions.TemplateNotFound: scripts/.sql
[2024-04-05T11:50:25.855+0000] {processor.py:840} INFO - DAG(s) 'kolesa_dag' retrieved from /opt/airflow/dags/kolesa_dag.py
[2024-04-05T11:50:26.080+0000] {logging_mixin.py:188} INFO - [2024-04-05T11:50:26.079+0000] {dag.py:3047} INFO - Sync 1 DAGs
[2024-04-05T11:50:26.150+0000] {logging_mixin.py:188} INFO - [2024-04-05T11:50:26.149+0000] {dag.py:3834} INFO - Setting next_dagrun for kolesa_dag to None, run_after=None
[2024-04-05T11:50:26.242+0000] {processor.py:183} INFO - Processing /opt/airflow/dags/kolesa_dag.py took 0.782 seconds
[2024-04-05T11:50:57.354+0000] {processor.py:161} INFO - Started process (PID=92) to work on /opt/airflow/dags/kolesa_dag.py
[2024-04-05T11:50:57.368+0000] {processor.py:830} INFO - Processing file /opt/airflow/dags/kolesa_dag.py for tasks to queue
[2024-04-05T11:50:57.383+0000] {logging_mixin.py:188} INFO - [2024-04-05T11:50:57.382+0000] {dagbag.py:540} INFO - Filling up the DagBag from /opt/airflow/dags/kolesa_dag.py
[2024-04-05T11:50:57.533+0000] {logging_mixin.py:188} INFO - [2024-04-05T11:50:57.531+0000] {templater.py:95} ERROR - Failed to resolve template field 'sql'
Traceback (most recent call last):
  File "/home/airflow/.local/lib/python3.8/site-packages/airflow/template/templater.py", line 93, in resolve_template_files
    setattr(self, field, env.loader.get_source(env, content)[0])  # type: ignore
  File "/home/airflow/.local/lib/python3.8/site-packages/jinja2/loaders.py", line 204, in get_source
    raise TemplateNotFound(template)
jinja2.exceptions.TemplateNotFound: scripts/.sql
[2024-04-05T11:50:57.558+0000] {processor.py:840} INFO - DAG(s) 'kolesa_dag' retrieved from /opt/airflow/dags/kolesa_dag.py
[2024-04-05T11:50:57.692+0000] {logging_mixin.py:188} INFO - [2024-04-05T11:50:57.691+0000] {dag.py:3047} INFO - Sync 1 DAGs
[2024-04-05T11:50:57.754+0000] {logging_mixin.py:188} INFO - [2024-04-05T11:50:57.748+0000] {dag.py:3834} INFO - Setting next_dagrun for kolesa_dag to None, run_after=None
[2024-04-05T11:50:57.865+0000] {processor.py:183} INFO - Processing /opt/airflow/dags/kolesa_dag.py took 0.543 seconds
[2024-04-05T11:51:28.137+0000] {processor.py:161} INFO - Started process (PID=101) to work on /opt/airflow/dags/kolesa_dag.py
[2024-04-05T11:51:28.210+0000] {processor.py:830} INFO - Processing file /opt/airflow/dags/kolesa_dag.py for tasks to queue
[2024-04-05T11:51:28.257+0000] {logging_mixin.py:188} INFO - [2024-04-05T11:51:28.256+0000] {dagbag.py:540} INFO - Filling up the DagBag from /opt/airflow/dags/kolesa_dag.py
[2024-04-05T11:51:28.497+0000] {logging_mixin.py:188} INFO - [2024-04-05T11:51:28.494+0000] {templater.py:95} ERROR - Failed to resolve template field 'sql'
Traceback (most recent call last):
  File "/home/airflow/.local/lib/python3.8/site-packages/airflow/template/templater.py", line 93, in resolve_template_files
    setattr(self, field, env.loader.get_source(env, content)[0])  # type: ignore
  File "/home/airflow/.local/lib/python3.8/site-packages/jinja2/loaders.py", line 204, in get_source
    raise TemplateNotFound(template)
jinja2.exceptions.TemplateNotFound: scripts/.sql
[2024-04-05T11:51:28.513+0000] {processor.py:840} INFO - DAG(s) 'kolesa_dag' retrieved from /opt/airflow/dags/kolesa_dag.py
[2024-04-05T11:51:28.601+0000] {logging_mixin.py:188} INFO - [2024-04-05T11:51:28.601+0000] {dag.py:3047} INFO - Sync 1 DAGs
[2024-04-05T11:51:28.647+0000] {logging_mixin.py:188} INFO - [2024-04-05T11:51:28.646+0000] {dag.py:3834} INFO - Setting next_dagrun for kolesa_dag to None, run_after=None
[2024-04-05T11:51:28.710+0000] {processor.py:183} INFO - Processing /opt/airflow/dags/kolesa_dag.py took 0.591 seconds
[2024-04-05T11:51:58.917+0000] {processor.py:161} INFO - Started process (PID=112) to work on /opt/airflow/dags/kolesa_dag.py
[2024-04-05T11:51:58.922+0000] {processor.py:830} INFO - Processing file /opt/airflow/dags/kolesa_dag.py for tasks to queue
[2024-04-05T11:51:58.927+0000] {logging_mixin.py:188} INFO - [2024-04-05T11:51:58.926+0000] {dagbag.py:540} INFO - Filling up the DagBag from /opt/airflow/dags/kolesa_dag.py
[2024-04-05T11:51:58.977+0000] {logging_mixin.py:188} INFO - [2024-04-05T11:51:58.975+0000] {templater.py:95} ERROR - Failed to resolve template field 'sql'
Traceback (most recent call last):
  File "/home/airflow/.local/lib/python3.8/site-packages/airflow/template/templater.py", line 93, in resolve_template_files
    setattr(self, field, env.loader.get_source(env, content)[0])  # type: ignore
  File "/home/airflow/.local/lib/python3.8/site-packages/jinja2/loaders.py", line 204, in get_source
    raise TemplateNotFound(template)
jinja2.exceptions.TemplateNotFound: scripts/.sql
[2024-04-05T11:51:58.987+0000] {processor.py:840} INFO - DAG(s) 'kolesa_dag' retrieved from /opt/airflow/dags/kolesa_dag.py
[2024-04-05T11:51:59.063+0000] {logging_mixin.py:188} INFO - [2024-04-05T11:51:59.063+0000] {dag.py:3047} INFO - Sync 1 DAGs
[2024-04-05T11:51:59.100+0000] {logging_mixin.py:188} INFO - [2024-04-05T11:51:59.099+0000] {dag.py:3834} INFO - Setting next_dagrun for kolesa_dag to None, run_after=None
[2024-04-05T11:51:59.144+0000] {processor.py:183} INFO - Processing /opt/airflow/dags/kolesa_dag.py took 0.236 seconds
[2024-04-05T11:52:29.357+0000] {processor.py:161} INFO - Started process (PID=122) to work on /opt/airflow/dags/kolesa_dag.py
[2024-04-05T11:52:29.360+0000] {processor.py:830} INFO - Processing file /opt/airflow/dags/kolesa_dag.py for tasks to queue
[2024-04-05T11:52:29.363+0000] {logging_mixin.py:188} INFO - [2024-04-05T11:52:29.362+0000] {dagbag.py:540} INFO - Filling up the DagBag from /opt/airflow/dags/kolesa_dag.py
[2024-04-05T11:52:29.405+0000] {logging_mixin.py:188} INFO - [2024-04-05T11:52:29.403+0000] {templater.py:95} ERROR - Failed to resolve template field 'sql'
Traceback (most recent call last):
  File "/home/airflow/.local/lib/python3.8/site-packages/airflow/template/templater.py", line 93, in resolve_template_files
    setattr(self, field, env.loader.get_source(env, content)[0])  # type: ignore
  File "/home/airflow/.local/lib/python3.8/site-packages/jinja2/loaders.py", line 204, in get_source
    raise TemplateNotFound(template)
jinja2.exceptions.TemplateNotFound: scripts/.sql
[2024-04-05T11:52:29.416+0000] {processor.py:840} INFO - DAG(s) 'kolesa_dag' retrieved from /opt/airflow/dags/kolesa_dag.py
[2024-04-05T11:52:29.470+0000] {logging_mixin.py:188} INFO - [2024-04-05T11:52:29.470+0000] {dag.py:3047} INFO - Sync 1 DAGs
[2024-04-05T11:52:29.495+0000] {logging_mixin.py:188} INFO - [2024-04-05T11:52:29.495+0000] {dag.py:3834} INFO - Setting next_dagrun for kolesa_dag to None, run_after=None
[2024-04-05T11:52:29.529+0000] {processor.py:183} INFO - Processing /opt/airflow/dags/kolesa_dag.py took 0.180 seconds
[2024-04-05T11:52:59.910+0000] {processor.py:161} INFO - Started process (PID=133) to work on /opt/airflow/dags/kolesa_dag.py
[2024-04-05T11:52:59.916+0000] {processor.py:830} INFO - Processing file /opt/airflow/dags/kolesa_dag.py for tasks to queue
[2024-04-05T11:52:59.933+0000] {logging_mixin.py:188} INFO - [2024-04-05T11:52:59.931+0000] {dagbag.py:540} INFO - Filling up the DagBag from /opt/airflow/dags/kolesa_dag.py
[2024-04-05T11:53:00.416+0000] {logging_mixin.py:188} INFO - [2024-04-05T11:53:00.274+0000] {templater.py:95} ERROR - Failed to resolve template field 'sql'
Traceback (most recent call last):
  File "/home/airflow/.local/lib/python3.8/site-packages/airflow/template/templater.py", line 93, in resolve_template_files
    setattr(self, field, env.loader.get_source(env, content)[0])  # type: ignore
  File "/home/airflow/.local/lib/python3.8/site-packages/jinja2/loaders.py", line 204, in get_source
    raise TemplateNotFound(template)
jinja2.exceptions.TemplateNotFound: scripts/.sql
[2024-04-05T11:53:00.558+0000] {processor.py:840} INFO - DAG(s) 'kolesa_dag' retrieved from /opt/airflow/dags/kolesa_dag.py
[2024-04-05T11:53:01.305+0000] {logging_mixin.py:188} INFO - [2024-04-05T11:53:01.305+0000] {dag.py:3047} INFO - Sync 1 DAGs
[2024-04-05T11:53:01.481+0000] {logging_mixin.py:188} INFO - [2024-04-05T11:53:01.480+0000] {dag.py:3834} INFO - Setting next_dagrun for kolesa_dag to None, run_after=None
[2024-04-05T11:53:01.778+0000] {processor.py:183} INFO - Processing /opt/airflow/dags/kolesa_dag.py took 1.926 seconds
[2024-04-05T11:53:32.489+0000] {processor.py:161} INFO - Started process (PID=143) to work on /opt/airflow/dags/kolesa_dag.py
[2024-04-05T11:53:32.534+0000] {processor.py:830} INFO - Processing file /opt/airflow/dags/kolesa_dag.py for tasks to queue
[2024-04-05T11:53:32.598+0000] {logging_mixin.py:188} INFO - [2024-04-05T11:53:32.597+0000] {dagbag.py:540} INFO - Filling up the DagBag from /opt/airflow/dags/kolesa_dag.py
[2024-04-05T11:53:33.201+0000] {logging_mixin.py:188} INFO - [2024-04-05T11:53:33.153+0000] {templater.py:95} ERROR - Failed to resolve template field 'sql'
Traceback (most recent call last):
  File "/home/airflow/.local/lib/python3.8/site-packages/airflow/template/templater.py", line 93, in resolve_template_files
    setattr(self, field, env.loader.get_source(env, content)[0])  # type: ignore
  File "/home/airflow/.local/lib/python3.8/site-packages/jinja2/loaders.py", line 204, in get_source
    raise TemplateNotFound(template)
jinja2.exceptions.TemplateNotFound: scripts/.sql
[2024-04-05T11:53:33.284+0000] {processor.py:840} INFO - DAG(s) 'kolesa_dag' retrieved from /opt/airflow/dags/kolesa_dag.py
[2024-04-05T11:53:34.085+0000] {logging_mixin.py:188} INFO - [2024-04-05T11:53:34.085+0000] {dag.py:3047} INFO - Sync 1 DAGs
[2024-04-05T11:53:34.917+0000] {logging_mixin.py:188} INFO - [2024-04-05T11:53:34.905+0000] {dag.py:3834} INFO - Setting next_dagrun for kolesa_dag to None, run_after=None
[2024-04-05T11:53:35.632+0000] {processor.py:183} INFO - Processing /opt/airflow/dags/kolesa_dag.py took 3.194 seconds
[2024-04-05T11:54:06.656+0000] {processor.py:161} INFO - Started process (PID=152) to work on /opt/airflow/dags/kolesa_dag.py
[2024-04-05T11:54:06.671+0000] {processor.py:830} INFO - Processing file /opt/airflow/dags/kolesa_dag.py for tasks to queue
[2024-04-05T11:54:06.706+0000] {logging_mixin.py:188} INFO - [2024-04-05T11:54:06.684+0000] {dagbag.py:540} INFO - Filling up the DagBag from /opt/airflow/dags/kolesa_dag.py
[2024-04-05T11:54:07.155+0000] {logging_mixin.py:188} INFO - [2024-04-05T11:54:07.128+0000] {templater.py:95} ERROR - Failed to resolve template field 'sql'
Traceback (most recent call last):
  File "/home/airflow/.local/lib/python3.8/site-packages/airflow/template/templater.py", line 93, in resolve_template_files
    setattr(self, field, env.loader.get_source(env, content)[0])  # type: ignore
  File "/home/airflow/.local/lib/python3.8/site-packages/jinja2/loaders.py", line 204, in get_source
    raise TemplateNotFound(template)
jinja2.exceptions.TemplateNotFound: scripts/.sql
[2024-04-05T11:54:07.202+0000] {processor.py:840} INFO - DAG(s) 'kolesa_dag' retrieved from /opt/airflow/dags/kolesa_dag.py
[2024-04-05T11:54:25.644+0000] {logging_mixin.py:188} INFO - [2024-04-05T11:54:25.594+0000] {dag.py:3047} INFO - Sync 1 DAGs
[2024-04-05T11:54:25.868+0000] {logging_mixin.py:188} INFO - [2024-04-05T11:54:25.867+0000] {dag.py:3834} INFO - Setting next_dagrun for kolesa_dag to None, run_after=None
[2024-04-05T11:54:26.075+0000] {processor.py:183} INFO - Processing /opt/airflow/dags/kolesa_dag.py took 19.467 seconds
[2024-04-05T11:54:57.271+0000] {processor.py:161} INFO - Started process (PID=163) to work on /opt/airflow/dags/kolesa_dag.py
[2024-04-05T11:54:57.296+0000] {processor.py:830} INFO - Processing file /opt/airflow/dags/kolesa_dag.py for tasks to queue
[2024-04-05T11:54:57.331+0000] {logging_mixin.py:188} INFO - [2024-04-05T11:54:57.314+0000] {dagbag.py:540} INFO - Filling up the DagBag from /opt/airflow/dags/kolesa_dag.py
[2024-04-05T11:54:57.651+0000] {logging_mixin.py:188} INFO - [2024-04-05T11:54:57.614+0000] {templater.py:95} ERROR - Failed to resolve template field 'sql'
Traceback (most recent call last):
  File "/home/airflow/.local/lib/python3.8/site-packages/airflow/template/templater.py", line 93, in resolve_template_files
    setattr(self, field, env.loader.get_source(env, content)[0])  # type: ignore
  File "/home/airflow/.local/lib/python3.8/site-packages/jinja2/loaders.py", line 204, in get_source
    raise TemplateNotFound(template)
jinja2.exceptions.TemplateNotFound: scripts/.sql
[2024-04-05T11:54:57.783+0000] {processor.py:840} INFO - DAG(s) 'kolesa_dag' retrieved from /opt/airflow/dags/kolesa_dag.py
[2024-04-05T11:54:58.207+0000] {logging_mixin.py:188} INFO - [2024-04-05T11:54:58.207+0000] {dag.py:3047} INFO - Sync 1 DAGs
[2024-04-05T11:54:58.402+0000] {logging_mixin.py:188} INFO - [2024-04-05T11:54:58.402+0000] {dag.py:3834} INFO - Setting next_dagrun for kolesa_dag to None, run_after=None
[2024-04-05T11:54:58.576+0000] {processor.py:183} INFO - Processing /opt/airflow/dags/kolesa_dag.py took 1.343 seconds
[2024-04-05T11:55:28.861+0000] {processor.py:161} INFO - Started process (PID=172) to work on /opt/airflow/dags/kolesa_dag.py
[2024-04-05T11:55:28.874+0000] {processor.py:830} INFO - Processing file /opt/airflow/dags/kolesa_dag.py for tasks to queue
[2024-04-05T11:55:28.889+0000] {logging_mixin.py:188} INFO - [2024-04-05T11:55:28.888+0000] {dagbag.py:540} INFO - Filling up the DagBag from /opt/airflow/dags/kolesa_dag.py
[2024-04-05T11:55:29.258+0000] {logging_mixin.py:188} INFO - [2024-04-05T11:55:29.242+0000] {templater.py:95} ERROR - Failed to resolve template field 'sql'
Traceback (most recent call last):
  File "/home/airflow/.local/lib/python3.8/site-packages/airflow/template/templater.py", line 93, in resolve_template_files
    setattr(self, field, env.loader.get_source(env, content)[0])  # type: ignore
  File "/home/airflow/.local/lib/python3.8/site-packages/jinja2/loaders.py", line 204, in get_source
    raise TemplateNotFound(template)
jinja2.exceptions.TemplateNotFound: scripts/.sql
[2024-04-05T11:55:29.395+0000] {processor.py:840} INFO - DAG(s) 'kolesa_dag' retrieved from /opt/airflow/dags/kolesa_dag.py
[2024-04-05T11:55:30.255+0000] {logging_mixin.py:188} INFO - [2024-04-05T11:55:30.255+0000] {dag.py:3047} INFO - Sync 1 DAGs
[2024-04-05T11:55:30.315+0000] {logging_mixin.py:188} INFO - [2024-04-05T11:55:30.314+0000] {dag.py:3834} INFO - Setting next_dagrun for kolesa_dag to None, run_after=None
[2024-04-05T11:55:30.489+0000] {processor.py:183} INFO - Processing /opt/airflow/dags/kolesa_dag.py took 1.667 seconds
