[2024-04-05T11:28:14.070+0000] {processor.py:161} INFO - Started process (PID=44) to work on /opt/airflow/dags/my_dummy_dag.py
[2024-04-05T11:28:14.073+0000] {processor.py:830} INFO - Processing file /opt/airflow/dags/my_dummy_dag.py for tasks to queue
[2024-04-05T11:28:14.078+0000] {logging_mixin.py:188} INFO - [2024-04-05T11:28:14.077+0000] {dagbag.py:540} INFO - Filling up the DagBag from /opt/airflow/dags/my_dummy_dag.py
[2024-04-05T11:28:14.143+0000] {processor.py:840} INFO - DAG(s) 'hello_world_dag' retrieved from /opt/airflow/dags/my_dummy_dag.py
[2024-04-05T11:28:14.741+0000] {logging_mixin.py:188} INFO - [2024-04-05T11:28:14.741+0000] {dag.py:3047} INFO - Sync 1 DAGs
[2024-04-05T11:28:15.129+0000] {logging_mixin.py:188} INFO - [2024-04-05T11:28:15.125+0000] {dag.py:3834} INFO - Setting next_dagrun for hello_world_dag to 2024-04-05 11:27:00+00:00, run_after=2024-04-05 11:28:00+00:00
[2024-04-05T11:28:16.347+0000] {processor.py:183} INFO - Processing /opt/airflow/dags/my_dummy_dag.py took 2.288 seconds
[2024-04-05T11:28:46.872+0000] {processor.py:161} INFO - Started process (PID=54) to work on /opt/airflow/dags/my_dummy_dag.py
[2024-04-05T11:28:46.875+0000] {processor.py:830} INFO - Processing file /opt/airflow/dags/my_dummy_dag.py for tasks to queue
[2024-04-05T11:28:46.880+0000] {logging_mixin.py:188} INFO - [2024-04-05T11:28:46.879+0000] {dagbag.py:540} INFO - Filling up the DagBag from /opt/airflow/dags/my_dummy_dag.py
[2024-04-05T11:28:47.002+0000] {processor.py:840} INFO - DAG(s) 'hello_world_dag' retrieved from /opt/airflow/dags/my_dummy_dag.py
[2024-04-05T11:28:47.164+0000] {logging_mixin.py:188} INFO - [2024-04-05T11:28:47.163+0000] {dag.py:3047} INFO - Sync 1 DAGs
[2024-04-05T11:28:47.301+0000] {logging_mixin.py:188} INFO - [2024-04-05T11:28:47.300+0000] {dag.py:3834} INFO - Setting next_dagrun for hello_world_dag to 2024-04-05 11:27:00+00:00, run_after=2024-04-05 11:28:00+00:00
[2024-04-05T11:28:47.368+0000] {processor.py:183} INFO - Processing /opt/airflow/dags/my_dummy_dag.py took 0.511 seconds
[2024-04-05T11:29:18.425+0000] {processor.py:161} INFO - Started process (PID=64) to work on /opt/airflow/dags/my_dummy_dag.py
[2024-04-05T11:29:18.427+0000] {processor.py:830} INFO - Processing file /opt/airflow/dags/my_dummy_dag.py for tasks to queue
[2024-04-05T11:29:18.433+0000] {logging_mixin.py:188} INFO - [2024-04-05T11:29:18.432+0000] {dagbag.py:540} INFO - Filling up the DagBag from /opt/airflow/dags/my_dummy_dag.py
[2024-04-05T11:29:18.495+0000] {processor.py:840} INFO - DAG(s) 'hello_world_dag' retrieved from /opt/airflow/dags/my_dummy_dag.py
[2024-04-05T11:29:18.555+0000] {logging_mixin.py:188} INFO - [2024-04-05T11:29:18.555+0000] {dag.py:3047} INFO - Sync 1 DAGs
[2024-04-05T11:29:18.639+0000] {logging_mixin.py:188} INFO - [2024-04-05T11:29:18.639+0000] {dag.py:3834} INFO - Setting next_dagrun for hello_world_dag to 2024-04-05 11:28:00+00:00, run_after=2024-04-05 11:29:00+00:00
[2024-04-05T11:29:18.775+0000] {processor.py:183} INFO - Processing /opt/airflow/dags/my_dummy_dag.py took 0.358 seconds
[2024-04-05T11:29:48.919+0000] {processor.py:161} INFO - Started process (PID=74) to work on /opt/airflow/dags/my_dummy_dag.py
[2024-04-05T11:29:48.926+0000] {processor.py:830} INFO - Processing file /opt/airflow/dags/my_dummy_dag.py for tasks to queue
[2024-04-05T11:29:48.934+0000] {logging_mixin.py:188} INFO - [2024-04-05T11:29:48.933+0000] {dagbag.py:540} INFO - Filling up the DagBag from /opt/airflow/dags/my_dummy_dag.py
[2024-04-05T11:29:49.017+0000] {processor.py:840} INFO - DAG(s) 'hello_world_dag' retrieved from /opt/airflow/dags/my_dummy_dag.py
[2024-04-05T11:29:49.110+0000] {logging_mixin.py:188} INFO - [2024-04-05T11:29:49.109+0000] {dag.py:3047} INFO - Sync 1 DAGs
[2024-04-05T11:29:49.210+0000] {logging_mixin.py:188} INFO - [2024-04-05T11:29:49.209+0000] {dag.py:3834} INFO - Setting next_dagrun for hello_world_dag to 2024-04-05 11:28:00+00:00, run_after=2024-04-05 11:29:00+00:00
[2024-04-05T11:29:49.293+0000] {processor.py:183} INFO - Processing /opt/airflow/dags/my_dummy_dag.py took 0.383 seconds
[2024-04-05T11:30:19.699+0000] {processor.py:161} INFO - Started process (PID=85) to work on /opt/airflow/dags/my_dummy_dag.py
[2024-04-05T11:30:19.725+0000] {processor.py:830} INFO - Processing file /opt/airflow/dags/my_dummy_dag.py for tasks to queue
[2024-04-05T11:30:19.731+0000] {logging_mixin.py:188} INFO - [2024-04-05T11:30:19.730+0000] {dagbag.py:540} INFO - Filling up the DagBag from /opt/airflow/dags/my_dummy_dag.py
[2024-04-05T11:30:19.886+0000] {processor.py:840} INFO - DAG(s) 'hello_world_dag' retrieved from /opt/airflow/dags/my_dummy_dag.py
[2024-04-05T11:30:20.071+0000] {logging_mixin.py:188} INFO - [2024-04-05T11:30:20.070+0000] {dag.py:3047} INFO - Sync 1 DAGs
[2024-04-05T11:30:22.245+0000] {logging_mixin.py:188} INFO - [2024-04-05T11:30:22.245+0000] {dag.py:3834} INFO - Setting next_dagrun for hello_world_dag to 2024-04-05 11:29:00+00:00, run_after=2024-04-05 11:30:00+00:00
[2024-04-05T11:30:24.613+0000] {processor.py:183} INFO - Processing /opt/airflow/dags/my_dummy_dag.py took 4.923 seconds
[2024-04-05T11:30:54.811+0000] {processor.py:161} INFO - Started process (PID=95) to work on /opt/airflow/dags/my_dummy_dag.py
[2024-04-05T11:30:54.815+0000] {processor.py:830} INFO - Processing file /opt/airflow/dags/my_dummy_dag.py for tasks to queue
[2024-04-05T11:30:54.822+0000] {logging_mixin.py:188} INFO - [2024-04-05T11:30:54.821+0000] {dagbag.py:540} INFO - Filling up the DagBag from /opt/airflow/dags/my_dummy_dag.py
[2024-04-05T11:30:54.916+0000] {processor.py:840} INFO - DAG(s) 'hello_world_dag' retrieved from /opt/airflow/dags/my_dummy_dag.py
[2024-04-05T11:30:55.017+0000] {logging_mixin.py:188} INFO - [2024-04-05T11:30:55.016+0000] {dag.py:3047} INFO - Sync 1 DAGs
[2024-04-05T11:30:55.180+0000] {logging_mixin.py:188} INFO - [2024-04-05T11:30:55.180+0000] {dag.py:3834} INFO - Setting next_dagrun for hello_world_dag to 2024-04-05 11:29:00+00:00, run_after=2024-04-05 11:30:00+00:00
[2024-04-05T11:30:55.327+0000] {processor.py:183} INFO - Processing /opt/airflow/dags/my_dummy_dag.py took 0.527 seconds
[2024-04-05T11:48:20.335+0000] {processor.py:161} INFO - Started process (PID=44) to work on /opt/airflow/dags/my_dummy_dag.py
[2024-04-05T11:48:20.345+0000] {processor.py:830} INFO - Processing file /opt/airflow/dags/my_dummy_dag.py for tasks to queue
[2024-04-05T11:48:20.364+0000] {logging_mixin.py:188} INFO - [2024-04-05T11:48:20.362+0000] {dagbag.py:540} INFO - Filling up the DagBag from /opt/airflow/dags/my_dummy_dag.py
[2024-04-05T11:48:20.595+0000] {processor.py:840} INFO - DAG(s) 'hello_world_dag' retrieved from /opt/airflow/dags/my_dummy_dag.py
[2024-04-05T11:48:22.012+0000] {logging_mixin.py:188} INFO - [2024-04-05T11:48:22.011+0000] {dag.py:3047} INFO - Sync 1 DAGs
[2024-04-05T11:48:22.402+0000] {logging_mixin.py:188} INFO - [2024-04-05T11:48:22.400+0000] {dag.py:3834} INFO - Setting next_dagrun for hello_world_dag to 2024-04-05 11:47:00+00:00, run_after=2024-04-05 11:48:00+00:00
[2024-04-05T11:48:22.559+0000] {processor.py:183} INFO - Processing /opt/airflow/dags/my_dummy_dag.py took 2.244 seconds
[2024-04-05T11:48:52.782+0000] {processor.py:161} INFO - Started process (PID=54) to work on /opt/airflow/dags/my_dummy_dag.py
[2024-04-05T11:48:52.789+0000] {processor.py:830} INFO - Processing file /opt/airflow/dags/my_dummy_dag.py for tasks to queue
[2024-04-05T11:48:52.795+0000] {logging_mixin.py:188} INFO - [2024-04-05T11:48:52.794+0000] {dagbag.py:540} INFO - Filling up the DagBag from /opt/airflow/dags/my_dummy_dag.py
[2024-04-05T11:48:52.926+0000] {processor.py:840} INFO - DAG(s) 'hello_world_dag' retrieved from /opt/airflow/dags/my_dummy_dag.py
[2024-04-05T11:48:53.040+0000] {logging_mixin.py:188} INFO - [2024-04-05T11:48:53.039+0000] {dag.py:3047} INFO - Sync 1 DAGs
[2024-04-05T11:48:53.204+0000] {logging_mixin.py:188} INFO - [2024-04-05T11:48:53.203+0000] {dag.py:3834} INFO - Setting next_dagrun for hello_world_dag to 2024-04-05 11:47:00+00:00, run_after=2024-04-05 11:48:00+00:00
[2024-04-05T11:48:53.351+0000] {processor.py:183} INFO - Processing /opt/airflow/dags/my_dummy_dag.py took 0.588 seconds
[2024-04-05T11:49:23.576+0000] {processor.py:161} INFO - Started process (PID=64) to work on /opt/airflow/dags/my_dummy_dag.py
[2024-04-05T11:49:23.582+0000] {processor.py:830} INFO - Processing file /opt/airflow/dags/my_dummy_dag.py for tasks to queue
[2024-04-05T11:49:23.588+0000] {logging_mixin.py:188} INFO - [2024-04-05T11:49:23.587+0000] {dagbag.py:540} INFO - Filling up the DagBag from /opt/airflow/dags/my_dummy_dag.py
[2024-04-05T11:49:23.676+0000] {processor.py:840} INFO - DAG(s) 'hello_world_dag' retrieved from /opt/airflow/dags/my_dummy_dag.py
[2024-04-05T11:49:23.741+0000] {logging_mixin.py:188} INFO - [2024-04-05T11:49:23.740+0000] {dag.py:3047} INFO - Sync 1 DAGs
[2024-04-05T11:49:23.838+0000] {logging_mixin.py:188} INFO - [2024-04-05T11:49:23.838+0000] {dag.py:3834} INFO - Setting next_dagrun for hello_world_dag to 2024-04-05 11:48:00+00:00, run_after=2024-04-05 11:49:00+00:00
[2024-04-05T11:49:24.149+0000] {processor.py:183} INFO - Processing /opt/airflow/dags/my_dummy_dag.py took 0.583 seconds
[2024-04-05T11:49:55.142+0000] {processor.py:161} INFO - Started process (PID=74) to work on /opt/airflow/dags/my_dummy_dag.py
[2024-04-05T11:49:55.165+0000] {processor.py:830} INFO - Processing file /opt/airflow/dags/my_dummy_dag.py for tasks to queue
[2024-04-05T11:49:55.185+0000] {logging_mixin.py:188} INFO - [2024-04-05T11:49:55.184+0000] {dagbag.py:540} INFO - Filling up the DagBag from /opt/airflow/dags/my_dummy_dag.py
[2024-04-05T11:49:55.313+0000] {processor.py:840} INFO - DAG(s) 'hello_world_dag' retrieved from /opt/airflow/dags/my_dummy_dag.py
[2024-04-05T11:49:55.407+0000] {logging_mixin.py:188} INFO - [2024-04-05T11:49:55.406+0000] {dag.py:3047} INFO - Sync 1 DAGs
[2024-04-05T11:49:55.574+0000] {logging_mixin.py:188} INFO - [2024-04-05T11:49:55.574+0000] {dag.py:3834} INFO - Setting next_dagrun for hello_world_dag to 2024-04-05 11:48:00+00:00, run_after=2024-04-05 11:49:00+00:00
[2024-04-05T11:49:55.664+0000] {processor.py:183} INFO - Processing /opt/airflow/dags/my_dummy_dag.py took 0.530 seconds
[2024-04-05T11:50:26.978+0000] {processor.py:161} INFO - Started process (PID=85) to work on /opt/airflow/dags/my_dummy_dag.py
[2024-04-05T11:50:26.981+0000] {processor.py:830} INFO - Processing file /opt/airflow/dags/my_dummy_dag.py for tasks to queue
[2024-04-05T11:50:26.985+0000] {logging_mixin.py:188} INFO - [2024-04-05T11:50:26.984+0000] {dagbag.py:540} INFO - Filling up the DagBag from /opt/airflow/dags/my_dummy_dag.py
[2024-04-05T11:50:27.046+0000] {processor.py:840} INFO - DAG(s) 'hello_world_dag' retrieved from /opt/airflow/dags/my_dummy_dag.py
[2024-04-05T11:50:27.142+0000] {logging_mixin.py:188} INFO - [2024-04-05T11:50:27.141+0000] {dag.py:3047} INFO - Sync 1 DAGs
[2024-04-05T11:50:27.231+0000] {logging_mixin.py:188} INFO - [2024-04-05T11:50:27.231+0000] {dag.py:3834} INFO - Setting next_dagrun for hello_world_dag to 2024-04-05 11:49:00+00:00, run_after=2024-04-05 11:50:00+00:00
[2024-04-05T11:50:27.386+0000] {processor.py:183} INFO - Processing /opt/airflow/dags/my_dummy_dag.py took 0.423 seconds
[2024-04-05T11:50:58.034+0000] {processor.py:161} INFO - Started process (PID=95) to work on /opt/airflow/dags/my_dummy_dag.py
[2024-04-05T11:50:58.039+0000] {processor.py:830} INFO - Processing file /opt/airflow/dags/my_dummy_dag.py for tasks to queue
[2024-04-05T11:50:58.047+0000] {logging_mixin.py:188} INFO - [2024-04-05T11:50:58.044+0000] {dagbag.py:540} INFO - Filling up the DagBag from /opt/airflow/dags/my_dummy_dag.py
[2024-04-05T11:50:58.155+0000] {processor.py:840} INFO - DAG(s) 'hello_world_dag' retrieved from /opt/airflow/dags/my_dummy_dag.py
[2024-04-05T11:50:58.272+0000] {logging_mixin.py:188} INFO - [2024-04-05T11:50:58.272+0000] {dag.py:3047} INFO - Sync 1 DAGs
[2024-04-05T11:50:58.477+0000] {logging_mixin.py:188} INFO - [2024-04-05T11:50:58.477+0000] {dag.py:3834} INFO - Setting next_dagrun for hello_world_dag to 2024-04-05 11:49:00+00:00, run_after=2024-04-05 11:50:00+00:00
[2024-04-05T11:50:58.553+0000] {processor.py:183} INFO - Processing /opt/airflow/dags/my_dummy_dag.py took 0.534 seconds
[2024-04-05T11:51:29.109+0000] {processor.py:161} INFO - Started process (PID=104) to work on /opt/airflow/dags/my_dummy_dag.py
[2024-04-05T11:51:29.111+0000] {processor.py:830} INFO - Processing file /opt/airflow/dags/my_dummy_dag.py for tasks to queue
[2024-04-05T11:51:29.114+0000] {logging_mixin.py:188} INFO - [2024-04-05T11:51:29.113+0000] {dagbag.py:540} INFO - Filling up the DagBag from /opt/airflow/dags/my_dummy_dag.py
[2024-04-05T11:51:29.160+0000] {processor.py:840} INFO - DAG(s) 'hello_world_dag' retrieved from /opt/airflow/dags/my_dummy_dag.py
[2024-04-05T11:51:29.208+0000] {logging_mixin.py:188} INFO - [2024-04-05T11:51:29.208+0000] {dag.py:3047} INFO - Sync 1 DAGs
[2024-04-05T11:51:29.266+0000] {logging_mixin.py:188} INFO - [2024-04-05T11:51:29.265+0000] {dag.py:3834} INFO - Setting next_dagrun for hello_world_dag to 2024-04-05 11:50:00+00:00, run_after=2024-04-05 11:51:00+00:00
[2024-04-05T11:51:29.300+0000] {processor.py:183} INFO - Processing /opt/airflow/dags/my_dummy_dag.py took 0.199 seconds
[2024-04-05T11:51:59.518+0000] {processor.py:161} INFO - Started process (PID=115) to work on /opt/airflow/dags/my_dummy_dag.py
[2024-04-05T11:51:59.522+0000] {processor.py:830} INFO - Processing file /opt/airflow/dags/my_dummy_dag.py for tasks to queue
[2024-04-05T11:51:59.526+0000] {logging_mixin.py:188} INFO - [2024-04-05T11:51:59.526+0000] {dagbag.py:540} INFO - Filling up the DagBag from /opt/airflow/dags/my_dummy_dag.py
[2024-04-05T11:51:59.573+0000] {processor.py:840} INFO - DAG(s) 'hello_world_dag' retrieved from /opt/airflow/dags/my_dummy_dag.py
[2024-04-05T11:51:59.624+0000] {logging_mixin.py:188} INFO - [2024-04-05T11:51:59.624+0000] {dag.py:3047} INFO - Sync 1 DAGs
[2024-04-05T11:51:59.698+0000] {logging_mixin.py:188} INFO - [2024-04-05T11:51:59.698+0000] {dag.py:3834} INFO - Setting next_dagrun for hello_world_dag to 2024-04-05 11:50:00+00:00, run_after=2024-04-05 11:51:00+00:00
[2024-04-05T11:51:59.763+0000] {processor.py:183} INFO - Processing /opt/airflow/dags/my_dummy_dag.py took 0.251 seconds
[2024-04-05T11:52:29.821+0000] {processor.py:161} INFO - Started process (PID=125) to work on /opt/airflow/dags/my_dummy_dag.py
[2024-04-05T11:52:29.823+0000] {processor.py:830} INFO - Processing file /opt/airflow/dags/my_dummy_dag.py for tasks to queue
[2024-04-05T11:52:29.826+0000] {logging_mixin.py:188} INFO - [2024-04-05T11:52:29.825+0000] {dagbag.py:540} INFO - Filling up the DagBag from /opt/airflow/dags/my_dummy_dag.py
[2024-04-05T11:52:29.873+0000] {processor.py:840} INFO - DAG(s) 'hello_world_dag' retrieved from /opt/airflow/dags/my_dummy_dag.py
[2024-04-05T11:52:29.916+0000] {logging_mixin.py:188} INFO - [2024-04-05T11:52:29.916+0000] {dag.py:3047} INFO - Sync 1 DAGs
[2024-04-05T11:52:29.974+0000] {logging_mixin.py:188} INFO - [2024-04-05T11:52:29.974+0000] {dag.py:3834} INFO - Setting next_dagrun for hello_world_dag to 2024-04-05 11:51:00+00:00, run_after=2024-04-05 11:52:00+00:00
[2024-04-05T11:52:30.012+0000] {processor.py:183} INFO - Processing /opt/airflow/dags/my_dummy_dag.py took 0.198 seconds
[2024-04-05T11:53:02.480+0000] {processor.py:161} INFO - Started process (PID=136) to work on /opt/airflow/dags/my_dummy_dag.py
[2024-04-05T11:53:02.482+0000] {processor.py:830} INFO - Processing file /opt/airflow/dags/my_dummy_dag.py for tasks to queue
[2024-04-05T11:53:02.488+0000] {logging_mixin.py:188} INFO - [2024-04-05T11:53:02.487+0000] {dagbag.py:540} INFO - Filling up the DagBag from /opt/airflow/dags/my_dummy_dag.py
[2024-04-05T11:53:02.554+0000] {processor.py:840} INFO - DAG(s) 'hello_world_dag' retrieved from /opt/airflow/dags/my_dummy_dag.py
[2024-04-05T11:53:02.641+0000] {logging_mixin.py:188} INFO - [2024-04-05T11:53:02.640+0000] {dag.py:3047} INFO - Sync 1 DAGs
[2024-04-05T11:53:02.758+0000] {logging_mixin.py:188} INFO - [2024-04-05T11:53:02.757+0000] {dag.py:3834} INFO - Setting next_dagrun for hello_world_dag to 2024-04-05 11:52:00+00:00, run_after=2024-04-05 11:53:00+00:00
[2024-04-05T11:53:02.841+0000] {processor.py:183} INFO - Processing /opt/airflow/dags/my_dummy_dag.py took 0.368 seconds
[2024-04-05T11:53:37.212+0000] {processor.py:161} INFO - Started process (PID=146) to work on /opt/airflow/dags/my_dummy_dag.py
[2024-04-05T11:53:37.288+0000] {processor.py:830} INFO - Processing file /opt/airflow/dags/my_dummy_dag.py for tasks to queue
[2024-04-05T11:53:37.321+0000] {logging_mixin.py:188} INFO - [2024-04-05T11:53:37.307+0000] {dagbag.py:540} INFO - Filling up the DagBag from /opt/airflow/dags/my_dummy_dag.py
[2024-04-05T11:53:37.867+0000] {processor.py:840} INFO - DAG(s) 'hello_world_dag' retrieved from /opt/airflow/dags/my_dummy_dag.py
[2024-04-05T11:53:38.044+0000] {logging_mixin.py:188} INFO - [2024-04-05T11:53:38.044+0000] {dag.py:3047} INFO - Sync 1 DAGs
[2024-04-05T11:53:38.273+0000] {logging_mixin.py:188} INFO - [2024-04-05T11:53:38.272+0000] {dag.py:3834} INFO - Setting next_dagrun for hello_world_dag to 2024-04-05 11:52:00+00:00, run_after=2024-04-05 11:53:00+00:00
[2024-04-05T11:53:38.423+0000] {processor.py:183} INFO - Processing /opt/airflow/dags/my_dummy_dag.py took 1.257 seconds
[2024-04-05T11:54:27.072+0000] {processor.py:161} INFO - Started process (PID=155) to work on /opt/airflow/dags/my_dummy_dag.py
[2024-04-05T11:54:27.109+0000] {processor.py:830} INFO - Processing file /opt/airflow/dags/my_dummy_dag.py for tasks to queue
[2024-04-05T11:54:27.202+0000] {logging_mixin.py:188} INFO - [2024-04-05T11:54:27.185+0000] {dagbag.py:540} INFO - Filling up the DagBag from /opt/airflow/dags/my_dummy_dag.py
[2024-04-05T11:54:27.695+0000] {processor.py:840} INFO - DAG(s) 'hello_world_dag' retrieved from /opt/airflow/dags/my_dummy_dag.py
[2024-04-05T11:54:28.464+0000] {logging_mixin.py:188} INFO - [2024-04-05T11:54:28.463+0000] {dag.py:3047} INFO - Sync 1 DAGs
[2024-04-05T11:54:29.352+0000] {logging_mixin.py:188} INFO - [2024-04-05T11:54:29.351+0000] {dag.py:3834} INFO - Setting next_dagrun for hello_world_dag to 2024-04-05 11:53:00+00:00, run_after=2024-04-05 11:54:00+00:00
[2024-04-05T11:54:29.685+0000] {processor.py:183} INFO - Processing /opt/airflow/dags/my_dummy_dag.py took 2.667 seconds
[2024-04-05T11:55:00.645+0000] {processor.py:161} INFO - Started process (PID=166) to work on /opt/airflow/dags/my_dummy_dag.py
[2024-04-05T11:55:00.649+0000] {processor.py:830} INFO - Processing file /opt/airflow/dags/my_dummy_dag.py for tasks to queue
[2024-04-05T11:55:00.658+0000] {logging_mixin.py:188} INFO - [2024-04-05T11:55:00.653+0000] {dagbag.py:540} INFO - Filling up the DagBag from /opt/airflow/dags/my_dummy_dag.py
[2024-04-05T11:55:01.152+0000] {processor.py:840} INFO - DAG(s) 'hello_world_dag' retrieved from /opt/airflow/dags/my_dummy_dag.py
[2024-04-05T11:55:03.377+0000] {logging_mixin.py:188} INFO - [2024-04-05T11:55:03.371+0000] {dag.py:3047} INFO - Sync 1 DAGs
[2024-04-05T11:55:03.680+0000] {logging_mixin.py:188} INFO - [2024-04-05T11:55:03.679+0000] {dag.py:3834} INFO - Setting next_dagrun for hello_world_dag to 2024-04-05 11:54:00+00:00, run_after=2024-04-05 11:55:00+00:00
[2024-04-05T11:55:03.814+0000] {processor.py:183} INFO - Processing /opt/airflow/dags/my_dummy_dag.py took 3.187 seconds
[2024-04-05T11:55:34.145+0000] {processor.py:161} INFO - Started process (PID=175) to work on /opt/airflow/dags/my_dummy_dag.py
[2024-04-05T11:55:34.148+0000] {processor.py:830} INFO - Processing file /opt/airflow/dags/my_dummy_dag.py for tasks to queue
[2024-04-05T11:55:34.154+0000] {logging_mixin.py:188} INFO - [2024-04-05T11:55:34.152+0000] {dagbag.py:540} INFO - Filling up the DagBag from /opt/airflow/dags/my_dummy_dag.py
[2024-04-05T11:55:34.316+0000] {processor.py:840} INFO - DAG(s) 'hello_world_dag' retrieved from /opt/airflow/dags/my_dummy_dag.py
[2024-04-05T11:55:34.676+0000] {logging_mixin.py:188} INFO - [2024-04-05T11:55:34.675+0000] {dag.py:3047} INFO - Sync 1 DAGs
[2024-04-05T11:55:35.054+0000] {logging_mixin.py:188} INFO - [2024-04-05T11:55:35.053+0000] {dag.py:3834} INFO - Setting next_dagrun for hello_world_dag to 2024-04-05 11:54:00+00:00, run_after=2024-04-05 11:55:00+00:00
[2024-04-05T11:55:35.187+0000] {processor.py:183} INFO - Processing /opt/airflow/dags/my_dummy_dag.py took 1.051 seconds
