[2024-04-05T11:28:13.986+0000] {processor.py:161} INFO - Started process (PID=43) to work on /opt/airflow/dags/simple_insert_movies.py
[2024-04-05T11:28:13.991+0000] {processor.py:830} INFO - Processing file /opt/airflow/dags/simple_insert_movies.py for tasks to queue
[2024-04-05T11:28:14.000+0000] {logging_mixin.py:188} INFO - [2024-04-05T11:28:13.999+0000] {dagbag.py:540} INFO - Filling up the DagBag from /opt/airflow/dags/simple_insert_movies.py
[2024-04-05T11:28:14.131+0000] {processor.py:840} INFO - DAG(s) 'movie_night' retrieved from /opt/airflow/dags/simple_insert_movies.py
[2024-04-05T11:28:14.752+0000] {logging_mixin.py:188} INFO - [2024-04-05T11:28:14.751+0000] {dag.py:3047} INFO - Sync 1 DAGs
[2024-04-05T11:28:14.971+0000] {logging_mixin.py:188} INFO - [2024-04-05T11:28:14.970+0000] {dag.py:3834} INFO - Setting next_dagrun for movie_night to None, run_after=None
[2024-04-05T11:28:16.386+0000] {processor.py:183} INFO - Processing /opt/airflow/dags/simple_insert_movies.py took 2.410 seconds
[2024-04-05T11:28:46.870+0000] {processor.py:161} INFO - Started process (PID=53) to work on /opt/airflow/dags/simple_insert_movies.py
[2024-04-05T11:28:46.876+0000] {processor.py:830} INFO - Processing file /opt/airflow/dags/simple_insert_movies.py for tasks to queue
[2024-04-05T11:28:46.889+0000] {logging_mixin.py:188} INFO - [2024-04-05T11:28:46.887+0000] {dagbag.py:540} INFO - Filling up the DagBag from /opt/airflow/dags/simple_insert_movies.py
[2024-04-05T11:28:47.076+0000] {processor.py:840} INFO - DAG(s) 'movie_night' retrieved from /opt/airflow/dags/simple_insert_movies.py
[2024-04-05T11:28:47.191+0000] {logging_mixin.py:188} INFO - [2024-04-05T11:28:47.190+0000] {dag.py:3047} INFO - Sync 1 DAGs
[2024-04-05T11:28:47.276+0000] {logging_mixin.py:188} INFO - [2024-04-05T11:28:47.275+0000] {dag.py:3834} INFO - Setting next_dagrun for movie_night to None, run_after=None
[2024-04-05T11:28:47.379+0000] {processor.py:183} INFO - Processing /opt/airflow/dags/simple_insert_movies.py took 0.529 seconds
[2024-04-05T11:29:18.421+0000] {processor.py:161} INFO - Started process (PID=63) to work on /opt/airflow/dags/simple_insert_movies.py
[2024-04-05T11:29:18.424+0000] {processor.py:830} INFO - Processing file /opt/airflow/dags/simple_insert_movies.py for tasks to queue
[2024-04-05T11:29:18.430+0000] {logging_mixin.py:188} INFO - [2024-04-05T11:29:18.429+0000] {dagbag.py:540} INFO - Filling up the DagBag from /opt/airflow/dags/simple_insert_movies.py
[2024-04-05T11:29:18.499+0000] {processor.py:840} INFO - DAG(s) 'movie_night' retrieved from /opt/airflow/dags/simple_insert_movies.py
[2024-04-05T11:29:18.573+0000] {logging_mixin.py:188} INFO - [2024-04-05T11:29:18.572+0000] {dag.py:3047} INFO - Sync 1 DAGs
[2024-04-05T11:29:18.632+0000] {logging_mixin.py:188} INFO - [2024-04-05T11:29:18.631+0000] {dag.py:3834} INFO - Setting next_dagrun for movie_night to None, run_after=None
[2024-04-05T11:29:18.769+0000] {processor.py:183} INFO - Processing /opt/airflow/dags/simple_insert_movies.py took 0.358 seconds
[2024-04-05T11:29:48.900+0000] {processor.py:161} INFO - Started process (PID=73) to work on /opt/airflow/dags/simple_insert_movies.py
[2024-04-05T11:29:48.904+0000] {processor.py:830} INFO - Processing file /opt/airflow/dags/simple_insert_movies.py for tasks to queue
[2024-04-05T11:29:48.909+0000] {logging_mixin.py:188} INFO - [2024-04-05T11:29:48.908+0000] {dagbag.py:540} INFO - Filling up the DagBag from /opt/airflow/dags/simple_insert_movies.py
[2024-04-05T11:29:49.006+0000] {processor.py:840} INFO - DAG(s) 'movie_night' retrieved from /opt/airflow/dags/simple_insert_movies.py
[2024-04-05T11:29:49.093+0000] {logging_mixin.py:188} INFO - [2024-04-05T11:29:49.092+0000] {dag.py:3047} INFO - Sync 1 DAGs
[2024-04-05T11:29:49.171+0000] {logging_mixin.py:188} INFO - [2024-04-05T11:29:49.170+0000] {dag.py:3834} INFO - Setting next_dagrun for movie_night to None, run_after=None
[2024-04-05T11:29:49.245+0000] {processor.py:183} INFO - Processing /opt/airflow/dags/simple_insert_movies.py took 0.364 seconds
[2024-04-05T11:30:19.650+0000] {processor.py:161} INFO - Started process (PID=84) to work on /opt/airflow/dags/simple_insert_movies.py
[2024-04-05T11:30:19.653+0000] {processor.py:830} INFO - Processing file /opt/airflow/dags/simple_insert_movies.py for tasks to queue
[2024-04-05T11:30:19.663+0000] {logging_mixin.py:188} INFO - [2024-04-05T11:30:19.661+0000] {dagbag.py:540} INFO - Filling up the DagBag from /opt/airflow/dags/simple_insert_movies.py
[2024-04-05T11:30:19.794+0000] {processor.py:840} INFO - DAG(s) 'movie_night' retrieved from /opt/airflow/dags/simple_insert_movies.py
[2024-04-05T11:30:20.041+0000] {logging_mixin.py:188} INFO - [2024-04-05T11:30:20.039+0000] {dag.py:3047} INFO - Sync 1 DAGs
[2024-04-05T11:30:22.208+0000] {logging_mixin.py:188} INFO - [2024-04-05T11:30:22.208+0000] {dag.py:3834} INFO - Setting next_dagrun for movie_night to None, run_after=None
[2024-04-05T11:30:24.693+0000] {processor.py:183} INFO - Processing /opt/airflow/dags/simple_insert_movies.py took 5.082 seconds
[2024-04-05T11:30:54.896+0000] {processor.py:161} INFO - Started process (PID=96) to work on /opt/airflow/dags/simple_insert_movies.py
[2024-04-05T11:30:54.905+0000] {processor.py:830} INFO - Processing file /opt/airflow/dags/simple_insert_movies.py for tasks to queue
[2024-04-05T11:30:54.910+0000] {logging_mixin.py:188} INFO - [2024-04-05T11:30:54.909+0000] {dagbag.py:540} INFO - Filling up the DagBag from /opt/airflow/dags/simple_insert_movies.py
[2024-04-05T11:30:55.060+0000] {processor.py:840} INFO - DAG(s) 'movie_night' retrieved from /opt/airflow/dags/simple_insert_movies.py
[2024-04-05T11:30:55.156+0000] {logging_mixin.py:188} INFO - [2024-04-05T11:30:55.155+0000] {dag.py:3047} INFO - Sync 1 DAGs
[2024-04-05T11:30:55.303+0000] {logging_mixin.py:188} INFO - [2024-04-05T11:30:55.303+0000] {dag.py:3834} INFO - Setting next_dagrun for movie_night to None, run_after=None
[2024-04-05T11:30:55.675+0000] {processor.py:183} INFO - Processing /opt/airflow/dags/simple_insert_movies.py took 0.801 seconds
[2024-04-05T11:48:19.925+0000] {processor.py:161} INFO - Started process (PID=43) to work on /opt/airflow/dags/simple_insert_movies.py
[2024-04-05T11:48:19.954+0000] {processor.py:830} INFO - Processing file /opt/airflow/dags/simple_insert_movies.py for tasks to queue
[2024-04-05T11:48:19.968+0000] {logging_mixin.py:188} INFO - [2024-04-05T11:48:19.967+0000] {dagbag.py:540} INFO - Filling up the DagBag from /opt/airflow/dags/simple_insert_movies.py
[2024-04-05T11:48:20.174+0000] {processor.py:840} INFO - DAG(s) 'movie_night' retrieved from /opt/airflow/dags/simple_insert_movies.py
[2024-04-05T11:48:21.974+0000] {logging_mixin.py:188} INFO - [2024-04-05T11:48:21.964+0000] {dag.py:3047} INFO - Sync 1 DAGs
[2024-04-05T11:48:22.168+0000] {logging_mixin.py:188} INFO - [2024-04-05T11:48:22.165+0000] {dag.py:3834} INFO - Setting next_dagrun for movie_night to None, run_after=None
[2024-04-05T11:48:22.398+0000] {processor.py:183} INFO - Processing /opt/airflow/dags/simple_insert_movies.py took 2.484 seconds
[2024-04-05T11:48:52.744+0000] {processor.py:161} INFO - Started process (PID=53) to work on /opt/airflow/dags/simple_insert_movies.py
[2024-04-05T11:48:52.747+0000] {processor.py:830} INFO - Processing file /opt/airflow/dags/simple_insert_movies.py for tasks to queue
[2024-04-05T11:48:52.753+0000] {logging_mixin.py:188} INFO - [2024-04-05T11:48:52.753+0000] {dagbag.py:540} INFO - Filling up the DagBag from /opt/airflow/dags/simple_insert_movies.py
[2024-04-05T11:48:52.917+0000] {processor.py:840} INFO - DAG(s) 'movie_night' retrieved from /opt/airflow/dags/simple_insert_movies.py
[2024-04-05T11:48:53.136+0000] {logging_mixin.py:188} INFO - [2024-04-05T11:48:53.135+0000] {dag.py:3047} INFO - Sync 1 DAGs
[2024-04-05T11:48:53.250+0000] {logging_mixin.py:188} INFO - [2024-04-05T11:48:53.250+0000] {dag.py:3834} INFO - Setting next_dagrun for movie_night to None, run_after=None
[2024-04-05T11:48:53.359+0000] {processor.py:183} INFO - Processing /opt/airflow/dags/simple_insert_movies.py took 0.647 seconds
[2024-04-05T11:49:23.548+0000] {processor.py:161} INFO - Started process (PID=63) to work on /opt/airflow/dags/simple_insert_movies.py
[2024-04-05T11:49:23.552+0000] {processor.py:830} INFO - Processing file /opt/airflow/dags/simple_insert_movies.py for tasks to queue
[2024-04-05T11:49:23.559+0000] {logging_mixin.py:188} INFO - [2024-04-05T11:49:23.557+0000] {dagbag.py:540} INFO - Filling up the DagBag from /opt/airflow/dags/simple_insert_movies.py
[2024-04-05T11:49:23.663+0000] {processor.py:840} INFO - DAG(s) 'movie_night' retrieved from /opt/airflow/dags/simple_insert_movies.py
[2024-04-05T11:49:23.743+0000] {logging_mixin.py:188} INFO - [2024-04-05T11:49:23.743+0000] {dag.py:3047} INFO - Sync 1 DAGs
[2024-04-05T11:49:23.815+0000] {logging_mixin.py:188} INFO - [2024-04-05T11:49:23.814+0000] {dag.py:3834} INFO - Setting next_dagrun for movie_night to None, run_after=None
[2024-04-05T11:49:24.149+0000] {processor.py:183} INFO - Processing /opt/airflow/dags/simple_insert_movies.py took 0.618 seconds
[2024-04-05T11:49:55.089+0000] {processor.py:161} INFO - Started process (PID=73) to work on /opt/airflow/dags/simple_insert_movies.py
[2024-04-05T11:49:55.092+0000] {processor.py:830} INFO - Processing file /opt/airflow/dags/simple_insert_movies.py for tasks to queue
[2024-04-05T11:49:55.099+0000] {logging_mixin.py:188} INFO - [2024-04-05T11:49:55.097+0000] {dagbag.py:540} INFO - Filling up the DagBag from /opt/airflow/dags/simple_insert_movies.py
[2024-04-05T11:49:55.228+0000] {processor.py:840} INFO - DAG(s) 'movie_night' retrieved from /opt/airflow/dags/simple_insert_movies.py
[2024-04-05T11:49:55.303+0000] {logging_mixin.py:188} INFO - [2024-04-05T11:49:55.301+0000] {dag.py:3047} INFO - Sync 1 DAGs
[2024-04-05T11:49:55.397+0000] {logging_mixin.py:188} INFO - [2024-04-05T11:49:55.397+0000] {dag.py:3834} INFO - Setting next_dagrun for movie_night to None, run_after=None
[2024-04-05T11:49:55.475+0000] {processor.py:183} INFO - Processing /opt/airflow/dags/simple_insert_movies.py took 0.396 seconds
[2024-04-05T11:50:26.393+0000] {processor.py:161} INFO - Started process (PID=84) to work on /opt/airflow/dags/simple_insert_movies.py
[2024-04-05T11:50:26.395+0000] {processor.py:830} INFO - Processing file /opt/airflow/dags/simple_insert_movies.py for tasks to queue
[2024-04-05T11:50:26.400+0000] {logging_mixin.py:188} INFO - [2024-04-05T11:50:26.399+0000] {dagbag.py:540} INFO - Filling up the DagBag from /opt/airflow/dags/simple_insert_movies.py
[2024-04-05T11:50:26.518+0000] {processor.py:840} INFO - DAG(s) 'movie_night' retrieved from /opt/airflow/dags/simple_insert_movies.py
[2024-04-05T11:50:26.592+0000] {logging_mixin.py:188} INFO - [2024-04-05T11:50:26.591+0000] {dag.py:3047} INFO - Sync 1 DAGs
[2024-04-05T11:50:26.725+0000] {logging_mixin.py:188} INFO - [2024-04-05T11:50:26.724+0000] {dag.py:3834} INFO - Setting next_dagrun for movie_night to None, run_after=None
[2024-04-05T11:50:26.936+0000] {processor.py:183} INFO - Processing /opt/airflow/dags/simple_insert_movies.py took 0.554 seconds
[2024-04-05T11:50:57.947+0000] {processor.py:161} INFO - Started process (PID=94) to work on /opt/airflow/dags/simple_insert_movies.py
[2024-04-05T11:50:57.952+0000] {processor.py:830} INFO - Processing file /opt/airflow/dags/simple_insert_movies.py for tasks to queue
[2024-04-05T11:50:57.964+0000] {logging_mixin.py:188} INFO - [2024-04-05T11:50:57.962+0000] {dagbag.py:540} INFO - Filling up the DagBag from /opt/airflow/dags/simple_insert_movies.py
[2024-04-05T11:50:58.085+0000] {processor.py:840} INFO - DAG(s) 'movie_night' retrieved from /opt/airflow/dags/simple_insert_movies.py
[2024-04-05T11:50:58.216+0000] {logging_mixin.py:188} INFO - [2024-04-05T11:50:58.216+0000] {dag.py:3047} INFO - Sync 1 DAGs
[2024-04-05T11:50:58.332+0000] {logging_mixin.py:188} INFO - [2024-04-05T11:50:58.332+0000] {dag.py:3834} INFO - Setting next_dagrun for movie_night to None, run_after=None
[2024-04-05T11:50:58.473+0000] {processor.py:183} INFO - Processing /opt/airflow/dags/simple_insert_movies.py took 0.587 seconds
[2024-04-05T11:51:28.801+0000] {processor.py:161} INFO - Started process (PID=103) to work on /opt/airflow/dags/simple_insert_movies.py
[2024-04-05T11:51:28.807+0000] {processor.py:830} INFO - Processing file /opt/airflow/dags/simple_insert_movies.py for tasks to queue
[2024-04-05T11:51:28.813+0000] {logging_mixin.py:188} INFO - [2024-04-05T11:51:28.812+0000] {dagbag.py:540} INFO - Filling up the DagBag from /opt/airflow/dags/simple_insert_movies.py
[2024-04-05T11:51:28.900+0000] {processor.py:840} INFO - DAG(s) 'movie_night' retrieved from /opt/airflow/dags/simple_insert_movies.py
[2024-04-05T11:51:28.958+0000] {logging_mixin.py:188} INFO - [2024-04-05T11:51:28.958+0000] {dag.py:3047} INFO - Sync 1 DAGs
[2024-04-05T11:51:29.005+0000] {logging_mixin.py:188} INFO - [2024-04-05T11:51:29.004+0000] {dag.py:3834} INFO - Setting next_dagrun for movie_night to None, run_after=None
[2024-04-05T11:51:29.047+0000] {processor.py:183} INFO - Processing /opt/airflow/dags/simple_insert_movies.py took 0.252 seconds
[2024-04-05T11:51:59.238+0000] {processor.py:161} INFO - Started process (PID=114) to work on /opt/airflow/dags/simple_insert_movies.py
[2024-04-05T11:51:59.241+0000] {processor.py:830} INFO - Processing file /opt/airflow/dags/simple_insert_movies.py for tasks to queue
[2024-04-05T11:51:59.245+0000] {logging_mixin.py:188} INFO - [2024-04-05T11:51:59.244+0000] {dagbag.py:540} INFO - Filling up the DagBag from /opt/airflow/dags/simple_insert_movies.py
[2024-04-05T11:51:59.298+0000] {processor.py:840} INFO - DAG(s) 'movie_night' retrieved from /opt/airflow/dags/simple_insert_movies.py
[2024-04-05T11:51:59.347+0000] {logging_mixin.py:188} INFO - [2024-04-05T11:51:59.347+0000] {dag.py:3047} INFO - Sync 1 DAGs
[2024-04-05T11:51:59.392+0000] {logging_mixin.py:188} INFO - [2024-04-05T11:51:59.391+0000] {dag.py:3834} INFO - Setting next_dagrun for movie_night to None, run_after=None
[2024-04-05T11:51:59.441+0000] {processor.py:183} INFO - Processing /opt/airflow/dags/simple_insert_movies.py took 0.211 seconds
[2024-04-05T11:52:29.597+0000] {processor.py:161} INFO - Started process (PID=124) to work on /opt/airflow/dags/simple_insert_movies.py
[2024-04-05T11:52:29.598+0000] {processor.py:830} INFO - Processing file /opt/airflow/dags/simple_insert_movies.py for tasks to queue
[2024-04-05T11:52:29.601+0000] {logging_mixin.py:188} INFO - [2024-04-05T11:52:29.601+0000] {dagbag.py:540} INFO - Filling up the DagBag from /opt/airflow/dags/simple_insert_movies.py
[2024-04-05T11:52:29.646+0000] {processor.py:840} INFO - DAG(s) 'movie_night' retrieved from /opt/airflow/dags/simple_insert_movies.py
[2024-04-05T11:52:29.691+0000] {logging_mixin.py:188} INFO - [2024-04-05T11:52:29.690+0000] {dag.py:3047} INFO - Sync 1 DAGs
[2024-04-05T11:52:29.730+0000] {logging_mixin.py:188} INFO - [2024-04-05T11:52:29.730+0000] {dag.py:3834} INFO - Setting next_dagrun for movie_night to None, run_after=None
[2024-04-05T11:52:29.764+0000] {processor.py:183} INFO - Processing /opt/airflow/dags/simple_insert_movies.py took 0.175 seconds
[2024-04-05T11:53:01.961+0000] {processor.py:161} INFO - Started process (PID=135) to work on /opt/airflow/dags/simple_insert_movies.py
[2024-04-05T11:53:01.963+0000] {processor.py:830} INFO - Processing file /opt/airflow/dags/simple_insert_movies.py for tasks to queue
[2024-04-05T11:53:01.967+0000] {logging_mixin.py:188} INFO - [2024-04-05T11:53:01.966+0000] {dagbag.py:540} INFO - Filling up the DagBag from /opt/airflow/dags/simple_insert_movies.py
[2024-04-05T11:53:02.116+0000] {processor.py:840} INFO - DAG(s) 'movie_night' retrieved from /opt/airflow/dags/simple_insert_movies.py
[2024-04-05T11:53:02.270+0000] {logging_mixin.py:188} INFO - [2024-04-05T11:53:02.270+0000] {dag.py:3047} INFO - Sync 1 DAGs
[2024-04-05T11:53:02.344+0000] {logging_mixin.py:188} INFO - [2024-04-05T11:53:02.343+0000] {dag.py:3834} INFO - Setting next_dagrun for movie_night to None, run_after=None
[2024-04-05T11:53:02.389+0000] {processor.py:183} INFO - Processing /opt/airflow/dags/simple_insert_movies.py took 0.434 seconds
[2024-04-05T11:53:36.387+0000] {processor.py:161} INFO - Started process (PID=145) to work on /opt/airflow/dags/simple_insert_movies.py
[2024-04-05T11:53:36.398+0000] {processor.py:830} INFO - Processing file /opt/airflow/dags/simple_insert_movies.py for tasks to queue
[2024-04-05T11:53:36.414+0000] {logging_mixin.py:188} INFO - [2024-04-05T11:53:36.413+0000] {dagbag.py:540} INFO - Filling up the DagBag from /opt/airflow/dags/simple_insert_movies.py
[2024-04-05T11:53:36.673+0000] {processor.py:840} INFO - DAG(s) 'movie_night' retrieved from /opt/airflow/dags/simple_insert_movies.py
[2024-04-05T11:53:36.979+0000] {logging_mixin.py:188} INFO - [2024-04-05T11:53:36.968+0000] {dag.py:3047} INFO - Sync 1 DAGs
[2024-04-05T11:53:37.491+0000] {logging_mixin.py:188} INFO - [2024-04-05T11:53:37.476+0000] {dag.py:3834} INFO - Setting next_dagrun for movie_night to None, run_after=None
[2024-04-05T11:53:37.837+0000] {processor.py:183} INFO - Processing /opt/airflow/dags/simple_insert_movies.py took 1.481 seconds
[2024-04-05T11:54:26.586+0000] {processor.py:161} INFO - Started process (PID=154) to work on /opt/airflow/dags/simple_insert_movies.py
[2024-04-05T11:54:26.603+0000] {processor.py:830} INFO - Processing file /opt/airflow/dags/simple_insert_movies.py for tasks to queue
[2024-04-05T11:54:26.635+0000] {logging_mixin.py:188} INFO - [2024-04-05T11:54:26.631+0000] {dagbag.py:540} INFO - Filling up the DagBag from /opt/airflow/dags/simple_insert_movies.py
[2024-04-05T11:54:27.632+0000] {processor.py:840} INFO - DAG(s) 'movie_night' retrieved from /opt/airflow/dags/simple_insert_movies.py
[2024-04-05T11:54:28.191+0000] {logging_mixin.py:188} INFO - [2024-04-05T11:54:28.190+0000] {dag.py:3047} INFO - Sync 1 DAGs
[2024-04-05T11:54:28.858+0000] {logging_mixin.py:188} INFO - [2024-04-05T11:54:28.857+0000] {dag.py:3834} INFO - Setting next_dagrun for movie_night to None, run_after=None
[2024-04-05T11:54:29.236+0000] {processor.py:183} INFO - Processing /opt/airflow/dags/simple_insert_movies.py took 2.740 seconds
[2024-04-05T11:54:59.646+0000] {processor.py:161} INFO - Started process (PID=165) to work on /opt/airflow/dags/simple_insert_movies.py
[2024-04-05T11:54:59.651+0000] {processor.py:830} INFO - Processing file /opt/airflow/dags/simple_insert_movies.py for tasks to queue
[2024-04-05T11:54:59.666+0000] {logging_mixin.py:188} INFO - [2024-04-05T11:54:59.665+0000] {dagbag.py:540} INFO - Filling up the DagBag from /opt/airflow/dags/simple_insert_movies.py
[2024-04-05T11:54:59.944+0000] {processor.py:840} INFO - DAG(s) 'movie_night' retrieved from /opt/airflow/dags/simple_insert_movies.py
[2024-04-05T11:55:01.041+0000] {logging_mixin.py:188} INFO - [2024-04-05T11:55:01.039+0000] {dag.py:3047} INFO - Sync 1 DAGs
[2024-04-05T11:55:01.263+0000] {logging_mixin.py:188} INFO - [2024-04-05T11:55:01.262+0000] {dag.py:3834} INFO - Setting next_dagrun for movie_night to None, run_after=None
[2024-04-05T11:55:01.497+0000] {processor.py:183} INFO - Processing /opt/airflow/dags/simple_insert_movies.py took 1.885 seconds
[2024-04-05T11:55:31.766+0000] {processor.py:161} INFO - Started process (PID=174) to work on /opt/airflow/dags/simple_insert_movies.py
[2024-04-05T11:55:31.768+0000] {processor.py:830} INFO - Processing file /opt/airflow/dags/simple_insert_movies.py for tasks to queue
[2024-04-05T11:55:31.811+0000] {logging_mixin.py:188} INFO - [2024-04-05T11:55:31.810+0000] {dagbag.py:540} INFO - Filling up the DagBag from /opt/airflow/dags/simple_insert_movies.py
[2024-04-05T11:55:32.162+0000] {processor.py:840} INFO - DAG(s) 'movie_night' retrieved from /opt/airflow/dags/simple_insert_movies.py
[2024-04-05T11:55:33.704+0000] {logging_mixin.py:188} INFO - [2024-04-05T11:55:33.701+0000] {dag.py:3047} INFO - Sync 1 DAGs
[2024-04-05T11:55:33.828+0000] {logging_mixin.py:188} INFO - [2024-04-05T11:55:33.825+0000] {dag.py:3834} INFO - Setting next_dagrun for movie_night to None, run_after=None
[2024-04-05T11:55:34.007+0000] {processor.py:183} INFO - Processing /opt/airflow/dags/simple_insert_movies.py took 2.266 seconds
