[2024-04-05T11:28:11.485+0000] {processor.py:161} INFO - Started process (PID=42) to work on /opt/airflow/dags/simple_insert_ti_xcom.py
[2024-04-05T11:28:11.496+0000] {processor.py:830} INFO - Processing file /opt/airflow/dags/simple_insert_ti_xcom.py for tasks to queue
[2024-04-05T11:28:11.511+0000] {logging_mixin.py:188} INFO - [2024-04-05T11:28:11.511+0000] {dagbag.py:540} INFO - Filling up the DagBag from /opt/airflow/dags/simple_insert_ti_xcom.py
[2024-04-05T11:28:12.382+0000] {processor.py:840} INFO - DAG(s) 'movie_night_xcom' retrieved from /opt/airflow/dags/simple_insert_ti_xcom.py
[2024-04-05T11:28:13.708+0000] {logging_mixin.py:188} INFO - [2024-04-05T11:28:13.708+0000] {dag.py:3047} INFO - Sync 1 DAGs
[2024-04-05T11:28:13.793+0000] {logging_mixin.py:188} INFO - [2024-04-05T11:28:13.792+0000] {dag.py:3834} INFO - Setting next_dagrun for movie_night_xcom to None, run_after=None
[2024-04-05T11:28:13.924+0000] {processor.py:183} INFO - Processing /opt/airflow/dags/simple_insert_ti_xcom.py took 2.446 seconds
[2024-04-05T11:28:44.227+0000] {processor.py:161} INFO - Started process (PID=52) to work on /opt/airflow/dags/simple_insert_ti_xcom.py
[2024-04-05T11:28:44.233+0000] {processor.py:830} INFO - Processing file /opt/airflow/dags/simple_insert_ti_xcom.py for tasks to queue
[2024-04-05T11:28:44.260+0000] {logging_mixin.py:188} INFO - [2024-04-05T11:28:44.259+0000] {dagbag.py:540} INFO - Filling up the DagBag from /opt/airflow/dags/simple_insert_ti_xcom.py
[2024-04-05T11:28:44.409+0000] {processor.py:840} INFO - DAG(s) 'movie_night_xcom' retrieved from /opt/airflow/dags/simple_insert_ti_xcom.py
[2024-04-05T11:28:44.554+0000] {logging_mixin.py:188} INFO - [2024-04-05T11:28:44.553+0000] {dag.py:3047} INFO - Sync 1 DAGs
[2024-04-05T11:28:44.699+0000] {logging_mixin.py:188} INFO - [2024-04-05T11:28:44.698+0000] {dag.py:3834} INFO - Setting next_dagrun for movie_night_xcom to None, run_after=None
[2024-04-05T11:28:44.761+0000] {processor.py:183} INFO - Processing /opt/airflow/dags/simple_insert_ti_xcom.py took 0.563 seconds
[2024-04-05T11:29:14.996+0000] {processor.py:161} INFO - Started process (PID=62) to work on /opt/airflow/dags/simple_insert_ti_xcom.py
[2024-04-05T11:29:14.999+0000] {processor.py:830} INFO - Processing file /opt/airflow/dags/simple_insert_ti_xcom.py for tasks to queue
[2024-04-05T11:29:15.003+0000] {logging_mixin.py:188} INFO - [2024-04-05T11:29:15.002+0000] {dagbag.py:540} INFO - Filling up the DagBag from /opt/airflow/dags/simple_insert_ti_xcom.py
[2024-04-05T11:29:15.084+0000] {processor.py:840} INFO - DAG(s) 'movie_night_xcom' retrieved from /opt/airflow/dags/simple_insert_ti_xcom.py
[2024-04-05T11:29:15.170+0000] {logging_mixin.py:188} INFO - [2024-04-05T11:29:15.169+0000] {dag.py:3047} INFO - Sync 1 DAGs
[2024-04-05T11:29:15.292+0000] {logging_mixin.py:188} INFO - [2024-04-05T11:29:15.292+0000] {dag.py:3834} INFO - Setting next_dagrun for movie_night_xcom to None, run_after=None
[2024-04-05T11:29:15.333+0000] {processor.py:183} INFO - Processing /opt/airflow/dags/simple_insert_ti_xcom.py took 0.344 seconds
[2024-04-05T11:29:45.553+0000] {processor.py:161} INFO - Started process (PID=72) to work on /opt/airflow/dags/simple_insert_ti_xcom.py
[2024-04-05T11:29:45.560+0000] {processor.py:830} INFO - Processing file /opt/airflow/dags/simple_insert_ti_xcom.py for tasks to queue
[2024-04-05T11:29:45.568+0000] {logging_mixin.py:188} INFO - [2024-04-05T11:29:45.566+0000] {dagbag.py:540} INFO - Filling up the DagBag from /opt/airflow/dags/simple_insert_ti_xcom.py
[2024-04-05T11:29:45.729+0000] {processor.py:840} INFO - DAG(s) 'movie_night_xcom' retrieved from /opt/airflow/dags/simple_insert_ti_xcom.py
[2024-04-05T11:29:46.077+0000] {logging_mixin.py:188} INFO - [2024-04-05T11:29:46.040+0000] {dag.py:3047} INFO - Sync 1 DAGs
[2024-04-05T11:29:46.404+0000] {logging_mixin.py:188} INFO - [2024-04-05T11:29:46.403+0000] {dag.py:3834} INFO - Setting next_dagrun for movie_night_xcom to None, run_after=None
[2024-04-05T11:29:46.707+0000] {processor.py:183} INFO - Processing /opt/airflow/dags/simple_insert_ti_xcom.py took 1.171 seconds
[2024-04-05T11:30:17.619+0000] {processor.py:161} INFO - Started process (PID=83) to work on /opt/airflow/dags/simple_insert_ti_xcom.py
[2024-04-05T11:30:17.633+0000] {processor.py:830} INFO - Processing file /opt/airflow/dags/simple_insert_ti_xcom.py for tasks to queue
[2024-04-05T11:30:17.656+0000] {logging_mixin.py:188} INFO - [2024-04-05T11:30:17.654+0000] {dagbag.py:540} INFO - Filling up the DagBag from /opt/airflow/dags/simple_insert_ti_xcom.py
[2024-04-05T11:30:18.015+0000] {processor.py:840} INFO - DAG(s) 'movie_night_xcom' retrieved from /opt/airflow/dags/simple_insert_ti_xcom.py
[2024-04-05T11:30:18.372+0000] {logging_mixin.py:188} INFO - [2024-04-05T11:30:18.371+0000] {dag.py:3047} INFO - Sync 1 DAGs
[2024-04-05T11:30:18.517+0000] {logging_mixin.py:188} INFO - [2024-04-05T11:30:18.517+0000] {dag.py:3834} INFO - Setting next_dagrun for movie_night_xcom to None, run_after=None
[2024-04-05T11:30:18.558+0000] {processor.py:183} INFO - Processing /opt/airflow/dags/simple_insert_ti_xcom.py took 0.961 seconds
[2024-04-05T11:30:49.251+0000] {processor.py:161} INFO - Started process (PID=94) to work on /opt/airflow/dags/simple_insert_ti_xcom.py
[2024-04-05T11:30:49.259+0000] {processor.py:830} INFO - Processing file /opt/airflow/dags/simple_insert_ti_xcom.py for tasks to queue
[2024-04-05T11:30:49.265+0000] {logging_mixin.py:188} INFO - [2024-04-05T11:30:49.264+0000] {dagbag.py:540} INFO - Filling up the DagBag from /opt/airflow/dags/simple_insert_ti_xcom.py
[2024-04-05T11:30:49.346+0000] {processor.py:840} INFO - DAG(s) 'movie_night_xcom' retrieved from /opt/airflow/dags/simple_insert_ti_xcom.py
[2024-04-05T11:30:49.441+0000] {logging_mixin.py:188} INFO - [2024-04-05T11:30:49.441+0000] {dag.py:3047} INFO - Sync 1 DAGs
[2024-04-05T11:30:49.528+0000] {logging_mixin.py:188} INFO - [2024-04-05T11:30:49.527+0000] {dag.py:3834} INFO - Setting next_dagrun for movie_night_xcom to None, run_after=None
[2024-04-05T11:30:49.640+0000] {processor.py:183} INFO - Processing /opt/airflow/dags/simple_insert_ti_xcom.py took 0.396 seconds
[2024-04-05T11:48:17.908+0000] {processor.py:161} INFO - Started process (PID=42) to work on /opt/airflow/dags/simple_insert_ti_xcom.py
[2024-04-05T11:48:17.919+0000] {processor.py:830} INFO - Processing file /opt/airflow/dags/simple_insert_ti_xcom.py for tasks to queue
[2024-04-05T11:48:17.959+0000] {logging_mixin.py:188} INFO - [2024-04-05T11:48:17.953+0000] {dagbag.py:540} INFO - Filling up the DagBag from /opt/airflow/dags/simple_insert_ti_xcom.py
[2024-04-05T11:48:18.206+0000] {processor.py:840} INFO - DAG(s) 'movie_night_xcom' retrieved from /opt/airflow/dags/simple_insert_ti_xcom.py
[2024-04-05T11:48:19.660+0000] {logging_mixin.py:188} INFO - [2024-04-05T11:48:19.660+0000] {dag.py:3047} INFO - Sync 1 DAGs
[2024-04-05T11:48:19.894+0000] {logging_mixin.py:188} INFO - [2024-04-05T11:48:19.894+0000] {dag.py:3834} INFO - Setting next_dagrun for movie_night_xcom to None, run_after=None
[2024-04-05T11:48:20.180+0000] {processor.py:183} INFO - Processing /opt/airflow/dags/simple_insert_ti_xcom.py took 2.450 seconds
[2024-04-05T11:48:50.444+0000] {processor.py:161} INFO - Started process (PID=52) to work on /opt/airflow/dags/simple_insert_ti_xcom.py
[2024-04-05T11:48:50.447+0000] {processor.py:830} INFO - Processing file /opt/airflow/dags/simple_insert_ti_xcom.py for tasks to queue
[2024-04-05T11:48:50.451+0000] {logging_mixin.py:188} INFO - [2024-04-05T11:48:50.450+0000] {dagbag.py:540} INFO - Filling up the DagBag from /opt/airflow/dags/simple_insert_ti_xcom.py
[2024-04-05T11:48:50.514+0000] {processor.py:840} INFO - DAG(s) 'movie_night_xcom' retrieved from /opt/airflow/dags/simple_insert_ti_xcom.py
[2024-04-05T11:48:50.575+0000] {logging_mixin.py:188} INFO - [2024-04-05T11:48:50.574+0000] {dag.py:3047} INFO - Sync 1 DAGs
[2024-04-05T11:48:50.686+0000] {logging_mixin.py:188} INFO - [2024-04-05T11:48:50.686+0000] {dag.py:3834} INFO - Setting next_dagrun for movie_night_xcom to None, run_after=None
[2024-04-05T11:48:50.729+0000] {processor.py:183} INFO - Processing /opt/airflow/dags/simple_insert_ti_xcom.py took 0.293 seconds
[2024-04-05T11:49:20.897+0000] {processor.py:161} INFO - Started process (PID=62) to work on /opt/airflow/dags/simple_insert_ti_xcom.py
[2024-04-05T11:49:20.900+0000] {processor.py:830} INFO - Processing file /opt/airflow/dags/simple_insert_ti_xcom.py for tasks to queue
[2024-04-05T11:49:20.905+0000] {logging_mixin.py:188} INFO - [2024-04-05T11:49:20.904+0000] {dagbag.py:540} INFO - Filling up the DagBag from /opt/airflow/dags/simple_insert_ti_xcom.py
[2024-04-05T11:49:21.014+0000] {processor.py:840} INFO - DAG(s) 'movie_night_xcom' retrieved from /opt/airflow/dags/simple_insert_ti_xcom.py
[2024-04-05T11:49:21.154+0000] {logging_mixin.py:188} INFO - [2024-04-05T11:49:21.153+0000] {dag.py:3047} INFO - Sync 1 DAGs
[2024-04-05T11:49:21.346+0000] {logging_mixin.py:188} INFO - [2024-04-05T11:49:21.345+0000] {dag.py:3834} INFO - Setting next_dagrun for movie_night_xcom to None, run_after=None
[2024-04-05T11:49:21.398+0000] {processor.py:183} INFO - Processing /opt/airflow/dags/simple_insert_ti_xcom.py took 0.515 seconds
[2024-04-05T11:49:53.589+0000] {processor.py:161} INFO - Started process (PID=72) to work on /opt/airflow/dags/simple_insert_ti_xcom.py
[2024-04-05T11:49:53.598+0000] {processor.py:830} INFO - Processing file /opt/airflow/dags/simple_insert_ti_xcom.py for tasks to queue
[2024-04-05T11:49:53.622+0000] {logging_mixin.py:188} INFO - [2024-04-05T11:49:53.612+0000] {dagbag.py:540} INFO - Filling up the DagBag from /opt/airflow/dags/simple_insert_ti_xcom.py
[2024-04-05T11:49:53.963+0000] {processor.py:840} INFO - DAG(s) 'movie_night_xcom' retrieved from /opt/airflow/dags/simple_insert_ti_xcom.py
[2024-04-05T11:49:54.269+0000] {logging_mixin.py:188} INFO - [2024-04-05T11:49:54.269+0000] {dag.py:3047} INFO - Sync 1 DAGs
[2024-04-05T11:49:54.433+0000] {logging_mixin.py:188} INFO - [2024-04-05T11:49:54.432+0000] {dag.py:3834} INFO - Setting next_dagrun for movie_night_xcom to None, run_after=None
[2024-04-05T11:49:54.722+0000] {processor.py:183} INFO - Processing /opt/airflow/dags/simple_insert_ti_xcom.py took 1.148 seconds
[2024-04-05T11:50:25.716+0000] {processor.py:161} INFO - Started process (PID=83) to work on /opt/airflow/dags/simple_insert_ti_xcom.py
[2024-04-05T11:50:25.729+0000] {processor.py:830} INFO - Processing file /opt/airflow/dags/simple_insert_ti_xcom.py for tasks to queue
[2024-04-05T11:50:25.734+0000] {logging_mixin.py:188} INFO - [2024-04-05T11:50:25.733+0000] {dagbag.py:540} INFO - Filling up the DagBag from /opt/airflow/dags/simple_insert_ti_xcom.py
[2024-04-05T11:50:25.885+0000] {processor.py:840} INFO - DAG(s) 'movie_night_xcom' retrieved from /opt/airflow/dags/simple_insert_ti_xcom.py
[2024-04-05T11:50:26.080+0000] {logging_mixin.py:188} INFO - [2024-04-05T11:50:26.080+0000] {dag.py:3047} INFO - Sync 1 DAGs
[2024-04-05T11:50:26.188+0000] {logging_mixin.py:188} INFO - [2024-04-05T11:50:26.177+0000] {dag.py:3834} INFO - Setting next_dagrun for movie_night_xcom to None, run_after=None
[2024-04-05T11:50:26.259+0000] {processor.py:183} INFO - Processing /opt/airflow/dags/simple_insert_ti_xcom.py took 0.575 seconds
[2024-04-05T11:50:57.237+0000] {processor.py:161} INFO - Started process (PID=93) to work on /opt/airflow/dags/simple_insert_ti_xcom.py
[2024-04-05T11:50:57.246+0000] {processor.py:830} INFO - Processing file /opt/airflow/dags/simple_insert_ti_xcom.py for tasks to queue
[2024-04-05T11:50:57.251+0000] {logging_mixin.py:188} INFO - [2024-04-05T11:50:57.250+0000] {dagbag.py:540} INFO - Filling up the DagBag from /opt/airflow/dags/simple_insert_ti_xcom.py
[2024-04-05T11:50:57.494+0000] {processor.py:840} INFO - DAG(s) 'movie_night_xcom' retrieved from /opt/airflow/dags/simple_insert_ti_xcom.py
[2024-04-05T11:50:57.607+0000] {logging_mixin.py:188} INFO - [2024-04-05T11:50:57.606+0000] {dag.py:3047} INFO - Sync 1 DAGs
[2024-04-05T11:50:57.719+0000] {logging_mixin.py:188} INFO - [2024-04-05T11:50:57.719+0000] {dag.py:3834} INFO - Setting next_dagrun for movie_night_xcom to None, run_after=None
[2024-04-05T11:50:57.796+0000] {processor.py:183} INFO - Processing /opt/airflow/dags/simple_insert_ti_xcom.py took 0.567 seconds
[2024-04-05T11:51:28.336+0000] {processor.py:161} INFO - Started process (PID=102) to work on /opt/airflow/dags/simple_insert_ti_xcom.py
[2024-04-05T11:51:28.362+0000] {processor.py:830} INFO - Processing file /opt/airflow/dags/simple_insert_ti_xcom.py for tasks to queue
[2024-04-05T11:51:28.371+0000] {logging_mixin.py:188} INFO - [2024-04-05T11:51:28.370+0000] {dagbag.py:540} INFO - Filling up the DagBag from /opt/airflow/dags/simple_insert_ti_xcom.py
[2024-04-05T11:51:28.527+0000] {processor.py:840} INFO - DAG(s) 'movie_night_xcom' retrieved from /opt/airflow/dags/simple_insert_ti_xcom.py
[2024-04-05T11:51:28.601+0000] {logging_mixin.py:188} INFO - [2024-04-05T11:51:28.601+0000] {dag.py:3047} INFO - Sync 1 DAGs
[2024-04-05T11:51:28.664+0000] {logging_mixin.py:188} INFO - [2024-04-05T11:51:28.664+0000] {dag.py:3834} INFO - Setting next_dagrun for movie_night_xcom to None, run_after=None
[2024-04-05T11:51:28.730+0000] {processor.py:183} INFO - Processing /opt/airflow/dags/simple_insert_ti_xcom.py took 0.427 seconds
[2024-04-05T11:51:58.935+0000] {processor.py:161} INFO - Started process (PID=113) to work on /opt/airflow/dags/simple_insert_ti_xcom.py
[2024-04-05T11:51:58.939+0000] {processor.py:830} INFO - Processing file /opt/airflow/dags/simple_insert_ti_xcom.py for tasks to queue
[2024-04-05T11:51:58.943+0000] {logging_mixin.py:188} INFO - [2024-04-05T11:51:58.942+0000] {dagbag.py:540} INFO - Filling up the DagBag from /opt/airflow/dags/simple_insert_ti_xcom.py
[2024-04-05T11:51:59.014+0000] {processor.py:840} INFO - DAG(s) 'movie_night_xcom' retrieved from /opt/airflow/dags/simple_insert_ti_xcom.py
[2024-04-05T11:51:59.080+0000] {logging_mixin.py:188} INFO - [2024-04-05T11:51:59.080+0000] {dag.py:3047} INFO - Sync 1 DAGs
[2024-04-05T11:51:59.136+0000] {logging_mixin.py:188} INFO - [2024-04-05T11:51:59.136+0000] {dag.py:3834} INFO - Setting next_dagrun for movie_night_xcom to None, run_after=None
[2024-04-05T11:51:59.204+0000] {processor.py:183} INFO - Processing /opt/airflow/dags/simple_insert_ti_xcom.py took 0.275 seconds
[2024-04-05T11:52:29.357+0000] {processor.py:161} INFO - Started process (PID=123) to work on /opt/airflow/dags/simple_insert_ti_xcom.py
[2024-04-05T11:52:29.359+0000] {processor.py:830} INFO - Processing file /opt/airflow/dags/simple_insert_ti_xcom.py for tasks to queue
[2024-04-05T11:52:29.362+0000] {logging_mixin.py:188} INFO - [2024-04-05T11:52:29.361+0000] {dagbag.py:540} INFO - Filling up the DagBag from /opt/airflow/dags/simple_insert_ti_xcom.py
[2024-04-05T11:52:29.419+0000] {processor.py:840} INFO - DAG(s) 'movie_night_xcom' retrieved from /opt/airflow/dags/simple_insert_ti_xcom.py
[2024-04-05T11:52:29.480+0000] {logging_mixin.py:188} INFO - [2024-04-05T11:52:29.480+0000] {dag.py:3047} INFO - Sync 1 DAGs
[2024-04-05T11:52:29.526+0000] {logging_mixin.py:188} INFO - [2024-04-05T11:52:29.526+0000] {dag.py:3834} INFO - Setting next_dagrun for movie_night_xcom to None, run_after=None
[2024-04-05T11:52:29.569+0000] {processor.py:183} INFO - Processing /opt/airflow/dags/simple_insert_ti_xcom.py took 0.217 seconds
[2024-04-05T11:52:59.956+0000] {processor.py:161} INFO - Started process (PID=134) to work on /opt/airflow/dags/simple_insert_ti_xcom.py
[2024-04-05T11:52:59.959+0000] {processor.py:830} INFO - Processing file /opt/airflow/dags/simple_insert_ti_xcom.py for tasks to queue
[2024-04-05T11:52:59.968+0000] {logging_mixin.py:188} INFO - [2024-04-05T11:52:59.967+0000] {dagbag.py:540} INFO - Filling up the DagBag from /opt/airflow/dags/simple_insert_ti_xcom.py
[2024-04-05T11:53:00.637+0000] {processor.py:840} INFO - DAG(s) 'movie_night_xcom' retrieved from /opt/airflow/dags/simple_insert_ti_xcom.py
[2024-04-05T11:53:01.285+0000] {logging_mixin.py:188} INFO - [2024-04-05T11:53:01.284+0000] {dag.py:3047} INFO - Sync 1 DAGs
[2024-04-05T11:53:01.655+0000] {logging_mixin.py:188} INFO - [2024-04-05T11:53:01.641+0000] {dag.py:3834} INFO - Setting next_dagrun for movie_night_xcom to None, run_after=None
[2024-04-05T11:53:01.804+0000] {processor.py:183} INFO - Processing /opt/airflow/dags/simple_insert_ti_xcom.py took 1.879 seconds
[2024-04-05T11:53:32.578+0000] {processor.py:161} INFO - Started process (PID=144) to work on /opt/airflow/dags/simple_insert_ti_xcom.py
[2024-04-05T11:53:32.607+0000] {processor.py:830} INFO - Processing file /opt/airflow/dags/simple_insert_ti_xcom.py for tasks to queue
[2024-04-05T11:53:32.638+0000] {logging_mixin.py:188} INFO - [2024-04-05T11:53:32.636+0000] {dagbag.py:540} INFO - Filling up the DagBag from /opt/airflow/dags/simple_insert_ti_xcom.py
[2024-04-05T11:53:33.285+0000] {processor.py:840} INFO - DAG(s) 'movie_night_xcom' retrieved from /opt/airflow/dags/simple_insert_ti_xcom.py
[2024-04-05T11:53:34.109+0000] {logging_mixin.py:188} INFO - [2024-04-05T11:53:34.108+0000] {dag.py:3047} INFO - Sync 1 DAGs
[2024-04-05T11:53:35.023+0000] {logging_mixin.py:188} INFO - [2024-04-05T11:53:35.022+0000] {dag.py:3834} INFO - Setting next_dagrun for movie_night_xcom to None, run_after=None
[2024-04-05T11:53:35.947+0000] {processor.py:183} INFO - Processing /opt/airflow/dags/simple_insert_ti_xcom.py took 3.446 seconds
[2024-04-05T11:54:06.657+0000] {processor.py:161} INFO - Started process (PID=153) to work on /opt/airflow/dags/simple_insert_ti_xcom.py
[2024-04-05T11:54:06.676+0000] {processor.py:830} INFO - Processing file /opt/airflow/dags/simple_insert_ti_xcom.py for tasks to queue
[2024-04-05T11:54:06.713+0000] {logging_mixin.py:188} INFO - [2024-04-05T11:54:06.682+0000] {dagbag.py:540} INFO - Filling up the DagBag from /opt/airflow/dags/simple_insert_ti_xcom.py
[2024-04-05T11:54:07.202+0000] {processor.py:840} INFO - DAG(s) 'movie_night_xcom' retrieved from /opt/airflow/dags/simple_insert_ti_xcom.py
[2024-04-05T11:54:25.643+0000] {logging_mixin.py:188} INFO - [2024-04-05T11:54:25.565+0000] {dag.py:3047} INFO - Sync 1 DAGs
[2024-04-05T11:54:25.987+0000] {logging_mixin.py:188} INFO - [2024-04-05T11:54:25.987+0000] {dag.py:3834} INFO - Setting next_dagrun for movie_night_xcom to None, run_after=None
[2024-04-05T11:54:26.139+0000] {processor.py:183} INFO - Processing /opt/airflow/dags/simple_insert_ti_xcom.py took 19.484 seconds
[2024-04-05T11:54:57.399+0000] {processor.py:161} INFO - Started process (PID=164) to work on /opt/airflow/dags/simple_insert_ti_xcom.py
[2024-04-05T11:54:57.404+0000] {processor.py:830} INFO - Processing file /opt/airflow/dags/simple_insert_ti_xcom.py for tasks to queue
[2024-04-05T11:54:57.421+0000] {logging_mixin.py:188} INFO - [2024-04-05T11:54:57.418+0000] {dagbag.py:540} INFO - Filling up the DagBag from /opt/airflow/dags/simple_insert_ti_xcom.py
[2024-04-05T11:54:57.791+0000] {processor.py:840} INFO - DAG(s) 'movie_night_xcom' retrieved from /opt/airflow/dags/simple_insert_ti_xcom.py
[2024-04-05T11:54:58.209+0000] {logging_mixin.py:188} INFO - [2024-04-05T11:54:58.209+0000] {dag.py:3047} INFO - Sync 1 DAGs
[2024-04-05T11:54:58.472+0000] {logging_mixin.py:188} INFO - [2024-04-05T11:54:58.470+0000] {dag.py:3834} INFO - Setting next_dagrun for movie_night_xcom to None, run_after=None
[2024-04-05T11:54:58.594+0000] {processor.py:183} INFO - Processing /opt/airflow/dags/simple_insert_ti_xcom.py took 1.225 seconds
[2024-04-05T11:55:28.914+0000] {processor.py:161} INFO - Started process (PID=173) to work on /opt/airflow/dags/simple_insert_ti_xcom.py
[2024-04-05T11:55:28.920+0000] {processor.py:830} INFO - Processing file /opt/airflow/dags/simple_insert_ti_xcom.py for tasks to queue
[2024-04-05T11:55:28.941+0000] {logging_mixin.py:188} INFO - [2024-04-05T11:55:28.925+0000] {dagbag.py:540} INFO - Filling up the DagBag from /opt/airflow/dags/simple_insert_ti_xcom.py
[2024-04-05T11:55:29.389+0000] {processor.py:840} INFO - DAG(s) 'movie_night_xcom' retrieved from /opt/airflow/dags/simple_insert_ti_xcom.py
[2024-04-05T11:55:30.259+0000] {logging_mixin.py:188} INFO - [2024-04-05T11:55:30.259+0000] {dag.py:3047} INFO - Sync 1 DAGs
[2024-04-05T11:55:30.348+0000] {logging_mixin.py:188} INFO - [2024-04-05T11:55:30.348+0000] {dag.py:3834} INFO - Setting next_dagrun for movie_night_xcom to None, run_after=None
[2024-04-05T11:55:30.445+0000] {processor.py:183} INFO - Processing /opt/airflow/dags/simple_insert_ti_xcom.py took 1.557 seconds
