[2024-05-02T07:22:03.752+0000] {taskinstance.py:1979} INFO - Dependencies all met for dep_context=non-requeueable deps ti=<TaskInstance: currency_parsing.create_table scheduled__2024-05-01T00:00:00+00:00 [queued]>
[2024-05-02T07:22:03.768+0000] {taskinstance.py:1979} INFO - Dependencies all met for dep_context=requeueable deps ti=<TaskInstance: currency_parsing.create_table scheduled__2024-05-01T00:00:00+00:00 [queued]>
[2024-05-02T07:22:03.769+0000] {taskinstance.py:2193} INFO - Starting attempt 2 of 3
[2024-05-02T07:22:03.797+0000] {taskinstance.py:2214} INFO - Executing <Task(PostgresOperator): create_table> on 2024-05-01 00:00:00+00:00
[2024-05-02T07:22:03.805+0000] {standard_task_runner.py:60} INFO - Started process 137 to run task
[2024-05-02T07:22:03.811+0000] {standard_task_runner.py:87} INFO - Running: ['***', 'tasks', 'run', 'currency_parsing', 'create_table', 'scheduled__2024-05-01T00:00:00+00:00', '--job-id', '2623', '--raw', '--subdir', 'DAGS_FOLDER/currency_dag/currency_parsing.py', '--cfg-path', '/tmp/tmpdjx8xoc9']
[2024-05-02T07:22:03.815+0000] {standard_task_runner.py:88} INFO - Job 2623: Subtask create_table
[2024-05-02T07:22:03.948+0000] {task_command.py:423} INFO - Running <TaskInstance: currency_parsing.create_table scheduled__2024-05-01T00:00:00+00:00 [running]> on host 71addd39200f
[2024-05-02T07:22:04.086+0000] {taskinstance.py:2510} INFO - Exporting env vars: AIRFLOW_CTX_DAG_OWNER='***' AIRFLOW_CTX_DAG_ID='currency_parsing' AIRFLOW_CTX_TASK_ID='create_table' AIRFLOW_CTX_EXECUTION_DATE='2024-05-01T00:00:00+00:00' AIRFLOW_CTX_TRY_NUMBER='2' AIRFLOW_CTX_DAG_RUN_ID='scheduled__2024-05-01T00:00:00+00:00'
[2024-05-02T07:22:04.088+0000] {sql.py:276} INFO - Executing: CREATE TABLE IF NOT EXISTS stage.currency_pound(
    title VARCHAR(255) NOT NULL,
    rate float,
    date date NOT NULL
);

CREATE TABLE IF NOT EXISTS stage.currency_usd(
    title VARCHAR(255) NOT NULL,
    rate float,
    date date NOT NULL
);

CREATE TABLE IF NOT EXISTS stage.currency_rub(
    id VARCHAR(255) NOT NULL,
    NumCode VARCHAR(255) NOT NULL,
    CharCode VARCHAR(255),
    Nominal int,
    Name VARCHAR(255),
    Value float,
    Previous float,
    date date NOT NULL
);

CREATE TABLE IF NOT EXISTS stage.currency_kzt(
    currency VARCHAR(255) NOT NULL,
    title VARCHAR(255) NOT NULL,
    rate float,
    quantity int,
    index VARCHAR(255),
    change float,
    date date NOT NULL
);

[2024-05-02T07:22:04.102+0000] {base.py:83} INFO - Using connection ID 'dwh' for task execution.
[2024-05-02T07:22:04.114+0000] {base.py:83} INFO - Using connection ID 'dwh' for task execution.
[2024-05-02T07:22:04.120+0000] {sql.py:457} INFO - Running statement: CREATE TABLE IF NOT EXISTS stage.currency_pound(
    title VARCHAR(255) NOT NULL,
    rate float,
    date date NOT NULL
);

CREATE TABLE IF NOT EXISTS stage.currency_usd(
    title VARCHAR(255) NOT NULL,
    rate float,
    date date NOT NULL
);

CREATE TABLE IF NOT EXISTS stage.currency_rub(
    id VARCHAR(255) NOT NULL,
    NumCode VARCHAR(255) NOT NULL,
    CharCode VARCHAR(255),
    Nominal int,
    Name VARCHAR(255),
    Value float,
    Previous float,
    date date NOT NULL
);

CREATE TABLE IF NOT EXISTS stage.currency_kzt(
    currency VARCHAR(255) NOT NULL,
    title VARCHAR(255) NOT NULL,
    rate float,
    quantity int,
    index VARCHAR(255),
    change float,
    date date NOT NULL
);
, parameters: None
[2024-05-02T07:22:04.147+0000] {warnings.py:109} WARNING - /home/***/.local/lib/python3.8/site-packages/***/providers/common/sql/hooks/sql.py:407: AirflowProviderDeprecationWarning: Call to deprecated method _make_common_data_structure. (The `_make_serializable` method is deprecated and support will be removed in a future version of the common.sql provider. Please update the DbApiHook's provider to a version based on common.sql >= 1.9.1.)
  result = self._make_common_data_structure(handler(cur))

[2024-05-02T07:22:04.164+0000] {taskinstance.py:1149} INFO - Marking task as SUCCESS. dag_id=currency_parsing, task_id=create_table, execution_date=20240501T000000, start_date=20240502T072203, end_date=20240502T072204
[2024-05-02T07:22:04.224+0000] {local_task_job_runner.py:234} INFO - Task exited with return code 0
[2024-05-02T07:22:04.272+0000] {warnings.py:109} WARNING - /home/***/.local/lib/python3.8/site-packages/***/models/baseoperator.py:1201: AirflowProviderDeprecationWarning: Call to deprecated class PostgresOperator. (Please use `***.providers.common.sql.operators.sql.SQLExecuteQueryOperator`.Also, you can provide `hook_params={'schema': <database>}`.)
  result = cls.__new__(cls)

[2024-05-02T07:22:04.311+0000] {taskinstance.py:3309} INFO - 4 downstream tasks scheduled from follow-on schedule check
