[2024-04-21T08:04:01.776+0000] {taskinstance.py:1979} INFO - Dependencies all met for dep_context=non-requeueable deps ti=<TaskInstance: currency_parsing_pound.create_table scheduled__2024-04-20T00:00:00+00:00 [queued]>
[2024-04-21T08:04:01.976+0000] {taskinstance.py:1979} INFO - Dependencies all met for dep_context=requeueable deps ti=<TaskInstance: currency_parsing_pound.create_table scheduled__2024-04-20T00:00:00+00:00 [queued]>
[2024-04-21T08:04:02.924+0000] {taskinstance.py:2193} INFO - Starting attempt 1 of 2
[2024-04-21T08:04:03.558+0000] {taskinstance.py:2214} INFO - Executing <Task(PostgresOperator): create_table> on 2024-04-20 00:00:00+00:00
[2024-04-21T08:04:03.615+0000] {standard_task_runner.py:60} INFO - Started process 135 to run task
[2024-04-21T08:04:03.762+0000] {standard_task_runner.py:87} INFO - Running: ['***', 'tasks', 'run', 'currency_parsing_pound', 'create_table', 'scheduled__2024-04-20T00:00:00+00:00', '--job-id', '886', '--raw', '--subdir', 'DAGS_FOLDER/stage/currency_pound.py', '--cfg-path', '/tmp/tmpucrbpj27']
[2024-04-21T08:04:03.840+0000] {standard_task_runner.py:88} INFO - Job 886: Subtask create_table
[2024-04-21T08:04:05.579+0000] {task_command.py:423} INFO - Running <TaskInstance: currency_parsing_pound.create_table scheduled__2024-04-20T00:00:00+00:00 [running]> on host 31aa6d9ea6ff
[2024-04-21T08:04:09.485+0000] {taskinstance.py:2510} INFO - Exporting env vars: AIRFLOW_CTX_DAG_OWNER='***' AIRFLOW_CTX_DAG_ID='currency_parsing_pound' AIRFLOW_CTX_TASK_ID='create_table' AIRFLOW_CTX_EXECUTION_DATE='2024-04-20T00:00:00+00:00' AIRFLOW_CTX_TRY_NUMBER='1' AIRFLOW_CTX_DAG_RUN_ID='scheduled__2024-04-20T00:00:00+00:00'
[2024-04-21T08:04:09.562+0000] {sql.py:276} INFO - Executing: CREATE TABLE IF NOT EXISTS stage.currency_parsing_pound(
    title VARCHAR(255) NOT NULL,
    rate float,
    date date NOT NULL
)
[2024-04-21T08:04:09.980+0000] {base.py:83} INFO - Using connection ID 'dwh' for task execution.
[2024-04-21T08:04:10.529+0000] {base.py:83} INFO - Using connection ID 'dwh' for task execution.
[2024-04-21T08:04:10.844+0000] {sql.py:457} INFO - Running statement: CREATE TABLE IF NOT EXISTS stage.currency_parsing_pound(
    title VARCHAR(255) NOT NULL,
    rate float,
    date date NOT NULL
), parameters: None
[2024-04-21T08:04:10.926+0000] {warnings.py:109} WARNING - /home/***/.local/lib/python3.8/site-packages/***/providers/common/sql/hooks/sql.py:407: AirflowProviderDeprecationWarning: Call to deprecated method _make_common_data_structure. (The `_make_serializable` method is deprecated and support will be removed in a future version of the common.sql provider. Please update the DbApiHook's provider to a version based on common.sql >= 1.9.1.)
  result = self._make_common_data_structure(handler(cur))

[2024-04-21T08:04:11.170+0000] {taskinstance.py:1149} INFO - Marking task as SUCCESS. dag_id=currency_parsing_pound, task_id=create_table, execution_date=20240420T000000, start_date=20240421T080401, end_date=20240421T080411
[2024-04-21T08:04:11.778+0000] {local_task_job_runner.py:234} INFO - Task exited with return code 0
[2024-04-21T08:04:13.262+0000] {warnings.py:109} WARNING - /home/***/.local/lib/python3.8/site-packages/***/models/baseoperator.py:1201: AirflowProviderDeprecationWarning: Call to deprecated class PostgresOperator. (Please use `***.providers.common.sql.operators.sql.SQLExecuteQueryOperator`.Also, you can provide `hook_params={'schema': <database>}`.)
  result = cls.__new__(cls)

[2024-04-21T08:04:13.612+0000] {taskinstance.py:3309} INFO - 0 downstream tasks scheduled from follow-on schedule check
