[2024-04-20T13:44:00.361+0000] {taskinstance.py:1979} INFO - Dependencies all met for dep_context=non-requeueable deps ti=<TaskInstance: currency_parsing_usd.create_table scheduled__2024-04-19T00:00:00+00:00 [queued]>
[2024-04-20T13:44:00.379+0000] {taskinstance.py:1979} INFO - Dependencies all met for dep_context=requeueable deps ti=<TaskInstance: currency_parsing_usd.create_table scheduled__2024-04-19T00:00:00+00:00 [queued]>
[2024-04-20T13:44:00.380+0000] {taskinstance.py:2193} INFO - Starting attempt 1 of 2
[2024-04-20T13:44:00.526+0000] {taskinstance.py:2214} INFO - Executing <Task(PostgresOperator): create_table> on 2024-04-19 00:00:00+00:00
[2024-04-20T13:44:00.548+0000] {standard_task_runner.py:60} INFO - Started process 804 to run task
[2024-04-20T13:44:00.567+0000] {standard_task_runner.py:87} INFO - Running: ['***', 'tasks', 'run', 'currency_parsing_usd', 'create_table', 'scheduled__2024-04-19T00:00:00+00:00', '--job-id', '853', '--raw', '--subdir', 'DAGS_FOLDER/stage/currency_usd.py', '--cfg-path', '/tmp/tmpe7nl2r7t']
[2024-04-20T13:44:00.571+0000] {standard_task_runner.py:88} INFO - Job 853: Subtask create_table
[2024-04-20T13:44:00.693+0000] {task_command.py:423} INFO - Running <TaskInstance: currency_parsing_usd.create_table scheduled__2024-04-19T00:00:00+00:00 [running]> on host 31aa6d9ea6ff
[2024-04-20T13:44:00.858+0000] {taskinstance.py:2510} INFO - Exporting env vars: AIRFLOW_CTX_DAG_OWNER='***' AIRFLOW_CTX_DAG_ID='currency_parsing_usd' AIRFLOW_CTX_TASK_ID='create_table' AIRFLOW_CTX_EXECUTION_DATE='2024-04-19T00:00:00+00:00' AIRFLOW_CTX_TRY_NUMBER='1' AIRFLOW_CTX_DAG_RUN_ID='scheduled__2024-04-19T00:00:00+00:00'
[2024-04-20T13:44:00.860+0000] {sql.py:276} INFO - Executing: CREATE TABLE IF NOT EXISTS stage.currency_parsing_usd(
    title VARCHAR(255) NOT NULL,
    rate float,
    date date NOT NULL
)
[2024-04-20T13:44:00.880+0000] {base.py:83} INFO - Using connection ID 'dwh' for task execution.
[2024-04-20T13:44:00.902+0000] {base.py:83} INFO - Using connection ID 'dwh' for task execution.
[2024-04-20T13:44:00.912+0000] {sql.py:457} INFO - Running statement: CREATE TABLE IF NOT EXISTS stage.currency_parsing_usd(
    title VARCHAR(255) NOT NULL,
    rate float,
    date date NOT NULL
), parameters: None
[2024-04-20T13:44:00.915+0000] {warnings.py:109} WARNING - /home/***/.local/lib/python3.8/site-packages/***/providers/common/sql/hooks/sql.py:407: AirflowProviderDeprecationWarning: Call to deprecated method _make_common_data_structure. (The `_make_serializable` method is deprecated and support will be removed in a future version of the common.sql provider. Please update the DbApiHook's provider to a version based on common.sql >= 1.9.1.)
  result = self._make_common_data_structure(handler(cur))

[2024-04-20T13:44:00.937+0000] {taskinstance.py:1149} INFO - Marking task as SUCCESS. dag_id=currency_parsing_usd, task_id=create_table, execution_date=20240419T000000, start_date=20240420T134400, end_date=20240420T134400
[2024-04-20T13:44:00.977+0000] {local_task_job_runner.py:234} INFO - Task exited with return code 0
[2024-04-20T13:44:01.003+0000] {warnings.py:109} WARNING - /home/***/.local/lib/python3.8/site-packages/***/models/baseoperator.py:1201: AirflowProviderDeprecationWarning: Call to deprecated class PostgresOperator. (Please use `***.providers.common.sql.operators.sql.SQLExecuteQueryOperator`.Also, you can provide `hook_params={'schema': <database>}`.)
  result = cls.__new__(cls)

[2024-04-20T13:44:01.042+0000] {taskinstance.py:3309} INFO - 1 downstream tasks scheduled from follow-on schedule check
