[2024-05-05T10:11:00.272+0000] {taskinstance.py:1979} INFO - Dependencies all met for dep_context=non-requeueable deps ti=<TaskInstance: currency_parsing.get_data_pound scheduled__2024-05-04T00:00:00+00:00 [queued]>
[2024-05-05T10:11:00.300+0000] {taskinstance.py:1979} INFO - Dependencies all met for dep_context=requeueable deps ti=<TaskInstance: currency_parsing.get_data_pound scheduled__2024-05-04T00:00:00+00:00 [queued]>
[2024-05-05T10:11:00.302+0000] {taskinstance.py:2193} INFO - Starting attempt 1 of 2
[2024-05-05T10:11:00.344+0000] {taskinstance.py:2214} INFO - Executing <Task(PythonOperator): get_data_pound> on 2024-05-04 00:00:00+00:00
[2024-05-05T10:11:00.370+0000] {standard_task_runner.py:60} INFO - Started process 88 to run task
[2024-05-05T10:11:00.373+0000] {standard_task_runner.py:87} INFO - Running: ['***', 'tasks', 'run', 'currency_parsing', 'get_data_pound', 'scheduled__2024-05-04T00:00:00+00:00', '--job-id', '2658', '--raw', '--subdir', 'DAGS_FOLDER/currency_dag/currency_parsing.py', '--cfg-path', '/tmp/tmp1bcswy4l']
[2024-05-05T10:11:00.382+0000] {standard_task_runner.py:88} INFO - Job 2658: Subtask get_data_pound
[2024-05-05T10:11:01.260+0000] {task_command.py:423} INFO - Running <TaskInstance: currency_parsing.get_data_pound scheduled__2024-05-04T00:00:00+00:00 [running]> on host 71addd39200f
[2024-05-05T10:11:01.513+0000] {warnings.py:109} WARNING - /home/***/.local/lib/python3.8/site-packages/***/utils/context.py:207: AirflowContextDeprecationWarning: Accessing 'execution_date' from the template is deprecated and will be removed in a future version. Please use 'data_interval_start' or 'logical_date' instead.
  warnings.warn(_create_deprecation_warning(key, self._deprecation_replacements[key]))

[2024-05-05T10:11:01.679+0000] {taskinstance.py:2510} INFO - Exporting env vars: AIRFLOW_CTX_DAG_OWNER='***' AIRFLOW_CTX_DAG_ID='currency_parsing' AIRFLOW_CTX_TASK_ID='get_data_pound' AIRFLOW_CTX_EXECUTION_DATE='2024-05-04T00:00:00+00:00' AIRFLOW_CTX_TRY_NUMBER='1' AIRFLOW_CTX_DAG_RUN_ID='scheduled__2024-05-04T00:00:00+00:00'
[2024-05-05T10:11:18.055+0000] {python.py:202} INFO - Done. Returned value was: ([['AUD', 1.8978257491, '2024-5-3'], ['BGN', 2.2788337265, '2024-5-3'], ['BRL', 6.3634182585, '2024-5-3'], ['CAD', 1.7170510536, '2024-5-3'], ['CHF', 1.1347434093, '2024-5-3'], ['CNY', 9.0822009568, '2024-5-3'], ['CZK', 29.1798195125, '2024-5-3'], ['DKK', 8.6941045548, '2024-5-3'], ['EUR', 1.1651422743, '2024-5-3'], ['GBP', 1, '2024-5-3'], ['HKD', 9.7979214336, '2024-5-3'], ['HRK', 8.4655169388, '2024-5-3'], ['HUF', 453.6507547506, '2024-5-3'], ['IDR', 20156.2790719942, '2024-5-3'], ['ILS', 4.6538070104, '2024-5-3'], ['INR', 104.5584040556, '2024-5-3'], ['ISK', 175.0786720218, '2024-5-3'], ['JPY', 191.9087500068, '2024-5-3'], ['KRW', 1697.8866676663, '2024-5-3'], ['MXN', 21.2957824398, '2024-5-3'], ['MYR', 5.9460393321, '2024-5-3'], ['NOK', 13.6522509317, '2024-5-3'], ['NZD', 2.0870688634, '2024-5-3'], ['PHP', 71.6892825097, '2024-5-3'], ['PLN', 5.0369724804, '2024-5-3'], ['RON', 5.803430054, '2024-5-3'], ['RUB', 114.7524450656, '2024-5-3'], ['SEK', 13.5712547335, '2024-5-3'], ['SGD', 1.6915827857, '2024-5-3'], ['THB', 46.0721757677, '2024-5-3'], ['TRY', 40.5678522603, '2024-5-3'], ['USD', 1.254594706, '2024-5-3'], ['ZAR', 23.1791930667, '2024-5-3']], ['title', 'rate', 'date'])
[2024-05-05T10:11:18.108+0000] {taskinstance.py:1149} INFO - Marking task as SUCCESS. dag_id=currency_parsing, task_id=get_data_pound, execution_date=20240504T000000, start_date=20240505T101100, end_date=20240505T101118
[2024-05-05T10:11:18.177+0000] {local_task_job_runner.py:234} INFO - Task exited with return code 0
[2024-05-05T10:11:18.229+0000] {taskinstance.py:3309} INFO - 1 downstream tasks scheduled from follow-on schedule check
[2024-05-05T10:55:22.018+0000] {taskinstance.py:1979} INFO - Dependencies all met for dep_context=non-requeueable deps ti=<TaskInstance: currency_parsing.get_data_pound scheduled__2024-05-04T00:00:00+00:00 [queued]>
[2024-05-05T10:55:22.462+0000] {taskinstance.py:1979} INFO - Dependencies all met for dep_context=requeueable deps ti=<TaskInstance: currency_parsing.get_data_pound scheduled__2024-05-04T00:00:00+00:00 [queued]>
[2024-05-05T10:55:22.474+0000] {taskinstance.py:2193} INFO - Starting attempt 1 of 2
[2024-05-05T10:55:23.076+0000] {taskinstance.py:2214} INFO - Executing <Task(PythonOperator): get_data_pound> on 2024-05-04 00:00:00+00:00
[2024-05-05T10:55:23.256+0000] {standard_task_runner.py:60} INFO - Started process 769 to run task
[2024-05-05T10:55:23.281+0000] {standard_task_runner.py:87} INFO - Running: ['***', 'tasks', 'run', 'currency_parsing', 'get_data_pound', 'scheduled__2024-05-04T00:00:00+00:00', '--job-id', '2702', '--raw', '--subdir', 'DAGS_FOLDER/currency_dag/currency_parsing.py', '--cfg-path', '/tmp/tmpxgfbeoz_']
[2024-05-05T10:55:23.294+0000] {standard_task_runner.py:88} INFO - Job 2702: Subtask get_data_pound
[2024-05-05T10:55:23.796+0000] {task_command.py:423} INFO - Running <TaskInstance: currency_parsing.get_data_pound scheduled__2024-05-04T00:00:00+00:00 [running]> on host 71addd39200f
[2024-05-05T10:55:24.715+0000] {warnings.py:109} WARNING - /home/***/.local/lib/python3.8/site-packages/***/utils/context.py:207: AirflowContextDeprecationWarning: Accessing 'execution_date' from the template is deprecated and will be removed in a future version. Please use 'data_interval_start' or 'logical_date' instead.
  warnings.warn(_create_deprecation_warning(key, self._deprecation_replacements[key]))

[2024-05-05T10:55:25.573+0000] {taskinstance.py:2510} INFO - Exporting env vars: AIRFLOW_CTX_DAG_OWNER='***' AIRFLOW_CTX_DAG_ID='currency_parsing' AIRFLOW_CTX_TASK_ID='get_data_pound' AIRFLOW_CTX_EXECUTION_DATE='2024-05-04T00:00:00+00:00' AIRFLOW_CTX_TRY_NUMBER='1' AIRFLOW_CTX_DAG_RUN_ID='scheduled__2024-05-04T00:00:00+00:00'
[2024-05-05T10:55:42.129+0000] {python.py:202} INFO - Done. Returned value was: ([['AUD', 1.8978257491, '2024-5-3'], ['BGN', 2.2788337265, '2024-5-3'], ['BRL', 6.3634182585, '2024-5-3'], ['CAD', 1.7170510536, '2024-5-3'], ['CHF', 1.1347434093, '2024-5-3'], ['CNY', 9.0822009568, '2024-5-3'], ['CZK', 29.1798195125, '2024-5-3'], ['DKK', 8.6941045548, '2024-5-3'], ['EUR', 1.1651422743, '2024-5-3'], ['GBP', 1, '2024-5-3'], ['HKD', 9.7979214336, '2024-5-3'], ['HRK', 8.4655169388, '2024-5-3'], ['HUF', 453.6507547506, '2024-5-3'], ['IDR', 20156.2790719942, '2024-5-3'], ['ILS', 4.6538070104, '2024-5-3'], ['INR', 104.5584040556, '2024-5-3'], ['ISK', 175.0786720218, '2024-5-3'], ['JPY', 191.9087500068, '2024-5-3'], ['KRW', 1697.8866676663, '2024-5-3'], ['MXN', 21.2957824398, '2024-5-3'], ['MYR', 5.9460393321, '2024-5-3'], ['NOK', 13.6522509317, '2024-5-3'], ['NZD', 2.0870688634, '2024-5-3'], ['PHP', 71.6892825097, '2024-5-3'], ['PLN', 5.0369724804, '2024-5-3'], ['RON', 5.803430054, '2024-5-3'], ['RUB', 114.7524450656, '2024-5-3'], ['SEK', 13.5712547335, '2024-5-3'], ['SGD', 1.6915827857, '2024-5-3'], ['THB', 46.0721757677, '2024-5-3'], ['TRY', 40.5678522603, '2024-5-3'], ['USD', 1.254594706, '2024-5-3'], ['ZAR', 23.1791930667, '2024-5-3']], ['title', 'rate', 'date'])
[2024-05-05T10:55:42.556+0000] {taskinstance.py:1149} INFO - Marking task as SUCCESS. dag_id=currency_parsing, task_id=get_data_pound, execution_date=20240504T000000, start_date=20240505T105522, end_date=20240505T105542
[2024-05-05T10:55:42.698+0000] {local_task_job_runner.py:234} INFO - Task exited with return code 0
[2024-05-05T10:55:42.995+0000] {taskinstance.py:3309} INFO - 1 downstream tasks scheduled from follow-on schedule check
