[2024-04-14T08:54:10.976+0000] {taskinstance.py:1979} INFO - Dependencies all met for dep_context=non-requeueable deps ti=<TaskInstance: currency_parsing.fetch_data scheduled__2024-03-07T00:00:00+00:00 [queued]>
[2024-04-14T08:54:10.999+0000] {taskinstance.py:1979} INFO - Dependencies all met for dep_context=requeueable deps ti=<TaskInstance: currency_parsing.fetch_data scheduled__2024-03-07T00:00:00+00:00 [queued]>
[2024-04-14T08:54:11.000+0000] {taskinstance.py:2193} INFO - Starting attempt 1 of 2
[2024-04-14T08:54:11.054+0000] {taskinstance.py:2214} INFO - Executing <Task(PythonOperator): fetch_data> on 2024-03-07 00:00:00+00:00
[2024-04-14T08:54:11.075+0000] {standard_task_runner.py:60} INFO - Started process 1226 to run task
[2024-04-14T08:54:11.132+0000] {standard_task_runner.py:87} INFO - Running: ['***', 'tasks', 'run', 'currency_parsing', 'fetch_data', 'scheduled__2024-03-07T00:00:00+00:00', '--job-id', '371', '--raw', '--subdir', 'DAGS_FOLDER/currency_parsing.py', '--cfg-path', '/tmp/tmpgc_wgx5_']
[2024-04-14T08:54:11.146+0000] {standard_task_runner.py:88} INFO - Job 371: Subtask fetch_data
[2024-04-14T08:54:11.387+0000] {task_command.py:423} INFO - Running <TaskInstance: currency_parsing.fetch_data scheduled__2024-03-07T00:00:00+00:00 [running]> on host e8a1e0443283
[2024-04-14T08:54:11.864+0000] {taskinstance.py:2510} INFO - Exporting env vars: AIRFLOW_CTX_DAG_OWNER='***' AIRFLOW_CTX_DAG_ID='currency_parsing' AIRFLOW_CTX_TASK_ID='fetch_data' AIRFLOW_CTX_EXECUTION_DATE='2024-03-07T00:00:00+00:00' AIRFLOW_CTX_TRY_NUMBER='1' AIRFLOW_CTX_DAG_RUN_ID='scheduled__2024-03-07T00:00:00+00:00'
[2024-04-14T08:54:12.018+0000] {base.py:83} INFO - Using connection ID 'dwh' for task execution.
[2024-04-14T08:54:12.120+0000] {sql.py:572} INFO - Done loading. Loaded a total of 39 rows into currency_parsing
[2024-04-14T08:54:12.123+0000] {python.py:202} INFO - Done. Returned value was: None
[2024-04-14T08:54:12.177+0000] {taskinstance.py:1149} INFO - Marking task as SUCCESS. dag_id=currency_parsing, task_id=fetch_data, execution_date=20240307T000000, start_date=20240414T085410, end_date=20240414T085412
[2024-04-14T08:54:12.343+0000] {local_task_job_runner.py:234} INFO - Task exited with return code 0
[2024-04-14T08:54:12.637+0000] {taskinstance.py:3309} INFO - 0 downstream tasks scheduled from follow-on schedule check
[2024-04-14T10:11:45.048+0000] {taskinstance.py:1979} INFO - Dependencies all met for dep_context=non-requeueable deps ti=<TaskInstance: currency_parsing.fetch_data scheduled__2024-03-07T00:00:00+00:00 [queued]>
[2024-04-14T10:11:45.258+0000] {taskinstance.py:1979} INFO - Dependencies all met for dep_context=requeueable deps ti=<TaskInstance: currency_parsing.fetch_data scheduled__2024-03-07T00:00:00+00:00 [queued]>
[2024-04-14T10:11:45.260+0000] {taskinstance.py:2193} INFO - Starting attempt 1 of 2
[2024-04-14T10:11:45.366+0000] {taskinstance.py:2214} INFO - Executing <Task(PythonOperator): fetch_data> on 2024-03-07 00:00:00+00:00
[2024-04-14T10:11:45.420+0000] {standard_task_runner.py:60} INFO - Started process 589 to run task
[2024-04-14T10:11:45.507+0000] {standard_task_runner.py:87} INFO - Running: ['***', 'tasks', 'run', 'currency_parsing', 'fetch_data', 'scheduled__2024-03-07T00:00:00+00:00', '--job-id', '695', '--raw', '--subdir', 'DAGS_FOLDER/currency_parsing.py', '--cfg-path', '/tmp/tmp5_fyy5l3']
[2024-04-14T10:11:45.554+0000] {standard_task_runner.py:88} INFO - Job 695: Subtask fetch_data
[2024-04-14T10:11:45.911+0000] {task_command.py:423} INFO - Running <TaskInstance: currency_parsing.fetch_data scheduled__2024-03-07T00:00:00+00:00 [running]> on host 1c15aab9396c
[2024-04-14T10:11:46.797+0000] {taskinstance.py:2510} INFO - Exporting env vars: AIRFLOW_CTX_DAG_OWNER='***' AIRFLOW_CTX_DAG_ID='currency_parsing' AIRFLOW_CTX_TASK_ID='fetch_data' AIRFLOW_CTX_EXECUTION_DATE='2024-03-07T00:00:00+00:00' AIRFLOW_CTX_TRY_NUMBER='1' AIRFLOW_CTX_DAG_RUN_ID='scheduled__2024-03-07T00:00:00+00:00'
[2024-04-14T10:11:46.953+0000] {base.py:83} INFO - Using connection ID 'dwh' for task execution.
[2024-04-14T10:11:47.015+0000] {sql.py:572} INFO - Done loading. Loaded a total of 39 rows into currency_parsing
[2024-04-14T10:11:47.016+0000] {python.py:202} INFO - Done. Returned value was: None
[2024-04-14T10:11:47.062+0000] {taskinstance.py:1149} INFO - Marking task as SUCCESS. dag_id=currency_parsing, task_id=fetch_data, execution_date=20240307T000000, start_date=20240414T101145, end_date=20240414T101147
[2024-04-14T10:11:47.260+0000] {local_task_job_runner.py:234} INFO - Task exited with return code 0
[2024-04-14T10:11:47.530+0000] {taskinstance.py:3309} INFO - 0 downstream tasks scheduled from follow-on schedule check
