[2024-04-21T11:05:23.961+0000] {taskinstance.py:1979} INFO - Dependencies all met for dep_context=non-requeueable deps ti=<TaskInstance: currency_parsing.fetch_data_rub scheduled__2024-04-11T00:00:00+00:00 [queued]>
[2024-04-21T11:05:24.062+0000] {taskinstance.py:1979} INFO - Dependencies all met for dep_context=requeueable deps ti=<TaskInstance: currency_parsing.fetch_data_rub scheduled__2024-04-11T00:00:00+00:00 [queued]>
[2024-04-21T11:05:24.074+0000] {taskinstance.py:2193} INFO - Starting attempt 1 of 2
[2024-04-21T11:05:24.295+0000] {taskinstance.py:2214} INFO - Executing <Task(PythonOperator): fetch_data_rub> on 2024-04-11 00:00:00+00:00
[2024-04-21T11:05:24.314+0000] {standard_task_runner.py:60} INFO - Started process 2637 to run task
[2024-04-21T11:05:24.375+0000] {standard_task_runner.py:87} INFO - Running: ['***', 'tasks', 'run', 'currency_parsing', 'fetch_data_rub', 'scheduled__2024-04-11T00:00:00+00:00', '--job-id', '2035', '--raw', '--subdir', 'DAGS_FOLDER/stage/currency_parsing.py', '--cfg-path', '/tmp/tmpl2rlgqg7']
[2024-04-21T11:05:24.466+0000] {standard_task_runner.py:88} INFO - Job 2035: Subtask fetch_data_rub
[2024-04-21T11:05:24.796+0000] {task_command.py:423} INFO - Running <TaskInstance: currency_parsing.fetch_data_rub scheduled__2024-04-11T00:00:00+00:00 [running]> on host e671688b1343
[2024-04-21T11:05:25.562+0000] {taskinstance.py:2510} INFO - Exporting env vars: AIRFLOW_CTX_DAG_OWNER='***' AIRFLOW_CTX_DAG_ID='currency_parsing' AIRFLOW_CTX_TASK_ID='fetch_data_rub' AIRFLOW_CTX_EXECUTION_DATE='2024-04-11T00:00:00+00:00' AIRFLOW_CTX_TRY_NUMBER='1' AIRFLOW_CTX_DAG_RUN_ID='scheduled__2024-04-11T00:00:00+00:00'
[2024-04-21T11:05:25.722+0000] {base.py:83} INFO - Using connection ID 'dwh' for task execution.
[2024-04-21T11:05:25.809+0000] {sql.py:572} INFO - Done loading. Loaded a total of 43 rows into stage.currency_parsing_rub
[2024-04-21T11:05:25.811+0000] {python.py:202} INFO - Done. Returned value was: None
[2024-04-21T11:05:25.853+0000] {taskinstance.py:1149} INFO - Marking task as SUCCESS. dag_id=currency_parsing, task_id=fetch_data_rub, execution_date=20240411T000000, start_date=20240421T110523, end_date=20240421T110525
[2024-04-21T11:05:26.185+0000] {local_task_job_runner.py:234} INFO - Task exited with return code 0
[2024-04-21T11:05:26.267+0000] {taskinstance.py:3309} INFO - 0 downstream tasks scheduled from follow-on schedule check
[2024-04-27T12:22:45.876+0000] {taskinstance.py:1979} INFO - Dependencies all met for dep_context=non-requeueable deps ti=<TaskInstance: currency_parsing.fetch_data_rub scheduled__2024-04-11T00:00:00+00:00 [queued]>
[2024-04-27T12:22:46.503+0000] {taskinstance.py:1979} INFO - Dependencies all met for dep_context=requeueable deps ti=<TaskInstance: currency_parsing.fetch_data_rub scheduled__2024-04-11T00:00:00+00:00 [queued]>
[2024-04-27T12:22:46.525+0000] {taskinstance.py:2193} INFO - Starting attempt 1 of 2
[2024-04-27T12:22:47.275+0000] {taskinstance.py:2214} INFO - Executing <Task(PythonOperator): fetch_data_rub> on 2024-04-11 00:00:00+00:00
[2024-04-27T12:22:47.487+0000] {standard_task_runner.py:60} INFO - Started process 2090 to run task
[2024-04-27T12:22:47.846+0000] {standard_task_runner.py:87} INFO - Running: ['***', 'tasks', 'run', 'currency_parsing', 'fetch_data_rub', 'scheduled__2024-04-11T00:00:00+00:00', '--job-id', '2380', '--raw', '--subdir', 'DAGS_FOLDER/stage/currency_parsing.py', '--cfg-path', '/tmp/tmp3j63311v']
[2024-04-27T12:22:48.169+0000] {standard_task_runner.py:88} INFO - Job 2380: Subtask fetch_data_rub
[2024-04-27T12:22:48.934+0000] {task_command.py:423} INFO - Running <TaskInstance: currency_parsing.fetch_data_rub scheduled__2024-04-11T00:00:00+00:00 [running]> on host 65a8688265d1
[2024-04-27T12:22:50.923+0000] {taskinstance.py:2510} INFO - Exporting env vars: AIRFLOW_CTX_DAG_OWNER='***' AIRFLOW_CTX_DAG_ID='currency_parsing' AIRFLOW_CTX_TASK_ID='fetch_data_rub' AIRFLOW_CTX_EXECUTION_DATE='2024-04-11T00:00:00+00:00' AIRFLOW_CTX_TRY_NUMBER='1' AIRFLOW_CTX_DAG_RUN_ID='scheduled__2024-04-11T00:00:00+00:00'
[2024-04-27T12:22:51.344+0000] {base.py:83} INFO - Using connection ID 'dwh' for task execution.
[2024-04-27T12:22:51.647+0000] {sql.py:572} INFO - Done loading. Loaded a total of 43 rows into stage.currency_parsing_rub
[2024-04-27T12:22:51.649+0000] {python.py:202} INFO - Done. Returned value was: None
[2024-04-27T12:22:51.824+0000] {taskinstance.py:1149} INFO - Marking task as SUCCESS. dag_id=currency_parsing, task_id=fetch_data_rub, execution_date=20240411T000000, start_date=20240427T122246, end_date=20240427T122251
[2024-04-27T12:22:52.223+0000] {local_task_job_runner.py:234} INFO - Task exited with return code 0
[2024-04-27T12:22:52.369+0000] {warnings.py:109} WARNING - /home/***/.local/lib/python3.8/site-packages/***/models/baseoperator.py:1201: AirflowProviderDeprecationWarning: Call to deprecated class PostgresOperator. (Please use `***.providers.common.sql.operators.sql.SQLExecuteQueryOperator`.Also, you can provide `hook_params={'schema': <database>}`.)
  result = cls.__new__(cls)

[2024-04-27T12:22:52.656+0000] {taskinstance.py:3309} INFO - 1 downstream tasks scheduled from follow-on schedule check
