[2024-04-27T10:16:29.589+0000] {taskinstance.py:1979} INFO - Dependencies all met for dep_context=non-requeueable deps ti=<TaskInstance: currency_parsing.fetch_data_rub scheduled__2024-04-26T00:00:00+00:00 [queued]>
[2024-04-27T10:16:29.615+0000] {taskinstance.py:1979} INFO - Dependencies all met for dep_context=requeueable deps ti=<TaskInstance: currency_parsing.fetch_data_rub scheduled__2024-04-26T00:00:00+00:00 [queued]>
[2024-04-27T10:16:29.617+0000] {taskinstance.py:2193} INFO - Starting attempt 1 of 2
[2024-04-27T10:16:31.156+0000] {taskinstance.py:2214} INFO - Executing <Task(PythonOperator): fetch_data_rub> on 2024-04-26 00:00:00+00:00
[2024-04-27T10:16:31.175+0000] {standard_task_runner.py:60} INFO - Started process 131 to run task
[2024-04-27T10:16:31.181+0000] {standard_task_runner.py:87} INFO - Running: ['***', 'tasks', 'run', 'currency_parsing', 'fetch_data_rub', 'scheduled__2024-04-26T00:00:00+00:00', '--job-id', '2254', '--raw', '--subdir', 'DAGS_FOLDER/stage/currency_parsing.py', '--cfg-path', '/tmp/tmpbimc4xpb']
[2024-04-27T10:16:31.209+0000] {standard_task_runner.py:88} INFO - Job 2254: Subtask fetch_data_rub
[2024-04-27T10:16:31.934+0000] {task_command.py:423} INFO - Running <TaskInstance: currency_parsing.fetch_data_rub scheduled__2024-04-26T00:00:00+00:00 [running]> on host 65a8688265d1
[2024-04-27T10:16:33.192+0000] {taskinstance.py:2510} INFO - Exporting env vars: AIRFLOW_CTX_DAG_OWNER='***' AIRFLOW_CTX_DAG_ID='currency_parsing' AIRFLOW_CTX_TASK_ID='fetch_data_rub' AIRFLOW_CTX_EXECUTION_DATE='2024-04-26T00:00:00+00:00' AIRFLOW_CTX_TRY_NUMBER='1' AIRFLOW_CTX_DAG_RUN_ID='scheduled__2024-04-26T00:00:00+00:00'
[2024-04-27T10:16:33.345+0000] {base.py:83} INFO - Using connection ID 'dwh' for task execution.
[2024-04-27T10:16:33.575+0000] {sql.py:572} INFO - Done loading. Loaded a total of 43 rows into stage.currency_parsing_rub
[2024-04-27T10:16:33.610+0000] {python.py:202} INFO - Done. Returned value was: None
[2024-04-27T10:16:33.694+0000] {taskinstance.py:1149} INFO - Marking task as SUCCESS. dag_id=currency_parsing, task_id=fetch_data_rub, execution_date=20240426T000000, start_date=20240427T101629, end_date=20240427T101633
[2024-04-27T10:16:34.353+0000] {local_task_job_runner.py:234} INFO - Task exited with return code 0
[2024-04-27T10:16:34.434+0000] {taskinstance.py:3309} INFO - 0 downstream tasks scheduled from follow-on schedule check
[2024-04-27T12:31:44.419+0000] {taskinstance.py:1979} INFO - Dependencies all met for dep_context=non-requeueable deps ti=<TaskInstance: currency_parsing.fetch_data_rub scheduled__2024-04-26T00:00:00+00:00 [queued]>
[2024-04-27T12:31:44.531+0000] {taskinstance.py:1979} INFO - Dependencies all met for dep_context=requeueable deps ti=<TaskInstance: currency_parsing.fetch_data_rub scheduled__2024-04-26T00:00:00+00:00 [queued]>
[2024-04-27T12:31:44.543+0000] {taskinstance.py:2193} INFO - Starting attempt 1 of 2
[2024-04-27T12:31:44.856+0000] {taskinstance.py:2214} INFO - Executing <Task(PythonOperator): fetch_data_rub> on 2024-04-26 00:00:00+00:00
[2024-04-27T12:31:44.914+0000] {standard_task_runner.py:60} INFO - Started process 2570 to run task
[2024-04-27T12:31:45.026+0000] {standard_task_runner.py:87} INFO - Running: ['***', 'tasks', 'run', 'currency_parsing', 'fetch_data_rub', 'scheduled__2024-04-26T00:00:00+00:00', '--job-id', '2571', '--raw', '--subdir', 'DAGS_FOLDER/stage/currency_parsing.py', '--cfg-path', '/tmp/tmpqlhxx6jb']
[2024-04-27T12:31:45.098+0000] {standard_task_runner.py:88} INFO - Job 2571: Subtask fetch_data_rub
[2024-04-27T12:31:45.543+0000] {task_command.py:423} INFO - Running <TaskInstance: currency_parsing.fetch_data_rub scheduled__2024-04-26T00:00:00+00:00 [running]> on host 65a8688265d1
[2024-04-27T12:31:46.221+0000] {taskinstance.py:2510} INFO - Exporting env vars: AIRFLOW_CTX_DAG_OWNER='***' AIRFLOW_CTX_DAG_ID='currency_parsing' AIRFLOW_CTX_TASK_ID='fetch_data_rub' AIRFLOW_CTX_EXECUTION_DATE='2024-04-26T00:00:00+00:00' AIRFLOW_CTX_TRY_NUMBER='1' AIRFLOW_CTX_DAG_RUN_ID='scheduled__2024-04-26T00:00:00+00:00'
[2024-04-27T12:31:46.354+0000] {base.py:83} INFO - Using connection ID 'dwh' for task execution.
[2024-04-27T12:31:46.445+0000] {sql.py:572} INFO - Done loading. Loaded a total of 43 rows into stage.currency_parsing_rub
[2024-04-27T12:31:46.448+0000] {python.py:202} INFO - Done. Returned value was: None
[2024-04-27T12:31:46.487+0000] {taskinstance.py:1149} INFO - Marking task as SUCCESS. dag_id=currency_parsing, task_id=fetch_data_rub, execution_date=20240426T000000, start_date=20240427T123144, end_date=20240427T123146
[2024-04-27T12:31:46.736+0000] {local_task_job_runner.py:234} INFO - Task exited with return code 0
[2024-04-27T12:31:46.903+0000] {taskinstance.py:3309} INFO - 0 downstream tasks scheduled from follow-on schedule check
