[2024-04-21T09:02:48.228+0000] {taskinstance.py:1979} INFO - Dependencies all met for dep_context=non-requeueable deps ti=<TaskInstance: currency_parsing.fetch_data_pound scheduled__2024-04-20T00:00:00+00:00 [queued]>
[2024-04-21T09:02:48.300+0000] {taskinstance.py:1979} INFO - Dependencies all met for dep_context=requeueable deps ti=<TaskInstance: currency_parsing.fetch_data_pound scheduled__2024-04-20T00:00:00+00:00 [queued]>
[2024-04-21T09:02:48.314+0000] {taskinstance.py:2193} INFO - Starting attempt 1 of 2
[2024-04-21T09:02:48.452+0000] {taskinstance.py:2214} INFO - Executing <Task(PythonOperator): fetch_data_pound> on 2024-04-20 00:00:00+00:00
[2024-04-21T09:02:48.590+0000] {standard_task_runner.py:60} INFO - Started process 1010 to run task
[2024-04-21T09:02:48.621+0000] {standard_task_runner.py:87} INFO - Running: ['***', 'tasks', 'run', 'currency_parsing', 'fetch_data_pound', 'scheduled__2024-04-20T00:00:00+00:00', '--job-id', '923', '--raw', '--subdir', 'DAGS_FOLDER/stage/currency_parsing.py', '--cfg-path', '/tmp/tmp4aejbi7f']
[2024-04-21T09:02:48.709+0000] {standard_task_runner.py:88} INFO - Job 923: Subtask fetch_data_pound
[2024-04-21T09:02:49.690+0000] {task_command.py:423} INFO - Running <TaskInstance: currency_parsing.fetch_data_pound scheduled__2024-04-20T00:00:00+00:00 [running]> on host 31aa6d9ea6ff
[2024-04-21T09:02:50.734+0000] {taskinstance.py:2510} INFO - Exporting env vars: AIRFLOW_CTX_DAG_OWNER='***' AIRFLOW_CTX_DAG_ID='currency_parsing' AIRFLOW_CTX_TASK_ID='fetch_data_pound' AIRFLOW_CTX_EXECUTION_DATE='2024-04-20T00:00:00+00:00' AIRFLOW_CTX_TRY_NUMBER='1' AIRFLOW_CTX_DAG_RUN_ID='scheduled__2024-04-20T00:00:00+00:00'
[2024-04-21T09:02:50.907+0000] {base.py:83} INFO - Using connection ID 'dwh' for task execution.
[2024-04-21T09:02:50.955+0000] {sql.py:572} INFO - Done loading. Loaded a total of 33 rows into stage.currency_parsing_pound
[2024-04-21T09:02:50.956+0000] {python.py:202} INFO - Done. Returned value was: None
[2024-04-21T09:02:50.985+0000] {taskinstance.py:1149} INFO - Marking task as SUCCESS. dag_id=currency_parsing, task_id=fetch_data_pound, execution_date=20240420T000000, start_date=20240421T090248, end_date=20240421T090250
[2024-04-21T09:02:51.074+0000] {local_task_job_runner.py:234} INFO - Task exited with return code 0
[2024-04-21T09:02:51.207+0000] {taskinstance.py:3309} INFO - 0 downstream tasks scheduled from follow-on schedule check
[2024-04-21T10:15:03.388+0000] {taskinstance.py:1979} INFO - Dependencies all met for dep_context=non-requeueable deps ti=<TaskInstance: currency_parsing.fetch_data_pound scheduled__2024-04-20T00:00:00+00:00 [queued]>
[2024-04-21T10:15:03.431+0000] {taskinstance.py:1979} INFO - Dependencies all met for dep_context=requeueable deps ti=<TaskInstance: currency_parsing.fetch_data_pound scheduled__2024-04-20T00:00:00+00:00 [queued]>
[2024-04-21T10:15:03.442+0000] {taskinstance.py:2193} INFO - Starting attempt 1 of 2
[2024-04-21T10:15:03.521+0000] {taskinstance.py:2214} INFO - Executing <Task(PythonOperator): fetch_data_pound> on 2024-04-20 00:00:00+00:00
[2024-04-21T10:15:03.562+0000] {standard_task_runner.py:60} INFO - Started process 1428 to run task
[2024-04-21T10:15:03.591+0000] {standard_task_runner.py:87} INFO - Running: ['***', 'tasks', 'run', 'currency_parsing', 'fetch_data_pound', 'scheduled__2024-04-20T00:00:00+00:00', '--job-id', '955', '--raw', '--subdir', 'DAGS_FOLDER/stage/currency_parsing.py', '--cfg-path', '/tmp/tmpsxan8yuv']
[2024-04-21T10:15:03.627+0000] {standard_task_runner.py:88} INFO - Job 955: Subtask fetch_data_pound
[2024-04-21T10:15:03.953+0000] {task_command.py:423} INFO - Running <TaskInstance: currency_parsing.fetch_data_pound scheduled__2024-04-20T00:00:00+00:00 [running]> on host 31aa6d9ea6ff
[2024-04-21T10:15:04.385+0000] {taskinstance.py:2510} INFO - Exporting env vars: AIRFLOW_CTX_DAG_OWNER='***' AIRFLOW_CTX_DAG_ID='currency_parsing' AIRFLOW_CTX_TASK_ID='fetch_data_pound' AIRFLOW_CTX_EXECUTION_DATE='2024-04-20T00:00:00+00:00' AIRFLOW_CTX_TRY_NUMBER='1' AIRFLOW_CTX_DAG_RUN_ID='scheduled__2024-04-20T00:00:00+00:00'
[2024-04-21T10:15:04.513+0000] {base.py:83} INFO - Using connection ID 'dwh' for task execution.
[2024-04-21T10:15:04.553+0000] {sql.py:572} INFO - Done loading. Loaded a total of 33 rows into stage.currency_parsing_pound
[2024-04-21T10:15:04.555+0000] {python.py:202} INFO - Done. Returned value was: None
[2024-04-21T10:15:04.586+0000] {taskinstance.py:1149} INFO - Marking task as SUCCESS. dag_id=currency_parsing, task_id=fetch_data_pound, execution_date=20240420T000000, start_date=20240421T101503, end_date=20240421T101504
[2024-04-21T10:15:04.693+0000] {local_task_job_runner.py:234} INFO - Task exited with return code 0
[2024-04-21T10:15:04.757+0000] {taskinstance.py:3309} INFO - 0 downstream tasks scheduled from follow-on schedule check
[2024-04-21T10:18:18.329+0000] {taskinstance.py:1979} INFO - Dependencies all met for dep_context=non-requeueable deps ti=<TaskInstance: currency_parsing.fetch_data_pound scheduled__2024-04-20T00:00:00+00:00 [queued]>
[2024-04-21T10:18:18.365+0000] {taskinstance.py:1979} INFO - Dependencies all met for dep_context=requeueable deps ti=<TaskInstance: currency_parsing.fetch_data_pound scheduled__2024-04-20T00:00:00+00:00 [queued]>
[2024-04-21T10:18:18.366+0000] {taskinstance.py:2193} INFO - Starting attempt 1 of 2
[2024-04-21T10:18:18.421+0000] {taskinstance.py:2214} INFO - Executing <Task(PythonOperator): fetch_data_pound> on 2024-04-20 00:00:00+00:00
[2024-04-21T10:18:18.446+0000] {standard_task_runner.py:60} INFO - Started process 1514 to run task
[2024-04-21T10:18:18.473+0000] {standard_task_runner.py:87} INFO - Running: ['***', 'tasks', 'run', 'currency_parsing', 'fetch_data_pound', 'scheduled__2024-04-20T00:00:00+00:00', '--job-id', '973', '--raw', '--subdir', 'DAGS_FOLDER/stage/currency_parsing.py', '--cfg-path', '/tmp/tmpwuf03_9r']
[2024-04-21T10:18:18.494+0000] {standard_task_runner.py:88} INFO - Job 973: Subtask fetch_data_pound
[2024-04-21T10:18:18.700+0000] {task_command.py:423} INFO - Running <TaskInstance: currency_parsing.fetch_data_pound scheduled__2024-04-20T00:00:00+00:00 [running]> on host 31aa6d9ea6ff
[2024-04-21T10:18:19.254+0000] {taskinstance.py:2510} INFO - Exporting env vars: AIRFLOW_CTX_DAG_OWNER='***' AIRFLOW_CTX_DAG_ID='currency_parsing' AIRFLOW_CTX_TASK_ID='fetch_data_pound' AIRFLOW_CTX_EXECUTION_DATE='2024-04-20T00:00:00+00:00' AIRFLOW_CTX_TRY_NUMBER='1' AIRFLOW_CTX_DAG_RUN_ID='scheduled__2024-04-20T00:00:00+00:00'
[2024-04-21T10:18:19.409+0000] {base.py:83} INFO - Using connection ID 'dwh' for task execution.
[2024-04-21T10:18:19.460+0000] {sql.py:572} INFO - Done loading. Loaded a total of 33 rows into stage.currency_parsing_pound
[2024-04-21T10:18:19.461+0000] {python.py:202} INFO - Done. Returned value was: None
[2024-04-21T10:18:19.540+0000] {taskinstance.py:1149} INFO - Marking task as SUCCESS. dag_id=currency_parsing, task_id=fetch_data_pound, execution_date=20240420T000000, start_date=20240421T101818, end_date=20240421T101819
[2024-04-21T10:18:19.710+0000] {local_task_job_runner.py:234} INFO - Task exited with return code 0
[2024-04-21T10:18:19.809+0000] {taskinstance.py:3309} INFO - 0 downstream tasks scheduled from follow-on schedule check
[2024-04-21T10:38:52.908+0000] {taskinstance.py:1979} INFO - Dependencies all met for dep_context=non-requeueable deps ti=<TaskInstance: currency_parsing.fetch_data_pound scheduled__2024-04-20T00:00:00+00:00 [queued]>
[2024-04-21T10:38:52.976+0000] {taskinstance.py:1979} INFO - Dependencies all met for dep_context=requeueable deps ti=<TaskInstance: currency_parsing.fetch_data_pound scheduled__2024-04-20T00:00:00+00:00 [queued]>
[2024-04-21T10:38:52.985+0000] {taskinstance.py:2193} INFO - Starting attempt 1 of 2
[2024-04-21T10:38:53.066+0000] {taskinstance.py:2214} INFO - Executing <Task(PythonOperator): fetch_data_pound> on 2024-04-20 00:00:00+00:00
[2024-04-21T10:38:53.078+0000] {standard_task_runner.py:60} INFO - Started process 240 to run task
[2024-04-21T10:38:53.117+0000] {standard_task_runner.py:87} INFO - Running: ['***', 'tasks', 'run', 'currency_parsing', 'fetch_data_pound', 'scheduled__2024-04-20T00:00:00+00:00', '--job-id', '999', '--raw', '--subdir', 'DAGS_FOLDER/stage/currency_parsing.py', '--cfg-path', '/tmp/tmp9wynymis']
[2024-04-21T10:38:53.128+0000] {standard_task_runner.py:88} INFO - Job 999: Subtask fetch_data_pound
[2024-04-21T10:38:53.288+0000] {task_command.py:423} INFO - Running <TaskInstance: currency_parsing.fetch_data_pound scheduled__2024-04-20T00:00:00+00:00 [running]> on host e671688b1343
[2024-04-21T10:38:53.544+0000] {taskinstance.py:2510} INFO - Exporting env vars: AIRFLOW_CTX_DAG_OWNER='***' AIRFLOW_CTX_DAG_ID='currency_parsing' AIRFLOW_CTX_TASK_ID='fetch_data_pound' AIRFLOW_CTX_EXECUTION_DATE='2024-04-20T00:00:00+00:00' AIRFLOW_CTX_TRY_NUMBER='1' AIRFLOW_CTX_DAG_RUN_ID='scheduled__2024-04-20T00:00:00+00:00'
[2024-04-21T10:38:53.596+0000] {base.py:83} INFO - Using connection ID 'dwh' for task execution.
[2024-04-21T10:38:53.621+0000] {sql.py:572} INFO - Done loading. Loaded a total of 33 rows into stage.currency_parsing_pound
[2024-04-21T10:38:53.622+0000] {python.py:202} INFO - Done. Returned value was: None
[2024-04-21T10:38:53.642+0000] {taskinstance.py:1149} INFO - Marking task as SUCCESS. dag_id=currency_parsing, task_id=fetch_data_pound, execution_date=20240420T000000, start_date=20240421T103852, end_date=20240421T103853
[2024-04-21T10:38:53.703+0000] {local_task_job_runner.py:234} INFO - Task exited with return code 0
[2024-04-21T10:38:53.740+0000] {taskinstance.py:3309} INFO - 0 downstream tasks scheduled from follow-on schedule check
[2024-04-21T11:06:39.516+0000] {taskinstance.py:1979} INFO - Dependencies all met for dep_context=non-requeueable deps ti=<TaskInstance: currency_parsing.fetch_data_pound scheduled__2024-04-20T00:00:00+00:00 [queued]>
[2024-04-21T11:06:39.600+0000] {taskinstance.py:1979} INFO - Dependencies all met for dep_context=requeueable deps ti=<TaskInstance: currency_parsing.fetch_data_pound scheduled__2024-04-20T00:00:00+00:00 [queued]>
[2024-04-21T11:06:39.602+0000] {taskinstance.py:2193} INFO - Starting attempt 1 of 2
[2024-04-21T11:06:39.813+0000] {taskinstance.py:2214} INFO - Executing <Task(PythonOperator): fetch_data_pound> on 2024-04-20 00:00:00+00:00
[2024-04-21T11:06:39.856+0000] {standard_task_runner.py:60} INFO - Started process 2814 to run task
[2024-04-21T11:06:39.920+0000] {standard_task_runner.py:87} INFO - Running: ['***', 'tasks', 'run', 'currency_parsing', 'fetch_data_pound', 'scheduled__2024-04-20T00:00:00+00:00', '--job-id', '2115', '--raw', '--subdir', 'DAGS_FOLDER/stage/currency_parsing.py', '--cfg-path', '/tmp/tmp8ndrrjdl']
[2024-04-21T11:06:39.957+0000] {standard_task_runner.py:88} INFO - Job 2115: Subtask fetch_data_pound
[2024-04-21T11:06:40.440+0000] {task_command.py:423} INFO - Running <TaskInstance: currency_parsing.fetch_data_pound scheduled__2024-04-20T00:00:00+00:00 [running]> on host e671688b1343
[2024-04-21T11:06:41.545+0000] {taskinstance.py:2510} INFO - Exporting env vars: AIRFLOW_CTX_DAG_OWNER='***' AIRFLOW_CTX_DAG_ID='currency_parsing' AIRFLOW_CTX_TASK_ID='fetch_data_pound' AIRFLOW_CTX_EXECUTION_DATE='2024-04-20T00:00:00+00:00' AIRFLOW_CTX_TRY_NUMBER='1' AIRFLOW_CTX_DAG_RUN_ID='scheduled__2024-04-20T00:00:00+00:00'
[2024-04-21T11:06:41.704+0000] {base.py:83} INFO - Using connection ID 'dwh' for task execution.
[2024-04-21T11:06:41.755+0000] {sql.py:572} INFO - Done loading. Loaded a total of 33 rows into stage.currency_parsing_pound
[2024-04-21T11:06:41.756+0000] {python.py:202} INFO - Done. Returned value was: None
[2024-04-21T11:06:41.799+0000] {taskinstance.py:1149} INFO - Marking task as SUCCESS. dag_id=currency_parsing, task_id=fetch_data_pound, execution_date=20240420T000000, start_date=20240421T110639, end_date=20240421T110641
[2024-04-21T11:06:41.937+0000] {local_task_job_runner.py:234} INFO - Task exited with return code 0
[2024-04-21T11:06:42.005+0000] {taskinstance.py:3309} INFO - 0 downstream tasks scheduled from follow-on schedule check
[2024-04-27T12:28:21.531+0000] {taskinstance.py:1979} INFO - Dependencies all met for dep_context=non-requeueable deps ti=<TaskInstance: currency_parsing.fetch_data_pound scheduled__2024-04-20T00:00:00+00:00 [queued]>
[2024-04-27T12:28:21.559+0000] {taskinstance.py:1979} INFO - Dependencies all met for dep_context=requeueable deps ti=<TaskInstance: currency_parsing.fetch_data_pound scheduled__2024-04-20T00:00:00+00:00 [queued]>
[2024-04-27T12:28:21.561+0000] {taskinstance.py:2193} INFO - Starting attempt 1 of 2
[2024-04-27T12:28:21.715+0000] {taskinstance.py:2214} INFO - Executing <Task(PythonOperator): fetch_data_pound> on 2024-04-20 00:00:00+00:00
[2024-04-27T12:28:21.729+0000] {standard_task_runner.py:60} INFO - Started process 2374 to run task
[2024-04-27T12:28:21.737+0000] {standard_task_runner.py:87} INFO - Running: ['***', 'tasks', 'run', 'currency_parsing', 'fetch_data_pound', 'scheduled__2024-04-20T00:00:00+00:00', '--job-id', '2493', '--raw', '--subdir', 'DAGS_FOLDER/stage/currency_parsing.py', '--cfg-path', '/tmp/tmpz645bbmx']
[2024-04-27T12:28:21.745+0000] {standard_task_runner.py:88} INFO - Job 2493: Subtask fetch_data_pound
[2024-04-27T12:28:22.021+0000] {task_command.py:423} INFO - Running <TaskInstance: currency_parsing.fetch_data_pound scheduled__2024-04-20T00:00:00+00:00 [running]> on host 65a8688265d1
[2024-04-27T12:28:22.742+0000] {taskinstance.py:2510} INFO - Exporting env vars: AIRFLOW_CTX_DAG_OWNER='***' AIRFLOW_CTX_DAG_ID='currency_parsing' AIRFLOW_CTX_TASK_ID='fetch_data_pound' AIRFLOW_CTX_EXECUTION_DATE='2024-04-20T00:00:00+00:00' AIRFLOW_CTX_TRY_NUMBER='1' AIRFLOW_CTX_DAG_RUN_ID='scheduled__2024-04-20T00:00:00+00:00'
[2024-04-27T12:28:22.905+0000] {base.py:83} INFO - Using connection ID 'dwh' for task execution.
[2024-04-27T12:28:22.972+0000] {taskinstance.py:2728} ERROR - Task failed with exception
Traceback (most recent call last):
  File "/home/airflow/.local/lib/python3.8/site-packages/airflow/models/taskinstance.py", line 444, in _execute_task
    result = _execute_callable(context=context, **execute_callable_kwargs)
  File "/home/airflow/.local/lib/python3.8/site-packages/airflow/models/taskinstance.py", line 414, in _execute_callable
    return execute_callable(context=context, **execute_callable_kwargs)
  File "/home/airflow/.local/lib/python3.8/site-packages/airflow/operators/python.py", line 200, in execute
    return_value = self.execute_callable()
  File "/home/airflow/.local/lib/python3.8/site-packages/airflow/operators/python.py", line 217, in execute_callable
    return self.python_callable(*self.op_args, **self.op_kwargs)
  File "/opt/airflow/dags/stage/currency_parsing.py", line 73, in fetch_data_pound
    dwh_hook.insert_rows(
  File "/home/airflow/.local/lib/python3.8/site-packages/airflow/providers/common/sql/hooks/sql.py", line 565, in insert_rows
    cur.execute(sql, values)
psycopg2.errors.UndefinedTable: relation "stage.currency_parsing_pound" does not exist
LINE 1: INSERT INTO stage.currency_parsing_pound (title, rate, date)...
                    ^

[2024-04-27T12:28:23.432+0000] {taskinstance.py:1149} INFO - Marking task as UP_FOR_RETRY. dag_id=currency_parsing, task_id=fetch_data_pound, execution_date=20240420T000000, start_date=20240427T122821, end_date=20240427T122823
[2024-04-27T12:28:23.620+0000] {standard_task_runner.py:107} ERROR - Failed to execute job 2493 for task fetch_data_pound (relation "stage.currency_parsing_pound" does not exist
LINE 1: INSERT INTO stage.currency_parsing_pound (title, rate, date)...
                    ^
; 2374)
[2024-04-27T12:28:23.805+0000] {local_task_job_runner.py:234} INFO - Task exited with return code 1
[2024-04-27T12:28:24.504+0000] {taskinstance.py:3309} INFO - 0 downstream tasks scheduled from follow-on schedule check
