[2024-04-14T08:55:45.197+0000] {taskinstance.py:1979} INFO - Dependencies all met for dep_context=non-requeueable deps ti=<TaskInstance: currency_parsing.fetch_data scheduled__2024-03-24T00:00:00+00:00 [queued]>
[2024-04-14T08:55:45.292+0000] {taskinstance.py:1979} INFO - Dependencies all met for dep_context=requeueable deps ti=<TaskInstance: currency_parsing.fetch_data scheduled__2024-03-24T00:00:00+00:00 [queued]>
[2024-04-14T08:55:45.293+0000] {taskinstance.py:2193} INFO - Starting attempt 1 of 2
[2024-04-14T08:55:45.422+0000] {taskinstance.py:2214} INFO - Executing <Task(PythonOperator): fetch_data> on 2024-03-24 00:00:00+00:00
[2024-04-14T08:55:45.444+0000] {standard_task_runner.py:60} INFO - Started process 1368 to run task
[2024-04-14T08:55:45.524+0000] {standard_task_runner.py:87} INFO - Running: ['***', 'tasks', 'run', 'currency_parsing', 'fetch_data', 'scheduled__2024-03-24T00:00:00+00:00', '--job-id', '432', '--raw', '--subdir', 'DAGS_FOLDER/currency_parsing.py', '--cfg-path', '/tmp/tmpd70y0x8i']
[2024-04-14T08:55:45.543+0000] {standard_task_runner.py:88} INFO - Job 432: Subtask fetch_data
[2024-04-14T08:55:45.959+0000] {task_command.py:423} INFO - Running <TaskInstance: currency_parsing.fetch_data scheduled__2024-03-24T00:00:00+00:00 [running]> on host e8a1e0443283
[2024-04-14T08:55:46.450+0000] {taskinstance.py:2510} INFO - Exporting env vars: AIRFLOW_CTX_DAG_OWNER='***' AIRFLOW_CTX_DAG_ID='currency_parsing' AIRFLOW_CTX_TASK_ID='fetch_data' AIRFLOW_CTX_EXECUTION_DATE='2024-03-24T00:00:00+00:00' AIRFLOW_CTX_TRY_NUMBER='1' AIRFLOW_CTX_DAG_RUN_ID='scheduled__2024-03-24T00:00:00+00:00'
[2024-04-14T08:55:46.570+0000] {base.py:83} INFO - Using connection ID 'dwh' for task execution.
[2024-04-14T08:55:46.622+0000] {sql.py:572} INFO - Done loading. Loaded a total of 39 rows into currency_parsing
[2024-04-14T08:55:46.623+0000] {python.py:202} INFO - Done. Returned value was: None
[2024-04-14T08:55:46.654+0000] {taskinstance.py:1149} INFO - Marking task as SUCCESS. dag_id=currency_parsing, task_id=fetch_data, execution_date=20240324T000000, start_date=20240414T085545, end_date=20240414T085546
[2024-04-14T08:55:46.880+0000] {local_task_job_runner.py:234} INFO - Task exited with return code 0
[2024-04-14T08:55:46.964+0000] {taskinstance.py:3309} INFO - 0 downstream tasks scheduled from follow-on schedule check
[2024-04-14T10:12:17.017+0000] {taskinstance.py:1979} INFO - Dependencies all met for dep_context=non-requeueable deps ti=<TaskInstance: currency_parsing.fetch_data scheduled__2024-03-24T00:00:00+00:00 [queued]>
[2024-04-14T10:12:17.154+0000] {taskinstance.py:1979} INFO - Dependencies all met for dep_context=requeueable deps ti=<TaskInstance: currency_parsing.fetch_data scheduled__2024-03-24T00:00:00+00:00 [queued]>
[2024-04-14T10:12:17.162+0000] {taskinstance.py:2193} INFO - Starting attempt 1 of 2
[2024-04-14T10:12:17.379+0000] {taskinstance.py:2214} INFO - Executing <Task(PythonOperator): fetch_data> on 2024-03-24 00:00:00+00:00
[2024-04-14T10:12:17.411+0000] {standard_task_runner.py:60} INFO - Started process 668 to run task
[2024-04-14T10:12:17.516+0000] {standard_task_runner.py:87} INFO - Running: ['***', 'tasks', 'run', 'currency_parsing', 'fetch_data', 'scheduled__2024-03-24T00:00:00+00:00', '--job-id', '732', '--raw', '--subdir', 'DAGS_FOLDER/currency_parsing.py', '--cfg-path', '/tmp/tmpfjiqrzaj']
[2024-04-14T10:12:17.552+0000] {standard_task_runner.py:88} INFO - Job 732: Subtask fetch_data
[2024-04-14T10:12:17.827+0000] {task_command.py:423} INFO - Running <TaskInstance: currency_parsing.fetch_data scheduled__2024-03-24T00:00:00+00:00 [running]> on host 1c15aab9396c
[2024-04-14T10:12:18.604+0000] {taskinstance.py:2510} INFO - Exporting env vars: AIRFLOW_CTX_DAG_OWNER='***' AIRFLOW_CTX_DAG_ID='currency_parsing' AIRFLOW_CTX_TASK_ID='fetch_data' AIRFLOW_CTX_EXECUTION_DATE='2024-03-24T00:00:00+00:00' AIRFLOW_CTX_TRY_NUMBER='1' AIRFLOW_CTX_DAG_RUN_ID='scheduled__2024-03-24T00:00:00+00:00'
[2024-04-14T10:12:18.744+0000] {base.py:83} INFO - Using connection ID 'dwh' for task execution.
[2024-04-14T10:12:18.826+0000] {sql.py:572} INFO - Done loading. Loaded a total of 39 rows into currency_parsing
[2024-04-14T10:12:18.828+0000] {python.py:202} INFO - Done. Returned value was: None
[2024-04-14T10:12:18.892+0000] {taskinstance.py:1149} INFO - Marking task as SUCCESS. dag_id=currency_parsing, task_id=fetch_data, execution_date=20240324T000000, start_date=20240414T101217, end_date=20240414T101218
[2024-04-14T10:12:19.128+0000] {local_task_job_runner.py:234} INFO - Task exited with return code 0
[2024-04-14T10:12:19.285+0000] {taskinstance.py:3309} INFO - 0 downstream tasks scheduled from follow-on schedule check
