[2024-04-26T10:28:26.803+0000] {taskinstance.py:1979} INFO - Dependencies all met for dep_context=non-requeueable deps ti=<TaskInstance: currency_parsing.fetch_data_kzt scheduled__2024-04-24T00:00:00+00:00 [queued]>
[2024-04-26T10:28:26.874+0000] {taskinstance.py:1979} INFO - Dependencies all met for dep_context=requeueable deps ti=<TaskInstance: currency_parsing.fetch_data_kzt scheduled__2024-04-24T00:00:00+00:00 [queued]>
[2024-04-26T10:28:26.877+0000] {taskinstance.py:2193} INFO - Starting attempt 1 of 2
[2024-04-26T10:28:26.989+0000] {taskinstance.py:2214} INFO - Executing <Task(PythonOperator): fetch_data_kzt> on 2024-04-24 00:00:00+00:00
[2024-04-26T10:28:27.007+0000] {standard_task_runner.py:60} INFO - Started process 204 to run task
[2024-04-26T10:28:27.082+0000] {standard_task_runner.py:87} INFO - Running: ['***', 'tasks', 'run', 'currency_parsing', 'fetch_data_kzt', 'scheduled__2024-04-24T00:00:00+00:00', '--job-id', '2168', '--raw', '--subdir', 'DAGS_FOLDER/stage/currency_parsing.py', '--cfg-path', '/tmp/tmpgs3bcqhx']
[2024-04-26T10:28:27.187+0000] {standard_task_runner.py:88} INFO - Job 2168: Subtask fetch_data_kzt
[2024-04-26T10:28:27.723+0000] {task_command.py:423} INFO - Running <TaskInstance: currency_parsing.fetch_data_kzt scheduled__2024-04-24T00:00:00+00:00 [running]> on host 4284c2c978e3
[2024-04-26T10:28:28.753+0000] {taskinstance.py:2510} INFO - Exporting env vars: AIRFLOW_CTX_DAG_OWNER='***' AIRFLOW_CTX_DAG_ID='currency_parsing' AIRFLOW_CTX_TASK_ID='fetch_data_kzt' AIRFLOW_CTX_EXECUTION_DATE='2024-04-24T00:00:00+00:00' AIRFLOW_CTX_TRY_NUMBER='1' AIRFLOW_CTX_DAG_RUN_ID='scheduled__2024-04-24T00:00:00+00:00'
[2024-04-26T10:28:28.946+0000] {base.py:83} INFO - Using connection ID 'dwh' for task execution.
[2024-04-26T10:28:29.072+0000] {sql.py:572} INFO - Done loading. Loaded a total of 39 rows into stage.currency_parsing_kzt
[2024-04-26T10:28:29.077+0000] {python.py:202} INFO - Done. Returned value was: None
[2024-04-26T10:28:29.238+0000] {taskinstance.py:1149} INFO - Marking task as SUCCESS. dag_id=currency_parsing, task_id=fetch_data_kzt, execution_date=20240424T000000, start_date=20240426T102826, end_date=20240426T102829
[2024-04-26T10:28:29.588+0000] {local_task_job_runner.py:234} INFO - Task exited with return code 0
[2024-04-26T10:28:29.695+0000] {taskinstance.py:3309} INFO - 0 downstream tasks scheduled from follow-on schedule check
[2024-04-26T13:21:11.515+0000] {taskinstance.py:1979} INFO - Dependencies all met for dep_context=non-requeueable deps ti=<TaskInstance: currency_parsing.fetch_data_kzt scheduled__2024-04-24T00:00:00+00:00 [queued]>
[2024-04-26T13:21:11.584+0000] {taskinstance.py:1979} INFO - Dependencies all met for dep_context=requeueable deps ti=<TaskInstance: currency_parsing.fetch_data_kzt scheduled__2024-04-24T00:00:00+00:00 [queued]>
[2024-04-26T13:21:11.586+0000] {taskinstance.py:2193} INFO - Starting attempt 1 of 2
[2024-04-26T13:21:11.690+0000] {taskinstance.py:2214} INFO - Executing <Task(PythonOperator): fetch_data_kzt> on 2024-04-24 00:00:00+00:00
[2024-04-26T13:21:11.698+0000] {standard_task_runner.py:60} INFO - Started process 534 to run task
[2024-04-26T13:21:11.736+0000] {standard_task_runner.py:87} INFO - Running: ['***', 'tasks', 'run', 'currency_parsing', 'fetch_data_kzt', 'scheduled__2024-04-24T00:00:00+00:00', '--job-id', '2231', '--raw', '--subdir', 'DAGS_FOLDER/stage/currency_parsing.py', '--cfg-path', '/tmp/tmp2xu0lz51']
[2024-04-26T13:21:11.750+0000] {standard_task_runner.py:88} INFO - Job 2231: Subtask fetch_data_kzt
[2024-04-26T13:21:11.895+0000] {task_command.py:423} INFO - Running <TaskInstance: currency_parsing.fetch_data_kzt scheduled__2024-04-24T00:00:00+00:00 [running]> on host 65a8688265d1
[2024-04-26T13:21:12.258+0000] {taskinstance.py:2510} INFO - Exporting env vars: AIRFLOW_CTX_DAG_OWNER='***' AIRFLOW_CTX_DAG_ID='currency_parsing' AIRFLOW_CTX_TASK_ID='fetch_data_kzt' AIRFLOW_CTX_EXECUTION_DATE='2024-04-24T00:00:00+00:00' AIRFLOW_CTX_TRY_NUMBER='1' AIRFLOW_CTX_DAG_RUN_ID='scheduled__2024-04-24T00:00:00+00:00'
[2024-04-26T13:21:12.386+0000] {base.py:83} INFO - Using connection ID 'dwh' for task execution.
[2024-04-26T13:21:12.475+0000] {sql.py:572} INFO - Done loading. Loaded a total of 39 rows into stage.currency_parsing_kzt
[2024-04-26T13:21:12.476+0000] {python.py:202} INFO - Done. Returned value was: None
[2024-04-26T13:21:12.525+0000] {taskinstance.py:1149} INFO - Marking task as SUCCESS. dag_id=currency_parsing, task_id=fetch_data_kzt, execution_date=20240424T000000, start_date=20240426T132111, end_date=20240426T132112
[2024-04-26T13:21:12.635+0000] {local_task_job_runner.py:234} INFO - Task exited with return code 0
[2024-04-26T13:21:12.701+0000] {taskinstance.py:3309} INFO - 0 downstream tasks scheduled from follow-on schedule check
[2024-04-27T12:31:33.748+0000] {taskinstance.py:1979} INFO - Dependencies all met for dep_context=non-requeueable deps ti=<TaskInstance: currency_parsing.fetch_data_kzt scheduled__2024-04-24T00:00:00+00:00 [queued]>
[2024-04-27T12:31:33.930+0000] {taskinstance.py:1979} INFO - Dependencies all met for dep_context=requeueable deps ti=<TaskInstance: currency_parsing.fetch_data_kzt scheduled__2024-04-24T00:00:00+00:00 [queued]>
[2024-04-27T12:31:33.960+0000] {taskinstance.py:2193} INFO - Starting attempt 1 of 2
[2024-04-27T12:31:34.670+0000] {taskinstance.py:2214} INFO - Executing <Task(PythonOperator): fetch_data_kzt> on 2024-04-24 00:00:00+00:00
[2024-04-27T12:31:34.738+0000] {standard_task_runner.py:60} INFO - Started process 2555 to run task
[2024-04-27T12:31:34.775+0000] {standard_task_runner.py:87} INFO - Running: ['***', 'tasks', 'run', 'currency_parsing', 'fetch_data_kzt', 'scheduled__2024-04-24T00:00:00+00:00', '--job-id', '2562', '--raw', '--subdir', 'DAGS_FOLDER/stage/currency_parsing.py', '--cfg-path', '/tmp/tmpj5x4npz3']
[2024-04-27T12:31:34.955+0000] {standard_task_runner.py:88} INFO - Job 2562: Subtask fetch_data_kzt
[2024-04-27T12:31:35.829+0000] {task_command.py:423} INFO - Running <TaskInstance: currency_parsing.fetch_data_kzt scheduled__2024-04-24T00:00:00+00:00 [running]> on host 65a8688265d1
[2024-04-27T12:31:37.825+0000] {taskinstance.py:2510} INFO - Exporting env vars: AIRFLOW_CTX_DAG_OWNER='***' AIRFLOW_CTX_DAG_ID='currency_parsing' AIRFLOW_CTX_TASK_ID='fetch_data_kzt' AIRFLOW_CTX_EXECUTION_DATE='2024-04-24T00:00:00+00:00' AIRFLOW_CTX_TRY_NUMBER='1' AIRFLOW_CTX_DAG_RUN_ID='scheduled__2024-04-24T00:00:00+00:00'
[2024-04-27T12:31:37.997+0000] {base.py:83} INFO - Using connection ID 'dwh' for task execution.
[2024-04-27T12:31:38.111+0000] {sql.py:572} INFO - Done loading. Loaded a total of 39 rows into stage.currency_parsing_kzt
[2024-04-27T12:31:38.113+0000] {python.py:202} INFO - Done. Returned value was: None
[2024-04-27T12:31:38.198+0000] {taskinstance.py:1149} INFO - Marking task as SUCCESS. dag_id=currency_parsing, task_id=fetch_data_kzt, execution_date=20240424T000000, start_date=20240427T123133, end_date=20240427T123138
[2024-04-27T12:31:38.683+0000] {local_task_job_runner.py:234} INFO - Task exited with return code 0
[2024-04-27T12:31:39.014+0000] {taskinstance.py:3309} INFO - 0 downstream tasks scheduled from follow-on schedule check
