[2024-04-14T08:55:48.688+0000] {taskinstance.py:1979} INFO - Dependencies all met for dep_context=non-requeueable deps ti=<TaskInstance: currency_parsing.fetch_data scheduled__2024-03-28T00:00:00+00:00 [queued]>
[2024-04-14T08:55:48.796+0000] {taskinstance.py:1979} INFO - Dependencies all met for dep_context=requeueable deps ti=<TaskInstance: currency_parsing.fetch_data scheduled__2024-03-28T00:00:00+00:00 [queued]>
[2024-04-14T08:55:48.797+0000] {taskinstance.py:2193} INFO - Starting attempt 1 of 2
[2024-04-14T08:55:48.906+0000] {taskinstance.py:2214} INFO - Executing <Task(PythonOperator): fetch_data> on 2024-03-28 00:00:00+00:00
[2024-04-14T08:55:48.926+0000] {standard_task_runner.py:60} INFO - Started process 1375 to run task
[2024-04-14T08:55:48.949+0000] {standard_task_runner.py:87} INFO - Running: ['***', 'tasks', 'run', 'currency_parsing', 'fetch_data', 'scheduled__2024-03-28T00:00:00+00:00', '--job-id', '436', '--raw', '--subdir', 'DAGS_FOLDER/currency_parsing.py', '--cfg-path', '/tmp/tmp6hnmpu2j']
[2024-04-14T08:55:48.985+0000] {standard_task_runner.py:88} INFO - Job 436: Subtask fetch_data
[2024-04-14T08:55:49.372+0000] {task_command.py:423} INFO - Running <TaskInstance: currency_parsing.fetch_data scheduled__2024-03-28T00:00:00+00:00 [running]> on host e8a1e0443283
[2024-04-14T08:55:49.810+0000] {taskinstance.py:2510} INFO - Exporting env vars: AIRFLOW_CTX_DAG_OWNER='***' AIRFLOW_CTX_DAG_ID='currency_parsing' AIRFLOW_CTX_TASK_ID='fetch_data' AIRFLOW_CTX_EXECUTION_DATE='2024-03-28T00:00:00+00:00' AIRFLOW_CTX_TRY_NUMBER='1' AIRFLOW_CTX_DAG_RUN_ID='scheduled__2024-03-28T00:00:00+00:00'
[2024-04-14T08:55:49.882+0000] {base.py:83} INFO - Using connection ID 'dwh' for task execution.
[2024-04-14T08:55:49.918+0000] {sql.py:572} INFO - Done loading. Loaded a total of 39 rows into currency_parsing
[2024-04-14T08:55:49.923+0000] {python.py:202} INFO - Done. Returned value was: None
[2024-04-14T08:55:49.950+0000] {taskinstance.py:1149} INFO - Marking task as SUCCESS. dag_id=currency_parsing, task_id=fetch_data, execution_date=20240328T000000, start_date=20240414T085548, end_date=20240414T085549
[2024-04-14T08:55:50.030+0000] {local_task_job_runner.py:234} INFO - Task exited with return code 0
[2024-04-14T08:55:50.073+0000] {taskinstance.py:3309} INFO - 0 downstream tasks scheduled from follow-on schedule check
[2024-04-14T10:12:38.749+0000] {taskinstance.py:1979} INFO - Dependencies all met for dep_context=non-requeueable deps ti=<TaskInstance: currency_parsing.fetch_data scheduled__2024-03-28T00:00:00+00:00 [queued]>
[2024-04-14T10:12:38.916+0000] {taskinstance.py:1979} INFO - Dependencies all met for dep_context=requeueable deps ti=<TaskInstance: currency_parsing.fetch_data scheduled__2024-03-28T00:00:00+00:00 [queued]>
[2024-04-14T10:12:38.923+0000] {taskinstance.py:2193} INFO - Starting attempt 1 of 2
[2024-04-14T10:12:39.345+0000] {taskinstance.py:2214} INFO - Executing <Task(PythonOperator): fetch_data> on 2024-03-28 00:00:00+00:00
[2024-04-14T10:12:39.409+0000] {standard_task_runner.py:60} INFO - Started process 726 to run task
[2024-04-14T10:12:39.439+0000] {standard_task_runner.py:87} INFO - Running: ['***', 'tasks', 'run', 'currency_parsing', 'fetch_data', 'scheduled__2024-03-28T00:00:00+00:00', '--job-id', '755', '--raw', '--subdir', 'DAGS_FOLDER/currency_parsing.py', '--cfg-path', '/tmp/tmppewl_rqk']
[2024-04-14T10:12:39.489+0000] {standard_task_runner.py:88} INFO - Job 755: Subtask fetch_data
[2024-04-14T10:12:40.010+0000] {task_command.py:423} INFO - Running <TaskInstance: currency_parsing.fetch_data scheduled__2024-03-28T00:00:00+00:00 [running]> on host 1c15aab9396c
[2024-04-14T10:12:41.304+0000] {taskinstance.py:2510} INFO - Exporting env vars: AIRFLOW_CTX_DAG_OWNER='***' AIRFLOW_CTX_DAG_ID='currency_parsing' AIRFLOW_CTX_TASK_ID='fetch_data' AIRFLOW_CTX_EXECUTION_DATE='2024-03-28T00:00:00+00:00' AIRFLOW_CTX_TRY_NUMBER='1' AIRFLOW_CTX_DAG_RUN_ID='scheduled__2024-03-28T00:00:00+00:00'
[2024-04-14T10:12:41.461+0000] {base.py:83} INFO - Using connection ID 'dwh' for task execution.
[2024-04-14T10:12:41.534+0000] {sql.py:572} INFO - Done loading. Loaded a total of 39 rows into currency_parsing
[2024-04-14T10:12:41.536+0000] {python.py:202} INFO - Done. Returned value was: None
[2024-04-14T10:12:41.564+0000] {taskinstance.py:1149} INFO - Marking task as SUCCESS. dag_id=currency_parsing, task_id=fetch_data, execution_date=20240328T000000, start_date=20240414T101238, end_date=20240414T101241
[2024-04-14T10:12:41.801+0000] {local_task_job_runner.py:234} INFO - Task exited with return code 0
[2024-04-14T10:12:41.945+0000] {taskinstance.py:3309} INFO - 0 downstream tasks scheduled from follow-on schedule check
