[2024-04-13T08:28:12.761+0000] {taskinstance.py:1979} INFO - Dependencies all met for dep_context=non-requeueable deps ti=<TaskInstance: kolesa_dag_2.create_table manual__2024-04-13T08:11:11.152391+00:00 [queued]>
[2024-04-13T08:28:12.774+0000] {taskinstance.py:1979} INFO - Dependencies all met for dep_context=requeueable deps ti=<TaskInstance: kolesa_dag_2.create_table manual__2024-04-13T08:11:11.152391+00:00 [queued]>
[2024-04-13T08:28:12.775+0000] {taskinstance.py:2193} INFO - Starting attempt 4 of 4
[2024-04-13T08:28:12.795+0000] {taskinstance.py:2214} INFO - Executing <Task(PostgresOperator): create_table> on 2024-04-13 08:11:11.152391+00:00
[2024-04-13T08:28:12.803+0000] {standard_task_runner.py:60} INFO - Started process 422 to run task
[2024-04-13T08:28:12.809+0000] {standard_task_runner.py:87} INFO - Running: ['***', 'tasks', 'run', 'kolesa_dag_2', 'create_table', 'manual__2024-04-13T08:11:11.152391+00:00', '--job-id', '91', '--raw', '--subdir', 'DAGS_FOLDER/kolesa_parsing_2.py', '--cfg-path', '/tmp/tmpxh9jccxf']
[2024-04-13T08:28:12.813+0000] {standard_task_runner.py:88} INFO - Job 91: Subtask create_table
[2024-04-13T08:28:12.958+0000] {task_command.py:423} INFO - Running <TaskInstance: kolesa_dag_2.create_table manual__2024-04-13T08:11:11.152391+00:00 [running]> on host e30ef82509b4
[2024-04-13T08:28:13.325+0000] {taskinstance.py:2510} INFO - Exporting env vars: AIRFLOW_CTX_DAG_OWNER='***' AIRFLOW_CTX_DAG_ID='kolesa_dag_2' AIRFLOW_CTX_TASK_ID='create_table' AIRFLOW_CTX_EXECUTION_DATE='2024-04-13T08:11:11.152391+00:00' AIRFLOW_CTX_TRY_NUMBER='4' AIRFLOW_CTX_DAG_RUN_ID='manual__2024-04-13T08:11:11.152391+00:00'
[2024-04-13T08:28:13.328+0000] {sql.py:276} INFO - Executing: CREATE TABLE IF NOT EXISTS kolesa_parsing(
    mark VARCHAR(255) NOT NULL,
    model VARCHAR(255) NOT NULL,
    year INT,
    price decimal,
    description VARCHAR(2000),
    city VARCHAR(255),
    generation VARCHAR(255),
    body VARCHAR(255),
    engine_volume decimal,
    mileage decimal,
    unit VARCHAR(255),
    transmission VARCHAR(255),
    drive_unit VARCHAR(255),
    steering_wheel VARCHAR(255),
    color VARCHAR(255),
    is_customized BOOLEAN
)
[2024-04-13T08:28:13.353+0000] {base.py:83} INFO - Using connection ID 'dwh' for task execution.
[2024-04-13T08:28:13.367+0000] {base.py:83} INFO - Using connection ID 'dwh' for task execution.
[2024-04-13T08:28:13.372+0000] {sql.py:457} INFO - Running statement: CREATE TABLE IF NOT EXISTS kolesa_parsing(
    mark VARCHAR(255) NOT NULL,
    model VARCHAR(255) NOT NULL,
    year INT,
    price decimal,
    description VARCHAR(2000),
    city VARCHAR(255),
    generation VARCHAR(255),
    body VARCHAR(255),
    engine_volume decimal,
    mileage decimal,
    unit VARCHAR(255),
    transmission VARCHAR(255),
    drive_unit VARCHAR(255),
    steering_wheel VARCHAR(255),
    color VARCHAR(255),
    is_customized BOOLEAN
), parameters: None
[2024-04-13T08:28:13.384+0000] {warnings.py:109} WARNING - /home/***/.local/lib/python3.8/site-packages/***/providers/common/sql/hooks/sql.py:407: AirflowProviderDeprecationWarning: Call to deprecated method _make_common_data_structure. (The `_make_serializable` method is deprecated and support will be removed in a future version of the common.sql provider. Please update the DbApiHook's provider to a version based on common.sql >= 1.9.1.)
  result = self._make_common_data_structure(handler(cur))

[2024-04-13T08:28:13.400+0000] {taskinstance.py:1149} INFO - Marking task as SUCCESS. dag_id=kolesa_dag_2, task_id=create_table, execution_date=20240413T081111, start_date=20240413T082812, end_date=20240413T082813
[2024-04-13T08:28:13.467+0000] {local_task_job_runner.py:234} INFO - Task exited with return code 0
[2024-04-13T08:28:13.507+0000] {warnings.py:109} WARNING - /home/***/.local/lib/python3.8/site-packages/***/models/baseoperator.py:1201: AirflowProviderDeprecationWarning: Call to deprecated class PostgresOperator. (Please use `***.providers.common.sql.operators.sql.SQLExecuteQueryOperator`.Also, you can provide `hook_params={'schema': <database>}`.)
  result = cls.__new__(cls)

[2024-04-13T08:28:13.542+0000] {taskinstance.py:3309} INFO - 1 downstream tasks scheduled from follow-on schedule check
