[2024-04-13T08:11:15.591+0000] {taskinstance.py:1979} INFO - Dependencies all met for dep_context=non-requeueable deps ti=<TaskInstance: kolesa_dag_2.create_table manual__2024-04-13T08:11:11.152391+00:00 [queued]>
[2024-04-13T08:11:15.608+0000] {taskinstance.py:1979} INFO - Dependencies all met for dep_context=requeueable deps ti=<TaskInstance: kolesa_dag_2.create_table manual__2024-04-13T08:11:11.152391+00:00 [queued]>
[2024-04-13T08:11:15.609+0000] {taskinstance.py:2193} INFO - Starting attempt 1 of 1
[2024-04-13T08:11:15.661+0000] {taskinstance.py:2214} INFO - Executing <Task(PostgresOperator): create_table> on 2024-04-13 08:11:11.152391+00:00
[2024-04-13T08:11:15.674+0000] {standard_task_runner.py:60} INFO - Started process 154 to run task
[2024-04-13T08:11:15.691+0000] {standard_task_runner.py:87} INFO - Running: ['***', 'tasks', 'run', 'kolesa_dag_2', 'create_table', 'manual__2024-04-13T08:11:11.152391+00:00', '--job-id', '81', '--raw', '--subdir', 'DAGS_FOLDER/kolesa_parsing_2.py', '--cfg-path', '/tmp/tmpy1tlgdh8']
[2024-04-13T08:11:15.714+0000] {standard_task_runner.py:88} INFO - Job 81: Subtask create_table
[2024-04-13T08:11:15.952+0000] {task_command.py:423} INFO - Running <TaskInstance: kolesa_dag_2.create_table manual__2024-04-13T08:11:11.152391+00:00 [running]> on host e30ef82509b4
[2024-04-13T08:11:16.320+0000] {taskinstance.py:2510} INFO - Exporting env vars: AIRFLOW_CTX_DAG_OWNER='***' AIRFLOW_CTX_DAG_ID='kolesa_dag_2' AIRFLOW_CTX_TASK_ID='create_table' AIRFLOW_CTX_EXECUTION_DATE='2024-04-13T08:11:11.152391+00:00' AIRFLOW_CTX_TRY_NUMBER='1' AIRFLOW_CTX_DAG_RUN_ID='manual__2024-04-13T08:11:11.152391+00:00'
[2024-04-13T08:11:16.343+0000] {sql.py:276} INFO - Executing: CREATE TABLE IF NOT EXISTS kolesa_parsing(
    mark VARCHAR(255) NOT NULL,
    model VARCHAR(255) NOT NULL,
    year INT,
    price decimal,
    description VARCHAR(2000),
    city VARCHAR(255),
    generation VARCHAR(255),
    body VARCHAR(255),
    engine_volume decimal,
    mileage decimal,
    unit VARCHAR(255),
    transmission VARCHAR(255),
    drive_unit VARCHAR(255),
    steering_wheel VARCHAR(255),
    color VARCHAR(255),
    is_customized BOOLEAN
)
[2024-04-13T08:11:16.402+0000] {base.py:83} INFO - Using connection ID 'dwh' for task execution.
[2024-04-13T08:11:16.436+0000] {base.py:83} INFO - Using connection ID 'dwh' for task execution.
[2024-04-13T08:11:16.484+0000] {sql.py:457} INFO - Running statement: CREATE TABLE IF NOT EXISTS kolesa_parsing(
    mark VARCHAR(255) NOT NULL,
    model VARCHAR(255) NOT NULL,
    year INT,
    price decimal,
    description VARCHAR(2000),
    city VARCHAR(255),
    generation VARCHAR(255),
    body VARCHAR(255),
    engine_volume decimal,
    mileage decimal,
    unit VARCHAR(255),
    transmission VARCHAR(255),
    drive_unit VARCHAR(255),
    steering_wheel VARCHAR(255),
    color VARCHAR(255),
    is_customized BOOLEAN
), parameters: None
[2024-04-13T08:11:16.551+0000] {warnings.py:109} WARNING - /home/***/.local/lib/python3.8/site-packages/***/providers/common/sql/hooks/sql.py:407: AirflowProviderDeprecationWarning: Call to deprecated method _make_common_data_structure. (The `_make_serializable` method is deprecated and support will be removed in a future version of the common.sql provider. Please update the DbApiHook's provider to a version based on common.sql >= 1.9.1.)
  result = self._make_common_data_structure(handler(cur))

[2024-04-13T08:11:16.593+0000] {taskinstance.py:1149} INFO - Marking task as SUCCESS. dag_id=kolesa_dag_2, task_id=create_table, execution_date=20240413T081111, start_date=20240413T081115, end_date=20240413T081116
[2024-04-13T08:11:16.765+0000] {local_task_job_runner.py:234} INFO - Task exited with return code 0
[2024-04-13T08:11:16.797+0000] {warnings.py:109} WARNING - /home/***/.local/lib/python3.8/site-packages/***/models/baseoperator.py:1201: AirflowProviderDeprecationWarning: Call to deprecated class PostgresOperator. (Please use `***.providers.common.sql.operators.sql.SQLExecuteQueryOperator`.Also, you can provide `hook_params={'schema': <database>}`.)
  result = cls.__new__(cls)

[2024-04-13T08:11:17.019+0000] {taskinstance.py:3309} INFO - 1 downstream tasks scheduled from follow-on schedule check
