[2024-04-14T08:52:51.151+0000] {taskinstance.py:1979} INFO - Dependencies all met for dep_context=non-requeueable deps ti=<TaskInstance: currency_parsing.fetch_data scheduled__2024-02-14T00:00:00+00:00 [queued]>
[2024-04-14T08:52:51.235+0000] {taskinstance.py:1979} INFO - Dependencies all met for dep_context=requeueable deps ti=<TaskInstance: currency_parsing.fetch_data scheduled__2024-02-14T00:00:00+00:00 [queued]>
[2024-04-14T08:52:51.237+0000] {taskinstance.py:2193} INFO - Starting attempt 1 of 2
[2024-04-14T08:52:51.380+0000] {taskinstance.py:2214} INFO - Executing <Task(PythonOperator): fetch_data> on 2024-02-14 00:00:00+00:00
[2024-04-14T08:52:51.411+0000] {standard_task_runner.py:87} INFO - Running: ['***', 'tasks', 'run', 'currency_parsing', 'fetch_data', 'scheduled__2024-02-14T00:00:00+00:00', '--job-id', '312', '--raw', '--subdir', 'DAGS_FOLDER/currency_parsing.py', '--cfg-path', '/tmp/tmp3pmqr0m_']
[2024-04-14T08:52:51.429+0000] {standard_task_runner.py:88} INFO - Job 312: Subtask fetch_data
[2024-04-14T08:52:51.442+0000] {standard_task_runner.py:60} INFO - Started process 1098 to run task
[2024-04-14T08:52:51.815+0000] {task_command.py:423} INFO - Running <TaskInstance: currency_parsing.fetch_data scheduled__2024-02-14T00:00:00+00:00 [running]> on host e8a1e0443283
[2024-04-14T08:52:52.396+0000] {taskinstance.py:2510} INFO - Exporting env vars: AIRFLOW_CTX_DAG_OWNER='***' AIRFLOW_CTX_DAG_ID='currency_parsing' AIRFLOW_CTX_TASK_ID='fetch_data' AIRFLOW_CTX_EXECUTION_DATE='2024-02-14T00:00:00+00:00' AIRFLOW_CTX_TRY_NUMBER='1' AIRFLOW_CTX_DAG_RUN_ID='scheduled__2024-02-14T00:00:00+00:00'
[2024-04-14T08:52:52.605+0000] {base.py:83} INFO - Using connection ID 'dwh' for task execution.
[2024-04-14T08:52:52.734+0000] {sql.py:572} INFO - Done loading. Loaded a total of 39 rows into currency_parsing
[2024-04-14T08:52:52.752+0000] {python.py:202} INFO - Done. Returned value was: None
[2024-04-14T08:52:52.803+0000] {taskinstance.py:1149} INFO - Marking task as SUCCESS. dag_id=currency_parsing, task_id=fetch_data, execution_date=20240214T000000, start_date=20240414T085251, end_date=20240414T085252
[2024-04-14T08:52:52.949+0000] {local_task_job_runner.py:234} INFO - Task exited with return code 0
[2024-04-14T08:52:53.061+0000] {taskinstance.py:3309} INFO - 0 downstream tasks scheduled from follow-on schedule check
[2024-04-14T10:10:28.234+0000] {taskinstance.py:1979} INFO - Dependencies all met for dep_context=non-requeueable deps ti=<TaskInstance: currency_parsing.fetch_data scheduled__2024-02-14T00:00:00+00:00 [queued]>
[2024-04-14T10:10:28.487+0000] {taskinstance.py:1979} INFO - Dependencies all met for dep_context=requeueable deps ti=<TaskInstance: currency_parsing.fetch_data scheduled__2024-02-14T00:00:00+00:00 [queued]>
[2024-04-14T10:10:28.505+0000] {taskinstance.py:2193} INFO - Starting attempt 1 of 2
[2024-04-14T10:10:28.890+0000] {taskinstance.py:2214} INFO - Executing <Task(PythonOperator): fetch_data> on 2024-02-14 00:00:00+00:00
[2024-04-14T10:10:28.972+0000] {standard_task_runner.py:60} INFO - Started process 424 to run task
[2024-04-14T10:10:29.041+0000] {standard_task_runner.py:87} INFO - Running: ['***', 'tasks', 'run', 'currency_parsing', 'fetch_data', 'scheduled__2024-02-14T00:00:00+00:00', '--job-id', '620', '--raw', '--subdir', 'DAGS_FOLDER/currency_parsing.py', '--cfg-path', '/tmp/tmpa3_qgqh2']
[2024-04-14T10:10:29.234+0000] {standard_task_runner.py:88} INFO - Job 620: Subtask fetch_data
[2024-04-14T10:10:30.026+0000] {task_command.py:423} INFO - Running <TaskInstance: currency_parsing.fetch_data scheduled__2024-02-14T00:00:00+00:00 [running]> on host 1c15aab9396c
[2024-04-14T10:10:30.947+0000] {taskinstance.py:2510} INFO - Exporting env vars: AIRFLOW_CTX_DAG_OWNER='***' AIRFLOW_CTX_DAG_ID='currency_parsing' AIRFLOW_CTX_TASK_ID='fetch_data' AIRFLOW_CTX_EXECUTION_DATE='2024-02-14T00:00:00+00:00' AIRFLOW_CTX_TRY_NUMBER='1' AIRFLOW_CTX_DAG_RUN_ID='scheduled__2024-02-14T00:00:00+00:00'
[2024-04-14T10:10:31.044+0000] {base.py:83} INFO - Using connection ID 'dwh' for task execution.
[2024-04-14T10:10:31.090+0000] {sql.py:572} INFO - Done loading. Loaded a total of 39 rows into currency_parsing
[2024-04-14T10:10:31.091+0000] {python.py:202} INFO - Done. Returned value was: None
[2024-04-14T10:10:31.133+0000] {taskinstance.py:1149} INFO - Marking task as SUCCESS. dag_id=currency_parsing, task_id=fetch_data, execution_date=20240214T000000, start_date=20240414T101028, end_date=20240414T101031
[2024-04-14T10:10:31.360+0000] {local_task_job_runner.py:234} INFO - Task exited with return code 0
[2024-04-14T10:10:31.478+0000] {taskinstance.py:3309} INFO - 0 downstream tasks scheduled from follow-on schedule check
