[2024-04-14T12:18:36.890+0000] {processor.py:161} INFO - Started process (PID=4199) to work on /opt/airflow/dags/stage/currency_usd.py
[2024-04-14T12:18:36.893+0000] {processor.py:830} INFO - Processing file /opt/airflow/dags/stage/currency_usd.py for tasks to queue
[2024-04-14T12:18:36.896+0000] {logging_mixin.py:188} INFO - [2024-04-14T12:18:36.895+0000] {dagbag.py:540} INFO - Filling up the DagBag from /opt/airflow/dags/stage/currency_usd.py
[2024-04-14T12:18:37.034+0000] {logging_mixin.py:188} INFO - [2024-04-14T12:18:37.020+0000] {dagbag.py:350} ERROR - Failed to import: /opt/airflow/dags/stage/currency_usd.py
Traceback (most recent call last):
  File "/home/airflow/.local/lib/python3.8/site-packages/airflow/models/dagbag.py", line 346, in parse
    loader.exec_module(new_module)
  File "<frozen importlib._bootstrap_external>", line 843, in exec_module
  File "<frozen importlib._bootstrap>", line 219, in _call_with_frames_removed
  File "/opt/airflow/dags/stage/currency_usd.py", line 6, in <module>
    from currency_utils import *
  File "/opt/airflow/dags/currency_utils.py", line 1, in <module>
    import freecurrencyapi
ModuleNotFoundError: No module named 'freecurrencyapi'
[2024-04-14T12:18:37.038+0000] {processor.py:842} WARNING - No viable dags retrieved from /opt/airflow/dags/stage/currency_usd.py
[2024-04-14T12:18:37.091+0000] {processor.py:183} INFO - Processing /opt/airflow/dags/stage/currency_usd.py took 0.208 seconds
[2024-04-14T12:19:07.945+0000] {processor.py:161} INFO - Started process (PID=4215) to work on /opt/airflow/dags/stage/currency_usd.py
[2024-04-14T12:19:07.948+0000] {processor.py:830} INFO - Processing file /opt/airflow/dags/stage/currency_usd.py for tasks to queue
[2024-04-14T12:19:07.951+0000] {logging_mixin.py:188} INFO - [2024-04-14T12:19:07.950+0000] {dagbag.py:540} INFO - Filling up the DagBag from /opt/airflow/dags/stage/currency_usd.py
[2024-04-14T12:19:08.007+0000] {logging_mixin.py:188} INFO - [2024-04-14T12:19:07.996+0000] {dagbag.py:350} ERROR - Failed to import: /opt/airflow/dags/stage/currency_usd.py
Traceback (most recent call last):
  File "/home/airflow/.local/lib/python3.8/site-packages/airflow/models/dagbag.py", line 346, in parse
    loader.exec_module(new_module)
  File "<frozen importlib._bootstrap_external>", line 843, in exec_module
  File "<frozen importlib._bootstrap>", line 219, in _call_with_frames_removed
  File "/opt/airflow/dags/stage/currency_usd.py", line 6, in <module>
    from currency_utils import *
  File "/opt/airflow/dags/currency_utils.py", line 1, in <module>
    import freecurrencyapi
ModuleNotFoundError: No module named 'freecurrencyapi'
[2024-04-14T12:19:08.011+0000] {processor.py:842} WARNING - No viable dags retrieved from /opt/airflow/dags/stage/currency_usd.py
[2024-04-14T12:19:08.048+0000] {processor.py:183} INFO - Processing /opt/airflow/dags/stage/currency_usd.py took 0.111 seconds
[2024-04-14T12:19:38.797+0000] {processor.py:161} INFO - Started process (PID=4231) to work on /opt/airflow/dags/stage/currency_usd.py
[2024-04-14T12:19:38.801+0000] {processor.py:830} INFO - Processing file /opt/airflow/dags/stage/currency_usd.py for tasks to queue
[2024-04-14T12:19:38.812+0000] {logging_mixin.py:188} INFO - [2024-04-14T12:19:38.812+0000] {dagbag.py:540} INFO - Filling up the DagBag from /opt/airflow/dags/stage/currency_usd.py
[2024-04-14T12:19:38.959+0000] {logging_mixin.py:188} INFO - [2024-04-14T12:19:38.950+0000] {dagbag.py:350} ERROR - Failed to import: /opt/airflow/dags/stage/currency_usd.py
Traceback (most recent call last):
  File "/home/airflow/.local/lib/python3.8/site-packages/airflow/models/dagbag.py", line 346, in parse
    loader.exec_module(new_module)
  File "<frozen importlib._bootstrap_external>", line 843, in exec_module
  File "<frozen importlib._bootstrap>", line 219, in _call_with_frames_removed
  File "/opt/airflow/dags/stage/currency_usd.py", line 6, in <module>
    from currency_utils import *
  File "/opt/airflow/dags/currency_utils.py", line 1, in <module>
    import freecurrencyapi
ModuleNotFoundError: No module named 'freecurrencyapi'
[2024-04-14T12:19:38.963+0000] {processor.py:842} WARNING - No viable dags retrieved from /opt/airflow/dags/stage/currency_usd.py
[2024-04-14T12:19:38.991+0000] {processor.py:183} INFO - Processing /opt/airflow/dags/stage/currency_usd.py took 0.243 seconds
[2024-04-14T12:20:09.119+0000] {processor.py:161} INFO - Started process (PID=4247) to work on /opt/airflow/dags/stage/currency_usd.py
[2024-04-14T12:20:09.121+0000] {processor.py:830} INFO - Processing file /opt/airflow/dags/stage/currency_usd.py for tasks to queue
[2024-04-14T12:20:09.123+0000] {logging_mixin.py:188} INFO - [2024-04-14T12:20:09.122+0000] {dagbag.py:540} INFO - Filling up the DagBag from /opt/airflow/dags/stage/currency_usd.py
[2024-04-14T12:20:09.178+0000] {logging_mixin.py:188} INFO - [2024-04-14T12:20:09.168+0000] {dagbag.py:350} ERROR - Failed to import: /opt/airflow/dags/stage/currency_usd.py
Traceback (most recent call last):
  File "/home/airflow/.local/lib/python3.8/site-packages/airflow/models/dagbag.py", line 346, in parse
    loader.exec_module(new_module)
  File "<frozen importlib._bootstrap_external>", line 843, in exec_module
  File "<frozen importlib._bootstrap>", line 219, in _call_with_frames_removed
  File "/opt/airflow/dags/stage/currency_usd.py", line 6, in <module>
    from currency_utils import *
  File "/opt/airflow/dags/currency_utils.py", line 1, in <module>
    import freecurrencyapi
ModuleNotFoundError: No module named 'freecurrencyapi'
[2024-04-14T12:20:09.181+0000] {processor.py:842} WARNING - No viable dags retrieved from /opt/airflow/dags/stage/currency_usd.py
[2024-04-14T12:20:09.212+0000] {processor.py:183} INFO - Processing /opt/airflow/dags/stage/currency_usd.py took 0.099 seconds
[2024-04-14T12:20:39.312+0000] {processor.py:161} INFO - Started process (PID=4263) to work on /opt/airflow/dags/stage/currency_usd.py
[2024-04-14T12:20:39.313+0000] {processor.py:830} INFO - Processing file /opt/airflow/dags/stage/currency_usd.py for tasks to queue
[2024-04-14T12:20:39.316+0000] {logging_mixin.py:188} INFO - [2024-04-14T12:20:39.315+0000] {dagbag.py:540} INFO - Filling up the DagBag from /opt/airflow/dags/stage/currency_usd.py
[2024-04-14T12:20:39.365+0000] {logging_mixin.py:188} INFO - [2024-04-14T12:20:39.354+0000] {dagbag.py:350} ERROR - Failed to import: /opt/airflow/dags/stage/currency_usd.py
Traceback (most recent call last):
  File "/home/airflow/.local/lib/python3.8/site-packages/airflow/models/dagbag.py", line 346, in parse
    loader.exec_module(new_module)
  File "<frozen importlib._bootstrap_external>", line 843, in exec_module
  File "<frozen importlib._bootstrap>", line 219, in _call_with_frames_removed
  File "/opt/airflow/dags/stage/currency_usd.py", line 6, in <module>
    from currency_utils import *
  File "/opt/airflow/dags/currency_utils.py", line 1, in <module>
    import freecurrencyapi
ModuleNotFoundError: No module named 'freecurrencyapi'
[2024-04-14T12:20:39.368+0000] {processor.py:842} WARNING - No viable dags retrieved from /opt/airflow/dags/stage/currency_usd.py
[2024-04-14T12:20:39.408+0000] {processor.py:183} INFO - Processing /opt/airflow/dags/stage/currency_usd.py took 0.104 seconds
[2024-04-14T12:21:09.574+0000] {processor.py:161} INFO - Started process (PID=4279) to work on /opt/airflow/dags/stage/currency_usd.py
[2024-04-14T12:21:09.576+0000] {processor.py:830} INFO - Processing file /opt/airflow/dags/stage/currency_usd.py for tasks to queue
[2024-04-14T12:21:09.577+0000] {logging_mixin.py:188} INFO - [2024-04-14T12:21:09.577+0000] {dagbag.py:540} INFO - Filling up the DagBag from /opt/airflow/dags/stage/currency_usd.py
[2024-04-14T12:21:09.633+0000] {logging_mixin.py:188} INFO - [2024-04-14T12:21:09.621+0000] {dagbag.py:350} ERROR - Failed to import: /opt/airflow/dags/stage/currency_usd.py
Traceback (most recent call last):
  File "/home/airflow/.local/lib/python3.8/site-packages/airflow/models/dagbag.py", line 346, in parse
    loader.exec_module(new_module)
  File "<frozen importlib._bootstrap_external>", line 843, in exec_module
  File "<frozen importlib._bootstrap>", line 219, in _call_with_frames_removed
  File "/opt/airflow/dags/stage/currency_usd.py", line 6, in <module>
    from currency_utils import *
  File "/opt/airflow/dags/currency_utils.py", line 1, in <module>
    import freecurrencyapi
ModuleNotFoundError: No module named 'freecurrencyapi'
[2024-04-14T12:21:09.637+0000] {processor.py:842} WARNING - No viable dags retrieved from /opt/airflow/dags/stage/currency_usd.py
[2024-04-14T12:21:09.675+0000] {processor.py:183} INFO - Processing /opt/airflow/dags/stage/currency_usd.py took 0.107 seconds
[2024-04-14T12:21:39.933+0000] {processor.py:161} INFO - Started process (PID=4295) to work on /opt/airflow/dags/stage/currency_usd.py
[2024-04-14T12:21:39.936+0000] {processor.py:830} INFO - Processing file /opt/airflow/dags/stage/currency_usd.py for tasks to queue
[2024-04-14T12:21:39.938+0000] {logging_mixin.py:188} INFO - [2024-04-14T12:21:39.937+0000] {dagbag.py:540} INFO - Filling up the DagBag from /opt/airflow/dags/stage/currency_usd.py
[2024-04-14T12:21:40.005+0000] {logging_mixin.py:188} INFO - [2024-04-14T12:21:39.989+0000] {dagbag.py:350} ERROR - Failed to import: /opt/airflow/dags/stage/currency_usd.py
Traceback (most recent call last):
  File "/home/airflow/.local/lib/python3.8/site-packages/airflow/models/dagbag.py", line 346, in parse
    loader.exec_module(new_module)
  File "<frozen importlib._bootstrap_external>", line 843, in exec_module
  File "<frozen importlib._bootstrap>", line 219, in _call_with_frames_removed
  File "/opt/airflow/dags/stage/currency_usd.py", line 6, in <module>
    from currency_utils import *
  File "/opt/airflow/dags/currency_utils.py", line 1, in <module>
    import freecurrencyapi
ModuleNotFoundError: No module named 'freecurrencyapi'
[2024-04-14T12:21:40.014+0000] {processor.py:842} WARNING - No viable dags retrieved from /opt/airflow/dags/stage/currency_usd.py
[2024-04-14T12:21:40.110+0000] {processor.py:183} INFO - Processing /opt/airflow/dags/stage/currency_usd.py took 0.187 seconds
[2024-04-14T12:22:04.936+0000] {processor.py:161} INFO - Started process (PID=4308) to work on /opt/airflow/dags/stage/currency_usd.py
[2024-04-14T12:22:04.938+0000] {processor.py:830} INFO - Processing file /opt/airflow/dags/stage/currency_usd.py for tasks to queue
[2024-04-14T12:22:04.942+0000] {logging_mixin.py:188} INFO - [2024-04-14T12:22:04.941+0000] {dagbag.py:540} INFO - Filling up the DagBag from /opt/airflow/dags/stage/currency_usd.py
[2024-04-14T12:22:05.019+0000] {logging_mixin.py:188} INFO - [2024-04-14T12:22:05.006+0000] {dagbag.py:350} ERROR - Failed to import: /opt/airflow/dags/stage/currency_usd.py
Traceback (most recent call last):
  File "/home/airflow/.local/lib/python3.8/site-packages/airflow/models/dagbag.py", line 346, in parse
    loader.exec_module(new_module)
  File "<frozen importlib._bootstrap_external>", line 843, in exec_module
  File "<frozen importlib._bootstrap>", line 219, in _call_with_frames_removed
  File "/opt/airflow/dags/stage/currency_usd.py", line 6, in <module>
    from currency_utils import *
  File "/opt/airflow/dags/currency_utils.py", line 1, in <module>
    import freecurrencyapi
ModuleNotFoundError: No module named 'freecurrencyapi'
[2024-04-14T12:22:05.024+0000] {processor.py:842} WARNING - No viable dags retrieved from /opt/airflow/dags/stage/currency_usd.py
[2024-04-14T12:22:05.052+0000] {processor.py:183} INFO - Processing /opt/airflow/dags/stage/currency_usd.py took 0.121 seconds
[2024-04-14T12:22:35.407+0000] {processor.py:161} INFO - Started process (PID=4324) to work on /opt/airflow/dags/stage/currency_usd.py
[2024-04-14T12:22:35.409+0000] {processor.py:830} INFO - Processing file /opt/airflow/dags/stage/currency_usd.py for tasks to queue
[2024-04-14T12:22:35.411+0000] {logging_mixin.py:188} INFO - [2024-04-14T12:22:35.410+0000] {dagbag.py:540} INFO - Filling up the DagBag from /opt/airflow/dags/stage/currency_usd.py
[2024-04-14T12:22:35.450+0000] {logging_mixin.py:188} INFO - [2024-04-14T12:22:35.443+0000] {dagbag.py:350} ERROR - Failed to import: /opt/airflow/dags/stage/currency_usd.py
Traceback (most recent call last):
  File "/home/airflow/.local/lib/python3.8/site-packages/airflow/models/dagbag.py", line 346, in parse
    loader.exec_module(new_module)
  File "<frozen importlib._bootstrap_external>", line 843, in exec_module
  File "<frozen importlib._bootstrap>", line 219, in _call_with_frames_removed
  File "/opt/airflow/dags/stage/currency_usd.py", line 6, in <module>
    from currency_utils import *
  File "/opt/airflow/dags/currency_utils.py", line 1, in <module>
    import freecurrencyapi
ModuleNotFoundError: No module named 'freecurrencyapi'
[2024-04-14T12:22:35.453+0000] {processor.py:842} WARNING - No viable dags retrieved from /opt/airflow/dags/stage/currency_usd.py
[2024-04-14T12:22:35.483+0000] {processor.py:183} INFO - Processing /opt/airflow/dags/stage/currency_usd.py took 0.081 seconds
[2024-04-14T12:23:06.054+0000] {processor.py:161} INFO - Started process (PID=4341) to work on /opt/airflow/dags/stage/currency_usd.py
[2024-04-14T12:23:06.057+0000] {processor.py:830} INFO - Processing file /opt/airflow/dags/stage/currency_usd.py for tasks to queue
[2024-04-14T12:23:06.060+0000] {logging_mixin.py:188} INFO - [2024-04-14T12:23:06.059+0000] {dagbag.py:540} INFO - Filling up the DagBag from /opt/airflow/dags/stage/currency_usd.py
[2024-04-14T12:23:06.149+0000] {logging_mixin.py:188} INFO - [2024-04-14T12:23:06.138+0000] {dagbag.py:350} ERROR - Failed to import: /opt/airflow/dags/stage/currency_usd.py
Traceback (most recent call last):
  File "/home/airflow/.local/lib/python3.8/site-packages/airflow/models/dagbag.py", line 346, in parse
    loader.exec_module(new_module)
  File "<frozen importlib._bootstrap_external>", line 843, in exec_module
  File "<frozen importlib._bootstrap>", line 219, in _call_with_frames_removed
  File "/opt/airflow/dags/stage/currency_usd.py", line 6, in <module>
    from currency_utils import *
  File "/opt/airflow/dags/currency_utils.py", line 1, in <module>
    import freecurrencyapi
ModuleNotFoundError: No module named 'freecurrencyapi'
[2024-04-14T12:23:06.153+0000] {processor.py:842} WARNING - No viable dags retrieved from /opt/airflow/dags/stage/currency_usd.py
[2024-04-14T12:23:06.188+0000] {processor.py:183} INFO - Processing /opt/airflow/dags/stage/currency_usd.py took 0.144 seconds
[2024-04-14T12:23:36.255+0000] {processor.py:161} INFO - Started process (PID=4355) to work on /opt/airflow/dags/stage/currency_usd.py
[2024-04-14T12:23:36.256+0000] {processor.py:830} INFO - Processing file /opt/airflow/dags/stage/currency_usd.py for tasks to queue
[2024-04-14T12:23:36.258+0000] {logging_mixin.py:188} INFO - [2024-04-14T12:23:36.257+0000] {dagbag.py:540} INFO - Filling up the DagBag from /opt/airflow/dags/stage/currency_usd.py
[2024-04-14T12:23:36.309+0000] {logging_mixin.py:188} INFO - [2024-04-14T12:23:36.302+0000] {dagbag.py:350} ERROR - Failed to import: /opt/airflow/dags/stage/currency_usd.py
Traceback (most recent call last):
  File "/home/airflow/.local/lib/python3.8/site-packages/airflow/models/dagbag.py", line 346, in parse
    loader.exec_module(new_module)
  File "<frozen importlib._bootstrap_external>", line 843, in exec_module
  File "<frozen importlib._bootstrap>", line 219, in _call_with_frames_removed
  File "/opt/airflow/dags/stage/currency_usd.py", line 6, in <module>
    from currency_utils import *
  File "/opt/airflow/dags/currency_utils.py", line 1, in <module>
    import freecurrencyapi
ModuleNotFoundError: No module named 'freecurrencyapi'
[2024-04-14T12:23:36.312+0000] {processor.py:842} WARNING - No viable dags retrieved from /opt/airflow/dags/stage/currency_usd.py
[2024-04-14T12:23:36.339+0000] {processor.py:183} INFO - Processing /opt/airflow/dags/stage/currency_usd.py took 0.088 seconds
[2024-04-14T12:24:06.818+0000] {processor.py:161} INFO - Started process (PID=4370) to work on /opt/airflow/dags/stage/currency_usd.py
[2024-04-14T12:24:06.820+0000] {processor.py:830} INFO - Processing file /opt/airflow/dags/stage/currency_usd.py for tasks to queue
[2024-04-14T12:24:06.821+0000] {logging_mixin.py:188} INFO - [2024-04-14T12:24:06.821+0000] {dagbag.py:540} INFO - Filling up the DagBag from /opt/airflow/dags/stage/currency_usd.py
[2024-04-14T12:24:06.866+0000] {logging_mixin.py:188} INFO - [2024-04-14T12:24:06.857+0000] {dagbag.py:350} ERROR - Failed to import: /opt/airflow/dags/stage/currency_usd.py
Traceback (most recent call last):
  File "/home/airflow/.local/lib/python3.8/site-packages/airflow/models/dagbag.py", line 346, in parse
    loader.exec_module(new_module)
  File "<frozen importlib._bootstrap_external>", line 843, in exec_module
  File "<frozen importlib._bootstrap>", line 219, in _call_with_frames_removed
  File "/opt/airflow/dags/stage/currency_usd.py", line 6, in <module>
    from currency_utils import *
  File "/opt/airflow/dags/currency_utils.py", line 1, in <module>
    import freecurrencyapi
ModuleNotFoundError: No module named 'freecurrencyapi'
[2024-04-14T12:24:06.870+0000] {processor.py:842} WARNING - No viable dags retrieved from /opt/airflow/dags/stage/currency_usd.py
[2024-04-14T12:24:06.898+0000] {processor.py:183} INFO - Processing /opt/airflow/dags/stage/currency_usd.py took 0.084 seconds
[2024-04-14T12:24:37.594+0000] {processor.py:161} INFO - Started process (PID=4384) to work on /opt/airflow/dags/stage/currency_usd.py
[2024-04-14T12:24:37.596+0000] {processor.py:830} INFO - Processing file /opt/airflow/dags/stage/currency_usd.py for tasks to queue
[2024-04-14T12:24:37.598+0000] {logging_mixin.py:188} INFO - [2024-04-14T12:24:37.597+0000] {dagbag.py:540} INFO - Filling up the DagBag from /opt/airflow/dags/stage/currency_usd.py
[2024-04-14T12:24:37.672+0000] {logging_mixin.py:188} INFO - [2024-04-14T12:24:37.653+0000] {dagbag.py:350} ERROR - Failed to import: /opt/airflow/dags/stage/currency_usd.py
Traceback (most recent call last):
  File "/home/airflow/.local/lib/python3.8/site-packages/airflow/models/dagbag.py", line 346, in parse
    loader.exec_module(new_module)
  File "<frozen importlib._bootstrap_external>", line 843, in exec_module
  File "<frozen importlib._bootstrap>", line 219, in _call_with_frames_removed
  File "/opt/airflow/dags/stage/currency_usd.py", line 6, in <module>
    from currency_utils import *
  File "/opt/airflow/dags/currency_utils.py", line 1, in <module>
    import freecurrencyapi
ModuleNotFoundError: No module named 'freecurrencyapi'
[2024-04-14T12:24:37.677+0000] {processor.py:842} WARNING - No viable dags retrieved from /opt/airflow/dags/stage/currency_usd.py
[2024-04-14T12:24:37.712+0000] {processor.py:183} INFO - Processing /opt/airflow/dags/stage/currency_usd.py took 0.126 seconds
[2024-04-14T12:25:08.475+0000] {processor.py:161} INFO - Started process (PID=4400) to work on /opt/airflow/dags/stage/currency_usd.py
[2024-04-14T12:25:08.477+0000] {processor.py:830} INFO - Processing file /opt/airflow/dags/stage/currency_usd.py for tasks to queue
[2024-04-14T12:25:08.480+0000] {logging_mixin.py:188} INFO - [2024-04-14T12:25:08.479+0000] {dagbag.py:540} INFO - Filling up the DagBag from /opt/airflow/dags/stage/currency_usd.py
[2024-04-14T12:25:08.554+0000] {logging_mixin.py:188} INFO - [2024-04-14T12:25:08.538+0000] {dagbag.py:350} ERROR - Failed to import: /opt/airflow/dags/stage/currency_usd.py
Traceback (most recent call last):
  File "/home/airflow/.local/lib/python3.8/site-packages/airflow/models/dagbag.py", line 346, in parse
    loader.exec_module(new_module)
  File "<frozen importlib._bootstrap_external>", line 843, in exec_module
  File "<frozen importlib._bootstrap>", line 219, in _call_with_frames_removed
  File "/opt/airflow/dags/stage/currency_usd.py", line 6, in <module>
    from currency_utils import *
  File "/opt/airflow/dags/currency_utils.py", line 1, in <module>
    import freecurrencyapi
ModuleNotFoundError: No module named 'freecurrencyapi'
[2024-04-14T12:25:08.558+0000] {processor.py:842} WARNING - No viable dags retrieved from /opt/airflow/dags/stage/currency_usd.py
[2024-04-14T12:25:08.625+0000] {processor.py:183} INFO - Processing /opt/airflow/dags/stage/currency_usd.py took 0.160 seconds
[2024-04-14T12:25:16.726+0000] {processor.py:161} INFO - Started process (PID=4415) to work on /opt/airflow/dags/stage/currency_usd.py
[2024-04-14T12:25:16.729+0000] {processor.py:830} INFO - Processing file /opt/airflow/dags/stage/currency_usd.py for tasks to queue
[2024-04-14T12:25:16.740+0000] {logging_mixin.py:188} INFO - [2024-04-14T12:25:16.739+0000] {dagbag.py:540} INFO - Filling up the DagBag from /opt/airflow/dags/stage/currency_usd.py
[2024-04-14T12:25:17.353+0000] {logging_mixin.py:188} INFO - [2024-04-14T12:25:17.329+0000] {dagbag.py:350} ERROR - Failed to import: /opt/airflow/dags/stage/currency_usd.py
Traceback (most recent call last):
  File "/home/airflow/.local/lib/python3.8/site-packages/airflow/models/dagbag.py", line 346, in parse
    loader.exec_module(new_module)
  File "<frozen importlib._bootstrap_external>", line 843, in exec_module
  File "<frozen importlib._bootstrap>", line 219, in _call_with_frames_removed
  File "/opt/airflow/dags/stage/currency_usd.py", line 6, in <module>
    from currency_utils import *
  File "/opt/airflow/dags/currency_utils.py", line 1, in <module>
    import freecurrencyapi
ModuleNotFoundError: No module named 'freecurrencyapi'
[2024-04-14T12:25:17.358+0000] {processor.py:842} WARNING - No viable dags retrieved from /opt/airflow/dags/stage/currency_usd.py
[2024-04-14T12:25:17.441+0000] {processor.py:183} INFO - Processing /opt/airflow/dags/stage/currency_usd.py took 0.732 seconds
[2024-04-14T12:25:47.646+0000] {processor.py:161} INFO - Started process (PID=4432) to work on /opt/airflow/dags/stage/currency_usd.py
[2024-04-14T12:25:47.648+0000] {processor.py:830} INFO - Processing file /opt/airflow/dags/stage/currency_usd.py for tasks to queue
[2024-04-14T12:25:47.651+0000] {logging_mixin.py:188} INFO - [2024-04-14T12:25:47.650+0000] {dagbag.py:540} INFO - Filling up the DagBag from /opt/airflow/dags/stage/currency_usd.py
[2024-04-14T12:25:47.797+0000] {logging_mixin.py:188} INFO - [2024-04-14T12:25:47.785+0000] {dagbag.py:350} ERROR - Failed to import: /opt/airflow/dags/stage/currency_usd.py
Traceback (most recent call last):
  File "/home/airflow/.local/lib/python3.8/site-packages/airflow/models/dagbag.py", line 346, in parse
    loader.exec_module(new_module)
  File "<frozen importlib._bootstrap_external>", line 843, in exec_module
  File "<frozen importlib._bootstrap>", line 219, in _call_with_frames_removed
  File "/opt/airflow/dags/stage/currency_usd.py", line 6, in <module>
    from currency_utils import *
  File "/opt/airflow/dags/currency_utils.py", line 1, in <module>
    import freecurrencyapi
ModuleNotFoundError: No module named 'freecurrencyapi'
[2024-04-14T12:25:47.802+0000] {processor.py:842} WARNING - No viable dags retrieved from /opt/airflow/dags/stage/currency_usd.py
[2024-04-14T12:25:47.892+0000] {processor.py:183} INFO - Processing /opt/airflow/dags/stage/currency_usd.py took 0.258 seconds
[2024-04-14T12:26:18.648+0000] {processor.py:161} INFO - Started process (PID=4448) to work on /opt/airflow/dags/stage/currency_usd.py
[2024-04-14T12:26:18.650+0000] {processor.py:830} INFO - Processing file /opt/airflow/dags/stage/currency_usd.py for tasks to queue
[2024-04-14T12:26:18.653+0000] {logging_mixin.py:188} INFO - [2024-04-14T12:26:18.652+0000] {dagbag.py:540} INFO - Filling up the DagBag from /opt/airflow/dags/stage/currency_usd.py
[2024-04-14T12:26:18.729+0000] {logging_mixin.py:188} INFO - [2024-04-14T12:26:18.717+0000] {dagbag.py:350} ERROR - Failed to import: /opt/airflow/dags/stage/currency_usd.py
Traceback (most recent call last):
  File "/home/airflow/.local/lib/python3.8/site-packages/airflow/models/dagbag.py", line 346, in parse
    loader.exec_module(new_module)
  File "<frozen importlib._bootstrap_external>", line 843, in exec_module
  File "<frozen importlib._bootstrap>", line 219, in _call_with_frames_removed
  File "/opt/airflow/dags/stage/currency_usd.py", line 6, in <module>
    from currency_utils import *
  File "/opt/airflow/dags/currency_utils.py", line 1, in <module>
    import freecurrencyapi
ModuleNotFoundError: No module named 'freecurrencyapi'
[2024-04-14T12:26:18.735+0000] {processor.py:842} WARNING - No viable dags retrieved from /opt/airflow/dags/stage/currency_usd.py
[2024-04-14T12:26:18.774+0000] {processor.py:183} INFO - Processing /opt/airflow/dags/stage/currency_usd.py took 0.137 seconds
[2024-04-14T12:26:49.777+0000] {processor.py:161} INFO - Started process (PID=4464) to work on /opt/airflow/dags/stage/currency_usd.py
[2024-04-14T12:26:49.780+0000] {processor.py:830} INFO - Processing file /opt/airflow/dags/stage/currency_usd.py for tasks to queue
[2024-04-14T12:26:49.782+0000] {logging_mixin.py:188} INFO - [2024-04-14T12:26:49.781+0000] {dagbag.py:540} INFO - Filling up the DagBag from /opt/airflow/dags/stage/currency_usd.py
[2024-04-14T12:26:49.851+0000] {logging_mixin.py:188} INFO - [2024-04-14T12:26:49.841+0000] {dagbag.py:350} ERROR - Failed to import: /opt/airflow/dags/stage/currency_usd.py
Traceback (most recent call last):
  File "/home/airflow/.local/lib/python3.8/site-packages/airflow/models/dagbag.py", line 346, in parse
    loader.exec_module(new_module)
  File "<frozen importlib._bootstrap_external>", line 843, in exec_module
  File "<frozen importlib._bootstrap>", line 219, in _call_with_frames_removed
  File "/opt/airflow/dags/stage/currency_usd.py", line 6, in <module>
    from currency_utils import *
  File "/opt/airflow/dags/currency_utils.py", line 1, in <module>
    import freecurrencyapi
ModuleNotFoundError: No module named 'freecurrencyapi'
[2024-04-14T12:26:49.854+0000] {processor.py:842} WARNING - No viable dags retrieved from /opt/airflow/dags/stage/currency_usd.py
[2024-04-14T12:26:49.879+0000] {processor.py:183} INFO - Processing /opt/airflow/dags/stage/currency_usd.py took 0.116 seconds
[2024-04-14T12:27:20.516+0000] {processor.py:161} INFO - Started process (PID=4480) to work on /opt/airflow/dags/stage/currency_usd.py
[2024-04-14T12:27:20.518+0000] {processor.py:830} INFO - Processing file /opt/airflow/dags/stage/currency_usd.py for tasks to queue
[2024-04-14T12:27:20.520+0000] {logging_mixin.py:188} INFO - [2024-04-14T12:27:20.519+0000] {dagbag.py:540} INFO - Filling up the DagBag from /opt/airflow/dags/stage/currency_usd.py
[2024-04-14T12:27:20.691+0000] {logging_mixin.py:188} INFO - [2024-04-14T12:27:20.680+0000] {dagbag.py:350} ERROR - Failed to import: /opt/airflow/dags/stage/currency_usd.py
Traceback (most recent call last):
  File "/home/airflow/.local/lib/python3.8/site-packages/airflow/models/dagbag.py", line 346, in parse
    loader.exec_module(new_module)
  File "<frozen importlib._bootstrap_external>", line 843, in exec_module
  File "<frozen importlib._bootstrap>", line 219, in _call_with_frames_removed
  File "/opt/airflow/dags/stage/currency_usd.py", line 6, in <module>
    from currency_utils import *
  File "/opt/airflow/dags/currency_utils.py", line 1, in <module>
    import freecurrencyapi
ModuleNotFoundError: No module named 'freecurrencyapi'
[2024-04-14T12:27:20.696+0000] {processor.py:842} WARNING - No viable dags retrieved from /opt/airflow/dags/stage/currency_usd.py
[2024-04-14T12:27:20.729+0000] {processor.py:183} INFO - Processing /opt/airflow/dags/stage/currency_usd.py took 0.221 seconds
[2024-04-14T12:54:49.933+0000] {processor.py:161} INFO - Started process (PID=64) to work on /opt/airflow/dags/stage/currency_usd.py
[2024-04-14T12:54:49.947+0000] {processor.py:830} INFO - Processing file /opt/airflow/dags/stage/currency_usd.py for tasks to queue
[2024-04-14T12:54:49.968+0000] {logging_mixin.py:188} INFO - [2024-04-14T12:54:49.967+0000] {dagbag.py:540} INFO - Filling up the DagBag from /opt/airflow/dags/stage/currency_usd.py
[2024-04-14T12:54:50.278+0000] {logging_mixin.py:188} INFO - [2024-04-14T12:54:50.243+0000] {dagbag.py:350} ERROR - Failed to import: /opt/airflow/dags/stage/currency_usd.py
Traceback (most recent call last):
  File "/home/airflow/.local/lib/python3.8/site-packages/airflow/models/dagbag.py", line 346, in parse
    loader.exec_module(new_module)
  File "<frozen importlib._bootstrap_external>", line 843, in exec_module
  File "<frozen importlib._bootstrap>", line 219, in _call_with_frames_removed
  File "/opt/airflow/dags/stage/currency_usd.py", line 52, in <module>
    create_table = PostgresOperator(
  File "/home/airflow/.local/lib/python3.8/site-packages/airflow/models/baseoperator.py", line 437, in apply_defaults
    result = func(self, **kwargs, default_args=default_args)
  File "/home/airflow/.local/lib/python3.8/site-packages/airflow/providers/postgres/operators/postgres.py", line 84, in __init__
    super().__init__(conn_id=postgres_conn_id, **kwargs)
  File "/home/airflow/.local/lib/python3.8/site-packages/airflow/models/baseoperator.py", line 437, in apply_defaults
    result = func(self, **kwargs, default_args=default_args)
  File "/home/airflow/.local/lib/python3.8/site-packages/airflow/providers/common/sql/operators/sql.py", line 242, in __init__
    super().__init__(conn_id=conn_id, database=database, **kwargs)
  File "/home/airflow/.local/lib/python3.8/site-packages/airflow/models/baseoperator.py", line 437, in apply_defaults
    result = func(self, **kwargs, default_args=default_args)
  File "/home/airflow/.local/lib/python3.8/site-packages/airflow/providers/common/sql/operators/sql.py", line 139, in __init__
    super().__init__(**kwargs)
  File "/home/airflow/.local/lib/python3.8/site-packages/airflow/models/baseoperator.py", line 437, in apply_defaults
    result = func(self, **kwargs, default_args=default_args)
  File "/home/airflow/.local/lib/python3.8/site-packages/airflow/models/baseoperator.py", line 811, in __init__
    task_group.add(self)
  File "/home/airflow/.local/lib/python3.8/site-packages/airflow/utils/task_group.py", line 231, in add
    raise DuplicateTaskIdFound(f"{node_type} id '{key}' has already been added to the DAG")
airflow.exceptions.DuplicateTaskIdFound: Task id 'create_table' has already been added to the DAG
[2024-04-14T12:54:50.287+0000] {processor.py:842} WARNING - No viable dags retrieved from /opt/airflow/dags/stage/currency_usd.py
[2024-04-14T12:54:50.386+0000] {processor.py:183} INFO - Processing /opt/airflow/dags/stage/currency_usd.py took 0.492 seconds
[2024-04-14T12:55:20.539+0000] {processor.py:161} INFO - Started process (PID=79) to work on /opt/airflow/dags/stage/currency_usd.py
[2024-04-14T12:55:20.543+0000] {processor.py:830} INFO - Processing file /opt/airflow/dags/stage/currency_usd.py for tasks to queue
[2024-04-14T12:55:20.548+0000] {logging_mixin.py:188} INFO - [2024-04-14T12:55:20.547+0000] {dagbag.py:540} INFO - Filling up the DagBag from /opt/airflow/dags/stage/currency_usd.py
[2024-04-14T12:55:20.679+0000] {logging_mixin.py:188} INFO - [2024-04-14T12:55:20.657+0000] {dagbag.py:350} ERROR - Failed to import: /opt/airflow/dags/stage/currency_usd.py
Traceback (most recent call last):
  File "/home/airflow/.local/lib/python3.8/site-packages/airflow/models/dagbag.py", line 346, in parse
    loader.exec_module(new_module)
  File "<frozen importlib._bootstrap_external>", line 843, in exec_module
  File "<frozen importlib._bootstrap>", line 219, in _call_with_frames_removed
  File "/opt/airflow/dags/stage/currency_usd.py", line 52, in <module>
    create_table = PostgresOperator(
  File "/home/airflow/.local/lib/python3.8/site-packages/airflow/models/baseoperator.py", line 437, in apply_defaults
    result = func(self, **kwargs, default_args=default_args)
  File "/home/airflow/.local/lib/python3.8/site-packages/airflow/providers/postgres/operators/postgres.py", line 84, in __init__
    super().__init__(conn_id=postgres_conn_id, **kwargs)
  File "/home/airflow/.local/lib/python3.8/site-packages/airflow/models/baseoperator.py", line 437, in apply_defaults
    result = func(self, **kwargs, default_args=default_args)
  File "/home/airflow/.local/lib/python3.8/site-packages/airflow/providers/common/sql/operators/sql.py", line 242, in __init__
    super().__init__(conn_id=conn_id, database=database, **kwargs)
  File "/home/airflow/.local/lib/python3.8/site-packages/airflow/models/baseoperator.py", line 437, in apply_defaults
    result = func(self, **kwargs, default_args=default_args)
  File "/home/airflow/.local/lib/python3.8/site-packages/airflow/providers/common/sql/operators/sql.py", line 139, in __init__
    super().__init__(**kwargs)
  File "/home/airflow/.local/lib/python3.8/site-packages/airflow/models/baseoperator.py", line 437, in apply_defaults
    result = func(self, **kwargs, default_args=default_args)
  File "/home/airflow/.local/lib/python3.8/site-packages/airflow/models/baseoperator.py", line 811, in __init__
    task_group.add(self)
  File "/home/airflow/.local/lib/python3.8/site-packages/airflow/utils/task_group.py", line 231, in add
    raise DuplicateTaskIdFound(f"{node_type} id '{key}' has already been added to the DAG")
airflow.exceptions.DuplicateTaskIdFound: Task id 'create_table' has already been added to the DAG
[2024-04-14T12:55:20.681+0000] {processor.py:842} WARNING - No viable dags retrieved from /opt/airflow/dags/stage/currency_usd.py
[2024-04-14T12:55:20.769+0000] {processor.py:183} INFO - Processing /opt/airflow/dags/stage/currency_usd.py took 0.248 seconds
[2024-04-14T12:55:51.152+0000] {processor.py:161} INFO - Started process (PID=95) to work on /opt/airflow/dags/stage/currency_usd.py
[2024-04-14T12:55:51.154+0000] {processor.py:830} INFO - Processing file /opt/airflow/dags/stage/currency_usd.py for tasks to queue
[2024-04-14T12:55:51.157+0000] {logging_mixin.py:188} INFO - [2024-04-14T12:55:51.157+0000] {dagbag.py:540} INFO - Filling up the DagBag from /opt/airflow/dags/stage/currency_usd.py
[2024-04-14T12:55:51.274+0000] {logging_mixin.py:188} INFO - [2024-04-14T12:55:51.222+0000] {dagbag.py:350} ERROR - Failed to import: /opt/airflow/dags/stage/currency_usd.py
Traceback (most recent call last):
  File "/home/airflow/.local/lib/python3.8/site-packages/airflow/models/dagbag.py", line 346, in parse
    loader.exec_module(new_module)
  File "<frozen importlib._bootstrap_external>", line 843, in exec_module
  File "<frozen importlib._bootstrap>", line 219, in _call_with_frames_removed
  File "/opt/airflow/dags/stage/currency_usd.py", line 52, in <module>
    create_table = PostgresOperator(
  File "/home/airflow/.local/lib/python3.8/site-packages/airflow/models/baseoperator.py", line 437, in apply_defaults
    result = func(self, **kwargs, default_args=default_args)
  File "/home/airflow/.local/lib/python3.8/site-packages/airflow/providers/postgres/operators/postgres.py", line 84, in __init__
    super().__init__(conn_id=postgres_conn_id, **kwargs)
  File "/home/airflow/.local/lib/python3.8/site-packages/airflow/models/baseoperator.py", line 437, in apply_defaults
    result = func(self, **kwargs, default_args=default_args)
  File "/home/airflow/.local/lib/python3.8/site-packages/airflow/providers/common/sql/operators/sql.py", line 242, in __init__
    super().__init__(conn_id=conn_id, database=database, **kwargs)
  File "/home/airflow/.local/lib/python3.8/site-packages/airflow/models/baseoperator.py", line 437, in apply_defaults
    result = func(self, **kwargs, default_args=default_args)
  File "/home/airflow/.local/lib/python3.8/site-packages/airflow/providers/common/sql/operators/sql.py", line 139, in __init__
    super().__init__(**kwargs)
  File "/home/airflow/.local/lib/python3.8/site-packages/airflow/models/baseoperator.py", line 437, in apply_defaults
    result = func(self, **kwargs, default_args=default_args)
  File "/home/airflow/.local/lib/python3.8/site-packages/airflow/models/baseoperator.py", line 811, in __init__
    task_group.add(self)
  File "/home/airflow/.local/lib/python3.8/site-packages/airflow/utils/task_group.py", line 231, in add
    raise DuplicateTaskIdFound(f"{node_type} id '{key}' has already been added to the DAG")
airflow.exceptions.DuplicateTaskIdFound: Task id 'create_table' has already been added to the DAG
[2024-04-14T12:55:51.275+0000] {processor.py:842} WARNING - No viable dags retrieved from /opt/airflow/dags/stage/currency_usd.py
[2024-04-14T12:55:51.327+0000] {processor.py:183} INFO - Processing /opt/airflow/dags/stage/currency_usd.py took 0.179 seconds
[2024-04-14T12:56:21.555+0000] {processor.py:161} INFO - Started process (PID=111) to work on /opt/airflow/dags/stage/currency_usd.py
[2024-04-14T12:56:21.557+0000] {processor.py:830} INFO - Processing file /opt/airflow/dags/stage/currency_usd.py for tasks to queue
[2024-04-14T12:56:21.559+0000] {logging_mixin.py:188} INFO - [2024-04-14T12:56:21.559+0000] {dagbag.py:540} INFO - Filling up the DagBag from /opt/airflow/dags/stage/currency_usd.py
[2024-04-14T12:56:21.607+0000] {logging_mixin.py:188} INFO - [2024-04-14T12:56:21.597+0000] {dagbag.py:350} ERROR - Failed to import: /opt/airflow/dags/stage/currency_usd.py
Traceback (most recent call last):
  File "/home/airflow/.local/lib/python3.8/site-packages/airflow/models/dagbag.py", line 346, in parse
    loader.exec_module(new_module)
  File "<frozen importlib._bootstrap_external>", line 843, in exec_module
  File "<frozen importlib._bootstrap>", line 219, in _call_with_frames_removed
  File "/opt/airflow/dags/stage/currency_usd.py", line 52, in <module>
    create_table = PostgresOperator(
  File "/home/airflow/.local/lib/python3.8/site-packages/airflow/models/baseoperator.py", line 437, in apply_defaults
    result = func(self, **kwargs, default_args=default_args)
  File "/home/airflow/.local/lib/python3.8/site-packages/airflow/providers/postgres/operators/postgres.py", line 84, in __init__
    super().__init__(conn_id=postgres_conn_id, **kwargs)
  File "/home/airflow/.local/lib/python3.8/site-packages/airflow/models/baseoperator.py", line 437, in apply_defaults
    result = func(self, **kwargs, default_args=default_args)
  File "/home/airflow/.local/lib/python3.8/site-packages/airflow/providers/common/sql/operators/sql.py", line 242, in __init__
    super().__init__(conn_id=conn_id, database=database, **kwargs)
  File "/home/airflow/.local/lib/python3.8/site-packages/airflow/models/baseoperator.py", line 437, in apply_defaults
    result = func(self, **kwargs, default_args=default_args)
  File "/home/airflow/.local/lib/python3.8/site-packages/airflow/providers/common/sql/operators/sql.py", line 139, in __init__
    super().__init__(**kwargs)
  File "/home/airflow/.local/lib/python3.8/site-packages/airflow/models/baseoperator.py", line 437, in apply_defaults
    result = func(self, **kwargs, default_args=default_args)
  File "/home/airflow/.local/lib/python3.8/site-packages/airflow/models/baseoperator.py", line 811, in __init__
    task_group.add(self)
  File "/home/airflow/.local/lib/python3.8/site-packages/airflow/utils/task_group.py", line 231, in add
    raise DuplicateTaskIdFound(f"{node_type} id '{key}' has already been added to the DAG")
airflow.exceptions.DuplicateTaskIdFound: Task id 'create_table' has already been added to the DAG
[2024-04-14T12:56:21.607+0000] {processor.py:842} WARNING - No viable dags retrieved from /opt/airflow/dags/stage/currency_usd.py
[2024-04-14T12:56:21.634+0000] {processor.py:183} INFO - Processing /opt/airflow/dags/stage/currency_usd.py took 0.083 seconds
[2024-04-14T12:56:52.363+0000] {processor.py:161} INFO - Started process (PID=127) to work on /opt/airflow/dags/stage/currency_usd.py
[2024-04-14T12:56:52.364+0000] {processor.py:830} INFO - Processing file /opt/airflow/dags/stage/currency_usd.py for tasks to queue
[2024-04-14T12:56:52.367+0000] {logging_mixin.py:188} INFO - [2024-04-14T12:56:52.366+0000] {dagbag.py:540} INFO - Filling up the DagBag from /opt/airflow/dags/stage/currency_usd.py
[2024-04-14T12:56:52.416+0000] {logging_mixin.py:188} INFO - [2024-04-14T12:56:52.407+0000] {dagbag.py:350} ERROR - Failed to import: /opt/airflow/dags/stage/currency_usd.py
Traceback (most recent call last):
  File "/home/airflow/.local/lib/python3.8/site-packages/airflow/models/dagbag.py", line 346, in parse
    loader.exec_module(new_module)
  File "<frozen importlib._bootstrap_external>", line 843, in exec_module
  File "<frozen importlib._bootstrap>", line 219, in _call_with_frames_removed
  File "/opt/airflow/dags/stage/currency_usd.py", line 52, in <module>
    create_table = PostgresOperator(
  File "/home/airflow/.local/lib/python3.8/site-packages/airflow/models/baseoperator.py", line 437, in apply_defaults
    result = func(self, **kwargs, default_args=default_args)
  File "/home/airflow/.local/lib/python3.8/site-packages/airflow/providers/postgres/operators/postgres.py", line 84, in __init__
    super().__init__(conn_id=postgres_conn_id, **kwargs)
  File "/home/airflow/.local/lib/python3.8/site-packages/airflow/models/baseoperator.py", line 437, in apply_defaults
    result = func(self, **kwargs, default_args=default_args)
  File "/home/airflow/.local/lib/python3.8/site-packages/airflow/providers/common/sql/operators/sql.py", line 242, in __init__
    super().__init__(conn_id=conn_id, database=database, **kwargs)
  File "/home/airflow/.local/lib/python3.8/site-packages/airflow/models/baseoperator.py", line 437, in apply_defaults
    result = func(self, **kwargs, default_args=default_args)
  File "/home/airflow/.local/lib/python3.8/site-packages/airflow/providers/common/sql/operators/sql.py", line 139, in __init__
    super().__init__(**kwargs)
  File "/home/airflow/.local/lib/python3.8/site-packages/airflow/models/baseoperator.py", line 437, in apply_defaults
    result = func(self, **kwargs, default_args=default_args)
  File "/home/airflow/.local/lib/python3.8/site-packages/airflow/models/baseoperator.py", line 811, in __init__
    task_group.add(self)
  File "/home/airflow/.local/lib/python3.8/site-packages/airflow/utils/task_group.py", line 231, in add
    raise DuplicateTaskIdFound(f"{node_type} id '{key}' has already been added to the DAG")
airflow.exceptions.DuplicateTaskIdFound: Task id 'create_table' has already been added to the DAG
[2024-04-14T12:56:52.417+0000] {processor.py:842} WARNING - No viable dags retrieved from /opt/airflow/dags/stage/currency_usd.py
[2024-04-14T12:56:52.442+0000] {processor.py:183} INFO - Processing /opt/airflow/dags/stage/currency_usd.py took 0.083 seconds
[2024-04-14T12:57:24.108+0000] {processor.py:161} INFO - Started process (PID=143) to work on /opt/airflow/dags/stage/currency_usd.py
[2024-04-14T12:57:24.112+0000] {processor.py:830} INFO - Processing file /opt/airflow/dags/stage/currency_usd.py for tasks to queue
[2024-04-14T12:57:24.117+0000] {logging_mixin.py:188} INFO - [2024-04-14T12:57:24.116+0000] {dagbag.py:540} INFO - Filling up the DagBag from /opt/airflow/dags/stage/currency_usd.py
[2024-04-14T12:57:24.285+0000] {logging_mixin.py:188} INFO - [2024-04-14T12:57:24.261+0000] {dagbag.py:350} ERROR - Failed to import: /opt/airflow/dags/stage/currency_usd.py
Traceback (most recent call last):
  File "/home/airflow/.local/lib/python3.8/site-packages/airflow/models/dagbag.py", line 346, in parse
    loader.exec_module(new_module)
  File "<frozen importlib._bootstrap_external>", line 843, in exec_module
  File "<frozen importlib._bootstrap>", line 219, in _call_with_frames_removed
  File "/opt/airflow/dags/stage/currency_usd.py", line 52, in <module>
    create_table = PostgresOperator(
  File "/home/airflow/.local/lib/python3.8/site-packages/airflow/models/baseoperator.py", line 437, in apply_defaults
    result = func(self, **kwargs, default_args=default_args)
  File "/home/airflow/.local/lib/python3.8/site-packages/airflow/providers/postgres/operators/postgres.py", line 84, in __init__
    super().__init__(conn_id=postgres_conn_id, **kwargs)
  File "/home/airflow/.local/lib/python3.8/site-packages/airflow/models/baseoperator.py", line 437, in apply_defaults
    result = func(self, **kwargs, default_args=default_args)
  File "/home/airflow/.local/lib/python3.8/site-packages/airflow/providers/common/sql/operators/sql.py", line 242, in __init__
    super().__init__(conn_id=conn_id, database=database, **kwargs)
  File "/home/airflow/.local/lib/python3.8/site-packages/airflow/models/baseoperator.py", line 437, in apply_defaults
    result = func(self, **kwargs, default_args=default_args)
  File "/home/airflow/.local/lib/python3.8/site-packages/airflow/providers/common/sql/operators/sql.py", line 139, in __init__
    super().__init__(**kwargs)
  File "/home/airflow/.local/lib/python3.8/site-packages/airflow/models/baseoperator.py", line 437, in apply_defaults
    result = func(self, **kwargs, default_args=default_args)
  File "/home/airflow/.local/lib/python3.8/site-packages/airflow/models/baseoperator.py", line 811, in __init__
    task_group.add(self)
  File "/home/airflow/.local/lib/python3.8/site-packages/airflow/utils/task_group.py", line 231, in add
    raise DuplicateTaskIdFound(f"{node_type} id '{key}' has already been added to the DAG")
airflow.exceptions.DuplicateTaskIdFound: Task id 'create_table' has already been added to the DAG
[2024-04-14T12:57:24.286+0000] {processor.py:842} WARNING - No viable dags retrieved from /opt/airflow/dags/stage/currency_usd.py
[2024-04-14T12:57:24.359+0000] {processor.py:183} INFO - Processing /opt/airflow/dags/stage/currency_usd.py took 0.270 seconds
[2024-04-14T12:57:54.889+0000] {processor.py:161} INFO - Started process (PID=160) to work on /opt/airflow/dags/stage/currency_usd.py
[2024-04-14T12:57:54.894+0000] {processor.py:830} INFO - Processing file /opt/airflow/dags/stage/currency_usd.py for tasks to queue
[2024-04-14T12:57:54.898+0000] {logging_mixin.py:188} INFO - [2024-04-14T12:57:54.897+0000] {dagbag.py:540} INFO - Filling up the DagBag from /opt/airflow/dags/stage/currency_usd.py
[2024-04-14T12:57:54.961+0000] {logging_mixin.py:188} INFO - [2024-04-14T12:57:54.949+0000] {dagbag.py:350} ERROR - Failed to import: /opt/airflow/dags/stage/currency_usd.py
Traceback (most recent call last):
  File "/home/airflow/.local/lib/python3.8/site-packages/airflow/models/dagbag.py", line 346, in parse
    loader.exec_module(new_module)
  File "<frozen importlib._bootstrap_external>", line 843, in exec_module
  File "<frozen importlib._bootstrap>", line 219, in _call_with_frames_removed
  File "/opt/airflow/dags/stage/currency_usd.py", line 52, in <module>
    create_table = PostgresOperator(
  File "/home/airflow/.local/lib/python3.8/site-packages/airflow/models/baseoperator.py", line 437, in apply_defaults
    result = func(self, **kwargs, default_args=default_args)
  File "/home/airflow/.local/lib/python3.8/site-packages/airflow/providers/postgres/operators/postgres.py", line 84, in __init__
    super().__init__(conn_id=postgres_conn_id, **kwargs)
  File "/home/airflow/.local/lib/python3.8/site-packages/airflow/models/baseoperator.py", line 437, in apply_defaults
    result = func(self, **kwargs, default_args=default_args)
  File "/home/airflow/.local/lib/python3.8/site-packages/airflow/providers/common/sql/operators/sql.py", line 242, in __init__
    super().__init__(conn_id=conn_id, database=database, **kwargs)
  File "/home/airflow/.local/lib/python3.8/site-packages/airflow/models/baseoperator.py", line 437, in apply_defaults
    result = func(self, **kwargs, default_args=default_args)
  File "/home/airflow/.local/lib/python3.8/site-packages/airflow/providers/common/sql/operators/sql.py", line 139, in __init__
    super().__init__(**kwargs)
  File "/home/airflow/.local/lib/python3.8/site-packages/airflow/models/baseoperator.py", line 437, in apply_defaults
    result = func(self, **kwargs, default_args=default_args)
  File "/home/airflow/.local/lib/python3.8/site-packages/airflow/models/baseoperator.py", line 811, in __init__
    task_group.add(self)
  File "/home/airflow/.local/lib/python3.8/site-packages/airflow/utils/task_group.py", line 231, in add
    raise DuplicateTaskIdFound(f"{node_type} id '{key}' has already been added to the DAG")
airflow.exceptions.DuplicateTaskIdFound: Task id 'create_table' has already been added to the DAG
[2024-04-14T12:57:54.964+0000] {processor.py:842} WARNING - No viable dags retrieved from /opt/airflow/dags/stage/currency_usd.py
[2024-04-14T12:57:55.010+0000] {processor.py:183} INFO - Processing /opt/airflow/dags/stage/currency_usd.py took 0.129 seconds
[2024-04-14T12:58:04.565+0000] {processor.py:161} INFO - Started process (PID=168) to work on /opt/airflow/dags/stage/currency_usd.py
[2024-04-14T12:58:04.575+0000] {processor.py:830} INFO - Processing file /opt/airflow/dags/stage/currency_usd.py for tasks to queue
[2024-04-14T12:58:04.581+0000] {logging_mixin.py:188} INFO - [2024-04-14T12:58:04.580+0000] {dagbag.py:540} INFO - Filling up the DagBag from /opt/airflow/dags/stage/currency_usd.py
[2024-04-14T12:58:04.702+0000] {logging_mixin.py:188} INFO - [2024-04-14T12:58:04.701+0000] {templater.py:95} ERROR - Failed to resolve template field 'sql'
Traceback (most recent call last):
  File "/home/airflow/.local/lib/python3.8/site-packages/airflow/template/templater.py", line 93, in resolve_template_files
    setattr(self, field, env.loader.get_source(env, content)[0])  # type: ignore
  File "/home/airflow/.local/lib/python3.8/site-packages/jinja2/loaders.py", line 204, in get_source
    raise TemplateNotFound(template)
jinja2.exceptions.TemplateNotFound: scripts/create_schemas.sql
[2024-04-14T12:58:04.709+0000] {logging_mixin.py:188} INFO - [2024-04-14T12:58:04.706+0000] {templater.py:95} ERROR - Failed to resolve template field 'sql'
Traceback (most recent call last):
  File "/home/airflow/.local/lib/python3.8/site-packages/airflow/template/templater.py", line 93, in resolve_template_files
    setattr(self, field, env.loader.get_source(env, content)[0])  # type: ignore
  File "/home/airflow/.local/lib/python3.8/site-packages/jinja2/loaders.py", line 204, in get_source
    raise TemplateNotFound(template)
jinja2.exceptions.TemplateNotFound: scripts/create_currency_usd.sql
[2024-04-14T12:58:04.718+0000] {processor.py:840} INFO - DAG(s) 'currency_parsing_usd' retrieved from /opt/airflow/dags/stage/currency_usd.py
[2024-04-14T12:58:05.606+0000] {logging_mixin.py:188} INFO - [2024-04-14T12:58:05.597+0000] {override.py:1769} INFO - Created Permission View: can delete on DAG:currency_parsing_usd
[2024-04-14T12:58:05.678+0000] {logging_mixin.py:188} INFO - [2024-04-14T12:58:05.677+0000] {override.py:1769} INFO - Created Permission View: can edit on DAG:currency_parsing_usd
[2024-04-14T12:58:05.753+0000] {logging_mixin.py:188} INFO - [2024-04-14T12:58:05.752+0000] {override.py:1769} INFO - Created Permission View: can read on DAG:currency_parsing_usd
[2024-04-14T12:58:05.761+0000] {logging_mixin.py:188} INFO - [2024-04-14T12:58:05.760+0000] {dag.py:3047} INFO - Sync 1 DAGs
[2024-04-14T12:58:05.827+0000] {logging_mixin.py:188} INFO - [2024-04-14T12:58:05.826+0000] {dag.py:3069} INFO - Creating ORM DAG for currency_parsing_usd
[2024-04-14T12:58:06.008+0000] {logging_mixin.py:188} INFO - [2024-04-14T12:58:06.007+0000] {dag.py:3834} INFO - Setting next_dagrun for currency_parsing_usd to None, run_after=None
[2024-04-14T12:58:06.276+0000] {processor.py:183} INFO - Processing /opt/airflow/dags/stage/currency_usd.py took 1.719 seconds
[2024-04-14T12:58:37.158+0000] {processor.py:161} INFO - Started process (PID=185) to work on /opt/airflow/dags/stage/currency_usd.py
[2024-04-14T12:58:37.160+0000] {processor.py:830} INFO - Processing file /opt/airflow/dags/stage/currency_usd.py for tasks to queue
[2024-04-14T12:58:37.165+0000] {logging_mixin.py:188} INFO - [2024-04-14T12:58:37.162+0000] {dagbag.py:540} INFO - Filling up the DagBag from /opt/airflow/dags/stage/currency_usd.py
[2024-04-14T12:58:37.230+0000] {logging_mixin.py:188} INFO - [2024-04-14T12:58:37.228+0000] {templater.py:95} ERROR - Failed to resolve template field 'sql'
Traceback (most recent call last):
  File "/home/airflow/.local/lib/python3.8/site-packages/airflow/template/templater.py", line 93, in resolve_template_files
    setattr(self, field, env.loader.get_source(env, content)[0])  # type: ignore
  File "/home/airflow/.local/lib/python3.8/site-packages/jinja2/loaders.py", line 204, in get_source
    raise TemplateNotFound(template)
jinja2.exceptions.TemplateNotFound: scripts/create_schemas.sql
[2024-04-14T12:58:37.232+0000] {logging_mixin.py:188} INFO - [2024-04-14T12:58:37.231+0000] {templater.py:95} ERROR - Failed to resolve template field 'sql'
Traceback (most recent call last):
  File "/home/airflow/.local/lib/python3.8/site-packages/airflow/template/templater.py", line 93, in resolve_template_files
    setattr(self, field, env.loader.get_source(env, content)[0])  # type: ignore
  File "/home/airflow/.local/lib/python3.8/site-packages/jinja2/loaders.py", line 204, in get_source
    raise TemplateNotFound(template)
jinja2.exceptions.TemplateNotFound: scripts/create_currency_usd.sql
[2024-04-14T12:58:37.240+0000] {processor.py:840} INFO - DAG(s) 'currency_parsing_usd' retrieved from /opt/airflow/dags/stage/currency_usd.py
[2024-04-14T12:58:37.289+0000] {logging_mixin.py:188} INFO - [2024-04-14T12:58:37.289+0000] {dag.py:3047} INFO - Sync 1 DAGs
[2024-04-14T12:58:37.332+0000] {logging_mixin.py:188} INFO - [2024-04-14T12:58:37.332+0000] {dag.py:3834} INFO - Setting next_dagrun for currency_parsing_usd to None, run_after=None
[2024-04-14T12:58:37.388+0000] {processor.py:183} INFO - Processing /opt/airflow/dags/stage/currency_usd.py took 0.236 seconds
[2024-04-14T12:59:07.633+0000] {processor.py:161} INFO - Started process (PID=201) to work on /opt/airflow/dags/stage/currency_usd.py
[2024-04-14T12:59:07.638+0000] {processor.py:830} INFO - Processing file /opt/airflow/dags/stage/currency_usd.py for tasks to queue
[2024-04-14T12:59:07.641+0000] {logging_mixin.py:188} INFO - [2024-04-14T12:59:07.640+0000] {dagbag.py:540} INFO - Filling up the DagBag from /opt/airflow/dags/stage/currency_usd.py
[2024-04-14T12:59:07.728+0000] {logging_mixin.py:188} INFO - [2024-04-14T12:59:07.726+0000] {templater.py:95} ERROR - Failed to resolve template field 'sql'
Traceback (most recent call last):
  File "/home/airflow/.local/lib/python3.8/site-packages/airflow/template/templater.py", line 93, in resolve_template_files
    setattr(self, field, env.loader.get_source(env, content)[0])  # type: ignore
  File "/home/airflow/.local/lib/python3.8/site-packages/jinja2/loaders.py", line 204, in get_source
    raise TemplateNotFound(template)
jinja2.exceptions.TemplateNotFound: scripts/create_schemas.sql
[2024-04-14T12:59:07.732+0000] {logging_mixin.py:188} INFO - [2024-04-14T12:59:07.732+0000] {templater.py:95} ERROR - Failed to resolve template field 'sql'
Traceback (most recent call last):
  File "/home/airflow/.local/lib/python3.8/site-packages/airflow/template/templater.py", line 93, in resolve_template_files
    setattr(self, field, env.loader.get_source(env, content)[0])  # type: ignore
  File "/home/airflow/.local/lib/python3.8/site-packages/jinja2/loaders.py", line 204, in get_source
    raise TemplateNotFound(template)
jinja2.exceptions.TemplateNotFound: scripts/create_currency_usd.sql
[2024-04-14T12:59:07.743+0000] {processor.py:840} INFO - DAG(s) 'currency_parsing_usd' retrieved from /opt/airflow/dags/stage/currency_usd.py
[2024-04-14T12:59:07.821+0000] {logging_mixin.py:188} INFO - [2024-04-14T12:59:07.821+0000] {dag.py:3047} INFO - Sync 1 DAGs
[2024-04-14T12:59:07.888+0000] {logging_mixin.py:188} INFO - [2024-04-14T12:59:07.887+0000] {dag.py:3834} INFO - Setting next_dagrun for currency_parsing_usd to None, run_after=None
[2024-04-14T12:59:07.974+0000] {processor.py:183} INFO - Processing /opt/airflow/dags/stage/currency_usd.py took 0.349 seconds
[2024-04-14T12:59:39.284+0000] {processor.py:161} INFO - Started process (PID=217) to work on /opt/airflow/dags/stage/currency_usd.py
[2024-04-14T12:59:39.291+0000] {processor.py:830} INFO - Processing file /opt/airflow/dags/stage/currency_usd.py for tasks to queue
[2024-04-14T12:59:39.299+0000] {logging_mixin.py:188} INFO - [2024-04-14T12:59:39.298+0000] {dagbag.py:540} INFO - Filling up the DagBag from /opt/airflow/dags/stage/currency_usd.py
[2024-04-14T12:59:39.493+0000] {logging_mixin.py:188} INFO - [2024-04-14T12:59:39.491+0000] {templater.py:95} ERROR - Failed to resolve template field 'sql'
Traceback (most recent call last):
  File "/home/airflow/.local/lib/python3.8/site-packages/airflow/template/templater.py", line 93, in resolve_template_files
    setattr(self, field, env.loader.get_source(env, content)[0])  # type: ignore
  File "/home/airflow/.local/lib/python3.8/site-packages/jinja2/loaders.py", line 204, in get_source
    raise TemplateNotFound(template)
jinja2.exceptions.TemplateNotFound: scripts/create_schemas.sql
[2024-04-14T12:59:39.499+0000] {logging_mixin.py:188} INFO - [2024-04-14T12:59:39.498+0000] {templater.py:95} ERROR - Failed to resolve template field 'sql'
Traceback (most recent call last):
  File "/home/airflow/.local/lib/python3.8/site-packages/airflow/template/templater.py", line 93, in resolve_template_files
    setattr(self, field, env.loader.get_source(env, content)[0])  # type: ignore
  File "/home/airflow/.local/lib/python3.8/site-packages/jinja2/loaders.py", line 204, in get_source
    raise TemplateNotFound(template)
jinja2.exceptions.TemplateNotFound: scripts/create_currency_usd.sql
[2024-04-14T12:59:39.508+0000] {processor.py:840} INFO - DAG(s) 'currency_parsing_usd' retrieved from /opt/airflow/dags/stage/currency_usd.py
[2024-04-14T12:59:39.617+0000] {logging_mixin.py:188} INFO - [2024-04-14T12:59:39.617+0000] {dag.py:3047} INFO - Sync 1 DAGs
[2024-04-14T12:59:39.742+0000] {logging_mixin.py:188} INFO - [2024-04-14T12:59:39.742+0000] {dag.py:3834} INFO - Setting next_dagrun for currency_parsing_usd to None, run_after=None
[2024-04-14T12:59:39.860+0000] {processor.py:183} INFO - Processing /opt/airflow/dags/stage/currency_usd.py took 0.597 seconds
[2024-04-14T13:00:10.156+0000] {processor.py:161} INFO - Started process (PID=233) to work on /opt/airflow/dags/stage/currency_usd.py
[2024-04-14T13:00:10.158+0000] {processor.py:830} INFO - Processing file /opt/airflow/dags/stage/currency_usd.py for tasks to queue
[2024-04-14T13:00:10.161+0000] {logging_mixin.py:188} INFO - [2024-04-14T13:00:10.161+0000] {dagbag.py:540} INFO - Filling up the DagBag from /opt/airflow/dags/stage/currency_usd.py
[2024-04-14T13:00:10.215+0000] {logging_mixin.py:188} INFO - [2024-04-14T13:00:10.214+0000] {templater.py:95} ERROR - Failed to resolve template field 'sql'
Traceback (most recent call last):
  File "/home/airflow/.local/lib/python3.8/site-packages/airflow/template/templater.py", line 93, in resolve_template_files
    setattr(self, field, env.loader.get_source(env, content)[0])  # type: ignore
  File "/home/airflow/.local/lib/python3.8/site-packages/jinja2/loaders.py", line 204, in get_source
    raise TemplateNotFound(template)
jinja2.exceptions.TemplateNotFound: scripts/create_schemas.sql
[2024-04-14T13:00:10.218+0000] {logging_mixin.py:188} INFO - [2024-04-14T13:00:10.217+0000] {templater.py:95} ERROR - Failed to resolve template field 'sql'
Traceback (most recent call last):
  File "/home/airflow/.local/lib/python3.8/site-packages/airflow/template/templater.py", line 93, in resolve_template_files
    setattr(self, field, env.loader.get_source(env, content)[0])  # type: ignore
  File "/home/airflow/.local/lib/python3.8/site-packages/jinja2/loaders.py", line 204, in get_source
    raise TemplateNotFound(template)
jinja2.exceptions.TemplateNotFound: scripts/create_currency_usd.sql
[2024-04-14T13:00:10.225+0000] {processor.py:840} INFO - DAG(s) 'currency_parsing_usd' retrieved from /opt/airflow/dags/stage/currency_usd.py
[2024-04-14T13:00:10.271+0000] {logging_mixin.py:188} INFO - [2024-04-14T13:00:10.271+0000] {dag.py:3047} INFO - Sync 1 DAGs
[2024-04-14T13:00:10.320+0000] {logging_mixin.py:188} INFO - [2024-04-14T13:00:10.320+0000] {dag.py:3834} INFO - Setting next_dagrun for currency_parsing_usd to None, run_after=None
[2024-04-14T13:00:10.353+0000] {processor.py:183} INFO - Processing /opt/airflow/dags/stage/currency_usd.py took 0.202 seconds
[2024-04-14T13:00:41.048+0000] {processor.py:161} INFO - Started process (PID=250) to work on /opt/airflow/dags/stage/currency_usd.py
[2024-04-14T13:00:41.061+0000] {processor.py:830} INFO - Processing file /opt/airflow/dags/stage/currency_usd.py for tasks to queue
[2024-04-14T13:00:41.076+0000] {logging_mixin.py:188} INFO - [2024-04-14T13:00:41.076+0000] {dagbag.py:540} INFO - Filling up the DagBag from /opt/airflow/dags/stage/currency_usd.py
[2024-04-14T13:00:41.300+0000] {logging_mixin.py:188} INFO - [2024-04-14T13:00:41.291+0000] {templater.py:95} ERROR - Failed to resolve template field 'sql'
Traceback (most recent call last):
  File "/home/airflow/.local/lib/python3.8/site-packages/airflow/template/templater.py", line 93, in resolve_template_files
    setattr(self, field, env.loader.get_source(env, content)[0])  # type: ignore
  File "/home/airflow/.local/lib/python3.8/site-packages/jinja2/loaders.py", line 204, in get_source
    raise TemplateNotFound(template)
jinja2.exceptions.TemplateNotFound: scripts/create_schemas.sql
[2024-04-14T13:00:41.415+0000] {logging_mixin.py:188} INFO - [2024-04-14T13:00:41.412+0000] {templater.py:95} ERROR - Failed to resolve template field 'sql'
Traceback (most recent call last):
  File "/home/airflow/.local/lib/python3.8/site-packages/airflow/template/templater.py", line 93, in resolve_template_files
    setattr(self, field, env.loader.get_source(env, content)[0])  # type: ignore
  File "/home/airflow/.local/lib/python3.8/site-packages/jinja2/loaders.py", line 204, in get_source
    raise TemplateNotFound(template)
jinja2.exceptions.TemplateNotFound: scripts/create_currency_usd.sql
[2024-04-14T13:00:41.539+0000] {processor.py:840} INFO - DAG(s) 'currency_parsing_usd' retrieved from /opt/airflow/dags/stage/currency_usd.py
[2024-04-14T13:00:41.879+0000] {logging_mixin.py:188} INFO - [2024-04-14T13:00:41.879+0000] {dag.py:3047} INFO - Sync 1 DAGs
[2024-04-14T13:00:41.958+0000] {logging_mixin.py:188} INFO - [2024-04-14T13:00:41.958+0000] {dag.py:3834} INFO - Setting next_dagrun for currency_parsing_usd to None, run_after=None
[2024-04-14T13:00:42.043+0000] {processor.py:183} INFO - Processing /opt/airflow/dags/stage/currency_usd.py took 1.015 seconds
[2024-04-14T13:01:12.923+0000] {processor.py:161} INFO - Started process (PID=266) to work on /opt/airflow/dags/stage/currency_usd.py
[2024-04-14T13:01:12.946+0000] {processor.py:830} INFO - Processing file /opt/airflow/dags/stage/currency_usd.py for tasks to queue
[2024-04-14T13:01:12.964+0000] {logging_mixin.py:188} INFO - [2024-04-14T13:01:12.963+0000] {dagbag.py:540} INFO - Filling up the DagBag from /opt/airflow/dags/stage/currency_usd.py
[2024-04-14T13:01:13.154+0000] {logging_mixin.py:188} INFO - [2024-04-14T13:01:13.152+0000] {templater.py:95} ERROR - Failed to resolve template field 'sql'
Traceback (most recent call last):
  File "/home/airflow/.local/lib/python3.8/site-packages/airflow/template/templater.py", line 93, in resolve_template_files
    setattr(self, field, env.loader.get_source(env, content)[0])  # type: ignore
  File "/home/airflow/.local/lib/python3.8/site-packages/jinja2/loaders.py", line 204, in get_source
    raise TemplateNotFound(template)
jinja2.exceptions.TemplateNotFound: scripts/create_schemas.sql
[2024-04-14T13:01:13.160+0000] {logging_mixin.py:188} INFO - [2024-04-14T13:01:13.158+0000] {templater.py:95} ERROR - Failed to resolve template field 'sql'
Traceback (most recent call last):
  File "/home/airflow/.local/lib/python3.8/site-packages/airflow/template/templater.py", line 93, in resolve_template_files
    setattr(self, field, env.loader.get_source(env, content)[0])  # type: ignore
  File "/home/airflow/.local/lib/python3.8/site-packages/jinja2/loaders.py", line 204, in get_source
    raise TemplateNotFound(template)
jinja2.exceptions.TemplateNotFound: scripts/create_currency_usd.sql
[2024-04-14T13:01:13.175+0000] {processor.py:840} INFO - DAG(s) 'currency_parsing_usd' retrieved from /opt/airflow/dags/stage/currency_usd.py
[2024-04-14T13:01:13.255+0000] {logging_mixin.py:188} INFO - [2024-04-14T13:01:13.255+0000] {dag.py:3047} INFO - Sync 1 DAGs
[2024-04-14T13:01:13.337+0000] {logging_mixin.py:188} INFO - [2024-04-14T13:01:13.336+0000] {dag.py:3834} INFO - Setting next_dagrun for currency_parsing_usd to None, run_after=None
[2024-04-14T13:01:13.425+0000] {processor.py:183} INFO - Processing /opt/airflow/dags/stage/currency_usd.py took 0.544 seconds
