[2024-04-14T12:59:50.401+0000] {processor.py:161} INFO - Started process (PID=224) to work on /opt/airflow/dags/stage/currency_kzt.py
[2024-04-14T12:59:50.416+0000] {processor.py:830} INFO - Processing file /opt/airflow/dags/stage/currency_kzt.py for tasks to queue
[2024-04-14T12:59:50.425+0000] {logging_mixin.py:188} INFO - [2024-04-14T12:59:50.425+0000] {dagbag.py:540} INFO - Filling up the DagBag from /opt/airflow/dags/stage/currency_kzt.py
[2024-04-14T12:59:51.380+0000] {logging_mixin.py:188} INFO - [2024-04-14T12:59:51.369+0000] {dagbag.py:350} ERROR - Failed to import: /opt/airflow/dags/stage/currency_kzt.py
Traceback (most recent call last):
  File "/home/airflow/.local/lib/python3.8/site-packages/airflow/models/dagbag.py", line 346, in parse
    loader.exec_module(new_module)
  File "<frozen importlib._bootstrap_external>", line 843, in exec_module
  File "<frozen importlib._bootstrap>", line 219, in _call_with_frames_removed
  File "/opt/airflow/dags/stage/currency_kzt.py", line 72, in <module>
    python_callable=get_data_23,
NameError: name 'get_data_23' is not defined
[2024-04-14T12:59:51.383+0000] {processor.py:842} WARNING - No viable dags retrieved from /opt/airflow/dags/stage/currency_kzt.py
[2024-04-14T12:59:51.437+0000] {processor.py:183} INFO - Processing /opt/airflow/dags/stage/currency_kzt.py took 1.056 seconds
[2024-04-14T13:00:22.045+0000] {processor.py:161} INFO - Started process (PID=238) to work on /opt/airflow/dags/stage/currency_kzt.py
[2024-04-14T13:00:22.048+0000] {processor.py:830} INFO - Processing file /opt/airflow/dags/stage/currency_kzt.py for tasks to queue
[2024-04-14T13:00:22.050+0000] {logging_mixin.py:188} INFO - [2024-04-14T13:00:22.049+0000] {dagbag.py:540} INFO - Filling up the DagBag from /opt/airflow/dags/stage/currency_kzt.py
[2024-04-14T13:00:22.403+0000] {logging_mixin.py:188} INFO - [2024-04-14T13:00:22.395+0000] {dagbag.py:350} ERROR - Failed to import: /opt/airflow/dags/stage/currency_kzt.py
Traceback (most recent call last):
  File "/home/airflow/.local/lib/python3.8/site-packages/airflow/models/dagbag.py", line 346, in parse
    loader.exec_module(new_module)
  File "<frozen importlib._bootstrap_external>", line 843, in exec_module
  File "<frozen importlib._bootstrap>", line 219, in _call_with_frames_removed
  File "/opt/airflow/dags/stage/currency_kzt.py", line 72, in <module>
    python_callable=get_data_23,
NameError: name 'get_data_23' is not defined
[2024-04-14T13:00:22.408+0000] {processor.py:842} WARNING - No viable dags retrieved from /opt/airflow/dags/stage/currency_kzt.py
[2024-04-14T13:00:22.457+0000] {processor.py:183} INFO - Processing /opt/airflow/dags/stage/currency_kzt.py took 0.420 seconds
[2024-04-14T13:00:53.092+0000] {processor.py:161} INFO - Started process (PID=253) to work on /opt/airflow/dags/stage/currency_kzt.py
[2024-04-14T13:00:53.098+0000] {processor.py:830} INFO - Processing file /opt/airflow/dags/stage/currency_kzt.py for tasks to queue
[2024-04-14T13:00:53.101+0000] {logging_mixin.py:188} INFO - [2024-04-14T13:00:53.100+0000] {dagbag.py:540} INFO - Filling up the DagBag from /opt/airflow/dags/stage/currency_kzt.py
[2024-04-14T13:00:53.559+0000] {logging_mixin.py:188} INFO - [2024-04-14T13:00:53.551+0000] {dagbag.py:350} ERROR - Failed to import: /opt/airflow/dags/stage/currency_kzt.py
Traceback (most recent call last):
  File "/home/airflow/.local/lib/python3.8/site-packages/airflow/models/dagbag.py", line 346, in parse
    loader.exec_module(new_module)
  File "<frozen importlib._bootstrap_external>", line 843, in exec_module
  File "<frozen importlib._bootstrap>", line 219, in _call_with_frames_removed
  File "/opt/airflow/dags/stage/currency_kzt.py", line 72, in <module>
    python_callable=get_data_23,
NameError: name 'get_data_23' is not defined
[2024-04-14T13:00:53.563+0000] {processor.py:842} WARNING - No viable dags retrieved from /opt/airflow/dags/stage/currency_kzt.py
[2024-04-14T13:00:53.604+0000] {processor.py:183} INFO - Processing /opt/airflow/dags/stage/currency_kzt.py took 0.520 seconds
[2024-04-14T13:01:24.280+0000] {processor.py:161} INFO - Started process (PID=269) to work on /opt/airflow/dags/stage/currency_kzt.py
[2024-04-14T13:01:24.282+0000] {processor.py:830} INFO - Processing file /opt/airflow/dags/stage/currency_kzt.py for tasks to queue
[2024-04-14T13:01:24.286+0000] {logging_mixin.py:188} INFO - [2024-04-14T13:01:24.285+0000] {dagbag.py:540} INFO - Filling up the DagBag from /opt/airflow/dags/stage/currency_kzt.py
