[2024-04-26T10:27:21.555+0000] {taskinstance.py:1979} INFO - Dependencies all met for dep_context=non-requeueable deps ti=<TaskInstance: currency_parsing.create_schema scheduled__2024-04-24T00:00:00+00:00 [queued]>
[2024-04-26T10:27:22.541+0000] {taskinstance.py:1979} INFO - Dependencies all met for dep_context=requeueable deps ti=<TaskInstance: currency_parsing.create_schema scheduled__2024-04-24T00:00:00+00:00 [queued]>
[2024-04-26T10:27:22.548+0000] {taskinstance.py:2193} INFO - Starting attempt 1 of 2
[2024-04-26T10:27:23.029+0000] {taskinstance.py:2214} INFO - Executing <Task(PostgresOperator): create_schema> on 2024-04-24 00:00:00+00:00
[2024-04-26T10:27:23.148+0000] {standard_task_runner.py:60} INFO - Started process 132 to run task
[2024-04-26T10:27:23.342+0000] {standard_task_runner.py:87} INFO - Running: ['***', 'tasks', 'run', 'currency_parsing', 'create_schema', 'scheduled__2024-04-24T00:00:00+00:00', '--job-id', '2138', '--raw', '--subdir', 'DAGS_FOLDER/stage/currency_parsing.py', '--cfg-path', '/tmp/tmp3b9q5nvv']
[2024-04-26T10:27:23.919+0000] {standard_task_runner.py:88} INFO - Job 2138: Subtask create_schema
[2024-04-26T10:27:28.669+0000] {task_command.py:423} INFO - Running <TaskInstance: currency_parsing.create_schema scheduled__2024-04-24T00:00:00+00:00 [running]> on host 4284c2c978e3
[2024-04-26T10:27:32.568+0000] {taskinstance.py:2510} INFO - Exporting env vars: AIRFLOW_CTX_DAG_OWNER='***' AIRFLOW_CTX_DAG_ID='currency_parsing' AIRFLOW_CTX_TASK_ID='create_schema' AIRFLOW_CTX_EXECUTION_DATE='2024-04-24T00:00:00+00:00' AIRFLOW_CTX_TRY_NUMBER='1' AIRFLOW_CTX_DAG_RUN_ID='scheduled__2024-04-24T00:00:00+00:00'
[2024-04-26T10:27:32.607+0000] {sql.py:276} INFO - Executing: CREATE SCHEMA if not exists stage;
[2024-04-26T10:27:32.790+0000] {base.py:83} INFO - Using connection ID 'dwh' for task execution.
[2024-04-26T10:27:33.373+0000] {base.py:83} INFO - Using connection ID 'dwh' for task execution.
[2024-04-26T10:27:33.396+0000] {sql.py:457} INFO - Running statement: CREATE SCHEMA if not exists stage;, parameters: None
[2024-04-26T10:27:33.467+0000] {warnings.py:109} WARNING - /home/***/.local/lib/python3.8/site-packages/***/providers/common/sql/hooks/sql.py:407: AirflowProviderDeprecationWarning: Call to deprecated method _make_common_data_structure. (The `_make_serializable` method is deprecated and support will be removed in a future version of the common.sql provider. Please update the DbApiHook's provider to a version based on common.sql >= 1.9.1.)
  result = self._make_common_data_structure(handler(cur))

[2024-04-26T10:27:33.765+0000] {taskinstance.py:1149} INFO - Marking task as SUCCESS. dag_id=currency_parsing, task_id=create_schema, execution_date=20240424T000000, start_date=20240426T102721, end_date=20240426T102733
[2024-04-26T10:27:34.253+0000] {local_task_job_runner.py:234} INFO - Task exited with return code 0
[2024-04-26T10:27:34.299+0000] {warnings.py:109} WARNING - /home/***/.local/lib/python3.8/site-packages/***/models/baseoperator.py:1201: AirflowProviderDeprecationWarning: Call to deprecated class PostgresOperator. (Please use `***.providers.common.sql.operators.sql.SQLExecuteQueryOperator`.Also, you can provide `hook_params={'schema': <database>}`.)
  result = cls.__new__(cls)

[2024-04-26T10:27:34.447+0000] {taskinstance.py:3309} INFO - 1 downstream tasks scheduled from follow-on schedule check
[2024-04-26T13:15:51.602+0000] {taskinstance.py:1979} INFO - Dependencies all met for dep_context=non-requeueable deps ti=<TaskInstance: currency_parsing.create_schema scheduled__2024-04-24T00:00:00+00:00 [queued]>
[2024-04-26T13:15:51.738+0000] {taskinstance.py:1979} INFO - Dependencies all met for dep_context=requeueable deps ti=<TaskInstance: currency_parsing.create_schema scheduled__2024-04-24T00:00:00+00:00 [queued]>
[2024-04-26T13:15:51.739+0000] {taskinstance.py:2193} INFO - Starting attempt 1 of 2
[2024-04-26T13:15:51.849+0000] {taskinstance.py:2214} INFO - Executing <Task(PostgresOperator): create_schema> on 2024-04-24 00:00:00+00:00
[2024-04-26T13:15:51.865+0000] {standard_task_runner.py:60} INFO - Started process 388 to run task
[2024-04-26T13:15:51.879+0000] {standard_task_runner.py:87} INFO - Running: ['***', 'tasks', 'run', 'currency_parsing', 'create_schema', 'scheduled__2024-04-24T00:00:00+00:00', '--job-id', '2196', '--raw', '--subdir', 'DAGS_FOLDER/stage/currency_parsing.py', '--cfg-path', '/tmp/tmppjqi_q5s']
[2024-04-26T13:15:51.886+0000] {standard_task_runner.py:88} INFO - Job 2196: Subtask create_schema
[2024-04-26T13:15:52.160+0000] {task_command.py:423} INFO - Running <TaskInstance: currency_parsing.create_schema scheduled__2024-04-24T00:00:00+00:00 [running]> on host 65a8688265d1
[2024-04-26T13:15:52.835+0000] {taskinstance.py:2510} INFO - Exporting env vars: AIRFLOW_CTX_DAG_OWNER='***' AIRFLOW_CTX_DAG_ID='currency_parsing' AIRFLOW_CTX_TASK_ID='create_schema' AIRFLOW_CTX_EXECUTION_DATE='2024-04-24T00:00:00+00:00' AIRFLOW_CTX_TRY_NUMBER='1' AIRFLOW_CTX_DAG_RUN_ID='scheduled__2024-04-24T00:00:00+00:00'
[2024-04-26T13:15:52.859+0000] {sql.py:276} INFO - Executing: CREATE SCHEMA if not exists stage;
[2024-04-26T13:15:52.943+0000] {base.py:83} INFO - Using connection ID 'dwh' for task execution.
[2024-04-26T13:15:52.994+0000] {base.py:83} INFO - Using connection ID 'dwh' for task execution.
[2024-04-26T13:15:53.126+0000] {sql.py:457} INFO - Running statement: CREATE SCHEMA if not exists stage;, parameters: None
[2024-04-26T13:15:53.136+0000] {warnings.py:109} WARNING - /home/***/.local/lib/python3.8/site-packages/***/providers/common/sql/hooks/sql.py:407: AirflowProviderDeprecationWarning: Call to deprecated method _make_common_data_structure. (The `_make_serializable` method is deprecated and support will be removed in a future version of the common.sql provider. Please update the DbApiHook's provider to a version based on common.sql >= 1.9.1.)
  result = self._make_common_data_structure(handler(cur))

[2024-04-26T13:15:53.290+0000] {taskinstance.py:1149} INFO - Marking task as SUCCESS. dag_id=currency_parsing, task_id=create_schema, execution_date=20240424T000000, start_date=20240426T131551, end_date=20240426T131553
[2024-04-26T13:15:53.505+0000] {local_task_job_runner.py:234} INFO - Task exited with return code 0
[2024-04-26T13:15:53.597+0000] {warnings.py:109} WARNING - /home/***/.local/lib/python3.8/site-packages/***/models/baseoperator.py:1201: AirflowProviderDeprecationWarning: Call to deprecated class PostgresOperator. (Please use `***.providers.common.sql.operators.sql.SQLExecuteQueryOperator`.Also, you can provide `hook_params={'schema': <database>}`.)
  result = cls.__new__(cls)

[2024-04-26T13:15:53.752+0000] {taskinstance.py:3309} INFO - 1 downstream tasks scheduled from follow-on schedule check
[2024-04-27T12:29:24.531+0000] {taskinstance.py:1979} INFO - Dependencies all met for dep_context=non-requeueable deps ti=<TaskInstance: currency_parsing.create_schema scheduled__2024-04-24T00:00:00+00:00 [queued]>
[2024-04-27T12:29:24.635+0000] {taskinstance.py:1979} INFO - Dependencies all met for dep_context=requeueable deps ti=<TaskInstance: currency_parsing.create_schema scheduled__2024-04-24T00:00:00+00:00 [queued]>
[2024-04-27T12:29:24.660+0000] {taskinstance.py:2193} INFO - Starting attempt 1 of 2
[2024-04-27T12:29:25.025+0000] {taskinstance.py:2214} INFO - Executing <Task(PostgresOperator): create_schema> on 2024-04-24 00:00:00+00:00
[2024-04-27T12:29:25.051+0000] {standard_task_runner.py:60} INFO - Started process 2425 to run task
[2024-04-27T12:29:25.082+0000] {standard_task_runner.py:87} INFO - Running: ['***', 'tasks', 'run', 'currency_parsing', 'create_schema', 'scheduled__2024-04-24T00:00:00+00:00', '--job-id', '2507', '--raw', '--subdir', 'DAGS_FOLDER/stage/currency_parsing.py', '--cfg-path', '/tmp/tmp0dh9_kld']
[2024-04-27T12:29:25.190+0000] {standard_task_runner.py:88} INFO - Job 2507: Subtask create_schema
[2024-04-27T12:29:27.117+0000] {task_command.py:423} INFO - Running <TaskInstance: currency_parsing.create_schema scheduled__2024-04-24T00:00:00+00:00 [running]> on host 65a8688265d1
[2024-04-27T12:29:32.770+0000] {taskinstance.py:2510} INFO - Exporting env vars: AIRFLOW_CTX_DAG_OWNER='***' AIRFLOW_CTX_DAG_ID='currency_parsing' AIRFLOW_CTX_TASK_ID='create_schema' AIRFLOW_CTX_EXECUTION_DATE='2024-04-24T00:00:00+00:00' AIRFLOW_CTX_TRY_NUMBER='1' AIRFLOW_CTX_DAG_RUN_ID='scheduled__2024-04-24T00:00:00+00:00'
[2024-04-27T12:29:32.832+0000] {sql.py:276} INFO - Executing: CREATE SCHEMA if not exists stage;

CREATE SCHEMA if not exists intermediate;
[2024-04-27T12:29:33.708+0000] {base.py:83} INFO - Using connection ID 'dwh' for task execution.
[2024-04-27T12:29:34.191+0000] {base.py:83} INFO - Using connection ID 'dwh' for task execution.
[2024-04-27T12:29:34.280+0000] {sql.py:457} INFO - Running statement: CREATE SCHEMA if not exists stage;

CREATE SCHEMA if not exists intermediate;, parameters: None
[2024-04-27T12:29:34.515+0000] {warnings.py:109} WARNING - /home/***/.local/lib/python3.8/site-packages/***/providers/common/sql/hooks/sql.py:407: AirflowProviderDeprecationWarning: Call to deprecated method _make_common_data_structure. (The `_make_serializable` method is deprecated and support will be removed in a future version of the common.sql provider. Please update the DbApiHook's provider to a version based on common.sql >= 1.9.1.)
  result = self._make_common_data_structure(handler(cur))

[2024-04-27T12:29:34.833+0000] {taskinstance.py:1149} INFO - Marking task as SUCCESS. dag_id=currency_parsing, task_id=create_schema, execution_date=20240424T000000, start_date=20240427T122924, end_date=20240427T122934
[2024-04-27T12:29:35.515+0000] {local_task_job_runner.py:234} INFO - Task exited with return code 0
[2024-04-27T12:29:35.563+0000] {warnings.py:109} WARNING - /home/***/.local/lib/python3.8/site-packages/***/models/baseoperator.py:1201: AirflowProviderDeprecationWarning: Call to deprecated class PostgresOperator. (Please use `***.providers.common.sql.operators.sql.SQLExecuteQueryOperator`.Also, you can provide `hook_params={'schema': <database>}`.)
  result = cls.__new__(cls)

[2024-04-27T12:29:36.053+0000] {taskinstance.py:3309} INFO - 1 downstream tasks scheduled from follow-on schedule check
