[2024-03-17T10:28:48.793+0000] {taskinstance.py:1979} INFO - Dependencies all met for dep_context=non-requeueable deps ti=<TaskInstance: movie_night.create_table scheduled__2024-03-09T00:00:00+00:00 [queued]>
[2024-03-17T10:28:48.811+0000] {taskinstance.py:1979} INFO - Dependencies all met for dep_context=requeueable deps ti=<TaskInstance: movie_night.create_table scheduled__2024-03-09T00:00:00+00:00 [queued]>
[2024-03-17T10:28:48.813+0000] {taskinstance.py:2193} INFO - Starting attempt 1 of 1
[2024-03-17T10:28:48.839+0000] {taskinstance.py:2214} INFO - Executing <Task(PostgresOperator): create_table> on 2024-03-09 00:00:00+00:00
[2024-03-17T10:28:48.845+0000] {standard_task_runner.py:60} INFO - Started process 338 to run task
[2024-03-17T10:28:48.851+0000] {standard_task_runner.py:87} INFO - Running: ['***', 'tasks', 'run', 'movie_night', 'create_table', 'scheduled__2024-03-09T00:00:00+00:00', '--job-id', '4', '--raw', '--subdir', 'DAGS_FOLDER/simple_insert_movies.py', '--cfg-path', '/tmp/tmpaeb24qmt']
[2024-03-17T10:28:48.853+0000] {standard_task_runner.py:88} INFO - Job 4: Subtask create_table
[2024-03-17T10:28:48.928+0000] {task_command.py:423} INFO - Running <TaskInstance: movie_night.create_table scheduled__2024-03-09T00:00:00+00:00 [running]> on host f145938a9b61
[2024-03-17T10:28:49.085+0000] {taskinstance.py:2510} INFO - Exporting env vars: AIRFLOW_CTX_DAG_OWNER='***' AIRFLOW_CTX_DAG_ID='movie_night' AIRFLOW_CTX_TASK_ID='create_table' AIRFLOW_CTX_EXECUTION_DATE='2024-03-09T00:00:00+00:00' AIRFLOW_CTX_TRY_NUMBER='1' AIRFLOW_CTX_DAG_RUN_ID='scheduled__2024-03-09T00:00:00+00:00'
[2024-03-17T10:28:49.088+0000] {sql.py:276} INFO - Executing: CREATE TABLE IF NOT EXISTS Movies(
    id SERIAL PRIMARY KEY,
    title VARCHAR(255) NOT NULL,
    year INT,
    director VARCHAR(255),
    genre VARCHAR(255),
    country VARCHAR(255)
)
[2024-03-17T10:28:49.120+0000] {taskinstance.py:2728} ERROR - Task failed with exception
Traceback (most recent call last):
  File "/home/airflow/.local/lib/python3.8/site-packages/airflow/models/taskinstance.py", line 444, in _execute_task
    result = _execute_callable(context=context, **execute_callable_kwargs)
  File "/home/airflow/.local/lib/python3.8/site-packages/airflow/models/taskinstance.py", line 414, in _execute_callable
    return execute_callable(context=context, **execute_callable_kwargs)
  File "/home/airflow/.local/lib/python3.8/site-packages/airflow/providers/common/sql/operators/sql.py", line 277, in execute
    hook = self.get_db_hook()
  File "/home/airflow/.local/lib/python3.8/site-packages/airflow/providers/common/sql/operators/sql.py", line 188, in get_db_hook
    return self._hook
  File "/usr/local/lib/python3.8/functools.py", line 967, in __get__
    val = self.func(instance)
  File "/home/airflow/.local/lib/python3.8/site-packages/airflow/providers/common/sql/operators/sql.py", line 150, in _hook
    conn = BaseHook.get_connection(conn_id)
  File "/home/airflow/.local/lib/python3.8/site-packages/airflow/hooks/base.py", line 82, in get_connection
    conn = Connection.get_connection_from_secrets(conn_id)
  File "/home/airflow/.local/lib/python3.8/site-packages/airflow/models/connection.py", line 514, in get_connection_from_secrets
    raise AirflowNotFoundException(f"The conn_id `{conn_id}` isn't defined")
airflow.exceptions.AirflowNotFoundException: The conn_id `dwh` isn't defined
[2024-03-17T10:28:49.128+0000] {taskinstance.py:1149} INFO - Marking task as FAILED. dag_id=movie_night, task_id=create_table, execution_date=20240309T000000, start_date=20240317T102848, end_date=20240317T102849
[2024-03-17T10:28:49.158+0000] {standard_task_runner.py:107} ERROR - Failed to execute job 4 for task create_table (The conn_id `dwh` isn't defined; 338)
[2024-03-17T10:28:49.185+0000] {local_task_job_runner.py:234} INFO - Task exited with return code 1
[2024-03-17T10:28:49.229+0000] {taskinstance.py:3309} INFO - 0 downstream tasks scheduled from follow-on schedule check
