[2024-04-14T08:50:59.981+0000] {taskinstance.py:1979} INFO - Dependencies all met for dep_context=non-requeueable deps ti=<TaskInstance: currency_parsing.fetch_data scheduled__2024-01-09T00:00:00+00:00 [queued]>
[2024-04-14T08:51:00.090+0000] {taskinstance.py:1979} INFO - Dependencies all met for dep_context=requeueable deps ti=<TaskInstance: currency_parsing.fetch_data scheduled__2024-01-09T00:00:00+00:00 [queued]>
[2024-04-14T08:51:00.091+0000] {taskinstance.py:2193} INFO - Starting attempt 1 of 2
[2024-04-14T08:51:00.179+0000] {taskinstance.py:2214} INFO - Executing <Task(PythonOperator): fetch_data> on 2024-01-09 00:00:00+00:00
[2024-04-14T08:51:00.202+0000] {standard_task_runner.py:60} INFO - Started process 859 to run task
[2024-04-14T08:51:00.221+0000] {standard_task_runner.py:87} INFO - Running: ['***', 'tasks', 'run', 'currency_parsing', 'fetch_data', 'scheduled__2024-01-09T00:00:00+00:00', '--job-id', '203', '--raw', '--subdir', 'DAGS_FOLDER/currency_parsing.py', '--cfg-path', '/tmp/tmpld0blyel']
[2024-04-14T08:51:00.353+0000] {standard_task_runner.py:88} INFO - Job 203: Subtask fetch_data
[2024-04-14T08:51:01.015+0000] {task_command.py:423} INFO - Running <TaskInstance: currency_parsing.fetch_data scheduled__2024-01-09T00:00:00+00:00 [running]> on host e8a1e0443283
[2024-04-14T08:51:02.624+0000] {taskinstance.py:2510} INFO - Exporting env vars: AIRFLOW_CTX_DAG_OWNER='***' AIRFLOW_CTX_DAG_ID='currency_parsing' AIRFLOW_CTX_TASK_ID='fetch_data' AIRFLOW_CTX_EXECUTION_DATE='2024-01-09T00:00:00+00:00' AIRFLOW_CTX_TRY_NUMBER='1' AIRFLOW_CTX_DAG_RUN_ID='scheduled__2024-01-09T00:00:00+00:00'
[2024-04-14T08:51:03.999+0000] {base.py:83} INFO - Using connection ID 'dwh' for task execution.
[2024-04-14T08:51:04.285+0000] {sql.py:572} INFO - Done loading. Loaded a total of 39 rows into currency_parsing
[2024-04-14T08:51:04.355+0000] {python.py:202} INFO - Done. Returned value was: None
[2024-04-14T08:51:04.474+0000] {taskinstance.py:1149} INFO - Marking task as SUCCESS. dag_id=currency_parsing, task_id=fetch_data, execution_date=20240109T000000, start_date=20240414T085059, end_date=20240414T085104
[2024-04-14T08:51:04.630+0000] {local_task_job_runner.py:234} INFO - Task exited with return code 0
[2024-04-14T08:51:05.144+0000] {taskinstance.py:3309} INFO - 0 downstream tasks scheduled from follow-on schedule check
[2024-04-14T10:08:01.042+0000] {taskinstance.py:1979} INFO - Dependencies all met for dep_context=non-requeueable deps ti=<TaskInstance: currency_parsing.fetch_data scheduled__2024-01-09T00:00:00+00:00 [queued]>
[2024-04-14T10:08:01.268+0000] {taskinstance.py:1979} INFO - Dependencies all met for dep_context=requeueable deps ti=<TaskInstance: currency_parsing.fetch_data scheduled__2024-01-09T00:00:00+00:00 [queued]>
[2024-04-14T10:08:01.270+0000] {taskinstance.py:2193} INFO - Starting attempt 1 of 2
[2024-04-14T10:08:01.568+0000] {taskinstance.py:2214} INFO - Executing <Task(PythonOperator): fetch_data> on 2024-01-09 00:00:00+00:00
[2024-04-14T10:08:01.585+0000] {standard_task_runner.py:60} INFO - Started process 195 to run task
[2024-04-14T10:08:01.634+0000] {standard_task_runner.py:87} INFO - Running: ['***', 'tasks', 'run', 'currency_parsing', 'fetch_data', 'scheduled__2024-01-09T00:00:00+00:00', '--job-id', '517', '--raw', '--subdir', 'DAGS_FOLDER/currency_parsing.py', '--cfg-path', '/tmp/tmpm0uw7h34']
[2024-04-14T10:08:01.766+0000] {standard_task_runner.py:88} INFO - Job 517: Subtask fetch_data
[2024-04-14T10:08:02.601+0000] {task_command.py:423} INFO - Running <TaskInstance: currency_parsing.fetch_data scheduled__2024-01-09T00:00:00+00:00 [running]> on host 1c15aab9396c
[2024-04-14T10:08:03.594+0000] {taskinstance.py:2510} INFO - Exporting env vars: AIRFLOW_CTX_DAG_OWNER='***' AIRFLOW_CTX_DAG_ID='currency_parsing' AIRFLOW_CTX_TASK_ID='fetch_data' AIRFLOW_CTX_EXECUTION_DATE='2024-01-09T00:00:00+00:00' AIRFLOW_CTX_TRY_NUMBER='1' AIRFLOW_CTX_DAG_RUN_ID='scheduled__2024-01-09T00:00:00+00:00'
[2024-04-14T10:08:03.711+0000] {base.py:83} INFO - Using connection ID 'dwh' for task execution.
[2024-04-14T10:08:03.886+0000] {sql.py:572} INFO - Done loading. Loaded a total of 39 rows into currency_parsing
[2024-04-14T10:08:03.887+0000] {python.py:202} INFO - Done. Returned value was: None
[2024-04-14T10:08:03.970+0000] {taskinstance.py:1149} INFO - Marking task as SUCCESS. dag_id=currency_parsing, task_id=fetch_data, execution_date=20240109T000000, start_date=20240414T100801, end_date=20240414T100803
[2024-04-14T10:08:04.315+0000] {local_task_job_runner.py:234} INFO - Task exited with return code 0
[2024-04-14T10:08:04.483+0000] {taskinstance.py:3309} INFO - 0 downstream tasks scheduled from follow-on schedule check
