[2024-04-21T11:05:02.342+0000] {taskinstance.py:1979} INFO - Dependencies all met for dep_context=non-requeueable deps ti=<TaskInstance: currency_parsing.fetch_data_kzt scheduled__2024-04-09T00:00:00+00:00 [queued]>
[2024-04-21T11:05:02.396+0000] {taskinstance.py:1979} INFO - Dependencies all met for dep_context=requeueable deps ti=<TaskInstance: currency_parsing.fetch_data_kzt scheduled__2024-04-09T00:00:00+00:00 [queued]>
[2024-04-21T11:05:02.399+0000] {taskinstance.py:2193} INFO - Starting attempt 1 of 2
[2024-04-21T11:05:02.636+0000] {taskinstance.py:2214} INFO - Executing <Task(PythonOperator): fetch_data_kzt> on 2024-04-09 00:00:00+00:00
[2024-04-21T11:05:02.703+0000] {standard_task_runner.py:60} INFO - Started process 2591 to run task
[2024-04-21T11:05:02.776+0000] {standard_task_runner.py:87} INFO - Running: ['***', 'tasks', 'run', 'currency_parsing', 'fetch_data_kzt', 'scheduled__2024-04-09T00:00:00+00:00', '--job-id', '2013', '--raw', '--subdir', 'DAGS_FOLDER/stage/currency_parsing.py', '--cfg-path', '/tmp/tmpaz9m9xj2']
[2024-04-21T11:05:02.829+0000] {standard_task_runner.py:88} INFO - Job 2013: Subtask fetch_data_kzt
[2024-04-21T11:05:03.280+0000] {task_command.py:423} INFO - Running <TaskInstance: currency_parsing.fetch_data_kzt scheduled__2024-04-09T00:00:00+00:00 [running]> on host e671688b1343
[2024-04-21T11:05:04.085+0000] {taskinstance.py:2510} INFO - Exporting env vars: AIRFLOW_CTX_DAG_OWNER='***' AIRFLOW_CTX_DAG_ID='currency_parsing' AIRFLOW_CTX_TASK_ID='fetch_data_kzt' AIRFLOW_CTX_EXECUTION_DATE='2024-04-09T00:00:00+00:00' AIRFLOW_CTX_TRY_NUMBER='1' AIRFLOW_CTX_DAG_RUN_ID='scheduled__2024-04-09T00:00:00+00:00'
[2024-04-21T11:05:04.353+0000] {base.py:83} INFO - Using connection ID 'dwh' for task execution.
[2024-04-21T11:05:04.444+0000] {sql.py:572} INFO - Done loading. Loaded a total of 39 rows into stage.currency_parsing_kzt
[2024-04-21T11:05:04.446+0000] {python.py:202} INFO - Done. Returned value was: None
[2024-04-21T11:05:04.520+0000] {taskinstance.py:1149} INFO - Marking task as SUCCESS. dag_id=currency_parsing, task_id=fetch_data_kzt, execution_date=20240409T000000, start_date=20240421T110502, end_date=20240421T110504
[2024-04-21T11:05:04.698+0000] {local_task_job_runner.py:234} INFO - Task exited with return code 0
[2024-04-21T11:05:04.865+0000] {taskinstance.py:3309} INFO - 0 downstream tasks scheduled from follow-on schedule check
[2024-04-27T12:22:30.990+0000] {taskinstance.py:1979} INFO - Dependencies all met for dep_context=non-requeueable deps ti=<TaskInstance: currency_parsing.fetch_data_kzt scheduled__2024-04-09T00:00:00+00:00 [queued]>
[2024-04-27T12:22:31.140+0000] {taskinstance.py:1979} INFO - Dependencies all met for dep_context=requeueable deps ti=<TaskInstance: currency_parsing.fetch_data_kzt scheduled__2024-04-09T00:00:00+00:00 [queued]>
[2024-04-27T12:22:31.145+0000] {taskinstance.py:2193} INFO - Starting attempt 1 of 2
[2024-04-27T12:22:32.490+0000] {taskinstance.py:2214} INFO - Executing <Task(PythonOperator): fetch_data_kzt> on 2024-04-09 00:00:00+00:00
[2024-04-27T12:22:32.662+0000] {standard_task_runner.py:60} INFO - Started process 2076 to run task
[2024-04-27T12:22:32.833+0000] {standard_task_runner.py:87} INFO - Running: ['***', 'tasks', 'run', 'currency_parsing', 'fetch_data_kzt', 'scheduled__2024-04-09T00:00:00+00:00', '--job-id', '2373', '--raw', '--subdir', 'DAGS_FOLDER/stage/currency_parsing.py', '--cfg-path', '/tmp/tmpxr5ok0w0']
[2024-04-27T12:22:32.963+0000] {standard_task_runner.py:88} INFO - Job 2373: Subtask fetch_data_kzt
[2024-04-27T12:22:35.758+0000] {task_command.py:423} INFO - Running <TaskInstance: currency_parsing.fetch_data_kzt scheduled__2024-04-09T00:00:00+00:00 [running]> on host 65a8688265d1
[2024-04-27T12:22:37.190+0000] {taskinstance.py:2510} INFO - Exporting env vars: AIRFLOW_CTX_DAG_OWNER='***' AIRFLOW_CTX_DAG_ID='currency_parsing' AIRFLOW_CTX_TASK_ID='fetch_data_kzt' AIRFLOW_CTX_EXECUTION_DATE='2024-04-09T00:00:00+00:00' AIRFLOW_CTX_TRY_NUMBER='1' AIRFLOW_CTX_DAG_RUN_ID='scheduled__2024-04-09T00:00:00+00:00'
[2024-04-27T12:22:37.509+0000] {base.py:83} INFO - Using connection ID 'dwh' for task execution.
[2024-04-27T12:22:37.661+0000] {sql.py:572} INFO - Done loading. Loaded a total of 39 rows into stage.currency_parsing_kzt
[2024-04-27T12:22:37.670+0000] {python.py:202} INFO - Done. Returned value was: None
[2024-04-27T12:22:37.812+0000] {taskinstance.py:1149} INFO - Marking task as SUCCESS. dag_id=currency_parsing, task_id=fetch_data_kzt, execution_date=20240409T000000, start_date=20240427T122231, end_date=20240427T122237
[2024-04-27T12:22:38.248+0000] {local_task_job_runner.py:234} INFO - Task exited with return code 0
[2024-04-27T12:22:38.560+0000] {warnings.py:109} WARNING - /home/***/.local/lib/python3.8/site-packages/***/models/baseoperator.py:1201: AirflowProviderDeprecationWarning: Call to deprecated class PostgresOperator. (Please use `***.providers.common.sql.operators.sql.SQLExecuteQueryOperator`.Also, you can provide `hook_params={'schema': <database>}`.)
  result = cls.__new__(cls)

[2024-04-27T12:22:39.517+0000] {taskinstance.py:3309} INFO - 0 downstream tasks scheduled from follow-on schedule check
