[2024-04-14T08:56:27.187+0000] {taskinstance.py:1979} INFO - Dependencies all met for dep_context=non-requeueable deps ti=<TaskInstance: currency_parsing.fetch_data scheduled__2024-04-02T00:00:00+00:00 [queued]>
[2024-04-14T08:56:27.224+0000] {taskinstance.py:1979} INFO - Dependencies all met for dep_context=requeueable deps ti=<TaskInstance: currency_parsing.fetch_data scheduled__2024-04-02T00:00:00+00:00 [queued]>
[2024-04-14T08:56:27.225+0000] {taskinstance.py:2193} INFO - Starting attempt 1 of 2
[2024-04-14T08:56:27.453+0000] {taskinstance.py:2214} INFO - Executing <Task(PythonOperator): fetch_data> on 2024-04-02 00:00:00+00:00
[2024-04-14T08:56:27.491+0000] {standard_task_runner.py:60} INFO - Started process 1442 to run task
[2024-04-14T08:56:27.631+0000] {standard_task_runner.py:87} INFO - Running: ['***', 'tasks', 'run', 'currency_parsing', 'fetch_data', 'scheduled__2024-04-02T00:00:00+00:00', '--job-id', '463', '--raw', '--subdir', 'DAGS_FOLDER/currency_parsing.py', '--cfg-path', '/tmp/tmpjwq7mzz6']
[2024-04-14T08:56:27.694+0000] {standard_task_runner.py:88} INFO - Job 463: Subtask fetch_data
[2024-04-14T08:56:28.211+0000] {task_command.py:423} INFO - Running <TaskInstance: currency_parsing.fetch_data scheduled__2024-04-02T00:00:00+00:00 [running]> on host e8a1e0443283
[2024-04-14T08:56:29.195+0000] {taskinstance.py:2510} INFO - Exporting env vars: AIRFLOW_CTX_DAG_OWNER='***' AIRFLOW_CTX_DAG_ID='currency_parsing' AIRFLOW_CTX_TASK_ID='fetch_data' AIRFLOW_CTX_EXECUTION_DATE='2024-04-02T00:00:00+00:00' AIRFLOW_CTX_TRY_NUMBER='1' AIRFLOW_CTX_DAG_RUN_ID='scheduled__2024-04-02T00:00:00+00:00'
[2024-04-14T08:56:29.585+0000] {base.py:83} INFO - Using connection ID 'dwh' for task execution.
[2024-04-14T08:56:29.636+0000] {sql.py:572} INFO - Done loading. Loaded a total of 39 rows into currency_parsing
[2024-04-14T08:56:29.637+0000] {python.py:202} INFO - Done. Returned value was: None
[2024-04-14T08:56:29.712+0000] {taskinstance.py:1149} INFO - Marking task as SUCCESS. dag_id=currency_parsing, task_id=fetch_data, execution_date=20240402T000000, start_date=20240414T085627, end_date=20240414T085629
[2024-04-14T08:56:29.842+0000] {local_task_job_runner.py:234} INFO - Task exited with return code 0
[2024-04-14T08:56:29.997+0000] {taskinstance.py:3309} INFO - 0 downstream tasks scheduled from follow-on schedule check
[2024-04-14T10:12:43.982+0000] {taskinstance.py:1979} INFO - Dependencies all met for dep_context=non-requeueable deps ti=<TaskInstance: currency_parsing.fetch_data scheduled__2024-04-02T00:00:00+00:00 [queued]>
[2024-04-14T10:12:44.136+0000] {taskinstance.py:1979} INFO - Dependencies all met for dep_context=requeueable deps ti=<TaskInstance: currency_parsing.fetch_data scheduled__2024-04-02T00:00:00+00:00 [queued]>
[2024-04-14T10:12:44.138+0000] {taskinstance.py:2193} INFO - Starting attempt 1 of 2
[2024-04-14T10:12:44.425+0000] {taskinstance.py:2214} INFO - Executing <Task(PythonOperator): fetch_data> on 2024-04-02 00:00:00+00:00
[2024-04-14T10:12:44.452+0000] {standard_task_runner.py:60} INFO - Started process 734 to run task
[2024-04-14T10:12:44.508+0000] {standard_task_runner.py:87} INFO - Running: ['***', 'tasks', 'run', 'currency_parsing', 'fetch_data', 'scheduled__2024-04-02T00:00:00+00:00', '--job-id', '763', '--raw', '--subdir', 'DAGS_FOLDER/currency_parsing.py', '--cfg-path', '/tmp/tmpc0zy7p6q']
[2024-04-14T10:12:44.552+0000] {standard_task_runner.py:88} INFO - Job 763: Subtask fetch_data
[2024-04-14T10:12:44.933+0000] {task_command.py:423} INFO - Running <TaskInstance: currency_parsing.fetch_data scheduled__2024-04-02T00:00:00+00:00 [running]> on host 1c15aab9396c
[2024-04-14T10:12:45.581+0000] {taskinstance.py:2510} INFO - Exporting env vars: AIRFLOW_CTX_DAG_OWNER='***' AIRFLOW_CTX_DAG_ID='currency_parsing' AIRFLOW_CTX_TASK_ID='fetch_data' AIRFLOW_CTX_EXECUTION_DATE='2024-04-02T00:00:00+00:00' AIRFLOW_CTX_TRY_NUMBER='1' AIRFLOW_CTX_DAG_RUN_ID='scheduled__2024-04-02T00:00:00+00:00'
[2024-04-14T10:12:45.699+0000] {base.py:83} INFO - Using connection ID 'dwh' for task execution.
[2024-04-14T10:12:45.757+0000] {sql.py:572} INFO - Done loading. Loaded a total of 39 rows into currency_parsing
[2024-04-14T10:12:45.758+0000] {python.py:202} INFO - Done. Returned value was: None
[2024-04-14T10:12:45.817+0000] {taskinstance.py:1149} INFO - Marking task as SUCCESS. dag_id=currency_parsing, task_id=fetch_data, execution_date=20240402T000000, start_date=20240414T101243, end_date=20240414T101245
[2024-04-14T10:12:46.465+0000] {local_task_job_runner.py:234} INFO - Task exited with return code 0
[2024-04-14T10:12:46.612+0000] {taskinstance.py:3309} INFO - 0 downstream tasks scheduled from follow-on schedule check
