[2024-05-02T07:22:30.200+0000] {taskinstance.py:1979} INFO - Dependencies all met for dep_context=non-requeueable deps ti=<TaskInstance: currency_parsing.fetch_data_pound scheduled__2024-05-01T00:00:00+00:00 [queued]>
[2024-05-02T07:22:30.222+0000] {taskinstance.py:1979} INFO - Dependencies all met for dep_context=requeueable deps ti=<TaskInstance: currency_parsing.fetch_data_pound scheduled__2024-05-01T00:00:00+00:00 [queued]>
[2024-05-02T07:22:30.223+0000] {taskinstance.py:2193} INFO - Starting attempt 1 of 2
[2024-05-02T07:22:30.263+0000] {taskinstance.py:2214} INFO - Executing <Task(PythonOperator): fetch_data_pound> on 2024-05-01 00:00:00+00:00
[2024-05-02T07:22:30.270+0000] {standard_task_runner.py:60} INFO - Started process 158 to run task
[2024-05-02T07:22:30.278+0000] {standard_task_runner.py:87} INFO - Running: ['***', 'tasks', 'run', 'currency_parsing', 'fetch_data_pound', 'scheduled__2024-05-01T00:00:00+00:00', '--job-id', '2630', '--raw', '--subdir', 'DAGS_FOLDER/currency_dag/currency_parsing.py', '--cfg-path', '/tmp/tmp_w6moy5e']
[2024-05-02T07:22:30.283+0000] {standard_task_runner.py:88} INFO - Job 2630: Subtask fetch_data_pound
[2024-05-02T07:22:30.385+0000] {task_command.py:423} INFO - Running <TaskInstance: currency_parsing.fetch_data_pound scheduled__2024-05-01T00:00:00+00:00 [running]> on host 71addd39200f
[2024-05-02T07:22:30.565+0000] {taskinstance.py:2510} INFO - Exporting env vars: AIRFLOW_CTX_DAG_OWNER='***' AIRFLOW_CTX_DAG_ID='currency_parsing' AIRFLOW_CTX_TASK_ID='fetch_data_pound' AIRFLOW_CTX_EXECUTION_DATE='2024-05-01T00:00:00+00:00' AIRFLOW_CTX_TRY_NUMBER='1' AIRFLOW_CTX_DAG_RUN_ID='scheduled__2024-05-01T00:00:00+00:00'
[2024-05-02T07:22:30.603+0000] {base.py:83} INFO - Using connection ID 'dwh' for task execution.
[2024-05-02T07:22:30.631+0000] {sql.py:572} INFO - Done loading. Loaded a total of 33 rows into stage.currency_pound
[2024-05-02T07:22:30.632+0000] {python.py:202} INFO - Done. Returned value was: None
[2024-05-02T07:22:30.652+0000] {taskinstance.py:1149} INFO - Marking task as SUCCESS. dag_id=currency_parsing, task_id=fetch_data_pound, execution_date=20240501T000000, start_date=20240502T072230, end_date=20240502T072230
[2024-05-02T07:22:30.694+0000] {local_task_job_runner.py:234} INFO - Task exited with return code 0
[2024-05-02T07:22:30.724+0000] {taskinstance.py:3309} INFO - 0 downstream tasks scheduled from follow-on schedule check
[2024-05-05T10:55:29.506+0000] {taskinstance.py:1979} INFO - Dependencies all met for dep_context=non-requeueable deps ti=<TaskInstance: currency_parsing.fetch_data_pound scheduled__2024-05-01T00:00:00+00:00 [queued]>
[2024-05-05T10:55:29.785+0000] {taskinstance.py:1979} INFO - Dependencies all met for dep_context=requeueable deps ti=<TaskInstance: currency_parsing.fetch_data_pound scheduled__2024-05-01T00:00:00+00:00 [queued]>
[2024-05-05T10:55:29.786+0000] {taskinstance.py:2193} INFO - Starting attempt 1 of 2
[2024-05-05T10:55:30.058+0000] {taskinstance.py:2214} INFO - Executing <Task(PythonOperator): fetch_data_pound> on 2024-05-01 00:00:00+00:00
[2024-05-05T10:55:30.166+0000] {standard_task_runner.py:60} INFO - Started process 783 to run task
[2024-05-05T10:55:30.199+0000] {standard_task_runner.py:87} INFO - Running: ['***', 'tasks', 'run', 'currency_parsing', 'fetch_data_pound', 'scheduled__2024-05-01T00:00:00+00:00', '--job-id', '2711', '--raw', '--subdir', 'DAGS_FOLDER/currency_dag/currency_parsing.py', '--cfg-path', '/tmp/tmpyxzxs9ll']
[2024-05-05T10:55:30.293+0000] {standard_task_runner.py:88} INFO - Job 2711: Subtask fetch_data_pound
[2024-05-05T10:55:31.135+0000] {task_command.py:423} INFO - Running <TaskInstance: currency_parsing.fetch_data_pound scheduled__2024-05-01T00:00:00+00:00 [running]> on host 71addd39200f
[2024-05-05T10:55:32.577+0000] {taskinstance.py:2510} INFO - Exporting env vars: AIRFLOW_CTX_DAG_OWNER='***' AIRFLOW_CTX_DAG_ID='currency_parsing' AIRFLOW_CTX_TASK_ID='fetch_data_pound' AIRFLOW_CTX_EXECUTION_DATE='2024-05-01T00:00:00+00:00' AIRFLOW_CTX_TRY_NUMBER='1' AIRFLOW_CTX_DAG_RUN_ID='scheduled__2024-05-01T00:00:00+00:00'
[2024-05-05T10:55:32.709+0000] {base.py:83} INFO - Using connection ID 'dwh' for task execution.
[2024-05-05T10:55:32.753+0000] {sql.py:572} INFO - Done loading. Loaded a total of 33 rows into stage.currency_pound
[2024-05-05T10:55:32.756+0000] {python.py:202} INFO - Done. Returned value was: None
[2024-05-05T10:55:32.904+0000] {taskinstance.py:1149} INFO - Marking task as SUCCESS. dag_id=currency_parsing, task_id=fetch_data_pound, execution_date=20240501T000000, start_date=20240505T105529, end_date=20240505T105532
[2024-05-05T10:55:33.310+0000] {local_task_job_runner.py:234} INFO - Task exited with return code 0
[2024-05-05T10:55:33.570+0000] {taskinstance.py:3309} INFO - 0 downstream tasks scheduled from follow-on schedule check
