[2024-05-02T07:22:09.099+0000] {taskinstance.py:1979} INFO - Dependencies all met for dep_context=non-requeueable deps ti=<TaskInstance: currency_parsing.get_data_pound scheduled__2024-05-01T00:00:00+00:00 [queued]>
[2024-05-02T07:22:09.143+0000] {taskinstance.py:1979} INFO - Dependencies all met for dep_context=requeueable deps ti=<TaskInstance: currency_parsing.get_data_pound scheduled__2024-05-01T00:00:00+00:00 [queued]>
[2024-05-02T07:22:09.144+0000] {taskinstance.py:2193} INFO - Starting attempt 1 of 2
[2024-05-02T07:22:09.185+0000] {taskinstance.py:2214} INFO - Executing <Task(PythonOperator): get_data_pound> on 2024-05-01 00:00:00+00:00
[2024-05-02T07:22:09.195+0000] {standard_task_runner.py:60} INFO - Started process 144 to run task
[2024-05-02T07:22:09.206+0000] {standard_task_runner.py:87} INFO - Running: ['***', 'tasks', 'run', 'currency_parsing', 'get_data_pound', 'scheduled__2024-05-01T00:00:00+00:00', '--job-id', '2626', '--raw', '--subdir', 'DAGS_FOLDER/currency_dag/currency_parsing.py', '--cfg-path', '/tmp/tmpjtflm9dh']
[2024-05-02T07:22:09.217+0000] {standard_task_runner.py:88} INFO - Job 2626: Subtask get_data_pound
[2024-05-02T07:22:09.490+0000] {task_command.py:423} INFO - Running <TaskInstance: currency_parsing.get_data_pound scheduled__2024-05-01T00:00:00+00:00 [running]> on host 71addd39200f
[2024-05-02T07:22:09.589+0000] {warnings.py:109} WARNING - /home/***/.local/lib/python3.8/site-packages/***/utils/context.py:207: AirflowContextDeprecationWarning: Accessing 'execution_date' from the template is deprecated and will be removed in a future version. Please use 'data_interval_start' or 'logical_date' instead.
  warnings.warn(_create_deprecation_warning(key, self._deprecation_replacements[key]))

[2024-05-02T07:22:09.813+0000] {taskinstance.py:2510} INFO - Exporting env vars: AIRFLOW_CTX_DAG_OWNER='***' AIRFLOW_CTX_DAG_ID='currency_parsing' AIRFLOW_CTX_TASK_ID='get_data_pound' AIRFLOW_CTX_EXECUTION_DATE='2024-05-01T00:00:00+00:00' AIRFLOW_CTX_TRY_NUMBER='1' AIRFLOW_CTX_DAG_RUN_ID='scheduled__2024-05-01T00:00:00+00:00'
[2024-05-02T07:22:26.504+0000] {python.py:202} INFO - Done. Returned value was: ([['AUD', 1.9281736121, '2024-4-30'], ['BGN', 2.2789628987, '2024-4-30'], ['BRL', 6.4785060949, '2024-4-30'], ['CAD', 1.7203627802, '2024-4-30'], ['CHF', 1.1484987549, '2024-4-30'], ['CNY', 9.0539790673, '2024-4-30'], ['CZK', 29.4092660007, '2024-4-30'], ['DKK', 8.7319025511, '2024-4-30'], ['EUR', 1.1708922845, '2024-4-30'], ['GBP', 1, '2024-4-30'], ['HKD', 9.7689713615, '2024-4-30'], ['HRK', 8.4654794709, '2024-4-30'], ['HUF', 457.3484163502, '2024-4-30'], ['IDR', 20298.8734342814, '2024-4-30'], ['ILS', 4.6677076611, '2024-4-30'], ['INR', 104.2788675377, '2024-4-30'], ['ISK', 175.194771523, '2024-4-30'], ['JPY', 196.9487446785, '2024-4-30'], ['KRW', 1725.4578135812, '2024-4-30'], ['MXN', 21.4129733284, '2024-4-30'], ['MYR', 5.9680521035, '2024-4-30'], ['NOK', 13.8804764874, '2024-4-30'], ['NZD', 2.1242818083, '2024-4-30'], ['PHP', 72.1592054382, '2024-4-30'], ['PLN', 5.070677411, '2024-4-30'], ['RON', 5.8248987546, '2024-4-30'], ['RUB', 116.8568529897, '2024-4-30'], ['SEK', 13.7542837068, '2024-4-30'], ['SGD', 1.7045636831, '2024-4-30'], ['THB', 46.4485448314, '2024-4-30'], ['TRY', 40.42874784, '2024-4-30'], ['USD', 1.2489382259, '2024-4-30'], ['ZAR', 23.4615700388, '2024-4-30']], ['title', 'rate', 'date'])
[2024-05-02T07:22:26.707+0000] {taskinstance.py:1149} INFO - Marking task as SUCCESS. dag_id=currency_parsing, task_id=get_data_pound, execution_date=20240501T000000, start_date=20240502T072209, end_date=20240502T072226
[2024-05-02T07:22:26.938+0000] {local_task_job_runner.py:234} INFO - Task exited with return code 0
[2024-05-02T07:22:26.997+0000] {taskinstance.py:3309} INFO - 1 downstream tasks scheduled from follow-on schedule check
[2024-05-05T10:54:11.909+0000] {taskinstance.py:1979} INFO - Dependencies all met for dep_context=non-requeueable deps ti=<TaskInstance: currency_parsing.get_data_pound scheduled__2024-05-01T00:00:00+00:00 [queued]>
[2024-05-05T10:54:12.478+0000] {taskinstance.py:1979} INFO - Dependencies all met for dep_context=requeueable deps ti=<TaskInstance: currency_parsing.get_data_pound scheduled__2024-05-01T00:00:00+00:00 [queued]>
[2024-05-05T10:54:12.501+0000] {taskinstance.py:2193} INFO - Starting attempt 1 of 2
[2024-05-05T10:54:13.816+0000] {taskinstance.py:2214} INFO - Executing <Task(PythonOperator): get_data_pound> on 2024-05-01 00:00:00+00:00
[2024-05-05T10:54:13.905+0000] {standard_task_runner.py:60} INFO - Started process 710 to run task
[2024-05-05T10:54:14.281+0000] {standard_task_runner.py:87} INFO - Running: ['***', 'tasks', 'run', 'currency_parsing', 'get_data_pound', 'scheduled__2024-05-01T00:00:00+00:00', '--job-id', '2678', '--raw', '--subdir', 'DAGS_FOLDER/currency_dag/currency_parsing.py', '--cfg-path', '/tmp/tmpn2v58vcb']
[2024-05-05T10:54:14.590+0000] {standard_task_runner.py:88} INFO - Job 2678: Subtask get_data_pound
[2024-05-05T10:54:17.326+0000] {task_command.py:423} INFO - Running <TaskInstance: currency_parsing.get_data_pound scheduled__2024-05-01T00:00:00+00:00 [running]> on host 71addd39200f
[2024-05-05T10:54:18.317+0000] {warnings.py:109} WARNING - /home/***/.local/lib/python3.8/site-packages/***/utils/context.py:207: AirflowContextDeprecationWarning: Accessing 'execution_date' from the template is deprecated and will be removed in a future version. Please use 'data_interval_start' or 'logical_date' instead.
  warnings.warn(_create_deprecation_warning(key, self._deprecation_replacements[key]))

[2024-05-05T10:54:20.004+0000] {taskinstance.py:2510} INFO - Exporting env vars: AIRFLOW_CTX_DAG_OWNER='***' AIRFLOW_CTX_DAG_ID='currency_parsing' AIRFLOW_CTX_TASK_ID='get_data_pound' AIRFLOW_CTX_EXECUTION_DATE='2024-05-01T00:00:00+00:00' AIRFLOW_CTX_TRY_NUMBER='1' AIRFLOW_CTX_DAG_RUN_ID='scheduled__2024-05-01T00:00:00+00:00'
[2024-05-05T10:54:38.521+0000] {python.py:202} INFO - Done. Returned value was: ([['AUD', 1.9281736121, '2024-4-30'], ['BGN', 2.2789628987, '2024-4-30'], ['BRL', 6.4785060949, '2024-4-30'], ['CAD', 1.7203627802, '2024-4-30'], ['CHF', 1.1484987549, '2024-4-30'], ['CNY', 9.0539790673, '2024-4-30'], ['CZK', 29.4092660007, '2024-4-30'], ['DKK', 8.7319025511, '2024-4-30'], ['EUR', 1.1708922845, '2024-4-30'], ['GBP', 1, '2024-4-30'], ['HKD', 9.7689713615, '2024-4-30'], ['HRK', 8.4654794709, '2024-4-30'], ['HUF', 457.3484163502, '2024-4-30'], ['IDR', 20298.8734342814, '2024-4-30'], ['ILS', 4.6677076611, '2024-4-30'], ['INR', 104.2788675377, '2024-4-30'], ['ISK', 175.194771523, '2024-4-30'], ['JPY', 196.9487446785, '2024-4-30'], ['KRW', 1725.4578135812, '2024-4-30'], ['MXN', 21.4129733284, '2024-4-30'], ['MYR', 5.9680521035, '2024-4-30'], ['NOK', 13.8804764874, '2024-4-30'], ['NZD', 2.1242818083, '2024-4-30'], ['PHP', 72.1592054382, '2024-4-30'], ['PLN', 5.070677411, '2024-4-30'], ['RON', 5.8248987546, '2024-4-30'], ['RUB', 116.8568529897, '2024-4-30'], ['SEK', 13.7542837068, '2024-4-30'], ['SGD', 1.7045636831, '2024-4-30'], ['THB', 46.4485448314, '2024-4-30'], ['TRY', 40.42874784, '2024-4-30'], ['USD', 1.2489382259, '2024-4-30'], ['ZAR', 23.4615700388, '2024-4-30']], ['title', 'rate', 'date'])
[2024-05-05T10:54:38.808+0000] {taskinstance.py:1149} INFO - Marking task as SUCCESS. dag_id=currency_parsing, task_id=get_data_pound, execution_date=20240501T000000, start_date=20240505T105411, end_date=20240505T105438
[2024-05-05T10:54:39.178+0000] {local_task_job_runner.py:234} INFO - Task exited with return code 0
[2024-05-05T10:54:39.450+0000] {taskinstance.py:3309} INFO - 1 downstream tasks scheduled from follow-on schedule check
