[2024-04-14T08:50:15.796+0000] {taskinstance.py:1979} INFO - Dependencies all met for dep_context=non-requeueable deps ti=<TaskInstance: currency_parsing.create_table scheduled__2024-01-10T00:00:00+00:00 [queued]>
[2024-04-14T08:50:16.655+0000] {taskinstance.py:1979} INFO - Dependencies all met for dep_context=requeueable deps ti=<TaskInstance: currency_parsing.create_table scheduled__2024-01-10T00:00:00+00:00 [queued]>
[2024-04-14T08:50:16.680+0000] {taskinstance.py:2193} INFO - Starting attempt 1 of 2
[2024-04-14T08:50:19.752+0000] {taskinstance.py:2214} INFO - Executing <Task(PostgresOperator): create_table> on 2024-01-10 00:00:00+00:00
[2024-04-14T08:50:19.946+0000] {standard_task_runner.py:60} INFO - Started process 817 to run task
[2024-04-14T08:50:20.343+0000] {standard_task_runner.py:87} INFO - Running: ['***', 'tasks', 'run', 'currency_parsing', 'create_table', 'scheduled__2024-01-10T00:00:00+00:00', '--job-id', '184', '--raw', '--subdir', 'DAGS_FOLDER/currency_parsing.py', '--cfg-path', '/tmp/tmplezgvwwi']
[2024-04-14T08:50:20.903+0000] {standard_task_runner.py:88} INFO - Job 184: Subtask create_table
[2024-04-14T08:50:25.152+0000] {task_command.py:423} INFO - Running <TaskInstance: currency_parsing.create_table scheduled__2024-01-10T00:00:00+00:00 [running]> on host e8a1e0443283
[2024-04-14T08:50:30.136+0000] {taskinstance.py:2510} INFO - Exporting env vars: AIRFLOW_CTX_DAG_OWNER='***' AIRFLOW_CTX_DAG_ID='currency_parsing' AIRFLOW_CTX_TASK_ID='create_table' AIRFLOW_CTX_EXECUTION_DATE='2024-01-10T00:00:00+00:00' AIRFLOW_CTX_TRY_NUMBER='1' AIRFLOW_CTX_DAG_RUN_ID='scheduled__2024-01-10T00:00:00+00:00'
[2024-04-14T08:50:30.152+0000] {sql.py:276} INFO - Executing: CREATE TABLE IF NOT EXISTS currency_parsing(
    currency VARCHAR(255) NOT NULL,
    title VARCHAR(255) NOT NULL,
    rate float,
    quantity int,
    index VARCHAR(255),
    change float,
    date date NOT NULL
)
[2024-04-14T08:50:30.549+0000] {base.py:83} INFO - Using connection ID 'dwh' for task execution.
[2024-04-14T08:50:31.368+0000] {base.py:83} INFO - Using connection ID 'dwh' for task execution.
[2024-04-14T08:50:31.481+0000] {sql.py:457} INFO - Running statement: CREATE TABLE IF NOT EXISTS currency_parsing(
    currency VARCHAR(255) NOT NULL,
    title VARCHAR(255) NOT NULL,
    rate float,
    quantity int,
    index VARCHAR(255),
    change float,
    date date NOT NULL
), parameters: None
[2024-04-14T08:50:31.502+0000] {warnings.py:109} WARNING - /home/***/.local/lib/python3.8/site-packages/***/providers/common/sql/hooks/sql.py:407: AirflowProviderDeprecationWarning: Call to deprecated method _make_common_data_structure. (The `_make_serializable` method is deprecated and support will be removed in a future version of the common.sql provider. Please update the DbApiHook's provider to a version based on common.sql >= 1.9.1.)
  result = self._make_common_data_structure(handler(cur))

[2024-04-14T08:50:31.964+0000] {taskinstance.py:1149} INFO - Marking task as SUCCESS. dag_id=currency_parsing, task_id=create_table, execution_date=20240110T000000, start_date=20240414T085015, end_date=20240414T085031
[2024-04-14T08:50:32.577+0000] {local_task_job_runner.py:234} INFO - Task exited with return code 0
[2024-04-14T08:50:33.088+0000] {warnings.py:109} WARNING - /home/***/.local/lib/python3.8/site-packages/***/models/baseoperator.py:1201: AirflowProviderDeprecationWarning: Call to deprecated class PostgresOperator. (Please use `***.providers.common.sql.operators.sql.SQLExecuteQueryOperator`.Also, you can provide `hook_params={'schema': <database>}`.)
  result = cls.__new__(cls)

[2024-04-14T08:50:33.319+0000] {taskinstance.py:3309} INFO - 1 downstream tasks scheduled from follow-on schedule check
[2024-04-14T10:07:24.381+0000] {taskinstance.py:1979} INFO - Dependencies all met for dep_context=non-requeueable deps ti=<TaskInstance: currency_parsing.create_table scheduled__2024-01-10T00:00:00+00:00 [queued]>
[2024-04-14T10:07:24.686+0000] {taskinstance.py:1979} INFO - Dependencies all met for dep_context=requeueable deps ti=<TaskInstance: currency_parsing.create_table scheduled__2024-01-10T00:00:00+00:00 [queued]>
[2024-04-14T10:07:24.706+0000] {taskinstance.py:2193} INFO - Starting attempt 1 of 2
[2024-04-14T10:07:25.053+0000] {taskinstance.py:2214} INFO - Executing <Task(PostgresOperator): create_table> on 2024-01-10 00:00:00+00:00
[2024-04-14T10:07:25.157+0000] {standard_task_runner.py:60} INFO - Started process 138 to run task
[2024-04-14T10:07:25.223+0000] {standard_task_runner.py:87} INFO - Running: ['***', 'tasks', 'run', 'currency_parsing', 'create_table', 'scheduled__2024-01-10T00:00:00+00:00', '--job-id', '490', '--raw', '--subdir', 'DAGS_FOLDER/currency_parsing.py', '--cfg-path', '/tmp/tmp9lgqhtbt']
[2024-04-14T10:07:25.326+0000] {standard_task_runner.py:88} INFO - Job 490: Subtask create_table
[2024-04-14T10:07:26.351+0000] {task_command.py:423} INFO - Running <TaskInstance: currency_parsing.create_table scheduled__2024-01-10T00:00:00+00:00 [running]> on host 1c15aab9396c
[2024-04-14T10:07:28.814+0000] {taskinstance.py:2510} INFO - Exporting env vars: AIRFLOW_CTX_DAG_OWNER='***' AIRFLOW_CTX_DAG_ID='currency_parsing' AIRFLOW_CTX_TASK_ID='create_table' AIRFLOW_CTX_EXECUTION_DATE='2024-01-10T00:00:00+00:00' AIRFLOW_CTX_TRY_NUMBER='1' AIRFLOW_CTX_DAG_RUN_ID='scheduled__2024-01-10T00:00:00+00:00'
[2024-04-14T10:07:28.819+0000] {sql.py:276} INFO - Executing: CREATE TABLE IF NOT EXISTS currency_parsing(
    currency VARCHAR(255) NOT NULL,
    title VARCHAR(255) NOT NULL,
    rate float,
    quantity int,
    index VARCHAR(255),
    change float,
    date date NOT NULL
)
[2024-04-14T10:07:28.939+0000] {base.py:83} INFO - Using connection ID 'dwh' for task execution.
[2024-04-14T10:07:29.039+0000] {base.py:83} INFO - Using connection ID 'dwh' for task execution.
[2024-04-14T10:07:29.056+0000] {sql.py:457} INFO - Running statement: CREATE TABLE IF NOT EXISTS currency_parsing(
    currency VARCHAR(255) NOT NULL,
    title VARCHAR(255) NOT NULL,
    rate float,
    quantity int,
    index VARCHAR(255),
    change float,
    date date NOT NULL
), parameters: None
[2024-04-14T10:07:29.069+0000] {warnings.py:109} WARNING - /home/***/.local/lib/python3.8/site-packages/***/providers/common/sql/hooks/sql.py:407: AirflowProviderDeprecationWarning: Call to deprecated method _make_common_data_structure. (The `_make_serializable` method is deprecated and support will be removed in a future version of the common.sql provider. Please update the DbApiHook's provider to a version based on common.sql >= 1.9.1.)
  result = self._make_common_data_structure(handler(cur))

[2024-04-14T10:07:29.155+0000] {taskinstance.py:1149} INFO - Marking task as SUCCESS. dag_id=currency_parsing, task_id=create_table, execution_date=20240110T000000, start_date=20240414T100724, end_date=20240414T100729
[2024-04-14T10:07:29.368+0000] {local_task_job_runner.py:234} INFO - Task exited with return code 0
[2024-04-14T10:07:29.501+0000] {warnings.py:109} WARNING - /home/***/.local/lib/python3.8/site-packages/***/models/baseoperator.py:1201: AirflowProviderDeprecationWarning: Call to deprecated class PostgresOperator. (Please use `***.providers.common.sql.operators.sql.SQLExecuteQueryOperator`.Also, you can provide `hook_params={'schema': <database>}`.)
  result = cls.__new__(cls)

[2024-04-14T10:07:29.724+0000] {taskinstance.py:3309} INFO - 1 downstream tasks scheduled from follow-on schedule check
[2024-04-21T10:45:12.758+0000] {taskinstance.py:1979} INFO - Dependencies all met for dep_context=non-requeueable deps ti=<TaskInstance: currency_parsing.create_table scheduled__2024-01-10T00:00:00+00:00 [queued]>
[2024-04-21T10:45:13.279+0000] {taskinstance.py:1979} INFO - Dependencies all met for dep_context=requeueable deps ti=<TaskInstance: currency_parsing.create_table scheduled__2024-01-10T00:00:00+00:00 [queued]>
[2024-04-21T10:45:13.296+0000] {taskinstance.py:2193} INFO - Starting attempt 1 of 2
[2024-04-21T10:45:13.680+0000] {taskinstance.py:2214} INFO - Executing <Task(PostgresOperator): create_table> on 2024-01-10 00:00:00+00:00
[2024-04-21T10:45:13.763+0000] {standard_task_runner.py:60} INFO - Started process 403 to run task
[2024-04-21T10:45:13.878+0000] {standard_task_runner.py:87} INFO - Running: ['***', 'tasks', 'run', 'currency_parsing', 'create_table', 'scheduled__2024-01-10T00:00:00+00:00', '--job-id', '1033', '--raw', '--subdir', 'DAGS_FOLDER/stage/currency_parsing.py', '--cfg-path', '/tmp/tmp1sk21s9m']
[2024-04-21T10:45:13.942+0000] {standard_task_runner.py:88} INFO - Job 1033: Subtask create_table
[2024-04-21T10:45:15.383+0000] {task_command.py:423} INFO - Running <TaskInstance: currency_parsing.create_table scheduled__2024-01-10T00:00:00+00:00 [running]> on host e671688b1343
[2024-04-21T10:45:17.584+0000] {taskinstance.py:2510} INFO - Exporting env vars: AIRFLOW_CTX_DAG_OWNER='***' AIRFLOW_CTX_DAG_ID='currency_parsing' AIRFLOW_CTX_TASK_ID='create_table' AIRFLOW_CTX_EXECUTION_DATE='2024-01-10T00:00:00+00:00' AIRFLOW_CTX_TRY_NUMBER='1' AIRFLOW_CTX_DAG_RUN_ID='scheduled__2024-01-10T00:00:00+00:00'
[2024-04-21T10:45:17.594+0000] {sql.py:276} INFO - Executing: CREATE TABLE IF NOT EXISTS stage.currency_parsing_pound(
    title VARCHAR(255) NOT NULL,
    rate float,
    date date NOT NULL
);

CREATE TABLE IF NOT EXISTS stage.currency_parsing_usd(
    title VARCHAR(255) NOT NULL,
    rate float,
    date date NOT NULL
);

CREATE TABLE IF NOT EXISTS stage.currency_parsing_rub(
    id VARCHAR(255) NOT NULL,
    NumCode VARCHAR(255) NOT NULL,
    CharCode VARCHAR(255),
    Nominal int,
    Name VARCHAR(255),
    Value float,
    Previous float,
    date date NOT NULL
);

CREATE TABLE IF NOT EXISTS stage.currency_parsing_kzt(
    currency VARCHAR(255) NOT NULL,
    title VARCHAR(255) NOT NULL,
    rate float,
    quantity int,
    index VARCHAR(255),
    change float,
    date date NOT NULL
)
[2024-04-21T10:45:17.815+0000] {base.py:83} INFO - Using connection ID 'dwh' for task execution.
[2024-04-21T10:45:17.933+0000] {base.py:83} INFO - Using connection ID 'dwh' for task execution.
[2024-04-21T10:45:17.966+0000] {sql.py:457} INFO - Running statement: CREATE TABLE IF NOT EXISTS stage.currency_parsing_pound(
    title VARCHAR(255) NOT NULL,
    rate float,
    date date NOT NULL
);

CREATE TABLE IF NOT EXISTS stage.currency_parsing_usd(
    title VARCHAR(255) NOT NULL,
    rate float,
    date date NOT NULL
);

CREATE TABLE IF NOT EXISTS stage.currency_parsing_rub(
    id VARCHAR(255) NOT NULL,
    NumCode VARCHAR(255) NOT NULL,
    CharCode VARCHAR(255),
    Nominal int,
    Name VARCHAR(255),
    Value float,
    Previous float,
    date date NOT NULL
);

CREATE TABLE IF NOT EXISTS stage.currency_parsing_kzt(
    currency VARCHAR(255) NOT NULL,
    title VARCHAR(255) NOT NULL,
    rate float,
    quantity int,
    index VARCHAR(255),
    change float,
    date date NOT NULL
), parameters: None
[2024-04-21T10:45:17.976+0000] {warnings.py:109} WARNING - /home/***/.local/lib/python3.8/site-packages/***/providers/common/sql/hooks/sql.py:407: AirflowProviderDeprecationWarning: Call to deprecated method _make_common_data_structure. (The `_make_serializable` method is deprecated and support will be removed in a future version of the common.sql provider. Please update the DbApiHook's provider to a version based on common.sql >= 1.9.1.)
  result = self._make_common_data_structure(handler(cur))

[2024-04-21T10:45:18.165+0000] {taskinstance.py:1149} INFO - Marking task as SUCCESS. dag_id=currency_parsing, task_id=create_table, execution_date=20240110T000000, start_date=20240421T104512, end_date=20240421T104518
[2024-04-21T10:45:18.499+0000] {local_task_job_runner.py:234} INFO - Task exited with return code 0
[2024-04-21T10:45:18.804+0000] {warnings.py:109} WARNING - /home/***/.local/lib/python3.8/site-packages/***/models/baseoperator.py:1201: AirflowProviderDeprecationWarning: Call to deprecated class PostgresOperator. (Please use `***.providers.common.sql.operators.sql.SQLExecuteQueryOperator`.Also, you can provide `hook_params={'schema': <database>}`.)
  result = cls.__new__(cls)

[2024-04-21T10:45:19.441+0000] {taskinstance.py:3309} INFO - 4 downstream tasks scheduled from follow-on schedule check
