[2024-04-21T11:04:29.276+0000] {taskinstance.py:1979} INFO - Dependencies all met for dep_context=non-requeueable deps ti=<TaskInstance: currency_parsing.get_data_usd scheduled__2024-04-07T00:00:00+00:00 [queued]>
[2024-04-21T11:04:29.439+0000] {taskinstance.py:1979} INFO - Dependencies all met for dep_context=requeueable deps ti=<TaskInstance: currency_parsing.get_data_usd scheduled__2024-04-07T00:00:00+00:00 [queued]>
[2024-04-21T11:04:29.458+0000] {taskinstance.py:2193} INFO - Starting attempt 1 of 2
[2024-04-21T11:04:29.649+0000] {taskinstance.py:2214} INFO - Executing <Task(PythonOperator): get_data_usd> on 2024-04-07 00:00:00+00:00
[2024-04-21T11:04:29.690+0000] {standard_task_runner.py:60} INFO - Started process 2517 to run task
[2024-04-21T11:04:29.705+0000] {standard_task_runner.py:87} INFO - Running: ['***', 'tasks', 'run', 'currency_parsing', 'get_data_usd', 'scheduled__2024-04-07T00:00:00+00:00', '--job-id', '1977', '--raw', '--subdir', 'DAGS_FOLDER/stage/currency_parsing.py', '--cfg-path', '/tmp/tmpt94ufy9d']
[2024-04-21T11:04:29.868+0000] {standard_task_runner.py:88} INFO - Job 1977: Subtask get_data_usd
[2024-04-21T11:04:30.451+0000] {task_command.py:423} INFO - Running <TaskInstance: currency_parsing.get_data_usd scheduled__2024-04-07T00:00:00+00:00 [running]> on host e671688b1343
[2024-04-21T11:04:30.925+0000] {warnings.py:109} WARNING - /home/***/.local/lib/python3.8/site-packages/***/utils/context.py:207: AirflowContextDeprecationWarning: Accessing 'execution_date' from the template is deprecated and will be removed in a future version. Please use 'data_interval_start' or 'logical_date' instead.
  warnings.warn(_create_deprecation_warning(key, self._deprecation_replacements[key]))

[2024-04-21T11:04:31.196+0000] {taskinstance.py:2510} INFO - Exporting env vars: AIRFLOW_CTX_DAG_OWNER='***' AIRFLOW_CTX_DAG_ID='currency_parsing' AIRFLOW_CTX_TASK_ID='get_data_usd' AIRFLOW_CTX_EXECUTION_DATE='2024-04-07T00:00:00+00:00' AIRFLOW_CTX_TRY_NUMBER='1' AIRFLOW_CTX_DAG_RUN_ID='scheduled__2024-04-07T00:00:00+00:00'
[2024-04-21T11:04:31.841+0000] {python.py:202} INFO - Done. Returned value was: ([['AUD', 1.5197502586, '2024-4-6'], ['BGN', 1.7970003031, '2024-4-6'], ['BRL', 5.0663807209, '2024-4-6'], ['CAD', 1.3586102167, '2024-4-6'], ['CHF', 0.9018901416, '2024-4-6'], ['CNY', 7.2293611112, '2024-4-6'], ['CZK', 23.3104131659, '2024-4-6'], ['DKK', 6.8806709619, '2024-4-6'], ['EUR', 0.9223601016, '2024-4-6'], ['GBP', 0.7912301447, '2024-4-6'], ['HKD', 7.8256408784, '2024-4-6'], ['HRK', 6.6981209492, '2024-4-6'], ['HUF', 359.7186961949, '2024-4-6'], ['IDR', 15817.101951002, '2024-4-6'], ['ILS', 3.7619706686, '2024-4-6'], ['INR', 83.26319377, '2024-4-6'], ['ISK', 138.6514442557, '2024-4-6'], ['JPY', 151.6133374425, '2024-4-6'], ['KRW', 1349.4614213467, '2024-4-6'], ['MXN', 16.5121922664, '2024-4-6'], ['MYR', 4.7433609371, '2024-4-6'], ['NOK', 10.7269812808, '2024-4-6'], ['NZD', 1.6625102783, '2024-4-6'], ['PHP', 56.4790465513, '2024-4-6'], ['PLN', 3.9487405867, '2024-4-6'], ['RON', 4.5823504926, '2024-4-6'], ['RUB', 92.4437928608, '2024-4-6'], ['SEK', 10.6361517109, '2024-4-6'], ['SGD', 1.3473501533, '2024-4-6'], ['THB', 36.753205881, '2024-4-6'], ['TRY', 32.0424755145, '2024-4-6'], ['USD', 1, '2024-4-6'], ['ZAR', 18.6397232785, '2024-4-6']], ['title', 'rate', 'date'])
[2024-04-21T11:04:32.005+0000] {taskinstance.py:1149} INFO - Marking task as SUCCESS. dag_id=currency_parsing, task_id=get_data_usd, execution_date=20240407T000000, start_date=20240421T110429, end_date=20240421T110432
[2024-04-21T11:04:32.212+0000] {local_task_job_runner.py:234} INFO - Task exited with return code 0
[2024-04-21T11:04:32.344+0000] {taskinstance.py:3309} INFO - 1 downstream tasks scheduled from follow-on schedule check
[2024-04-27T12:19:04.690+0000] {taskinstance.py:1979} INFO - Dependencies all met for dep_context=non-requeueable deps ti=<TaskInstance: currency_parsing.get_data_usd scheduled__2024-04-07T00:00:00+00:00 [queued]>
[2024-04-27T12:19:05.182+0000] {taskinstance.py:1979} INFO - Dependencies all met for dep_context=requeueable deps ti=<TaskInstance: currency_parsing.get_data_usd scheduled__2024-04-07T00:00:00+00:00 [queued]>
[2024-04-27T12:19:05.192+0000] {taskinstance.py:2193} INFO - Starting attempt 1 of 2
[2024-04-27T12:19:08.640+0000] {taskinstance.py:2214} INFO - Executing <Task(PythonOperator): get_data_usd> on 2024-04-07 00:00:00+00:00
[2024-04-27T12:19:08.837+0000] {standard_task_runner.py:60} INFO - Started process 1918 to run task
[2024-04-27T12:19:09.078+0000] {standard_task_runner.py:87} INFO - Running: ['***', 'tasks', 'run', 'currency_parsing', 'get_data_usd', 'scheduled__2024-04-07T00:00:00+00:00', '--job-id', '2313', '--raw', '--subdir', 'DAGS_FOLDER/stage/currency_parsing.py', '--cfg-path', '/tmp/tmpi7e9ate7']
[2024-04-27T12:19:09.329+0000] {standard_task_runner.py:88} INFO - Job 2313: Subtask get_data_usd
[2024-04-27T12:19:14.473+0000] {task_command.py:423} INFO - Running <TaskInstance: currency_parsing.get_data_usd scheduled__2024-04-07T00:00:00+00:00 [running]> on host 65a8688265d1
[2024-04-27T12:19:18.794+0000] {warnings.py:109} WARNING - /home/***/.local/lib/python3.8/site-packages/***/utils/context.py:207: AirflowContextDeprecationWarning: Accessing 'execution_date' from the template is deprecated and will be removed in a future version. Please use 'data_interval_start' or 'logical_date' instead.
  warnings.warn(_create_deprecation_warning(key, self._deprecation_replacements[key]))

[2024-04-27T12:19:22.493+0000] {taskinstance.py:2510} INFO - Exporting env vars: AIRFLOW_CTX_DAG_OWNER='***' AIRFLOW_CTX_DAG_ID='currency_parsing' AIRFLOW_CTX_TASK_ID='get_data_usd' AIRFLOW_CTX_EXECUTION_DATE='2024-04-07T00:00:00+00:00' AIRFLOW_CTX_TRY_NUMBER='1' AIRFLOW_CTX_DAG_RUN_ID='scheduled__2024-04-07T00:00:00+00:00'
[2024-04-27T12:19:24.212+0000] {taskinstance.py:2728} ERROR - Task failed with exception
Traceback (most recent call last):
  File "/home/airflow/.local/lib/python3.8/site-packages/urllib3/connection.py", line 174, in _new_conn
    conn = connection.create_connection(
  File "/home/airflow/.local/lib/python3.8/site-packages/urllib3/util/connection.py", line 72, in create_connection
    for res in socket.getaddrinfo(host, port, family, socket.SOCK_STREAM):
  File "/usr/local/lib/python3.8/socket.py", line 918, in getaddrinfo
    for res in _socket.getaddrinfo(host, port, family, type, proto, flags):
socket.gaierror: [Errno -2] Name or service not known

During handling of the above exception, another exception occurred:

Traceback (most recent call last):
  File "/home/airflow/.local/lib/python3.8/site-packages/urllib3/connectionpool.py", line 715, in urlopen
    httplib_response = self._make_request(
  File "/home/airflow/.local/lib/python3.8/site-packages/urllib3/connectionpool.py", line 404, in _make_request
    self._validate_conn(conn)
  File "/home/airflow/.local/lib/python3.8/site-packages/urllib3/connectionpool.py", line 1058, in _validate_conn
    conn.connect()
  File "/home/airflow/.local/lib/python3.8/site-packages/urllib3/connection.py", line 363, in connect
    self.sock = conn = self._new_conn()
  File "/home/airflow/.local/lib/python3.8/site-packages/urllib3/connection.py", line 186, in _new_conn
    raise NewConnectionError(
urllib3.exceptions.NewConnectionError: <urllib3.connection.HTTPSConnection object at 0x7faf0d368bb0>: Failed to establish a new connection: [Errno -2] Name or service not known

During handling of the above exception, another exception occurred:

Traceback (most recent call last):
  File "/home/airflow/.local/lib/python3.8/site-packages/requests/adapters.py", line 486, in send
    resp = conn.urlopen(
  File "/home/airflow/.local/lib/python3.8/site-packages/urllib3/connectionpool.py", line 799, in urlopen
    retries = retries.increment(
  File "/home/airflow/.local/lib/python3.8/site-packages/urllib3/util/retry.py", line 592, in increment
    raise MaxRetryError(_pool, url, error or ResponseError(cause))
urllib3.exceptions.MaxRetryError: HTTPSConnectionPool(host='api.freecurrencyapi.com', port=443): Max retries exceeded with url: /v1/historical?date=2024-04-06&base_currency=USD&currencies= (Caused by NewConnectionError('<urllib3.connection.HTTPSConnection object at 0x7faf0d368bb0>: Failed to establish a new connection: [Errno -2] Name or service not known'))

During handling of the above exception, another exception occurred:

Traceback (most recent call last):
  File "/home/airflow/.local/lib/python3.8/site-packages/airflow/models/taskinstance.py", line 444, in _execute_task
    result = _execute_callable(context=context, **execute_callable_kwargs)
  File "/home/airflow/.local/lib/python3.8/site-packages/airflow/models/taskinstance.py", line 414, in _execute_callable
    return execute_callable(context=context, **execute_callable_kwargs)
  File "/home/airflow/.local/lib/python3.8/site-packages/airflow/operators/python.py", line 200, in execute
    return_value = self.execute_callable()
  File "/home/airflow/.local/lib/python3.8/site-packages/airflow/operators/python.py", line 217, in execute_callable
    return self.python_callable(*self.op_args, **self.op_kwargs)
  File "/opt/airflow/dags/stage/currency_parsing.py", line 22, in get_data_usd
    currencies_list = get_currency_list(execution_date)
  File "/opt/airflow/dags/stage/currency_utils.py", line 21, in get_currency_list
    data = client.historical(f'{year}-{int(month):02d}-{int(day):02d}', base_currency=base_currency)
  File "/home/airflow/.local/lib/python3.8/site-packages/freecurrencyapi/client.py", line 32, in historical
    return self._request('/historical', params={
  File "/home/airflow/.local/lib/python3.8/site-packages/everapi/client.py", line 43, in _request
    response = requests.request(
  File "/home/airflow/.local/lib/python3.8/site-packages/requests/api.py", line 59, in request
    return session.request(method=method, url=url, **kwargs)
  File "/home/airflow/.local/lib/python3.8/site-packages/requests/sessions.py", line 589, in request
    resp = self.send(prep, **send_kwargs)
  File "/home/airflow/.local/lib/python3.8/site-packages/requests/sessions.py", line 703, in send
    r = adapter.send(request, **kwargs)
  File "/home/airflow/.local/lib/python3.8/site-packages/requests/adapters.py", line 519, in send
    raise ConnectionError(e, request=request)
requests.exceptions.ConnectionError: HTTPSConnectionPool(host='api.freecurrencyapi.com', port=443): Max retries exceeded with url: /v1/historical?date=2024-04-06&base_currency=USD&currencies= (Caused by NewConnectionError('<urllib3.connection.HTTPSConnection object at 0x7faf0d368bb0>: Failed to establish a new connection: [Errno -2] Name or service not known'))
[2024-04-27T12:19:26.851+0000] {taskinstance.py:1149} INFO - Marking task as UP_FOR_RETRY. dag_id=currency_parsing, task_id=get_data_usd, execution_date=20240407T000000, start_date=20240427T121904, end_date=20240427T121926
[2024-04-27T12:19:32.039+0000] {standard_task_runner.py:107} ERROR - Failed to execute job 2313 for task get_data_usd (HTTPSConnectionPool(host='api.freecurrencyapi.com', port=443): Max retries exceeded with url: /v1/historical?date=2024-04-06&base_currency=USD&currencies= (Caused by NewConnectionError('<urllib3.connection.HTTPSConnection object at 0x7faf0d368bb0>: Failed to establish a new connection: [Errno -2] Name or service not known')); 1918)
[2024-04-27T12:19:32.440+0000] {local_task_job_runner.py:234} INFO - Task exited with return code 1
[2024-04-27T12:19:34.240+0000] {warnings.py:109} WARNING - /home/***/.local/lib/python3.8/site-packages/***/models/baseoperator.py:1201: AirflowProviderDeprecationWarning: Call to deprecated class PostgresOperator. (Please use `***.providers.common.sql.operators.sql.SQLExecuteQueryOperator`.Also, you can provide `hook_params={'schema': <database>}`.)
  result = cls.__new__(cls)

[2024-04-27T12:19:37.430+0000] {taskinstance.py:3309} INFO - 0 downstream tasks scheduled from follow-on schedule check
