[2024-04-21T11:05:09.845+0000] {taskinstance.py:1979} INFO - Dependencies all met for dep_context=non-requeueable deps ti=<TaskInstance: currency_parsing.fetch_data_usd scheduled__2024-04-10T00:00:00+00:00 [queued]>
[2024-04-21T11:05:09.904+0000] {taskinstance.py:1979} INFO - Dependencies all met for dep_context=requeueable deps ti=<TaskInstance: currency_parsing.fetch_data_usd scheduled__2024-04-10T00:00:00+00:00 [queued]>
[2024-04-21T11:05:09.910+0000] {taskinstance.py:2193} INFO - Starting attempt 1 of 2
[2024-04-21T11:05:10.040+0000] {taskinstance.py:2214} INFO - Executing <Task(PythonOperator): fetch_data_usd> on 2024-04-10 00:00:00+00:00
[2024-04-21T11:05:10.063+0000] {standard_task_runner.py:60} INFO - Started process 2611 to run task
[2024-04-21T11:05:10.087+0000] {standard_task_runner.py:87} INFO - Running: ['***', 'tasks', 'run', 'currency_parsing', 'fetch_data_usd', 'scheduled__2024-04-10T00:00:00+00:00', '--job-id', '2022', '--raw', '--subdir', 'DAGS_FOLDER/stage/currency_parsing.py', '--cfg-path', '/tmp/tmpe6jh50ex']
[2024-04-21T11:05:10.107+0000] {standard_task_runner.py:88} INFO - Job 2022: Subtask fetch_data_usd
[2024-04-21T11:05:10.349+0000] {task_command.py:423} INFO - Running <TaskInstance: currency_parsing.fetch_data_usd scheduled__2024-04-10T00:00:00+00:00 [running]> on host e671688b1343
[2024-04-21T11:05:10.855+0000] {taskinstance.py:2510} INFO - Exporting env vars: AIRFLOW_CTX_DAG_OWNER='***' AIRFLOW_CTX_DAG_ID='currency_parsing' AIRFLOW_CTX_TASK_ID='fetch_data_usd' AIRFLOW_CTX_EXECUTION_DATE='2024-04-10T00:00:00+00:00' AIRFLOW_CTX_TRY_NUMBER='1' AIRFLOW_CTX_DAG_RUN_ID='scheduled__2024-04-10T00:00:00+00:00'
[2024-04-21T11:05:10.937+0000] {base.py:83} INFO - Using connection ID 'dwh' for task execution.
[2024-04-21T11:05:10.979+0000] {sql.py:572} INFO - Done loading. Loaded a total of 33 rows into stage.currency_parsing_usd
[2024-04-21T11:05:10.980+0000] {python.py:202} INFO - Done. Returned value was: None
[2024-04-21T11:05:11.053+0000] {taskinstance.py:1149} INFO - Marking task as SUCCESS. dag_id=currency_parsing, task_id=fetch_data_usd, execution_date=20240410T000000, start_date=20240421T110509, end_date=20240421T110511
[2024-04-21T11:05:11.240+0000] {local_task_job_runner.py:234} INFO - Task exited with return code 0
[2024-04-21T11:05:11.379+0000] {taskinstance.py:3309} INFO - 0 downstream tasks scheduled from follow-on schedule check
[2024-04-27T12:22:38.473+0000] {taskinstance.py:1979} INFO - Dependencies all met for dep_context=non-requeueable deps ti=<TaskInstance: currency_parsing.fetch_data_usd scheduled__2024-04-10T00:00:00+00:00 [queued]>
[2024-04-27T12:22:39.000+0000] {taskinstance.py:1979} INFO - Dependencies all met for dep_context=requeueable deps ti=<TaskInstance: currency_parsing.fetch_data_usd scheduled__2024-04-10T00:00:00+00:00 [queued]>
[2024-04-27T12:22:39.012+0000] {taskinstance.py:2193} INFO - Starting attempt 1 of 2
[2024-04-27T12:22:39.816+0000] {taskinstance.py:2214} INFO - Executing <Task(PythonOperator): fetch_data_usd> on 2024-04-10 00:00:00+00:00
[2024-04-27T12:22:39.888+0000] {standard_task_runner.py:60} INFO - Started process 2083 to run task
[2024-04-27T12:22:40.441+0000] {standard_task_runner.py:87} INFO - Running: ['***', 'tasks', 'run', 'currency_parsing', 'fetch_data_usd', 'scheduled__2024-04-10T00:00:00+00:00', '--job-id', '2377', '--raw', '--subdir', 'DAGS_FOLDER/stage/currency_parsing.py', '--cfg-path', '/tmp/tmp5p2u_qqh']
[2024-04-27T12:22:40.605+0000] {standard_task_runner.py:88} INFO - Job 2377: Subtask fetch_data_usd
[2024-04-27T12:22:41.166+0000] {task_command.py:423} INFO - Running <TaskInstance: currency_parsing.fetch_data_usd scheduled__2024-04-10T00:00:00+00:00 [running]> on host 65a8688265d1
[2024-04-27T12:22:43.980+0000] {taskinstance.py:2510} INFO - Exporting env vars: AIRFLOW_CTX_DAG_OWNER='***' AIRFLOW_CTX_DAG_ID='currency_parsing' AIRFLOW_CTX_TASK_ID='fetch_data_usd' AIRFLOW_CTX_EXECUTION_DATE='2024-04-10T00:00:00+00:00' AIRFLOW_CTX_TRY_NUMBER='1' AIRFLOW_CTX_DAG_RUN_ID='scheduled__2024-04-10T00:00:00+00:00'
[2024-04-27T12:22:44.325+0000] {base.py:83} INFO - Using connection ID 'dwh' for task execution.
[2024-04-27T12:22:44.384+0000] {sql.py:572} INFO - Done loading. Loaded a total of 33 rows into stage.currency_parsing_usd
[2024-04-27T12:22:44.397+0000] {python.py:202} INFO - Done. Returned value was: None
[2024-04-27T12:22:44.841+0000] {taskinstance.py:1149} INFO - Marking task as SUCCESS. dag_id=currency_parsing, task_id=fetch_data_usd, execution_date=20240410T000000, start_date=20240427T122238, end_date=20240427T122244
[2024-04-27T12:22:45.243+0000] {local_task_job_runner.py:234} INFO - Task exited with return code 0
[2024-04-27T12:22:46.205+0000] {warnings.py:109} WARNING - /home/***/.local/lib/python3.8/site-packages/***/models/baseoperator.py:1201: AirflowProviderDeprecationWarning: Call to deprecated class PostgresOperator. (Please use `***.providers.common.sql.operators.sql.SQLExecuteQueryOperator`.Also, you can provide `hook_params={'schema': <database>}`.)
  result = cls.__new__(cls)

[2024-04-27T12:22:46.689+0000] {taskinstance.py:3309} INFO - 0 downstream tasks scheduled from follow-on schedule check
