[2024-04-14T08:55:25.329+0000] {taskinstance.py:1979} INFO - Dependencies all met for dep_context=non-requeueable deps ti=<TaskInstance: currency_parsing.fetch_data scheduled__2024-03-18T00:00:00+00:00 [queued]>
[2024-04-14T08:55:25.475+0000] {taskinstance.py:1979} INFO - Dependencies all met for dep_context=requeueable deps ti=<TaskInstance: currency_parsing.fetch_data scheduled__2024-03-18T00:00:00+00:00 [queued]>
[2024-04-14T08:55:25.489+0000] {taskinstance.py:2193} INFO - Starting attempt 1 of 2
[2024-04-14T08:55:25.881+0000] {taskinstance.py:2214} INFO - Executing <Task(PythonOperator): fetch_data> on 2024-03-18 00:00:00+00:00
[2024-04-14T08:55:25.963+0000] {standard_task_runner.py:60} INFO - Started process 1350 to run task
[2024-04-14T08:55:26.055+0000] {standard_task_runner.py:87} INFO - Running: ['***', 'tasks', 'run', 'currency_parsing', 'fetch_data', 'scheduled__2024-03-18T00:00:00+00:00', '--job-id', '419', '--raw', '--subdir', 'DAGS_FOLDER/currency_parsing.py', '--cfg-path', '/tmp/tmpercpxeqp']
[2024-04-14T08:55:26.376+0000] {standard_task_runner.py:88} INFO - Job 419: Subtask fetch_data
[2024-04-14T08:55:29.292+0000] {task_command.py:423} INFO - Running <TaskInstance: currency_parsing.fetch_data scheduled__2024-03-18T00:00:00+00:00 [running]> on host e8a1e0443283
[2024-04-14T08:55:31.789+0000] {taskinstance.py:2510} INFO - Exporting env vars: AIRFLOW_CTX_DAG_OWNER='***' AIRFLOW_CTX_DAG_ID='currency_parsing' AIRFLOW_CTX_TASK_ID='fetch_data' AIRFLOW_CTX_EXECUTION_DATE='2024-03-18T00:00:00+00:00' AIRFLOW_CTX_TRY_NUMBER='1' AIRFLOW_CTX_DAG_RUN_ID='scheduled__2024-03-18T00:00:00+00:00'
[2024-04-14T08:55:32.055+0000] {base.py:83} INFO - Using connection ID 'dwh' for task execution.
[2024-04-14T08:55:32.181+0000] {sql.py:572} INFO - Done loading. Loaded a total of 39 rows into currency_parsing
[2024-04-14T08:55:32.182+0000] {python.py:202} INFO - Done. Returned value was: None
[2024-04-14T08:55:32.326+0000] {taskinstance.py:1149} INFO - Marking task as SUCCESS. dag_id=currency_parsing, task_id=fetch_data, execution_date=20240318T000000, start_date=20240414T085525, end_date=20240414T085532
[2024-04-14T08:55:32.657+0000] {local_task_job_runner.py:234} INFO - Task exited with return code 0
[2024-04-14T08:55:32.888+0000] {taskinstance.py:3309} INFO - 0 downstream tasks scheduled from follow-on schedule check
[2024-04-14T10:12:08.020+0000] {taskinstance.py:1979} INFO - Dependencies all met for dep_context=non-requeueable deps ti=<TaskInstance: currency_parsing.fetch_data scheduled__2024-03-18T00:00:00+00:00 [queued]>
[2024-04-14T10:12:08.080+0000] {taskinstance.py:1979} INFO - Dependencies all met for dep_context=requeueable deps ti=<TaskInstance: currency_parsing.fetch_data scheduled__2024-03-18T00:00:00+00:00 [queued]>
[2024-04-14T10:12:08.082+0000] {taskinstance.py:2193} INFO - Starting attempt 1 of 2
[2024-04-14T10:12:08.161+0000] {taskinstance.py:2214} INFO - Executing <Task(PythonOperator): fetch_data> on 2024-03-18 00:00:00+00:00
[2024-04-14T10:12:08.173+0000] {standard_task_runner.py:60} INFO - Started process 644 to run task
[2024-04-14T10:12:08.191+0000] {standard_task_runner.py:87} INFO - Running: ['***', 'tasks', 'run', 'currency_parsing', 'fetch_data', 'scheduled__2024-03-18T00:00:00+00:00', '--job-id', '722', '--raw', '--subdir', 'DAGS_FOLDER/currency_parsing.py', '--cfg-path', '/tmp/tmpklx7leq5']
[2024-04-14T10:12:08.198+0000] {standard_task_runner.py:88} INFO - Job 722: Subtask fetch_data
[2024-04-14T10:12:08.435+0000] {task_command.py:423} INFO - Running <TaskInstance: currency_parsing.fetch_data scheduled__2024-03-18T00:00:00+00:00 [running]> on host 1c15aab9396c
[2024-04-14T10:12:09.070+0000] {taskinstance.py:2510} INFO - Exporting env vars: AIRFLOW_CTX_DAG_OWNER='***' AIRFLOW_CTX_DAG_ID='currency_parsing' AIRFLOW_CTX_TASK_ID='fetch_data' AIRFLOW_CTX_EXECUTION_DATE='2024-03-18T00:00:00+00:00' AIRFLOW_CTX_TRY_NUMBER='1' AIRFLOW_CTX_DAG_RUN_ID='scheduled__2024-03-18T00:00:00+00:00'
[2024-04-14T10:12:09.171+0000] {base.py:83} INFO - Using connection ID 'dwh' for task execution.
[2024-04-14T10:12:09.214+0000] {sql.py:572} INFO - Done loading. Loaded a total of 39 rows into currency_parsing
[2024-04-14T10:12:09.219+0000] {python.py:202} INFO - Done. Returned value was: None
[2024-04-14T10:12:09.258+0000] {taskinstance.py:1149} INFO - Marking task as SUCCESS. dag_id=currency_parsing, task_id=fetch_data, execution_date=20240318T000000, start_date=20240414T101208, end_date=20240414T101209
[2024-04-14T10:12:09.361+0000] {local_task_job_runner.py:234} INFO - Task exited with return code 0
[2024-04-14T10:12:09.432+0000] {taskinstance.py:3309} INFO - 0 downstream tasks scheduled from follow-on schedule check
