[2024-04-20T13:00:17.564+0000] {taskinstance.py:1979} INFO - Dependencies all met for dep_context=non-requeueable deps ti=<TaskInstance: currency_parsing_rub.get_data manual__2024-04-20T12:27:38.212240+00:00 [queued]>
[2024-04-20T13:00:17.579+0000] {taskinstance.py:1979} INFO - Dependencies all met for dep_context=requeueable deps ti=<TaskInstance: currency_parsing_rub.get_data manual__2024-04-20T12:27:38.212240+00:00 [queued]>
[2024-04-20T13:00:17.580+0000] {taskinstance.py:2193} INFO - Starting attempt 12 of 13
[2024-04-20T13:00:17.605+0000] {taskinstance.py:2214} INFO - Executing <Task(PythonOperator): get_data> on 2024-04-20 12:27:38.212240+00:00
[2024-04-20T13:00:17.611+0000] {standard_task_runner.py:60} INFO - Started process 119 to run task
[2024-04-20T13:00:17.617+0000] {standard_task_runner.py:87} INFO - Running: ['***', 'tasks', 'run', 'currency_parsing_rub', 'get_data', 'manual__2024-04-20T12:27:38.212240+00:00', '--job-id', '820', '--raw', '--subdir', 'DAGS_FOLDER/stage/currency_rub.py', '--cfg-path', '/tmp/tmpt5783my_']
[2024-04-20T13:00:17.620+0000] {standard_task_runner.py:88} INFO - Job 820: Subtask get_data
[2024-04-20T13:00:17.695+0000] {task_command.py:423} INFO - Running <TaskInstance: currency_parsing_rub.get_data manual__2024-04-20T12:27:38.212240+00:00 [running]> on host 31aa6d9ea6ff
[2024-04-20T13:00:17.771+0000] {warnings.py:109} WARNING - /home/***/.local/lib/python3.8/site-packages/***/utils/context.py:207: AirflowContextDeprecationWarning: Accessing 'execution_date' from the template is deprecated and will be removed in a future version. Please use 'data_interval_start' or 'logical_date' instead.
  warnings.warn(_create_deprecation_warning(key, self._deprecation_replacements[key]))

[2024-04-20T13:00:17.830+0000] {taskinstance.py:2510} INFO - Exporting env vars: AIRFLOW_CTX_DAG_OWNER='***' AIRFLOW_CTX_DAG_ID='currency_parsing_rub' AIRFLOW_CTX_TASK_ID='get_data' AIRFLOW_CTX_EXECUTION_DATE='2024-04-20T12:27:38.212240+00:00' AIRFLOW_CTX_TRY_NUMBER='12' AIRFLOW_CTX_DAG_RUN_ID='manual__2024-04-20T12:27:38.212240+00:00'
[2024-04-20T13:00:17.832+0000] {taskinstance.py:2728} ERROR - Task failed with exception
Traceback (most recent call last):
  File "/home/airflow/.local/lib/python3.8/site-packages/airflow/models/taskinstance.py", line 444, in _execute_task
    result = _execute_callable(context=context, **execute_callable_kwargs)
  File "/home/airflow/.local/lib/python3.8/site-packages/airflow/models/taskinstance.py", line 414, in _execute_callable
    return execute_callable(context=context, **execute_callable_kwargs)
  File "/home/airflow/.local/lib/python3.8/site-packages/airflow/operators/python.py", line 200, in execute
    return_value = self.execute_callable()
  File "/home/airflow/.local/lib/python3.8/site-packages/airflow/operators/python.py", line 217, in execute_callable
    return self.python_callable(*self.op_args, **self.op_kwargs)
  File "/opt/airflow/dags/stage/currency_rub.py", line 12, in get_data
    url = 'https://www.cbr-xml-daily.ru/archive/{}/{:02d}/{:02d}/daily_json.js'.format(year, month, day)
ValueError: Unknown format code 'd' for object of type 'str'
[2024-04-20T13:00:17.852+0000] {taskinstance.py:1149} INFO - Marking task as UP_FOR_RETRY. dag_id=currency_parsing_rub, task_id=get_data, execution_date=20240420T122738, start_date=20240420T130017, end_date=20240420T130017
[2024-04-20T13:00:17.873+0000] {standard_task_runner.py:107} ERROR - Failed to execute job 820 for task get_data (Unknown format code 'd' for object of type 'str'; 119)
[2024-04-20T13:00:17.911+0000] {local_task_job_runner.py:234} INFO - Task exited with return code 1
[2024-04-20T13:00:17.949+0000] {taskinstance.py:3309} INFO - 0 downstream tasks scheduled from follow-on schedule check
