[2024-04-20T12:59:13.084+0000] {taskinstance.py:1979} INFO - Dependencies all met for dep_context=non-requeueable deps ti=<TaskInstance: currency_parsing_rub.get_data manual__2024-04-20T12:27:38.212240+00:00 [queued]>
[2024-04-20T12:59:13.107+0000] {taskinstance.py:1979} INFO - Dependencies all met for dep_context=requeueable deps ti=<TaskInstance: currency_parsing_rub.get_data manual__2024-04-20T12:27:38.212240+00:00 [queued]>
[2024-04-20T12:59:13.108+0000] {taskinstance.py:2193} INFO - Starting attempt 11 of 11
[2024-04-20T12:59:13.142+0000] {taskinstance.py:2214} INFO - Executing <Task(PythonOperator): get_data> on 2024-04-20 12:27:38.212240+00:00
[2024-04-20T12:59:13.152+0000] {standard_task_runner.py:60} INFO - Started process 110 to run task
[2024-04-20T12:59:13.161+0000] {standard_task_runner.py:87} INFO - Running: ['***', 'tasks', 'run', 'currency_parsing_rub', 'get_data', 'manual__2024-04-20T12:27:38.212240+00:00', '--job-id', '819', '--raw', '--subdir', 'DAGS_FOLDER/stage/currency_rub.py', '--cfg-path', '/tmp/tmp49y0ma_x']
[2024-04-20T12:59:13.164+0000] {standard_task_runner.py:88} INFO - Job 819: Subtask get_data
[2024-04-20T12:59:13.290+0000] {task_command.py:423} INFO - Running <TaskInstance: currency_parsing_rub.get_data manual__2024-04-20T12:27:38.212240+00:00 [running]> on host 31aa6d9ea6ff
[2024-04-20T12:59:13.455+0000] {warnings.py:109} WARNING - /home/***/.local/lib/python3.8/site-packages/***/utils/context.py:207: AirflowContextDeprecationWarning: Accessing 'execution_date' from the template is deprecated and will be removed in a future version. Please use 'data_interval_start' or 'logical_date' instead.
  warnings.warn(_create_deprecation_warning(key, self._deprecation_replacements[key]))

[2024-04-20T12:59:13.582+0000] {taskinstance.py:2510} INFO - Exporting env vars: AIRFLOW_CTX_DAG_OWNER='***' AIRFLOW_CTX_DAG_ID='currency_parsing_rub' AIRFLOW_CTX_TASK_ID='get_data' AIRFLOW_CTX_EXECUTION_DATE='2024-04-20T12:27:38.212240+00:00' AIRFLOW_CTX_TRY_NUMBER='11' AIRFLOW_CTX_DAG_RUN_ID='manual__2024-04-20T12:27:38.212240+00:00'
[2024-04-20T12:59:13.588+0000] {taskinstance.py:2728} ERROR - Task failed with exception
Traceback (most recent call last):
  File "/home/airflow/.local/lib/python3.8/site-packages/airflow/models/taskinstance.py", line 444, in _execute_task
    result = _execute_callable(context=context, **execute_callable_kwargs)
  File "/home/airflow/.local/lib/python3.8/site-packages/airflow/models/taskinstance.py", line 414, in _execute_callable
    return execute_callable(context=context, **execute_callable_kwargs)
  File "/home/airflow/.local/lib/python3.8/site-packages/airflow/operators/python.py", line 200, in execute
    return_value = self.execute_callable()
  File "/home/airflow/.local/lib/python3.8/site-packages/airflow/operators/python.py", line 217, in execute_callable
    return self.python_callable(*self.op_args, **self.op_kwargs)
  File "/opt/airflow/dags/stage/currency_rub.py", line 12, in get_data
    url = f'https://www.cbr-xml-daily.ru/archive/{year}/{month}/{format_string(day, "02")}/daily_json.js'
NameError: name 'format_string' is not defined
[2024-04-20T12:59:13.611+0000] {taskinstance.py:1149} INFO - Marking task as FAILED. dag_id=currency_parsing_rub, task_id=get_data, execution_date=20240420T122738, start_date=20240420T125913, end_date=20240420T125913
[2024-04-20T12:59:13.645+0000] {standard_task_runner.py:107} ERROR - Failed to execute job 819 for task get_data (name 'format_string' is not defined; 110)
[2024-04-20T12:59:13.707+0000] {local_task_job_runner.py:234} INFO - Task exited with return code 1
[2024-04-20T12:59:13.769+0000] {taskinstance.py:3309} INFO - 0 downstream tasks scheduled from follow-on schedule check
