[2024-04-20T12:51:09.622+0000] {taskinstance.py:1979} INFO - Dependencies all met for dep_context=non-requeueable deps ti=<TaskInstance: currency_parsing_rub.get_data manual__2024-04-20T12:27:38.212240+00:00 [queued]>
[2024-04-20T12:51:09.640+0000] {taskinstance.py:1979} INFO - Dependencies all met for dep_context=requeueable deps ti=<TaskInstance: currency_parsing_rub.get_data manual__2024-04-20T12:27:38.212240+00:00 [queued]>
[2024-04-20T12:51:09.641+0000] {taskinstance.py:2193} INFO - Starting attempt 7 of 8
[2024-04-20T12:51:09.674+0000] {taskinstance.py:2214} INFO - Executing <Task(PythonOperator): get_data> on 2024-04-20 12:27:38.212240+00:00
[2024-04-20T12:51:09.680+0000] {standard_task_runner.py:60} INFO - Started process 698 to run task
[2024-04-20T12:51:09.689+0000] {standard_task_runner.py:87} INFO - Running: ['***', 'tasks', 'run', 'currency_parsing_rub', 'get_data', 'manual__2024-04-20T12:27:38.212240+00:00', '--job-id', '815', '--raw', '--subdir', 'DAGS_FOLDER/stage/currency_rub.py', '--cfg-path', '/tmp/tmporjvaxtm']
[2024-04-20T12:51:09.693+0000] {standard_task_runner.py:88} INFO - Job 815: Subtask get_data
[2024-04-20T12:51:09.797+0000] {task_command.py:423} INFO - Running <TaskInstance: currency_parsing_rub.get_data manual__2024-04-20T12:27:38.212240+00:00 [running]> on host b6a424c1134c
[2024-04-20T12:51:09.923+0000] {warnings.py:109} WARNING - /home/***/.local/lib/python3.8/site-packages/***/utils/context.py:207: AirflowContextDeprecationWarning: Accessing 'execution_date' from the template is deprecated and will be removed in a future version. Please use 'data_interval_start' or 'logical_date' instead.
  warnings.warn(_create_deprecation_warning(key, self._deprecation_replacements[key]))

[2024-04-20T12:51:09.981+0000] {taskinstance.py:2510} INFO - Exporting env vars: AIRFLOW_CTX_DAG_OWNER='***' AIRFLOW_CTX_DAG_ID='currency_parsing_rub' AIRFLOW_CTX_TASK_ID='get_data' AIRFLOW_CTX_EXECUTION_DATE='2024-04-20T12:27:38.212240+00:00' AIRFLOW_CTX_TRY_NUMBER='7' AIRFLOW_CTX_DAG_RUN_ID='manual__2024-04-20T12:27:38.212240+00:00'
[2024-04-20T12:51:25.384+0000] {currency_rub.py:16} INFO - Here is our url: https://www.cbr-xml-daily.ru/archive/2024/4/20/daily_json.js
[2024-04-20T12:51:25.385+0000] {currency_rub.py:17} INFO - Here is currency_data: {'error': 'Not found', 'code': 404, 'explanation': 'Курс ЦБ РФ на данную дату не установлен или указана ошибочная дата. Проверить: https://www.cbr.ru/currency_base/daily/'}
[2024-04-20T12:51:25.386+0000] {taskinstance.py:2728} ERROR - Task failed with exception
Traceback (most recent call last):
  File "/home/airflow/.local/lib/python3.8/site-packages/airflow/models/taskinstance.py", line 444, in _execute_task
    result = _execute_callable(context=context, **execute_callable_kwargs)
  File "/home/airflow/.local/lib/python3.8/site-packages/airflow/models/taskinstance.py", line 414, in _execute_callable
    return execute_callable(context=context, **execute_callable_kwargs)
  File "/home/airflow/.local/lib/python3.8/site-packages/airflow/operators/python.py", line 200, in execute
    return_value = self.execute_callable()
  File "/home/airflow/.local/lib/python3.8/site-packages/airflow/operators/python.py", line 217, in execute_callable
    return self.python_callable(*self.op_args, **self.op_kwargs)
  File "/opt/airflow/dags/stage/currency_rub.py", line 19, in get_data
    currencies_date = datetime.strptime(currency_data['Date'][:10], '%Y-%m-%d')
KeyError: 'Date'
[2024-04-20T12:51:25.415+0000] {taskinstance.py:1149} INFO - Marking task as UP_FOR_RETRY. dag_id=currency_parsing_rub, task_id=get_data, execution_date=20240420T122738, start_date=20240420T125109, end_date=20240420T125125
[2024-04-20T12:51:25.439+0000] {standard_task_runner.py:107} ERROR - Failed to execute job 815 for task get_data ('Date'; 698)
[2024-04-20T12:51:25.488+0000] {local_task_job_runner.py:234} INFO - Task exited with return code 1
[2024-04-20T12:51:25.523+0000] {taskinstance.py:3309} INFO - 0 downstream tasks scheduled from follow-on schedule check
