[2024-04-14T08:52:52.509+0000] {taskinstance.py:1979} INFO - Dependencies all met for dep_context=non-requeueable deps ti=<TaskInstance: currency_parsing.fetch_data scheduled__2024-02-15T00:00:00+00:00 [queued]>
[2024-04-14T08:52:52.663+0000] {taskinstance.py:1979} INFO - Dependencies all met for dep_context=requeueable deps ti=<TaskInstance: currency_parsing.fetch_data scheduled__2024-02-15T00:00:00+00:00 [queued]>
[2024-04-14T08:52:52.672+0000] {taskinstance.py:2193} INFO - Starting attempt 1 of 2
[2024-04-14T08:52:52.817+0000] {taskinstance.py:2214} INFO - Executing <Task(PythonOperator): fetch_data> on 2024-02-15 00:00:00+00:00
[2024-04-14T08:52:52.831+0000] {standard_task_runner.py:60} INFO - Started process 1101 to run task
[2024-04-14T08:52:52.866+0000] {standard_task_runner.py:87} INFO - Running: ['***', 'tasks', 'run', 'currency_parsing', 'fetch_data', 'scheduled__2024-02-15T00:00:00+00:00', '--job-id', '314', '--raw', '--subdir', 'DAGS_FOLDER/currency_parsing.py', '--cfg-path', '/tmp/tmpgsiztqqj']
[2024-04-14T08:52:52.902+0000] {standard_task_runner.py:88} INFO - Job 314: Subtask fetch_data
[2024-04-14T08:52:53.282+0000] {task_command.py:423} INFO - Running <TaskInstance: currency_parsing.fetch_data scheduled__2024-02-15T00:00:00+00:00 [running]> on host e8a1e0443283
[2024-04-14T08:52:53.878+0000] {taskinstance.py:2510} INFO - Exporting env vars: AIRFLOW_CTX_DAG_OWNER='***' AIRFLOW_CTX_DAG_ID='currency_parsing' AIRFLOW_CTX_TASK_ID='fetch_data' AIRFLOW_CTX_EXECUTION_DATE='2024-02-15T00:00:00+00:00' AIRFLOW_CTX_TRY_NUMBER='1' AIRFLOW_CTX_DAG_RUN_ID='scheduled__2024-02-15T00:00:00+00:00'
[2024-04-14T08:52:53.988+0000] {base.py:83} INFO - Using connection ID 'dwh' for task execution.
[2024-04-14T08:52:54.022+0000] {sql.py:572} INFO - Done loading. Loaded a total of 39 rows into currency_parsing
[2024-04-14T08:52:54.024+0000] {python.py:202} INFO - Done. Returned value was: None
[2024-04-14T08:52:54.056+0000] {taskinstance.py:1149} INFO - Marking task as SUCCESS. dag_id=currency_parsing, task_id=fetch_data, execution_date=20240215T000000, start_date=20240414T085252, end_date=20240414T085254
[2024-04-14T08:52:54.148+0000] {local_task_job_runner.py:234} INFO - Task exited with return code 0
[2024-04-14T08:52:54.211+0000] {taskinstance.py:3309} INFO - 0 downstream tasks scheduled from follow-on schedule check
[2024-04-14T10:10:30.502+0000] {taskinstance.py:1979} INFO - Dependencies all met for dep_context=non-requeueable deps ti=<TaskInstance: currency_parsing.fetch_data scheduled__2024-02-15T00:00:00+00:00 [queued]>
[2024-04-14T10:10:30.542+0000] {taskinstance.py:1979} INFO - Dependencies all met for dep_context=requeueable deps ti=<TaskInstance: currency_parsing.fetch_data scheduled__2024-02-15T00:00:00+00:00 [queued]>
[2024-04-14T10:10:30.546+0000] {taskinstance.py:2193} INFO - Starting attempt 1 of 2
[2024-04-14T10:10:30.685+0000] {taskinstance.py:2214} INFO - Executing <Task(PythonOperator): fetch_data> on 2024-02-15 00:00:00+00:00
[2024-04-14T10:10:30.777+0000] {standard_task_runner.py:60} INFO - Started process 426 to run task
[2024-04-14T10:10:30.734+0000] {standard_task_runner.py:87} INFO - Running: ['***', 'tasks', 'run', 'currency_parsing', 'fetch_data', 'scheduled__2024-02-15T00:00:00+00:00', '--job-id', '621', '--raw', '--subdir', 'DAGS_FOLDER/currency_parsing.py', '--cfg-path', '/tmp/tmpsqjzu1u8']
[2024-04-14T10:10:30.806+0000] {standard_task_runner.py:88} INFO - Job 621: Subtask fetch_data
[2024-04-14T10:10:31.170+0000] {task_command.py:423} INFO - Running <TaskInstance: currency_parsing.fetch_data scheduled__2024-02-15T00:00:00+00:00 [running]> on host 1c15aab9396c
[2024-04-14T10:10:32.000+0000] {taskinstance.py:2510} INFO - Exporting env vars: AIRFLOW_CTX_DAG_OWNER='***' AIRFLOW_CTX_DAG_ID='currency_parsing' AIRFLOW_CTX_TASK_ID='fetch_data' AIRFLOW_CTX_EXECUTION_DATE='2024-02-15T00:00:00+00:00' AIRFLOW_CTX_TRY_NUMBER='1' AIRFLOW_CTX_DAG_RUN_ID='scheduled__2024-02-15T00:00:00+00:00'
[2024-04-14T10:10:32.111+0000] {base.py:83} INFO - Using connection ID 'dwh' for task execution.
[2024-04-14T10:10:32.151+0000] {sql.py:572} INFO - Done loading. Loaded a total of 39 rows into currency_parsing
[2024-04-14T10:10:32.153+0000] {python.py:202} INFO - Done. Returned value was: None
[2024-04-14T10:10:32.179+0000] {taskinstance.py:1149} INFO - Marking task as SUCCESS. dag_id=currency_parsing, task_id=fetch_data, execution_date=20240215T000000, start_date=20240414T101030, end_date=20240414T101032
[2024-04-14T10:10:32.265+0000] {local_task_job_runner.py:234} INFO - Task exited with return code 0
[2024-04-14T10:10:32.339+0000] {taskinstance.py:3309} INFO - 0 downstream tasks scheduled from follow-on schedule check
