[2024-04-21T11:03:46.873+0000] {taskinstance.py:1979} INFO - Dependencies all met for dep_context=non-requeueable deps ti=<TaskInstance: currency_parsing.fetch_data_usd scheduled__2024-04-01T00:00:00+00:00 [queued]>
[2024-04-21T11:03:47.000+0000] {taskinstance.py:1979} INFO - Dependencies all met for dep_context=requeueable deps ti=<TaskInstance: currency_parsing.fetch_data_usd scheduled__2024-04-01T00:00:00+00:00 [queued]>
[2024-04-21T11:03:47.009+0000] {taskinstance.py:2193} INFO - Starting attempt 1 of 2
[2024-04-21T11:03:47.325+0000] {taskinstance.py:2214} INFO - Executing <Task(PythonOperator): fetch_data_usd> on 2024-04-01 00:00:00+00:00
[2024-04-21T11:03:47.401+0000] {standard_task_runner.py:60} INFO - Started process 2405 to run task
[2024-04-21T11:03:47.464+0000] {standard_task_runner.py:87} INFO - Running: ['***', 'tasks', 'run', 'currency_parsing', 'fetch_data_usd', 'scheduled__2024-04-01T00:00:00+00:00', '--job-id', '1931', '--raw', '--subdir', 'DAGS_FOLDER/stage/currency_parsing.py', '--cfg-path', '/tmp/tmpk28pmdhv']
[2024-04-21T11:03:47.538+0000] {standard_task_runner.py:88} INFO - Job 1931: Subtask fetch_data_usd
[2024-04-21T11:03:48.064+0000] {task_command.py:423} INFO - Running <TaskInstance: currency_parsing.fetch_data_usd scheduled__2024-04-01T00:00:00+00:00 [running]> on host e671688b1343
[2024-04-21T11:03:48.807+0000] {taskinstance.py:2510} INFO - Exporting env vars: AIRFLOW_CTX_DAG_OWNER='***' AIRFLOW_CTX_DAG_ID='currency_parsing' AIRFLOW_CTX_TASK_ID='fetch_data_usd' AIRFLOW_CTX_EXECUTION_DATE='2024-04-01T00:00:00+00:00' AIRFLOW_CTX_TRY_NUMBER='1' AIRFLOW_CTX_DAG_RUN_ID='scheduled__2024-04-01T00:00:00+00:00'
[2024-04-21T11:03:48.945+0000] {base.py:83} INFO - Using connection ID 'dwh' for task execution.
[2024-04-21T11:03:48.991+0000] {sql.py:572} INFO - Done loading. Loaded a total of 33 rows into stage.currency_parsing_usd
[2024-04-21T11:03:48.992+0000] {python.py:202} INFO - Done. Returned value was: None
[2024-04-21T11:03:49.031+0000] {taskinstance.py:1149} INFO - Marking task as SUCCESS. dag_id=currency_parsing, task_id=fetch_data_usd, execution_date=20240401T000000, start_date=20240421T110346, end_date=20240421T110349
[2024-04-21T11:03:49.140+0000] {local_task_job_runner.py:234} INFO - Task exited with return code 0
[2024-04-21T11:03:49.227+0000] {taskinstance.py:3309} INFO - 0 downstream tasks scheduled from follow-on schedule check
[2024-04-27T12:21:47.288+0000] {taskinstance.py:1979} INFO - Dependencies all met for dep_context=non-requeueable deps ti=<TaskInstance: currency_parsing.fetch_data_usd scheduled__2024-04-01T00:00:00+00:00 [queued]>
[2024-04-27T12:21:52.640+0000] {taskinstance.py:1979} INFO - Dependencies all met for dep_context=requeueable deps ti=<TaskInstance: currency_parsing.fetch_data_usd scheduled__2024-04-01T00:00:00+00:00 [queued]>
[2024-04-27T12:21:52.652+0000] {taskinstance.py:2193} INFO - Starting attempt 1 of 2
[2024-04-27T12:21:53.801+0000] {taskinstance.py:2214} INFO - Executing <Task(PythonOperator): fetch_data_usd> on 2024-04-01 00:00:00+00:00
[2024-04-27T12:21:54.160+0000] {standard_task_runner.py:60} INFO - Started process 2030 to run task
[2024-04-27T12:21:54.530+0000] {standard_task_runner.py:87} INFO - Running: ['***', 'tasks', 'run', 'currency_parsing', 'fetch_data_usd', 'scheduled__2024-04-01T00:00:00+00:00', '--job-id', '2353', '--raw', '--subdir', 'DAGS_FOLDER/stage/currency_parsing.py', '--cfg-path', '/tmp/tmpp6k9murf']
[2024-04-27T12:21:55.140+0000] {standard_task_runner.py:88} INFO - Job 2353: Subtask fetch_data_usd
[2024-04-27T12:21:57.821+0000] {task_command.py:423} INFO - Running <TaskInstance: currency_parsing.fetch_data_usd scheduled__2024-04-01T00:00:00+00:00 [running]> on host 65a8688265d1
[2024-04-27T12:22:00.921+0000] {taskinstance.py:2510} INFO - Exporting env vars: AIRFLOW_CTX_DAG_OWNER='***' AIRFLOW_CTX_DAG_ID='currency_parsing' AIRFLOW_CTX_TASK_ID='fetch_data_usd' AIRFLOW_CTX_EXECUTION_DATE='2024-04-01T00:00:00+00:00' AIRFLOW_CTX_TRY_NUMBER='1' AIRFLOW_CTX_DAG_RUN_ID='scheduled__2024-04-01T00:00:00+00:00'
[2024-04-27T12:22:01.319+0000] {base.py:83} INFO - Using connection ID 'dwh' for task execution.
[2024-04-27T12:22:01.558+0000] {sql.py:572} INFO - Done loading. Loaded a total of 33 rows into stage.currency_parsing_usd
[2024-04-27T12:22:01.564+0000] {python.py:202} INFO - Done. Returned value was: None
[2024-04-27T12:22:01.918+0000] {taskinstance.py:1149} INFO - Marking task as SUCCESS. dag_id=currency_parsing, task_id=fetch_data_usd, execution_date=20240401T000000, start_date=20240427T122147, end_date=20240427T122201
[2024-04-27T12:22:02.910+0000] {local_task_job_runner.py:234} INFO - Task exited with return code 0
[2024-04-27T12:22:03.580+0000] {warnings.py:109} WARNING - /home/***/.local/lib/python3.8/site-packages/***/models/baseoperator.py:1201: AirflowProviderDeprecationWarning: Call to deprecated class PostgresOperator. (Please use `***.providers.common.sql.operators.sql.SQLExecuteQueryOperator`.Also, you can provide `hook_params={'schema': <database>}`.)
  result = cls.__new__(cls)

[2024-04-27T12:22:04.571+0000] {taskinstance.py:3309} INFO - 0 downstream tasks scheduled from follow-on schedule check
