[2024-04-21T11:04:20.876+0000] {taskinstance.py:1979} INFO - Dependencies all met for dep_context=non-requeueable deps ti=<TaskInstance: currency_parsing.fetch_data_rub scheduled__2024-04-04T00:00:00+00:00 [queued]>
[2024-04-21T11:04:21.036+0000] {taskinstance.py:1979} INFO - Dependencies all met for dep_context=requeueable deps ti=<TaskInstance: currency_parsing.fetch_data_rub scheduled__2024-04-04T00:00:00+00:00 [queued]>
[2024-04-21T11:04:21.044+0000] {taskinstance.py:2193} INFO - Starting attempt 1 of 2
[2024-04-21T11:04:21.208+0000] {taskinstance.py:2214} INFO - Executing <Task(PythonOperator): fetch_data_rub> on 2024-04-04 00:00:00+00:00
[2024-04-21T11:04:21.257+0000] {standard_task_runner.py:60} INFO - Started process 2488 to run task
[2024-04-21T11:04:21.270+0000] {standard_task_runner.py:87} INFO - Running: ['***', 'tasks', 'run', 'currency_parsing', 'fetch_data_rub', 'scheduled__2024-04-04T00:00:00+00:00', '--job-id', '1968', '--raw', '--subdir', 'DAGS_FOLDER/stage/currency_parsing.py', '--cfg-path', '/tmp/tmpwnnskrzm']
[2024-04-21T11:04:21.283+0000] {standard_task_runner.py:88} INFO - Job 1968: Subtask fetch_data_rub
[2024-04-21T11:04:21.610+0000] {task_command.py:423} INFO - Running <TaskInstance: currency_parsing.fetch_data_rub scheduled__2024-04-04T00:00:00+00:00 [running]> on host e671688b1343
[2024-04-21T11:04:22.609+0000] {taskinstance.py:2510} INFO - Exporting env vars: AIRFLOW_CTX_DAG_OWNER='***' AIRFLOW_CTX_DAG_ID='currency_parsing' AIRFLOW_CTX_TASK_ID='fetch_data_rub' AIRFLOW_CTX_EXECUTION_DATE='2024-04-04T00:00:00+00:00' AIRFLOW_CTX_TRY_NUMBER='1' AIRFLOW_CTX_DAG_RUN_ID='scheduled__2024-04-04T00:00:00+00:00'
[2024-04-21T11:04:23.081+0000] {base.py:83} INFO - Using connection ID 'dwh' for task execution.
[2024-04-21T11:04:23.180+0000] {sql.py:572} INFO - Done loading. Loaded a total of 43 rows into stage.currency_parsing_rub
[2024-04-21T11:04:23.181+0000] {python.py:202} INFO - Done. Returned value was: None
[2024-04-21T11:04:23.249+0000] {taskinstance.py:1149} INFO - Marking task as SUCCESS. dag_id=currency_parsing, task_id=fetch_data_rub, execution_date=20240404T000000, start_date=20240421T110420, end_date=20240421T110423
[2024-04-21T11:04:23.561+0000] {local_task_job_runner.py:234} INFO - Task exited with return code 0
[2024-04-21T11:04:23.736+0000] {taskinstance.py:3309} INFO - 0 downstream tasks scheduled from follow-on schedule check
[2024-04-27T12:22:20.019+0000] {taskinstance.py:1979} INFO - Dependencies all met for dep_context=non-requeueable deps ti=<TaskInstance: currency_parsing.fetch_data_rub scheduled__2024-04-04T00:00:00+00:00 [queued]>
[2024-04-27T12:22:20.466+0000] {taskinstance.py:1979} INFO - Dependencies all met for dep_context=requeueable deps ti=<TaskInstance: currency_parsing.fetch_data_rub scheduled__2024-04-04T00:00:00+00:00 [queued]>
[2024-04-27T12:22:20.526+0000] {taskinstance.py:2193} INFO - Starting attempt 1 of 2
[2024-04-27T12:22:21.297+0000] {taskinstance.py:2214} INFO - Executing <Task(PythonOperator): fetch_data_rub> on 2024-04-04 00:00:00+00:00
[2024-04-27T12:22:21.571+0000] {standard_task_runner.py:60} INFO - Started process 2058 to run task
[2024-04-27T12:22:21.624+0000] {standard_task_runner.py:87} INFO - Running: ['***', 'tasks', 'run', 'currency_parsing', 'fetch_data_rub', 'scheduled__2024-04-04T00:00:00+00:00', '--job-id', '2367', '--raw', '--subdir', 'DAGS_FOLDER/stage/currency_parsing.py', '--cfg-path', '/tmp/tmp__3_krt_']
[2024-04-27T12:22:21.745+0000] {standard_task_runner.py:88} INFO - Job 2367: Subtask fetch_data_rub
[2024-04-27T12:22:23.025+0000] {task_command.py:423} INFO - Running <TaskInstance: currency_parsing.fetch_data_rub scheduled__2024-04-04T00:00:00+00:00 [running]> on host 65a8688265d1
[2024-04-27T12:22:24.365+0000] {taskinstance.py:2510} INFO - Exporting env vars: AIRFLOW_CTX_DAG_OWNER='***' AIRFLOW_CTX_DAG_ID='currency_parsing' AIRFLOW_CTX_TASK_ID='fetch_data_rub' AIRFLOW_CTX_EXECUTION_DATE='2024-04-04T00:00:00+00:00' AIRFLOW_CTX_TRY_NUMBER='1' AIRFLOW_CTX_DAG_RUN_ID='scheduled__2024-04-04T00:00:00+00:00'
[2024-04-27T12:22:24.911+0000] {base.py:83} INFO - Using connection ID 'dwh' for task execution.
[2024-04-27T12:22:25.238+0000] {sql.py:572} INFO - Done loading. Loaded a total of 43 rows into stage.currency_parsing_rub
[2024-04-27T12:22:25.242+0000] {python.py:202} INFO - Done. Returned value was: None
[2024-04-27T12:22:25.439+0000] {taskinstance.py:1149} INFO - Marking task as SUCCESS. dag_id=currency_parsing, task_id=fetch_data_rub, execution_date=20240404T000000, start_date=20240427T122220, end_date=20240427T122225
[2024-04-27T12:22:25.834+0000] {local_task_job_runner.py:234} INFO - Task exited with return code 0
[2024-04-27T12:22:26.557+0000] {warnings.py:109} WARNING - /home/***/.local/lib/python3.8/site-packages/***/models/baseoperator.py:1201: AirflowProviderDeprecationWarning: Call to deprecated class PostgresOperator. (Please use `***.providers.common.sql.operators.sql.SQLExecuteQueryOperator`.Also, you can provide `hook_params={'schema': <database>}`.)
  result = cls.__new__(cls)

[2024-04-27T12:22:26.896+0000] {taskinstance.py:3309} INFO - 0 downstream tasks scheduled from follow-on schedule check
