[2024-04-21T09:02:48.014+0000] {taskinstance.py:1979} INFO - Dependencies all met for dep_context=non-requeueable deps ti=<TaskInstance: currency_parsing.get_data_rub manual__2024-04-21T09:01:52.727662+00:00 [queued]>
[2024-04-21T09:02:48.066+0000] {taskinstance.py:1979} INFO - Dependencies all met for dep_context=requeueable deps ti=<TaskInstance: currency_parsing.get_data_rub manual__2024-04-21T09:01:52.727662+00:00 [queued]>
[2024-04-21T09:02:48.078+0000] {taskinstance.py:2193} INFO - Starting attempt 1 of 2
[2024-04-21T09:02:48.217+0000] {taskinstance.py:2214} INFO - Executing <Task(PythonOperator): get_data_rub> on 2024-04-21 09:01:52.727662+00:00
[2024-04-21T09:02:48.259+0000] {standard_task_runner.py:60} INFO - Started process 1009 to run task
[2024-04-21T09:02:48.321+0000] {standard_task_runner.py:87} INFO - Running: ['***', 'tasks', 'run', 'currency_parsing', 'get_data_rub', 'manual__2024-04-21T09:01:52.727662+00:00', '--job-id', '922', '--raw', '--subdir', 'DAGS_FOLDER/stage/currency_parsing.py', '--cfg-path', '/tmp/tmp724cfjgy']
[2024-04-21T09:02:48.359+0000] {standard_task_runner.py:88} INFO - Job 922: Subtask get_data_rub
[2024-04-21T09:02:49.662+0000] {task_command.py:423} INFO - Running <TaskInstance: currency_parsing.get_data_rub manual__2024-04-21T09:01:52.727662+00:00 [running]> on host 31aa6d9ea6ff
[2024-04-21T09:02:50.227+0000] {warnings.py:109} WARNING - /home/***/.local/lib/python3.8/site-packages/***/utils/context.py:207: AirflowContextDeprecationWarning: Accessing 'execution_date' from the template is deprecated and will be removed in a future version. Please use 'data_interval_start' or 'logical_date' instead.
  warnings.warn(_create_deprecation_warning(key, self._deprecation_replacements[key]))

[2024-04-21T09:02:50.603+0000] {taskinstance.py:2510} INFO - Exporting env vars: AIRFLOW_CTX_DAG_OWNER='***' AIRFLOW_CTX_DAG_ID='currency_parsing' AIRFLOW_CTX_TASK_ID='get_data_rub' AIRFLOW_CTX_EXECUTION_DATE='2024-04-21T09:01:52.727662+00:00' AIRFLOW_CTX_TRY_NUMBER='1' AIRFLOW_CTX_DAG_RUN_ID='manual__2024-04-21T09:01:52.727662+00:00'
[2024-04-21T09:02:50.612+0000] {taskinstance.py:2728} ERROR - Task failed with exception
Traceback (most recent call last):
  File "/home/airflow/.local/lib/python3.8/site-packages/airflow/models/taskinstance.py", line 444, in _execute_task
    result = _execute_callable(context=context, **execute_callable_kwargs)
  File "/home/airflow/.local/lib/python3.8/site-packages/airflow/models/taskinstance.py", line 414, in _execute_callable
    return execute_callable(context=context, **execute_callable_kwargs)
  File "/home/airflow/.local/lib/python3.8/site-packages/airflow/operators/python.py", line 200, in execute
    return_value = self.execute_callable()
  File "/home/airflow/.local/lib/python3.8/site-packages/airflow/operators/python.py", line 217, in execute_callable
    return self.python_callable(*self.op_args, **self.op_kwargs)
  File "/opt/airflow/dags/stage/currency_parsing.py", line 26, in get_data_rub
    year, month, day = return_date(execution_date)
  File "/opt/airflow/dags/stage/currency_utils.py", line 30, in return_date
    execution_date = datetime.strptime(execution_date, '%Y-%m-%d')
  File "/usr/local/lib/python3.8/_strptime.py", line 568, in _strptime_datetime
    tt, fraction, gmtoff_fraction = _strptime(data_string, format)
  File "/usr/local/lib/python3.8/_strptime.py", line 352, in _strptime
    raise ValueError("unconverted data remains: %s" %
ValueError: unconverted data remains:  09:01:52.727662+00:00
[2024-04-21T09:02:50.699+0000] {taskinstance.py:1149} INFO - Marking task as UP_FOR_RETRY. dag_id=currency_parsing, task_id=get_data_rub, execution_date=20240421T090152, start_date=20240421T090248, end_date=20240421T090250
[2024-04-21T09:02:50.805+0000] {standard_task_runner.py:107} ERROR - Failed to execute job 922 for task get_data_rub (unconverted data remains:  09:01:52.727662+00:00; 1009)
[2024-04-21T09:02:50.880+0000] {local_task_job_runner.py:234} INFO - Task exited with return code 1
[2024-04-21T09:02:51.145+0000] {taskinstance.py:3309} INFO - 0 downstream tasks scheduled from follow-on schedule check
