[2024-04-21T11:04:01.576+0000] {taskinstance.py:1979} INFO - Dependencies all met for dep_context=non-requeueable deps ti=<TaskInstance: currency_parsing.get_data_pound scheduled__2024-04-04T00:00:00+00:00 [queued]>
[2024-04-21T11:04:01.891+0000] {taskinstance.py:1979} INFO - Dependencies all met for dep_context=requeueable deps ti=<TaskInstance: currency_parsing.get_data_pound scheduled__2024-04-04T00:00:00+00:00 [queued]>
[2024-04-21T11:04:01.897+0000] {taskinstance.py:2193} INFO - Starting attempt 1 of 2
[2024-04-21T11:04:02.134+0000] {taskinstance.py:2214} INFO - Executing <Task(PythonOperator): get_data_pound> on 2024-04-04 00:00:00+00:00
[2024-04-21T11:04:02.245+0000] {standard_task_runner.py:87} INFO - Running: ['***', 'tasks', 'run', 'currency_parsing', 'get_data_pound', 'scheduled__2024-04-04T00:00:00+00:00', '--job-id', '1946', '--raw', '--subdir', 'DAGS_FOLDER/stage/currency_parsing.py', '--cfg-path', '/tmp/tmp2lftpkcq']
[2024-04-21T11:04:02.261+0000] {standard_task_runner.py:88} INFO - Job 1946: Subtask get_data_pound
[2024-04-21T11:04:02.195+0000] {standard_task_runner.py:60} INFO - Started process 2449 to run task
[2024-04-21T11:04:02.925+0000] {task_command.py:423} INFO - Running <TaskInstance: currency_parsing.get_data_pound scheduled__2024-04-04T00:00:00+00:00 [running]> on host e671688b1343
[2024-04-21T11:04:03.745+0000] {warnings.py:109} WARNING - /home/***/.local/lib/python3.8/site-packages/***/utils/context.py:207: AirflowContextDeprecationWarning: Accessing 'execution_date' from the template is deprecated and will be removed in a future version. Please use 'data_interval_start' or 'logical_date' instead.
  warnings.warn(_create_deprecation_warning(key, self._deprecation_replacements[key]))

[2024-04-21T11:04:03.947+0000] {taskinstance.py:2510} INFO - Exporting env vars: AIRFLOW_CTX_DAG_OWNER='***' AIRFLOW_CTX_DAG_ID='currency_parsing' AIRFLOW_CTX_TASK_ID='get_data_pound' AIRFLOW_CTX_EXECUTION_DATE='2024-04-04T00:00:00+00:00' AIRFLOW_CTX_TRY_NUMBER='1' AIRFLOW_CTX_DAG_RUN_ID='scheduled__2024-04-04T00:00:00+00:00'
[2024-04-21T11:04:05.197+0000] {python.py:202} INFO - Done. Returned value was: ([['AUD', 1.9260760455, '2024-4-3'], ['BGN', 2.2823718558, '2024-4-3'], ['BRL', 6.3751000224, '2024-4-3'], ['CAD', 1.7109849406, '2024-4-3'], ['CHF', 1.1424450166, '2024-4-3'], ['CNY', 9.1491013126, '2024-4-3'], ['CZK', 29.5298073083, '2024-4-3'], ['DKK', 8.7058101022, '2024-4-3'], ['EUR', 1.1675123709, '2024-4-3'], ['GBP', 1, '2024-4-3'], ['HKD', 9.9020087886, '2024-4-3'], ['HRK', 8.4654870453, '2024-4-3'], ['HUF', 457.561112222, '2024-4-3'], ['IDR', 20117.4059940894, '2024-4-3'], ['ILS', 4.6765408679, '2024-4-3'], ['INR', 105.568023061, '2024-4-3'], ['ISK', 175.9130460595, '2024-4-3'], ['JPY', 191.7790558432, '2024-4-3'], ['KRW', 1697.0805350415, '2024-4-3'], ['MXN', 20.9189011956, '2024-4-3'], ['MYR', 6.0146410276, '2024-4-3'], ['NOK', 13.5557982333, '2024-4-3'], ['NZD', 2.1033697629, '2024-4-3'], ['PHP', 71.3777247537, '2024-4-3'], ['PLN', 5.0098574478, '2024-4-3'], ['RON', 5.8007769231, '2024-4-3'], ['RUB', 116.9700276808, '2024-4-3'], ['SEK', 13.4617036635, '2024-4-3'], ['SGD', 1.7051134462, '2024-4-3'], ['THB', 46.3429115407, '2024-4-3'], ['TRY', 40.3714049162, '2024-4-3'], ['USD', 1.2653901646, '2024-4-3'], ['ZAR', 23.6146017751, '2024-4-3']], ['title', 'rate', 'date'])
[2024-04-21T11:04:05.350+0000] {taskinstance.py:1149} INFO - Marking task as SUCCESS. dag_id=currency_parsing, task_id=get_data_pound, execution_date=20240404T000000, start_date=20240421T110401, end_date=20240421T110405
[2024-04-21T11:04:05.501+0000] {local_task_job_runner.py:234} INFO - Task exited with return code 0
[2024-04-21T11:04:05.617+0000] {taskinstance.py:3309} INFO - 1 downstream tasks scheduled from follow-on schedule check
[2024-04-27T12:18:22.841+0000] {taskinstance.py:1979} INFO - Dependencies all met for dep_context=non-requeueable deps ti=<TaskInstance: currency_parsing.get_data_pound scheduled__2024-04-04T00:00:00+00:00 [queued]>
[2024-04-27T12:18:23.141+0000] {taskinstance.py:1979} INFO - Dependencies all met for dep_context=requeueable deps ti=<TaskInstance: currency_parsing.get_data_pound scheduled__2024-04-04T00:00:00+00:00 [queued]>
[2024-04-27T12:18:23.152+0000] {taskinstance.py:2193} INFO - Starting attempt 1 of 2
[2024-04-27T12:18:23.608+0000] {taskinstance.py:2214} INFO - Executing <Task(PythonOperator): get_data_pound> on 2024-04-04 00:00:00+00:00
[2024-04-27T12:18:23.692+0000] {standard_task_runner.py:60} INFO - Started process 1890 to run task
[2024-04-27T12:18:23.800+0000] {standard_task_runner.py:87} INFO - Running: ['***', 'tasks', 'run', 'currency_parsing', 'get_data_pound', 'scheduled__2024-04-04T00:00:00+00:00', '--job-id', '2305', '--raw', '--subdir', 'DAGS_FOLDER/stage/currency_parsing.py', '--cfg-path', '/tmp/tmpd74whbbc']
[2024-04-27T12:18:23.842+0000] {standard_task_runner.py:88} INFO - Job 2305: Subtask get_data_pound
[2024-04-27T12:18:25.745+0000] {task_command.py:423} INFO - Running <TaskInstance: currency_parsing.get_data_pound scheduled__2024-04-04T00:00:00+00:00 [running]> on host 65a8688265d1
[2024-04-27T12:18:27.940+0000] {warnings.py:109} WARNING - /home/***/.local/lib/python3.8/site-packages/***/utils/context.py:207: AirflowContextDeprecationWarning: Accessing 'execution_date' from the template is deprecated and will be removed in a future version. Please use 'data_interval_start' or 'logical_date' instead.
  warnings.warn(_create_deprecation_warning(key, self._deprecation_replacements[key]))

[2024-04-27T12:18:32.492+0000] {taskinstance.py:2510} INFO - Exporting env vars: AIRFLOW_CTX_DAG_OWNER='***' AIRFLOW_CTX_DAG_ID='currency_parsing' AIRFLOW_CTX_TASK_ID='get_data_pound' AIRFLOW_CTX_EXECUTION_DATE='2024-04-04T00:00:00+00:00' AIRFLOW_CTX_TRY_NUMBER='1' AIRFLOW_CTX_DAG_RUN_ID='scheduled__2024-04-04T00:00:00+00:00'
[2024-04-27T12:18:37.420+0000] {python.py:202} INFO - Done. Returned value was: ([['AUD', 1.9260760455, '2024-4-3'], ['BGN', 2.2823718558, '2024-4-3'], ['BRL', 6.3751000224, '2024-4-3'], ['CAD', 1.7109849406, '2024-4-3'], ['CHF', 1.1424450166, '2024-4-3'], ['CNY', 9.1491013126, '2024-4-3'], ['CZK', 29.5298073083, '2024-4-3'], ['DKK', 8.7058101022, '2024-4-3'], ['EUR', 1.1675123709, '2024-4-3'], ['GBP', 1, '2024-4-3'], ['HKD', 9.9020087886, '2024-4-3'], ['HRK', 8.4654870453, '2024-4-3'], ['HUF', 457.561112222, '2024-4-3'], ['IDR', 20117.4059940894, '2024-4-3'], ['ILS', 4.6765408679, '2024-4-3'], ['INR', 105.568023061, '2024-4-3'], ['ISK', 175.9130460595, '2024-4-3'], ['JPY', 191.7790558432, '2024-4-3'], ['KRW', 1697.0805350415, '2024-4-3'], ['MXN', 20.9189011956, '2024-4-3'], ['MYR', 6.0146410276, '2024-4-3'], ['NOK', 13.5557982333, '2024-4-3'], ['NZD', 2.1033697629, '2024-4-3'], ['PHP', 71.3777247537, '2024-4-3'], ['PLN', 5.0098574478, '2024-4-3'], ['RON', 5.8007769231, '2024-4-3'], ['RUB', 116.9700276808, '2024-4-3'], ['SEK', 13.4617036635, '2024-4-3'], ['SGD', 1.7051134462, '2024-4-3'], ['THB', 46.3429115407, '2024-4-3'], ['TRY', 40.3714049162, '2024-4-3'], ['USD', 1.2653901646, '2024-4-3'], ['ZAR', 23.6146017751, '2024-4-3']], ['title', 'rate', 'date'])
[2024-04-27T12:18:38.508+0000] {taskinstance.py:1149} INFO - Marking task as SUCCESS. dag_id=currency_parsing, task_id=get_data_pound, execution_date=20240404T000000, start_date=20240427T121822, end_date=20240427T121838
[2024-04-27T12:18:40.174+0000] {local_task_job_runner.py:234} INFO - Task exited with return code 0
[2024-04-27T12:18:40.605+0000] {warnings.py:109} WARNING - /home/***/.local/lib/python3.8/site-packages/***/models/baseoperator.py:1201: AirflowProviderDeprecationWarning: Call to deprecated class PostgresOperator. (Please use `***.providers.common.sql.operators.sql.SQLExecuteQueryOperator`.Also, you can provide `hook_params={'schema': <database>}`.)
  result = cls.__new__(cls)

[2024-04-27T12:18:41.962+0000] {taskinstance.py:3309} INFO - 1 downstream tasks scheduled from follow-on schedule check
