[2024-04-26T10:27:07.997+0000] {taskinstance.py:1979} INFO - Dependencies all met for dep_context=non-requeueable deps ti=<TaskInstance: currency_parsing_kzt.create_schema scheduled__2024-04-22T00:00:00+00:00 [queued]>
[2024-04-26T10:27:08.540+0000] {taskinstance.py:1979} INFO - Dependencies all met for dep_context=requeueable deps ti=<TaskInstance: currency_parsing_kzt.create_schema scheduled__2024-04-22T00:00:00+00:00 [queued]>
[2024-04-26T10:27:08.552+0000] {taskinstance.py:2193} INFO - Starting attempt 1 of 2
[2024-04-26T10:27:13.577+0000] {taskinstance.py:2214} INFO - Executing <Task(PostgresOperator): create_schema> on 2024-04-22 00:00:00+00:00
[2024-04-26T10:27:13.714+0000] {standard_task_runner.py:60} INFO - Started process 129 to run task
[2024-04-26T10:27:13.859+0000] {standard_task_runner.py:87} INFO - Running: ['***', 'tasks', 'run', 'currency_parsing_kzt', 'create_schema', 'scheduled__2024-04-22T00:00:00+00:00', '--job-id', '2137', '--raw', '--subdir', 'DAGS_FOLDER/stage/currency_kzt.py', '--cfg-path', '/tmp/tmp05vl1q40']
[2024-04-26T10:27:14.133+0000] {standard_task_runner.py:88} INFO - Job 2137: Subtask create_schema
[2024-04-26T10:27:17.352+0000] {task_command.py:423} INFO - Running <TaskInstance: currency_parsing_kzt.create_schema scheduled__2024-04-22T00:00:00+00:00 [running]> on host 4284c2c978e3
[2024-04-26T10:27:21.616+0000] {taskinstance.py:2510} INFO - Exporting env vars: AIRFLOW_CTX_DAG_OWNER='***' AIRFLOW_CTX_DAG_ID='currency_parsing_kzt' AIRFLOW_CTX_TASK_ID='create_schema' AIRFLOW_CTX_EXECUTION_DATE='2024-04-22T00:00:00+00:00' AIRFLOW_CTX_TRY_NUMBER='1' AIRFLOW_CTX_DAG_RUN_ID='scheduled__2024-04-22T00:00:00+00:00'
[2024-04-26T10:27:21.621+0000] {sql.py:276} INFO - Executing: CREATE SCHEMA if not exists stage;
[2024-04-26T10:27:22.202+0000] {base.py:83} INFO - Using connection ID 'dwh' for task execution.
[2024-04-26T10:27:27.295+0000] {base.py:83} INFO - Using connection ID 'dwh' for task execution.
[2024-04-26T10:27:27.401+0000] {sql.py:457} INFO - Running statement: CREATE SCHEMA if not exists stage;, parameters: None
[2024-04-26T10:27:27.442+0000] {warnings.py:109} WARNING - /home/***/.local/lib/python3.8/site-packages/***/providers/common/sql/hooks/sql.py:407: AirflowProviderDeprecationWarning: Call to deprecated method _make_common_data_structure. (The `_make_serializable` method is deprecated and support will be removed in a future version of the common.sql provider. Please update the DbApiHook's provider to a version based on common.sql >= 1.9.1.)
  result = self._make_common_data_structure(handler(cur))

[2024-04-26T10:27:28.851+0000] {taskinstance.py:1149} INFO - Marking task as SUCCESS. dag_id=currency_parsing_kzt, task_id=create_schema, execution_date=20240422T000000, start_date=20240426T102708, end_date=20240426T102728
[2024-04-26T10:27:30.377+0000] {local_task_job_runner.py:234} INFO - Task exited with return code 0
[2024-04-26T10:27:30.690+0000] {warnings.py:109} WARNING - /home/***/.local/lib/python3.8/site-packages/***/models/baseoperator.py:1201: AirflowProviderDeprecationWarning: Call to deprecated class PostgresOperator. (Please use `***.providers.common.sql.operators.sql.SQLExecuteQueryOperator`.Also, you can provide `hook_params={'schema': <database>}`.)
  result = cls.__new__(cls)

[2024-04-26T10:27:31.922+0000] {taskinstance.py:3309} INFO - 1 downstream tasks scheduled from follow-on schedule check
