[2024-04-20T14:01:28.958+0000] {taskinstance.py:1979} INFO - Dependencies all met for dep_context=non-requeueable deps ti=<TaskInstance: currency_parsing_pound.create_table scheduled__2024-04-19T00:00:00+00:00 [queued]>
[2024-04-20T14:01:28.976+0000] {taskinstance.py:1979} INFO - Dependencies all met for dep_context=requeueable deps ti=<TaskInstance: currency_parsing_pound.create_table scheduled__2024-04-19T00:00:00+00:00 [queued]>
[2024-04-20T14:01:28.978+0000] {taskinstance.py:2193} INFO - Starting attempt 1 of 2
[2024-04-20T14:01:29.006+0000] {taskinstance.py:2214} INFO - Executing <Task(PostgresOperator): create_table> on 2024-04-19 00:00:00+00:00
[2024-04-20T14:01:29.014+0000] {standard_task_runner.py:60} INFO - Started process 1067 to run task
[2024-04-20T14:01:29.022+0000] {standard_task_runner.py:87} INFO - Running: ['***', 'tasks', 'run', 'currency_parsing_pound', 'create_table', 'scheduled__2024-04-19T00:00:00+00:00', '--job-id', '867', '--raw', '--subdir', 'DAGS_FOLDER/stage/currency_pound.py', '--cfg-path', '/tmp/tmp9t8mfiec']
[2024-04-20T14:01:29.025+0000] {standard_task_runner.py:88} INFO - Job 867: Subtask create_table
[2024-04-20T14:01:29.134+0000] {task_command.py:423} INFO - Running <TaskInstance: currency_parsing_pound.create_table scheduled__2024-04-19T00:00:00+00:00 [running]> on host 31aa6d9ea6ff
[2024-04-20T14:01:29.300+0000] {taskinstance.py:2510} INFO - Exporting env vars: AIRFLOW_CTX_DAG_OWNER='***' AIRFLOW_CTX_DAG_ID='currency_parsing_pound' AIRFLOW_CTX_TASK_ID='create_table' AIRFLOW_CTX_EXECUTION_DATE='2024-04-19T00:00:00+00:00' AIRFLOW_CTX_TRY_NUMBER='1' AIRFLOW_CTX_DAG_RUN_ID='scheduled__2024-04-19T00:00:00+00:00'
[2024-04-20T14:01:29.302+0000] {sql.py:276} INFO - Executing: CREATE TABLE IF NOT EXISTS stage.currency_parsing_pound(
    title VARCHAR(255) NOT NULL,
    rate float,
    date date NOT NULL
)
[2024-04-20T14:01:29.319+0000] {base.py:83} INFO - Using connection ID 'dwh' for task execution.
[2024-04-20T14:01:29.336+0000] {base.py:83} INFO - Using connection ID 'dwh' for task execution.
[2024-04-20T14:01:29.343+0000] {sql.py:457} INFO - Running statement: CREATE TABLE IF NOT EXISTS stage.currency_parsing_pound(
    title VARCHAR(255) NOT NULL,
    rate float,
    date date NOT NULL
), parameters: None
[2024-04-20T14:01:29.355+0000] {taskinstance.py:2728} ERROR - Task failed with exception
Traceback (most recent call last):
  File "/home/airflow/.local/lib/python3.8/site-packages/airflow/models/taskinstance.py", line 444, in _execute_task
    result = _execute_callable(context=context, **execute_callable_kwargs)
  File "/home/airflow/.local/lib/python3.8/site-packages/airflow/models/taskinstance.py", line 414, in _execute_callable
    return execute_callable(context=context, **execute_callable_kwargs)
  File "/home/airflow/.local/lib/python3.8/site-packages/airflow/providers/common/sql/operators/sql.py", line 282, in execute
    output = hook.run(
  File "/home/airflow/.local/lib/python3.8/site-packages/airflow/providers/common/sql/hooks/sql.py", line 404, in run
    self._run_command(cur, sql_statement, parameters)
  File "/home/airflow/.local/lib/python3.8/site-packages/airflow/providers/common/sql/hooks/sql.py", line 462, in _run_command
    cur.execute(sql_statement)
psycopg2.errors.UniqueViolation: duplicate key value violates unique constraint "pg_type_typname_nsp_index"
DETAIL:  Key (typname, typnamespace)=(currency_parsing_pound, 16384) already exists.

[2024-04-20T14:01:29.372+0000] {taskinstance.py:1149} INFO - Marking task as UP_FOR_RETRY. dag_id=currency_parsing_pound, task_id=create_table, execution_date=20240419T000000, start_date=20240420T140128, end_date=20240420T140129
[2024-04-20T14:01:29.404+0000] {standard_task_runner.py:107} ERROR - Failed to execute job 867 for task create_table (duplicate key value violates unique constraint "pg_type_typname_nsp_index"
DETAIL:  Key (typname, typnamespace)=(currency_parsing_pound, 16384) already exists.
; 1067)
[2024-04-20T14:01:29.436+0000] {local_task_job_runner.py:234} INFO - Task exited with return code 1
[2024-04-20T14:01:29.478+0000] {warnings.py:109} WARNING - /home/***/.local/lib/python3.8/site-packages/***/models/baseoperator.py:1201: AirflowProviderDeprecationWarning: Call to deprecated class PostgresOperator. (Please use `***.providers.common.sql.operators.sql.SQLExecuteQueryOperator`.Also, you can provide `hook_params={'schema': <database>}`.)
  result = cls.__new__(cls)

[2024-04-20T14:01:29.522+0000] {taskinstance.py:3309} INFO - 0 downstream tasks scheduled from follow-on schedule check
