[2024-05-01T15:04:35.438+0000] {taskinstance.py:1979} INFO - Dependencies all met for dep_context=non-requeueable deps ti=<TaskInstance: currency_parsing.get_data_pound scheduled__2024-04-30T00:00:00+00:00 [queued]>
[2024-05-01T15:04:35.519+0000] {taskinstance.py:1979} INFO - Dependencies all met for dep_context=requeueable deps ti=<TaskInstance: currency_parsing.get_data_pound scheduled__2024-04-30T00:00:00+00:00 [queued]>
[2024-05-01T15:04:35.520+0000] {taskinstance.py:2193} INFO - Starting attempt 1 of 2
[2024-05-01T15:04:35.602+0000] {taskinstance.py:2214} INFO - Executing <Task(PythonOperator): get_data_pound> on 2024-04-30 00:00:00+00:00
[2024-05-01T15:04:35.611+0000] {standard_task_runner.py:60} INFO - Started process 879 to run task
[2024-05-01T15:04:35.618+0000] {standard_task_runner.py:87} INFO - Running: ['***', 'tasks', 'run', 'currency_parsing', 'get_data_pound', 'scheduled__2024-04-30T00:00:00+00:00', '--job-id', '2602', '--raw', '--subdir', 'DAGS_FOLDER/stage/currency_parsing.py', '--cfg-path', '/tmp/tmpmqo4_1se']
[2024-05-01T15:04:35.624+0000] {standard_task_runner.py:88} INFO - Job 2602: Subtask get_data_pound
[2024-05-01T15:04:35.791+0000] {task_command.py:423} INFO - Running <TaskInstance: currency_parsing.get_data_pound scheduled__2024-04-30T00:00:00+00:00 [running]> on host 84be22a86186
[2024-05-01T15:04:35.928+0000] {warnings.py:109} WARNING - /home/***/.local/lib/python3.8/site-packages/***/utils/context.py:207: AirflowContextDeprecationWarning: Accessing 'execution_date' from the template is deprecated and will be removed in a future version. Please use 'data_interval_start' or 'logical_date' instead.
  warnings.warn(_create_deprecation_warning(key, self._deprecation_replacements[key]))

[2024-05-01T15:04:36.075+0000] {taskinstance.py:2510} INFO - Exporting env vars: AIRFLOW_CTX_DAG_OWNER='***' AIRFLOW_CTX_DAG_ID='currency_parsing' AIRFLOW_CTX_TASK_ID='get_data_pound' AIRFLOW_CTX_EXECUTION_DATE='2024-04-30T00:00:00+00:00' AIRFLOW_CTX_TRY_NUMBER='1' AIRFLOW_CTX_DAG_RUN_ID='scheduled__2024-04-30T00:00:00+00:00'
[2024-05-01T15:04:51.816+0000] {python.py:202} INFO - Done. Returned value was: ([['AUD', 1.9140993369, '2024-4-29'], ['BGN', 2.2818138369, '2024-4-29'], ['BRL', 6.4179483889, '2024-4-29'], ['CAD', 1.7164027035, '2024-4-29'], ['CHF', 1.1438958592, '2024-4-29'], ['CNY', 9.0845439639, '2024-4-29'], ['CZK', 29.4343252658, '2024-4-29'], ['DKK', 8.7401133265, '2024-4-29'], ['EUR', 1.1721149224, '2024-4-29'], ['GBP', 1, '2024-4-29'], ['HKD', 9.8267293211, '2024-4-29'], ['HRK', 8.4655201372, '2024-4-29'], ['HUF', 458.2289461535, '2024-4-29'], ['IDR', 20398.6863482972, '2024-4-29'], ['ILS', 4.7048863656, '2024-4-29'], ['INR', 104.795456236, '2024-4-29'], ['ISK', 175.9587435383, '2024-4-29'], ['JPY', 196.3468249451, '2024-4-29'], ['KRW', 1724.2274172695, '2024-4-29'], ['MXN', 21.3556948683, '2024-4-29'], ['MYR', 5.9878053023, '2024-4-29'], ['NOK', 13.805353993, '2024-4-29'], ['NZD', 2.1032939617, '2024-4-29'], ['PHP', 72.4007150129, '2024-4-29'], ['PLN', 5.0542779092, '2024-4-29'], ['RON', 5.8294040794, '2024-4-29'], ['RUB', 117.2334931213, '2024-4-29'], ['SEK', 13.7293622913, '2024-4-29'], ['SGD', 1.7078627576, '2024-4-29'], ['THB', 46.5099008218, '2024-4-29'], ['TRY', 40.6564718955, '2024-4-29'], ['USD', 1.2558551875, '2024-4-29'], ['ZAR', 23.3991979661, '2024-4-29']], ['title', 'rate', 'date'])
[2024-05-01T15:04:51.899+0000] {taskinstance.py:1149} INFO - Marking task as SUCCESS. dag_id=currency_parsing, task_id=get_data_pound, execution_date=20240430T000000, start_date=20240501T150435, end_date=20240501T150451
[2024-05-01T15:04:51.973+0000] {local_task_job_runner.py:234} INFO - Task exited with return code 0
[2024-05-01T15:04:51.988+0000] {warnings.py:109} WARNING - /home/***/.local/lib/python3.8/site-packages/***/models/baseoperator.py:1201: AirflowProviderDeprecationWarning: Call to deprecated class PostgresOperator. (Please use `***.providers.common.sql.operators.sql.SQLExecuteQueryOperator`.Also, you can provide `hook_params={'schema': <database>}`.)
  result = cls.__new__(cls)

[2024-05-01T15:04:52.037+0000] {taskinstance.py:3309} INFO - 1 downstream tasks scheduled from follow-on schedule check
[2024-05-05T10:54:28.643+0000] {taskinstance.py:1979} INFO - Dependencies all met for dep_context=non-requeueable deps ti=<TaskInstance: currency_parsing.get_data_pound scheduled__2024-04-30T00:00:00+00:00 [queued]>
[2024-05-05T10:54:28.937+0000] {taskinstance.py:1979} INFO - Dependencies all met for dep_context=requeueable deps ti=<TaskInstance: currency_parsing.get_data_pound scheduled__2024-04-30T00:00:00+00:00 [queued]>
[2024-05-05T10:54:28.945+0000] {taskinstance.py:2193} INFO - Starting attempt 1 of 2
[2024-05-05T10:54:29.294+0000] {taskinstance.py:2214} INFO - Executing <Task(PythonOperator): get_data_pound> on 2024-04-30 00:00:00+00:00
[2024-05-05T10:54:29.375+0000] {standard_task_runner.py:60} INFO - Started process 717 to run task
[2024-05-05T10:54:29.441+0000] {standard_task_runner.py:87} INFO - Running: ['***', 'tasks', 'run', 'currency_parsing', 'get_data_pound', 'scheduled__2024-04-30T00:00:00+00:00', '--job-id', '2686', '--raw', '--subdir', 'DAGS_FOLDER/currency_dag/currency_parsing.py', '--cfg-path', '/tmp/tmp5_maf7eo']
[2024-05-05T10:54:29.474+0000] {standard_task_runner.py:88} INFO - Job 2686: Subtask get_data_pound
[2024-05-05T10:54:30.911+0000] {task_command.py:423} INFO - Running <TaskInstance: currency_parsing.get_data_pound scheduled__2024-04-30T00:00:00+00:00 [running]> on host 71addd39200f
[2024-05-05T10:54:32.514+0000] {warnings.py:109} WARNING - /home/***/.local/lib/python3.8/site-packages/***/utils/context.py:207: AirflowContextDeprecationWarning: Accessing 'execution_date' from the template is deprecated and will be removed in a future version. Please use 'data_interval_start' or 'logical_date' instead.
  warnings.warn(_create_deprecation_warning(key, self._deprecation_replacements[key]))

[2024-05-05T10:54:33.085+0000] {taskinstance.py:2510} INFO - Exporting env vars: AIRFLOW_CTX_DAG_OWNER='***' AIRFLOW_CTX_DAG_ID='currency_parsing' AIRFLOW_CTX_TASK_ID='get_data_pound' AIRFLOW_CTX_EXECUTION_DATE='2024-04-30T00:00:00+00:00' AIRFLOW_CTX_TRY_NUMBER='1' AIRFLOW_CTX_DAG_RUN_ID='scheduled__2024-04-30T00:00:00+00:00'
[2024-05-05T10:54:53.889+0000] {python.py:202} INFO - Done. Returned value was: ([['AUD', 1.9140993369, '2024-4-29'], ['BGN', 2.2818138369, '2024-4-29'], ['BRL', 6.4179483889, '2024-4-29'], ['CAD', 1.7164027035, '2024-4-29'], ['CHF', 1.1438958592, '2024-4-29'], ['CNY', 9.0845439639, '2024-4-29'], ['CZK', 29.4343252658, '2024-4-29'], ['DKK', 8.7401133265, '2024-4-29'], ['EUR', 1.1721149224, '2024-4-29'], ['GBP', 1, '2024-4-29'], ['HKD', 9.8267293211, '2024-4-29'], ['HRK', 8.4655201372, '2024-4-29'], ['HUF', 458.2289461535, '2024-4-29'], ['IDR', 20398.6863482972, '2024-4-29'], ['ILS', 4.7048863656, '2024-4-29'], ['INR', 104.795456236, '2024-4-29'], ['ISK', 175.9587435383, '2024-4-29'], ['JPY', 196.3468249451, '2024-4-29'], ['KRW', 1724.2274172695, '2024-4-29'], ['MXN', 21.3556948683, '2024-4-29'], ['MYR', 5.9878053023, '2024-4-29'], ['NOK', 13.805353993, '2024-4-29'], ['NZD', 2.1032939617, '2024-4-29'], ['PHP', 72.4007150129, '2024-4-29'], ['PLN', 5.0542779092, '2024-4-29'], ['RON', 5.8294040794, '2024-4-29'], ['RUB', 117.2334931213, '2024-4-29'], ['SEK', 13.7293622913, '2024-4-29'], ['SGD', 1.7078627576, '2024-4-29'], ['THB', 46.5099008218, '2024-4-29'], ['TRY', 40.6564718955, '2024-4-29'], ['USD', 1.2558551875, '2024-4-29'], ['ZAR', 23.3991979661, '2024-4-29']], ['title', 'rate', 'date'])
[2024-05-05T10:54:55.252+0000] {taskinstance.py:1149} INFO - Marking task as SUCCESS. dag_id=currency_parsing, task_id=get_data_pound, execution_date=20240430T000000, start_date=20240505T105428, end_date=20240505T105455
[2024-05-05T10:54:58.300+0000] {local_task_job_runner.py:234} INFO - Task exited with return code 0
[2024-05-05T10:54:58.878+0000] {taskinstance.py:3309} INFO - 1 downstream tasks scheduled from follow-on schedule check
