[2024-04-21T11:04:11.858+0000] {taskinstance.py:1979} INFO - Dependencies all met for dep_context=non-requeueable deps ti=<TaskInstance: currency_parsing.fetch_data_pound scheduled__2024-04-04T00:00:00+00:00 [queued]>
[2024-04-21T11:04:12.039+0000] {taskinstance.py:1979} INFO - Dependencies all met for dep_context=requeueable deps ti=<TaskInstance: currency_parsing.fetch_data_pound scheduled__2024-04-04T00:00:00+00:00 [queued]>
[2024-04-21T11:04:12.041+0000] {taskinstance.py:2193} INFO - Starting attempt 1 of 2
[2024-04-21T11:04:12.251+0000] {taskinstance.py:2214} INFO - Executing <Task(PythonOperator): fetch_data_pound> on 2024-04-04 00:00:00+00:00
[2024-04-21T11:04:12.302+0000] {standard_task_runner.py:60} INFO - Started process 2472 to run task
[2024-04-21T11:04:12.340+0000] {standard_task_runner.py:87} INFO - Running: ['***', 'tasks', 'run', 'currency_parsing', 'fetch_data_pound', 'scheduled__2024-04-04T00:00:00+00:00', '--job-id', '1958', '--raw', '--subdir', 'DAGS_FOLDER/stage/currency_parsing.py', '--cfg-path', '/tmp/tmpoehbtzhz']
[2024-04-21T11:04:12.400+0000] {standard_task_runner.py:88} INFO - Job 1958: Subtask fetch_data_pound
[2024-04-21T11:04:12.675+0000] {task_command.py:423} INFO - Running <TaskInstance: currency_parsing.fetch_data_pound scheduled__2024-04-04T00:00:00+00:00 [running]> on host e671688b1343
[2024-04-21T11:04:13.494+0000] {taskinstance.py:2510} INFO - Exporting env vars: AIRFLOW_CTX_DAG_OWNER='***' AIRFLOW_CTX_DAG_ID='currency_parsing' AIRFLOW_CTX_TASK_ID='fetch_data_pound' AIRFLOW_CTX_EXECUTION_DATE='2024-04-04T00:00:00+00:00' AIRFLOW_CTX_TRY_NUMBER='1' AIRFLOW_CTX_DAG_RUN_ID='scheduled__2024-04-04T00:00:00+00:00'
[2024-04-21T11:04:13.803+0000] {base.py:83} INFO - Using connection ID 'dwh' for task execution.
[2024-04-21T11:04:13.944+0000] {sql.py:572} INFO - Done loading. Loaded a total of 33 rows into stage.currency_parsing_pound
[2024-04-21T11:04:13.946+0000] {python.py:202} INFO - Done. Returned value was: None
[2024-04-21T11:04:13.984+0000] {taskinstance.py:1149} INFO - Marking task as SUCCESS. dag_id=currency_parsing, task_id=fetch_data_pound, execution_date=20240404T000000, start_date=20240421T110411, end_date=20240421T110413
[2024-04-21T11:04:14.177+0000] {local_task_job_runner.py:234} INFO - Task exited with return code 0
[2024-04-21T11:04:14.419+0000] {taskinstance.py:3309} INFO - 0 downstream tasks scheduled from follow-on schedule check
[2024-04-27T12:22:16.460+0000] {taskinstance.py:1979} INFO - Dependencies all met for dep_context=non-requeueable deps ti=<TaskInstance: currency_parsing.fetch_data_pound scheduled__2024-04-04T00:00:00+00:00 [queued]>
[2024-04-27T12:22:16.713+0000] {taskinstance.py:1979} INFO - Dependencies all met for dep_context=requeueable deps ti=<TaskInstance: currency_parsing.fetch_data_pound scheduled__2024-04-04T00:00:00+00:00 [queued]>
[2024-04-27T12:22:16.740+0000] {taskinstance.py:2193} INFO - Starting attempt 1 of 2
[2024-04-27T12:22:17.152+0000] {taskinstance.py:2214} INFO - Executing <Task(PythonOperator): fetch_data_pound> on 2024-04-04 00:00:00+00:00
[2024-04-27T12:22:17.239+0000] {standard_task_runner.py:60} INFO - Started process 2052 to run task
[2024-04-27T12:22:17.302+0000] {standard_task_runner.py:87} INFO - Running: ['***', 'tasks', 'run', 'currency_parsing', 'fetch_data_pound', 'scheduled__2024-04-04T00:00:00+00:00', '--job-id', '2364', '--raw', '--subdir', 'DAGS_FOLDER/stage/currency_parsing.py', '--cfg-path', '/tmp/tmpeekn1748']
[2024-04-27T12:22:17.339+0000] {standard_task_runner.py:88} INFO - Job 2364: Subtask fetch_data_pound
[2024-04-27T12:22:18.275+0000] {task_command.py:423} INFO - Running <TaskInstance: currency_parsing.fetch_data_pound scheduled__2024-04-04T00:00:00+00:00 [running]> on host 65a8688265d1
[2024-04-27T12:22:20.036+0000] {taskinstance.py:2510} INFO - Exporting env vars: AIRFLOW_CTX_DAG_OWNER='***' AIRFLOW_CTX_DAG_ID='currency_parsing' AIRFLOW_CTX_TASK_ID='fetch_data_pound' AIRFLOW_CTX_EXECUTION_DATE='2024-04-04T00:00:00+00:00' AIRFLOW_CTX_TRY_NUMBER='1' AIRFLOW_CTX_DAG_RUN_ID='scheduled__2024-04-04T00:00:00+00:00'
[2024-04-27T12:22:20.449+0000] {base.py:83} INFO - Using connection ID 'dwh' for task execution.
[2024-04-27T12:22:20.509+0000] {sql.py:572} INFO - Done loading. Loaded a total of 33 rows into stage.currency_parsing_pound
[2024-04-27T12:22:20.510+0000] {python.py:202} INFO - Done. Returned value was: None
[2024-04-27T12:22:20.536+0000] {taskinstance.py:1149} INFO - Marking task as SUCCESS. dag_id=currency_parsing, task_id=fetch_data_pound, execution_date=20240404T000000, start_date=20240427T122216, end_date=20240427T122220
[2024-04-27T12:22:20.647+0000] {local_task_job_runner.py:234} INFO - Task exited with return code 0
[2024-04-27T12:22:20.693+0000] {warnings.py:109} WARNING - /home/***/.local/lib/python3.8/site-packages/***/models/baseoperator.py:1201: AirflowProviderDeprecationWarning: Call to deprecated class PostgresOperator. (Please use `***.providers.common.sql.operators.sql.SQLExecuteQueryOperator`.Also, you can provide `hook_params={'schema': <database>}`.)
  result = cls.__new__(cls)

[2024-04-27T12:22:20.845+0000] {taskinstance.py:3309} INFO - 0 downstream tasks scheduled from follow-on schedule check
