[2024-04-14T08:51:13.960+0000] {taskinstance.py:1979} INFO - Dependencies all met for dep_context=non-requeueable deps ti=<TaskInstance: currency_parsing.fetch_data scheduled__2024-01-14T00:00:00+00:00 [queued]>
[2024-04-14T08:51:14.061+0000] {taskinstance.py:1979} INFO - Dependencies all met for dep_context=requeueable deps ti=<TaskInstance: currency_parsing.fetch_data scheduled__2024-01-14T00:00:00+00:00 [queued]>
[2024-04-14T08:51:14.069+0000] {taskinstance.py:2193} INFO - Starting attempt 1 of 2
[2024-04-14T08:51:14.218+0000] {taskinstance.py:2214} INFO - Executing <Task(PythonOperator): fetch_data> on 2024-01-14 00:00:00+00:00
[2024-04-14T08:51:14.229+0000] {standard_task_runner.py:60} INFO - Started process 887 to run task
[2024-04-14T08:51:14.258+0000] {standard_task_runner.py:87} INFO - Running: ['***', 'tasks', 'run', 'currency_parsing', 'fetch_data', 'scheduled__2024-01-14T00:00:00+00:00', '--job-id', '216', '--raw', '--subdir', 'DAGS_FOLDER/currency_parsing.py', '--cfg-path', '/tmp/tmp5k0b3roo']
[2024-04-14T08:51:14.292+0000] {standard_task_runner.py:88} INFO - Job 216: Subtask fetch_data
[2024-04-14T08:51:14.982+0000] {task_command.py:423} INFO - Running <TaskInstance: currency_parsing.fetch_data scheduled__2024-01-14T00:00:00+00:00 [running]> on host e8a1e0443283
[2024-04-14T08:51:15.813+0000] {taskinstance.py:2510} INFO - Exporting env vars: AIRFLOW_CTX_DAG_OWNER='***' AIRFLOW_CTX_DAG_ID='currency_parsing' AIRFLOW_CTX_TASK_ID='fetch_data' AIRFLOW_CTX_EXECUTION_DATE='2024-01-14T00:00:00+00:00' AIRFLOW_CTX_TRY_NUMBER='1' AIRFLOW_CTX_DAG_RUN_ID='scheduled__2024-01-14T00:00:00+00:00'
[2024-04-14T08:51:15.888+0000] {base.py:83} INFO - Using connection ID 'dwh' for task execution.
[2024-04-14T08:51:15.928+0000] {sql.py:572} INFO - Done loading. Loaded a total of 39 rows into currency_parsing
[2024-04-14T08:51:15.930+0000] {python.py:202} INFO - Done. Returned value was: None
[2024-04-14T08:51:15.979+0000] {taskinstance.py:1149} INFO - Marking task as SUCCESS. dag_id=currency_parsing, task_id=fetch_data, execution_date=20240114T000000, start_date=20240414T085113, end_date=20240414T085115
[2024-04-14T08:51:16.096+0000] {local_task_job_runner.py:234} INFO - Task exited with return code 0
[2024-04-14T08:51:16.315+0000] {taskinstance.py:3309} INFO - 0 downstream tasks scheduled from follow-on schedule check
[2024-04-14T10:08:03.563+0000] {taskinstance.py:1979} INFO - Dependencies all met for dep_context=non-requeueable deps ti=<TaskInstance: currency_parsing.fetch_data scheduled__2024-01-14T00:00:00+00:00 [queued]>
[2024-04-14T10:08:03.721+0000] {taskinstance.py:1979} INFO - Dependencies all met for dep_context=requeueable deps ti=<TaskInstance: currency_parsing.fetch_data scheduled__2024-01-14T00:00:00+00:00 [queued]>
[2024-04-14T10:08:03.766+0000] {taskinstance.py:2193} INFO - Starting attempt 1 of 2
[2024-04-14T10:08:04.420+0000] {taskinstance.py:2214} INFO - Executing <Task(PythonOperator): fetch_data> on 2024-01-14 00:00:00+00:00
[2024-04-14T10:08:04.446+0000] {standard_task_runner.py:60} INFO - Started process 204 to run task
[2024-04-14T10:08:04.480+0000] {standard_task_runner.py:87} INFO - Running: ['***', 'tasks', 'run', 'currency_parsing', 'fetch_data', 'scheduled__2024-01-14T00:00:00+00:00', '--job-id', '525', '--raw', '--subdir', 'DAGS_FOLDER/currency_parsing.py', '--cfg-path', '/tmp/tmpa5jkgli4']
[2024-04-14T10:08:04.529+0000] {standard_task_runner.py:88} INFO - Job 525: Subtask fetch_data
[2024-04-14T10:08:05.195+0000] {task_command.py:423} INFO - Running <TaskInstance: currency_parsing.fetch_data scheduled__2024-01-14T00:00:00+00:00 [running]> on host 1c15aab9396c
[2024-04-14T10:08:06.350+0000] {taskinstance.py:2510} INFO - Exporting env vars: AIRFLOW_CTX_DAG_OWNER='***' AIRFLOW_CTX_DAG_ID='currency_parsing' AIRFLOW_CTX_TASK_ID='fetch_data' AIRFLOW_CTX_EXECUTION_DATE='2024-01-14T00:00:00+00:00' AIRFLOW_CTX_TRY_NUMBER='1' AIRFLOW_CTX_DAG_RUN_ID='scheduled__2024-01-14T00:00:00+00:00'
[2024-04-14T10:08:06.463+0000] {base.py:83} INFO - Using connection ID 'dwh' for task execution.
[2024-04-14T10:08:06.554+0000] {sql.py:572} INFO - Done loading. Loaded a total of 39 rows into currency_parsing
[2024-04-14T10:08:06.556+0000] {python.py:202} INFO - Done. Returned value was: None
[2024-04-14T10:08:06.607+0000] {taskinstance.py:1149} INFO - Marking task as SUCCESS. dag_id=currency_parsing, task_id=fetch_data, execution_date=20240114T000000, start_date=20240414T100803, end_date=20240414T100806
[2024-04-14T10:08:06.725+0000] {local_task_job_runner.py:234} INFO - Task exited with return code 0
[2024-04-14T10:08:06.819+0000] {taskinstance.py:3309} INFO - 0 downstream tasks scheduled from follow-on schedule check
