[2024-04-26T10:26:34.921+0000] {taskinstance.py:1979} INFO - Dependencies all met for dep_context=non-requeueable deps ti=<TaskInstance: currency_parsing_kzt.create_schema scheduled__2024-04-25T00:00:00+00:00 [queued]>
[2024-04-26T10:26:35.435+0000] {taskinstance.py:1979} INFO - Dependencies all met for dep_context=requeueable deps ti=<TaskInstance: currency_parsing_kzt.create_schema scheduled__2024-04-25T00:00:00+00:00 [queued]>
[2024-04-26T10:26:35.448+0000] {taskinstance.py:2193} INFO - Starting attempt 1 of 2
[2024-04-26T10:26:36.286+0000] {taskinstance.py:2214} INFO - Executing <Task(PostgresOperator): create_schema> on 2024-04-25 00:00:00+00:00
[2024-04-26T10:26:36.387+0000] {standard_task_runner.py:60} INFO - Started process 114 to run task
[2024-04-26T10:26:36.886+0000] {standard_task_runner.py:87} INFO - Running: ['***', 'tasks', 'run', 'currency_parsing_kzt', 'create_schema', 'scheduled__2024-04-25T00:00:00+00:00', '--job-id', '2132', '--raw', '--subdir', 'DAGS_FOLDER/stage/currency_kzt.py', '--cfg-path', '/tmp/tmpsi7l3f2r']
[2024-04-26T10:26:36.934+0000] {standard_task_runner.py:88} INFO - Job 2132: Subtask create_schema
[2024-04-26T10:26:42.479+0000] {task_command.py:423} INFO - Running <TaskInstance: currency_parsing_kzt.create_schema scheduled__2024-04-25T00:00:00+00:00 [running]> on host 4284c2c978e3
[2024-04-26T10:26:47.651+0000] {taskinstance.py:2510} INFO - Exporting env vars: AIRFLOW_CTX_DAG_OWNER='***' AIRFLOW_CTX_DAG_ID='currency_parsing_kzt' AIRFLOW_CTX_TASK_ID='create_schema' AIRFLOW_CTX_EXECUTION_DATE='2024-04-25T00:00:00+00:00' AIRFLOW_CTX_TRY_NUMBER='1' AIRFLOW_CTX_DAG_RUN_ID='scheduled__2024-04-25T00:00:00+00:00'
[2024-04-26T10:26:47.673+0000] {sql.py:276} INFO - Executing: CREATE SCHEMA if not exists stage;
[2024-04-26T10:26:47.699+0000] {base.py:83} INFO - Using connection ID 'dwh' for task execution.
[2024-04-26T10:26:47.793+0000] {base.py:83} INFO - Using connection ID 'dwh' for task execution.
[2024-04-26T10:26:47.811+0000] {sql.py:457} INFO - Running statement: CREATE SCHEMA if not exists stage;, parameters: None
[2024-04-26T10:26:48.223+0000] {taskinstance.py:2728} ERROR - Task failed with exception
Traceback (most recent call last):
  File "/home/airflow/.local/lib/python3.8/site-packages/airflow/models/taskinstance.py", line 444, in _execute_task
    result = _execute_callable(context=context, **execute_callable_kwargs)
  File "/home/airflow/.local/lib/python3.8/site-packages/airflow/models/taskinstance.py", line 414, in _execute_callable
    return execute_callable(context=context, **execute_callable_kwargs)
  File "/home/airflow/.local/lib/python3.8/site-packages/airflow/providers/common/sql/operators/sql.py", line 282, in execute
    output = hook.run(
  File "/home/airflow/.local/lib/python3.8/site-packages/airflow/providers/common/sql/hooks/sql.py", line 404, in run
    self._run_command(cur, sql_statement, parameters)
  File "/home/airflow/.local/lib/python3.8/site-packages/airflow/providers/common/sql/hooks/sql.py", line 462, in _run_command
    cur.execute(sql_statement)
psycopg2.errors.UniqueViolation: duplicate key value violates unique constraint "pg_namespace_nspname_index"
DETAIL:  Key (nspname)=(stage) already exists.

[2024-04-26T10:26:48.284+0000] {taskinstance.py:1149} INFO - Marking task as UP_FOR_RETRY. dag_id=currency_parsing_kzt, task_id=create_schema, execution_date=20240425T000000, start_date=20240426T102635, end_date=20240426T102648
[2024-04-26T10:26:53.164+0000] {standard_task_runner.py:107} ERROR - Failed to execute job 2132 for task create_schema (duplicate key value violates unique constraint "pg_namespace_nspname_index"
DETAIL:  Key (nspname)=(stage) already exists.
; 114)
[2024-04-26T10:26:54.029+0000] {local_task_job_runner.py:234} INFO - Task exited with return code 1
[2024-04-26T10:26:54.063+0000] {warnings.py:109} WARNING - /home/***/.local/lib/python3.8/site-packages/***/models/baseoperator.py:1201: AirflowProviderDeprecationWarning: Call to deprecated class PostgresOperator. (Please use `***.providers.common.sql.operators.sql.SQLExecuteQueryOperator`.Also, you can provide `hook_params={'schema': <database>}`.)
  result = cls.__new__(cls)

[2024-04-26T10:26:55.467+0000] {taskinstance.py:3309} INFO - 0 downstream tasks scheduled from follow-on schedule check
