[2024-05-05T10:11:20.874+0000] {taskinstance.py:1979} INFO - Dependencies all met for dep_context=non-requeueable deps ti=<TaskInstance: currency_parsing.fetch_data_pound scheduled__2024-05-04T00:00:00+00:00 [queued]>
[2024-05-05T10:11:20.901+0000] {taskinstance.py:1979} INFO - Dependencies all met for dep_context=requeueable deps ti=<TaskInstance: currency_parsing.fetch_data_pound scheduled__2024-05-04T00:00:00+00:00 [queued]>
[2024-05-05T10:11:20.903+0000] {taskinstance.py:2193} INFO - Starting attempt 1 of 2
[2024-05-05T10:11:20.954+0000] {taskinstance.py:2214} INFO - Executing <Task(PythonOperator): fetch_data_pound> on 2024-05-04 00:00:00+00:00
[2024-05-05T10:11:20.996+0000] {standard_task_runner.py:60} INFO - Started process 104 to run task
[2024-05-05T10:11:21.098+0000] {standard_task_runner.py:87} INFO - Running: ['***', 'tasks', 'run', 'currency_parsing', 'fetch_data_pound', 'scheduled__2024-05-04T00:00:00+00:00', '--job-id', '2662', '--raw', '--subdir', 'DAGS_FOLDER/currency_dag/currency_parsing.py', '--cfg-path', '/tmp/tmp8b51v08p']
[2024-05-05T10:11:21.109+0000] {standard_task_runner.py:88} INFO - Job 2662: Subtask fetch_data_pound
[2024-05-05T10:11:21.394+0000] {task_command.py:423} INFO - Running <TaskInstance: currency_parsing.fetch_data_pound scheduled__2024-05-04T00:00:00+00:00 [running]> on host 71addd39200f
[2024-05-05T10:11:21.765+0000] {taskinstance.py:2510} INFO - Exporting env vars: AIRFLOW_CTX_DAG_OWNER='***' AIRFLOW_CTX_DAG_ID='currency_parsing' AIRFLOW_CTX_TASK_ID='fetch_data_pound' AIRFLOW_CTX_EXECUTION_DATE='2024-05-04T00:00:00+00:00' AIRFLOW_CTX_TRY_NUMBER='1' AIRFLOW_CTX_DAG_RUN_ID='scheduled__2024-05-04T00:00:00+00:00'
[2024-05-05T10:11:21.865+0000] {base.py:83} INFO - Using connection ID 'dwh' for task execution.
[2024-05-05T10:11:21.901+0000] {sql.py:572} INFO - Done loading. Loaded a total of 33 rows into stage.currency_pound
[2024-05-05T10:11:21.903+0000] {python.py:202} INFO - Done. Returned value was: None
[2024-05-05T10:11:21.930+0000] {taskinstance.py:1149} INFO - Marking task as SUCCESS. dag_id=currency_parsing, task_id=fetch_data_pound, execution_date=20240504T000000, start_date=20240505T101120, end_date=20240505T101121
[2024-05-05T10:11:22.001+0000] {local_task_job_runner.py:234} INFO - Task exited with return code 0
[2024-05-05T10:11:22.079+0000] {taskinstance.py:3309} INFO - 0 downstream tasks scheduled from follow-on schedule check
[2024-05-05T10:55:47.846+0000] {taskinstance.py:1979} INFO - Dependencies all met for dep_context=non-requeueable deps ti=<TaskInstance: currency_parsing.fetch_data_pound scheduled__2024-05-04T00:00:00+00:00 [queued]>
[2024-05-05T10:55:47.962+0000] {taskinstance.py:1979} INFO - Dependencies all met for dep_context=requeueable deps ti=<TaskInstance: currency_parsing.fetch_data_pound scheduled__2024-05-04T00:00:00+00:00 [queued]>
[2024-05-05T10:55:47.970+0000] {taskinstance.py:2193} INFO - Starting attempt 1 of 2
[2024-05-05T10:55:48.273+0000] {taskinstance.py:2214} INFO - Executing <Task(PythonOperator): fetch_data_pound> on 2024-05-04 00:00:00+00:00
[2024-05-05T10:55:48.304+0000] {standard_task_runner.py:60} INFO - Started process 820 to run task
[2024-05-05T10:55:48.320+0000] {standard_task_runner.py:87} INFO - Running: ['***', 'tasks', 'run', 'currency_parsing', 'fetch_data_pound', 'scheduled__2024-05-04T00:00:00+00:00', '--job-id', '2727', '--raw', '--subdir', 'DAGS_FOLDER/currency_dag/currency_parsing.py', '--cfg-path', '/tmp/tmp1wpzcro0']
[2024-05-05T10:55:48.353+0000] {standard_task_runner.py:88} INFO - Job 2727: Subtask fetch_data_pound
[2024-05-05T10:55:48.673+0000] {task_command.py:423} INFO - Running <TaskInstance: currency_parsing.fetch_data_pound scheduled__2024-05-04T00:00:00+00:00 [running]> on host 71addd39200f
[2024-05-05T10:55:48.988+0000] {taskinstance.py:2510} INFO - Exporting env vars: AIRFLOW_CTX_DAG_OWNER='***' AIRFLOW_CTX_DAG_ID='currency_parsing' AIRFLOW_CTX_TASK_ID='fetch_data_pound' AIRFLOW_CTX_EXECUTION_DATE='2024-05-04T00:00:00+00:00' AIRFLOW_CTX_TRY_NUMBER='1' AIRFLOW_CTX_DAG_RUN_ID='scheduled__2024-05-04T00:00:00+00:00'
[2024-05-05T10:55:49.088+0000] {base.py:83} INFO - Using connection ID 'dwh' for task execution.
[2024-05-05T10:55:49.135+0000] {sql.py:572} INFO - Done loading. Loaded a total of 33 rows into stage.currency_pound
[2024-05-05T10:55:49.137+0000] {python.py:202} INFO - Done. Returned value was: None
[2024-05-05T10:55:49.175+0000] {taskinstance.py:1149} INFO - Marking task as SUCCESS. dag_id=currency_parsing, task_id=fetch_data_pound, execution_date=20240504T000000, start_date=20240505T105547, end_date=20240505T105549
[2024-05-05T10:55:49.301+0000] {local_task_job_runner.py:234} INFO - Task exited with return code 0
[2024-05-05T10:55:49.785+0000] {taskinstance.py:3309} INFO - 0 downstream tasks scheduled from follow-on schedule check
