[2024-05-02T07:22:07.260+0000] {taskinstance.py:1979} INFO - Dependencies all met for dep_context=non-requeueable deps ti=<TaskInstance: currency_parsing.get_data_usd scheduled__2024-05-01T00:00:00+00:00 [queued]>
[2024-05-02T07:22:07.295+0000] {taskinstance.py:1979} INFO - Dependencies all met for dep_context=requeueable deps ti=<TaskInstance: currency_parsing.get_data_usd scheduled__2024-05-01T00:00:00+00:00 [queued]>
[2024-05-02T07:22:07.297+0000] {taskinstance.py:2193} INFO - Starting attempt 1 of 2
[2024-05-02T07:22:07.364+0000] {taskinstance.py:2214} INFO - Executing <Task(PythonOperator): get_data_usd> on 2024-05-01 00:00:00+00:00
[2024-05-02T07:22:07.394+0000] {standard_task_runner.py:60} INFO - Started process 142 to run task
[2024-05-02T07:22:07.414+0000] {standard_task_runner.py:87} INFO - Running: ['***', 'tasks', 'run', 'currency_parsing', 'get_data_usd', 'scheduled__2024-05-01T00:00:00+00:00', '--job-id', '2625', '--raw', '--subdir', 'DAGS_FOLDER/currency_dag/currency_parsing.py', '--cfg-path', '/tmp/tmpqy9c7icy']
[2024-05-02T07:22:07.425+0000] {standard_task_runner.py:88} INFO - Job 2625: Subtask get_data_usd
[2024-05-02T07:22:07.680+0000] {task_command.py:423} INFO - Running <TaskInstance: currency_parsing.get_data_usd scheduled__2024-05-01T00:00:00+00:00 [running]> on host 71addd39200f
[2024-05-02T07:22:07.848+0000] {warnings.py:109} WARNING - /home/***/.local/lib/python3.8/site-packages/***/utils/context.py:207: AirflowContextDeprecationWarning: Accessing 'execution_date' from the template is deprecated and will be removed in a future version. Please use 'data_interval_start' or 'logical_date' instead.
  warnings.warn(_create_deprecation_warning(key, self._deprecation_replacements[key]))

[2024-05-02T07:22:07.946+0000] {taskinstance.py:2510} INFO - Exporting env vars: AIRFLOW_CTX_DAG_OWNER='***' AIRFLOW_CTX_DAG_ID='currency_parsing' AIRFLOW_CTX_TASK_ID='get_data_usd' AIRFLOW_CTX_EXECUTION_DATE='2024-05-01T00:00:00+00:00' AIRFLOW_CTX_TRY_NUMBER='1' AIRFLOW_CTX_DAG_RUN_ID='scheduled__2024-05-01T00:00:00+00:00'
[2024-05-02T07:22:23.700+0000] {python.py:202} INFO - Done. Returned value was: ([['AUD', 1.5438502658, '2024-4-30'], ['BGN', 1.8247202715, '2024-4-30'], ['BRL', 5.1872109928, '2024-4-30'], ['CAD', 1.3774602654, '2024-4-30'], ['CHF', 0.919580113, '2024-4-30'], ['CNY', 7.2493409836, '2024-4-30'], ['CZK', 23.5474144276, '2024-4-30'], ['DKK', 6.9914607222, '2024-4-30'], ['EUR', 0.9375101668, '2024-4-30'], ['GBP', 0.8006801131, '2024-4-30'], ['HKD', 7.8218210946, '2024-4-30'], ['HRK', 6.7781410602, '2024-4-30'], ['HUF', 366.1897817294, '2024-4-30'], ['IDR', 16252.904277163, '2024-4-30'], ['ILS', 3.737340698, '2024-4-30'], ['INR', 83.494015454, '2024-4-30'], ['ISK', 140.2749694776, '2024-4-30'], ['JPY', 157.6929431641, '2024-4-30'], ['KRW', 1381.5397573275, '2024-4-30'], ['MXN', 17.1449419064, '2024-4-30'], ['MYR', 4.7785006332, '2024-4-30'], ['NOK', 11.1138214838, '2024-4-30'], ['NZD', 1.7008701985, '2024-4-30'], ['PHP', 57.7764407715, '2024-4-30'], ['PLN', 4.0599905629, '2024-4-30'], ['RON', 4.6638805936, '2024-4-30'], ['RUB', 93.5649582683, '2024-4-30'], ['SEK', 11.012781434, '2024-4-30'], ['SGD', 1.3648102426, '2024-4-30'], ['THB', 37.1904261289, '2024-4-30'], ['TRY', 32.370494393, '2024-4-30'], ['USD', 1, '2024-4-30'], ['ZAR', 18.7852125522, '2024-4-30']], ['title', 'rate', 'date'])
[2024-05-02T07:22:23.966+0000] {taskinstance.py:1149} INFO - Marking task as SUCCESS. dag_id=currency_parsing, task_id=get_data_usd, execution_date=20240501T000000, start_date=20240502T072207, end_date=20240502T072223
[2024-05-02T07:22:24.101+0000] {local_task_job_runner.py:234} INFO - Task exited with return code 0
[2024-05-02T07:22:24.178+0000] {taskinstance.py:3309} INFO - 1 downstream tasks scheduled from follow-on schedule check
[2024-05-05T10:54:28.935+0000] {taskinstance.py:1979} INFO - Dependencies all met for dep_context=non-requeueable deps ti=<TaskInstance: currency_parsing.get_data_usd scheduled__2024-05-01T00:00:00+00:00 [queued]>
[2024-05-05T10:54:29.345+0000] {taskinstance.py:1979} INFO - Dependencies all met for dep_context=requeueable deps ti=<TaskInstance: currency_parsing.get_data_usd scheduled__2024-05-01T00:00:00+00:00 [queued]>
[2024-05-05T10:54:29.347+0000] {taskinstance.py:2193} INFO - Starting attempt 1 of 2
[2024-05-05T10:54:30.189+0000] {taskinstance.py:2214} INFO - Executing <Task(PythonOperator): get_data_usd> on 2024-05-01 00:00:00+00:00
[2024-05-05T10:54:30.282+0000] {standard_task_runner.py:60} INFO - Started process 722 to run task
[2024-05-05T10:54:30.411+0000] {standard_task_runner.py:87} INFO - Running: ['***', 'tasks', 'run', 'currency_parsing', 'get_data_usd', 'scheduled__2024-05-01T00:00:00+00:00', '--job-id', '2684', '--raw', '--subdir', 'DAGS_FOLDER/currency_dag/currency_parsing.py', '--cfg-path', '/tmp/tmpbkxcasz_']
[2024-05-05T10:54:30.557+0000] {standard_task_runner.py:88} INFO - Job 2684: Subtask get_data_usd
[2024-05-05T10:54:31.798+0000] {task_command.py:423} INFO - Running <TaskInstance: currency_parsing.get_data_usd scheduled__2024-05-01T00:00:00+00:00 [running]> on host 71addd39200f
[2024-05-05T10:54:32.510+0000] {warnings.py:109} WARNING - /home/***/.local/lib/python3.8/site-packages/***/utils/context.py:207: AirflowContextDeprecationWarning: Accessing 'execution_date' from the template is deprecated and will be removed in a future version. Please use 'data_interval_start' or 'logical_date' instead.
  warnings.warn(_create_deprecation_warning(key, self._deprecation_replacements[key]))

[2024-05-05T10:54:33.253+0000] {taskinstance.py:2510} INFO - Exporting env vars: AIRFLOW_CTX_DAG_OWNER='***' AIRFLOW_CTX_DAG_ID='currency_parsing' AIRFLOW_CTX_TASK_ID='get_data_usd' AIRFLOW_CTX_EXECUTION_DATE='2024-05-01T00:00:00+00:00' AIRFLOW_CTX_TRY_NUMBER='1' AIRFLOW_CTX_DAG_RUN_ID='scheduled__2024-05-01T00:00:00+00:00'
[2024-05-05T10:54:51.496+0000] {python.py:202} INFO - Done. Returned value was: ([['AUD', 1.5438502658, '2024-4-30'], ['BGN', 1.8247202715, '2024-4-30'], ['BRL', 5.1872109928, '2024-4-30'], ['CAD', 1.3774602654, '2024-4-30'], ['CHF', 0.919580113, '2024-4-30'], ['CNY', 7.2493409836, '2024-4-30'], ['CZK', 23.5474144276, '2024-4-30'], ['DKK', 6.9914607222, '2024-4-30'], ['EUR', 0.9375101668, '2024-4-30'], ['GBP', 0.8006801131, '2024-4-30'], ['HKD', 7.8218210946, '2024-4-30'], ['HRK', 6.7781410602, '2024-4-30'], ['HUF', 366.1897817294, '2024-4-30'], ['IDR', 16252.904277163, '2024-4-30'], ['ILS', 3.737340698, '2024-4-30'], ['INR', 83.494015454, '2024-4-30'], ['ISK', 140.2749694776, '2024-4-30'], ['JPY', 157.6929431641, '2024-4-30'], ['KRW', 1381.5397573275, '2024-4-30'], ['MXN', 17.1449419064, '2024-4-30'], ['MYR', 4.7785006332, '2024-4-30'], ['NOK', 11.1138214838, '2024-4-30'], ['NZD', 1.7008701985, '2024-4-30'], ['PHP', 57.7764407715, '2024-4-30'], ['PLN', 4.0599905629, '2024-4-30'], ['RON', 4.6638805936, '2024-4-30'], ['RUB', 93.5649582683, '2024-4-30'], ['SEK', 11.012781434, '2024-4-30'], ['SGD', 1.3648102426, '2024-4-30'], ['THB', 37.1904261289, '2024-4-30'], ['TRY', 32.370494393, '2024-4-30'], ['USD', 1, '2024-4-30'], ['ZAR', 18.7852125522, '2024-4-30']], ['title', 'rate', 'date'])
[2024-05-05T10:54:54.348+0000] {taskinstance.py:1149} INFO - Marking task as SUCCESS. dag_id=currency_parsing, task_id=get_data_usd, execution_date=20240501T000000, start_date=20240505T105429, end_date=20240505T105454
[2024-05-05T10:54:57.033+0000] {local_task_job_runner.py:234} INFO - Task exited with return code 0
[2024-05-05T10:54:57.424+0000] {taskinstance.py:3309} INFO - 1 downstream tasks scheduled from follow-on schedule check
