[2024-04-26T10:28:10.472+0000] {taskinstance.py:1979} INFO - Dependencies all met for dep_context=non-requeueable deps ti=<TaskInstance: currency_parsing.get_data_usd scheduled__2024-04-24T00:00:00+00:00 [queued]>
[2024-04-26T10:28:10.731+0000] {taskinstance.py:1979} INFO - Dependencies all met for dep_context=requeueable deps ti=<TaskInstance: currency_parsing.get_data_usd scheduled__2024-04-24T00:00:00+00:00 [queued]>
[2024-04-26T10:28:10.745+0000] {taskinstance.py:2193} INFO - Starting attempt 1 of 2
[2024-04-26T10:28:11.469+0000] {taskinstance.py:2214} INFO - Executing <Task(PythonOperator): get_data_usd> on 2024-04-24 00:00:00+00:00
[2024-04-26T10:28:11.579+0000] {standard_task_runner.py:60} INFO - Started process 179 to run task
[2024-04-26T10:28:11.758+0000] {standard_task_runner.py:87} INFO - Running: ['***', 'tasks', 'run', 'currency_parsing', 'get_data_usd', 'scheduled__2024-04-24T00:00:00+00:00', '--job-id', '2156', '--raw', '--subdir', 'DAGS_FOLDER/stage/currency_parsing.py', '--cfg-path', '/tmp/tmprfykd2vx']
[2024-04-26T10:28:11.829+0000] {standard_task_runner.py:88} INFO - Job 2156: Subtask get_data_usd
[2024-04-26T10:28:12.809+0000] {task_command.py:423} INFO - Running <TaskInstance: currency_parsing.get_data_usd scheduled__2024-04-24T00:00:00+00:00 [running]> on host 4284c2c978e3
[2024-04-26T10:28:13.725+0000] {warnings.py:109} WARNING - /home/***/.local/lib/python3.8/site-packages/***/utils/context.py:207: AirflowContextDeprecationWarning: Accessing 'execution_date' from the template is deprecated and will be removed in a future version. Please use 'data_interval_start' or 'logical_date' instead.
  warnings.warn(_create_deprecation_warning(key, self._deprecation_replacements[key]))

[2024-04-26T10:28:14.028+0000] {taskinstance.py:2510} INFO - Exporting env vars: AIRFLOW_CTX_DAG_OWNER='***' AIRFLOW_CTX_DAG_ID='currency_parsing' AIRFLOW_CTX_TASK_ID='get_data_usd' AIRFLOW_CTX_EXECUTION_DATE='2024-04-24T00:00:00+00:00' AIRFLOW_CTX_TRY_NUMBER='1' AIRFLOW_CTX_DAG_RUN_ID='scheduled__2024-04-24T00:00:00+00:00'
[2024-04-26T10:28:16.275+0000] {python.py:202} INFO - Done. Returned value was: ([['AUD', 1.5409801753, '2024-4-23'], ['BGN', 1.8289202638, '2024-4-23'], ['BRL', 5.1251105193, '2024-4-23'], ['CAD', 1.3663001508, '2024-4-23'], ['CHF', 0.9115601391, '2024-4-23'], ['CNY', 7.2448209701, '2024-4-23'], ['CZK', 23.5352333339, '2024-4-23'], ['DKK', 6.9687812119, '2024-4-23'], ['EUR', 0.9343201754, '2024-4-23'], ['GBP', 0.8031000829, '2024-4-23'], ['HKD', 7.8333912204, '2024-4-23'], ['HRK', 6.7986111138, '2024-4-23'], ['HUF', 367.0088540273, '2024-4-23'], ['IDR', 16201.675843992, '2024-4-23'], ['ILS', 3.7683504605, '2024-4-23'], ['INR', 83.2409888758, '2024-4-23'], ['ISK', 140.5941520971, '2024-4-23'], ['JPY', 154.7728206946, '2024-4-23'], ['KRW', 1368.8624808612, '2024-4-23'], ['MXN', 16.9569920318, '2024-4-23'], ['MYR', 4.7793307397, '2024-4-23'], ['NOK', 10.9041315469, '2024-4-23'], ['NZD', 1.6847302585, '2024-4-23'], ['PHP', 57.5485587784, '2024-4-23'], ['PLN', 4.0244405164, '2024-4-23'], ['RON', 4.6487708452, '2024-4-23'], ['RUB', 93.2202718493, '2024-4-23'], ['SEK', 10.8054320917, '2024-4-23'], ['SGD', 1.3608101572, '2024-4-23'], ['THB', 36.9173148108, '2024-4-23'], ['TRY', 32.5224564512, '2024-4-23'], ['USD', 1, '2024-4-23'], ['ZAR', 19.1043926724, '2024-4-23']], ['title', 'rate', 'date'])
[2024-04-26T10:28:16.650+0000] {taskinstance.py:1149} INFO - Marking task as SUCCESS. dag_id=currency_parsing, task_id=get_data_usd, execution_date=20240424T000000, start_date=20240426T102810, end_date=20240426T102816
[2024-04-26T10:28:17.003+0000] {local_task_job_runner.py:234} INFO - Task exited with return code 0
[2024-04-26T10:28:17.378+0000] {taskinstance.py:3309} INFO - 1 downstream tasks scheduled from follow-on schedule check
[2024-04-26T13:21:07.959+0000] {taskinstance.py:1979} INFO - Dependencies all met for dep_context=non-requeueable deps ti=<TaskInstance: currency_parsing.get_data_usd scheduled__2024-04-24T00:00:00+00:00 [queued]>
[2024-04-26T13:21:08.100+0000] {taskinstance.py:1979} INFO - Dependencies all met for dep_context=requeueable deps ti=<TaskInstance: currency_parsing.get_data_usd scheduled__2024-04-24T00:00:00+00:00 [queued]>
[2024-04-26T13:21:08.107+0000] {taskinstance.py:2193} INFO - Starting attempt 1 of 2
[2024-04-26T13:21:08.263+0000] {taskinstance.py:2214} INFO - Executing <Task(PythonOperator): get_data_usd> on 2024-04-24 00:00:00+00:00
[2024-04-26T13:21:08.273+0000] {standard_task_runner.py:60} INFO - Started process 530 to run task
[2024-04-26T13:21:08.297+0000] {standard_task_runner.py:87} INFO - Running: ['***', 'tasks', 'run', 'currency_parsing', 'get_data_usd', 'scheduled__2024-04-24T00:00:00+00:00', '--job-id', '2230', '--raw', '--subdir', 'DAGS_FOLDER/stage/currency_parsing.py', '--cfg-path', '/tmp/tmpdixzdu55']
[2024-04-26T13:21:08.308+0000] {standard_task_runner.py:88} INFO - Job 2230: Subtask get_data_usd
[2024-04-26T13:21:08.535+0000] {task_command.py:423} INFO - Running <TaskInstance: currency_parsing.get_data_usd scheduled__2024-04-24T00:00:00+00:00 [running]> on host 65a8688265d1
[2024-04-26T13:21:08.714+0000] {warnings.py:109} WARNING - /home/***/.local/lib/python3.8/site-packages/***/utils/context.py:207: AirflowContextDeprecationWarning: Accessing 'execution_date' from the template is deprecated and will be removed in a future version. Please use 'data_interval_start' or 'logical_date' instead.
  warnings.warn(_create_deprecation_warning(key, self._deprecation_replacements[key]))

[2024-04-26T13:21:08.800+0000] {taskinstance.py:2510} INFO - Exporting env vars: AIRFLOW_CTX_DAG_OWNER='***' AIRFLOW_CTX_DAG_ID='currency_parsing' AIRFLOW_CTX_TASK_ID='get_data_usd' AIRFLOW_CTX_EXECUTION_DATE='2024-04-24T00:00:00+00:00' AIRFLOW_CTX_TRY_NUMBER='1' AIRFLOW_CTX_DAG_RUN_ID='scheduled__2024-04-24T00:00:00+00:00'
[2024-04-26T13:21:10.398+0000] {python.py:202} INFO - Done. Returned value was: ([['AUD', 1.5409801753, '2024-4-23'], ['BGN', 1.8289202638, '2024-4-23'], ['BRL', 5.1251105193, '2024-4-23'], ['CAD', 1.3663001508, '2024-4-23'], ['CHF', 0.9115601391, '2024-4-23'], ['CNY', 7.2448209701, '2024-4-23'], ['CZK', 23.5352333339, '2024-4-23'], ['DKK', 6.9687812119, '2024-4-23'], ['EUR', 0.9343201754, '2024-4-23'], ['GBP', 0.8031000829, '2024-4-23'], ['HKD', 7.8333912204, '2024-4-23'], ['HRK', 6.7986111138, '2024-4-23'], ['HUF', 367.0088540273, '2024-4-23'], ['IDR', 16201.675843992, '2024-4-23'], ['ILS', 3.7683504605, '2024-4-23'], ['INR', 83.2409888758, '2024-4-23'], ['ISK', 140.5941520971, '2024-4-23'], ['JPY', 154.7728206946, '2024-4-23'], ['KRW', 1368.8624808612, '2024-4-23'], ['MXN', 16.9569920318, '2024-4-23'], ['MYR', 4.7793307397, '2024-4-23'], ['NOK', 10.9041315469, '2024-4-23'], ['NZD', 1.6847302585, '2024-4-23'], ['PHP', 57.5485587784, '2024-4-23'], ['PLN', 4.0244405164, '2024-4-23'], ['RON', 4.6487708452, '2024-4-23'], ['RUB', 93.2202718493, '2024-4-23'], ['SEK', 10.8054320917, '2024-4-23'], ['SGD', 1.3608101572, '2024-4-23'], ['THB', 36.9173148108, '2024-4-23'], ['TRY', 32.5224564512, '2024-4-23'], ['USD', 1, '2024-4-23'], ['ZAR', 19.1043926724, '2024-4-23']], ['title', 'rate', 'date'])
[2024-04-26T13:21:10.521+0000] {taskinstance.py:1149} INFO - Marking task as SUCCESS. dag_id=currency_parsing, task_id=get_data_usd, execution_date=20240424T000000, start_date=20240426T132107, end_date=20240426T132110
[2024-04-26T13:21:10.622+0000] {local_task_job_runner.py:234} INFO - Task exited with return code 0
[2024-04-26T13:21:10.695+0000] {taskinstance.py:3309} INFO - 1 downstream tasks scheduled from follow-on schedule check
[2024-04-27T12:30:27.438+0000] {taskinstance.py:1979} INFO - Dependencies all met for dep_context=non-requeueable deps ti=<TaskInstance: currency_parsing.get_data_usd scheduled__2024-04-24T00:00:00+00:00 [queued]>
[2024-04-27T12:30:27.652+0000] {taskinstance.py:1979} INFO - Dependencies all met for dep_context=requeueable deps ti=<TaskInstance: currency_parsing.get_data_usd scheduled__2024-04-24T00:00:00+00:00 [queued]>
[2024-04-27T12:30:27.654+0000] {taskinstance.py:2193} INFO - Starting attempt 1 of 2
[2024-04-27T12:30:28.725+0000] {taskinstance.py:2214} INFO - Executing <Task(PythonOperator): get_data_usd> on 2024-04-24 00:00:00+00:00
[2024-04-27T12:30:28.803+0000] {standard_task_runner.py:60} INFO - Started process 2483 to run task
[2024-04-27T12:30:28.982+0000] {standard_task_runner.py:87} INFO - Running: ['***', 'tasks', 'run', 'currency_parsing', 'get_data_usd', 'scheduled__2024-04-24T00:00:00+00:00', '--job-id', '2535', '--raw', '--subdir', 'DAGS_FOLDER/stage/currency_parsing.py', '--cfg-path', '/tmp/tmpf8te88oh']
[2024-04-27T12:30:29.031+0000] {standard_task_runner.py:88} INFO - Job 2535: Subtask get_data_usd
[2024-04-27T12:30:29.893+0000] {task_command.py:423} INFO - Running <TaskInstance: currency_parsing.get_data_usd scheduled__2024-04-24T00:00:00+00:00 [running]> on host 65a8688265d1
[2024-04-27T12:30:30.498+0000] {warnings.py:109} WARNING - /home/***/.local/lib/python3.8/site-packages/***/utils/context.py:207: AirflowContextDeprecationWarning: Accessing 'execution_date' from the template is deprecated and will be removed in a future version. Please use 'data_interval_start' or 'logical_date' instead.
  warnings.warn(_create_deprecation_warning(key, self._deprecation_replacements[key]))

[2024-04-27T12:30:35.009+0000] {taskinstance.py:2510} INFO - Exporting env vars: AIRFLOW_CTX_DAG_OWNER='***' AIRFLOW_CTX_DAG_ID='currency_parsing' AIRFLOW_CTX_TASK_ID='get_data_usd' AIRFLOW_CTX_EXECUTION_DATE='2024-04-24T00:00:00+00:00' AIRFLOW_CTX_TRY_NUMBER='1' AIRFLOW_CTX_DAG_RUN_ID='scheduled__2024-04-24T00:00:00+00:00'
[2024-04-27T12:31:13.108+0000] {python.py:202} INFO - Done. Returned value was: ([['AUD', 1.5409801753, '2024-4-23'], ['BGN', 1.8289202638, '2024-4-23'], ['BRL', 5.1251105193, '2024-4-23'], ['CAD', 1.3663001508, '2024-4-23'], ['CHF', 0.9115601391, '2024-4-23'], ['CNY', 7.2448209701, '2024-4-23'], ['CZK', 23.5352333339, '2024-4-23'], ['DKK', 6.9687812119, '2024-4-23'], ['EUR', 0.9343201754, '2024-4-23'], ['GBP', 0.8031000829, '2024-4-23'], ['HKD', 7.8333912204, '2024-4-23'], ['HRK', 6.7986111138, '2024-4-23'], ['HUF', 367.0088540273, '2024-4-23'], ['IDR', 16201.675843992, '2024-4-23'], ['ILS', 3.7683504605, '2024-4-23'], ['INR', 83.2409888758, '2024-4-23'], ['ISK', 140.5941520971, '2024-4-23'], ['JPY', 154.7728206946, '2024-4-23'], ['KRW', 1368.8624808612, '2024-4-23'], ['MXN', 16.9569920318, '2024-4-23'], ['MYR', 4.7793307397, '2024-4-23'], ['NOK', 10.9041315469, '2024-4-23'], ['NZD', 1.6847302585, '2024-4-23'], ['PHP', 57.5485587784, '2024-4-23'], ['PLN', 4.0244405164, '2024-4-23'], ['RON', 4.6487708452, '2024-4-23'], ['RUB', 93.2202718493, '2024-4-23'], ['SEK', 10.8054320917, '2024-4-23'], ['SGD', 1.3608101572, '2024-4-23'], ['THB', 36.9173148108, '2024-4-23'], ['TRY', 32.5224564512, '2024-4-23'], ['USD', 1, '2024-4-23'], ['ZAR', 19.1043926724, '2024-4-23']], ['title', 'rate', 'date'])
[2024-04-27T12:31:13.793+0000] {taskinstance.py:1149} INFO - Marking task as SUCCESS. dag_id=currency_parsing, task_id=get_data_usd, execution_date=20240424T000000, start_date=20240427T123027, end_date=20240427T123113
[2024-04-27T12:31:14.110+0000] {local_task_job_runner.py:234} INFO - Task exited with return code 0
[2024-04-27T12:31:14.989+0000] {taskinstance.py:3309} INFO - 0 downstream tasks scheduled from follow-on schedule check
