[2024-04-14T08:51:16.842+0000] {taskinstance.py:1979} INFO - Dependencies all met for dep_context=non-requeueable deps ti=<TaskInstance: currency_parsing.fetch_data scheduled__2024-01-13T00:00:00+00:00 [queued]>
[2024-04-14T08:51:16.871+0000] {taskinstance.py:1979} INFO - Dependencies all met for dep_context=requeueable deps ti=<TaskInstance: currency_parsing.fetch_data scheduled__2024-01-13T00:00:00+00:00 [queued]>
[2024-04-14T08:51:16.872+0000] {taskinstance.py:2193} INFO - Starting attempt 1 of 2
[2024-04-14T08:51:16.942+0000] {taskinstance.py:2214} INFO - Executing <Task(PythonOperator): fetch_data> on 2024-01-13 00:00:00+00:00
[2024-04-14T08:51:16.952+0000] {standard_task_runner.py:60} INFO - Started process 890 to run task
[2024-04-14T08:51:16.973+0000] {standard_task_runner.py:87} INFO - Running: ['***', 'tasks', 'run', 'currency_parsing', 'fetch_data', 'scheduled__2024-01-13T00:00:00+00:00', '--job-id', '218', '--raw', '--subdir', 'DAGS_FOLDER/currency_parsing.py', '--cfg-path', '/tmp/tmp6jobxj6n']
[2024-04-14T08:51:16.979+0000] {standard_task_runner.py:88} INFO - Job 218: Subtask fetch_data
[2024-04-14T08:51:17.142+0000] {task_command.py:423} INFO - Running <TaskInstance: currency_parsing.fetch_data scheduled__2024-01-13T00:00:00+00:00 [running]> on host e8a1e0443283
[2024-04-14T08:51:17.413+0000] {taskinstance.py:2510} INFO - Exporting env vars: AIRFLOW_CTX_DAG_OWNER='***' AIRFLOW_CTX_DAG_ID='currency_parsing' AIRFLOW_CTX_TASK_ID='fetch_data' AIRFLOW_CTX_EXECUTION_DATE='2024-01-13T00:00:00+00:00' AIRFLOW_CTX_TRY_NUMBER='1' AIRFLOW_CTX_DAG_RUN_ID='scheduled__2024-01-13T00:00:00+00:00'
[2024-04-14T08:51:17.477+0000] {base.py:83} INFO - Using connection ID 'dwh' for task execution.
[2024-04-14T08:51:17.514+0000] {sql.py:572} INFO - Done loading. Loaded a total of 39 rows into currency_parsing
[2024-04-14T08:51:17.516+0000] {python.py:202} INFO - Done. Returned value was: None
[2024-04-14T08:51:17.542+0000] {taskinstance.py:1149} INFO - Marking task as SUCCESS. dag_id=currency_parsing, task_id=fetch_data, execution_date=20240113T000000, start_date=20240414T085116, end_date=20240414T085117
[2024-04-14T08:51:17.623+0000] {local_task_job_runner.py:234} INFO - Task exited with return code 0
[2024-04-14T08:51:17.710+0000] {taskinstance.py:3309} INFO - 0 downstream tasks scheduled from follow-on schedule check
[2024-04-14T10:08:01.467+0000] {taskinstance.py:1979} INFO - Dependencies all met for dep_context=non-requeueable deps ti=<TaskInstance: currency_parsing.fetch_data scheduled__2024-01-13T00:00:00+00:00 [queued]>
[2024-04-14T10:08:01.603+0000] {taskinstance.py:1979} INFO - Dependencies all met for dep_context=requeueable deps ti=<TaskInstance: currency_parsing.fetch_data scheduled__2024-01-13T00:00:00+00:00 [queued]>
[2024-04-14T10:08:01.618+0000] {taskinstance.py:2193} INFO - Starting attempt 1 of 2
[2024-04-14T10:08:01.942+0000] {taskinstance.py:2214} INFO - Executing <Task(PythonOperator): fetch_data> on 2024-01-13 00:00:00+00:00
[2024-04-14T10:08:01.953+0000] {standard_task_runner.py:60} INFO - Started process 197 to run task
[2024-04-14T10:08:02.035+0000] {standard_task_runner.py:87} INFO - Running: ['***', 'tasks', 'run', 'currency_parsing', 'fetch_data', 'scheduled__2024-01-13T00:00:00+00:00', '--job-id', '519', '--raw', '--subdir', 'DAGS_FOLDER/currency_parsing.py', '--cfg-path', '/tmp/tmpvmhse8gm']
[2024-04-14T10:08:02.061+0000] {standard_task_runner.py:88} INFO - Job 519: Subtask fetch_data
[2024-04-14T10:08:02.748+0000] {task_command.py:423} INFO - Running <TaskInstance: currency_parsing.fetch_data scheduled__2024-01-13T00:00:00+00:00 [running]> on host 1c15aab9396c
[2024-04-14T10:08:03.448+0000] {taskinstance.py:2510} INFO - Exporting env vars: AIRFLOW_CTX_DAG_OWNER='***' AIRFLOW_CTX_DAG_ID='currency_parsing' AIRFLOW_CTX_TASK_ID='fetch_data' AIRFLOW_CTX_EXECUTION_DATE='2024-01-13T00:00:00+00:00' AIRFLOW_CTX_TRY_NUMBER='1' AIRFLOW_CTX_DAG_RUN_ID='scheduled__2024-01-13T00:00:00+00:00'
[2024-04-14T10:08:03.615+0000] {base.py:83} INFO - Using connection ID 'dwh' for task execution.
[2024-04-14T10:08:03.707+0000] {sql.py:572} INFO - Done loading. Loaded a total of 39 rows into currency_parsing
[2024-04-14T10:08:03.709+0000] {python.py:202} INFO - Done. Returned value was: None
[2024-04-14T10:08:03.822+0000] {taskinstance.py:1149} INFO - Marking task as SUCCESS. dag_id=currency_parsing, task_id=fetch_data, execution_date=20240113T000000, start_date=20240414T100801, end_date=20240414T100803
[2024-04-14T10:08:04.157+0000] {local_task_job_runner.py:234} INFO - Task exited with return code 0
[2024-04-14T10:08:04.463+0000] {taskinstance.py:3309} INFO - 0 downstream tasks scheduled from follow-on schedule check
