[2024-04-14T08:56:00.930+0000] {taskinstance.py:1979} INFO - Dependencies all met for dep_context=non-requeueable deps ti=<TaskInstance: currency_parsing.create_table scheduled__2024-04-04T00:00:00+00:00 [queued]>
[2024-04-14T08:56:01.031+0000] {taskinstance.py:1979} INFO - Dependencies all met for dep_context=requeueable deps ti=<TaskInstance: currency_parsing.create_table scheduled__2024-04-04T00:00:00+00:00 [queued]>
[2024-04-14T08:56:01.038+0000] {taskinstance.py:2193} INFO - Starting attempt 1 of 2
[2024-04-14T08:56:01.239+0000] {taskinstance.py:2214} INFO - Executing <Task(PostgresOperator): create_table> on 2024-04-04 00:00:00+00:00
[2024-04-14T08:56:01.271+0000] {standard_task_runner.py:60} INFO - Started process 1403 to run task
[2024-04-14T08:56:01.308+0000] {standard_task_runner.py:87} INFO - Running: ['***', 'tasks', 'run', 'currency_parsing', 'create_table', 'scheduled__2024-04-04T00:00:00+00:00', '--job-id', '443', '--raw', '--subdir', 'DAGS_FOLDER/currency_parsing.py', '--cfg-path', '/tmp/tmp35hzxkef']
[2024-04-14T08:56:01.371+0000] {standard_task_runner.py:88} INFO - Job 443: Subtask create_table
[2024-04-14T08:56:01.911+0000] {task_command.py:423} INFO - Running <TaskInstance: currency_parsing.create_table scheduled__2024-04-04T00:00:00+00:00 [running]> on host e8a1e0443283
[2024-04-14T08:56:03.763+0000] {taskinstance.py:2510} INFO - Exporting env vars: AIRFLOW_CTX_DAG_OWNER='***' AIRFLOW_CTX_DAG_ID='currency_parsing' AIRFLOW_CTX_TASK_ID='create_table' AIRFLOW_CTX_EXECUTION_DATE='2024-04-04T00:00:00+00:00' AIRFLOW_CTX_TRY_NUMBER='1' AIRFLOW_CTX_DAG_RUN_ID='scheduled__2024-04-04T00:00:00+00:00'
[2024-04-14T08:56:03.767+0000] {sql.py:276} INFO - Executing: CREATE TABLE IF NOT EXISTS currency_parsing(
    currency VARCHAR(255) NOT NULL,
    title VARCHAR(255) NOT NULL,
    rate float,
    quantity int,
    index VARCHAR(255),
    change float,
    date date NOT NULL
)
[2024-04-14T08:56:03.843+0000] {base.py:83} INFO - Using connection ID 'dwh' for task execution.
[2024-04-14T08:56:03.944+0000] {base.py:83} INFO - Using connection ID 'dwh' for task execution.
[2024-04-14T08:56:03.960+0000] {sql.py:457} INFO - Running statement: CREATE TABLE IF NOT EXISTS currency_parsing(
    currency VARCHAR(255) NOT NULL,
    title VARCHAR(255) NOT NULL,
    rate float,
    quantity int,
    index VARCHAR(255),
    change float,
    date date NOT NULL
), parameters: None
[2024-04-14T08:56:03.975+0000] {warnings.py:109} WARNING - /home/***/.local/lib/python3.8/site-packages/***/providers/common/sql/hooks/sql.py:407: AirflowProviderDeprecationWarning: Call to deprecated method _make_common_data_structure. (The `_make_serializable` method is deprecated and support will be removed in a future version of the common.sql provider. Please update the DbApiHook's provider to a version based on common.sql >= 1.9.1.)
  result = self._make_common_data_structure(handler(cur))

[2024-04-14T08:56:04.049+0000] {taskinstance.py:1149} INFO - Marking task as SUCCESS. dag_id=currency_parsing, task_id=create_table, execution_date=20240404T000000, start_date=20240414T085600, end_date=20240414T085604
[2024-04-14T08:56:04.321+0000] {local_task_job_runner.py:234} INFO - Task exited with return code 0
[2024-04-14T08:56:04.378+0000] {warnings.py:109} WARNING - /home/***/.local/lib/python3.8/site-packages/***/models/baseoperator.py:1201: AirflowProviderDeprecationWarning: Call to deprecated class PostgresOperator. (Please use `***.providers.common.sql.operators.sql.SQLExecuteQueryOperator`.Also, you can provide `hook_params={'schema': <database>}`.)
  result = cls.__new__(cls)

[2024-04-14T08:56:04.556+0000] {taskinstance.py:3309} INFO - 1 downstream tasks scheduled from follow-on schedule check
[2024-04-14T10:12:41.767+0000] {taskinstance.py:1979} INFO - Dependencies all met for dep_context=non-requeueable deps ti=<TaskInstance: currency_parsing.create_table scheduled__2024-04-04T00:00:00+00:00 [queued]>
[2024-04-14T10:12:41.824+0000] {taskinstance.py:1979} INFO - Dependencies all met for dep_context=requeueable deps ti=<TaskInstance: currency_parsing.create_table scheduled__2024-04-04T00:00:00+00:00 [queued]>
[2024-04-14T10:12:41.825+0000] {taskinstance.py:2193} INFO - Starting attempt 1 of 2
[2024-04-14T10:12:41.992+0000] {taskinstance.py:2214} INFO - Executing <Task(PostgresOperator): create_table> on 2024-04-04 00:00:00+00:00
[2024-04-14T10:12:41.999+0000] {standard_task_runner.py:60} INFO - Started process 730 to run task
[2024-04-14T10:12:42.049+0000] {standard_task_runner.py:87} INFO - Running: ['***', 'tasks', 'run', 'currency_parsing', 'create_table', 'scheduled__2024-04-04T00:00:00+00:00', '--job-id', '759', '--raw', '--subdir', 'DAGS_FOLDER/currency_parsing.py', '--cfg-path', '/tmp/tmpuqbkfpz_']
[2024-04-14T10:12:42.091+0000] {standard_task_runner.py:88} INFO - Job 759: Subtask create_table
[2024-04-14T10:12:42.638+0000] {task_command.py:423} INFO - Running <TaskInstance: currency_parsing.create_table scheduled__2024-04-04T00:00:00+00:00 [running]> on host 1c15aab9396c
[2024-04-14T10:12:44.106+0000] {taskinstance.py:2510} INFO - Exporting env vars: AIRFLOW_CTX_DAG_OWNER='***' AIRFLOW_CTX_DAG_ID='currency_parsing' AIRFLOW_CTX_TASK_ID='create_table' AIRFLOW_CTX_EXECUTION_DATE='2024-04-04T00:00:00+00:00' AIRFLOW_CTX_TRY_NUMBER='1' AIRFLOW_CTX_DAG_RUN_ID='scheduled__2024-04-04T00:00:00+00:00'
[2024-04-14T10:12:44.112+0000] {sql.py:276} INFO - Executing: CREATE TABLE IF NOT EXISTS currency_parsing(
    currency VARCHAR(255) NOT NULL,
    title VARCHAR(255) NOT NULL,
    rate float,
    quantity int,
    index VARCHAR(255),
    change float,
    date date NOT NULL
)
[2024-04-14T10:12:44.171+0000] {base.py:83} INFO - Using connection ID 'dwh' for task execution.
[2024-04-14T10:12:44.218+0000] {base.py:83} INFO - Using connection ID 'dwh' for task execution.
[2024-04-14T10:12:44.274+0000] {sql.py:457} INFO - Running statement: CREATE TABLE IF NOT EXISTS currency_parsing(
    currency VARCHAR(255) NOT NULL,
    title VARCHAR(255) NOT NULL,
    rate float,
    quantity int,
    index VARCHAR(255),
    change float,
    date date NOT NULL
), parameters: None
[2024-04-14T10:12:44.299+0000] {warnings.py:109} WARNING - /home/***/.local/lib/python3.8/site-packages/***/providers/common/sql/hooks/sql.py:407: AirflowProviderDeprecationWarning: Call to deprecated method _make_common_data_structure. (The `_make_serializable` method is deprecated and support will be removed in a future version of the common.sql provider. Please update the DbApiHook's provider to a version based on common.sql >= 1.9.1.)
  result = self._make_common_data_structure(handler(cur))

[2024-04-14T10:12:44.412+0000] {taskinstance.py:1149} INFO - Marking task as SUCCESS. dag_id=currency_parsing, task_id=create_table, execution_date=20240404T000000, start_date=20240414T101241, end_date=20240414T101244
[2024-04-14T10:12:44.658+0000] {local_task_job_runner.py:234} INFO - Task exited with return code 0
[2024-04-14T10:12:44.692+0000] {warnings.py:109} WARNING - /home/***/.local/lib/python3.8/site-packages/***/models/baseoperator.py:1201: AirflowProviderDeprecationWarning: Call to deprecated class PostgresOperator. (Please use `***.providers.common.sql.operators.sql.SQLExecuteQueryOperator`.Also, you can provide `hook_params={'schema': <database>}`.)
  result = cls.__new__(cls)

[2024-04-14T10:12:44.866+0000] {taskinstance.py:3309} INFO - 1 downstream tasks scheduled from follow-on schedule check
[2024-04-21T11:03:52.471+0000] {taskinstance.py:1979} INFO - Dependencies all met for dep_context=non-requeueable deps ti=<TaskInstance: currency_parsing.create_table scheduled__2024-04-04T00:00:00+00:00 [queued]>
[2024-04-21T11:03:52.532+0000] {taskinstance.py:1979} INFO - Dependencies all met for dep_context=requeueable deps ti=<TaskInstance: currency_parsing.create_table scheduled__2024-04-04T00:00:00+00:00 [queued]>
[2024-04-21T11:03:52.539+0000] {taskinstance.py:2193} INFO - Starting attempt 1 of 2
[2024-04-21T11:03:52.641+0000] {taskinstance.py:2214} INFO - Executing <Task(PostgresOperator): create_table> on 2024-04-04 00:00:00+00:00
[2024-04-21T11:03:52.655+0000] {standard_task_runner.py:60} INFO - Started process 2421 to run task
[2024-04-21T11:03:52.719+0000] {standard_task_runner.py:87} INFO - Running: ['***', 'tasks', 'run', 'currency_parsing', 'create_table', 'scheduled__2024-04-04T00:00:00+00:00', '--job-id', '1935', '--raw', '--subdir', 'DAGS_FOLDER/stage/currency_parsing.py', '--cfg-path', '/tmp/tmpxyfsepug']
[2024-04-21T11:03:52.738+0000] {standard_task_runner.py:88} INFO - Job 1935: Subtask create_table
[2024-04-21T11:03:53.157+0000] {task_command.py:423} INFO - Running <TaskInstance: currency_parsing.create_table scheduled__2024-04-04T00:00:00+00:00 [running]> on host e671688b1343
[2024-04-21T11:03:54.172+0000] {taskinstance.py:2510} INFO - Exporting env vars: AIRFLOW_CTX_DAG_OWNER='***' AIRFLOW_CTX_DAG_ID='currency_parsing' AIRFLOW_CTX_TASK_ID='create_table' AIRFLOW_CTX_EXECUTION_DATE='2024-04-04T00:00:00+00:00' AIRFLOW_CTX_TRY_NUMBER='1' AIRFLOW_CTX_DAG_RUN_ID='scheduled__2024-04-04T00:00:00+00:00'
[2024-04-21T11:03:54.175+0000] {sql.py:276} INFO - Executing: CREATE TABLE IF NOT EXISTS stage.currency_parsing_pound(
    title VARCHAR(255) NOT NULL,
    rate float,
    date date NOT NULL
);

CREATE TABLE IF NOT EXISTS stage.currency_parsing_usd(
    title VARCHAR(255) NOT NULL,
    rate float,
    date date NOT NULL
);

CREATE TABLE IF NOT EXISTS stage.currency_parsing_rub(
    id VARCHAR(255) NOT NULL,
    NumCode VARCHAR(255) NOT NULL,
    CharCode VARCHAR(255),
    Nominal int,
    Name VARCHAR(255),
    Value float,
    Previous float,
    date date NOT NULL
);

CREATE TABLE IF NOT EXISTS stage.currency_parsing_kzt(
    currency VARCHAR(255) NOT NULL,
    title VARCHAR(255) NOT NULL,
    rate float,
    quantity int,
    index VARCHAR(255),
    change float,
    date date NOT NULL
)
[2024-04-21T11:03:54.233+0000] {base.py:83} INFO - Using connection ID 'dwh' for task execution.
[2024-04-21T11:03:54.289+0000] {base.py:83} INFO - Using connection ID 'dwh' for task execution.
[2024-04-21T11:03:54.300+0000] {sql.py:457} INFO - Running statement: CREATE TABLE IF NOT EXISTS stage.currency_parsing_pound(
    title VARCHAR(255) NOT NULL,
    rate float,
    date date NOT NULL
);

CREATE TABLE IF NOT EXISTS stage.currency_parsing_usd(
    title VARCHAR(255) NOT NULL,
    rate float,
    date date NOT NULL
);

CREATE TABLE IF NOT EXISTS stage.currency_parsing_rub(
    id VARCHAR(255) NOT NULL,
    NumCode VARCHAR(255) NOT NULL,
    CharCode VARCHAR(255),
    Nominal int,
    Name VARCHAR(255),
    Value float,
    Previous float,
    date date NOT NULL
);

CREATE TABLE IF NOT EXISTS stage.currency_parsing_kzt(
    currency VARCHAR(255) NOT NULL,
    title VARCHAR(255) NOT NULL,
    rate float,
    quantity int,
    index VARCHAR(255),
    change float,
    date date NOT NULL
), parameters: None
[2024-04-21T11:03:54.311+0000] {warnings.py:109} WARNING - /home/***/.local/lib/python3.8/site-packages/***/providers/common/sql/hooks/sql.py:407: AirflowProviderDeprecationWarning: Call to deprecated method _make_common_data_structure. (The `_make_serializable` method is deprecated and support will be removed in a future version of the common.sql provider. Please update the DbApiHook's provider to a version based on common.sql >= 1.9.1.)
  result = self._make_common_data_structure(handler(cur))

[2024-04-21T11:03:54.355+0000] {taskinstance.py:1149} INFO - Marking task as SUCCESS. dag_id=currency_parsing, task_id=create_table, execution_date=20240404T000000, start_date=20240421T110352, end_date=20240421T110354
[2024-04-21T11:03:54.474+0000] {local_task_job_runner.py:234} INFO - Task exited with return code 0
[2024-04-21T11:03:54.541+0000] {warnings.py:109} WARNING - /home/***/.local/lib/python3.8/site-packages/***/models/baseoperator.py:1201: AirflowProviderDeprecationWarning: Call to deprecated class PostgresOperator. (Please use `***.providers.common.sql.operators.sql.SQLExecuteQueryOperator`.Also, you can provide `hook_params={'schema': <database>}`.)
  result = cls.__new__(cls)

[2024-04-21T11:03:54.635+0000] {taskinstance.py:3309} INFO - 4 downstream tasks scheduled from follow-on schedule check
[2024-04-27T12:17:37.807+0000] {taskinstance.py:1979} INFO - Dependencies all met for dep_context=non-requeueable deps ti=<TaskInstance: currency_parsing.create_table scheduled__2024-04-04T00:00:00+00:00 [queued]>
[2024-04-27T12:17:37.864+0000] {taskinstance.py:1979} INFO - Dependencies all met for dep_context=requeueable deps ti=<TaskInstance: currency_parsing.create_table scheduled__2024-04-04T00:00:00+00:00 [queued]>
[2024-04-27T12:17:37.874+0000] {taskinstance.py:2193} INFO - Starting attempt 1 of 2
[2024-04-27T12:17:38.444+0000] {taskinstance.py:2214} INFO - Executing <Task(PostgresOperator): create_table> on 2024-04-04 00:00:00+00:00
[2024-04-27T12:17:38.512+0000] {standard_task_runner.py:60} INFO - Started process 1826 to run task
[2024-04-27T12:17:38.678+0000] {standard_task_runner.py:87} INFO - Running: ['***', 'tasks', 'run', 'currency_parsing', 'create_table', 'scheduled__2024-04-04T00:00:00+00:00', '--job-id', '2276', '--raw', '--subdir', 'DAGS_FOLDER/stage/currency_parsing.py', '--cfg-path', '/tmp/tmptrnu_ptf']
[2024-04-27T12:17:38.728+0000] {standard_task_runner.py:88} INFO - Job 2276: Subtask create_table
[2024-04-27T12:17:39.495+0000] {task_command.py:423} INFO - Running <TaskInstance: currency_parsing.create_table scheduled__2024-04-04T00:00:00+00:00 [running]> on host 65a8688265d1
[2024-04-27T12:17:41.599+0000] {taskinstance.py:2510} INFO - Exporting env vars: AIRFLOW_CTX_DAG_OWNER='***' AIRFLOW_CTX_DAG_ID='currency_parsing' AIRFLOW_CTX_TASK_ID='create_table' AIRFLOW_CTX_EXECUTION_DATE='2024-04-04T00:00:00+00:00' AIRFLOW_CTX_TRY_NUMBER='1' AIRFLOW_CTX_DAG_RUN_ID='scheduled__2024-04-04T00:00:00+00:00'
[2024-04-27T12:17:41.619+0000] {sql.py:276} INFO - Executing: CREATE TABLE IF NOT EXISTS stage.currency_parsing_pound(
    title VARCHAR(255) NOT NULL,
    rate float,
    date date NOT NULL
);

CREATE TABLE IF NOT EXISTS stage.currency_parsing_usd(
    title VARCHAR(255) NOT NULL,
    rate float,
    date date NOT NULL
);

CREATE TABLE IF NOT EXISTS stage.currency_parsing_rub(
    id VARCHAR(255) NOT NULL,
    NumCode VARCHAR(255) NOT NULL,
    CharCode VARCHAR(255),
    Nominal int,
    Name VARCHAR(255),
    Value float,
    Previous float,
    date date NOT NULL
);

CREATE TABLE IF NOT EXISTS stage.currency_parsing_kzt(
    currency VARCHAR(255) NOT NULL,
    title VARCHAR(255) NOT NULL,
    rate float,
    quantity int,
    index VARCHAR(255),
    change float,
    date date NOT NULL
)
[2024-04-27T12:17:41.730+0000] {base.py:83} INFO - Using connection ID 'dwh' for task execution.
[2024-04-27T12:17:41.805+0000] {base.py:83} INFO - Using connection ID 'dwh' for task execution.
[2024-04-27T12:17:41.815+0000] {sql.py:457} INFO - Running statement: CREATE TABLE IF NOT EXISTS stage.currency_parsing_pound(
    title VARCHAR(255) NOT NULL,
    rate float,
    date date NOT NULL
);

CREATE TABLE IF NOT EXISTS stage.currency_parsing_usd(
    title VARCHAR(255) NOT NULL,
    rate float,
    date date NOT NULL
);

CREATE TABLE IF NOT EXISTS stage.currency_parsing_rub(
    id VARCHAR(255) NOT NULL,
    NumCode VARCHAR(255) NOT NULL,
    CharCode VARCHAR(255),
    Nominal int,
    Name VARCHAR(255),
    Value float,
    Previous float,
    date date NOT NULL
);

CREATE TABLE IF NOT EXISTS stage.currency_parsing_kzt(
    currency VARCHAR(255) NOT NULL,
    title VARCHAR(255) NOT NULL,
    rate float,
    quantity int,
    index VARCHAR(255),
    change float,
    date date NOT NULL
), parameters: None
[2024-04-27T12:17:41.821+0000] {warnings.py:109} WARNING - /home/***/.local/lib/python3.8/site-packages/***/providers/common/sql/hooks/sql.py:407: AirflowProviderDeprecationWarning: Call to deprecated method _make_common_data_structure. (The `_make_serializable` method is deprecated and support will be removed in a future version of the common.sql provider. Please update the DbApiHook's provider to a version based on common.sql >= 1.9.1.)
  result = self._make_common_data_structure(handler(cur))

[2024-04-27T12:17:41.969+0000] {taskinstance.py:1149} INFO - Marking task as SUCCESS. dag_id=currency_parsing, task_id=create_table, execution_date=20240404T000000, start_date=20240427T121737, end_date=20240427T121741
[2024-04-27T12:17:43.461+0000] {local_task_job_runner.py:234} INFO - Task exited with return code 0
[2024-04-27T12:17:43.720+0000] {warnings.py:109} WARNING - /home/***/.local/lib/python3.8/site-packages/***/models/baseoperator.py:1201: AirflowProviderDeprecationWarning: Call to deprecated class PostgresOperator. (Please use `***.providers.common.sql.operators.sql.SQLExecuteQueryOperator`.Also, you can provide `hook_params={'schema': <database>}`.)
  result = cls.__new__(cls)

[2024-04-27T12:17:45.161+0000] {taskinstance.py:3309} INFO - 4 downstream tasks scheduled from follow-on schedule check
