[2024-03-17T12:12:35.730+0000] {processor.py:161} INFO - Started process (PID=1565) to work on /opt/airflow/dags/simple_insert_ti_xcom.py
[2024-03-17T12:12:35.731+0000] {processor.py:830} INFO - Processing file /opt/airflow/dags/simple_insert_ti_xcom.py for tasks to queue
[2024-03-17T12:12:35.732+0000] {logging_mixin.py:188} INFO - [2024-03-17T12:12:35.732+0000] {dagbag.py:540} INFO - Filling up the DagBag from /opt/airflow/dags/simple_insert_ti_xcom.py
[2024-03-17T12:12:35.781+0000] {processor.py:840} INFO - DAG(s) 'movie_night_xcom' retrieved from /opt/airflow/dags/simple_insert_ti_xcom.py
[2024-03-17T12:12:35.935+0000] {logging_mixin.py:188} INFO - [2024-03-17T12:12:35.934+0000] {override.py:1769} INFO - Created Permission View: can read on DAG:movie_night_xcom
[2024-03-17T12:12:35.951+0000] {logging_mixin.py:188} INFO - [2024-03-17T12:12:35.951+0000] {override.py:1769} INFO - Created Permission View: can delete on DAG:movie_night_xcom
[2024-03-17T12:12:35.962+0000] {logging_mixin.py:188} INFO - [2024-03-17T12:12:35.962+0000] {override.py:1769} INFO - Created Permission View: can edit on DAG:movie_night_xcom
[2024-03-17T12:12:35.963+0000] {logging_mixin.py:188} INFO - [2024-03-17T12:12:35.963+0000] {dag.py:3047} INFO - Sync 1 DAGs
[2024-03-17T12:12:35.978+0000] {logging_mixin.py:188} INFO - [2024-03-17T12:12:35.978+0000] {dag.py:3069} INFO - Creating ORM DAG for movie_night_xcom
[2024-03-17T12:12:35.991+0000] {logging_mixin.py:188} INFO - [2024-03-17T12:12:35.991+0000] {dag.py:3834} INFO - Setting next_dagrun for movie_night_xcom to 2024-03-09 00:00:00+00:00, run_after=2024-03-09 00:00:00+00:00
[2024-03-17T12:12:36.018+0000] {processor.py:183} INFO - Processing /opt/airflow/dags/simple_insert_ti_xcom.py took 0.293 seconds
[2024-03-17T12:13:06.608+0000] {processor.py:161} INFO - Started process (PID=1574) to work on /opt/airflow/dags/simple_insert_ti_xcom.py
[2024-03-17T12:13:06.610+0000] {processor.py:830} INFO - Processing file /opt/airflow/dags/simple_insert_ti_xcom.py for tasks to queue
[2024-03-17T12:13:06.611+0000] {logging_mixin.py:188} INFO - [2024-03-17T12:13:06.611+0000] {dagbag.py:540} INFO - Filling up the DagBag from /opt/airflow/dags/simple_insert_ti_xcom.py
[2024-03-17T12:13:06.682+0000] {processor.py:840} INFO - DAG(s) 'movie_night_xcom' retrieved from /opt/airflow/dags/simple_insert_ti_xcom.py
[2024-03-17T12:13:06.738+0000] {logging_mixin.py:188} INFO - [2024-03-17T12:13:06.736+0000] {dag.py:3047} INFO - Sync 1 DAGs
[2024-03-17T12:13:06.778+0000] {logging_mixin.py:188} INFO - [2024-03-17T12:13:06.777+0000] {dag.py:3834} INFO - Setting next_dagrun for movie_night_xcom to 2024-03-09 00:00:00+00:00, run_after=2024-03-09 00:00:00+00:00
[2024-03-17T12:13:06.816+0000] {processor.py:183} INFO - Processing /opt/airflow/dags/simple_insert_ti_xcom.py took 0.213 seconds
[2024-03-17T12:13:37.274+0000] {processor.py:161} INFO - Started process (PID=1595) to work on /opt/airflow/dags/simple_insert_ti_xcom.py
[2024-03-17T12:13:37.293+0000] {processor.py:830} INFO - Processing file /opt/airflow/dags/simple_insert_ti_xcom.py for tasks to queue
[2024-03-17T12:13:37.296+0000] {logging_mixin.py:188} INFO - [2024-03-17T12:13:37.295+0000] {dagbag.py:540} INFO - Filling up the DagBag from /opt/airflow/dags/simple_insert_ti_xcom.py
[2024-03-17T12:13:37.375+0000] {processor.py:840} INFO - DAG(s) 'movie_night_xcom' retrieved from /opt/airflow/dags/simple_insert_ti_xcom.py
[2024-03-17T12:13:37.417+0000] {logging_mixin.py:188} INFO - [2024-03-17T12:13:37.417+0000] {dag.py:3047} INFO - Sync 1 DAGs
[2024-03-17T12:13:37.455+0000] {logging_mixin.py:188} INFO - [2024-03-17T12:13:37.454+0000] {dag.py:3834} INFO - Setting next_dagrun for movie_night_xcom to None, run_after=None
[2024-03-17T12:13:37.500+0000] {processor.py:183} INFO - Processing /opt/airflow/dags/simple_insert_ti_xcom.py took 0.275 seconds
[2024-03-17T12:13:40.322+0000] {processor.py:161} INFO - Started process (PID=1596) to work on /opt/airflow/dags/simple_insert_ti_xcom.py
[2024-03-17T12:13:40.324+0000] {processor.py:830} INFO - Processing file /opt/airflow/dags/simple_insert_ti_xcom.py for tasks to queue
[2024-03-17T12:13:40.326+0000] {logging_mixin.py:188} INFO - [2024-03-17T12:13:40.326+0000] {dagbag.py:540} INFO - Filling up the DagBag from /opt/airflow/dags/simple_insert_ti_xcom.py
[2024-03-17T12:13:40.386+0000] {processor.py:840} INFO - DAG(s) 'movie_night_xcom' retrieved from /opt/airflow/dags/simple_insert_ti_xcom.py
[2024-03-17T12:13:40.433+0000] {logging_mixin.py:188} INFO - [2024-03-17T12:13:40.433+0000] {dag.py:3047} INFO - Sync 1 DAGs
[2024-03-17T12:13:40.464+0000] {logging_mixin.py:188} INFO - [2024-03-17T12:13:40.464+0000] {dag.py:3834} INFO - Setting next_dagrun for movie_night_xcom to None, run_after=None
[2024-03-17T12:13:40.494+0000] {processor.py:183} INFO - Processing /opt/airflow/dags/simple_insert_ti_xcom.py took 0.180 seconds
[2024-03-17T12:14:11.046+0000] {processor.py:161} INFO - Started process (PID=1605) to work on /opt/airflow/dags/simple_insert_ti_xcom.py
[2024-03-17T12:14:11.079+0000] {processor.py:830} INFO - Processing file /opt/airflow/dags/simple_insert_ti_xcom.py for tasks to queue
[2024-03-17T12:14:11.091+0000] {logging_mixin.py:188} INFO - [2024-03-17T12:14:11.085+0000] {dagbag.py:540} INFO - Filling up the DagBag from /opt/airflow/dags/simple_insert_ti_xcom.py
[2024-03-17T12:14:11.611+0000] {processor.py:840} INFO - DAG(s) 'movie_night_xcom' retrieved from /opt/airflow/dags/simple_insert_ti_xcom.py
[2024-03-17T12:14:12.075+0000] {logging_mixin.py:188} INFO - [2024-03-17T12:14:12.074+0000] {dag.py:3047} INFO - Sync 1 DAGs
[2024-03-17T12:14:12.457+0000] {logging_mixin.py:188} INFO - [2024-03-17T12:14:12.456+0000] {dag.py:3834} INFO - Setting next_dagrun for movie_night_xcom to None, run_after=None
[2024-03-17T12:14:12.834+0000] {processor.py:183} INFO - Processing /opt/airflow/dags/simple_insert_ti_xcom.py took 1.901 seconds
[2024-03-17T12:14:43.431+0000] {processor.py:161} INFO - Started process (PID=1613) to work on /opt/airflow/dags/simple_insert_ti_xcom.py
[2024-03-17T12:14:43.444+0000] {processor.py:830} INFO - Processing file /opt/airflow/dags/simple_insert_ti_xcom.py for tasks to queue
[2024-03-17T12:14:43.447+0000] {logging_mixin.py:188} INFO - [2024-03-17T12:14:43.446+0000] {dagbag.py:540} INFO - Filling up the DagBag from /opt/airflow/dags/simple_insert_ti_xcom.py
[2024-03-17T12:14:43.633+0000] {processor.py:840} INFO - DAG(s) 'movie_night_xcom' retrieved from /opt/airflow/dags/simple_insert_ti_xcom.py
[2024-03-17T12:14:43.758+0000] {logging_mixin.py:188} INFO - [2024-03-17T12:14:43.757+0000] {dag.py:3047} INFO - Sync 1 DAGs
[2024-03-17T12:14:43.906+0000] {logging_mixin.py:188} INFO - [2024-03-17T12:14:43.906+0000] {dag.py:3834} INFO - Setting next_dagrun for movie_night_xcom to None, run_after=None
[2024-03-17T12:14:44.021+0000] {processor.py:183} INFO - Processing /opt/airflow/dags/simple_insert_ti_xcom.py took 0.609 seconds
[2024-03-17T12:15:14.133+0000] {processor.py:161} INFO - Started process (PID=1622) to work on /opt/airflow/dags/simple_insert_ti_xcom.py
[2024-03-17T12:15:14.135+0000] {processor.py:830} INFO - Processing file /opt/airflow/dags/simple_insert_ti_xcom.py for tasks to queue
[2024-03-17T12:15:14.137+0000] {logging_mixin.py:188} INFO - [2024-03-17T12:15:14.136+0000] {dagbag.py:540} INFO - Filling up the DagBag from /opt/airflow/dags/simple_insert_ti_xcom.py
[2024-03-17T12:15:14.215+0000] {processor.py:840} INFO - DAG(s) 'movie_night_xcom' retrieved from /opt/airflow/dags/simple_insert_ti_xcom.py
[2024-03-17T12:15:14.258+0000] {logging_mixin.py:188} INFO - [2024-03-17T12:15:14.258+0000] {dag.py:3047} INFO - Sync 1 DAGs
[2024-03-17T12:15:14.295+0000] {logging_mixin.py:188} INFO - [2024-03-17T12:15:14.295+0000] {dag.py:3834} INFO - Setting next_dagrun for movie_night_xcom to None, run_after=None
[2024-03-17T12:15:14.334+0000] {processor.py:183} INFO - Processing /opt/airflow/dags/simple_insert_ti_xcom.py took 0.206 seconds
[2024-03-17T12:15:45.152+0000] {processor.py:161} INFO - Started process (PID=1631) to work on /opt/airflow/dags/simple_insert_ti_xcom.py
[2024-03-17T12:15:45.154+0000] {processor.py:830} INFO - Processing file /opt/airflow/dags/simple_insert_ti_xcom.py for tasks to queue
[2024-03-17T12:15:45.156+0000] {logging_mixin.py:188} INFO - [2024-03-17T12:15:45.155+0000] {dagbag.py:540} INFO - Filling up the DagBag from /opt/airflow/dags/simple_insert_ti_xcom.py
[2024-03-17T12:15:45.199+0000] {processor.py:840} INFO - DAG(s) 'movie_night_xcom' retrieved from /opt/airflow/dags/simple_insert_ti_xcom.py
[2024-03-17T12:15:45.234+0000] {logging_mixin.py:188} INFO - [2024-03-17T12:15:45.233+0000] {dag.py:3047} INFO - Sync 1 DAGs
[2024-03-17T12:15:45.263+0000] {logging_mixin.py:188} INFO - [2024-03-17T12:15:45.262+0000] {dag.py:3834} INFO - Setting next_dagrun for movie_night_xcom to None, run_after=None
[2024-03-17T12:15:45.298+0000] {processor.py:183} INFO - Processing /opt/airflow/dags/simple_insert_ti_xcom.py took 0.150 seconds
[2024-03-17T12:16:15.866+0000] {processor.py:161} INFO - Started process (PID=1640) to work on /opt/airflow/dags/simple_insert_ti_xcom.py
[2024-03-17T12:16:15.868+0000] {processor.py:830} INFO - Processing file /opt/airflow/dags/simple_insert_ti_xcom.py for tasks to queue
[2024-03-17T12:16:15.870+0000] {logging_mixin.py:188} INFO - [2024-03-17T12:16:15.869+0000] {dagbag.py:540} INFO - Filling up the DagBag from /opt/airflow/dags/simple_insert_ti_xcom.py
[2024-03-17T12:16:15.928+0000] {processor.py:840} INFO - DAG(s) 'movie_night_xcom' retrieved from /opt/airflow/dags/simple_insert_ti_xcom.py
[2024-03-17T12:16:15.984+0000] {logging_mixin.py:188} INFO - [2024-03-17T12:16:15.984+0000] {dag.py:3047} INFO - Sync 1 DAGs
[2024-03-17T12:16:16.037+0000] {logging_mixin.py:188} INFO - [2024-03-17T12:16:16.036+0000] {dag.py:3834} INFO - Setting next_dagrun for movie_night_xcom to None, run_after=None
[2024-03-17T12:16:16.073+0000] {processor.py:183} INFO - Processing /opt/airflow/dags/simple_insert_ti_xcom.py took 0.213 seconds
[2024-03-17T12:16:47.050+0000] {processor.py:161} INFO - Started process (PID=1649) to work on /opt/airflow/dags/simple_insert_ti_xcom.py
[2024-03-17T12:16:47.053+0000] {processor.py:830} INFO - Processing file /opt/airflow/dags/simple_insert_ti_xcom.py for tasks to queue
[2024-03-17T12:16:47.055+0000] {logging_mixin.py:188} INFO - [2024-03-17T12:16:47.054+0000] {dagbag.py:540} INFO - Filling up the DagBag from /opt/airflow/dags/simple_insert_ti_xcom.py
[2024-03-17T12:16:47.117+0000] {processor.py:840} INFO - DAG(s) 'movie_night_xcom' retrieved from /opt/airflow/dags/simple_insert_ti_xcom.py
[2024-03-17T12:16:47.172+0000] {logging_mixin.py:188} INFO - [2024-03-17T12:16:47.172+0000] {dag.py:3047} INFO - Sync 1 DAGs
[2024-03-17T12:16:47.214+0000] {logging_mixin.py:188} INFO - [2024-03-17T12:16:47.213+0000] {dag.py:3834} INFO - Setting next_dagrun for movie_night_xcom to None, run_after=None
[2024-03-17T12:16:47.250+0000] {processor.py:183} INFO - Processing /opt/airflow/dags/simple_insert_ti_xcom.py took 0.206 seconds
[2024-03-17T12:17:17.835+0000] {processor.py:161} INFO - Started process (PID=1659) to work on /opt/airflow/dags/simple_insert_ti_xcom.py
[2024-03-17T12:17:17.837+0000] {processor.py:830} INFO - Processing file /opt/airflow/dags/simple_insert_ti_xcom.py for tasks to queue
[2024-03-17T12:17:17.838+0000] {logging_mixin.py:188} INFO - [2024-03-17T12:17:17.838+0000] {dagbag.py:540} INFO - Filling up the DagBag from /opt/airflow/dags/simple_insert_ti_xcom.py
[2024-03-17T12:17:17.889+0000] {processor.py:840} INFO - DAG(s) 'movie_night_xcom' retrieved from /opt/airflow/dags/simple_insert_ti_xcom.py
[2024-03-17T12:17:17.934+0000] {logging_mixin.py:188} INFO - [2024-03-17T12:17:17.933+0000] {dag.py:3047} INFO - Sync 1 DAGs
[2024-03-17T12:17:17.965+0000] {logging_mixin.py:188} INFO - [2024-03-17T12:17:17.965+0000] {dag.py:3834} INFO - Setting next_dagrun for movie_night_xcom to None, run_after=None
[2024-03-17T12:17:17.993+0000] {processor.py:183} INFO - Processing /opt/airflow/dags/simple_insert_ti_xcom.py took 0.162 seconds
[2024-03-17T12:17:48.511+0000] {processor.py:161} INFO - Started process (PID=1668) to work on /opt/airflow/dags/simple_insert_ti_xcom.py
[2024-03-17T12:17:48.513+0000] {processor.py:830} INFO - Processing file /opt/airflow/dags/simple_insert_ti_xcom.py for tasks to queue
[2024-03-17T12:17:48.514+0000] {logging_mixin.py:188} INFO - [2024-03-17T12:17:48.514+0000] {dagbag.py:540} INFO - Filling up the DagBag from /opt/airflow/dags/simple_insert_ti_xcom.py
[2024-03-17T12:17:48.557+0000] {processor.py:840} INFO - DAG(s) 'movie_night_xcom' retrieved from /opt/airflow/dags/simple_insert_ti_xcom.py
[2024-03-17T12:17:48.595+0000] {logging_mixin.py:188} INFO - [2024-03-17T12:17:48.595+0000] {dag.py:3047} INFO - Sync 1 DAGs
[2024-03-17T12:17:48.629+0000] {logging_mixin.py:188} INFO - [2024-03-17T12:17:48.629+0000] {dag.py:3834} INFO - Setting next_dagrun for movie_night_xcom to None, run_after=None
[2024-03-17T12:17:48.657+0000] {processor.py:183} INFO - Processing /opt/airflow/dags/simple_insert_ti_xcom.py took 0.150 seconds
[2024-03-17T12:18:19.168+0000] {processor.py:161} INFO - Started process (PID=1678) to work on /opt/airflow/dags/simple_insert_ti_xcom.py
[2024-03-17T12:18:19.169+0000] {processor.py:830} INFO - Processing file /opt/airflow/dags/simple_insert_ti_xcom.py for tasks to queue
[2024-03-17T12:18:19.171+0000] {logging_mixin.py:188} INFO - [2024-03-17T12:18:19.171+0000] {dagbag.py:540} INFO - Filling up the DagBag from /opt/airflow/dags/simple_insert_ti_xcom.py
[2024-03-17T12:18:19.219+0000] {processor.py:840} INFO - DAG(s) 'movie_night_xcom' retrieved from /opt/airflow/dags/simple_insert_ti_xcom.py
[2024-03-17T12:18:19.256+0000] {logging_mixin.py:188} INFO - [2024-03-17T12:18:19.256+0000] {dag.py:3047} INFO - Sync 1 DAGs
[2024-03-17T12:18:19.288+0000] {logging_mixin.py:188} INFO - [2024-03-17T12:18:19.288+0000] {dag.py:3834} INFO - Setting next_dagrun for movie_night_xcom to None, run_after=None
[2024-03-17T12:18:19.323+0000] {processor.py:183} INFO - Processing /opt/airflow/dags/simple_insert_ti_xcom.py took 0.160 seconds
[2024-03-17T12:18:49.992+0000] {processor.py:161} INFO - Started process (PID=1687) to work on /opt/airflow/dags/simple_insert_ti_xcom.py
[2024-03-17T12:18:49.994+0000] {processor.py:830} INFO - Processing file /opt/airflow/dags/simple_insert_ti_xcom.py for tasks to queue
[2024-03-17T12:18:49.996+0000] {logging_mixin.py:188} INFO - [2024-03-17T12:18:49.996+0000] {dagbag.py:540} INFO - Filling up the DagBag from /opt/airflow/dags/simple_insert_ti_xcom.py
[2024-03-17T12:18:50.043+0000] {processor.py:840} INFO - DAG(s) 'movie_night_xcom' retrieved from /opt/airflow/dags/simple_insert_ti_xcom.py
[2024-03-17T12:18:50.079+0000] {logging_mixin.py:188} INFO - [2024-03-17T12:18:50.079+0000] {dag.py:3047} INFO - Sync 1 DAGs
[2024-03-17T12:18:50.114+0000] {logging_mixin.py:188} INFO - [2024-03-17T12:18:50.114+0000] {dag.py:3834} INFO - Setting next_dagrun for movie_night_xcom to None, run_after=None
[2024-03-17T12:18:50.147+0000] {processor.py:183} INFO - Processing /opt/airflow/dags/simple_insert_ti_xcom.py took 0.159 seconds
[2024-03-17T12:19:20.618+0000] {processor.py:161} INFO - Started process (PID=1696) to work on /opt/airflow/dags/simple_insert_ti_xcom.py
[2024-03-17T12:19:20.620+0000] {processor.py:830} INFO - Processing file /opt/airflow/dags/simple_insert_ti_xcom.py for tasks to queue
[2024-03-17T12:19:20.622+0000] {logging_mixin.py:188} INFO - [2024-03-17T12:19:20.621+0000] {dagbag.py:540} INFO - Filling up the DagBag from /opt/airflow/dags/simple_insert_ti_xcom.py
[2024-03-17T12:19:20.665+0000] {processor.py:840} INFO - DAG(s) 'movie_night_xcom' retrieved from /opt/airflow/dags/simple_insert_ti_xcom.py
[2024-03-17T12:19:20.705+0000] {logging_mixin.py:188} INFO - [2024-03-17T12:19:20.705+0000] {dag.py:3047} INFO - Sync 1 DAGs
[2024-03-17T12:19:20.741+0000] {logging_mixin.py:188} INFO - [2024-03-17T12:19:20.741+0000] {dag.py:3834} INFO - Setting next_dagrun for movie_night_xcom to None, run_after=None
[2024-03-17T12:19:20.785+0000] {processor.py:183} INFO - Processing /opt/airflow/dags/simple_insert_ti_xcom.py took 0.171 seconds
[2024-03-17T12:19:51.357+0000] {processor.py:161} INFO - Started process (PID=1705) to work on /opt/airflow/dags/simple_insert_ti_xcom.py
[2024-03-17T12:19:51.359+0000] {processor.py:830} INFO - Processing file /opt/airflow/dags/simple_insert_ti_xcom.py for tasks to queue
[2024-03-17T12:19:51.361+0000] {logging_mixin.py:188} INFO - [2024-03-17T12:19:51.360+0000] {dagbag.py:540} INFO - Filling up the DagBag from /opt/airflow/dags/simple_insert_ti_xcom.py
[2024-03-17T12:19:51.408+0000] {processor.py:840} INFO - DAG(s) 'movie_night_xcom' retrieved from /opt/airflow/dags/simple_insert_ti_xcom.py
[2024-03-17T12:19:51.442+0000] {logging_mixin.py:188} INFO - [2024-03-17T12:19:51.442+0000] {dag.py:3047} INFO - Sync 1 DAGs
[2024-03-17T12:19:51.497+0000] {logging_mixin.py:188} INFO - [2024-03-17T12:19:51.497+0000] {dag.py:3834} INFO - Setting next_dagrun for movie_night_xcom to None, run_after=None
[2024-03-17T12:19:51.528+0000] {processor.py:183} INFO - Processing /opt/airflow/dags/simple_insert_ti_xcom.py took 0.176 seconds
[2024-03-17T12:20:22.103+0000] {processor.py:161} INFO - Started process (PID=1714) to work on /opt/airflow/dags/simple_insert_ti_xcom.py
[2024-03-17T12:20:22.105+0000] {processor.py:830} INFO - Processing file /opt/airflow/dags/simple_insert_ti_xcom.py for tasks to queue
[2024-03-17T12:20:22.106+0000] {logging_mixin.py:188} INFO - [2024-03-17T12:20:22.106+0000] {dagbag.py:540} INFO - Filling up the DagBag from /opt/airflow/dags/simple_insert_ti_xcom.py
[2024-03-17T12:20:22.149+0000] {processor.py:840} INFO - DAG(s) 'movie_night_xcom' retrieved from /opt/airflow/dags/simple_insert_ti_xcom.py
[2024-03-17T12:20:22.183+0000] {logging_mixin.py:188} INFO - [2024-03-17T12:20:22.182+0000] {dag.py:3047} INFO - Sync 1 DAGs
[2024-03-17T12:20:22.212+0000] {logging_mixin.py:188} INFO - [2024-03-17T12:20:22.211+0000] {dag.py:3834} INFO - Setting next_dagrun for movie_night_xcom to None, run_after=None
[2024-03-17T12:20:22.240+0000] {processor.py:183} INFO - Processing /opt/airflow/dags/simple_insert_ti_xcom.py took 0.140 seconds
[2024-03-17T12:20:52.720+0000] {processor.py:161} INFO - Started process (PID=1723) to work on /opt/airflow/dags/simple_insert_ti_xcom.py
[2024-03-17T12:20:52.722+0000] {processor.py:830} INFO - Processing file /opt/airflow/dags/simple_insert_ti_xcom.py for tasks to queue
[2024-03-17T12:20:52.724+0000] {logging_mixin.py:188} INFO - [2024-03-17T12:20:52.723+0000] {dagbag.py:540} INFO - Filling up the DagBag from /opt/airflow/dags/simple_insert_ti_xcom.py
[2024-03-17T12:20:52.771+0000] {processor.py:840} INFO - DAG(s) 'movie_night_xcom' retrieved from /opt/airflow/dags/simple_insert_ti_xcom.py
[2024-03-17T12:20:52.805+0000] {logging_mixin.py:188} INFO - [2024-03-17T12:20:52.805+0000] {dag.py:3047} INFO - Sync 1 DAGs
[2024-03-17T12:20:52.836+0000] {logging_mixin.py:188} INFO - [2024-03-17T12:20:52.835+0000] {dag.py:3834} INFO - Setting next_dagrun for movie_night_xcom to None, run_after=None
[2024-03-17T12:20:52.865+0000] {processor.py:183} INFO - Processing /opt/airflow/dags/simple_insert_ti_xcom.py took 0.152 seconds
[2024-03-17T12:21:23.398+0000] {processor.py:161} INFO - Started process (PID=1732) to work on /opt/airflow/dags/simple_insert_ti_xcom.py
[2024-03-17T12:21:23.400+0000] {processor.py:830} INFO - Processing file /opt/airflow/dags/simple_insert_ti_xcom.py for tasks to queue
[2024-03-17T12:21:23.402+0000] {logging_mixin.py:188} INFO - [2024-03-17T12:21:23.401+0000] {dagbag.py:540} INFO - Filling up the DagBag from /opt/airflow/dags/simple_insert_ti_xcom.py
[2024-03-17T12:21:23.445+0000] {processor.py:840} INFO - DAG(s) 'movie_night_xcom' retrieved from /opt/airflow/dags/simple_insert_ti_xcom.py
[2024-03-17T12:21:23.483+0000] {logging_mixin.py:188} INFO - [2024-03-17T12:21:23.483+0000] {dag.py:3047} INFO - Sync 1 DAGs
[2024-03-17T12:21:23.518+0000] {logging_mixin.py:188} INFO - [2024-03-17T12:21:23.517+0000] {dag.py:3834} INFO - Setting next_dagrun for movie_night_xcom to None, run_after=None
[2024-03-17T12:21:23.556+0000] {processor.py:183} INFO - Processing /opt/airflow/dags/simple_insert_ti_xcom.py took 0.162 seconds
[2024-03-17T12:21:54.004+0000] {processor.py:161} INFO - Started process (PID=1741) to work on /opt/airflow/dags/simple_insert_ti_xcom.py
[2024-03-17T12:21:54.006+0000] {processor.py:830} INFO - Processing file /opt/airflow/dags/simple_insert_ti_xcom.py for tasks to queue
[2024-03-17T12:21:54.008+0000] {logging_mixin.py:188} INFO - [2024-03-17T12:21:54.007+0000] {dagbag.py:540} INFO - Filling up the DagBag from /opt/airflow/dags/simple_insert_ti_xcom.py
[2024-03-17T12:21:54.053+0000] {processor.py:840} INFO - DAG(s) 'movie_night_xcom' retrieved from /opt/airflow/dags/simple_insert_ti_xcom.py
[2024-03-17T12:21:54.091+0000] {logging_mixin.py:188} INFO - [2024-03-17T12:21:54.091+0000] {dag.py:3047} INFO - Sync 1 DAGs
[2024-03-17T12:21:54.125+0000] {logging_mixin.py:188} INFO - [2024-03-17T12:21:54.125+0000] {dag.py:3834} INFO - Setting next_dagrun for movie_night_xcom to None, run_after=None
[2024-03-17T12:21:54.157+0000] {processor.py:183} INFO - Processing /opt/airflow/dags/simple_insert_ti_xcom.py took 0.158 seconds
[2024-03-17T12:22:24.672+0000] {processor.py:161} INFO - Started process (PID=1756) to work on /opt/airflow/dags/simple_insert_ti_xcom.py
[2024-03-17T12:22:24.674+0000] {processor.py:830} INFO - Processing file /opt/airflow/dags/simple_insert_ti_xcom.py for tasks to queue
[2024-03-17T12:22:24.676+0000] {logging_mixin.py:188} INFO - [2024-03-17T12:22:24.675+0000] {dagbag.py:540} INFO - Filling up the DagBag from /opt/airflow/dags/simple_insert_ti_xcom.py
[2024-03-17T12:22:24.729+0000] {processor.py:840} INFO - DAG(s) 'movie_night_xcom' retrieved from /opt/airflow/dags/simple_insert_ti_xcom.py
[2024-03-17T12:22:24.776+0000] {logging_mixin.py:188} INFO - [2024-03-17T12:22:24.776+0000] {dag.py:3047} INFO - Sync 1 DAGs
[2024-03-17T12:22:24.820+0000] {logging_mixin.py:188} INFO - [2024-03-17T12:22:24.820+0000] {dag.py:3834} INFO - Setting next_dagrun for movie_night_xcom to None, run_after=None
[2024-03-17T12:22:24.885+0000] {processor.py:183} INFO - Processing /opt/airflow/dags/simple_insert_ti_xcom.py took 0.217 seconds
[2024-03-17T12:22:55.298+0000] {processor.py:161} INFO - Started process (PID=1766) to work on /opt/airflow/dags/simple_insert_ti_xcom.py
[2024-03-17T12:22:55.300+0000] {processor.py:830} INFO - Processing file /opt/airflow/dags/simple_insert_ti_xcom.py for tasks to queue
[2024-03-17T12:22:55.301+0000] {logging_mixin.py:188} INFO - [2024-03-17T12:22:55.301+0000] {dagbag.py:540} INFO - Filling up the DagBag from /opt/airflow/dags/simple_insert_ti_xcom.py
[2024-03-17T12:22:55.340+0000] {processor.py:840} INFO - DAG(s) 'movie_night_xcom' retrieved from /opt/airflow/dags/simple_insert_ti_xcom.py
[2024-03-17T12:22:55.374+0000] {logging_mixin.py:188} INFO - [2024-03-17T12:22:55.374+0000] {dag.py:3047} INFO - Sync 1 DAGs
[2024-03-17T12:22:55.403+0000] {logging_mixin.py:188} INFO - [2024-03-17T12:22:55.403+0000] {dag.py:3834} INFO - Setting next_dagrun for movie_night_xcom to None, run_after=None
[2024-03-17T12:22:55.431+0000] {processor.py:183} INFO - Processing /opt/airflow/dags/simple_insert_ti_xcom.py took 0.138 seconds
[2024-03-17T12:23:25.882+0000] {processor.py:161} INFO - Started process (PID=1775) to work on /opt/airflow/dags/simple_insert_ti_xcom.py
[2024-03-17T12:23:25.884+0000] {processor.py:830} INFO - Processing file /opt/airflow/dags/simple_insert_ti_xcom.py for tasks to queue
[2024-03-17T12:23:25.886+0000] {logging_mixin.py:188} INFO - [2024-03-17T12:23:25.885+0000] {dagbag.py:540} INFO - Filling up the DagBag from /opt/airflow/dags/simple_insert_ti_xcom.py
[2024-03-17T12:23:25.927+0000] {processor.py:840} INFO - DAG(s) 'movie_night_xcom' retrieved from /opt/airflow/dags/simple_insert_ti_xcom.py
[2024-03-17T12:23:25.962+0000] {logging_mixin.py:188} INFO - [2024-03-17T12:23:25.962+0000] {dag.py:3047} INFO - Sync 1 DAGs
[2024-03-17T12:23:25.998+0000] {logging_mixin.py:188} INFO - [2024-03-17T12:23:25.998+0000] {dag.py:3834} INFO - Setting next_dagrun for movie_night_xcom to None, run_after=None
[2024-03-17T12:23:26.030+0000] {processor.py:183} INFO - Processing /opt/airflow/dags/simple_insert_ti_xcom.py took 0.152 seconds
[2024-03-17T12:23:56.618+0000] {processor.py:161} INFO - Started process (PID=1784) to work on /opt/airflow/dags/simple_insert_ti_xcom.py
[2024-03-17T12:23:56.619+0000] {processor.py:830} INFO - Processing file /opt/airflow/dags/simple_insert_ti_xcom.py for tasks to queue
[2024-03-17T12:23:56.621+0000] {logging_mixin.py:188} INFO - [2024-03-17T12:23:56.621+0000] {dagbag.py:540} INFO - Filling up the DagBag from /opt/airflow/dags/simple_insert_ti_xcom.py
[2024-03-17T12:23:56.662+0000] {processor.py:840} INFO - DAG(s) 'movie_night_xcom' retrieved from /opt/airflow/dags/simple_insert_ti_xcom.py
[2024-03-17T12:23:56.696+0000] {logging_mixin.py:188} INFO - [2024-03-17T12:23:56.695+0000] {dag.py:3047} INFO - Sync 1 DAGs
[2024-03-17T12:23:56.727+0000] {logging_mixin.py:188} INFO - [2024-03-17T12:23:56.727+0000] {dag.py:3834} INFO - Setting next_dagrun for movie_night_xcom to None, run_after=None
[2024-03-17T12:23:56.756+0000] {processor.py:183} INFO - Processing /opt/airflow/dags/simple_insert_ti_xcom.py took 0.143 seconds
[2024-03-17T12:24:27.243+0000] {processor.py:161} INFO - Started process (PID=1794) to work on /opt/airflow/dags/simple_insert_ti_xcom.py
[2024-03-17T12:24:27.245+0000] {processor.py:830} INFO - Processing file /opt/airflow/dags/simple_insert_ti_xcom.py for tasks to queue
[2024-03-17T12:24:27.247+0000] {logging_mixin.py:188} INFO - [2024-03-17T12:24:27.246+0000] {dagbag.py:540} INFO - Filling up the DagBag from /opt/airflow/dags/simple_insert_ti_xcom.py
[2024-03-17T12:24:27.302+0000] {processor.py:840} INFO - DAG(s) 'movie_night_xcom' retrieved from /opt/airflow/dags/simple_insert_ti_xcom.py
[2024-03-17T12:24:27.339+0000] {logging_mixin.py:188} INFO - [2024-03-17T12:24:27.339+0000] {dag.py:3047} INFO - Sync 1 DAGs
[2024-03-17T12:24:27.369+0000] {logging_mixin.py:188} INFO - [2024-03-17T12:24:27.369+0000] {dag.py:3834} INFO - Setting next_dagrun for movie_night_xcom to None, run_after=None
[2024-03-17T12:24:27.400+0000] {processor.py:183} INFO - Processing /opt/airflow/dags/simple_insert_ti_xcom.py took 0.163 seconds
[2024-03-17T12:24:57.842+0000] {processor.py:161} INFO - Started process (PID=1804) to work on /opt/airflow/dags/simple_insert_ti_xcom.py
[2024-03-17T12:24:57.843+0000] {processor.py:830} INFO - Processing file /opt/airflow/dags/simple_insert_ti_xcom.py for tasks to queue
[2024-03-17T12:24:57.845+0000] {logging_mixin.py:188} INFO - [2024-03-17T12:24:57.845+0000] {dagbag.py:540} INFO - Filling up the DagBag from /opt/airflow/dags/simple_insert_ti_xcom.py
[2024-03-17T12:24:57.889+0000] {processor.py:840} INFO - DAG(s) 'movie_night_xcom' retrieved from /opt/airflow/dags/simple_insert_ti_xcom.py
[2024-03-17T12:24:57.927+0000] {logging_mixin.py:188} INFO - [2024-03-17T12:24:57.926+0000] {dag.py:3047} INFO - Sync 1 DAGs
[2024-03-17T12:24:57.960+0000] {logging_mixin.py:188} INFO - [2024-03-17T12:24:57.960+0000] {dag.py:3834} INFO - Setting next_dagrun for movie_night_xcom to None, run_after=None
[2024-03-17T12:24:58.008+0000] {processor.py:183} INFO - Processing /opt/airflow/dags/simple_insert_ti_xcom.py took 0.173 seconds
[2024-03-17T12:25:28.525+0000] {processor.py:161} INFO - Started process (PID=1813) to work on /opt/airflow/dags/simple_insert_ti_xcom.py
[2024-03-17T12:25:28.527+0000] {processor.py:830} INFO - Processing file /opt/airflow/dags/simple_insert_ti_xcom.py for tasks to queue
[2024-03-17T12:25:28.528+0000] {logging_mixin.py:188} INFO - [2024-03-17T12:25:28.528+0000] {dagbag.py:540} INFO - Filling up the DagBag from /opt/airflow/dags/simple_insert_ti_xcom.py
[2024-03-17T12:25:28.571+0000] {processor.py:840} INFO - DAG(s) 'movie_night_xcom' retrieved from /opt/airflow/dags/simple_insert_ti_xcom.py
[2024-03-17T12:25:28.608+0000] {logging_mixin.py:188} INFO - [2024-03-17T12:25:28.608+0000] {dag.py:3047} INFO - Sync 1 DAGs
[2024-03-17T12:25:28.637+0000] {logging_mixin.py:188} INFO - [2024-03-17T12:25:28.637+0000] {dag.py:3834} INFO - Setting next_dagrun for movie_night_xcom to None, run_after=None
[2024-03-17T12:25:28.667+0000] {processor.py:183} INFO - Processing /opt/airflow/dags/simple_insert_ti_xcom.py took 0.147 seconds
[2024-03-17T12:25:59.228+0000] {processor.py:161} INFO - Started process (PID=1822) to work on /opt/airflow/dags/simple_insert_ti_xcom.py
[2024-03-17T12:25:59.230+0000] {processor.py:830} INFO - Processing file /opt/airflow/dags/simple_insert_ti_xcom.py for tasks to queue
[2024-03-17T12:25:59.231+0000] {logging_mixin.py:188} INFO - [2024-03-17T12:25:59.231+0000] {dagbag.py:540} INFO - Filling up the DagBag from /opt/airflow/dags/simple_insert_ti_xcom.py
[2024-03-17T12:25:59.275+0000] {processor.py:840} INFO - DAG(s) 'movie_night_xcom' retrieved from /opt/airflow/dags/simple_insert_ti_xcom.py
[2024-03-17T12:25:59.316+0000] {logging_mixin.py:188} INFO - [2024-03-17T12:25:59.315+0000] {dag.py:3047} INFO - Sync 1 DAGs
[2024-03-17T12:25:59.353+0000] {logging_mixin.py:188} INFO - [2024-03-17T12:25:59.353+0000] {dag.py:3834} INFO - Setting next_dagrun for movie_night_xcom to None, run_after=None
[2024-03-17T12:25:59.387+0000] {processor.py:183} INFO - Processing /opt/airflow/dags/simple_insert_ti_xcom.py took 0.163 seconds
[2024-03-17T12:26:29.964+0000] {processor.py:161} INFO - Started process (PID=1831) to work on /opt/airflow/dags/simple_insert_ti_xcom.py
[2024-03-17T12:26:29.965+0000] {processor.py:830} INFO - Processing file /opt/airflow/dags/simple_insert_ti_xcom.py for tasks to queue
[2024-03-17T12:26:29.967+0000] {logging_mixin.py:188} INFO - [2024-03-17T12:26:29.966+0000] {dagbag.py:540} INFO - Filling up the DagBag from /opt/airflow/dags/simple_insert_ti_xcom.py
[2024-03-17T12:26:30.018+0000] {processor.py:840} INFO - DAG(s) 'movie_night_xcom' retrieved from /opt/airflow/dags/simple_insert_ti_xcom.py
[2024-03-17T12:26:30.063+0000] {logging_mixin.py:188} INFO - [2024-03-17T12:26:30.062+0000] {dag.py:3047} INFO - Sync 1 DAGs
[2024-03-17T12:26:30.098+0000] {logging_mixin.py:188} INFO - [2024-03-17T12:26:30.098+0000] {dag.py:3834} INFO - Setting next_dagrun for movie_night_xcom to None, run_after=None
[2024-03-17T12:26:30.128+0000] {processor.py:183} INFO - Processing /opt/airflow/dags/simple_insert_ti_xcom.py took 0.169 seconds
[2024-03-17T12:27:00.562+0000] {processor.py:161} INFO - Started process (PID=1840) to work on /opt/airflow/dags/simple_insert_ti_xcom.py
[2024-03-17T12:27:00.564+0000] {processor.py:830} INFO - Processing file /opt/airflow/dags/simple_insert_ti_xcom.py for tasks to queue
[2024-03-17T12:27:00.566+0000] {logging_mixin.py:188} INFO - [2024-03-17T12:27:00.565+0000] {dagbag.py:540} INFO - Filling up the DagBag from /opt/airflow/dags/simple_insert_ti_xcom.py
[2024-03-17T12:27:00.607+0000] {processor.py:840} INFO - DAG(s) 'movie_night_xcom' retrieved from /opt/airflow/dags/simple_insert_ti_xcom.py
[2024-03-17T12:27:00.641+0000] {logging_mixin.py:188} INFO - [2024-03-17T12:27:00.641+0000] {dag.py:3047} INFO - Sync 1 DAGs
[2024-03-17T12:27:00.680+0000] {logging_mixin.py:188} INFO - [2024-03-17T12:27:00.680+0000] {dag.py:3834} INFO - Setting next_dagrun for movie_night_xcom to None, run_after=None
[2024-03-17T12:27:00.714+0000] {processor.py:183} INFO - Processing /opt/airflow/dags/simple_insert_ti_xcom.py took 0.157 seconds
[2024-03-17T12:27:31.176+0000] {processor.py:161} INFO - Started process (PID=1849) to work on /opt/airflow/dags/simple_insert_ti_xcom.py
[2024-03-17T12:27:31.178+0000] {processor.py:830} INFO - Processing file /opt/airflow/dags/simple_insert_ti_xcom.py for tasks to queue
[2024-03-17T12:27:31.179+0000] {logging_mixin.py:188} INFO - [2024-03-17T12:27:31.179+0000] {dagbag.py:540} INFO - Filling up the DagBag from /opt/airflow/dags/simple_insert_ti_xcom.py
[2024-03-17T12:27:31.222+0000] {processor.py:840} INFO - DAG(s) 'movie_night_xcom' retrieved from /opt/airflow/dags/simple_insert_ti_xcom.py
[2024-03-17T12:27:31.258+0000] {logging_mixin.py:188} INFO - [2024-03-17T12:27:31.258+0000] {dag.py:3047} INFO - Sync 1 DAGs
[2024-03-17T12:27:31.299+0000] {logging_mixin.py:188} INFO - [2024-03-17T12:27:31.299+0000] {dag.py:3834} INFO - Setting next_dagrun for movie_night_xcom to None, run_after=None
[2024-03-17T12:27:31.328+0000] {processor.py:183} INFO - Processing /opt/airflow/dags/simple_insert_ti_xcom.py took 0.157 seconds
[2024-03-17T12:28:01.872+0000] {processor.py:161} INFO - Started process (PID=1859) to work on /opt/airflow/dags/simple_insert_ti_xcom.py
[2024-03-17T12:28:01.873+0000] {processor.py:830} INFO - Processing file /opt/airflow/dags/simple_insert_ti_xcom.py for tasks to queue
[2024-03-17T12:28:01.875+0000] {logging_mixin.py:188} INFO - [2024-03-17T12:28:01.875+0000] {dagbag.py:540} INFO - Filling up the DagBag from /opt/airflow/dags/simple_insert_ti_xcom.py
[2024-03-17T12:28:01.924+0000] {processor.py:840} INFO - DAG(s) 'movie_night_xcom' retrieved from /opt/airflow/dags/simple_insert_ti_xcom.py
[2024-03-17T12:28:01.970+0000] {logging_mixin.py:188} INFO - [2024-03-17T12:28:01.970+0000] {dag.py:3047} INFO - Sync 1 DAGs
[2024-03-17T12:28:02.009+0000] {logging_mixin.py:188} INFO - [2024-03-17T12:28:02.009+0000] {dag.py:3834} INFO - Setting next_dagrun for movie_night_xcom to None, run_after=None
[2024-03-17T12:28:02.038+0000] {processor.py:183} INFO - Processing /opt/airflow/dags/simple_insert_ti_xcom.py took 0.171 seconds
[2024-03-17T12:28:32.616+0000] {processor.py:161} INFO - Started process (PID=1868) to work on /opt/airflow/dags/simple_insert_ti_xcom.py
[2024-03-17T12:28:32.618+0000] {processor.py:830} INFO - Processing file /opt/airflow/dags/simple_insert_ti_xcom.py for tasks to queue
[2024-03-17T12:28:32.619+0000] {logging_mixin.py:188} INFO - [2024-03-17T12:28:32.619+0000] {dagbag.py:540} INFO - Filling up the DagBag from /opt/airflow/dags/simple_insert_ti_xcom.py
[2024-03-17T12:28:32.662+0000] {processor.py:840} INFO - DAG(s) 'movie_night_xcom' retrieved from /opt/airflow/dags/simple_insert_ti_xcom.py
[2024-03-17T12:28:32.723+0000] {logging_mixin.py:188} INFO - [2024-03-17T12:28:32.722+0000] {dag.py:3047} INFO - Sync 1 DAGs
[2024-03-17T12:28:32.785+0000] {logging_mixin.py:188} INFO - [2024-03-17T12:28:32.785+0000] {dag.py:3834} INFO - Setting next_dagrun for movie_night_xcom to None, run_after=None
[2024-03-17T12:28:32.961+0000] {processor.py:183} INFO - Processing /opt/airflow/dags/simple_insert_ti_xcom.py took 0.351 seconds
[2024-03-17T12:29:03.615+0000] {processor.py:161} INFO - Started process (PID=1876) to work on /opt/airflow/dags/simple_insert_ti_xcom.py
[2024-03-17T12:29:03.616+0000] {processor.py:830} INFO - Processing file /opt/airflow/dags/simple_insert_ti_xcom.py for tasks to queue
[2024-03-17T12:29:03.618+0000] {logging_mixin.py:188} INFO - [2024-03-17T12:29:03.617+0000] {dagbag.py:540} INFO - Filling up the DagBag from /opt/airflow/dags/simple_insert_ti_xcom.py
[2024-03-17T12:29:03.661+0000] {processor.py:840} INFO - DAG(s) 'movie_night_xcom' retrieved from /opt/airflow/dags/simple_insert_ti_xcom.py
[2024-03-17T12:29:03.699+0000] {logging_mixin.py:188} INFO - [2024-03-17T12:29:03.698+0000] {dag.py:3047} INFO - Sync 1 DAGs
[2024-03-17T12:29:03.744+0000] {logging_mixin.py:188} INFO - [2024-03-17T12:29:03.744+0000] {dag.py:3834} INFO - Setting next_dagrun for movie_night_xcom to None, run_after=None
[2024-03-17T12:29:03.788+0000] {processor.py:183} INFO - Processing /opt/airflow/dags/simple_insert_ti_xcom.py took 0.178 seconds
[2024-03-17T12:29:15.018+0000] {processor.py:161} INFO - Started process (PID=1878) to work on /opt/airflow/dags/simple_insert_ti_xcom.py
[2024-03-17T12:29:15.021+0000] {processor.py:830} INFO - Processing file /opt/airflow/dags/simple_insert_ti_xcom.py for tasks to queue
[2024-03-17T12:29:15.024+0000] {logging_mixin.py:188} INFO - [2024-03-17T12:29:15.024+0000] {dagbag.py:540} INFO - Filling up the DagBag from /opt/airflow/dags/simple_insert_ti_xcom.py
[2024-03-17T12:29:15.112+0000] {processor.py:840} INFO - DAG(s) 'movie_night_xcom' retrieved from /opt/airflow/dags/simple_insert_ti_xcom.py
[2024-03-17T12:29:15.195+0000] {logging_mixin.py:188} INFO - [2024-03-17T12:29:15.194+0000] {dag.py:3047} INFO - Sync 1 DAGs
[2024-03-17T12:29:15.245+0000] {logging_mixin.py:188} INFO - [2024-03-17T12:29:15.244+0000] {dag.py:3834} INFO - Setting next_dagrun for movie_night_xcom to None, run_after=None
[2024-03-17T12:29:15.334+0000] {processor.py:183} INFO - Processing /opt/airflow/dags/simple_insert_ti_xcom.py took 0.323 seconds
[2024-03-17T12:29:45.733+0000] {processor.py:161} INFO - Started process (PID=1887) to work on /opt/airflow/dags/simple_insert_ti_xcom.py
[2024-03-17T12:29:45.735+0000] {processor.py:830} INFO - Processing file /opt/airflow/dags/simple_insert_ti_xcom.py for tasks to queue
[2024-03-17T12:29:45.736+0000] {logging_mixin.py:188} INFO - [2024-03-17T12:29:45.736+0000] {dagbag.py:540} INFO - Filling up the DagBag from /opt/airflow/dags/simple_insert_ti_xcom.py
[2024-03-17T12:29:45.780+0000] {processor.py:840} INFO - DAG(s) 'movie_night_xcom' retrieved from /opt/airflow/dags/simple_insert_ti_xcom.py
[2024-03-17T12:29:45.817+0000] {logging_mixin.py:188} INFO - [2024-03-17T12:29:45.817+0000] {dag.py:3047} INFO - Sync 1 DAGs
[2024-03-17T12:29:45.852+0000] {logging_mixin.py:188} INFO - [2024-03-17T12:29:45.851+0000] {dag.py:3834} INFO - Setting next_dagrun for movie_night_xcom to None, run_after=None
[2024-03-17T12:29:45.885+0000] {processor.py:183} INFO - Processing /opt/airflow/dags/simple_insert_ti_xcom.py took 0.156 seconds
[2024-03-17T12:30:16.360+0000] {processor.py:161} INFO - Started process (PID=1896) to work on /opt/airflow/dags/simple_insert_ti_xcom.py
[2024-03-17T12:30:16.363+0000] {processor.py:830} INFO - Processing file /opt/airflow/dags/simple_insert_ti_xcom.py for tasks to queue
[2024-03-17T12:30:16.364+0000] {logging_mixin.py:188} INFO - [2024-03-17T12:30:16.364+0000] {dagbag.py:540} INFO - Filling up the DagBag from /opt/airflow/dags/simple_insert_ti_xcom.py
[2024-03-17T12:30:16.410+0000] {processor.py:840} INFO - DAG(s) 'movie_night_xcom' retrieved from /opt/airflow/dags/simple_insert_ti_xcom.py
[2024-03-17T12:30:16.453+0000] {logging_mixin.py:188} INFO - [2024-03-17T12:30:16.452+0000] {dag.py:3047} INFO - Sync 1 DAGs
[2024-03-17T12:30:16.489+0000] {logging_mixin.py:188} INFO - [2024-03-17T12:30:16.489+0000] {dag.py:3834} INFO - Setting next_dagrun for movie_night_xcom to None, run_after=None
[2024-03-17T12:30:16.525+0000] {processor.py:183} INFO - Processing /opt/airflow/dags/simple_insert_ti_xcom.py took 0.172 seconds
[2024-03-17T12:30:46.645+0000] {processor.py:161} INFO - Started process (PID=1905) to work on /opt/airflow/dags/simple_insert_ti_xcom.py
[2024-03-17T12:30:46.647+0000] {processor.py:830} INFO - Processing file /opt/airflow/dags/simple_insert_ti_xcom.py for tasks to queue
[2024-03-17T12:30:46.649+0000] {logging_mixin.py:188} INFO - [2024-03-17T12:30:46.649+0000] {dagbag.py:540} INFO - Filling up the DagBag from /opt/airflow/dags/simple_insert_ti_xcom.py
[2024-03-17T12:30:46.703+0000] {processor.py:840} INFO - DAG(s) 'movie_night_xcom' retrieved from /opt/airflow/dags/simple_insert_ti_xcom.py
[2024-03-17T12:30:46.748+0000] {logging_mixin.py:188} INFO - [2024-03-17T12:30:46.748+0000] {dag.py:3047} INFO - Sync 1 DAGs
[2024-03-17T12:30:46.785+0000] {logging_mixin.py:188} INFO - [2024-03-17T12:30:46.784+0000] {dag.py:3834} INFO - Setting next_dagrun for movie_night_xcom to None, run_after=None
[2024-03-17T12:30:46.817+0000] {processor.py:183} INFO - Processing /opt/airflow/dags/simple_insert_ti_xcom.py took 0.177 seconds
[2024-03-17T12:31:17.636+0000] {processor.py:161} INFO - Started process (PID=1914) to work on /opt/airflow/dags/simple_insert_ti_xcom.py
[2024-03-17T12:31:17.638+0000] {processor.py:830} INFO - Processing file /opt/airflow/dags/simple_insert_ti_xcom.py for tasks to queue
[2024-03-17T12:31:17.641+0000] {logging_mixin.py:188} INFO - [2024-03-17T12:31:17.639+0000] {dagbag.py:540} INFO - Filling up the DagBag from /opt/airflow/dags/simple_insert_ti_xcom.py
[2024-03-17T12:31:17.747+0000] {processor.py:840} INFO - DAG(s) 'movie_night_xcom' retrieved from /opt/airflow/dags/simple_insert_ti_xcom.py
[2024-03-17T12:31:17.833+0000] {logging_mixin.py:188} INFO - [2024-03-17T12:31:17.832+0000] {dag.py:3047} INFO - Sync 1 DAGs
[2024-03-17T12:31:17.884+0000] {logging_mixin.py:188} INFO - [2024-03-17T12:31:17.883+0000] {dag.py:3834} INFO - Setting next_dagrun for movie_night_xcom to None, run_after=None
[2024-03-17T12:31:17.967+0000] {processor.py:183} INFO - Processing /opt/airflow/dags/simple_insert_ti_xcom.py took 0.338 seconds
[2024-03-17T12:31:48.408+0000] {processor.py:161} INFO - Started process (PID=1923) to work on /opt/airflow/dags/simple_insert_ti_xcom.py
[2024-03-17T12:31:48.410+0000] {processor.py:830} INFO - Processing file /opt/airflow/dags/simple_insert_ti_xcom.py for tasks to queue
[2024-03-17T12:31:48.412+0000] {logging_mixin.py:188} INFO - [2024-03-17T12:31:48.411+0000] {dagbag.py:540} INFO - Filling up the DagBag from /opt/airflow/dags/simple_insert_ti_xcom.py
[2024-03-17T12:31:48.504+0000] {processor.py:840} INFO - DAG(s) 'movie_night_xcom' retrieved from /opt/airflow/dags/simple_insert_ti_xcom.py
[2024-03-17T12:31:48.555+0000] {logging_mixin.py:188} INFO - [2024-03-17T12:31:48.555+0000] {dag.py:3047} INFO - Sync 1 DAGs
[2024-03-17T12:31:48.605+0000] {logging_mixin.py:188} INFO - [2024-03-17T12:31:48.605+0000] {dag.py:3834} INFO - Setting next_dagrun for movie_night_xcom to None, run_after=None
[2024-03-17T12:31:48.641+0000] {processor.py:183} INFO - Processing /opt/airflow/dags/simple_insert_ti_xcom.py took 0.240 seconds
[2024-03-17T12:32:19.028+0000] {processor.py:161} INFO - Started process (PID=1932) to work on /opt/airflow/dags/simple_insert_ti_xcom.py
[2024-03-17T12:32:19.030+0000] {processor.py:830} INFO - Processing file /opt/airflow/dags/simple_insert_ti_xcom.py for tasks to queue
[2024-03-17T12:32:19.032+0000] {logging_mixin.py:188} INFO - [2024-03-17T12:32:19.031+0000] {dagbag.py:540} INFO - Filling up the DagBag from /opt/airflow/dags/simple_insert_ti_xcom.py
[2024-03-17T12:32:19.073+0000] {processor.py:840} INFO - DAG(s) 'movie_night_xcom' retrieved from /opt/airflow/dags/simple_insert_ti_xcom.py
[2024-03-17T12:32:19.108+0000] {logging_mixin.py:188} INFO - [2024-03-17T12:32:19.108+0000] {dag.py:3047} INFO - Sync 1 DAGs
[2024-03-17T12:32:19.137+0000] {logging_mixin.py:188} INFO - [2024-03-17T12:32:19.136+0000] {dag.py:3834} INFO - Setting next_dagrun for movie_night_xcom to None, run_after=None
[2024-03-17T12:32:19.165+0000] {processor.py:183} INFO - Processing /opt/airflow/dags/simple_insert_ti_xcom.py took 0.141 seconds
[2024-03-17T12:32:49.655+0000] {processor.py:161} INFO - Started process (PID=1941) to work on /opt/airflow/dags/simple_insert_ti_xcom.py
[2024-03-17T12:32:49.657+0000] {processor.py:830} INFO - Processing file /opt/airflow/dags/simple_insert_ti_xcom.py for tasks to queue
[2024-03-17T12:32:49.659+0000] {logging_mixin.py:188} INFO - [2024-03-17T12:32:49.659+0000] {dagbag.py:540} INFO - Filling up the DagBag from /opt/airflow/dags/simple_insert_ti_xcom.py
[2024-03-17T12:32:49.703+0000] {processor.py:840} INFO - DAG(s) 'movie_night_xcom' retrieved from /opt/airflow/dags/simple_insert_ti_xcom.py
[2024-03-17T12:32:49.738+0000] {logging_mixin.py:188} INFO - [2024-03-17T12:32:49.737+0000] {dag.py:3047} INFO - Sync 1 DAGs
[2024-03-17T12:32:49.766+0000] {logging_mixin.py:188} INFO - [2024-03-17T12:32:49.766+0000] {dag.py:3834} INFO - Setting next_dagrun for movie_night_xcom to None, run_after=None
[2024-03-17T12:32:49.795+0000] {processor.py:183} INFO - Processing /opt/airflow/dags/simple_insert_ti_xcom.py took 0.145 seconds
[2024-03-17T12:33:20.286+0000] {processor.py:161} INFO - Started process (PID=1950) to work on /opt/airflow/dags/simple_insert_ti_xcom.py
[2024-03-17T12:33:20.288+0000] {processor.py:830} INFO - Processing file /opt/airflow/dags/simple_insert_ti_xcom.py for tasks to queue
[2024-03-17T12:33:20.290+0000] {logging_mixin.py:188} INFO - [2024-03-17T12:33:20.289+0000] {dagbag.py:540} INFO - Filling up the DagBag from /opt/airflow/dags/simple_insert_ti_xcom.py
[2024-03-17T12:33:20.332+0000] {processor.py:840} INFO - DAG(s) 'movie_night_xcom' retrieved from /opt/airflow/dags/simple_insert_ti_xcom.py
[2024-03-17T12:33:20.367+0000] {logging_mixin.py:188} INFO - [2024-03-17T12:33:20.367+0000] {dag.py:3047} INFO - Sync 1 DAGs
[2024-03-17T12:33:20.396+0000] {logging_mixin.py:188} INFO - [2024-03-17T12:33:20.395+0000] {dag.py:3834} INFO - Setting next_dagrun for movie_night_xcom to None, run_after=None
[2024-03-17T12:33:20.438+0000] {processor.py:183} INFO - Processing /opt/airflow/dags/simple_insert_ti_xcom.py took 0.155 seconds
[2024-03-17T12:33:50.908+0000] {processor.py:161} INFO - Started process (PID=1959) to work on /opt/airflow/dags/simple_insert_ti_xcom.py
[2024-03-17T12:33:50.910+0000] {processor.py:830} INFO - Processing file /opt/airflow/dags/simple_insert_ti_xcom.py for tasks to queue
[2024-03-17T12:33:50.911+0000] {logging_mixin.py:188} INFO - [2024-03-17T12:33:50.911+0000] {dagbag.py:540} INFO - Filling up the DagBag from /opt/airflow/dags/simple_insert_ti_xcom.py
[2024-03-17T12:33:50.976+0000] {processor.py:840} INFO - DAG(s) 'movie_night_xcom' retrieved from /opt/airflow/dags/simple_insert_ti_xcom.py
[2024-03-17T12:33:51.019+0000] {logging_mixin.py:188} INFO - [2024-03-17T12:33:51.019+0000] {dag.py:3047} INFO - Sync 1 DAGs
[2024-03-17T12:33:51.060+0000] {logging_mixin.py:188} INFO - [2024-03-17T12:33:51.060+0000] {dag.py:3834} INFO - Setting next_dagrun for movie_night_xcom to None, run_after=None
[2024-03-17T12:33:51.098+0000] {processor.py:183} INFO - Processing /opt/airflow/dags/simple_insert_ti_xcom.py took 0.194 seconds
[2024-03-17T12:34:21.723+0000] {processor.py:161} INFO - Started process (PID=1968) to work on /opt/airflow/dags/simple_insert_ti_xcom.py
[2024-03-17T12:34:21.725+0000] {processor.py:830} INFO - Processing file /opt/airflow/dags/simple_insert_ti_xcom.py for tasks to queue
[2024-03-17T12:34:21.726+0000] {logging_mixin.py:188} INFO - [2024-03-17T12:34:21.726+0000] {dagbag.py:540} INFO - Filling up the DagBag from /opt/airflow/dags/simple_insert_ti_xcom.py
[2024-03-17T12:34:21.768+0000] {processor.py:840} INFO - DAG(s) 'movie_night_xcom' retrieved from /opt/airflow/dags/simple_insert_ti_xcom.py
[2024-03-17T12:34:21.806+0000] {logging_mixin.py:188} INFO - [2024-03-17T12:34:21.806+0000] {dag.py:3047} INFO - Sync 1 DAGs
[2024-03-17T12:34:21.840+0000] {logging_mixin.py:188} INFO - [2024-03-17T12:34:21.840+0000] {dag.py:3834} INFO - Setting next_dagrun for movie_night_xcom to None, run_after=None
[2024-03-17T12:34:21.871+0000] {processor.py:183} INFO - Processing /opt/airflow/dags/simple_insert_ti_xcom.py took 0.153 seconds
[2024-03-17T12:34:48.384+0000] {processor.py:161} INFO - Started process (PID=1977) to work on /opt/airflow/dags/simple_insert_ti_xcom.py
[2024-03-17T12:34:48.396+0000] {processor.py:830} INFO - Processing file /opt/airflow/dags/simple_insert_ti_xcom.py for tasks to queue
[2024-03-17T12:34:48.399+0000] {logging_mixin.py:188} INFO - [2024-03-17T12:34:48.399+0000] {dagbag.py:540} INFO - Filling up the DagBag from /opt/airflow/dags/simple_insert_ti_xcom.py
[2024-03-17T12:34:48.531+0000] {processor.py:840} INFO - DAG(s) 'movie_night_xcom' retrieved from /opt/airflow/dags/simple_insert_ti_xcom.py
[2024-03-17T12:34:48.600+0000] {logging_mixin.py:188} INFO - [2024-03-17T12:34:48.600+0000] {dag.py:3047} INFO - Sync 1 DAGs
[2024-03-17T12:34:48.644+0000] {logging_mixin.py:188} INFO - [2024-03-17T12:34:48.643+0000] {dag.py:3834} INFO - Setting next_dagrun for movie_night_xcom to None, run_after=None
[2024-03-17T12:34:48.716+0000] {processor.py:183} INFO - Processing /opt/airflow/dags/simple_insert_ti_xcom.py took 0.344 seconds
[2024-03-17T12:35:19.066+0000] {processor.py:161} INFO - Started process (PID=1985) to work on /opt/airflow/dags/simple_insert_ti_xcom.py
[2024-03-17T12:35:19.069+0000] {processor.py:830} INFO - Processing file /opt/airflow/dags/simple_insert_ti_xcom.py for tasks to queue
[2024-03-17T12:35:19.071+0000] {logging_mixin.py:188} INFO - [2024-03-17T12:35:19.070+0000] {dagbag.py:540} INFO - Filling up the DagBag from /opt/airflow/dags/simple_insert_ti_xcom.py
[2024-03-17T12:35:19.137+0000] {processor.py:840} INFO - DAG(s) 'movie_night_xcom' retrieved from /opt/airflow/dags/simple_insert_ti_xcom.py
[2024-03-17T12:35:19.200+0000] {logging_mixin.py:188} INFO - [2024-03-17T12:35:19.199+0000] {dag.py:3047} INFO - Sync 1 DAGs
[2024-03-17T12:35:19.252+0000] {logging_mixin.py:188} INFO - [2024-03-17T12:35:19.252+0000] {dag.py:3834} INFO - Setting next_dagrun for movie_night_xcom to None, run_after=None
[2024-03-17T12:35:19.294+0000] {processor.py:183} INFO - Processing /opt/airflow/dags/simple_insert_ti_xcom.py took 0.234 seconds
[2024-03-17T12:35:49.652+0000] {processor.py:161} INFO - Started process (PID=1994) to work on /opt/airflow/dags/simple_insert_ti_xcom.py
[2024-03-17T12:35:49.653+0000] {processor.py:830} INFO - Processing file /opt/airflow/dags/simple_insert_ti_xcom.py for tasks to queue
[2024-03-17T12:35:49.655+0000] {logging_mixin.py:188} INFO - [2024-03-17T12:35:49.655+0000] {dagbag.py:540} INFO - Filling up the DagBag from /opt/airflow/dags/simple_insert_ti_xcom.py
[2024-03-17T12:35:49.698+0000] {processor.py:840} INFO - DAG(s) 'movie_night_xcom' retrieved from /opt/airflow/dags/simple_insert_ti_xcom.py
[2024-03-17T12:35:49.740+0000] {logging_mixin.py:188} INFO - [2024-03-17T12:35:49.740+0000] {dag.py:3047} INFO - Sync 1 DAGs
[2024-03-17T12:35:49.793+0000] {logging_mixin.py:188} INFO - [2024-03-17T12:35:49.793+0000] {dag.py:3834} INFO - Setting next_dagrun for movie_night_xcom to None, run_after=None
[2024-03-17T12:35:49.832+0000] {processor.py:183} INFO - Processing /opt/airflow/dags/simple_insert_ti_xcom.py took 0.184 seconds
[2024-03-17T12:36:20.305+0000] {processor.py:161} INFO - Started process (PID=2002) to work on /opt/airflow/dags/simple_insert_ti_xcom.py
[2024-03-17T12:36:20.307+0000] {processor.py:830} INFO - Processing file /opt/airflow/dags/simple_insert_ti_xcom.py for tasks to queue
[2024-03-17T12:36:20.309+0000] {logging_mixin.py:188} INFO - [2024-03-17T12:36:20.309+0000] {dagbag.py:540} INFO - Filling up the DagBag from /opt/airflow/dags/simple_insert_ti_xcom.py
[2024-03-17T12:36:20.358+0000] {processor.py:840} INFO - DAG(s) 'movie_night_xcom' retrieved from /opt/airflow/dags/simple_insert_ti_xcom.py
[2024-03-17T12:36:20.425+0000] {logging_mixin.py:188} INFO - [2024-03-17T12:36:20.424+0000] {dag.py:3047} INFO - Sync 1 DAGs
[2024-03-17T12:36:20.462+0000] {logging_mixin.py:188} INFO - [2024-03-17T12:36:20.462+0000] {dag.py:3834} INFO - Setting next_dagrun for movie_night_xcom to None, run_after=None
[2024-03-17T12:36:20.491+0000] {processor.py:183} INFO - Processing /opt/airflow/dags/simple_insert_ti_xcom.py took 0.194 seconds
[2024-03-17T12:36:51.043+0000] {processor.py:161} INFO - Started process (PID=2011) to work on /opt/airflow/dags/simple_insert_ti_xcom.py
[2024-03-17T12:36:51.045+0000] {processor.py:830} INFO - Processing file /opt/airflow/dags/simple_insert_ti_xcom.py for tasks to queue
[2024-03-17T12:36:51.047+0000] {logging_mixin.py:188} INFO - [2024-03-17T12:36:51.046+0000] {dagbag.py:540} INFO - Filling up the DagBag from /opt/airflow/dags/simple_insert_ti_xcom.py
[2024-03-17T12:36:51.098+0000] {processor.py:840} INFO - DAG(s) 'movie_night_xcom' retrieved from /opt/airflow/dags/simple_insert_ti_xcom.py
[2024-03-17T12:36:51.143+0000] {logging_mixin.py:188} INFO - [2024-03-17T12:36:51.143+0000] {dag.py:3047} INFO - Sync 1 DAGs
[2024-03-17T12:36:51.187+0000] {logging_mixin.py:188} INFO - [2024-03-17T12:36:51.187+0000] {dag.py:3834} INFO - Setting next_dagrun for movie_night_xcom to None, run_after=None
[2024-03-17T12:36:51.225+0000] {processor.py:183} INFO - Processing /opt/airflow/dags/simple_insert_ti_xcom.py took 0.187 seconds
[2024-03-17T12:37:21.303+0000] {processor.py:161} INFO - Started process (PID=2020) to work on /opt/airflow/dags/simple_insert_ti_xcom.py
[2024-03-17T12:37:21.305+0000] {processor.py:830} INFO - Processing file /opt/airflow/dags/simple_insert_ti_xcom.py for tasks to queue
[2024-03-17T12:37:21.307+0000] {logging_mixin.py:188} INFO - [2024-03-17T12:37:21.306+0000] {dagbag.py:540} INFO - Filling up the DagBag from /opt/airflow/dags/simple_insert_ti_xcom.py
[2024-03-17T12:37:21.358+0000] {processor.py:840} INFO - DAG(s) 'movie_night_xcom' retrieved from /opt/airflow/dags/simple_insert_ti_xcom.py
[2024-03-17T12:37:21.402+0000] {logging_mixin.py:188} INFO - [2024-03-17T12:37:21.402+0000] {dag.py:3047} INFO - Sync 1 DAGs
[2024-03-17T12:37:21.451+0000] {logging_mixin.py:188} INFO - [2024-03-17T12:37:21.451+0000] {dag.py:3834} INFO - Setting next_dagrun for movie_night_xcom to None, run_after=None
[2024-03-17T12:37:21.486+0000] {processor.py:183} INFO - Processing /opt/airflow/dags/simple_insert_ti_xcom.py took 0.188 seconds
[2024-03-17T12:37:52.298+0000] {processor.py:161} INFO - Started process (PID=2028) to work on /opt/airflow/dags/simple_insert_ti_xcom.py
[2024-03-17T12:37:52.300+0000] {processor.py:830} INFO - Processing file /opt/airflow/dags/simple_insert_ti_xcom.py for tasks to queue
[2024-03-17T12:37:52.302+0000] {logging_mixin.py:188} INFO - [2024-03-17T12:37:52.301+0000] {dagbag.py:540} INFO - Filling up the DagBag from /opt/airflow/dags/simple_insert_ti_xcom.py
[2024-03-17T12:37:52.378+0000] {processor.py:840} INFO - DAG(s) 'movie_night_xcom' retrieved from /opt/airflow/dags/simple_insert_ti_xcom.py
[2024-03-17T12:37:52.466+0000] {logging_mixin.py:188} INFO - [2024-03-17T12:37:52.455+0000] {dag.py:3047} INFO - Sync 1 DAGs
[2024-03-17T12:37:52.549+0000] {logging_mixin.py:188} INFO - [2024-03-17T12:37:52.549+0000] {dag.py:3834} INFO - Setting next_dagrun for movie_night_xcom to None, run_after=None
[2024-03-17T12:37:52.585+0000] {processor.py:183} INFO - Processing /opt/airflow/dags/simple_insert_ti_xcom.py took 0.292 seconds
[2024-03-17T12:38:23.172+0000] {processor.py:161} INFO - Started process (PID=2038) to work on /opt/airflow/dags/simple_insert_ti_xcom.py
[2024-03-17T12:38:23.174+0000] {processor.py:830} INFO - Processing file /opt/airflow/dags/simple_insert_ti_xcom.py for tasks to queue
[2024-03-17T12:38:23.176+0000] {logging_mixin.py:188} INFO - [2024-03-17T12:38:23.175+0000] {dagbag.py:540} INFO - Filling up the DagBag from /opt/airflow/dags/simple_insert_ti_xcom.py
[2024-03-17T12:38:23.243+0000] {processor.py:840} INFO - DAG(s) 'movie_night_xcom' retrieved from /opt/airflow/dags/simple_insert_ti_xcom.py
[2024-03-17T12:38:23.300+0000] {logging_mixin.py:188} INFO - [2024-03-17T12:38:23.300+0000] {dag.py:3047} INFO - Sync 1 DAGs
[2024-03-17T12:38:23.369+0000] {logging_mixin.py:188} INFO - [2024-03-17T12:38:23.368+0000] {dag.py:3834} INFO - Setting next_dagrun for movie_night_xcom to None, run_after=None
[2024-03-17T12:38:23.415+0000] {processor.py:183} INFO - Processing /opt/airflow/dags/simple_insert_ti_xcom.py took 0.249 seconds
[2024-03-17T12:38:53.581+0000] {processor.py:161} INFO - Started process (PID=2048) to work on /opt/airflow/dags/simple_insert_ti_xcom.py
[2024-03-17T12:38:53.583+0000] {processor.py:830} INFO - Processing file /opt/airflow/dags/simple_insert_ti_xcom.py for tasks to queue
[2024-03-17T12:38:53.585+0000] {logging_mixin.py:188} INFO - [2024-03-17T12:38:53.584+0000] {dagbag.py:540} INFO - Filling up the DagBag from /opt/airflow/dags/simple_insert_ti_xcom.py
[2024-03-17T12:38:53.682+0000] {processor.py:840} INFO - DAG(s) 'movie_night_xcom' retrieved from /opt/airflow/dags/simple_insert_ti_xcom.py
[2024-03-17T12:38:53.838+0000] {logging_mixin.py:188} INFO - [2024-03-17T12:38:53.838+0000] {dag.py:3047} INFO - Sync 1 DAGs
[2024-03-17T12:38:53.943+0000] {logging_mixin.py:188} INFO - [2024-03-17T12:38:53.942+0000] {dag.py:3834} INFO - Setting next_dagrun for movie_night_xcom to None, run_after=None
[2024-03-17T12:38:54.054+0000] {processor.py:183} INFO - Processing /opt/airflow/dags/simple_insert_ti_xcom.py took 0.481 seconds
[2024-03-17T12:39:24.447+0000] {processor.py:161} INFO - Started process (PID=2057) to work on /opt/airflow/dags/simple_insert_ti_xcom.py
[2024-03-17T12:39:24.450+0000] {processor.py:830} INFO - Processing file /opt/airflow/dags/simple_insert_ti_xcom.py for tasks to queue
[2024-03-17T12:39:24.452+0000] {logging_mixin.py:188} INFO - [2024-03-17T12:39:24.452+0000] {dagbag.py:540} INFO - Filling up the DagBag from /opt/airflow/dags/simple_insert_ti_xcom.py
[2024-03-17T12:39:24.523+0000] {processor.py:840} INFO - DAG(s) 'movie_night_xcom' retrieved from /opt/airflow/dags/simple_insert_ti_xcom.py
[2024-03-17T12:39:24.573+0000] {logging_mixin.py:188} INFO - [2024-03-17T12:39:24.572+0000] {dag.py:3047} INFO - Sync 1 DAGs
[2024-03-17T12:39:24.619+0000] {logging_mixin.py:188} INFO - [2024-03-17T12:39:24.619+0000] {dag.py:3834} INFO - Setting next_dagrun for movie_night_xcom to None, run_after=None
[2024-03-17T12:39:24.657+0000] {processor.py:183} INFO - Processing /opt/airflow/dags/simple_insert_ti_xcom.py took 0.220 seconds
[2024-03-17T12:39:55.237+0000] {processor.py:161} INFO - Started process (PID=2066) to work on /opt/airflow/dags/simple_insert_ti_xcom.py
[2024-03-17T12:39:55.239+0000] {processor.py:830} INFO - Processing file /opt/airflow/dags/simple_insert_ti_xcom.py for tasks to queue
[2024-03-17T12:39:55.240+0000] {logging_mixin.py:188} INFO - [2024-03-17T12:39:55.240+0000] {dagbag.py:540} INFO - Filling up the DagBag from /opt/airflow/dags/simple_insert_ti_xcom.py
[2024-03-17T12:39:55.289+0000] {processor.py:840} INFO - DAG(s) 'movie_night_xcom' retrieved from /opt/airflow/dags/simple_insert_ti_xcom.py
[2024-03-17T12:39:55.328+0000] {logging_mixin.py:188} INFO - [2024-03-17T12:39:55.327+0000] {dag.py:3047} INFO - Sync 1 DAGs
[2024-03-17T12:39:55.363+0000] {logging_mixin.py:188} INFO - [2024-03-17T12:39:55.362+0000] {dag.py:3834} INFO - Setting next_dagrun for movie_night_xcom to None, run_after=None
[2024-03-17T12:39:55.393+0000] {processor.py:183} INFO - Processing /opt/airflow/dags/simple_insert_ti_xcom.py took 0.160 seconds
[2024-03-17T12:40:25.824+0000] {processor.py:161} INFO - Started process (PID=2075) to work on /opt/airflow/dags/simple_insert_ti_xcom.py
[2024-03-17T12:40:25.826+0000] {processor.py:830} INFO - Processing file /opt/airflow/dags/simple_insert_ti_xcom.py for tasks to queue
[2024-03-17T12:40:25.828+0000] {logging_mixin.py:188} INFO - [2024-03-17T12:40:25.827+0000] {dagbag.py:540} INFO - Filling up the DagBag from /opt/airflow/dags/simple_insert_ti_xcom.py
[2024-03-17T12:40:25.886+0000] {processor.py:840} INFO - DAG(s) 'movie_night_xcom' retrieved from /opt/airflow/dags/simple_insert_ti_xcom.py
[2024-03-17T12:40:25.942+0000] {logging_mixin.py:188} INFO - [2024-03-17T12:40:25.942+0000] {dag.py:3047} INFO - Sync 1 DAGs
[2024-03-17T12:40:26.002+0000] {logging_mixin.py:188} INFO - [2024-03-17T12:40:26.001+0000] {dag.py:3834} INFO - Setting next_dagrun for movie_night_xcom to None, run_after=None
[2024-03-17T12:40:26.105+0000] {processor.py:183} INFO - Processing /opt/airflow/dags/simple_insert_ti_xcom.py took 0.286 seconds
[2024-03-17T12:40:56.273+0000] {processor.py:161} INFO - Started process (PID=2084) to work on /opt/airflow/dags/simple_insert_ti_xcom.py
[2024-03-17T12:40:56.275+0000] {processor.py:830} INFO - Processing file /opt/airflow/dags/simple_insert_ti_xcom.py for tasks to queue
[2024-03-17T12:40:56.277+0000] {logging_mixin.py:188} INFO - [2024-03-17T12:40:56.276+0000] {dagbag.py:540} INFO - Filling up the DagBag from /opt/airflow/dags/simple_insert_ti_xcom.py
[2024-03-17T12:40:56.324+0000] {processor.py:840} INFO - DAG(s) 'movie_night_xcom' retrieved from /opt/airflow/dags/simple_insert_ti_xcom.py
[2024-03-17T12:40:56.363+0000] {logging_mixin.py:188} INFO - [2024-03-17T12:40:56.363+0000] {dag.py:3047} INFO - Sync 1 DAGs
[2024-03-17T12:40:56.400+0000] {logging_mixin.py:188} INFO - [2024-03-17T12:40:56.399+0000] {dag.py:3834} INFO - Setting next_dagrun for movie_night_xcom to None, run_after=None
[2024-03-17T12:40:56.442+0000] {processor.py:183} INFO - Processing /opt/airflow/dags/simple_insert_ti_xcom.py took 0.174 seconds
[2024-03-17T12:41:26.887+0000] {processor.py:161} INFO - Started process (PID=2093) to work on /opt/airflow/dags/simple_insert_ti_xcom.py
[2024-03-17T12:41:26.888+0000] {processor.py:830} INFO - Processing file /opt/airflow/dags/simple_insert_ti_xcom.py for tasks to queue
[2024-03-17T12:41:26.890+0000] {logging_mixin.py:188} INFO - [2024-03-17T12:41:26.890+0000] {dagbag.py:540} INFO - Filling up the DagBag from /opt/airflow/dags/simple_insert_ti_xcom.py
[2024-03-17T12:41:26.935+0000] {processor.py:840} INFO - DAG(s) 'movie_night_xcom' retrieved from /opt/airflow/dags/simple_insert_ti_xcom.py
[2024-03-17T12:41:26.976+0000] {logging_mixin.py:188} INFO - [2024-03-17T12:41:26.975+0000] {dag.py:3047} INFO - Sync 1 DAGs
[2024-03-17T12:41:27.041+0000] {logging_mixin.py:188} INFO - [2024-03-17T12:41:27.041+0000] {dag.py:3834} INFO - Setting next_dagrun for movie_night_xcom to None, run_after=None
[2024-03-17T12:41:27.078+0000] {processor.py:183} INFO - Processing /opt/airflow/dags/simple_insert_ti_xcom.py took 0.196 seconds
[2024-03-17T12:41:57.341+0000] {processor.py:161} INFO - Started process (PID=2102) to work on /opt/airflow/dags/simple_insert_ti_xcom.py
[2024-03-17T12:41:57.343+0000] {processor.py:830} INFO - Processing file /opt/airflow/dags/simple_insert_ti_xcom.py for tasks to queue
[2024-03-17T12:41:57.345+0000] {logging_mixin.py:188} INFO - [2024-03-17T12:41:57.344+0000] {dagbag.py:540} INFO - Filling up the DagBag from /opt/airflow/dags/simple_insert_ti_xcom.py
[2024-03-17T12:41:57.402+0000] {processor.py:840} INFO - DAG(s) 'movie_night_xcom' retrieved from /opt/airflow/dags/simple_insert_ti_xcom.py
[2024-03-17T12:41:57.468+0000] {logging_mixin.py:188} INFO - [2024-03-17T12:41:57.467+0000] {dag.py:3047} INFO - Sync 1 DAGs
[2024-03-17T12:41:57.521+0000] {logging_mixin.py:188} INFO - [2024-03-17T12:41:57.520+0000] {dag.py:3834} INFO - Setting next_dagrun for movie_night_xcom to None, run_after=None
[2024-03-17T12:41:57.562+0000] {processor.py:183} INFO - Processing /opt/airflow/dags/simple_insert_ti_xcom.py took 0.227 seconds
[2024-03-17T12:42:28.126+0000] {processor.py:161} INFO - Started process (PID=2117) to work on /opt/airflow/dags/simple_insert_ti_xcom.py
[2024-03-17T12:42:28.127+0000] {processor.py:830} INFO - Processing file /opt/airflow/dags/simple_insert_ti_xcom.py for tasks to queue
[2024-03-17T12:42:28.129+0000] {logging_mixin.py:188} INFO - [2024-03-17T12:42:28.128+0000] {dagbag.py:540} INFO - Filling up the DagBag from /opt/airflow/dags/simple_insert_ti_xcom.py
[2024-03-17T12:42:28.174+0000] {processor.py:840} INFO - DAG(s) 'movie_night_xcom' retrieved from /opt/airflow/dags/simple_insert_ti_xcom.py
[2024-03-17T12:42:28.210+0000] {logging_mixin.py:188} INFO - [2024-03-17T12:42:28.210+0000] {dag.py:3047} INFO - Sync 1 DAGs
[2024-03-17T12:42:28.239+0000] {logging_mixin.py:188} INFO - [2024-03-17T12:42:28.238+0000] {dag.py:3834} INFO - Setting next_dagrun for movie_night_xcom to None, run_after=None
[2024-03-17T12:42:28.267+0000] {processor.py:183} INFO - Processing /opt/airflow/dags/simple_insert_ti_xcom.py took 0.146 seconds
[2024-03-17T12:42:58.832+0000] {processor.py:161} INFO - Started process (PID=2126) to work on /opt/airflow/dags/simple_insert_ti_xcom.py
[2024-03-17T12:42:58.834+0000] {processor.py:830} INFO - Processing file /opt/airflow/dags/simple_insert_ti_xcom.py for tasks to queue
[2024-03-17T12:42:58.835+0000] {logging_mixin.py:188} INFO - [2024-03-17T12:42:58.835+0000] {dagbag.py:540} INFO - Filling up the DagBag from /opt/airflow/dags/simple_insert_ti_xcom.py
[2024-03-17T12:42:58.877+0000] {processor.py:840} INFO - DAG(s) 'movie_night_xcom' retrieved from /opt/airflow/dags/simple_insert_ti_xcom.py
[2024-03-17T12:42:58.913+0000] {logging_mixin.py:188} INFO - [2024-03-17T12:42:58.913+0000] {dag.py:3047} INFO - Sync 1 DAGs
[2024-03-17T12:42:58.944+0000] {logging_mixin.py:188} INFO - [2024-03-17T12:42:58.944+0000] {dag.py:3834} INFO - Setting next_dagrun for movie_night_xcom to None, run_after=None
[2024-03-17T12:42:58.974+0000] {processor.py:183} INFO - Processing /opt/airflow/dags/simple_insert_ti_xcom.py took 0.146 seconds
[2024-03-17T12:43:29.460+0000] {processor.py:161} INFO - Started process (PID=2135) to work on /opt/airflow/dags/simple_insert_ti_xcom.py
[2024-03-17T12:43:29.462+0000] {processor.py:830} INFO - Processing file /opt/airflow/dags/simple_insert_ti_xcom.py for tasks to queue
[2024-03-17T12:43:29.464+0000] {logging_mixin.py:188} INFO - [2024-03-17T12:43:29.463+0000] {dagbag.py:540} INFO - Filling up the DagBag from /opt/airflow/dags/simple_insert_ti_xcom.py
[2024-03-17T12:43:29.507+0000] {processor.py:840} INFO - DAG(s) 'movie_night_xcom' retrieved from /opt/airflow/dags/simple_insert_ti_xcom.py
[2024-03-17T12:43:29.546+0000] {logging_mixin.py:188} INFO - [2024-03-17T12:43:29.545+0000] {dag.py:3047} INFO - Sync 1 DAGs
[2024-03-17T12:43:29.580+0000] {logging_mixin.py:188} INFO - [2024-03-17T12:43:29.580+0000] {dag.py:3834} INFO - Setting next_dagrun for movie_night_xcom to None, run_after=None
[2024-03-17T12:43:29.610+0000] {processor.py:183} INFO - Processing /opt/airflow/dags/simple_insert_ti_xcom.py took 0.155 seconds
[2024-03-17T12:44:00.090+0000] {processor.py:161} INFO - Started process (PID=2144) to work on /opt/airflow/dags/simple_insert_ti_xcom.py
[2024-03-17T12:44:00.091+0000] {processor.py:830} INFO - Processing file /opt/airflow/dags/simple_insert_ti_xcom.py for tasks to queue
[2024-03-17T12:44:00.093+0000] {logging_mixin.py:188} INFO - [2024-03-17T12:44:00.092+0000] {dagbag.py:540} INFO - Filling up the DagBag from /opt/airflow/dags/simple_insert_ti_xcom.py
[2024-03-17T12:44:00.135+0000] {processor.py:840} INFO - DAG(s) 'movie_night_xcom' retrieved from /opt/airflow/dags/simple_insert_ti_xcom.py
[2024-03-17T12:44:00.172+0000] {logging_mixin.py:188} INFO - [2024-03-17T12:44:00.171+0000] {dag.py:3047} INFO - Sync 1 DAGs
[2024-03-17T12:44:00.201+0000] {logging_mixin.py:188} INFO - [2024-03-17T12:44:00.201+0000] {dag.py:3834} INFO - Setting next_dagrun for movie_night_xcom to None, run_after=None
[2024-03-17T12:44:00.231+0000] {processor.py:183} INFO - Processing /opt/airflow/dags/simple_insert_ti_xcom.py took 0.146 seconds
[2024-03-17T12:44:30.850+0000] {processor.py:161} INFO - Started process (PID=2153) to work on /opt/airflow/dags/simple_insert_ti_xcom.py
[2024-03-17T12:44:30.851+0000] {processor.py:830} INFO - Processing file /opt/airflow/dags/simple_insert_ti_xcom.py for tasks to queue
[2024-03-17T12:44:30.853+0000] {logging_mixin.py:188} INFO - [2024-03-17T12:44:30.853+0000] {dagbag.py:540} INFO - Filling up the DagBag from /opt/airflow/dags/simple_insert_ti_xcom.py
[2024-03-17T12:44:30.895+0000] {processor.py:840} INFO - DAG(s) 'movie_night_xcom' retrieved from /opt/airflow/dags/simple_insert_ti_xcom.py
[2024-03-17T12:44:30.932+0000] {logging_mixin.py:188} INFO - [2024-03-17T12:44:30.932+0000] {dag.py:3047} INFO - Sync 1 DAGs
[2024-03-17T12:44:30.961+0000] {logging_mixin.py:188} INFO - [2024-03-17T12:44:30.960+0000] {dag.py:3834} INFO - Setting next_dagrun for movie_night_xcom to None, run_after=None
[2024-03-17T12:44:30.991+0000] {processor.py:183} INFO - Processing /opt/airflow/dags/simple_insert_ti_xcom.py took 0.147 seconds
[2024-03-17T12:45:01.541+0000] {processor.py:161} INFO - Started process (PID=2162) to work on /opt/airflow/dags/simple_insert_ti_xcom.py
[2024-03-17T12:45:01.543+0000] {processor.py:830} INFO - Processing file /opt/airflow/dags/simple_insert_ti_xcom.py for tasks to queue
[2024-03-17T12:45:01.545+0000] {logging_mixin.py:188} INFO - [2024-03-17T12:45:01.544+0000] {dagbag.py:540} INFO - Filling up the DagBag from /opt/airflow/dags/simple_insert_ti_xcom.py
[2024-03-17T12:45:01.596+0000] {processor.py:840} INFO - DAG(s) 'movie_night_xcom' retrieved from /opt/airflow/dags/simple_insert_ti_xcom.py
[2024-03-17T12:45:01.634+0000] {logging_mixin.py:188} INFO - [2024-03-17T12:45:01.634+0000] {dag.py:3047} INFO - Sync 1 DAGs
[2024-03-17T12:45:01.665+0000] {logging_mixin.py:188} INFO - [2024-03-17T12:45:01.664+0000] {dag.py:3834} INFO - Setting next_dagrun for movie_night_xcom to None, run_after=None
[2024-03-17T12:45:01.696+0000] {processor.py:183} INFO - Processing /opt/airflow/dags/simple_insert_ti_xcom.py took 0.160 seconds
[2024-03-17T12:45:32.198+0000] {processor.py:161} INFO - Started process (PID=2171) to work on /opt/airflow/dags/simple_insert_ti_xcom.py
[2024-03-17T12:45:32.200+0000] {processor.py:830} INFO - Processing file /opt/airflow/dags/simple_insert_ti_xcom.py for tasks to queue
[2024-03-17T12:45:32.202+0000] {logging_mixin.py:188} INFO - [2024-03-17T12:45:32.201+0000] {dagbag.py:540} INFO - Filling up the DagBag from /opt/airflow/dags/simple_insert_ti_xcom.py
[2024-03-17T12:45:32.257+0000] {processor.py:840} INFO - DAG(s) 'movie_night_xcom' retrieved from /opt/airflow/dags/simple_insert_ti_xcom.py
[2024-03-17T12:45:32.298+0000] {logging_mixin.py:188} INFO - [2024-03-17T12:45:32.297+0000] {dag.py:3047} INFO - Sync 1 DAGs
[2024-03-17T12:45:32.333+0000] {logging_mixin.py:188} INFO - [2024-03-17T12:45:32.333+0000] {dag.py:3834} INFO - Setting next_dagrun for movie_night_xcom to None, run_after=None
[2024-03-17T12:45:32.372+0000] {processor.py:183} INFO - Processing /opt/airflow/dags/simple_insert_ti_xcom.py took 0.180 seconds
[2024-03-17T12:46:02.481+0000] {processor.py:161} INFO - Started process (PID=2180) to work on /opt/airflow/dags/simple_insert_ti_xcom.py
[2024-03-17T12:46:02.483+0000] {processor.py:830} INFO - Processing file /opt/airflow/dags/simple_insert_ti_xcom.py for tasks to queue
[2024-03-17T12:46:02.486+0000] {logging_mixin.py:188} INFO - [2024-03-17T12:46:02.485+0000] {dagbag.py:540} INFO - Filling up the DagBag from /opt/airflow/dags/simple_insert_ti_xcom.py
[2024-03-17T12:46:02.557+0000] {processor.py:840} INFO - DAG(s) 'movie_night_xcom' retrieved from /opt/airflow/dags/simple_insert_ti_xcom.py
[2024-03-17T12:46:02.628+0000] {logging_mixin.py:188} INFO - [2024-03-17T12:46:02.627+0000] {dag.py:3047} INFO - Sync 1 DAGs
[2024-03-17T12:46:02.681+0000] {logging_mixin.py:188} INFO - [2024-03-17T12:46:02.681+0000] {dag.py:3834} INFO - Setting next_dagrun for movie_night_xcom to None, run_after=None
[2024-03-17T12:46:02.726+0000] {processor.py:183} INFO - Processing /opt/airflow/dags/simple_insert_ti_xcom.py took 0.252 seconds
[2024-03-17T12:46:33.529+0000] {processor.py:161} INFO - Started process (PID=2189) to work on /opt/airflow/dags/simple_insert_ti_xcom.py
[2024-03-17T12:46:33.534+0000] {processor.py:830} INFO - Processing file /opt/airflow/dags/simple_insert_ti_xcom.py for tasks to queue
[2024-03-17T12:46:33.537+0000] {logging_mixin.py:188} INFO - [2024-03-17T12:46:33.536+0000] {dagbag.py:540} INFO - Filling up the DagBag from /opt/airflow/dags/simple_insert_ti_xcom.py
[2024-03-17T12:46:33.637+0000] {processor.py:840} INFO - DAG(s) 'movie_night_xcom' retrieved from /opt/airflow/dags/simple_insert_ti_xcom.py
[2024-03-17T12:46:33.709+0000] {logging_mixin.py:188} INFO - [2024-03-17T12:46:33.708+0000] {dag.py:3047} INFO - Sync 1 DAGs
[2024-03-17T12:46:33.767+0000] {logging_mixin.py:188} INFO - [2024-03-17T12:46:33.767+0000] {dag.py:3834} INFO - Setting next_dagrun for movie_night_xcom to None, run_after=None
[2024-03-17T12:46:33.799+0000] {processor.py:183} INFO - Processing /opt/airflow/dags/simple_insert_ti_xcom.py took 0.287 seconds
[2024-03-17T12:47:04.245+0000] {processor.py:161} INFO - Started process (PID=2198) to work on /opt/airflow/dags/simple_insert_ti_xcom.py
[2024-03-17T12:47:04.247+0000] {processor.py:830} INFO - Processing file /opt/airflow/dags/simple_insert_ti_xcom.py for tasks to queue
[2024-03-17T12:47:04.249+0000] {logging_mixin.py:188} INFO - [2024-03-17T12:47:04.248+0000] {dagbag.py:540} INFO - Filling up the DagBag from /opt/airflow/dags/simple_insert_ti_xcom.py
[2024-03-17T12:47:04.300+0000] {processor.py:840} INFO - DAG(s) 'movie_night_xcom' retrieved from /opt/airflow/dags/simple_insert_ti_xcom.py
[2024-03-17T12:47:04.369+0000] {logging_mixin.py:188} INFO - [2024-03-17T12:47:04.368+0000] {dag.py:3047} INFO - Sync 1 DAGs
[2024-03-17T12:47:04.407+0000] {logging_mixin.py:188} INFO - [2024-03-17T12:47:04.407+0000] {dag.py:3834} INFO - Setting next_dagrun for movie_night_xcom to None, run_after=None
[2024-03-17T12:47:04.453+0000] {processor.py:183} INFO - Processing /opt/airflow/dags/simple_insert_ti_xcom.py took 0.214 seconds
[2024-03-17T12:47:34.977+0000] {processor.py:161} INFO - Started process (PID=2206) to work on /opt/airflow/dags/simple_insert_ti_xcom.py
[2024-03-17T12:47:34.979+0000] {processor.py:830} INFO - Processing file /opt/airflow/dags/simple_insert_ti_xcom.py for tasks to queue
[2024-03-17T12:47:34.980+0000] {logging_mixin.py:188} INFO - [2024-03-17T12:47:34.980+0000] {dagbag.py:540} INFO - Filling up the DagBag from /opt/airflow/dags/simple_insert_ti_xcom.py
[2024-03-17T12:47:35.026+0000] {processor.py:840} INFO - DAG(s) 'movie_night_xcom' retrieved from /opt/airflow/dags/simple_insert_ti_xcom.py
[2024-03-17T12:47:35.077+0000] {logging_mixin.py:188} INFO - [2024-03-17T12:47:35.077+0000] {dag.py:3047} INFO - Sync 1 DAGs
[2024-03-17T12:47:35.114+0000] {logging_mixin.py:188} INFO - [2024-03-17T12:47:35.113+0000] {dag.py:3834} INFO - Setting next_dagrun for movie_night_xcom to None, run_after=None
[2024-03-17T12:47:35.144+0000] {processor.py:183} INFO - Processing /opt/airflow/dags/simple_insert_ti_xcom.py took 0.172 seconds
[2024-03-17T12:48:05.717+0000] {processor.py:161} INFO - Started process (PID=2215) to work on /opt/airflow/dags/simple_insert_ti_xcom.py
[2024-03-17T12:48:05.719+0000] {processor.py:830} INFO - Processing file /opt/airflow/dags/simple_insert_ti_xcom.py for tasks to queue
[2024-03-17T12:48:05.721+0000] {logging_mixin.py:188} INFO - [2024-03-17T12:48:05.720+0000] {dagbag.py:540} INFO - Filling up the DagBag from /opt/airflow/dags/simple_insert_ti_xcom.py
[2024-03-17T12:48:05.799+0000] {processor.py:840} INFO - DAG(s) 'movie_night_xcom' retrieved from /opt/airflow/dags/simple_insert_ti_xcom.py
[2024-03-17T12:48:05.852+0000] {logging_mixin.py:188} INFO - [2024-03-17T12:48:05.851+0000] {dag.py:3047} INFO - Sync 1 DAGs
[2024-03-17T12:48:05.915+0000] {logging_mixin.py:188} INFO - [2024-03-17T12:48:05.915+0000] {dag.py:3834} INFO - Setting next_dagrun for movie_night_xcom to None, run_after=None
[2024-03-17T12:48:05.953+0000] {processor.py:183} INFO - Processing /opt/airflow/dags/simple_insert_ti_xcom.py took 0.241 seconds
[2024-03-17T12:48:36.405+0000] {processor.py:161} INFO - Started process (PID=2224) to work on /opt/airflow/dags/simple_insert_ti_xcom.py
[2024-03-17T12:48:36.406+0000] {processor.py:830} INFO - Processing file /opt/airflow/dags/simple_insert_ti_xcom.py for tasks to queue
[2024-03-17T12:48:36.408+0000] {logging_mixin.py:188} INFO - [2024-03-17T12:48:36.408+0000] {dagbag.py:540} INFO - Filling up the DagBag from /opt/airflow/dags/simple_insert_ti_xcom.py
[2024-03-17T12:48:36.464+0000] {processor.py:840} INFO - DAG(s) 'movie_night_xcom' retrieved from /opt/airflow/dags/simple_insert_ti_xcom.py
[2024-03-17T12:48:36.503+0000] {logging_mixin.py:188} INFO - [2024-03-17T12:48:36.503+0000] {dag.py:3047} INFO - Sync 1 DAGs
[2024-03-17T12:48:36.532+0000] {logging_mixin.py:188} INFO - [2024-03-17T12:48:36.532+0000] {dag.py:3834} INFO - Setting next_dagrun for movie_night_xcom to None, run_after=None
[2024-03-17T12:48:36.560+0000] {processor.py:183} INFO - Processing /opt/airflow/dags/simple_insert_ti_xcom.py took 0.161 seconds
[2024-03-17T12:49:07.160+0000] {processor.py:161} INFO - Started process (PID=2233) to work on /opt/airflow/dags/simple_insert_ti_xcom.py
[2024-03-17T12:49:07.162+0000] {processor.py:830} INFO - Processing file /opt/airflow/dags/simple_insert_ti_xcom.py for tasks to queue
[2024-03-17T12:49:07.163+0000] {logging_mixin.py:188} INFO - [2024-03-17T12:49:07.163+0000] {dagbag.py:540} INFO - Filling up the DagBag from /opt/airflow/dags/simple_insert_ti_xcom.py
[2024-03-17T12:49:07.205+0000] {processor.py:840} INFO - DAG(s) 'movie_night_xcom' retrieved from /opt/airflow/dags/simple_insert_ti_xcom.py
[2024-03-17T12:49:07.244+0000] {logging_mixin.py:188} INFO - [2024-03-17T12:49:07.243+0000] {dag.py:3047} INFO - Sync 1 DAGs
[2024-03-17T12:49:07.272+0000] {logging_mixin.py:188} INFO - [2024-03-17T12:49:07.272+0000] {dag.py:3834} INFO - Setting next_dagrun for movie_night_xcom to None, run_after=None
[2024-03-17T12:49:07.300+0000] {processor.py:183} INFO - Processing /opt/airflow/dags/simple_insert_ti_xcom.py took 0.144 seconds
[2024-03-17T12:49:37.864+0000] {processor.py:161} INFO - Started process (PID=2242) to work on /opt/airflow/dags/simple_insert_ti_xcom.py
[2024-03-17T12:49:37.865+0000] {processor.py:830} INFO - Processing file /opt/airflow/dags/simple_insert_ti_xcom.py for tasks to queue
[2024-03-17T12:49:37.867+0000] {logging_mixin.py:188} INFO - [2024-03-17T12:49:37.867+0000] {dagbag.py:540} INFO - Filling up the DagBag from /opt/airflow/dags/simple_insert_ti_xcom.py
[2024-03-17T12:49:37.921+0000] {processor.py:840} INFO - DAG(s) 'movie_night_xcom' retrieved from /opt/airflow/dags/simple_insert_ti_xcom.py
[2024-03-17T12:49:37.971+0000] {logging_mixin.py:188} INFO - [2024-03-17T12:49:37.970+0000] {dag.py:3047} INFO - Sync 1 DAGs
[2024-03-17T12:49:38.011+0000] {logging_mixin.py:188} INFO - [2024-03-17T12:49:38.011+0000] {dag.py:3834} INFO - Setting next_dagrun for movie_night_xcom to None, run_after=None
[2024-03-17T12:49:38.043+0000] {processor.py:183} INFO - Processing /opt/airflow/dags/simple_insert_ti_xcom.py took 0.185 seconds
[2024-03-17T12:50:08.558+0000] {processor.py:161} INFO - Started process (PID=2251) to work on /opt/airflow/dags/simple_insert_ti_xcom.py
[2024-03-17T12:50:08.560+0000] {processor.py:830} INFO - Processing file /opt/airflow/dags/simple_insert_ti_xcom.py for tasks to queue
[2024-03-17T12:50:08.561+0000] {logging_mixin.py:188} INFO - [2024-03-17T12:50:08.561+0000] {dagbag.py:540} INFO - Filling up the DagBag from /opt/airflow/dags/simple_insert_ti_xcom.py
[2024-03-17T12:50:08.612+0000] {processor.py:840} INFO - DAG(s) 'movie_night_xcom' retrieved from /opt/airflow/dags/simple_insert_ti_xcom.py
[2024-03-17T12:50:08.646+0000] {logging_mixin.py:188} INFO - [2024-03-17T12:50:08.646+0000] {dag.py:3047} INFO - Sync 1 DAGs
[2024-03-17T12:50:08.674+0000] {logging_mixin.py:188} INFO - [2024-03-17T12:50:08.674+0000] {dag.py:3834} INFO - Setting next_dagrun for movie_night_xcom to None, run_after=None
[2024-03-17T12:50:08.709+0000] {processor.py:183} INFO - Processing /opt/airflow/dags/simple_insert_ti_xcom.py took 0.155 seconds
[2024-03-17T12:50:39.234+0000] {processor.py:161} INFO - Started process (PID=2260) to work on /opt/airflow/dags/simple_insert_ti_xcom.py
[2024-03-17T12:50:39.236+0000] {processor.py:830} INFO - Processing file /opt/airflow/dags/simple_insert_ti_xcom.py for tasks to queue
[2024-03-17T12:50:39.237+0000] {logging_mixin.py:188} INFO - [2024-03-17T12:50:39.237+0000] {dagbag.py:540} INFO - Filling up the DagBag from /opt/airflow/dags/simple_insert_ti_xcom.py
[2024-03-17T12:50:39.286+0000] {processor.py:840} INFO - DAG(s) 'movie_night_xcom' retrieved from /opt/airflow/dags/simple_insert_ti_xcom.py
[2024-03-17T12:50:39.328+0000] {logging_mixin.py:188} INFO - [2024-03-17T12:50:39.327+0000] {dag.py:3047} INFO - Sync 1 DAGs
[2024-03-17T12:50:39.360+0000] {logging_mixin.py:188} INFO - [2024-03-17T12:50:39.359+0000] {dag.py:3834} INFO - Setting next_dagrun for movie_night_xcom to None, run_after=None
[2024-03-17T12:50:39.389+0000] {processor.py:183} INFO - Processing /opt/airflow/dags/simple_insert_ti_xcom.py took 0.160 seconds
[2024-03-17T12:51:10.007+0000] {processor.py:161} INFO - Started process (PID=2269) to work on /opt/airflow/dags/simple_insert_ti_xcom.py
[2024-03-17T12:51:10.009+0000] {processor.py:830} INFO - Processing file /opt/airflow/dags/simple_insert_ti_xcom.py for tasks to queue
[2024-03-17T12:51:10.011+0000] {logging_mixin.py:188} INFO - [2024-03-17T12:51:10.010+0000] {dagbag.py:540} INFO - Filling up the DagBag from /opt/airflow/dags/simple_insert_ti_xcom.py
[2024-03-17T12:51:10.055+0000] {processor.py:840} INFO - DAG(s) 'movie_night_xcom' retrieved from /opt/airflow/dags/simple_insert_ti_xcom.py
[2024-03-17T12:51:10.092+0000] {logging_mixin.py:188} INFO - [2024-03-17T12:51:10.092+0000] {dag.py:3047} INFO - Sync 1 DAGs
[2024-03-17T12:51:10.129+0000] {logging_mixin.py:188} INFO - [2024-03-17T12:51:10.128+0000] {dag.py:3834} INFO - Setting next_dagrun for movie_night_xcom to None, run_after=None
[2024-03-17T12:51:10.157+0000] {processor.py:183} INFO - Processing /opt/airflow/dags/simple_insert_ti_xcom.py took 0.155 seconds
[2024-03-17T12:51:40.687+0000] {processor.py:161} INFO - Started process (PID=2278) to work on /opt/airflow/dags/simple_insert_ti_xcom.py
[2024-03-17T12:51:40.689+0000] {processor.py:830} INFO - Processing file /opt/airflow/dags/simple_insert_ti_xcom.py for tasks to queue
[2024-03-17T12:51:40.691+0000] {logging_mixin.py:188} INFO - [2024-03-17T12:51:40.691+0000] {dagbag.py:540} INFO - Filling up the DagBag from /opt/airflow/dags/simple_insert_ti_xcom.py
[2024-03-17T12:51:40.745+0000] {processor.py:840} INFO - DAG(s) 'movie_night_xcom' retrieved from /opt/airflow/dags/simple_insert_ti_xcom.py
[2024-03-17T12:51:40.787+0000] {logging_mixin.py:188} INFO - [2024-03-17T12:51:40.787+0000] {dag.py:3047} INFO - Sync 1 DAGs
[2024-03-17T12:51:40.825+0000] {logging_mixin.py:188} INFO - [2024-03-17T12:51:40.825+0000] {dag.py:3834} INFO - Setting next_dagrun for movie_night_xcom to None, run_after=None
[2024-03-17T12:51:40.856+0000] {processor.py:183} INFO - Processing /opt/airflow/dags/simple_insert_ti_xcom.py took 0.173 seconds
[2024-03-17T12:52:11.403+0000] {processor.py:161} INFO - Started process (PID=2287) to work on /opt/airflow/dags/simple_insert_ti_xcom.py
[2024-03-17T12:52:11.405+0000] {processor.py:830} INFO - Processing file /opt/airflow/dags/simple_insert_ti_xcom.py for tasks to queue
[2024-03-17T12:52:11.407+0000] {logging_mixin.py:188} INFO - [2024-03-17T12:52:11.406+0000] {dagbag.py:540} INFO - Filling up the DagBag from /opt/airflow/dags/simple_insert_ti_xcom.py
[2024-03-17T12:52:11.459+0000] {processor.py:840} INFO - DAG(s) 'movie_night_xcom' retrieved from /opt/airflow/dags/simple_insert_ti_xcom.py
[2024-03-17T12:52:11.496+0000] {logging_mixin.py:188} INFO - [2024-03-17T12:52:11.496+0000] {dag.py:3047} INFO - Sync 1 DAGs
[2024-03-17T12:52:11.526+0000] {logging_mixin.py:188} INFO - [2024-03-17T12:52:11.525+0000] {dag.py:3834} INFO - Setting next_dagrun for movie_night_xcom to None, run_after=None
[2024-03-17T12:52:11.553+0000] {processor.py:183} INFO - Processing /opt/airflow/dags/simple_insert_ti_xcom.py took 0.154 seconds
[2024-03-17T12:52:42.027+0000] {processor.py:161} INFO - Started process (PID=2296) to work on /opt/airflow/dags/simple_insert_ti_xcom.py
[2024-03-17T12:52:42.030+0000] {processor.py:830} INFO - Processing file /opt/airflow/dags/simple_insert_ti_xcom.py for tasks to queue
[2024-03-17T12:52:42.031+0000] {logging_mixin.py:188} INFO - [2024-03-17T12:52:42.031+0000] {dagbag.py:540} INFO - Filling up the DagBag from /opt/airflow/dags/simple_insert_ti_xcom.py
[2024-03-17T12:52:42.080+0000] {processor.py:840} INFO - DAG(s) 'movie_night_xcom' retrieved from /opt/airflow/dags/simple_insert_ti_xcom.py
[2024-03-17T12:52:42.118+0000] {logging_mixin.py:188} INFO - [2024-03-17T12:52:42.117+0000] {dag.py:3047} INFO - Sync 1 DAGs
[2024-03-17T12:52:42.152+0000] {logging_mixin.py:188} INFO - [2024-03-17T12:52:42.151+0000] {dag.py:3834} INFO - Setting next_dagrun for movie_night_xcom to None, run_after=None
[2024-03-17T12:52:42.185+0000] {processor.py:183} INFO - Processing /opt/airflow/dags/simple_insert_ti_xcom.py took 0.164 seconds
[2024-03-17T12:53:12.792+0000] {processor.py:161} INFO - Started process (PID=2305) to work on /opt/airflow/dags/simple_insert_ti_xcom.py
[2024-03-17T12:53:12.793+0000] {processor.py:830} INFO - Processing file /opt/airflow/dags/simple_insert_ti_xcom.py for tasks to queue
[2024-03-17T12:53:12.795+0000] {logging_mixin.py:188} INFO - [2024-03-17T12:53:12.794+0000] {dagbag.py:540} INFO - Filling up the DagBag from /opt/airflow/dags/simple_insert_ti_xcom.py
[2024-03-17T12:53:12.842+0000] {processor.py:840} INFO - DAG(s) 'movie_night_xcom' retrieved from /opt/airflow/dags/simple_insert_ti_xcom.py
[2024-03-17T12:53:12.876+0000] {logging_mixin.py:188} INFO - [2024-03-17T12:53:12.876+0000] {dag.py:3047} INFO - Sync 1 DAGs
[2024-03-17T12:53:12.913+0000] {logging_mixin.py:188} INFO - [2024-03-17T12:53:12.913+0000] {dag.py:3834} INFO - Setting next_dagrun for movie_night_xcom to None, run_after=None
[2024-03-17T12:53:12.941+0000] {processor.py:183} INFO - Processing /opt/airflow/dags/simple_insert_ti_xcom.py took 0.154 seconds
[2024-03-17T12:53:43.424+0000] {processor.py:161} INFO - Started process (PID=2314) to work on /opt/airflow/dags/simple_insert_ti_xcom.py
[2024-03-17T12:53:43.425+0000] {processor.py:830} INFO - Processing file /opt/airflow/dags/simple_insert_ti_xcom.py for tasks to queue
[2024-03-17T12:53:43.427+0000] {logging_mixin.py:188} INFO - [2024-03-17T12:53:43.426+0000] {dagbag.py:540} INFO - Filling up the DagBag from /opt/airflow/dags/simple_insert_ti_xcom.py
[2024-03-17T12:53:43.470+0000] {processor.py:840} INFO - DAG(s) 'movie_night_xcom' retrieved from /opt/airflow/dags/simple_insert_ti_xcom.py
[2024-03-17T12:53:43.505+0000] {logging_mixin.py:188} INFO - [2024-03-17T12:53:43.504+0000] {dag.py:3047} INFO - Sync 1 DAGs
[2024-03-17T12:53:43.535+0000] {logging_mixin.py:188} INFO - [2024-03-17T12:53:43.534+0000] {dag.py:3834} INFO - Setting next_dagrun for movie_night_xcom to None, run_after=None
[2024-03-17T12:53:43.564+0000] {processor.py:183} INFO - Processing /opt/airflow/dags/simple_insert_ti_xcom.py took 0.145 seconds
[2024-03-17T12:54:14.059+0000] {processor.py:161} INFO - Started process (PID=2323) to work on /opt/airflow/dags/simple_insert_ti_xcom.py
[2024-03-17T12:54:14.061+0000] {processor.py:830} INFO - Processing file /opt/airflow/dags/simple_insert_ti_xcom.py for tasks to queue
[2024-03-17T12:54:14.063+0000] {logging_mixin.py:188} INFO - [2024-03-17T12:54:14.062+0000] {dagbag.py:540} INFO - Filling up the DagBag from /opt/airflow/dags/simple_insert_ti_xcom.py
[2024-03-17T12:54:14.115+0000] {processor.py:840} INFO - DAG(s) 'movie_night_xcom' retrieved from /opt/airflow/dags/simple_insert_ti_xcom.py
[2024-03-17T12:54:14.149+0000] {logging_mixin.py:188} INFO - [2024-03-17T12:54:14.149+0000] {dag.py:3047} INFO - Sync 1 DAGs
[2024-03-17T12:54:14.181+0000] {logging_mixin.py:188} INFO - [2024-03-17T12:54:14.181+0000] {dag.py:3834} INFO - Setting next_dagrun for movie_night_xcom to None, run_after=None
[2024-03-17T12:54:14.228+0000] {processor.py:183} INFO - Processing /opt/airflow/dags/simple_insert_ti_xcom.py took 0.175 seconds
[2024-03-17T12:54:44.657+0000] {processor.py:161} INFO - Started process (PID=2333) to work on /opt/airflow/dags/simple_insert_ti_xcom.py
[2024-03-17T12:54:44.658+0000] {processor.py:830} INFO - Processing file /opt/airflow/dags/simple_insert_ti_xcom.py for tasks to queue
[2024-03-17T12:54:44.660+0000] {logging_mixin.py:188} INFO - [2024-03-17T12:54:44.660+0000] {dagbag.py:540} INFO - Filling up the DagBag from /opt/airflow/dags/simple_insert_ti_xcom.py
[2024-03-17T12:54:44.697+0000] {processor.py:840} INFO - DAG(s) 'movie_night_xcom' retrieved from /opt/airflow/dags/simple_insert_ti_xcom.py
[2024-03-17T12:54:44.730+0000] {logging_mixin.py:188} INFO - [2024-03-17T12:54:44.730+0000] {dag.py:3047} INFO - Sync 1 DAGs
[2024-03-17T12:54:44.759+0000] {logging_mixin.py:188} INFO - [2024-03-17T12:54:44.759+0000] {dag.py:3834} INFO - Setting next_dagrun for movie_night_xcom to None, run_after=None
[2024-03-17T12:54:44.789+0000] {processor.py:183} INFO - Processing /opt/airflow/dags/simple_insert_ti_xcom.py took 0.137 seconds
[2024-03-17T12:55:15.335+0000] {processor.py:161} INFO - Started process (PID=2342) to work on /opt/airflow/dags/simple_insert_ti_xcom.py
[2024-03-17T12:55:15.337+0000] {processor.py:830} INFO - Processing file /opt/airflow/dags/simple_insert_ti_xcom.py for tasks to queue
[2024-03-17T12:55:15.338+0000] {logging_mixin.py:188} INFO - [2024-03-17T12:55:15.338+0000] {dagbag.py:540} INFO - Filling up the DagBag from /opt/airflow/dags/simple_insert_ti_xcom.py
[2024-03-17T12:55:15.382+0000] {processor.py:840} INFO - DAG(s) 'movie_night_xcom' retrieved from /opt/airflow/dags/simple_insert_ti_xcom.py
[2024-03-17T12:55:15.422+0000] {logging_mixin.py:188} INFO - [2024-03-17T12:55:15.422+0000] {dag.py:3047} INFO - Sync 1 DAGs
[2024-03-17T12:55:15.457+0000] {logging_mixin.py:188} INFO - [2024-03-17T12:55:15.456+0000] {dag.py:3834} INFO - Setting next_dagrun for movie_night_xcom to None, run_after=None
[2024-03-17T12:55:15.497+0000] {processor.py:183} INFO - Processing /opt/airflow/dags/simple_insert_ti_xcom.py took 0.166 seconds
[2024-03-17T12:55:45.947+0000] {processor.py:161} INFO - Started process (PID=2351) to work on /opt/airflow/dags/simple_insert_ti_xcom.py
[2024-03-17T12:55:45.948+0000] {processor.py:830} INFO - Processing file /opt/airflow/dags/simple_insert_ti_xcom.py for tasks to queue
[2024-03-17T12:55:45.950+0000] {logging_mixin.py:188} INFO - [2024-03-17T12:55:45.950+0000] {dagbag.py:540} INFO - Filling up the DagBag from /opt/airflow/dags/simple_insert_ti_xcom.py
[2024-03-17T12:55:45.996+0000] {processor.py:840} INFO - DAG(s) 'movie_night_xcom' retrieved from /opt/airflow/dags/simple_insert_ti_xcom.py
[2024-03-17T12:55:46.041+0000] {logging_mixin.py:188} INFO - [2024-03-17T12:55:46.040+0000] {dag.py:3047} INFO - Sync 1 DAGs
[2024-03-17T12:55:46.083+0000] {logging_mixin.py:188} INFO - [2024-03-17T12:55:46.082+0000] {dag.py:3834} INFO - Setting next_dagrun for movie_night_xcom to None, run_after=None
[2024-03-17T12:55:46.120+0000] {processor.py:183} INFO - Processing /opt/airflow/dags/simple_insert_ti_xcom.py took 0.179 seconds
[2024-03-17T12:56:16.523+0000] {processor.py:161} INFO - Started process (PID=2360) to work on /opt/airflow/dags/simple_insert_ti_xcom.py
[2024-03-17T12:56:16.524+0000] {processor.py:830} INFO - Processing file /opt/airflow/dags/simple_insert_ti_xcom.py for tasks to queue
[2024-03-17T12:56:16.526+0000] {logging_mixin.py:188} INFO - [2024-03-17T12:56:16.525+0000] {dagbag.py:540} INFO - Filling up the DagBag from /opt/airflow/dags/simple_insert_ti_xcom.py
[2024-03-17T12:56:16.575+0000] {processor.py:840} INFO - DAG(s) 'movie_night_xcom' retrieved from /opt/airflow/dags/simple_insert_ti_xcom.py
[2024-03-17T12:56:16.610+0000] {logging_mixin.py:188} INFO - [2024-03-17T12:56:16.610+0000] {dag.py:3047} INFO - Sync 1 DAGs
[2024-03-17T12:56:16.638+0000] {logging_mixin.py:188} INFO - [2024-03-17T12:56:16.637+0000] {dag.py:3834} INFO - Setting next_dagrun for movie_night_xcom to None, run_after=None
[2024-03-17T12:56:16.669+0000] {processor.py:183} INFO - Processing /opt/airflow/dags/simple_insert_ti_xcom.py took 0.150 seconds
[2024-03-17T12:56:47.183+0000] {processor.py:161} INFO - Started process (PID=2369) to work on /opt/airflow/dags/simple_insert_ti_xcom.py
[2024-03-17T12:56:47.186+0000] {processor.py:830} INFO - Processing file /opt/airflow/dags/simple_insert_ti_xcom.py for tasks to queue
[2024-03-17T12:56:47.189+0000] {logging_mixin.py:188} INFO - [2024-03-17T12:56:47.188+0000] {dagbag.py:540} INFO - Filling up the DagBag from /opt/airflow/dags/simple_insert_ti_xcom.py
[2024-03-17T12:56:47.262+0000] {processor.py:840} INFO - DAG(s) 'movie_night_xcom' retrieved from /opt/airflow/dags/simple_insert_ti_xcom.py
[2024-03-17T12:56:47.295+0000] {logging_mixin.py:188} INFO - [2024-03-17T12:56:47.295+0000] {dag.py:3047} INFO - Sync 1 DAGs
[2024-03-17T12:56:47.326+0000] {logging_mixin.py:188} INFO - [2024-03-17T12:56:47.326+0000] {dag.py:3834} INFO - Setting next_dagrun for movie_night_xcom to None, run_after=None
[2024-03-17T12:56:47.357+0000] {processor.py:183} INFO - Processing /opt/airflow/dags/simple_insert_ti_xcom.py took 0.182 seconds
[2024-03-17T12:57:17.987+0000] {processor.py:161} INFO - Started process (PID=2378) to work on /opt/airflow/dags/simple_insert_ti_xcom.py
[2024-03-17T12:57:17.989+0000] {processor.py:830} INFO - Processing file /opt/airflow/dags/simple_insert_ti_xcom.py for tasks to queue
[2024-03-17T12:57:17.992+0000] {logging_mixin.py:188} INFO - [2024-03-17T12:57:17.991+0000] {dagbag.py:540} INFO - Filling up the DagBag from /opt/airflow/dags/simple_insert_ti_xcom.py
[2024-03-17T12:57:18.069+0000] {processor.py:840} INFO - DAG(s) 'movie_night_xcom' retrieved from /opt/airflow/dags/simple_insert_ti_xcom.py
[2024-03-17T12:57:18.133+0000] {logging_mixin.py:188} INFO - [2024-03-17T12:57:18.133+0000] {dag.py:3047} INFO - Sync 1 DAGs
[2024-03-17T12:57:18.181+0000] {logging_mixin.py:188} INFO - [2024-03-17T12:57:18.180+0000] {dag.py:3834} INFO - Setting next_dagrun for movie_night_xcom to None, run_after=None
[2024-03-17T12:57:18.237+0000] {processor.py:183} INFO - Processing /opt/airflow/dags/simple_insert_ti_xcom.py took 0.258 seconds
