[2024-04-21T11:05:07.555+0000] {taskinstance.py:1979} INFO - Dependencies all met for dep_context=non-requeueable deps ti=<TaskInstance: currency_parsing.get_data_pound scheduled__2024-04-11T00:00:00+00:00 [queued]>
[2024-04-21T11:05:07.658+0000] {taskinstance.py:1979} INFO - Dependencies all met for dep_context=requeueable deps ti=<TaskInstance: currency_parsing.get_data_pound scheduled__2024-04-11T00:00:00+00:00 [queued]>
[2024-04-21T11:05:07.666+0000] {taskinstance.py:2193} INFO - Starting attempt 1 of 2
[2024-04-21T11:05:07.806+0000] {taskinstance.py:2214} INFO - Executing <Task(PythonOperator): get_data_pound> on 2024-04-11 00:00:00+00:00
[2024-04-21T11:05:07.827+0000] {standard_task_runner.py:60} INFO - Started process 2600 to run task
[2024-04-21T11:05:07.893+0000] {standard_task_runner.py:87} INFO - Running: ['***', 'tasks', 'run', 'currency_parsing', 'get_data_pound', 'scheduled__2024-04-11T00:00:00+00:00', '--job-id', '2020', '--raw', '--subdir', 'DAGS_FOLDER/stage/currency_parsing.py', '--cfg-path', '/tmp/tmp0i8vr_4m']
[2024-04-21T11:05:07.907+0000] {standard_task_runner.py:88} INFO - Job 2020: Subtask get_data_pound
[2024-04-21T11:05:08.274+0000] {task_command.py:423} INFO - Running <TaskInstance: currency_parsing.get_data_pound scheduled__2024-04-11T00:00:00+00:00 [running]> on host e671688b1343
[2024-04-21T11:05:08.566+0000] {warnings.py:109} WARNING - /home/***/.local/lib/python3.8/site-packages/***/utils/context.py:207: AirflowContextDeprecationWarning: Accessing 'execution_date' from the template is deprecated and will be removed in a future version. Please use 'data_interval_start' or 'logical_date' instead.
  warnings.warn(_create_deprecation_warning(key, self._deprecation_replacements[key]))

[2024-04-21T11:05:08.813+0000] {taskinstance.py:2510} INFO - Exporting env vars: AIRFLOW_CTX_DAG_OWNER='***' AIRFLOW_CTX_DAG_ID='currency_parsing' AIRFLOW_CTX_TASK_ID='get_data_pound' AIRFLOW_CTX_EXECUTION_DATE='2024-04-11T00:00:00+00:00' AIRFLOW_CTX_TRY_NUMBER='1' AIRFLOW_CTX_DAG_RUN_ID='scheduled__2024-04-11T00:00:00+00:00'
[2024-04-21T11:05:09.509+0000] {python.py:202} INFO - Done. Returned value was: ([['AUD', 1.9267023595, '2024-4-10'], ['BGN', 2.2608923301, '2024-4-10'], ['BRL', 6.3685067179, '2024-4-10'], ['CAD', 1.7160500132, '2024-4-10'], ['CHF', 1.1445138765, '2024-4-10'], ['CNY', 9.0608473321, '2024-4-10'], ['CZK', 29.6787617719, '2024-4-10'], ['DKK', 8.7047152905, '2024-4-10'], ['EUR', 1.1668944285, '2024-4-10'], ['GBP', 1, '2024-4-10'], ['HKD', 9.8197899761, '2024-4-10'], ['HRK', 8.4654758066, '2024-4-10'], ['HUF', 456.3204287018, '2024-4-10'], ['IDR', 19854.7738317042, '2024-4-10'], ['ILS', 4.6988726797, '2024-4-10'], ['INR', 104.5168635801, '2024-4-10'], ['ISK', 173.6207799796, '2024-4-10'], ['JPY', 191.7177614269, '2024-4-10'], ['KRW', 1706.7178621529, '2024-4-10'], ['MXN', 20.6316687147, '2024-4-10'], ['MYR', 5.9566557148, '2024-4-10'], ['NOK', 13.5826814418, '2024-4-10'], ['NZD', 2.0984615336, '2024-4-10'], ['PHP', 70.8181055725, '2024-4-10'], ['PLN', 4.9763905567, '2024-4-10'], ['RON', 5.7996034228, '2024-4-10'], ['RUB', 116.9638453325, '2024-4-10'], ['SEK', 13.4425817706, '2024-4-10'], ['SGD', 1.6974182799, '2024-4-10'], ['THB', 46.0248346191, '2024-4-10'], ['TRY', 40.4582546921, '2024-4-10'], ['USD', 1.2538082012, '2024-4-10'], ['ZAR', 23.5536693862, '2024-4-10']], ['title', 'rate', 'date'])
[2024-04-21T11:05:09.608+0000] {taskinstance.py:1149} INFO - Marking task as SUCCESS. dag_id=currency_parsing, task_id=get_data_pound, execution_date=20240411T000000, start_date=20240421T110507, end_date=20240421T110509
[2024-04-21T11:05:09.713+0000] {local_task_job_runner.py:234} INFO - Task exited with return code 0
[2024-04-21T11:05:09.793+0000] {taskinstance.py:3309} INFO - 1 downstream tasks scheduled from follow-on schedule check
[2024-04-27T12:20:23.900+0000] {taskinstance.py:1979} INFO - Dependencies all met for dep_context=non-requeueable deps ti=<TaskInstance: currency_parsing.get_data_pound scheduled__2024-04-11T00:00:00+00:00 [queued]>
[2024-04-27T12:20:24.343+0000] {taskinstance.py:1979} INFO - Dependencies all met for dep_context=requeueable deps ti=<TaskInstance: currency_parsing.get_data_pound scheduled__2024-04-11T00:00:00+00:00 [queued]>
[2024-04-27T12:20:24.352+0000] {taskinstance.py:2193} INFO - Starting attempt 1 of 2
[2024-04-27T12:20:24.709+0000] {taskinstance.py:2214} INFO - Executing <Task(PythonOperator): get_data_pound> on 2024-04-11 00:00:00+00:00
[2024-04-27T12:20:24.768+0000] {standard_task_runner.py:60} INFO - Started process 1971 to run task
[2024-04-27T12:20:24.792+0000] {standard_task_runner.py:87} INFO - Running: ['***', 'tasks', 'run', 'currency_parsing', 'get_data_pound', 'scheduled__2024-04-11T00:00:00+00:00', '--job-id', '2332', '--raw', '--subdir', 'DAGS_FOLDER/stage/currency_parsing.py', '--cfg-path', '/tmp/tmp2skigsfj']
[2024-04-27T12:20:24.891+0000] {standard_task_runner.py:88} INFO - Job 2332: Subtask get_data_pound
[2024-04-27T12:20:26.788+0000] {task_command.py:423} INFO - Running <TaskInstance: currency_parsing.get_data_pound scheduled__2024-04-11T00:00:00+00:00 [running]> on host 65a8688265d1
[2024-04-27T12:20:30.721+0000] {warnings.py:109} WARNING - /home/***/.local/lib/python3.8/site-packages/***/utils/context.py:207: AirflowContextDeprecationWarning: Accessing 'execution_date' from the template is deprecated and will be removed in a future version. Please use 'data_interval_start' or 'logical_date' instead.
  warnings.warn(_create_deprecation_warning(key, self._deprecation_replacements[key]))

[2024-04-27T12:20:34.760+0000] {taskinstance.py:2510} INFO - Exporting env vars: AIRFLOW_CTX_DAG_OWNER='***' AIRFLOW_CTX_DAG_ID='currency_parsing' AIRFLOW_CTX_TASK_ID='get_data_pound' AIRFLOW_CTX_EXECUTION_DATE='2024-04-11T00:00:00+00:00' AIRFLOW_CTX_TRY_NUMBER='1' AIRFLOW_CTX_DAG_RUN_ID='scheduled__2024-04-11T00:00:00+00:00'
[2024-04-27T12:20:37.336+0000] {python.py:202} INFO - Done. Returned value was: ([['AUD', 1.9267023595, '2024-4-10'], ['BGN', 2.2608923301, '2024-4-10'], ['BRL', 6.3685067179, '2024-4-10'], ['CAD', 1.7160500132, '2024-4-10'], ['CHF', 1.1445138765, '2024-4-10'], ['CNY', 9.0608473321, '2024-4-10'], ['CZK', 29.6787617719, '2024-4-10'], ['DKK', 8.7047152905, '2024-4-10'], ['EUR', 1.1668944285, '2024-4-10'], ['GBP', 1, '2024-4-10'], ['HKD', 9.8197899761, '2024-4-10'], ['HRK', 8.4654758066, '2024-4-10'], ['HUF', 456.3204287018, '2024-4-10'], ['IDR', 19854.7738317042, '2024-4-10'], ['ILS', 4.6988726797, '2024-4-10'], ['INR', 104.5168635801, '2024-4-10'], ['ISK', 173.6207799796, '2024-4-10'], ['JPY', 191.7177614269, '2024-4-10'], ['KRW', 1706.7178621529, '2024-4-10'], ['MXN', 20.6316687147, '2024-4-10'], ['MYR', 5.9566557148, '2024-4-10'], ['NOK', 13.5826814418, '2024-4-10'], ['NZD', 2.0984615336, '2024-4-10'], ['PHP', 70.8181055725, '2024-4-10'], ['PLN', 4.9763905567, '2024-4-10'], ['RON', 5.7996034228, '2024-4-10'], ['RUB', 116.9638453325, '2024-4-10'], ['SEK', 13.4425817706, '2024-4-10'], ['SGD', 1.6974182799, '2024-4-10'], ['THB', 46.0248346191, '2024-4-10'], ['TRY', 40.4582546921, '2024-4-10'], ['USD', 1.2538082012, '2024-4-10'], ['ZAR', 23.5536693862, '2024-4-10']], ['title', 'rate', 'date'])
[2024-04-27T12:20:38.493+0000] {taskinstance.py:1149} INFO - Marking task as SUCCESS. dag_id=currency_parsing, task_id=get_data_pound, execution_date=20240411T000000, start_date=20240427T122023, end_date=20240427T122038
[2024-04-27T12:20:39.242+0000] {local_task_job_runner.py:234} INFO - Task exited with return code 0
[2024-04-27T12:20:40.889+0000] {warnings.py:109} WARNING - /home/***/.local/lib/python3.8/site-packages/***/models/baseoperator.py:1201: AirflowProviderDeprecationWarning: Call to deprecated class PostgresOperator. (Please use `***.providers.common.sql.operators.sql.SQLExecuteQueryOperator`.Also, you can provide `hook_params={'schema': <database>}`.)
  result = cls.__new__(cls)

[2024-04-27T12:20:42.556+0000] {taskinstance.py:3309} INFO - 0 downstream tasks scheduled from follow-on schedule check
