[2024-04-14T08:52:44.881+0000] {taskinstance.py:1979} INFO - Dependencies all met for dep_context=non-requeueable deps ti=<TaskInstance: currency_parsing.fetch_data scheduled__2024-02-07T00:00:00+00:00 [queued]>
[2024-04-14T08:52:45.114+0000] {taskinstance.py:1979} INFO - Dependencies all met for dep_context=requeueable deps ti=<TaskInstance: currency_parsing.fetch_data scheduled__2024-02-07T00:00:00+00:00 [queued]>
[2024-04-14T08:52:45.118+0000] {taskinstance.py:2193} INFO - Starting attempt 1 of 2
[2024-04-14T08:52:45.326+0000] {taskinstance.py:2214} INFO - Executing <Task(PythonOperator): fetch_data> on 2024-02-07 00:00:00+00:00
[2024-04-14T08:52:45.337+0000] {standard_task_runner.py:60} INFO - Started process 1086 to run task
[2024-04-14T08:52:45.380+0000] {standard_task_runner.py:87} INFO - Running: ['***', 'tasks', 'run', 'currency_parsing', 'fetch_data', 'scheduled__2024-02-07T00:00:00+00:00', '--job-id', '305', '--raw', '--subdir', 'DAGS_FOLDER/currency_parsing.py', '--cfg-path', '/tmp/tmpm2w6399t']
[2024-04-14T08:52:45.424+0000] {standard_task_runner.py:88} INFO - Job 305: Subtask fetch_data
[2024-04-14T08:52:45.812+0000] {task_command.py:423} INFO - Running <TaskInstance: currency_parsing.fetch_data scheduled__2024-02-07T00:00:00+00:00 [running]> on host e8a1e0443283
[2024-04-14T08:52:46.895+0000] {taskinstance.py:2510} INFO - Exporting env vars: AIRFLOW_CTX_DAG_OWNER='***' AIRFLOW_CTX_DAG_ID='currency_parsing' AIRFLOW_CTX_TASK_ID='fetch_data' AIRFLOW_CTX_EXECUTION_DATE='2024-02-07T00:00:00+00:00' AIRFLOW_CTX_TRY_NUMBER='1' AIRFLOW_CTX_DAG_RUN_ID='scheduled__2024-02-07T00:00:00+00:00'
[2024-04-14T08:52:47.173+0000] {base.py:83} INFO - Using connection ID 'dwh' for task execution.
[2024-04-14T08:52:47.304+0000] {sql.py:572} INFO - Done loading. Loaded a total of 39 rows into currency_parsing
[2024-04-14T08:52:47.309+0000] {python.py:202} INFO - Done. Returned value was: None
[2024-04-14T08:52:47.355+0000] {taskinstance.py:1149} INFO - Marking task as SUCCESS. dag_id=currency_parsing, task_id=fetch_data, execution_date=20240207T000000, start_date=20240414T085244, end_date=20240414T085247
[2024-04-14T08:52:47.780+0000] {local_task_job_runner.py:234} INFO - Task exited with return code 0
[2024-04-14T08:52:47.946+0000] {taskinstance.py:3309} INFO - 0 downstream tasks scheduled from follow-on schedule check
[2024-04-14T10:10:19.203+0000] {taskinstance.py:1979} INFO - Dependencies all met for dep_context=non-requeueable deps ti=<TaskInstance: currency_parsing.fetch_data scheduled__2024-02-07T00:00:00+00:00 [queued]>
[2024-04-14T10:10:19.561+0000] {taskinstance.py:1979} INFO - Dependencies all met for dep_context=requeueable deps ti=<TaskInstance: currency_parsing.fetch_data scheduled__2024-02-07T00:00:00+00:00 [queued]>
[2024-04-14T10:10:19.562+0000] {taskinstance.py:2193} INFO - Starting attempt 1 of 2
[2024-04-14T10:10:19.954+0000] {taskinstance.py:2214} INFO - Executing <Task(PythonOperator): fetch_data> on 2024-02-07 00:00:00+00:00
[2024-04-14T10:10:20.053+0000] {standard_task_runner.py:60} INFO - Started process 402 to run task
[2024-04-14T10:10:20.141+0000] {standard_task_runner.py:87} INFO - Running: ['***', 'tasks', 'run', 'currency_parsing', 'fetch_data', 'scheduled__2024-02-07T00:00:00+00:00', '--job-id', '610', '--raw', '--subdir', 'DAGS_FOLDER/currency_parsing.py', '--cfg-path', '/tmp/tmpglpmjz4a']
[2024-04-14T10:10:20.226+0000] {standard_task_runner.py:88} INFO - Job 610: Subtask fetch_data
[2024-04-14T10:10:21.391+0000] {task_command.py:423} INFO - Running <TaskInstance: currency_parsing.fetch_data scheduled__2024-02-07T00:00:00+00:00 [running]> on host 1c15aab9396c
[2024-04-14T10:10:22.760+0000] {taskinstance.py:2510} INFO - Exporting env vars: AIRFLOW_CTX_DAG_OWNER='***' AIRFLOW_CTX_DAG_ID='currency_parsing' AIRFLOW_CTX_TASK_ID='fetch_data' AIRFLOW_CTX_EXECUTION_DATE='2024-02-07T00:00:00+00:00' AIRFLOW_CTX_TRY_NUMBER='1' AIRFLOW_CTX_DAG_RUN_ID='scheduled__2024-02-07T00:00:00+00:00'
[2024-04-14T10:10:23.033+0000] {base.py:83} INFO - Using connection ID 'dwh' for task execution.
[2024-04-14T10:10:23.171+0000] {sql.py:572} INFO - Done loading. Loaded a total of 39 rows into currency_parsing
[2024-04-14T10:10:23.172+0000] {python.py:202} INFO - Done. Returned value was: None
[2024-04-14T10:10:23.218+0000] {taskinstance.py:1149} INFO - Marking task as SUCCESS. dag_id=currency_parsing, task_id=fetch_data, execution_date=20240207T000000, start_date=20240414T101019, end_date=20240414T101023
[2024-04-14T10:10:23.384+0000] {local_task_job_runner.py:234} INFO - Task exited with return code 0
[2024-04-14T10:10:23.621+0000] {taskinstance.py:3309} INFO - 0 downstream tasks scheduled from follow-on schedule check
