[2024-04-27T12:23:17.345+0000] {taskinstance.py:1979} INFO - Dependencies all met for dep_context=non-requeueable deps ti=<TaskInstance: currency_parsing.populate_intermediate_schema scheduled__2024-04-04T00:00:00+00:00 [queued]>
[2024-04-27T12:23:17.724+0000] {taskinstance.py:1979} INFO - Dependencies all met for dep_context=requeueable deps ti=<TaskInstance: currency_parsing.populate_intermediate_schema scheduled__2024-04-04T00:00:00+00:00 [queued]>
[2024-04-27T12:23:17.745+0000] {taskinstance.py:2193} INFO - Starting attempt 1 of 2
[2024-04-27T12:23:17.962+0000] {taskinstance.py:2214} INFO - Executing <Task(PostgresOperator): populate_intermediate_schema> on 2024-04-04 00:00:00+00:00
[2024-04-27T12:23:18.146+0000] {standard_task_runner.py:60} INFO - Started process 2132 to run task
[2024-04-27T12:23:18.449+0000] {standard_task_runner.py:87} INFO - Running: ['***', 'tasks', 'run', 'currency_parsing', 'populate_intermediate_schema', 'scheduled__2024-04-04T00:00:00+00:00', '--job-id', '2397', '--raw', '--subdir', 'DAGS_FOLDER/stage/currency_parsing.py', '--cfg-path', '/tmp/tmp69ps4h9c']
[2024-04-27T12:23:18.608+0000] {standard_task_runner.py:88} INFO - Job 2397: Subtask populate_intermediate_schema
[2024-04-27T12:23:20.481+0000] {task_command.py:423} INFO - Running <TaskInstance: currency_parsing.populate_intermediate_schema scheduled__2024-04-04T00:00:00+00:00 [running]> on host 65a8688265d1
[2024-04-27T12:23:25.301+0000] {taskinstance.py:2510} INFO - Exporting env vars: AIRFLOW_CTX_DAG_OWNER='***' AIRFLOW_CTX_DAG_ID='currency_parsing' AIRFLOW_CTX_TASK_ID='populate_intermediate_schema' AIRFLOW_CTX_EXECUTION_DATE='2024-04-04T00:00:00+00:00' AIRFLOW_CTX_TRY_NUMBER='1' AIRFLOW_CTX_DAG_RUN_ID='scheduled__2024-04-04T00:00:00+00:00'
[2024-04-27T12:23:25.309+0000] {sql.py:276} INFO - Executing: CREATE TABLE intermediate.currency as
select f1.currency,
       f1.title,
       f1.rate as rate_kzt,
       f2.value as rate_rub,
       round(1/f3.rate::numeric, 3) as rate_usd,
       round(1/f4.rate::numeric, 3) as rate_pound,
       f1.date
from stage.currency_parsing_kzt f1
    left join stage.currency_parsing_rub f2
        on f1.date = f2.date and f1.title = f2.charcode
    left join stage.currency_parsing_usd f3
        on f1.date = f3.date and f1.title = f3.title
    left join stage.currency_parsing_pound f4
        on f1.date = f4.date and f1.title = f4.title;
[2024-04-27T12:23:25.644+0000] {base.py:83} INFO - Using connection ID 'dwh' for task execution.
[2024-04-27T12:23:26.110+0000] {base.py:83} INFO - Using connection ID 'dwh' for task execution.
[2024-04-27T12:23:26.151+0000] {sql.py:457} INFO - Running statement: CREATE TABLE intermediate.currency as
select f1.currency,
       f1.title,
       f1.rate as rate_kzt,
       f2.value as rate_rub,
       round(1/f3.rate::numeric, 3) as rate_usd,
       round(1/f4.rate::numeric, 3) as rate_pound,
       f1.date
from stage.currency_parsing_kzt f1
    left join stage.currency_parsing_rub f2
        on f1.date = f2.date and f1.title = f2.charcode
    left join stage.currency_parsing_usd f3
        on f1.date = f3.date and f1.title = f3.title
    left join stage.currency_parsing_pound f4
        on f1.date = f4.date and f1.title = f4.title;, parameters: None
[2024-04-27T12:23:26.213+0000] {sql.py:466} INFO - Rows affected: 468
[2024-04-27T12:23:26.217+0000] {warnings.py:109} WARNING - /home/***/.local/lib/python3.8/site-packages/***/providers/common/sql/hooks/sql.py:407: AirflowProviderDeprecationWarning: Call to deprecated method _make_common_data_structure. (The `_make_serializable` method is deprecated and support will be removed in a future version of the common.sql provider. Please update the DbApiHook's provider to a version based on common.sql >= 1.9.1.)
  result = self._make_common_data_structure(handler(cur))

[2024-04-27T12:23:26.332+0000] {taskinstance.py:1149} INFO - Marking task as SUCCESS. dag_id=currency_parsing, task_id=populate_intermediate_schema, execution_date=20240404T000000, start_date=20240427T122317, end_date=20240427T122326
[2024-04-27T12:23:26.620+0000] {local_task_job_runner.py:234} INFO - Task exited with return code 0
[2024-04-27T12:23:26.886+0000] {taskinstance.py:3309} INFO - 0 downstream tasks scheduled from follow-on schedule check
