[2024-04-21T11:04:27.195+0000] {taskinstance.py:1979} INFO - Dependencies all met for dep_context=non-requeueable deps ti=<TaskInstance: currency_parsing.get_data_usd scheduled__2024-04-05T00:00:00+00:00 [queued]>
[2024-04-21T11:04:27.344+0000] {taskinstance.py:1979} INFO - Dependencies all met for dep_context=requeueable deps ti=<TaskInstance: currency_parsing.get_data_usd scheduled__2024-04-05T00:00:00+00:00 [queued]>
[2024-04-21T11:04:27.362+0000] {taskinstance.py:2193} INFO - Starting attempt 1 of 2
[2024-04-21T11:04:27.589+0000] {taskinstance.py:2214} INFO - Executing <Task(PythonOperator): get_data_usd> on 2024-04-05 00:00:00+00:00
[2024-04-21T11:04:27.602+0000] {standard_task_runner.py:60} INFO - Started process 2502 to run task
[2024-04-21T11:04:27.801+0000] {standard_task_runner.py:87} INFO - Running: ['***', 'tasks', 'run', 'currency_parsing', 'get_data_usd', 'scheduled__2024-04-05T00:00:00+00:00', '--job-id', '1971', '--raw', '--subdir', 'DAGS_FOLDER/stage/currency_parsing.py', '--cfg-path', '/tmp/tmp2q6kbtbo']
[2024-04-21T11:04:27.844+0000] {standard_task_runner.py:88} INFO - Job 1971: Subtask get_data_usd
[2024-04-21T11:04:28.324+0000] {task_command.py:423} INFO - Running <TaskInstance: currency_parsing.get_data_usd scheduled__2024-04-05T00:00:00+00:00 [running]> on host e671688b1343
[2024-04-21T11:04:29.007+0000] {warnings.py:109} WARNING - /home/***/.local/lib/python3.8/site-packages/***/utils/context.py:207: AirflowContextDeprecationWarning: Accessing 'execution_date' from the template is deprecated and will be removed in a future version. Please use 'data_interval_start' or 'logical_date' instead.
  warnings.warn(_create_deprecation_warning(key, self._deprecation_replacements[key]))

[2024-04-21T11:04:29.422+0000] {taskinstance.py:2510} INFO - Exporting env vars: AIRFLOW_CTX_DAG_OWNER='***' AIRFLOW_CTX_DAG_ID='currency_parsing' AIRFLOW_CTX_TASK_ID='get_data_usd' AIRFLOW_CTX_EXECUTION_DATE='2024-04-05T00:00:00+00:00' AIRFLOW_CTX_TRY_NUMBER='1' AIRFLOW_CTX_DAG_RUN_ID='scheduled__2024-04-05T00:00:00+00:00'
[2024-04-21T11:04:30.617+0000] {python.py:202} INFO - Done. Returned value was: ([['AUD', 1.5175502544, '2024-4-4'], ['BGN', 1.8023202827, '2024-4-4'], ['BRL', 5.0364110002, '2024-4-4'], ['CAD', 1.3540202127, '2024-4-4'], ['CHF', 0.9013601786, '2024-4-4'], ['CNY', 7.2306508141, '2024-4-4'], ['CZK', 23.3392130879, '2024-4-4'], ['DKK', 6.8811009111, '2024-4-4'], ['EUR', 0.9227201441, '2024-4-4'], ['GBP', 0.7910201473, '2024-4-4'], ['HKD', 7.8254108447, '2024-4-4'], ['HRK', 6.6963711919, '2024-4-4'], ['HUF', 361.4180236901, '2024-4-4'], ['IDR', 15872.221016051, '2024-4-4'], ['ILS', 3.7541304512, '2024-4-4'], ['INR', 83.3332131069, '2024-4-4'], ['ISK', 138.8691785217, '2024-4-4'], ['JPY', 151.2589349259, '2024-4-4'], ['KRW', 1347.2977278605, '2024-4-4'], ['MXN', 16.5608821455, '2024-4-4'], ['MYR', 4.7364604942, '2024-4-4'], ['NOK', 10.7274212877, '2024-4-4'], ['NZD', 1.6589202562, '2024-4-4'], ['PHP', 56.4317186927, '2024-4-4'], ['PLN', 3.956800664, '2024-4-4'], ['RON', 4.5842308445, '2024-4-4'], ['RUB', 92.2725368922, '2024-4-4'], ['SEK', 10.6431813724, '2024-4-4'], ['SGD', 1.3479901492, '2024-4-4'], ['THB', 36.7056452469, '2024-4-4'], ['TRY', 31.9353146719, '2024-4-4'], ['USD', 1, '2024-4-4'], ['ZAR', 18.699012017, '2024-4-4']], ['title', 'rate', 'date'])
[2024-04-21T11:04:30.803+0000] {taskinstance.py:1149} INFO - Marking task as SUCCESS. dag_id=currency_parsing, task_id=get_data_usd, execution_date=20240405T000000, start_date=20240421T110427, end_date=20240421T110430
[2024-04-21T11:04:30.962+0000] {local_task_job_runner.py:234} INFO - Task exited with return code 0
[2024-04-21T11:04:31.150+0000] {taskinstance.py:3309} INFO - 1 downstream tasks scheduled from follow-on schedule check
[2024-04-27T12:18:27.291+0000] {taskinstance.py:1979} INFO - Dependencies all met for dep_context=non-requeueable deps ti=<TaskInstance: currency_parsing.get_data_usd scheduled__2024-04-05T00:00:00+00:00 [queued]>
[2024-04-27T12:18:27.775+0000] {taskinstance.py:1979} INFO - Dependencies all met for dep_context=requeueable deps ti=<TaskInstance: currency_parsing.get_data_usd scheduled__2024-04-05T00:00:00+00:00 [queued]>
[2024-04-27T12:18:27.784+0000] {taskinstance.py:2193} INFO - Starting attempt 1 of 2
[2024-04-27T12:18:31.609+0000] {taskinstance.py:2214} INFO - Executing <Task(PythonOperator): get_data_usd> on 2024-04-05 00:00:00+00:00
[2024-04-27T12:18:31.617+0000] {standard_task_runner.py:60} INFO - Started process 1892 to run task
[2024-04-27T12:18:32.090+0000] {standard_task_runner.py:87} INFO - Running: ['***', 'tasks', 'run', 'currency_parsing', 'get_data_usd', 'scheduled__2024-04-05T00:00:00+00:00', '--job-id', '2306', '--raw', '--subdir', 'DAGS_FOLDER/stage/currency_parsing.py', '--cfg-path', '/tmp/tmp55tkixct']
[2024-04-27T12:18:32.180+0000] {standard_task_runner.py:88} INFO - Job 2306: Subtask get_data_usd
[2024-04-27T12:18:34.504+0000] {task_command.py:423} INFO - Running <TaskInstance: currency_parsing.get_data_usd scheduled__2024-04-05T00:00:00+00:00 [running]> on host 65a8688265d1
[2024-04-27T12:18:36.478+0000] {warnings.py:109} WARNING - /home/***/.local/lib/python3.8/site-packages/***/utils/context.py:207: AirflowContextDeprecationWarning: Accessing 'execution_date' from the template is deprecated and will be removed in a future version. Please use 'data_interval_start' or 'logical_date' instead.
  warnings.warn(_create_deprecation_warning(key, self._deprecation_replacements[key]))

[2024-04-27T12:18:38.372+0000] {taskinstance.py:2510} INFO - Exporting env vars: AIRFLOW_CTX_DAG_OWNER='***' AIRFLOW_CTX_DAG_ID='currency_parsing' AIRFLOW_CTX_TASK_ID='get_data_usd' AIRFLOW_CTX_EXECUTION_DATE='2024-04-05T00:00:00+00:00' AIRFLOW_CTX_TRY_NUMBER='1' AIRFLOW_CTX_DAG_RUN_ID='scheduled__2024-04-05T00:00:00+00:00'
[2024-04-27T12:18:45.721+0000] {python.py:202} INFO - Done. Returned value was: ([['AUD', 1.5175502544, '2024-4-4'], ['BGN', 1.8023202827, '2024-4-4'], ['BRL', 5.0364110002, '2024-4-4'], ['CAD', 1.3540202127, '2024-4-4'], ['CHF', 0.9013601786, '2024-4-4'], ['CNY', 7.2306508141, '2024-4-4'], ['CZK', 23.3392130879, '2024-4-4'], ['DKK', 6.8811009111, '2024-4-4'], ['EUR', 0.9227201441, '2024-4-4'], ['GBP', 0.7910201473, '2024-4-4'], ['HKD', 7.8254108447, '2024-4-4'], ['HRK', 6.6963711919, '2024-4-4'], ['HUF', 361.4180236901, '2024-4-4'], ['IDR', 15872.221016051, '2024-4-4'], ['ILS', 3.7541304512, '2024-4-4'], ['INR', 83.3332131069, '2024-4-4'], ['ISK', 138.8691785217, '2024-4-4'], ['JPY', 151.2589349259, '2024-4-4'], ['KRW', 1347.2977278605, '2024-4-4'], ['MXN', 16.5608821455, '2024-4-4'], ['MYR', 4.7364604942, '2024-4-4'], ['NOK', 10.7274212877, '2024-4-4'], ['NZD', 1.6589202562, '2024-4-4'], ['PHP', 56.4317186927, '2024-4-4'], ['PLN', 3.956800664, '2024-4-4'], ['RON', 4.5842308445, '2024-4-4'], ['RUB', 92.2725368922, '2024-4-4'], ['SEK', 10.6431813724, '2024-4-4'], ['SGD', 1.3479901492, '2024-4-4'], ['THB', 36.7056452469, '2024-4-4'], ['TRY', 31.9353146719, '2024-4-4'], ['USD', 1, '2024-4-4'], ['ZAR', 18.699012017, '2024-4-4']], ['title', 'rate', 'date'])
[2024-04-27T12:18:49.152+0000] {taskinstance.py:1149} INFO - Marking task as SUCCESS. dag_id=currency_parsing, task_id=get_data_usd, execution_date=20240405T000000, start_date=20240427T121827, end_date=20240427T121849
[2024-04-27T12:18:51.787+0000] {local_task_job_runner.py:234} INFO - Task exited with return code 0
[2024-04-27T12:18:52.265+0000] {warnings.py:109} WARNING - /home/***/.local/lib/python3.8/site-packages/***/models/baseoperator.py:1201: AirflowProviderDeprecationWarning: Call to deprecated class PostgresOperator. (Please use `***.providers.common.sql.operators.sql.SQLExecuteQueryOperator`.Also, you can provide `hook_params={'schema': <database>}`.)
  result = cls.__new__(cls)

[2024-04-27T12:18:53.457+0000] {taskinstance.py:3309} INFO - 1 downstream tasks scheduled from follow-on schedule check
