[2024-04-13T12:13:47.188+0000] {taskinstance.py:1979} INFO - Dependencies all met for dep_context=non-requeueable deps ti=<TaskInstance: currency_parsing.get_data scheduled__2009-02-25T00:00:00+00:00 [queued]>
[2024-04-13T12:13:47.245+0000] {taskinstance.py:1979} INFO - Dependencies all met for dep_context=requeueable deps ti=<TaskInstance: currency_parsing.get_data scheduled__2009-02-25T00:00:00+00:00 [queued]>
[2024-04-13T12:13:47.254+0000] {taskinstance.py:2193} INFO - Starting attempt 1 of 1
[2024-04-13T12:13:47.338+0000] {taskinstance.py:2214} INFO - Executing <Task(PythonOperator): get_data> on 2009-02-25 00:00:00+00:00
[2024-04-13T12:13:47.357+0000] {standard_task_runner.py:60} INFO - Started process 106 to run task
[2024-04-13T12:13:47.378+0000] {standard_task_runner.py:87} INFO - Running: ['***', 'tasks', 'run', 'currency_parsing', 'get_data', 'scheduled__2009-02-25T00:00:00+00:00', '--job-id', '108', '--raw', '--subdir', 'DAGS_FOLDER/currency_parsing.py', '--cfg-path', '/tmp/tmposejydjz']
[2024-04-13T12:13:47.388+0000] {standard_task_runner.py:88} INFO - Job 108: Subtask get_data
[2024-04-13T12:13:47.694+0000] {task_command.py:423} INFO - Running <TaskInstance: currency_parsing.get_data scheduled__2009-02-25T00:00:00+00:00 [running]> on host e8a1e0443283
[2024-04-13T12:13:48.191+0000] {warnings.py:109} WARNING - /home/***/.local/lib/python3.8/site-packages/***/utils/context.py:207: AirflowContextDeprecationWarning: Accessing 'execution_date' from the template is deprecated and will be removed in a future version. Please use 'data_interval_start' or 'logical_date' instead.
  warnings.warn(_create_deprecation_warning(key, self._deprecation_replacements[key]))

[2024-04-13T12:13:48.434+0000] {taskinstance.py:2510} INFO - Exporting env vars: AIRFLOW_CTX_DAG_OWNER='***' AIRFLOW_CTX_DAG_ID='currency_parsing' AIRFLOW_CTX_TASK_ID='get_data' AIRFLOW_CTX_EXECUTION_DATE='2009-02-25T00:00:00+00:00' AIRFLOW_CTX_TRY_NUMBER='1' AIRFLOW_CTX_DAG_RUN_ID='scheduled__2009-02-25T00:00:00+00:00'
[2024-04-13T12:13:48.501+0000] {taskinstance.py:2728} ERROR - Task failed with exception
Traceback (most recent call last):
  File "/home/airflow/.local/lib/python3.8/site-packages/airflow/models/taskinstance.py", line 444, in _execute_task
    result = _execute_callable(context=context, **execute_callable_kwargs)
  File "/home/airflow/.local/lib/python3.8/site-packages/airflow/models/taskinstance.py", line 414, in _execute_callable
    return execute_callable(context=context, **execute_callable_kwargs)
  File "/home/airflow/.local/lib/python3.8/site-packages/airflow/operators/python.py", line 200, in execute
    return_value = self.execute_callable()
  File "/home/airflow/.local/lib/python3.8/site-packages/airflow/operators/python.py", line 217, in execute_callable
    return self.python_callable(*self.op_args, **self.op_kwargs)
  File "/opt/airflow/dags/currency_parsing.py", line 11, in _get_data
    date_obj = datetime.strptime(f"{year}-{month}-{day}", "%Y-%m-d%").date()
  File "/usr/local/lib/python3.8/_strptime.py", line 568, in _strptime_datetime
    tt, fraction, gmtoff_fraction = _strptime(data_string, format)
  File "/usr/local/lib/python3.8/_strptime.py", line 345, in _strptime
    raise ValueError("stray %% in format '%s'" % format) from None
ValueError: stray % in format '%Y-%m-d%'
[2024-04-13T12:13:48.628+0000] {taskinstance.py:1149} INFO - Marking task as FAILED. dag_id=currency_parsing, task_id=get_data, execution_date=20090225T000000, start_date=20240413T121347, end_date=20240413T121348
[2024-04-13T12:13:48.723+0000] {standard_task_runner.py:107} ERROR - Failed to execute job 108 for task get_data (stray % in format '%Y-%m-d%'; 106)
[2024-04-13T12:13:48.766+0000] {local_task_job_runner.py:234} INFO - Task exited with return code 1
[2024-04-13T12:13:48.918+0000] {taskinstance.py:3309} INFO - 0 downstream tasks scheduled from follow-on schedule check
