[2024-04-06T12:58:26.860+0000] {processor.py:161} INFO - Started process (PID=36) to work on /opt/airflow/dags/kolesa_parsing.py
[2024-04-06T12:58:26.876+0000] {processor.py:830} INFO - Processing file /opt/airflow/dags/kolesa_parsing.py for tasks to queue
[2024-04-06T12:58:26.900+0000] {logging_mixin.py:188} INFO - [2024-04-06T12:58:26.898+0000] {dagbag.py:540} INFO - Filling up the DagBag from /opt/airflow/dags/kolesa_parsing.py
[2024-04-06T12:58:27.166+0000] {logging_mixin.py:188} INFO - [2024-04-06T12:58:27.148+0000] {dagbag.py:350} ERROR - Failed to import: /opt/airflow/dags/kolesa_parsing.py
Traceback (most recent call last):
  File "/home/airflow/.local/lib/python3.8/site-packages/airflow/models/dagbag.py", line 346, in parse
    loader.exec_module(new_module)
  File "<frozen importlib._bootstrap_external>", line 843, in exec_module
  File "<frozen importlib._bootstrap>", line 219, in _call_with_frames_removed
  File "/opt/airflow/dags/kolesa_parsing.py", line 6, in <module>
    from utils import find_info, find_elements, populate_list, cities, headers
  File "/opt/airflow/dags/utils.py", line 1, in <module>
    from fake_useragent import UserAgent
ModuleNotFoundError: No module named 'fake_useragent'
[2024-04-06T12:58:27.176+0000] {processor.py:842} WARNING - No viable dags retrieved from /opt/airflow/dags/kolesa_parsing.py
[2024-04-06T12:58:27.256+0000] {processor.py:183} INFO - Processing /opt/airflow/dags/kolesa_parsing.py took 0.457 seconds
[2024-04-06T12:58:57.574+0000] {processor.py:161} INFO - Started process (PID=46) to work on /opt/airflow/dags/kolesa_parsing.py
[2024-04-06T12:58:57.581+0000] {processor.py:830} INFO - Processing file /opt/airflow/dags/kolesa_parsing.py for tasks to queue
[2024-04-06T12:58:57.600+0000] {logging_mixin.py:188} INFO - [2024-04-06T12:58:57.599+0000] {dagbag.py:540} INFO - Filling up the DagBag from /opt/airflow/dags/kolesa_parsing.py
[2024-04-06T12:58:57.696+0000] {logging_mixin.py:188} INFO - [2024-04-06T12:58:57.683+0000] {dagbag.py:350} ERROR - Failed to import: /opt/airflow/dags/kolesa_parsing.py
Traceback (most recent call last):
  File "/home/airflow/.local/lib/python3.8/site-packages/airflow/models/dagbag.py", line 346, in parse
    loader.exec_module(new_module)
  File "<frozen importlib._bootstrap_external>", line 843, in exec_module
  File "<frozen importlib._bootstrap>", line 219, in _call_with_frames_removed
  File "/opt/airflow/dags/kolesa_parsing.py", line 6, in <module>
    from utils import find_info, find_elements, populate_list, cities, headers
  File "/opt/airflow/dags/utils.py", line 1, in <module>
    from fake_useragent import UserAgent
ModuleNotFoundError: No module named 'fake_useragent'
[2024-04-06T12:58:57.699+0000] {processor.py:842} WARNING - No viable dags retrieved from /opt/airflow/dags/kolesa_parsing.py
[2024-04-06T12:58:57.759+0000] {processor.py:183} INFO - Processing /opt/airflow/dags/kolesa_parsing.py took 0.213 seconds
[2024-04-06T12:59:27.874+0000] {processor.py:161} INFO - Started process (PID=56) to work on /opt/airflow/dags/kolesa_parsing.py
[2024-04-06T12:59:27.876+0000] {processor.py:830} INFO - Processing file /opt/airflow/dags/kolesa_parsing.py for tasks to queue
[2024-04-06T12:59:27.880+0000] {logging_mixin.py:188} INFO - [2024-04-06T12:59:27.879+0000] {dagbag.py:540} INFO - Filling up the DagBag from /opt/airflow/dags/kolesa_parsing.py
[2024-04-06T12:59:27.936+0000] {logging_mixin.py:188} INFO - [2024-04-06T12:59:27.924+0000] {dagbag.py:350} ERROR - Failed to import: /opt/airflow/dags/kolesa_parsing.py
Traceback (most recent call last):
  File "/home/airflow/.local/lib/python3.8/site-packages/airflow/models/dagbag.py", line 346, in parse
    loader.exec_module(new_module)
  File "<frozen importlib._bootstrap_external>", line 843, in exec_module
  File "<frozen importlib._bootstrap>", line 219, in _call_with_frames_removed
  File "/opt/airflow/dags/kolesa_parsing.py", line 6, in <module>
    from utils import find_info, find_elements, populate_list, cities, headers
  File "/opt/airflow/dags/utils.py", line 1, in <module>
    from fake_useragent import UserAgent
ModuleNotFoundError: No module named 'fake_useragent'
[2024-04-06T12:59:27.940+0000] {processor.py:842} WARNING - No viable dags retrieved from /opt/airflow/dags/kolesa_parsing.py
[2024-04-06T12:59:27.975+0000] {processor.py:183} INFO - Processing /opt/airflow/dags/kolesa_parsing.py took 0.107 seconds
[2024-04-06T12:59:58.566+0000] {processor.py:161} INFO - Started process (PID=66) to work on /opt/airflow/dags/kolesa_parsing.py
[2024-04-06T12:59:58.568+0000] {processor.py:830} INFO - Processing file /opt/airflow/dags/kolesa_parsing.py for tasks to queue
[2024-04-06T12:59:58.572+0000] {logging_mixin.py:188} INFO - [2024-04-06T12:59:58.572+0000] {dagbag.py:540} INFO - Filling up the DagBag from /opt/airflow/dags/kolesa_parsing.py
[2024-04-06T12:59:58.616+0000] {logging_mixin.py:188} INFO - [2024-04-06T12:59:58.606+0000] {dagbag.py:350} ERROR - Failed to import: /opt/airflow/dags/kolesa_parsing.py
Traceback (most recent call last):
  File "/home/airflow/.local/lib/python3.8/site-packages/airflow/models/dagbag.py", line 346, in parse
    loader.exec_module(new_module)
  File "<frozen importlib._bootstrap_external>", line 843, in exec_module
  File "<frozen importlib._bootstrap>", line 219, in _call_with_frames_removed
  File "/opt/airflow/dags/kolesa_parsing.py", line 6, in <module>
    from utils import find_info, find_elements, populate_list, cities, headers
  File "/opt/airflow/dags/utils.py", line 1, in <module>
    from fake_useragent import UserAgent
ModuleNotFoundError: No module named 'fake_useragent'
[2024-04-06T12:59:58.620+0000] {processor.py:842} WARNING - No viable dags retrieved from /opt/airflow/dags/kolesa_parsing.py
[2024-04-06T12:59:58.756+0000] {processor.py:183} INFO - Processing /opt/airflow/dags/kolesa_parsing.py took 0.195 seconds
[2024-04-06T13:00:29.165+0000] {processor.py:161} INFO - Started process (PID=76) to work on /opt/airflow/dags/kolesa_parsing.py
[2024-04-06T13:00:29.166+0000] {processor.py:830} INFO - Processing file /opt/airflow/dags/kolesa_parsing.py for tasks to queue
[2024-04-06T13:00:29.169+0000] {logging_mixin.py:188} INFO - [2024-04-06T13:00:29.168+0000] {dagbag.py:540} INFO - Filling up the DagBag from /opt/airflow/dags/kolesa_parsing.py
[2024-04-06T13:00:29.206+0000] {logging_mixin.py:188} INFO - [2024-04-06T13:00:29.198+0000] {dagbag.py:350} ERROR - Failed to import: /opt/airflow/dags/kolesa_parsing.py
Traceback (most recent call last):
  File "/home/airflow/.local/lib/python3.8/site-packages/airflow/models/dagbag.py", line 346, in parse
    loader.exec_module(new_module)
  File "<frozen importlib._bootstrap_external>", line 843, in exec_module
  File "<frozen importlib._bootstrap>", line 219, in _call_with_frames_removed
  File "/opt/airflow/dags/kolesa_parsing.py", line 6, in <module>
    from utils import find_info, find_elements, populate_list, cities, headers
  File "/opt/airflow/dags/utils.py", line 1, in <module>
    from fake_useragent import UserAgent
ModuleNotFoundError: No module named 'fake_useragent'
[2024-04-06T13:00:29.208+0000] {processor.py:842} WARNING - No viable dags retrieved from /opt/airflow/dags/kolesa_parsing.py
[2024-04-06T13:00:29.236+0000] {processor.py:183} INFO - Processing /opt/airflow/dags/kolesa_parsing.py took 0.076 seconds
[2024-04-06T13:02:28.296+0000] {processor.py:161} INFO - Started process (PID=36) to work on /opt/airflow/dags/kolesa_parsing.py
[2024-04-06T13:02:28.300+0000] {processor.py:830} INFO - Processing file /opt/airflow/dags/kolesa_parsing.py for tasks to queue
[2024-04-06T13:02:28.310+0000] {logging_mixin.py:188} INFO - [2024-04-06T13:02:28.309+0000] {dagbag.py:540} INFO - Filling up the DagBag from /opt/airflow/dags/kolesa_parsing.py
[2024-04-06T13:02:28.388+0000] {logging_mixin.py:188} INFO - [2024-04-06T13:02:28.377+0000] {dagbag.py:350} ERROR - Failed to import: /opt/airflow/dags/kolesa_parsing.py
Traceback (most recent call last):
  File "/home/airflow/.local/lib/python3.8/site-packages/airflow/models/dagbag.py", line 346, in parse
    loader.exec_module(new_module)
  File "<frozen importlib._bootstrap_external>", line 843, in exec_module
  File "<frozen importlib._bootstrap>", line 219, in _call_with_frames_removed
  File "/opt/airflow/dags/kolesa_parsing.py", line 6, in <module>
    from utils import find_info, find_elements, populate_list, cities, headers
  File "/opt/airflow/dags/utils.py", line 1, in <module>
    from fake_useragent import UserAgent
ModuleNotFoundError: No module named 'fake_useragent'
[2024-04-06T13:02:28.393+0000] {processor.py:842} WARNING - No viable dags retrieved from /opt/airflow/dags/kolesa_parsing.py
[2024-04-06T13:02:28.486+0000] {processor.py:183} INFO - Processing /opt/airflow/dags/kolesa_parsing.py took 0.210 seconds
[2024-04-06T13:02:59.000+0000] {processor.py:161} INFO - Started process (PID=46) to work on /opt/airflow/dags/kolesa_parsing.py
[2024-04-06T13:02:59.002+0000] {processor.py:830} INFO - Processing file /opt/airflow/dags/kolesa_parsing.py for tasks to queue
[2024-04-06T13:02:59.009+0000] {logging_mixin.py:188} INFO - [2024-04-06T13:02:59.008+0000] {dagbag.py:540} INFO - Filling up the DagBag from /opt/airflow/dags/kolesa_parsing.py
[2024-04-06T13:02:59.084+0000] {logging_mixin.py:188} INFO - [2024-04-06T13:02:59.075+0000] {dagbag.py:350} ERROR - Failed to import: /opt/airflow/dags/kolesa_parsing.py
Traceback (most recent call last):
  File "/home/airflow/.local/lib/python3.8/site-packages/airflow/models/dagbag.py", line 346, in parse
    loader.exec_module(new_module)
  File "<frozen importlib._bootstrap_external>", line 843, in exec_module
  File "<frozen importlib._bootstrap>", line 219, in _call_with_frames_removed
  File "/opt/airflow/dags/kolesa_parsing.py", line 6, in <module>
    from utils import find_info, find_elements, populate_list, cities, headers
  File "/opt/airflow/dags/utils.py", line 1, in <module>
    from fake_useragent import UserAgent
ModuleNotFoundError: No module named 'fake_useragent'
[2024-04-06T13:02:59.089+0000] {processor.py:842} WARNING - No viable dags retrieved from /opt/airflow/dags/kolesa_parsing.py
[2024-04-06T13:02:59.128+0000] {processor.py:183} INFO - Processing /opt/airflow/dags/kolesa_parsing.py took 0.135 seconds
[2024-04-06T13:03:29.382+0000] {processor.py:161} INFO - Started process (PID=56) to work on /opt/airflow/dags/kolesa_parsing.py
[2024-04-06T13:03:29.386+0000] {processor.py:830} INFO - Processing file /opt/airflow/dags/kolesa_parsing.py for tasks to queue
[2024-04-06T13:03:29.395+0000] {logging_mixin.py:188} INFO - [2024-04-06T13:03:29.392+0000] {dagbag.py:540} INFO - Filling up the DagBag from /opt/airflow/dags/kolesa_parsing.py
[2024-04-06T13:03:29.815+0000] {logging_mixin.py:188} INFO - [2024-04-06T13:03:29.696+0000] {dagbag.py:350} ERROR - Failed to import: /opt/airflow/dags/kolesa_parsing.py
Traceback (most recent call last):
  File "/home/airflow/.local/lib/python3.8/site-packages/airflow/models/dagbag.py", line 346, in parse
    loader.exec_module(new_module)
  File "<frozen importlib._bootstrap_external>", line 843, in exec_module
  File "<frozen importlib._bootstrap>", line 219, in _call_with_frames_removed
  File "/opt/airflow/dags/kolesa_parsing.py", line 6, in <module>
    from utils import find_info, find_elements, populate_list, cities, headers
  File "/opt/airflow/dags/utils.py", line 1, in <module>
    from fake_useragent import UserAgent
ModuleNotFoundError: No module named 'fake_useragent'
[2024-04-06T13:03:29.847+0000] {processor.py:842} WARNING - No viable dags retrieved from /opt/airflow/dags/kolesa_parsing.py
[2024-04-06T13:03:29.911+0000] {processor.py:183} INFO - Processing /opt/airflow/dags/kolesa_parsing.py took 0.550 seconds
[2024-04-06T13:04:00.826+0000] {processor.py:161} INFO - Started process (PID=66) to work on /opt/airflow/dags/kolesa_parsing.py
[2024-04-06T13:04:00.829+0000] {processor.py:830} INFO - Processing file /opt/airflow/dags/kolesa_parsing.py for tasks to queue
[2024-04-06T13:04:00.834+0000] {logging_mixin.py:188} INFO - [2024-04-06T13:04:00.833+0000] {dagbag.py:540} INFO - Filling up the DagBag from /opt/airflow/dags/kolesa_parsing.py
[2024-04-06T13:04:20.057+0000] {logging_mixin.py:188} INFO - [2024-04-06T13:04:20.050+0000] {dagbag.py:350} ERROR - Failed to import: /opt/airflow/dags/kolesa_parsing.py
Traceback (most recent call last):
  File "/home/airflow/.local/lib/python3.8/site-packages/airflow/models/dagbag.py", line 346, in parse
    loader.exec_module(new_module)
  File "<frozen importlib._bootstrap_external>", line 843, in exec_module
  File "<frozen importlib._bootstrap>", line 219, in _call_with_frames_removed
  File "/opt/airflow/dags/kolesa_parsing.py", line 126, in <module>
    python_callable=_get_data(),
  File "/opt/airflow/dags/kolesa_parsing.py", line 25, in _get_data
    response = requests.get(kolesa_url, headers=headers, timeout=10)
  File "/home/airflow/.local/lib/python3.8/site-packages/requests/api.py", line 73, in get
    return request("get", url, params=params, **kwargs)
  File "/home/airflow/.local/lib/python3.8/site-packages/requests/api.py", line 59, in request
    return session.request(method=method, url=url, **kwargs)
  File "/home/airflow/.local/lib/python3.8/site-packages/requests/sessions.py", line 589, in request
    resp = self.send(prep, **send_kwargs)
  File "/home/airflow/.local/lib/python3.8/site-packages/requests/sessions.py", line 725, in send
    history = [resp for resp in gen]
  File "/home/airflow/.local/lib/python3.8/site-packages/requests/sessions.py", line 725, in <listcomp>
    history = [resp for resp in gen]
  File "/home/airflow/.local/lib/python3.8/site-packages/requests/sessions.py", line 191, in resolve_redirects
    raise TooManyRedirects(
requests.exceptions.TooManyRedirects: Exceeded 30 redirects.
[2024-04-06T13:04:20.057+0000] {processor.py:842} WARNING - No viable dags retrieved from /opt/airflow/dags/kolesa_parsing.py
[2024-04-06T13:04:20.079+0000] {processor.py:183} INFO - Processing /opt/airflow/dags/kolesa_parsing.py took 19.264 seconds
[2024-04-06T13:06:30.366+0000] {processor.py:161} INFO - Started process (PID=37) to work on /opt/airflow/dags/kolesa_parsing.py
[2024-04-06T13:06:30.378+0000] {processor.py:830} INFO - Processing file /opt/airflow/dags/kolesa_parsing.py for tasks to queue
[2024-04-06T13:06:30.386+0000] {logging_mixin.py:188} INFO - [2024-04-06T13:06:30.386+0000] {dagbag.py:540} INFO - Filling up the DagBag from /opt/airflow/dags/kolesa_parsing.py
[2024-04-06T13:06:49.123+0000] {logging_mixin.py:188} INFO - [2024-04-06T13:06:49.111+0000] {dagbag.py:350} ERROR - Failed to import: /opt/airflow/dags/kolesa_parsing.py
Traceback (most recent call last):
  File "/home/airflow/.local/lib/python3.8/site-packages/airflow/models/dagbag.py", line 346, in parse
    loader.exec_module(new_module)
  File "<frozen importlib._bootstrap_external>", line 843, in exec_module
  File "<frozen importlib._bootstrap>", line 219, in _call_with_frames_removed
  File "/opt/airflow/dags/kolesa_parsing.py", line 126, in <module>
    python_callable=_get_data(),
  File "/opt/airflow/dags/kolesa_parsing.py", line 25, in _get_data
    response = requests.get(kolesa_url, headers=headers, timeout=10)
  File "/home/airflow/.local/lib/python3.8/site-packages/requests/api.py", line 73, in get
    return request("get", url, params=params, **kwargs)
  File "/home/airflow/.local/lib/python3.8/site-packages/requests/api.py", line 59, in request
    return session.request(method=method, url=url, **kwargs)
  File "/home/airflow/.local/lib/python3.8/site-packages/requests/sessions.py", line 589, in request
    resp = self.send(prep, **send_kwargs)
  File "/home/airflow/.local/lib/python3.8/site-packages/requests/sessions.py", line 725, in send
    history = [resp for resp in gen]
  File "/home/airflow/.local/lib/python3.8/site-packages/requests/sessions.py", line 725, in <listcomp>
    history = [resp for resp in gen]
  File "/home/airflow/.local/lib/python3.8/site-packages/requests/sessions.py", line 191, in resolve_redirects
    raise TooManyRedirects(
requests.exceptions.TooManyRedirects: Exceeded 30 redirects.
[2024-04-06T13:06:49.125+0000] {processor.py:842} WARNING - No viable dags retrieved from /opt/airflow/dags/kolesa_parsing.py
[2024-04-06T13:06:49.171+0000] {processor.py:183} INFO - Processing /opt/airflow/dags/kolesa_parsing.py took 18.826 seconds
[2024-04-06T13:07:19.315+0000] {processor.py:161} INFO - Started process (PID=57) to work on /opt/airflow/dags/kolesa_parsing.py
[2024-04-06T13:07:19.317+0000] {processor.py:830} INFO - Processing file /opt/airflow/dags/kolesa_parsing.py for tasks to queue
[2024-04-06T13:07:19.320+0000] {logging_mixin.py:188} INFO - [2024-04-06T13:07:19.320+0000] {dagbag.py:540} INFO - Filling up the DagBag from /opt/airflow/dags/kolesa_parsing.py
[2024-04-06T13:07:36.444+0000] {logging_mixin.py:188} INFO - [2024-04-06T13:07:36.350+0000] {dagbag.py:350} ERROR - Failed to import: /opt/airflow/dags/kolesa_parsing.py
Traceback (most recent call last):
  File "/home/airflow/.local/lib/python3.8/site-packages/airflow/models/dagbag.py", line 346, in parse
    loader.exec_module(new_module)
  File "<frozen importlib._bootstrap_external>", line 843, in exec_module
  File "<frozen importlib._bootstrap>", line 219, in _call_with_frames_removed
  File "/opt/airflow/dags/kolesa_parsing.py", line 126, in <module>
    python_callable=_get_data(),
  File "/opt/airflow/dags/kolesa_parsing.py", line 25, in _get_data
    response = requests.get(kolesa_url, headers=headers, timeout=10)
  File "/home/airflow/.local/lib/python3.8/site-packages/requests/api.py", line 73, in get
    return request("get", url, params=params, **kwargs)
  File "/home/airflow/.local/lib/python3.8/site-packages/requests/api.py", line 59, in request
    return session.request(method=method, url=url, **kwargs)
  File "/home/airflow/.local/lib/python3.8/site-packages/requests/sessions.py", line 589, in request
    resp = self.send(prep, **send_kwargs)
  File "/home/airflow/.local/lib/python3.8/site-packages/requests/sessions.py", line 725, in send
    history = [resp for resp in gen]
  File "/home/airflow/.local/lib/python3.8/site-packages/requests/sessions.py", line 725, in <listcomp>
    history = [resp for resp in gen]
  File "/home/airflow/.local/lib/python3.8/site-packages/requests/sessions.py", line 191, in resolve_redirects
    raise TooManyRedirects(
requests.exceptions.TooManyRedirects: Exceeded 30 redirects.
[2024-04-06T13:07:36.450+0000] {processor.py:842} WARNING - No viable dags retrieved from /opt/airflow/dags/kolesa_parsing.py
[2024-04-06T13:07:39.106+0000] {processor.py:183} INFO - Processing /opt/airflow/dags/kolesa_parsing.py took 19.797 seconds
