[2024-04-14T08:52:11.970+0000] {taskinstance.py:1979} INFO - Dependencies all met for dep_context=non-requeueable deps ti=<TaskInstance: currency_parsing.fetch_data scheduled__2024-02-02T00:00:00+00:00 [queued]>
[2024-04-14T08:52:11.993+0000] {taskinstance.py:1979} INFO - Dependencies all met for dep_context=requeueable deps ti=<TaskInstance: currency_parsing.fetch_data scheduled__2024-02-02T00:00:00+00:00 [queued]>
[2024-04-14T08:52:11.994+0000] {taskinstance.py:2193} INFO - Starting attempt 1 of 2
[2024-04-14T08:52:12.040+0000] {taskinstance.py:2214} INFO - Executing <Task(PythonOperator): fetch_data> on 2024-02-02 00:00:00+00:00
[2024-04-14T08:52:12.048+0000] {standard_task_runner.py:60} INFO - Started process 999 to run task
[2024-04-14T08:52:12.075+0000] {standard_task_runner.py:87} INFO - Running: ['***', 'tasks', 'run', 'currency_parsing', 'fetch_data', 'scheduled__2024-02-02T00:00:00+00:00', '--job-id', '269', '--raw', '--subdir', 'DAGS_FOLDER/currency_parsing.py', '--cfg-path', '/tmp/tmp_gkd1uvl']
[2024-04-14T08:52:12.094+0000] {standard_task_runner.py:88} INFO - Job 269: Subtask fetch_data
[2024-04-14T08:52:12.254+0000] {task_command.py:423} INFO - Running <TaskInstance: currency_parsing.fetch_data scheduled__2024-02-02T00:00:00+00:00 [running]> on host e8a1e0443283
[2024-04-14T08:52:12.479+0000] {taskinstance.py:2510} INFO - Exporting env vars: AIRFLOW_CTX_DAG_OWNER='***' AIRFLOW_CTX_DAG_ID='currency_parsing' AIRFLOW_CTX_TASK_ID='fetch_data' AIRFLOW_CTX_EXECUTION_DATE='2024-02-02T00:00:00+00:00' AIRFLOW_CTX_TRY_NUMBER='1' AIRFLOW_CTX_DAG_RUN_ID='scheduled__2024-02-02T00:00:00+00:00'
[2024-04-14T08:52:12.617+0000] {base.py:83} INFO - Using connection ID 'dwh' for task execution.
[2024-04-14T08:52:12.732+0000] {sql.py:572} INFO - Done loading. Loaded a total of 39 rows into currency_parsing
[2024-04-14T08:52:12.733+0000] {python.py:202} INFO - Done. Returned value was: None
[2024-04-14T08:52:12.791+0000] {taskinstance.py:1149} INFO - Marking task as SUCCESS. dag_id=currency_parsing, task_id=fetch_data, execution_date=20240202T000000, start_date=20240414T085211, end_date=20240414T085212
[2024-04-14T08:52:12.923+0000] {local_task_job_runner.py:234} INFO - Task exited with return code 0
[2024-04-14T08:52:12.983+0000] {taskinstance.py:3309} INFO - 0 downstream tasks scheduled from follow-on schedule check
[2024-04-14T10:10:11.102+0000] {taskinstance.py:1979} INFO - Dependencies all met for dep_context=non-requeueable deps ti=<TaskInstance: currency_parsing.fetch_data scheduled__2024-02-02T00:00:00+00:00 [queued]>
[2024-04-14T10:10:11.299+0000] {taskinstance.py:1979} INFO - Dependencies all met for dep_context=requeueable deps ti=<TaskInstance: currency_parsing.fetch_data scheduled__2024-02-02T00:00:00+00:00 [queued]>
[2024-04-14T10:10:11.305+0000] {taskinstance.py:2193} INFO - Starting attempt 1 of 2
[2024-04-14T10:10:11.695+0000] {taskinstance.py:2214} INFO - Executing <Task(PythonOperator): fetch_data> on 2024-02-02 00:00:00+00:00
[2024-04-14T10:10:11.759+0000] {standard_task_runner.py:60} INFO - Started process 387 to run task
[2024-04-14T10:10:11.933+0000] {standard_task_runner.py:87} INFO - Running: ['***', 'tasks', 'run', 'currency_parsing', 'fetch_data', 'scheduled__2024-02-02T00:00:00+00:00', '--job-id', '603', '--raw', '--subdir', 'DAGS_FOLDER/currency_parsing.py', '--cfg-path', '/tmp/tmpgvjl1t9o']
[2024-04-14T10:10:12.116+0000] {standard_task_runner.py:88} INFO - Job 603: Subtask fetch_data
[2024-04-14T10:10:12.881+0000] {task_command.py:423} INFO - Running <TaskInstance: currency_parsing.fetch_data scheduled__2024-02-02T00:00:00+00:00 [running]> on host 1c15aab9396c
[2024-04-14T10:10:14.112+0000] {taskinstance.py:2510} INFO - Exporting env vars: AIRFLOW_CTX_DAG_OWNER='***' AIRFLOW_CTX_DAG_ID='currency_parsing' AIRFLOW_CTX_TASK_ID='fetch_data' AIRFLOW_CTX_EXECUTION_DATE='2024-02-02T00:00:00+00:00' AIRFLOW_CTX_TRY_NUMBER='1' AIRFLOW_CTX_DAG_RUN_ID='scheduled__2024-02-02T00:00:00+00:00'
[2024-04-14T10:10:14.257+0000] {base.py:83} INFO - Using connection ID 'dwh' for task execution.
[2024-04-14T10:10:14.310+0000] {sql.py:572} INFO - Done loading. Loaded a total of 39 rows into currency_parsing
[2024-04-14T10:10:14.312+0000] {python.py:202} INFO - Done. Returned value was: None
[2024-04-14T10:10:14.379+0000] {taskinstance.py:1149} INFO - Marking task as SUCCESS. dag_id=currency_parsing, task_id=fetch_data, execution_date=20240202T000000, start_date=20240414T101011, end_date=20240414T101014
[2024-04-14T10:10:14.549+0000] {local_task_job_runner.py:234} INFO - Task exited with return code 0
[2024-04-14T10:10:14.610+0000] {taskinstance.py:3309} INFO - 0 downstream tasks scheduled from follow-on schedule check
