[2024-05-01T15:04:24.499+0000] {taskinstance.py:1979} INFO - Dependencies all met for dep_context=non-requeueable deps ti=<TaskInstance: currency_parsing.get_data_usd scheduled__2024-04-30T00:00:00+00:00 [queued]>
[2024-05-01T15:04:24.552+0000] {taskinstance.py:1979} INFO - Dependencies all met for dep_context=requeueable deps ti=<TaskInstance: currency_parsing.get_data_usd scheduled__2024-04-30T00:00:00+00:00 [queued]>
[2024-05-01T15:04:24.553+0000] {taskinstance.py:2193} INFO - Starting attempt 1 of 2
[2024-05-01T15:04:24.618+0000] {taskinstance.py:2214} INFO - Executing <Task(PythonOperator): get_data_usd> on 2024-04-30 00:00:00+00:00
[2024-05-01T15:04:24.628+0000] {standard_task_runner.py:60} INFO - Started process 865 to run task
[2024-05-01T15:04:24.639+0000] {standard_task_runner.py:87} INFO - Running: ['***', 'tasks', 'run', 'currency_parsing', 'get_data_usd', 'scheduled__2024-04-30T00:00:00+00:00', '--job-id', '2599', '--raw', '--subdir', 'DAGS_FOLDER/stage/currency_parsing.py', '--cfg-path', '/tmp/tmp7q6mppv5']
[2024-05-01T15:04:24.647+0000] {standard_task_runner.py:88} INFO - Job 2599: Subtask get_data_usd
[2024-05-01T15:04:24.821+0000] {task_command.py:423} INFO - Running <TaskInstance: currency_parsing.get_data_usd scheduled__2024-04-30T00:00:00+00:00 [running]> on host 84be22a86186
[2024-05-01T15:04:25.094+0000] {warnings.py:109} WARNING - /home/***/.local/lib/python3.8/site-packages/***/utils/context.py:207: AirflowContextDeprecationWarning: Accessing 'execution_date' from the template is deprecated and will be removed in a future version. Please use 'data_interval_start' or 'logical_date' instead.
  warnings.warn(_create_deprecation_warning(key, self._deprecation_replacements[key]))

[2024-05-01T15:04:25.326+0000] {taskinstance.py:2510} INFO - Exporting env vars: AIRFLOW_CTX_DAG_OWNER='***' AIRFLOW_CTX_DAG_ID='currency_parsing' AIRFLOW_CTX_TASK_ID='get_data_usd' AIRFLOW_CTX_EXECUTION_DATE='2024-04-30T00:00:00+00:00' AIRFLOW_CTX_TRY_NUMBER='1' AIRFLOW_CTX_DAG_RUN_ID='scheduled__2024-04-30T00:00:00+00:00'
[2024-05-01T15:04:41.665+0000] {python.py:202} INFO - Done. Returned value was: ([['AUD', 1.5241401684, '2024-4-29'], ['BGN', 1.8169402489, '2024-4-29'], ['BRL', 5.110420734, '2024-4-29'], ['CAD', 1.3667202402, '2024-4-29'], ['CHF', 0.9108501288, '2024-4-29'], ['CNY', 7.2337511957, '2024-4-29'], ['CZK', 23.4376746299, '2024-4-29'], ['DKK', 6.95949136, '2024-4-29'], ['EUR', 0.9333201265, '2024-4-29'], ['GBP', 0.7962701512, '2024-4-29'], ['HKD', 7.8247312423, '2024-4-29'], ['HRK', 6.7408409996, '2024-4-29'], ['HUF', 364.8740322379, '2024-4-29'], ['IDR', 16242.86506284, '2024-4-29'], ['ILS', 3.7463605777, '2024-4-29'], ['INR', 83.4454937821, '2024-4-29'], ['ISK', 140.1106953222, '2024-4-29'], ['JPY', 156.3451159867, '2024-4-29'], ['KRW', 1372.9508262524, '2024-4-29'], ['MXN', 17.0049023818, '2024-4-29'], ['MYR', 4.7679106334, '2024-4-29'], ['NOK', 10.9927913114, '2024-4-29'], ['NZD', 1.6747902009, '2024-4-29'], ['PHP', 57.6505282903, '2024-4-29'], ['PLN', 4.024570635, '2024-4-29'], ['RON', 4.6417804677, '2024-4-29'], ['RUB', 93.3495312934, '2024-4-29'], ['SEK', 10.9322813876, '2024-4-29'], ['SGD', 1.3599201362, '2024-4-29'], ['THB', 37.0344457597, '2024-4-29'], ['TRY', 32.3735350235, '2024-4-29'], ['USD', 1, '2024-4-29'], ['ZAR', 18.6320829024, '2024-4-29']], ['title', 'rate', 'date'])
[2024-05-01T15:04:43.943+0000] {taskinstance.py:1149} INFO - Marking task as SUCCESS. dag_id=currency_parsing, task_id=get_data_usd, execution_date=20240430T000000, start_date=20240501T150424, end_date=20240501T150443
[2024-05-01T15:04:44.195+0000] {local_task_job_runner.py:234} INFO - Task exited with return code 0
[2024-05-01T15:04:44.217+0000] {warnings.py:109} WARNING - /home/***/.local/lib/python3.8/site-packages/***/models/baseoperator.py:1201: AirflowProviderDeprecationWarning: Call to deprecated class PostgresOperator. (Please use `***.providers.common.sql.operators.sql.SQLExecuteQueryOperator`.Also, you can provide `hook_params={'schema': <database>}`.)
  result = cls.__new__(cls)

[2024-05-01T15:04:44.262+0000] {taskinstance.py:3309} INFO - 1 downstream tasks scheduled from follow-on schedule check
[2024-05-05T10:54:25.097+0000] {taskinstance.py:1979} INFO - Dependencies all met for dep_context=non-requeueable deps ti=<TaskInstance: currency_parsing.get_data_usd scheduled__2024-04-30T00:00:00+00:00 [queued]>
[2024-05-05T10:54:27.538+0000] {taskinstance.py:1979} INFO - Dependencies all met for dep_context=requeueable deps ti=<TaskInstance: currency_parsing.get_data_usd scheduled__2024-04-30T00:00:00+00:00 [queued]>
[2024-05-05T10:54:27.542+0000] {taskinstance.py:2193} INFO - Starting attempt 1 of 2
[2024-05-05T10:54:28.303+0000] {taskinstance.py:2214} INFO - Executing <Task(PythonOperator): get_data_usd> on 2024-04-30 00:00:00+00:00
[2024-05-05T10:54:28.416+0000] {standard_task_runner.py:60} INFO - Started process 715 to run task
[2024-05-05T10:54:28.465+0000] {standard_task_runner.py:87} INFO - Running: ['***', 'tasks', 'run', 'currency_parsing', 'get_data_usd', 'scheduled__2024-04-30T00:00:00+00:00', '--job-id', '2682', '--raw', '--subdir', 'DAGS_FOLDER/currency_dag/currency_parsing.py', '--cfg-path', '/tmp/tmpbhoht1ao']
[2024-05-05T10:54:28.514+0000] {standard_task_runner.py:88} INFO - Job 2682: Subtask get_data_usd
[2024-05-05T10:54:29.604+0000] {task_command.py:423} INFO - Running <TaskInstance: currency_parsing.get_data_usd scheduled__2024-04-30T00:00:00+00:00 [running]> on host 71addd39200f
[2024-05-05T10:54:30.502+0000] {warnings.py:109} WARNING - /home/***/.local/lib/python3.8/site-packages/***/utils/context.py:207: AirflowContextDeprecationWarning: Accessing 'execution_date' from the template is deprecated and will be removed in a future version. Please use 'data_interval_start' or 'logical_date' instead.
  warnings.warn(_create_deprecation_warning(key, self._deprecation_replacements[key]))

[2024-05-05T10:54:31.388+0000] {taskinstance.py:2510} INFO - Exporting env vars: AIRFLOW_CTX_DAG_OWNER='***' AIRFLOW_CTX_DAG_ID='currency_parsing' AIRFLOW_CTX_TASK_ID='get_data_usd' AIRFLOW_CTX_EXECUTION_DATE='2024-04-30T00:00:00+00:00' AIRFLOW_CTX_TRY_NUMBER='1' AIRFLOW_CTX_DAG_RUN_ID='scheduled__2024-04-30T00:00:00+00:00'
[2024-05-05T10:54:53.859+0000] {python.py:202} INFO - Done. Returned value was: ([['AUD', 1.5241401684, '2024-4-29'], ['BGN', 1.8169402489, '2024-4-29'], ['BRL', 5.110420734, '2024-4-29'], ['CAD', 1.3667202402, '2024-4-29'], ['CHF', 0.9108501288, '2024-4-29'], ['CNY', 7.2337511957, '2024-4-29'], ['CZK', 23.4376746299, '2024-4-29'], ['DKK', 6.95949136, '2024-4-29'], ['EUR', 0.9333201265, '2024-4-29'], ['GBP', 0.7962701512, '2024-4-29'], ['HKD', 7.8247312423, '2024-4-29'], ['HRK', 6.7408409996, '2024-4-29'], ['HUF', 364.8740322379, '2024-4-29'], ['IDR', 16242.86506284, '2024-4-29'], ['ILS', 3.7463605777, '2024-4-29'], ['INR', 83.4454937821, '2024-4-29'], ['ISK', 140.1106953222, '2024-4-29'], ['JPY', 156.3451159867, '2024-4-29'], ['KRW', 1372.9508262524, '2024-4-29'], ['MXN', 17.0049023818, '2024-4-29'], ['MYR', 4.7679106334, '2024-4-29'], ['NOK', 10.9927913114, '2024-4-29'], ['NZD', 1.6747902009, '2024-4-29'], ['PHP', 57.6505282903, '2024-4-29'], ['PLN', 4.024570635, '2024-4-29'], ['RON', 4.6417804677, '2024-4-29'], ['RUB', 93.3495312934, '2024-4-29'], ['SEK', 10.9322813876, '2024-4-29'], ['SGD', 1.3599201362, '2024-4-29'], ['THB', 37.0344457597, '2024-4-29'], ['TRY', 32.3735350235, '2024-4-29'], ['USD', 1, '2024-4-29'], ['ZAR', 18.6320829024, '2024-4-29']], ['title', 'rate', 'date'])
[2024-05-05T10:54:55.441+0000] {taskinstance.py:1149} INFO - Marking task as SUCCESS. dag_id=currency_parsing, task_id=get_data_usd, execution_date=20240430T000000, start_date=20240505T105426, end_date=20240505T105455
[2024-05-05T10:54:58.514+0000] {local_task_job_runner.py:234} INFO - Task exited with return code 0
[2024-05-05T10:54:59.192+0000] {taskinstance.py:3309} INFO - 1 downstream tasks scheduled from follow-on schedule check
