[2024-04-21T11:05:49.806+0000] {taskinstance.py:1979} INFO - Dependencies all met for dep_context=non-requeueable deps ti=<TaskInstance: currency_parsing.get_data_pound scheduled__2024-04-14T00:00:00+00:00 [queued]>
[2024-04-21T11:05:49.929+0000] {taskinstance.py:1979} INFO - Dependencies all met for dep_context=requeueable deps ti=<TaskInstance: currency_parsing.get_data_pound scheduled__2024-04-14T00:00:00+00:00 [queued]>
[2024-04-21T11:05:49.930+0000] {taskinstance.py:2193} INFO - Starting attempt 1 of 2
[2024-04-21T11:05:50.158+0000] {taskinstance.py:2214} INFO - Executing <Task(PythonOperator): get_data_pound> on 2024-04-14 00:00:00+00:00
[2024-04-21T11:05:50.209+0000] {standard_task_runner.py:87} INFO - Running: ['***', 'tasks', 'run', 'currency_parsing', 'get_data_pound', 'scheduled__2024-04-14T00:00:00+00:00', '--job-id', '2058', '--raw', '--subdir', 'DAGS_FOLDER/stage/currency_parsing.py', '--cfg-path', '/tmp/tmpju1il6v5']
[2024-04-21T11:05:50.200+0000] {standard_task_runner.py:60} INFO - Started process 2693 to run task
[2024-04-21T11:05:50.217+0000] {standard_task_runner.py:88} INFO - Job 2058: Subtask get_data_pound
[2024-04-21T11:05:50.628+0000] {task_command.py:423} INFO - Running <TaskInstance: currency_parsing.get_data_pound scheduled__2024-04-14T00:00:00+00:00 [running]> on host e671688b1343
[2024-04-21T11:05:51.175+0000] {warnings.py:109} WARNING - /home/***/.local/lib/python3.8/site-packages/***/utils/context.py:207: AirflowContextDeprecationWarning: Accessing 'execution_date' from the template is deprecated and will be removed in a future version. Please use 'data_interval_start' or 'logical_date' instead.
  warnings.warn(_create_deprecation_warning(key, self._deprecation_replacements[key]))

[2024-04-21T11:05:51.461+0000] {taskinstance.py:2510} INFO - Exporting env vars: AIRFLOW_CTX_DAG_OWNER='***' AIRFLOW_CTX_DAG_ID='currency_parsing' AIRFLOW_CTX_TASK_ID='get_data_pound' AIRFLOW_CTX_EXECUTION_DATE='2024-04-14T00:00:00+00:00' AIRFLOW_CTX_TRY_NUMBER='1' AIRFLOW_CTX_DAG_RUN_ID='scheduled__2024-04-14T00:00:00+00:00'
[2024-04-21T11:05:52.892+0000] {python.py:202} INFO - Done. Returned value was: ([['AUD', 1.9259905605, '2024-4-13'], ['BGN', 2.2788429458, '2024-4-13'], ['BRL', 6.3854496305, '2024-4-13'], ['CAD', 1.7149562938, '2024-4-13'], ['CHF', 1.1381950354, '2024-4-13'], ['CNY', 9.0088527118, '2024-4-13'], ['CZK', 29.6275744022, '2024-4-13'], ['DKK', 8.7288018234, '2024-4-13'], ['EUR', 1.1692606162, '2024-4-13'], ['GBP', 1, '2024-4-13'], ['HKD', 9.7568042023, '2024-4-13'], ['HRK', 8.4655105749, '2024-4-13'], ['HUF', 459.3350821572, '2024-4-13'], ['IDR', 19705.4473264544, '2024-4-13'], ['ILS', 4.696727768, '2024-4-13'], ['INR', 103.9682506728, '2024-4-13'], ['ISK', 176.1264213072, '2024-4-13'], ['JPY', 190.8744652685, '2024-4-13'], ['KRW', 1715.8040111705, '2024-4-13'], ['MXN', 20.7071492836, '2024-4-13'], ['MYR', 5.9387031094, '2024-4-13'], ['NOK', 13.5700379959, '2024-4-13'], ['NZD', 2.0967576645, '2024-4-13'], ['PHP', 70.4793708854, '2024-4-13'], ['PLN', 5.0125633225, '2024-4-13'], ['RON', 5.818138705, '2024-4-13'], ['RUB', 116.1612811709, '2024-4-13'], ['SEK', 13.5542377616, '2024-4-13'], ['SGD', 1.6933660799, '2024-4-13'], ['THB', 45.5652061647, '2024-4-13'], ['TRY', 40.2801998194, '2024-4-13'], ['USD', 1.2451127483, '2024-4-13'], ['ZAR', 23.4496606356, '2024-4-13']], ['title', 'rate', 'date'])
[2024-04-21T11:05:53.122+0000] {taskinstance.py:1149} INFO - Marking task as SUCCESS. dag_id=currency_parsing, task_id=get_data_pound, execution_date=20240414T000000, start_date=20240421T110549, end_date=20240421T110553
[2024-04-21T11:05:53.323+0000] {local_task_job_runner.py:234} INFO - Task exited with return code 0
[2024-04-21T11:05:53.654+0000] {taskinstance.py:3309} INFO - 1 downstream tasks scheduled from follow-on schedule check
[2024-04-27T12:21:02.656+0000] {taskinstance.py:1979} INFO - Dependencies all met for dep_context=non-requeueable deps ti=<TaskInstance: currency_parsing.get_data_pound scheduled__2024-04-14T00:00:00+00:00 [queued]>
[2024-04-27T12:21:03.892+0000] {taskinstance.py:1979} INFO - Dependencies all met for dep_context=requeueable deps ti=<TaskInstance: currency_parsing.get_data_pound scheduled__2024-04-14T00:00:00+00:00 [queued]>
[2024-04-27T12:21:03.941+0000] {taskinstance.py:2193} INFO - Starting attempt 1 of 2
[2024-04-27T12:21:06.209+0000] {taskinstance.py:2214} INFO - Executing <Task(PythonOperator): get_data_pound> on 2024-04-14 00:00:00+00:00
[2024-04-27T12:21:07.369+0000] {standard_task_runner.py:60} INFO - Started process 2003 to run task
[2024-04-27T12:21:07.446+0000] {standard_task_runner.py:87} INFO - Running: ['***', 'tasks', 'run', 'currency_parsing', 'get_data_pound', 'scheduled__2024-04-14T00:00:00+00:00', '--job-id', '2342', '--raw', '--subdir', 'DAGS_FOLDER/stage/currency_parsing.py', '--cfg-path', '/tmp/tmpw95e83rt']
[2024-04-27T12:21:07.703+0000] {standard_task_runner.py:88} INFO - Job 2342: Subtask get_data_pound
[2024-04-27T12:21:09.584+0000] {task_command.py:423} INFO - Running <TaskInstance: currency_parsing.get_data_pound scheduled__2024-04-14T00:00:00+00:00 [running]> on host 65a8688265d1
[2024-04-27T12:21:12.267+0000] {warnings.py:109} WARNING - /home/***/.local/lib/python3.8/site-packages/***/utils/context.py:207: AirflowContextDeprecationWarning: Accessing 'execution_date' from the template is deprecated and will be removed in a future version. Please use 'data_interval_start' or 'logical_date' instead.
  warnings.warn(_create_deprecation_warning(key, self._deprecation_replacements[key]))

[2024-04-27T12:21:13.581+0000] {taskinstance.py:2510} INFO - Exporting env vars: AIRFLOW_CTX_DAG_OWNER='***' AIRFLOW_CTX_DAG_ID='currency_parsing' AIRFLOW_CTX_TASK_ID='get_data_pound' AIRFLOW_CTX_EXECUTION_DATE='2024-04-14T00:00:00+00:00' AIRFLOW_CTX_TRY_NUMBER='1' AIRFLOW_CTX_DAG_RUN_ID='scheduled__2024-04-14T00:00:00+00:00'
[2024-04-27T12:21:18.552+0000] {python.py:202} INFO - Done. Returned value was: ([['AUD', 1.9259905605, '2024-4-13'], ['BGN', 2.2788429458, '2024-4-13'], ['BRL', 6.3854496305, '2024-4-13'], ['CAD', 1.7149562938, '2024-4-13'], ['CHF', 1.1381950354, '2024-4-13'], ['CNY', 9.0088527118, '2024-4-13'], ['CZK', 29.6275744022, '2024-4-13'], ['DKK', 8.7288018234, '2024-4-13'], ['EUR', 1.1692606162, '2024-4-13'], ['GBP', 1, '2024-4-13'], ['HKD', 9.7568042023, '2024-4-13'], ['HRK', 8.4655105749, '2024-4-13'], ['HUF', 459.3350821572, '2024-4-13'], ['IDR', 19705.4473264544, '2024-4-13'], ['ILS', 4.696727768, '2024-4-13'], ['INR', 103.9682506728, '2024-4-13'], ['ISK', 176.1264213072, '2024-4-13'], ['JPY', 190.8744652685, '2024-4-13'], ['KRW', 1715.8040111705, '2024-4-13'], ['MXN', 20.7071492836, '2024-4-13'], ['MYR', 5.9387031094, '2024-4-13'], ['NOK', 13.5700379959, '2024-4-13'], ['NZD', 2.0967576645, '2024-4-13'], ['PHP', 70.4793708854, '2024-4-13'], ['PLN', 5.0125633225, '2024-4-13'], ['RON', 5.818138705, '2024-4-13'], ['RUB', 116.1612811709, '2024-4-13'], ['SEK', 13.5542377616, '2024-4-13'], ['SGD', 1.6933660799, '2024-4-13'], ['THB', 45.5652061647, '2024-4-13'], ['TRY', 40.2801998194, '2024-4-13'], ['USD', 1.2451127483, '2024-4-13'], ['ZAR', 23.4496606356, '2024-4-13']], ['title', 'rate', 'date'])
[2024-04-27T12:21:20.383+0000] {taskinstance.py:1149} INFO - Marking task as SUCCESS. dag_id=currency_parsing, task_id=get_data_pound, execution_date=20240414T000000, start_date=20240427T122103, end_date=20240427T122120
[2024-04-27T12:21:23.242+0000] {local_task_job_runner.py:234} INFO - Task exited with return code 0
[2024-04-27T12:21:26.935+0000] {warnings.py:109} WARNING - /home/***/.local/lib/python3.8/site-packages/***/models/baseoperator.py:1201: AirflowProviderDeprecationWarning: Call to deprecated class PostgresOperator. (Please use `***.providers.common.sql.operators.sql.SQLExecuteQueryOperator`.Also, you can provide `hook_params={'schema': <database>}`.)
  result = cls.__new__(cls)

[2024-04-27T12:21:28.111+0000] {taskinstance.py:3309} INFO - 0 downstream tasks scheduled from follow-on schedule check
