[2024-04-21T09:21:31.789+0000] {taskinstance.py:1979} INFO - Dependencies all met for dep_context=non-requeueable deps ti=<TaskInstance: currency_parsing.fetch_data_kzt scheduled__2024-04-20T00:00:00+00:00 [queued]>
[2024-04-21T09:21:31.805+0000] {taskinstance.py:1979} INFO - Dependencies all met for dep_context=requeueable deps ti=<TaskInstance: currency_parsing.fetch_data_kzt scheduled__2024-04-20T00:00:00+00:00 [queued]>
[2024-04-21T09:21:31.806+0000] {taskinstance.py:2193} INFO - Starting attempt 1 of 2
[2024-04-21T09:21:31.829+0000] {taskinstance.py:2214} INFO - Executing <Task(PythonOperator): fetch_data_kzt> on 2024-04-20 00:00:00+00:00
[2024-04-21T09:21:31.836+0000] {standard_task_runner.py:60} INFO - Started process 1296 to run task
[2024-04-21T09:21:31.841+0000] {standard_task_runner.py:87} INFO - Running: ['***', 'tasks', 'run', 'currency_parsing', 'fetch_data_kzt', 'scheduled__2024-04-20T00:00:00+00:00', '--job-id', '935', '--raw', '--subdir', 'DAGS_FOLDER/stage/currency_parsing.py', '--cfg-path', '/tmp/tmpy9osfboj']
[2024-04-21T09:21:31.845+0000] {standard_task_runner.py:88} INFO - Job 935: Subtask fetch_data_kzt
[2024-04-21T09:21:31.934+0000] {task_command.py:423} INFO - Running <TaskInstance: currency_parsing.fetch_data_kzt scheduled__2024-04-20T00:00:00+00:00 [running]> on host 31aa6d9ea6ff
[2024-04-21T09:21:32.072+0000] {taskinstance.py:2510} INFO - Exporting env vars: AIRFLOW_CTX_DAG_OWNER='***' AIRFLOW_CTX_DAG_ID='currency_parsing' AIRFLOW_CTX_TASK_ID='fetch_data_kzt' AIRFLOW_CTX_EXECUTION_DATE='2024-04-20T00:00:00+00:00' AIRFLOW_CTX_TRY_NUMBER='1' AIRFLOW_CTX_DAG_RUN_ID='scheduled__2024-04-20T00:00:00+00:00'
[2024-04-21T09:21:32.110+0000] {base.py:83} INFO - Using connection ID 'dwh' for task execution.
[2024-04-21T09:21:32.131+0000] {sql.py:572} INFO - Done loading. Loaded a total of 39 rows into stage.currency_parsing_kzt
[2024-04-21T09:21:32.132+0000] {python.py:202} INFO - Done. Returned value was: None
[2024-04-21T09:21:32.148+0000] {taskinstance.py:1149} INFO - Marking task as SUCCESS. dag_id=currency_parsing, task_id=fetch_data_kzt, execution_date=20240420T000000, start_date=20240421T092131, end_date=20240421T092132
[2024-04-21T09:21:32.216+0000] {local_task_job_runner.py:234} INFO - Task exited with return code 0
[2024-04-21T09:21:32.246+0000] {taskinstance.py:3309} INFO - 0 downstream tasks scheduled from follow-on schedule check
[2024-04-21T10:15:04.999+0000] {taskinstance.py:1979} INFO - Dependencies all met for dep_context=non-requeueable deps ti=<TaskInstance: currency_parsing.fetch_data_kzt scheduled__2024-04-20T00:00:00+00:00 [queued]>
[2024-04-21T10:15:05.029+0000] {taskinstance.py:1979} INFO - Dependencies all met for dep_context=requeueable deps ti=<TaskInstance: currency_parsing.fetch_data_kzt scheduled__2024-04-20T00:00:00+00:00 [queued]>
[2024-04-21T10:15:05.030+0000] {taskinstance.py:2193} INFO - Starting attempt 1 of 2
[2024-04-21T10:15:05.068+0000] {taskinstance.py:2214} INFO - Executing <Task(PythonOperator): fetch_data_kzt> on 2024-04-20 00:00:00+00:00
[2024-04-21T10:15:05.078+0000] {standard_task_runner.py:60} INFO - Started process 1431 to run task
[2024-04-21T10:15:05.089+0000] {standard_task_runner.py:87} INFO - Running: ['***', 'tasks', 'run', 'currency_parsing', 'fetch_data_kzt', 'scheduled__2024-04-20T00:00:00+00:00', '--job-id', '958', '--raw', '--subdir', 'DAGS_FOLDER/stage/currency_parsing.py', '--cfg-path', '/tmp/tmp67l5rkxv']
[2024-04-21T10:15:05.098+0000] {standard_task_runner.py:88} INFO - Job 958: Subtask fetch_data_kzt
[2024-04-21T10:15:05.217+0000] {task_command.py:423} INFO - Running <TaskInstance: currency_parsing.fetch_data_kzt scheduled__2024-04-20T00:00:00+00:00 [running]> on host 31aa6d9ea6ff
[2024-04-21T10:15:05.534+0000] {taskinstance.py:2510} INFO - Exporting env vars: AIRFLOW_CTX_DAG_OWNER='***' AIRFLOW_CTX_DAG_ID='currency_parsing' AIRFLOW_CTX_TASK_ID='fetch_data_kzt' AIRFLOW_CTX_EXECUTION_DATE='2024-04-20T00:00:00+00:00' AIRFLOW_CTX_TRY_NUMBER='1' AIRFLOW_CTX_DAG_RUN_ID='scheduled__2024-04-20T00:00:00+00:00'
[2024-04-21T10:15:05.611+0000] {base.py:83} INFO - Using connection ID 'dwh' for task execution.
[2024-04-21T10:15:05.645+0000] {sql.py:572} INFO - Done loading. Loaded a total of 39 rows into stage.currency_parsing_kzt
[2024-04-21T10:15:05.646+0000] {python.py:202} INFO - Done. Returned value was: None
[2024-04-21T10:15:05.668+0000] {taskinstance.py:1149} INFO - Marking task as SUCCESS. dag_id=currency_parsing, task_id=fetch_data_kzt, execution_date=20240420T000000, start_date=20240421T101505, end_date=20240421T101505
[2024-04-21T10:15:05.721+0000] {local_task_job_runner.py:234} INFO - Task exited with return code 0
[2024-04-21T10:15:05.767+0000] {taskinstance.py:3309} INFO - 0 downstream tasks scheduled from follow-on schedule check
[2024-04-21T10:18:18.859+0000] {taskinstance.py:1979} INFO - Dependencies all met for dep_context=non-requeueable deps ti=<TaskInstance: currency_parsing.fetch_data_kzt scheduled__2024-04-20T00:00:00+00:00 [queued]>
[2024-04-21T10:18:18.938+0000] {taskinstance.py:1979} INFO - Dependencies all met for dep_context=requeueable deps ti=<TaskInstance: currency_parsing.fetch_data_kzt scheduled__2024-04-20T00:00:00+00:00 [queued]>
[2024-04-21T10:18:18.940+0000] {taskinstance.py:2193} INFO - Starting attempt 1 of 2
[2024-04-21T10:18:19.051+0000] {taskinstance.py:2214} INFO - Executing <Task(PythonOperator): fetch_data_kzt> on 2024-04-20 00:00:00+00:00
[2024-04-21T10:18:19.094+0000] {standard_task_runner.py:60} INFO - Started process 1517 to run task
[2024-04-21T10:18:19.123+0000] {standard_task_runner.py:87} INFO - Running: ['***', 'tasks', 'run', 'currency_parsing', 'fetch_data_kzt', 'scheduled__2024-04-20T00:00:00+00:00', '--job-id', '976', '--raw', '--subdir', 'DAGS_FOLDER/stage/currency_parsing.py', '--cfg-path', '/tmp/tmp1frd8759']
[2024-04-21T10:18:19.172+0000] {standard_task_runner.py:88} INFO - Job 976: Subtask fetch_data_kzt
[2024-04-21T10:18:19.620+0000] {task_command.py:423} INFO - Running <TaskInstance: currency_parsing.fetch_data_kzt scheduled__2024-04-20T00:00:00+00:00 [running]> on host 31aa6d9ea6ff
[2024-04-21T10:18:20.072+0000] {taskinstance.py:2510} INFO - Exporting env vars: AIRFLOW_CTX_DAG_OWNER='***' AIRFLOW_CTX_DAG_ID='currency_parsing' AIRFLOW_CTX_TASK_ID='fetch_data_kzt' AIRFLOW_CTX_EXECUTION_DATE='2024-04-20T00:00:00+00:00' AIRFLOW_CTX_TRY_NUMBER='1' AIRFLOW_CTX_DAG_RUN_ID='scheduled__2024-04-20T00:00:00+00:00'
[2024-04-21T10:18:20.179+0000] {base.py:83} INFO - Using connection ID 'dwh' for task execution.
[2024-04-21T10:18:20.222+0000] {sql.py:572} INFO - Done loading. Loaded a total of 39 rows into stage.currency_parsing_kzt
[2024-04-21T10:18:20.224+0000] {python.py:202} INFO - Done. Returned value was: None
[2024-04-21T10:18:20.255+0000] {taskinstance.py:1149} INFO - Marking task as SUCCESS. dag_id=currency_parsing, task_id=fetch_data_kzt, execution_date=20240420T000000, start_date=20240421T101818, end_date=20240421T101820
[2024-04-21T10:18:20.330+0000] {local_task_job_runner.py:234} INFO - Task exited with return code 0
[2024-04-21T10:18:20.376+0000] {taskinstance.py:3309} INFO - 0 downstream tasks scheduled from follow-on schedule check
[2024-04-21T10:38:51.606+0000] {taskinstance.py:1979} INFO - Dependencies all met for dep_context=non-requeueable deps ti=<TaskInstance: currency_parsing.fetch_data_kzt scheduled__2024-04-20T00:00:00+00:00 [queued]>
[2024-04-21T10:38:51.661+0000] {taskinstance.py:1979} INFO - Dependencies all met for dep_context=requeueable deps ti=<TaskInstance: currency_parsing.fetch_data_kzt scheduled__2024-04-20T00:00:00+00:00 [queued]>
[2024-04-21T10:38:51.663+0000] {taskinstance.py:2193} INFO - Starting attempt 1 of 2
[2024-04-21T10:38:51.742+0000] {taskinstance.py:2214} INFO - Executing <Task(PythonOperator): fetch_data_kzt> on 2024-04-20 00:00:00+00:00
[2024-04-21T10:38:51.758+0000] {standard_task_runner.py:60} INFO - Started process 237 to run task
[2024-04-21T10:38:51.818+0000] {standard_task_runner.py:87} INFO - Running: ['***', 'tasks', 'run', 'currency_parsing', 'fetch_data_kzt', 'scheduled__2024-04-20T00:00:00+00:00', '--job-id', '996', '--raw', '--subdir', 'DAGS_FOLDER/stage/currency_parsing.py', '--cfg-path', '/tmp/tmpfeesb0is']
[2024-04-21T10:38:51.837+0000] {standard_task_runner.py:88} INFO - Job 996: Subtask fetch_data_kzt
[2024-04-21T10:38:52.084+0000] {task_command.py:423} INFO - Running <TaskInstance: currency_parsing.fetch_data_kzt scheduled__2024-04-20T00:00:00+00:00 [running]> on host e671688b1343
[2024-04-21T10:38:52.527+0000] {taskinstance.py:2510} INFO - Exporting env vars: AIRFLOW_CTX_DAG_OWNER='***' AIRFLOW_CTX_DAG_ID='currency_parsing' AIRFLOW_CTX_TASK_ID='fetch_data_kzt' AIRFLOW_CTX_EXECUTION_DATE='2024-04-20T00:00:00+00:00' AIRFLOW_CTX_TRY_NUMBER='1' AIRFLOW_CTX_DAG_RUN_ID='scheduled__2024-04-20T00:00:00+00:00'
[2024-04-21T10:38:52.653+0000] {base.py:83} INFO - Using connection ID 'dwh' for task execution.
[2024-04-21T10:38:52.740+0000] {sql.py:572} INFO - Done loading. Loaded a total of 39 rows into stage.currency_parsing_kzt
[2024-04-21T10:38:52.743+0000] {python.py:202} INFO - Done. Returned value was: None
[2024-04-21T10:38:52.815+0000] {taskinstance.py:1149} INFO - Marking task as SUCCESS. dag_id=currency_parsing, task_id=fetch_data_kzt, execution_date=20240420T000000, start_date=20240421T103851, end_date=20240421T103852
[2024-04-21T10:38:52.914+0000] {local_task_job_runner.py:234} INFO - Task exited with return code 0
[2024-04-21T10:38:52.993+0000] {taskinstance.py:3309} INFO - 0 downstream tasks scheduled from follow-on schedule check
[2024-04-21T11:06:39.360+0000] {taskinstance.py:1979} INFO - Dependencies all met for dep_context=non-requeueable deps ti=<TaskInstance: currency_parsing.fetch_data_kzt scheduled__2024-04-20T00:00:00+00:00 [queued]>
[2024-04-21T11:06:39.466+0000] {taskinstance.py:1979} INFO - Dependencies all met for dep_context=requeueable deps ti=<TaskInstance: currency_parsing.fetch_data_kzt scheduled__2024-04-20T00:00:00+00:00 [queued]>
[2024-04-21T11:06:39.469+0000] {taskinstance.py:2193} INFO - Starting attempt 1 of 2
[2024-04-21T11:06:39.678+0000] {taskinstance.py:2214} INFO - Executing <Task(PythonOperator): fetch_data_kzt> on 2024-04-20 00:00:00+00:00
[2024-04-21T11:06:39.733+0000] {standard_task_runner.py:60} INFO - Started process 2812 to run task
[2024-04-21T11:06:39.748+0000] {standard_task_runner.py:87} INFO - Running: ['***', 'tasks', 'run', 'currency_parsing', 'fetch_data_kzt', 'scheduled__2024-04-20T00:00:00+00:00', '--job-id', '2113', '--raw', '--subdir', 'DAGS_FOLDER/stage/currency_parsing.py', '--cfg-path', '/tmp/tmp9v776wd6']
[2024-04-21T11:06:39.762+0000] {standard_task_runner.py:88} INFO - Job 2113: Subtask fetch_data_kzt
[2024-04-21T11:06:40.011+0000] {task_command.py:423} INFO - Running <TaskInstance: currency_parsing.fetch_data_kzt scheduled__2024-04-20T00:00:00+00:00 [running]> on host e671688b1343
[2024-04-21T11:06:40.777+0000] {taskinstance.py:2510} INFO - Exporting env vars: AIRFLOW_CTX_DAG_OWNER='***' AIRFLOW_CTX_DAG_ID='currency_parsing' AIRFLOW_CTX_TASK_ID='fetch_data_kzt' AIRFLOW_CTX_EXECUTION_DATE='2024-04-20T00:00:00+00:00' AIRFLOW_CTX_TRY_NUMBER='1' AIRFLOW_CTX_DAG_RUN_ID='scheduled__2024-04-20T00:00:00+00:00'
[2024-04-21T11:06:40.963+0000] {base.py:83} INFO - Using connection ID 'dwh' for task execution.
[2024-04-21T11:06:41.003+0000] {sql.py:572} INFO - Done loading. Loaded a total of 39 rows into stage.currency_parsing_kzt
[2024-04-21T11:06:41.004+0000] {python.py:202} INFO - Done. Returned value was: None
[2024-04-21T11:06:41.039+0000] {taskinstance.py:1149} INFO - Marking task as SUCCESS. dag_id=currency_parsing, task_id=fetch_data_kzt, execution_date=20240420T000000, start_date=20240421T110639, end_date=20240421T110641
[2024-04-21T11:06:41.240+0000] {local_task_job_runner.py:234} INFO - Task exited with return code 0
[2024-04-21T11:06:41.360+0000] {taskinstance.py:3309} INFO - 0 downstream tasks scheduled from follow-on schedule check
[2024-04-27T12:28:01.366+0000] {taskinstance.py:1979} INFO - Dependencies all met for dep_context=non-requeueable deps ti=<TaskInstance: currency_parsing.fetch_data_kzt scheduled__2024-04-20T00:00:00+00:00 [queued]>
[2024-04-27T12:28:01.711+0000] {taskinstance.py:1979} INFO - Dependencies all met for dep_context=requeueable deps ti=<TaskInstance: currency_parsing.fetch_data_kzt scheduled__2024-04-20T00:00:00+00:00 [queued]>
[2024-04-27T12:28:01.726+0000] {taskinstance.py:2193} INFO - Starting attempt 1 of 2
[2024-04-27T12:28:02.605+0000] {taskinstance.py:2214} INFO - Executing <Task(PythonOperator): fetch_data_kzt> on 2024-04-20 00:00:00+00:00
[2024-04-27T12:28:02.649+0000] {standard_task_runner.py:60} INFO - Started process 2368 to run task
[2024-04-27T12:28:02.685+0000] {standard_task_runner.py:87} INFO - Running: ['***', 'tasks', 'run', 'currency_parsing', 'fetch_data_kzt', 'scheduled__2024-04-20T00:00:00+00:00', '--job-id', '2488', '--raw', '--subdir', 'DAGS_FOLDER/stage/currency_parsing.py', '--cfg-path', '/tmp/tmp7ph6k222']
[2024-04-27T12:28:02.732+0000] {standard_task_runner.py:88} INFO - Job 2488: Subtask fetch_data_kzt
[2024-04-27T12:28:04.060+0000] {task_command.py:423} INFO - Running <TaskInstance: currency_parsing.fetch_data_kzt scheduled__2024-04-20T00:00:00+00:00 [running]> on host 65a8688265d1
[2024-04-27T12:28:11.546+0000] {taskinstance.py:2510} INFO - Exporting env vars: AIRFLOW_CTX_DAG_OWNER='***' AIRFLOW_CTX_DAG_ID='currency_parsing' AIRFLOW_CTX_TASK_ID='fetch_data_kzt' AIRFLOW_CTX_EXECUTION_DATE='2024-04-20T00:00:00+00:00' AIRFLOW_CTX_TRY_NUMBER='1' AIRFLOW_CTX_DAG_RUN_ID='scheduled__2024-04-20T00:00:00+00:00'
[2024-04-27T12:28:12.144+0000] {base.py:83} INFO - Using connection ID 'dwh' for task execution.
[2024-04-27T12:28:12.338+0000] {sql.py:572} INFO - Done loading. Loaded a total of 39 rows into stage.currency_parsing_kzt
[2024-04-27T12:28:12.342+0000] {python.py:202} INFO - Done. Returned value was: None
[2024-04-27T12:28:12.415+0000] {taskinstance.py:1149} INFO - Marking task as SUCCESS. dag_id=currency_parsing, task_id=fetch_data_kzt, execution_date=20240420T000000, start_date=20240427T122801, end_date=20240427T122812
[2024-04-27T12:28:12.594+0000] {local_task_job_runner.py:234} INFO - Task exited with return code 0
[2024-04-27T12:28:12.695+0000] {taskinstance.py:3309} INFO - 0 downstream tasks scheduled from follow-on schedule check
