[2024-04-14T08:56:36.568+0000] {taskinstance.py:1979} INFO - Dependencies all met for dep_context=non-requeueable deps ti=<TaskInstance: currency_parsing.fetch_data scheduled__2024-04-10T00:00:00+00:00 [queued]>
[2024-04-14T08:56:36.676+0000] {taskinstance.py:1979} INFO - Dependencies all met for dep_context=requeueable deps ti=<TaskInstance: currency_parsing.fetch_data scheduled__2024-04-10T00:00:00+00:00 [queued]>
[2024-04-14T08:56:36.678+0000] {taskinstance.py:2193} INFO - Starting attempt 1 of 2
[2024-04-14T08:56:36.769+0000] {taskinstance.py:2214} INFO - Executing <Task(PythonOperator): fetch_data> on 2024-04-10 00:00:00+00:00
[2024-04-14T08:56:36.781+0000] {standard_task_runner.py:60} INFO - Started process 1465 to run task
[2024-04-14T08:56:36.803+0000] {standard_task_runner.py:87} INFO - Running: ['***', 'tasks', 'run', 'currency_parsing', 'fetch_data', 'scheduled__2024-04-10T00:00:00+00:00', '--job-id', '473', '--raw', '--subdir', 'DAGS_FOLDER/currency_parsing.py', '--cfg-path', '/tmp/tmpnpmv9d4b']
[2024-04-14T08:56:36.808+0000] {standard_task_runner.py:88} INFO - Job 473: Subtask fetch_data
[2024-04-14T08:56:36.958+0000] {task_command.py:423} INFO - Running <TaskInstance: currency_parsing.fetch_data scheduled__2024-04-10T00:00:00+00:00 [running]> on host e8a1e0443283
[2024-04-14T08:56:37.224+0000] {taskinstance.py:2510} INFO - Exporting env vars: AIRFLOW_CTX_DAG_OWNER='***' AIRFLOW_CTX_DAG_ID='currency_parsing' AIRFLOW_CTX_TASK_ID='fetch_data' AIRFLOW_CTX_EXECUTION_DATE='2024-04-10T00:00:00+00:00' AIRFLOW_CTX_TRY_NUMBER='1' AIRFLOW_CTX_DAG_RUN_ID='scheduled__2024-04-10T00:00:00+00:00'
[2024-04-14T08:56:37.313+0000] {base.py:83} INFO - Using connection ID 'dwh' for task execution.
[2024-04-14T08:56:37.362+0000] {sql.py:572} INFO - Done loading. Loaded a total of 39 rows into currency_parsing
[2024-04-14T08:56:37.363+0000] {python.py:202} INFO - Done. Returned value was: None
[2024-04-14T08:56:37.389+0000] {taskinstance.py:1149} INFO - Marking task as SUCCESS. dag_id=currency_parsing, task_id=fetch_data, execution_date=20240410T000000, start_date=20240414T085636, end_date=20240414T085637
[2024-04-14T08:56:37.450+0000] {local_task_job_runner.py:234} INFO - Task exited with return code 0
[2024-04-14T08:56:37.507+0000] {taskinstance.py:3309} INFO - 0 downstream tasks scheduled from follow-on schedule check
[2024-04-14T10:13:01.779+0000] {taskinstance.py:1979} INFO - Dependencies all met for dep_context=non-requeueable deps ti=<TaskInstance: currency_parsing.fetch_data scheduled__2024-04-10T00:00:00+00:00 [queued]>
[2024-04-14T10:13:01.791+0000] {taskinstance.py:1979} INFO - Dependencies all met for dep_context=requeueable deps ti=<TaskInstance: currency_parsing.fetch_data scheduled__2024-04-10T00:00:00+00:00 [queued]>
[2024-04-14T10:13:01.792+0000] {taskinstance.py:2193} INFO - Starting attempt 1 of 2
[2024-04-14T10:13:01.812+0000] {taskinstance.py:2214} INFO - Executing <Task(PythonOperator): fetch_data> on 2024-04-10 00:00:00+00:00
[2024-04-14T10:13:01.818+0000] {standard_task_runner.py:60} INFO - Started process 768 to run task
[2024-04-14T10:13:01.822+0000] {standard_task_runner.py:87} INFO - Running: ['***', 'tasks', 'run', 'currency_parsing', 'fetch_data', 'scheduled__2024-04-10T00:00:00+00:00', '--job-id', '782', '--raw', '--subdir', 'DAGS_FOLDER/currency_parsing.py', '--cfg-path', '/tmp/tmp01bjgge9']
[2024-04-14T10:13:01.826+0000] {standard_task_runner.py:88} INFO - Job 782: Subtask fetch_data
[2024-04-14T10:13:01.889+0000] {task_command.py:423} INFO - Running <TaskInstance: currency_parsing.fetch_data scheduled__2024-04-10T00:00:00+00:00 [running]> on host 1c15aab9396c
[2024-04-14T10:13:02.008+0000] {taskinstance.py:2510} INFO - Exporting env vars: AIRFLOW_CTX_DAG_OWNER='***' AIRFLOW_CTX_DAG_ID='currency_parsing' AIRFLOW_CTX_TASK_ID='fetch_data' AIRFLOW_CTX_EXECUTION_DATE='2024-04-10T00:00:00+00:00' AIRFLOW_CTX_TRY_NUMBER='1' AIRFLOW_CTX_DAG_RUN_ID='scheduled__2024-04-10T00:00:00+00:00'
[2024-04-14T10:13:02.045+0000] {base.py:83} INFO - Using connection ID 'dwh' for task execution.
[2024-04-14T10:13:02.065+0000] {sql.py:572} INFO - Done loading. Loaded a total of 39 rows into currency_parsing
[2024-04-14T10:13:02.066+0000] {python.py:202} INFO - Done. Returned value was: None
[2024-04-14T10:13:02.077+0000] {taskinstance.py:1149} INFO - Marking task as SUCCESS. dag_id=currency_parsing, task_id=fetch_data, execution_date=20240410T000000, start_date=20240414T101301, end_date=20240414T101302
[2024-04-14T10:13:02.115+0000] {local_task_job_runner.py:234} INFO - Task exited with return code 0
[2024-04-14T10:13:02.137+0000] {taskinstance.py:3309} INFO - 0 downstream tasks scheduled from follow-on schedule check
