[2024-04-21T11:06:38.192+0000] {taskinstance.py:1979} INFO - Dependencies all met for dep_context=non-requeueable deps ti=<TaskInstance: currency_parsing.fetch_data_usd scheduled__2024-04-18T00:00:00+00:00 [queued]>
[2024-04-21T11:06:38.393+0000] {taskinstance.py:1979} INFO - Dependencies all met for dep_context=requeueable deps ti=<TaskInstance: currency_parsing.fetch_data_usd scheduled__2024-04-18T00:00:00+00:00 [queued]>
[2024-04-21T11:06:38.397+0000] {taskinstance.py:2193} INFO - Starting attempt 1 of 2
[2024-04-21T11:06:38.660+0000] {taskinstance.py:2214} INFO - Executing <Task(PythonOperator): fetch_data_usd> on 2024-04-18 00:00:00+00:00
[2024-04-21T11:06:38.676+0000] {standard_task_runner.py:60} INFO - Started process 2808 to run task
[2024-04-21T11:06:38.782+0000] {standard_task_runner.py:87} INFO - Running: ['***', 'tasks', 'run', 'currency_parsing', 'fetch_data_usd', 'scheduled__2024-04-18T00:00:00+00:00', '--job-id', '2110', '--raw', '--subdir', 'DAGS_FOLDER/stage/currency_parsing.py', '--cfg-path', '/tmp/tmpc42dqlm3']
[2024-04-21T11:06:38.862+0000] {standard_task_runner.py:88} INFO - Job 2110: Subtask fetch_data_usd
[2024-04-21T11:06:39.300+0000] {task_command.py:423} INFO - Running <TaskInstance: currency_parsing.fetch_data_usd scheduled__2024-04-18T00:00:00+00:00 [running]> on host e671688b1343
[2024-04-21T11:06:40.059+0000] {taskinstance.py:2510} INFO - Exporting env vars: AIRFLOW_CTX_DAG_OWNER='***' AIRFLOW_CTX_DAG_ID='currency_parsing' AIRFLOW_CTX_TASK_ID='fetch_data_usd' AIRFLOW_CTX_EXECUTION_DATE='2024-04-18T00:00:00+00:00' AIRFLOW_CTX_TRY_NUMBER='1' AIRFLOW_CTX_DAG_RUN_ID='scheduled__2024-04-18T00:00:00+00:00'
[2024-04-21T11:06:40.298+0000] {base.py:83} INFO - Using connection ID 'dwh' for task execution.
[2024-04-21T11:06:40.337+0000] {sql.py:572} INFO - Done loading. Loaded a total of 33 rows into stage.currency_parsing_usd
[2024-04-21T11:06:40.339+0000] {python.py:202} INFO - Done. Returned value was: None
[2024-04-21T11:06:40.395+0000] {taskinstance.py:1149} INFO - Marking task as SUCCESS. dag_id=currency_parsing, task_id=fetch_data_usd, execution_date=20240418T000000, start_date=20240421T110638, end_date=20240421T110640
[2024-04-21T11:06:41.153+0000] {local_task_job_runner.py:234} INFO - Task exited with return code 0
[2024-04-21T11:06:41.378+0000] {taskinstance.py:3309} INFO - 0 downstream tasks scheduled from follow-on schedule check
[2024-04-27T12:25:58.734+0000] {taskinstance.py:1979} INFO - Dependencies all met for dep_context=non-requeueable deps ti=<TaskInstance: currency_parsing.fetch_data_usd scheduled__2024-04-18T00:00:00+00:00 [queued]>
[2024-04-27T12:25:58.885+0000] {taskinstance.py:1979} INFO - Dependencies all met for dep_context=requeueable deps ti=<TaskInstance: currency_parsing.fetch_data_usd scheduled__2024-04-18T00:00:00+00:00 [queued]>
[2024-04-27T12:25:58.898+0000] {taskinstance.py:2193} INFO - Starting attempt 1 of 2
[2024-04-27T12:25:59.244+0000] {taskinstance.py:2214} INFO - Executing <Task(PythonOperator): fetch_data_usd> on 2024-04-18 00:00:00+00:00
[2024-04-27T12:25:59.271+0000] {standard_task_runner.py:60} INFO - Started process 2283 to run task
[2024-04-27T12:25:59.465+0000] {standard_task_runner.py:87} INFO - Running: ['***', 'tasks', 'run', 'currency_parsing', 'fetch_data_usd', 'scheduled__2024-04-18T00:00:00+00:00', '--job-id', '2458', '--raw', '--subdir', 'DAGS_FOLDER/stage/currency_parsing.py', '--cfg-path', '/tmp/tmps264q9dz']
[2024-04-27T12:25:59.490+0000] {standard_task_runner.py:88} INFO - Job 2458: Subtask fetch_data_usd
[2024-04-27T12:26:00.047+0000] {task_command.py:423} INFO - Running <TaskInstance: currency_parsing.fetch_data_usd scheduled__2024-04-18T00:00:00+00:00 [running]> on host 65a8688265d1
[2024-04-27T12:26:01.648+0000] {taskinstance.py:2510} INFO - Exporting env vars: AIRFLOW_CTX_DAG_OWNER='***' AIRFLOW_CTX_DAG_ID='currency_parsing' AIRFLOW_CTX_TASK_ID='fetch_data_usd' AIRFLOW_CTX_EXECUTION_DATE='2024-04-18T00:00:00+00:00' AIRFLOW_CTX_TRY_NUMBER='1' AIRFLOW_CTX_DAG_RUN_ID='scheduled__2024-04-18T00:00:00+00:00'
[2024-04-27T12:26:01.835+0000] {base.py:83} INFO - Using connection ID 'dwh' for task execution.
[2024-04-27T12:26:02.273+0000] {sql.py:572} INFO - Done loading. Loaded a total of 33 rows into stage.currency_parsing_usd
[2024-04-27T12:26:02.276+0000] {python.py:202} INFO - Done. Returned value was: None
[2024-04-27T12:26:02.390+0000] {taskinstance.py:1149} INFO - Marking task as SUCCESS. dag_id=currency_parsing, task_id=fetch_data_usd, execution_date=20240418T000000, start_date=20240427T122558, end_date=20240427T122602
[2024-04-27T12:26:03.557+0000] {local_task_job_runner.py:234} INFO - Task exited with return code 0
[2024-04-27T12:26:03.906+0000] {warnings.py:109} WARNING - /home/***/.local/lib/python3.8/site-packages/***/models/baseoperator.py:1201: AirflowProviderDeprecationWarning: Call to deprecated class PostgresOperator. (Please use `***.providers.common.sql.operators.sql.SQLExecuteQueryOperator`.Also, you can provide `hook_params={'schema': <database>}`.)
  result = cls.__new__(cls)

[2024-04-27T12:26:04.207+0000] {taskinstance.py:3309} INFO - 1 downstream tasks scheduled from follow-on schedule check
