[2024-04-14T08:52:07.701+0000] {taskinstance.py:1979} INFO - Dependencies all met for dep_context=non-requeueable deps ti=<TaskInstance: currency_parsing.fetch_data scheduled__2024-01-29T00:00:00+00:00 [queued]>
[2024-04-14T08:52:07.812+0000] {taskinstance.py:1979} INFO - Dependencies all met for dep_context=requeueable deps ti=<TaskInstance: currency_parsing.fetch_data scheduled__2024-01-29T00:00:00+00:00 [queued]>
[2024-04-14T08:52:07.818+0000] {taskinstance.py:2193} INFO - Starting attempt 1 of 2
[2024-04-14T08:52:08.011+0000] {taskinstance.py:2214} INFO - Executing <Task(PythonOperator): fetch_data> on 2024-01-29 00:00:00+00:00
[2024-04-14T08:52:08.020+0000] {standard_task_runner.py:60} INFO - Started process 992 to run task
[2024-04-14T08:52:08.041+0000] {standard_task_runner.py:87} INFO - Running: ['***', 'tasks', 'run', 'currency_parsing', 'fetch_data', 'scheduled__2024-01-29T00:00:00+00:00', '--job-id', '263', '--raw', '--subdir', 'DAGS_FOLDER/currency_parsing.py', '--cfg-path', '/tmp/tmp_lck7x3v']
[2024-04-14T08:52:08.058+0000] {standard_task_runner.py:88} INFO - Job 263: Subtask fetch_data
[2024-04-14T08:52:08.377+0000] {task_command.py:423} INFO - Running <TaskInstance: currency_parsing.fetch_data scheduled__2024-01-29T00:00:00+00:00 [running]> on host e8a1e0443283
[2024-04-14T08:52:08.955+0000] {taskinstance.py:2510} INFO - Exporting env vars: AIRFLOW_CTX_DAG_OWNER='***' AIRFLOW_CTX_DAG_ID='currency_parsing' AIRFLOW_CTX_TASK_ID='fetch_data' AIRFLOW_CTX_EXECUTION_DATE='2024-01-29T00:00:00+00:00' AIRFLOW_CTX_TRY_NUMBER='1' AIRFLOW_CTX_DAG_RUN_ID='scheduled__2024-01-29T00:00:00+00:00'
[2024-04-14T08:52:09.062+0000] {base.py:83} INFO - Using connection ID 'dwh' for task execution.
[2024-04-14T08:52:09.115+0000] {sql.py:572} INFO - Done loading. Loaded a total of 39 rows into currency_parsing
[2024-04-14T08:52:09.116+0000] {python.py:202} INFO - Done. Returned value was: None
[2024-04-14T08:52:09.167+0000] {taskinstance.py:1149} INFO - Marking task as SUCCESS. dag_id=currency_parsing, task_id=fetch_data, execution_date=20240129T000000, start_date=20240414T085207, end_date=20240414T085209
[2024-04-14T08:52:09.302+0000] {local_task_job_runner.py:234} INFO - Task exited with return code 0
[2024-04-14T08:52:09.523+0000] {taskinstance.py:3309} INFO - 0 downstream tasks scheduled from follow-on schedule check
[2024-04-14T10:09:15.413+0000] {taskinstance.py:1979} INFO - Dependencies all met for dep_context=non-requeueable deps ti=<TaskInstance: currency_parsing.fetch_data scheduled__2024-01-29T00:00:00+00:00 [queued]>
[2024-04-14T10:09:15.474+0000] {taskinstance.py:1979} INFO - Dependencies all met for dep_context=requeueable deps ti=<TaskInstance: currency_parsing.fetch_data scheduled__2024-01-29T00:00:00+00:00 [queued]>
[2024-04-14T10:09:15.476+0000] {taskinstance.py:2193} INFO - Starting attempt 1 of 2
[2024-04-14T10:09:15.578+0000] {taskinstance.py:2214} INFO - Executing <Task(PythonOperator): fetch_data> on 2024-01-29 00:00:00+00:00
[2024-04-14T10:09:15.590+0000] {standard_task_runner.py:60} INFO - Started process 312 to run task
[2024-04-14T10:09:15.611+0000] {standard_task_runner.py:87} INFO - Running: ['***', 'tasks', 'run', 'currency_parsing', 'fetch_data', 'scheduled__2024-01-29T00:00:00+00:00', '--job-id', '571', '--raw', '--subdir', 'DAGS_FOLDER/currency_parsing.py', '--cfg-path', '/tmp/tmp7ug2vncx']
[2024-04-14T10:09:15.636+0000] {standard_task_runner.py:88} INFO - Job 571: Subtask fetch_data
[2024-04-14T10:09:16.004+0000] {task_command.py:423} INFO - Running <TaskInstance: currency_parsing.fetch_data scheduled__2024-01-29T00:00:00+00:00 [running]> on host 1c15aab9396c
[2024-04-14T10:09:16.711+0000] {taskinstance.py:2510} INFO - Exporting env vars: AIRFLOW_CTX_DAG_OWNER='***' AIRFLOW_CTX_DAG_ID='currency_parsing' AIRFLOW_CTX_TASK_ID='fetch_data' AIRFLOW_CTX_EXECUTION_DATE='2024-01-29T00:00:00+00:00' AIRFLOW_CTX_TRY_NUMBER='1' AIRFLOW_CTX_DAG_RUN_ID='scheduled__2024-01-29T00:00:00+00:00'
[2024-04-14T10:09:17.093+0000] {base.py:83} INFO - Using connection ID 'dwh' for task execution.
[2024-04-14T10:09:17.196+0000] {sql.py:572} INFO - Done loading. Loaded a total of 39 rows into currency_parsing
[2024-04-14T10:09:17.199+0000] {python.py:202} INFO - Done. Returned value was: None
[2024-04-14T10:09:17.245+0000] {taskinstance.py:1149} INFO - Marking task as SUCCESS. dag_id=currency_parsing, task_id=fetch_data, execution_date=20240129T000000, start_date=20240414T100915, end_date=20240414T100917
[2024-04-14T10:09:17.357+0000] {local_task_job_runner.py:234} INFO - Task exited with return code 0
[2024-04-14T10:09:18.037+0000] {taskinstance.py:3309} INFO - 0 downstream tasks scheduled from follow-on schedule check
