[2024-05-05T10:11:06.437+0000] {taskinstance.py:1979} INFO - Dependencies all met for dep_context=non-requeueable deps ti=<TaskInstance: currency_parsing.get_data_rub scheduled__2024-05-04T00:00:00+00:00 [queued]>
[2024-05-05T10:11:06.544+0000] {taskinstance.py:1979} INFO - Dependencies all met for dep_context=requeueable deps ti=<TaskInstance: currency_parsing.get_data_rub scheduled__2024-05-04T00:00:00+00:00 [queued]>
[2024-05-05T10:11:06.551+0000] {taskinstance.py:2193} INFO - Starting attempt 1 of 2
[2024-05-05T10:11:06.627+0000] {taskinstance.py:2214} INFO - Executing <Task(PythonOperator): get_data_rub> on 2024-05-04 00:00:00+00:00
[2024-05-05T10:11:06.651+0000] {standard_task_runner.py:60} INFO - Started process 92 to run task
[2024-05-05T10:11:06.687+0000] {standard_task_runner.py:87} INFO - Running: ['***', 'tasks', 'run', 'currency_parsing', 'get_data_rub', 'scheduled__2024-05-04T00:00:00+00:00', '--job-id', '2659', '--raw', '--subdir', 'DAGS_FOLDER/currency_dag/currency_parsing.py', '--cfg-path', '/tmp/tmpqvvxthk2']
[2024-05-05T10:11:06.700+0000] {standard_task_runner.py:88} INFO - Job 2659: Subtask get_data_rub
[2024-05-05T10:11:06.860+0000] {task_command.py:423} INFO - Running <TaskInstance: currency_parsing.get_data_rub scheduled__2024-05-04T00:00:00+00:00 [running]> on host 71addd39200f
[2024-05-05T10:11:07.076+0000] {warnings.py:109} WARNING - /home/***/.local/lib/python3.8/site-packages/***/utils/context.py:207: AirflowContextDeprecationWarning: Accessing 'execution_date' from the template is deprecated and will be removed in a future version. Please use 'data_interval_start' or 'logical_date' instead.
  warnings.warn(_create_deprecation_warning(key, self._deprecation_replacements[key]))

[2024-05-05T10:11:07.209+0000] {taskinstance.py:2510} INFO - Exporting env vars: AIRFLOW_CTX_DAG_OWNER='***' AIRFLOW_CTX_DAG_ID='currency_parsing' AIRFLOW_CTX_TASK_ID='get_data_rub' AIRFLOW_CTX_EXECUTION_DATE='2024-05-04T00:00:00+00:00' AIRFLOW_CTX_TRY_NUMBER='1' AIRFLOW_CTX_DAG_RUN_ID='scheduled__2024-05-04T00:00:00+00:00'
[2024-05-05T10:11:23.245+0000] {python.py:202} INFO - Done. Returned value was: ([['AUD', 0.0165384341, '2024-5-3'], ['BGN', 0.0198586943, '2024-5-3'], ['BRL', 0.0554534438, '2024-5-3'], ['CAD', 0.014963089, '2024-5-3'], ['CHF', 0.0098886207, '2024-5-3'], ['CNY', 0.0791460343, '2024-5-3'], ['CZK', 0.2542849479, '2024-5-3'], ['DKK', 0.0757640027, '2024-5-3'], ['EUR', 0.010153529, '2024-5-3'], ['GBP', 0.0087144113, '2024-5-3'], ['HKD', 0.0853831169, '2024-5-3'], ['HRK', 0.0737719962, '2024-5-3'], ['HUF', 3.9532992477, '2024-5-3'], ['IDR', 175.6501054115, '2024-5-3'], ['ILS', 0.0405551882, '2024-5-3'], ['INR', 0.9111649342, '2024-5-3'], ['ISK', 1.5257075518, '2024-5-3'], ['JPY', 1.672371773, '2024-5-3'], ['KRW', 14.7960827039, '2024-5-3'], ['MXN', 0.1855802064, '2024-5-3'], ['MYR', 0.0518162321, '2024-5-3'], ['NOK', 0.1189713293, '2024-5-3'], ['NZD', 0.0181875764, '2024-5-3'], ['PHP', 0.6247298911, '2024-5-3'], ['PLN', 0.0438942497, '2024-5-3'], ['RON', 0.0505734762, '2024-5-3'], ['RUB', 1, '2024-5-3'], ['SEK', 0.1182654951, '2024-5-3'], ['SGD', 0.0147411481, '2024-5-3'], ['THB', 0.4014918875, '2024-5-3'], ['TRY', 0.3535249487, '2024-5-3'], ['USD', 0.0109330542, '2024-5-3'], ['ZAR', 0.2019930212, '2024-5-3']], ['title', 'rate', 'date'])
[2024-05-05T10:11:23.320+0000] {taskinstance.py:1149} INFO - Marking task as SUCCESS. dag_id=currency_parsing, task_id=get_data_rub, execution_date=20240504T000000, start_date=20240505T101106, end_date=20240505T101123
[2024-05-05T10:11:23.439+0000] {local_task_job_runner.py:234} INFO - Task exited with return code 0
[2024-05-05T10:11:23.501+0000] {taskinstance.py:3309} INFO - 1 downstream tasks scheduled from follow-on schedule check
[2024-05-05T10:54:54.667+0000] {taskinstance.py:1979} INFO - Dependencies all met for dep_context=non-requeueable deps ti=<TaskInstance: currency_parsing.get_data_rub scheduled__2024-05-04T00:00:00+00:00 [queued]>
[2024-05-05T10:54:54.748+0000] {taskinstance.py:1979} INFO - Dependencies all met for dep_context=requeueable deps ti=<TaskInstance: currency_parsing.get_data_rub scheduled__2024-05-04T00:00:00+00:00 [queued]>
[2024-05-05T10:54:54.752+0000] {taskinstance.py:2193} INFO - Starting attempt 1 of 2
[2024-05-05T10:54:56.794+0000] {taskinstance.py:2214} INFO - Executing <Task(PythonOperator): get_data_rub> on 2024-05-04 00:00:00+00:00
[2024-05-05T10:54:57.032+0000] {standard_task_runner.py:60} INFO - Started process 748 to run task
[2024-05-05T10:54:57.140+0000] {standard_task_runner.py:87} INFO - Running: ['***', 'tasks', 'run', 'currency_parsing', 'get_data_rub', 'scheduled__2024-05-04T00:00:00+00:00', '--job-id', '2697', '--raw', '--subdir', 'DAGS_FOLDER/currency_dag/currency_parsing.py', '--cfg-path', '/tmp/tmpwc2y7iar']
[2024-05-05T10:54:57.167+0000] {standard_task_runner.py:88} INFO - Job 2697: Subtask get_data_rub
[2024-05-05T10:54:58.333+0000] {task_command.py:423} INFO - Running <TaskInstance: currency_parsing.get_data_rub scheduled__2024-05-04T00:00:00+00:00 [running]> on host 71addd39200f
[2024-05-05T10:54:59.055+0000] {warnings.py:109} WARNING - /home/***/.local/lib/python3.8/site-packages/***/utils/context.py:207: AirflowContextDeprecationWarning: Accessing 'execution_date' from the template is deprecated and will be removed in a future version. Please use 'data_interval_start' or 'logical_date' instead.
  warnings.warn(_create_deprecation_warning(key, self._deprecation_replacements[key]))

[2024-05-05T10:54:59.617+0000] {taskinstance.py:2510} INFO - Exporting env vars: AIRFLOW_CTX_DAG_OWNER='***' AIRFLOW_CTX_DAG_ID='currency_parsing' AIRFLOW_CTX_TASK_ID='get_data_rub' AIRFLOW_CTX_EXECUTION_DATE='2024-05-04T00:00:00+00:00' AIRFLOW_CTX_TRY_NUMBER='1' AIRFLOW_CTX_DAG_RUN_ID='scheduled__2024-05-04T00:00:00+00:00'
[2024-05-05T10:55:17.273+0000] {python.py:202} INFO - Done. Returned value was: ([['AUD', 0.0165384341, '2024-5-3'], ['BGN', 0.0198586943, '2024-5-3'], ['BRL', 0.0554534438, '2024-5-3'], ['CAD', 0.014963089, '2024-5-3'], ['CHF', 0.0098886207, '2024-5-3'], ['CNY', 0.0791460343, '2024-5-3'], ['CZK', 0.2542849479, '2024-5-3'], ['DKK', 0.0757640027, '2024-5-3'], ['EUR', 0.010153529, '2024-5-3'], ['GBP', 0.0087144113, '2024-5-3'], ['HKD', 0.0853831169, '2024-5-3'], ['HRK', 0.0737719962, '2024-5-3'], ['HUF', 3.9532992477, '2024-5-3'], ['IDR', 175.6501054115, '2024-5-3'], ['ILS', 0.0405551882, '2024-5-3'], ['INR', 0.9111649342, '2024-5-3'], ['ISK', 1.5257075518, '2024-5-3'], ['JPY', 1.672371773, '2024-5-3'], ['KRW', 14.7960827039, '2024-5-3'], ['MXN', 0.1855802064, '2024-5-3'], ['MYR', 0.0518162321, '2024-5-3'], ['NOK', 0.1189713293, '2024-5-3'], ['NZD', 0.0181875764, '2024-5-3'], ['PHP', 0.6247298911, '2024-5-3'], ['PLN', 0.0438942497, '2024-5-3'], ['RON', 0.0505734762, '2024-5-3'], ['RUB', 1, '2024-5-3'], ['SEK', 0.1182654951, '2024-5-3'], ['SGD', 0.0147411481, '2024-5-3'], ['THB', 0.4014918875, '2024-5-3'], ['TRY', 0.3535249487, '2024-5-3'], ['USD', 0.0109330542, '2024-5-3'], ['ZAR', 0.2019930212, '2024-5-3']], ['title', 'rate', 'date'])
[2024-05-05T10:55:18.183+0000] {taskinstance.py:1149} INFO - Marking task as SUCCESS. dag_id=currency_parsing, task_id=get_data_rub, execution_date=20240504T000000, start_date=20240505T105454, end_date=20240505T105518
[2024-05-05T10:55:19.303+0000] {local_task_job_runner.py:234} INFO - Task exited with return code 0
[2024-05-05T10:55:20.126+0000] {taskinstance.py:3309} INFO - 1 downstream tasks scheduled from follow-on schedule check
