[2024-04-21T11:05:02.069+0000] {taskinstance.py:1979} INFO - Dependencies all met for dep_context=non-requeueable deps ti=<TaskInstance: currency_parsing.get_data_usd scheduled__2024-04-10T00:00:00+00:00 [queued]>
[2024-04-21T11:05:02.229+0000] {taskinstance.py:1979} INFO - Dependencies all met for dep_context=requeueable deps ti=<TaskInstance: currency_parsing.get_data_usd scheduled__2024-04-10T00:00:00+00:00 [queued]>
[2024-04-21T11:05:02.230+0000] {taskinstance.py:2193} INFO - Starting attempt 1 of 2
[2024-04-21T11:05:02.497+0000] {taskinstance.py:2214} INFO - Executing <Task(PythonOperator): get_data_usd> on 2024-04-10 00:00:00+00:00
[2024-04-21T11:05:02.552+0000] {standard_task_runner.py:60} INFO - Started process 2590 to run task
[2024-04-21T11:05:02.564+0000] {standard_task_runner.py:87} INFO - Running: ['***', 'tasks', 'run', 'currency_parsing', 'get_data_usd', 'scheduled__2024-04-10T00:00:00+00:00', '--job-id', '2014', '--raw', '--subdir', 'DAGS_FOLDER/stage/currency_parsing.py', '--cfg-path', '/tmp/tmpays2dvct']
[2024-04-21T11:05:02.678+0000] {standard_task_runner.py:88} INFO - Job 2014: Subtask get_data_usd
[2024-04-21T11:05:03.113+0000] {task_command.py:423} INFO - Running <TaskInstance: currency_parsing.get_data_usd scheduled__2024-04-10T00:00:00+00:00 [running]> on host e671688b1343
[2024-04-21T11:05:03.475+0000] {warnings.py:109} WARNING - /home/***/.local/lib/python3.8/site-packages/***/utils/context.py:207: AirflowContextDeprecationWarning: Accessing 'execution_date' from the template is deprecated and will be removed in a future version. Please use 'data_interval_start' or 'logical_date' instead.
  warnings.warn(_create_deprecation_warning(key, self._deprecation_replacements[key]))

[2024-04-21T11:05:03.799+0000] {taskinstance.py:2510} INFO - Exporting env vars: AIRFLOW_CTX_DAG_OWNER='***' AIRFLOW_CTX_DAG_ID='currency_parsing' AIRFLOW_CTX_TASK_ID='get_data_usd' AIRFLOW_CTX_EXECUTION_DATE='2024-04-10T00:00:00+00:00' AIRFLOW_CTX_TRY_NUMBER='1' AIRFLOW_CTX_DAG_RUN_ID='scheduled__2024-04-10T00:00:00+00:00'
[2024-04-21T11:05:05.027+0000] {python.py:202} INFO - Done. Returned value was: ([['AUD', 1.508430192, '2024-4-9'], ['BGN', 1.7972203217, '2024-4-9'], ['BRL', 5.0061508721, '2024-4-9'], ['CAD', 1.3570702685, '2024-4-9'], ['CHF', 0.9030000927, '2024-4-9'], ['CNY', 7.2304609319, '2024-4-9'], ['CZK', 23.3914227048, '2024-4-9'], ['DKK', 6.8685308172, '2024-4-9'], ['EUR', 0.9209701556, '2024-4-9'], ['GBP', 0.7888301158, '2024-4-9'], ['HKD', 7.8291213937, '2024-4-9'], ['HRK', 6.6778308797, '2024-4-9'], ['HUF', 358.9887702504, '2024-4-9'], ['IDR', 15823.462889476, '2024-4-9'], ['ILS', 3.6996806883, '2024-4-9'], ['INR', 83.1774194661, '2024-4-9'], ['ISK', 138.7654978654, '2024-4-9'], ['JPY', 151.7725269615, '2024-4-9'], ['KRW', 1349.0022992238, '2024-4-9'], ['MXN', 16.3809317402, '2024-4-9'], ['MYR', 4.7490409497, '2024-4-9'], ['NOK', 10.6680615398, '2024-4-9'], ['NZD', 1.6487302639, '2024-4-9'], ['PHP', 56.5334210297, '2024-4-9'], ['PLN', 3.9274705038, '2024-4-9'], ['RON', 4.5747104855, '2024-4-9'], ['RUB', 92.7759045236, '2024-4-9'], ['SEK', 10.5491020406, '2024-4-9'], ['SGD', 1.344430184, '2024-4-9'], ['THB', 36.3255565803, '2024-4-9'], ['TRY', 32.2195349592, '2024-4-9'], ['USD', 1, '2024-4-9'], ['ZAR', 18.4530332243, '2024-4-9']], ['title', 'rate', 'date'])
[2024-04-21T11:05:05.171+0000] {taskinstance.py:1149} INFO - Marking task as SUCCESS. dag_id=currency_parsing, task_id=get_data_usd, execution_date=20240410T000000, start_date=20240421T110502, end_date=20240421T110505
[2024-04-21T11:05:05.347+0000] {local_task_job_runner.py:234} INFO - Task exited with return code 0
[2024-04-21T11:05:05.609+0000] {taskinstance.py:3309} INFO - 1 downstream tasks scheduled from follow-on schedule check
[2024-04-27T12:20:00.786+0000] {taskinstance.py:1979} INFO - Dependencies all met for dep_context=non-requeueable deps ti=<TaskInstance: currency_parsing.get_data_usd scheduled__2024-04-10T00:00:00+00:00 [queued]>
[2024-04-27T12:20:01.367+0000] {taskinstance.py:1979} INFO - Dependencies all met for dep_context=requeueable deps ti=<TaskInstance: currency_parsing.get_data_usd scheduled__2024-04-10T00:00:00+00:00 [queued]>
[2024-04-27T12:20:01.375+0000] {taskinstance.py:2193} INFO - Starting attempt 1 of 2
[2024-04-27T12:20:03.447+0000] {taskinstance.py:2214} INFO - Executing <Task(PythonOperator): get_data_usd> on 2024-04-10 00:00:00+00:00
[2024-04-27T12:20:03.598+0000] {standard_task_runner.py:60} INFO - Started process 1953 to run task
[2024-04-27T12:20:03.855+0000] {standard_task_runner.py:87} INFO - Running: ['***', 'tasks', 'run', 'currency_parsing', 'get_data_usd', 'scheduled__2024-04-10T00:00:00+00:00', '--job-id', '2329', '--raw', '--subdir', 'DAGS_FOLDER/stage/currency_parsing.py', '--cfg-path', '/tmp/tmp01vli3np']
[2024-04-27T12:20:04.018+0000] {standard_task_runner.py:88} INFO - Job 2329: Subtask get_data_usd
[2024-04-27T12:20:07.772+0000] {task_command.py:423} INFO - Running <TaskInstance: currency_parsing.get_data_usd scheduled__2024-04-10T00:00:00+00:00 [running]> on host 65a8688265d1
[2024-04-27T12:20:08.971+0000] {warnings.py:109} WARNING - /home/***/.local/lib/python3.8/site-packages/***/utils/context.py:207: AirflowContextDeprecationWarning: Accessing 'execution_date' from the template is deprecated and will be removed in a future version. Please use 'data_interval_start' or 'logical_date' instead.
  warnings.warn(_create_deprecation_warning(key, self._deprecation_replacements[key]))

[2024-04-27T12:20:11.481+0000] {taskinstance.py:2510} INFO - Exporting env vars: AIRFLOW_CTX_DAG_OWNER='***' AIRFLOW_CTX_DAG_ID='currency_parsing' AIRFLOW_CTX_TASK_ID='get_data_usd' AIRFLOW_CTX_EXECUTION_DATE='2024-04-10T00:00:00+00:00' AIRFLOW_CTX_TRY_NUMBER='1' AIRFLOW_CTX_DAG_RUN_ID='scheduled__2024-04-10T00:00:00+00:00'
[2024-04-27T12:20:25.396+0000] {python.py:202} INFO - Done. Returned value was: ([['AUD', 1.508430192, '2024-4-9'], ['BGN', 1.7972203217, '2024-4-9'], ['BRL', 5.0061508721, '2024-4-9'], ['CAD', 1.3570702685, '2024-4-9'], ['CHF', 0.9030000927, '2024-4-9'], ['CNY', 7.2304609319, '2024-4-9'], ['CZK', 23.3914227048, '2024-4-9'], ['DKK', 6.8685308172, '2024-4-9'], ['EUR', 0.9209701556, '2024-4-9'], ['GBP', 0.7888301158, '2024-4-9'], ['HKD', 7.8291213937, '2024-4-9'], ['HRK', 6.6778308797, '2024-4-9'], ['HUF', 358.9887702504, '2024-4-9'], ['IDR', 15823.462889476, '2024-4-9'], ['ILS', 3.6996806883, '2024-4-9'], ['INR', 83.1774194661, '2024-4-9'], ['ISK', 138.7654978654, '2024-4-9'], ['JPY', 151.7725269615, '2024-4-9'], ['KRW', 1349.0022992238, '2024-4-9'], ['MXN', 16.3809317402, '2024-4-9'], ['MYR', 4.7490409497, '2024-4-9'], ['NOK', 10.6680615398, '2024-4-9'], ['NZD', 1.6487302639, '2024-4-9'], ['PHP', 56.5334210297, '2024-4-9'], ['PLN', 3.9274705038, '2024-4-9'], ['RON', 4.5747104855, '2024-4-9'], ['RUB', 92.7759045236, '2024-4-9'], ['SEK', 10.5491020406, '2024-4-9'], ['SGD', 1.344430184, '2024-4-9'], ['THB', 36.3255565803, '2024-4-9'], ['TRY', 32.2195349592, '2024-4-9'], ['USD', 1, '2024-4-9'], ['ZAR', 18.4530332243, '2024-4-9']], ['title', 'rate', 'date'])
[2024-04-27T12:20:25.914+0000] {taskinstance.py:1149} INFO - Marking task as SUCCESS. dag_id=currency_parsing, task_id=get_data_usd, execution_date=20240410T000000, start_date=20240427T122000, end_date=20240427T122025
[2024-04-27T12:20:27.818+0000] {local_task_job_runner.py:234} INFO - Task exited with return code 0
[2024-04-27T12:20:29.329+0000] {warnings.py:109} WARNING - /home/***/.local/lib/python3.8/site-packages/***/models/baseoperator.py:1201: AirflowProviderDeprecationWarning: Call to deprecated class PostgresOperator. (Please use `***.providers.common.sql.operators.sql.SQLExecuteQueryOperator`.Also, you can provide `hook_params={'schema': <database>}`.)
  result = cls.__new__(cls)

[2024-04-27T12:20:29.554+0000] {taskinstance.py:3309} INFO - 0 downstream tasks scheduled from follow-on schedule check
