[2024-04-21T10:18:04.124+0000] {taskinstance.py:1979} INFO - Dependencies all met for dep_context=non-requeueable deps ti=<TaskInstance: currency_parsing.create_schema manual__2024-04-21T10:18:01.399974+00:00 [queued]>
[2024-04-21T10:18:04.148+0000] {taskinstance.py:1979} INFO - Dependencies all met for dep_context=requeueable deps ti=<TaskInstance: currency_parsing.create_schema manual__2024-04-21T10:18:01.399974+00:00 [queued]>
[2024-04-21T10:18:04.149+0000] {taskinstance.py:2193} INFO - Starting attempt 1 of 2
[2024-04-21T10:18:04.228+0000] {taskinstance.py:2214} INFO - Executing <Task(PostgresOperator): create_schema> on 2024-04-21 10:18:01.399974+00:00
[2024-04-21T10:18:04.246+0000] {standard_task_runner.py:60} INFO - Started process 1480 to run task
[2024-04-21T10:18:04.262+0000] {standard_task_runner.py:87} INFO - Running: ['***', 'tasks', 'run', 'currency_parsing', 'create_schema', 'manual__2024-04-21T10:18:01.399974+00:00', '--job-id', '962', '--raw', '--subdir', 'DAGS_FOLDER/stage/currency_parsing.py', '--cfg-path', '/tmp/tmpxhsnt60a']
[2024-04-21T10:18:04.277+0000] {standard_task_runner.py:88} INFO - Job 962: Subtask create_schema
[2024-04-21T10:18:04.479+0000] {task_command.py:423} INFO - Running <TaskInstance: currency_parsing.create_schema manual__2024-04-21T10:18:01.399974+00:00 [running]> on host 31aa6d9ea6ff
[2024-04-21T10:18:04.870+0000] {taskinstance.py:2510} INFO - Exporting env vars: AIRFLOW_CTX_DAG_OWNER='***' AIRFLOW_CTX_DAG_ID='currency_parsing' AIRFLOW_CTX_TASK_ID='create_schema' AIRFLOW_CTX_EXECUTION_DATE='2024-04-21T10:18:01.399974+00:00' AIRFLOW_CTX_TRY_NUMBER='1' AIRFLOW_CTX_DAG_RUN_ID='manual__2024-04-21T10:18:01.399974+00:00'
[2024-04-21T10:18:04.873+0000] {sql.py:276} INFO - Executing: CREATE SCHEMA if not exists stage;
[2024-04-21T10:18:04.895+0000] {base.py:83} INFO - Using connection ID 'dwh' for task execution.
[2024-04-21T10:18:04.915+0000] {base.py:83} INFO - Using connection ID 'dwh' for task execution.
[2024-04-21T10:18:04.922+0000] {sql.py:457} INFO - Running statement: CREATE SCHEMA if not exists stage;, parameters: None
[2024-04-21T10:18:04.924+0000] {warnings.py:109} WARNING - /home/***/.local/lib/python3.8/site-packages/***/providers/common/sql/hooks/sql.py:407: AirflowProviderDeprecationWarning: Call to deprecated method _make_common_data_structure. (The `_make_serializable` method is deprecated and support will be removed in a future version of the common.sql provider. Please update the DbApiHook's provider to a version based on common.sql >= 1.9.1.)
  result = self._make_common_data_structure(handler(cur))

[2024-04-21T10:18:04.950+0000] {taskinstance.py:1149} INFO - Marking task as SUCCESS. dag_id=currency_parsing, task_id=create_schema, execution_date=20240421T101801, start_date=20240421T101804, end_date=20240421T101804
[2024-04-21T10:18:05.007+0000] {local_task_job_runner.py:234} INFO - Task exited with return code 0
[2024-04-21T10:18:05.031+0000] {warnings.py:109} WARNING - /home/***/.local/lib/python3.8/site-packages/***/models/baseoperator.py:1201: AirflowProviderDeprecationWarning: Call to deprecated class PostgresOperator. (Please use `***.providers.common.sql.operators.sql.SQLExecuteQueryOperator`.Also, you can provide `hook_params={'schema': <database>}`.)
  result = cls.__new__(cls)

[2024-04-21T10:18:05.107+0000] {taskinstance.py:3309} INFO - 1 downstream tasks scheduled from follow-on schedule check
