[2024-04-14T08:51:59.750+0000] {taskinstance.py:1979} INFO - Dependencies all met for dep_context=non-requeueable deps ti=<TaskInstance: currency_parsing.fetch_data scheduled__2024-01-22T00:00:00+00:00 [queued]>
[2024-04-14T08:51:59.921+0000] {taskinstance.py:1979} INFO - Dependencies all met for dep_context=requeueable deps ti=<TaskInstance: currency_parsing.fetch_data scheduled__2024-01-22T00:00:00+00:00 [queued]>
[2024-04-14T08:51:59.934+0000] {taskinstance.py:2193} INFO - Starting attempt 1 of 2
[2024-04-14T08:52:00.124+0000] {taskinstance.py:2214} INFO - Executing <Task(PythonOperator): fetch_data> on 2024-01-22 00:00:00+00:00
[2024-04-14T08:52:00.142+0000] {standard_task_runner.py:60} INFO - Started process 979 to run task
[2024-04-14T08:52:00.168+0000] {standard_task_runner.py:87} INFO - Running: ['***', 'tasks', 'run', 'currency_parsing', 'fetch_data', 'scheduled__2024-01-22T00:00:00+00:00', '--job-id', '257', '--raw', '--subdir', 'DAGS_FOLDER/currency_parsing.py', '--cfg-path', '/tmp/tmp_l1jvkku']
[2024-04-14T08:52:00.209+0000] {standard_task_runner.py:88} INFO - Job 257: Subtask fetch_data
[2024-04-14T08:52:00.719+0000] {task_command.py:423} INFO - Running <TaskInstance: currency_parsing.fetch_data scheduled__2024-01-22T00:00:00+00:00 [running]> on host e8a1e0443283
[2024-04-14T08:52:01.403+0000] {taskinstance.py:2510} INFO - Exporting env vars: AIRFLOW_CTX_DAG_OWNER='***' AIRFLOW_CTX_DAG_ID='currency_parsing' AIRFLOW_CTX_TASK_ID='fetch_data' AIRFLOW_CTX_EXECUTION_DATE='2024-01-22T00:00:00+00:00' AIRFLOW_CTX_TRY_NUMBER='1' AIRFLOW_CTX_DAG_RUN_ID='scheduled__2024-01-22T00:00:00+00:00'
[2024-04-14T08:52:01.765+0000] {base.py:83} INFO - Using connection ID 'dwh' for task execution.
[2024-04-14T08:52:01.950+0000] {sql.py:572} INFO - Done loading. Loaded a total of 39 rows into currency_parsing
[2024-04-14T08:52:01.953+0000] {python.py:202} INFO - Done. Returned value was: None
[2024-04-14T08:52:02.145+0000] {taskinstance.py:1149} INFO - Marking task as SUCCESS. dag_id=currency_parsing, task_id=fetch_data, execution_date=20240122T000000, start_date=20240414T085159, end_date=20240414T085202
[2024-04-14T08:52:02.641+0000] {local_task_job_runner.py:234} INFO - Task exited with return code 0
[2024-04-14T08:52:02.980+0000] {taskinstance.py:3309} INFO - 0 downstream tasks scheduled from follow-on schedule check
[2024-04-14T10:09:09.432+0000] {taskinstance.py:1979} INFO - Dependencies all met for dep_context=non-requeueable deps ti=<TaskInstance: currency_parsing.fetch_data scheduled__2024-01-22T00:00:00+00:00 [queued]>
[2024-04-14T10:09:10.234+0000] {taskinstance.py:1979} INFO - Dependencies all met for dep_context=requeueable deps ti=<TaskInstance: currency_parsing.fetch_data scheduled__2024-01-22T00:00:00+00:00 [queued]>
[2024-04-14T10:09:10.249+0000] {taskinstance.py:2193} INFO - Starting attempt 1 of 2
[2024-04-14T10:09:10.796+0000] {taskinstance.py:2214} INFO - Executing <Task(PythonOperator): fetch_data> on 2024-01-22 00:00:00+00:00
[2024-04-14T10:09:10.809+0000] {standard_task_runner.py:60} INFO - Started process 305 to run task
[2024-04-14T10:09:10.867+0000] {standard_task_runner.py:87} INFO - Running: ['***', 'tasks', 'run', 'currency_parsing', 'fetch_data', 'scheduled__2024-01-22T00:00:00+00:00', '--job-id', '567', '--raw', '--subdir', 'DAGS_FOLDER/currency_parsing.py', '--cfg-path', '/tmp/tmpdla7j79b']
[2024-04-14T10:09:10.886+0000] {standard_task_runner.py:88} INFO - Job 567: Subtask fetch_data
[2024-04-14T10:09:11.471+0000] {task_command.py:423} INFO - Running <TaskInstance: currency_parsing.fetch_data scheduled__2024-01-22T00:00:00+00:00 [running]> on host 1c15aab9396c
[2024-04-14T10:09:12.832+0000] {taskinstance.py:2510} INFO - Exporting env vars: AIRFLOW_CTX_DAG_OWNER='***' AIRFLOW_CTX_DAG_ID='currency_parsing' AIRFLOW_CTX_TASK_ID='fetch_data' AIRFLOW_CTX_EXECUTION_DATE='2024-01-22T00:00:00+00:00' AIRFLOW_CTX_TRY_NUMBER='1' AIRFLOW_CTX_DAG_RUN_ID='scheduled__2024-01-22T00:00:00+00:00'
[2024-04-14T10:09:13.092+0000] {base.py:83} INFO - Using connection ID 'dwh' for task execution.
[2024-04-14T10:09:13.191+0000] {sql.py:572} INFO - Done loading. Loaded a total of 39 rows into currency_parsing
[2024-04-14T10:09:13.192+0000] {python.py:202} INFO - Done. Returned value was: None
[2024-04-14T10:09:13.290+0000] {taskinstance.py:1149} INFO - Marking task as SUCCESS. dag_id=currency_parsing, task_id=fetch_data, execution_date=20240122T000000, start_date=20240414T100909, end_date=20240414T100913
[2024-04-14T10:09:13.573+0000] {local_task_job_runner.py:234} INFO - Task exited with return code 0
[2024-04-14T10:09:13.642+0000] {taskinstance.py:3309} INFO - 0 downstream tasks scheduled from follow-on schedule check
