[2024-04-21T11:06:34.240+0000] {taskinstance.py:1979} INFO - Dependencies all met for dep_context=non-requeueable deps ti=<TaskInstance: currency_parsing.fetch_data_usd scheduled__2024-04-17T00:00:00+00:00 [queued]>
[2024-04-21T11:06:34.517+0000] {taskinstance.py:1979} INFO - Dependencies all met for dep_context=requeueable deps ti=<TaskInstance: currency_parsing.fetch_data_usd scheduled__2024-04-17T00:00:00+00:00 [queued]>
[2024-04-21T11:06:34.539+0000] {taskinstance.py:2193} INFO - Starting attempt 1 of 2
[2024-04-21T11:06:35.030+0000] {taskinstance.py:2214} INFO - Executing <Task(PythonOperator): fetch_data_usd> on 2024-04-17 00:00:00+00:00
[2024-04-21T11:06:35.079+0000] {standard_task_runner.py:60} INFO - Started process 2803 to run task
[2024-04-21T11:06:35.150+0000] {standard_task_runner.py:87} INFO - Running: ['***', 'tasks', 'run', 'currency_parsing', 'fetch_data_usd', 'scheduled__2024-04-17T00:00:00+00:00', '--job-id', '2106', '--raw', '--subdir', 'DAGS_FOLDER/stage/currency_parsing.py', '--cfg-path', '/tmp/tmpj6qzh3ap']
[2024-04-21T11:06:35.218+0000] {standard_task_runner.py:88} INFO - Job 2106: Subtask fetch_data_usd
[2024-04-21T11:06:35.667+0000] {task_command.py:423} INFO - Running <TaskInstance: currency_parsing.fetch_data_usd scheduled__2024-04-17T00:00:00+00:00 [running]> on host e671688b1343
[2024-04-21T11:06:36.271+0000] {taskinstance.py:2510} INFO - Exporting env vars: AIRFLOW_CTX_DAG_OWNER='***' AIRFLOW_CTX_DAG_ID='currency_parsing' AIRFLOW_CTX_TASK_ID='fetch_data_usd' AIRFLOW_CTX_EXECUTION_DATE='2024-04-17T00:00:00+00:00' AIRFLOW_CTX_TRY_NUMBER='1' AIRFLOW_CTX_DAG_RUN_ID='scheduled__2024-04-17T00:00:00+00:00'
[2024-04-21T11:06:36.373+0000] {base.py:83} INFO - Using connection ID 'dwh' for task execution.
[2024-04-21T11:06:36.419+0000] {sql.py:572} INFO - Done loading. Loaded a total of 33 rows into stage.currency_parsing_usd
[2024-04-21T11:06:36.422+0000] {python.py:202} INFO - Done. Returned value was: None
[2024-04-21T11:06:36.454+0000] {taskinstance.py:1149} INFO - Marking task as SUCCESS. dag_id=currency_parsing, task_id=fetch_data_usd, execution_date=20240417T000000, start_date=20240421T110634, end_date=20240421T110636
[2024-04-21T11:06:36.638+0000] {local_task_job_runner.py:234} INFO - Task exited with return code 0
[2024-04-21T11:06:36.927+0000] {taskinstance.py:3309} INFO - 0 downstream tasks scheduled from follow-on schedule check
[2024-04-27T12:25:52.278+0000] {taskinstance.py:1979} INFO - Dependencies all met for dep_context=non-requeueable deps ti=<TaskInstance: currency_parsing.fetch_data_usd scheduled__2024-04-17T00:00:00+00:00 [queued]>
[2024-04-27T12:25:52.807+0000] {taskinstance.py:1979} INFO - Dependencies all met for dep_context=requeueable deps ti=<TaskInstance: currency_parsing.fetch_data_usd scheduled__2024-04-17T00:00:00+00:00 [queued]>
[2024-04-27T12:25:52.809+0000] {taskinstance.py:2193} INFO - Starting attempt 1 of 2
[2024-04-27T12:25:53.511+0000] {taskinstance.py:2214} INFO - Executing <Task(PythonOperator): fetch_data_usd> on 2024-04-17 00:00:00+00:00
[2024-04-27T12:25:53.598+0000] {standard_task_runner.py:60} INFO - Started process 2281 to run task
[2024-04-27T12:25:53.778+0000] {standard_task_runner.py:87} INFO - Running: ['***', 'tasks', 'run', 'currency_parsing', 'fetch_data_usd', 'scheduled__2024-04-17T00:00:00+00:00', '--job-id', '2456', '--raw', '--subdir', 'DAGS_FOLDER/stage/currency_parsing.py', '--cfg-path', '/tmp/tmpu60t_orh']
[2024-04-27T12:25:53.850+0000] {standard_task_runner.py:88} INFO - Job 2456: Subtask fetch_data_usd
[2024-04-27T12:25:55.253+0000] {task_command.py:423} INFO - Running <TaskInstance: currency_parsing.fetch_data_usd scheduled__2024-04-17T00:00:00+00:00 [running]> on host 65a8688265d1
[2024-04-27T12:25:58.518+0000] {taskinstance.py:2510} INFO - Exporting env vars: AIRFLOW_CTX_DAG_OWNER='***' AIRFLOW_CTX_DAG_ID='currency_parsing' AIRFLOW_CTX_TASK_ID='fetch_data_usd' AIRFLOW_CTX_EXECUTION_DATE='2024-04-17T00:00:00+00:00' AIRFLOW_CTX_TRY_NUMBER='1' AIRFLOW_CTX_DAG_RUN_ID='scheduled__2024-04-17T00:00:00+00:00'
[2024-04-27T12:25:58.818+0000] {base.py:83} INFO - Using connection ID 'dwh' for task execution.
[2024-04-27T12:25:59.245+0000] {sql.py:572} INFO - Done loading. Loaded a total of 33 rows into stage.currency_parsing_usd
[2024-04-27T12:25:59.246+0000] {python.py:202} INFO - Done. Returned value was: None
[2024-04-27T12:25:59.407+0000] {taskinstance.py:1149} INFO - Marking task as SUCCESS. dag_id=currency_parsing, task_id=fetch_data_usd, execution_date=20240417T000000, start_date=20240427T122552, end_date=20240427T122559
[2024-04-27T12:26:01.162+0000] {local_task_job_runner.py:234} INFO - Task exited with return code 0
[2024-04-27T12:26:01.203+0000] {warnings.py:109} WARNING - /home/***/.local/lib/python3.8/site-packages/***/models/baseoperator.py:1201: AirflowProviderDeprecationWarning: Call to deprecated class PostgresOperator. (Please use `***.providers.common.sql.operators.sql.SQLExecuteQueryOperator`.Also, you can provide `hook_params={'schema': <database>}`.)
  result = cls.__new__(cls)

[2024-04-27T12:26:01.294+0000] {taskinstance.py:3309} INFO - 1 downstream tasks scheduled from follow-on schedule check
