[2024-04-21T11:04:30.915+0000] {taskinstance.py:1979} INFO - Dependencies all met for dep_context=non-requeueable deps ti=<TaskInstance: currency_parsing.get_data_pound scheduled__2024-04-08T00:00:00+00:00 [queued]>
[2024-04-21T11:04:31.066+0000] {taskinstance.py:1979} INFO - Dependencies all met for dep_context=requeueable deps ti=<TaskInstance: currency_parsing.get_data_pound scheduled__2024-04-08T00:00:00+00:00 [queued]>
[2024-04-21T11:04:31.074+0000] {taskinstance.py:2193} INFO - Starting attempt 1 of 2
[2024-04-21T11:04:31.228+0000] {taskinstance.py:2214} INFO - Executing <Task(PythonOperator): get_data_pound> on 2024-04-08 00:00:00+00:00
[2024-04-21T11:04:31.257+0000] {standard_task_runner.py:60} INFO - Started process 2524 to run task
[2024-04-21T11:04:31.290+0000] {standard_task_runner.py:87} INFO - Running: ['***', 'tasks', 'run', 'currency_parsing', 'get_data_pound', 'scheduled__2024-04-08T00:00:00+00:00', '--job-id', '1984', '--raw', '--subdir', 'DAGS_FOLDER/stage/currency_parsing.py', '--cfg-path', '/tmp/tmpe6clqj9_']
[2024-04-21T11:04:31.311+0000] {standard_task_runner.py:88} INFO - Job 1984: Subtask get_data_pound
[2024-04-21T11:04:31.876+0000] {task_command.py:423} INFO - Running <TaskInstance: currency_parsing.get_data_pound scheduled__2024-04-08T00:00:00+00:00 [running]> on host e671688b1343
[2024-04-21T11:04:32.181+0000] {warnings.py:109} WARNING - /home/***/.local/lib/python3.8/site-packages/***/utils/context.py:207: AirflowContextDeprecationWarning: Accessing 'execution_date' from the template is deprecated and will be removed in a future version. Please use 'data_interval_start' or 'logical_date' instead.
  warnings.warn(_create_deprecation_warning(key, self._deprecation_replacements[key]))

[2024-04-21T11:04:32.467+0000] {taskinstance.py:2510} INFO - Exporting env vars: AIRFLOW_CTX_DAG_OWNER='***' AIRFLOW_CTX_DAG_ID='currency_parsing' AIRFLOW_CTX_TASK_ID='get_data_pound' AIRFLOW_CTX_EXECUTION_DATE='2024-04-08T00:00:00+00:00' AIRFLOW_CTX_TRY_NUMBER='1' AIRFLOW_CTX_DAG_RUN_ID='scheduled__2024-04-08T00:00:00+00:00'
[2024-04-21T11:04:33.741+0000] {python.py:202} INFO - Done. Returned value was: ([['AUD', 1.9212080765, '2024-4-7'], ['BGN', 2.2711626767, '2024-4-7'], ['BRL', 6.3991739189, '2024-4-7'], ['CAD', 1.7174857397, '2024-4-7'], ['CHF', 1.1400449353, '2024-4-7'], ['CNY', 9.135171007, '2024-4-7'], ['CZK', 29.4685958667, '2024-4-7'], ['DKK', 8.6926235868, '2024-4-7'], ['EUR', 1.1652103952, '2024-4-7'], ['GBP', 1, '2024-4-7'], ['HKD', 9.8805237083, '2024-4-7'], ['HRK', 8.4654909678, '2024-4-7'], ['HUF', 453.7230079273, '2024-4-7'], ['IDR', 20025.5001728697, '2024-4-7'], ['ILS', 4.7384336415, '2024-4-7'], ['INR', 105.1879973154, '2024-4-7'], ['ISK', 175.2360137338, '2024-4-7'], ['JPY', 191.4910004227, '2024-4-7'], ['KRW', 1704.1000764983, '2024-4-7'], ['MXN', 20.7747982862, '2024-4-7'], ['MYR', 5.9942040237, '2024-4-7'], ['NOK', 13.5732988222, '2024-4-7'], ['NZD', 2.102580953, '2024-4-7'], ['PHP', 71.3782998861, '2024-4-7'], ['PLN', 4.9884966262, '2024-4-7'], ['RON', 5.7878303475, '2024-4-7'], ['RUB', 116.9180045178, '2024-4-7'], ['SEK', 13.4419039703, '2024-4-7'], ['SGD', 1.7036339885, '2024-4-7'], ['THB', 46.2774994301, '2024-4-7'], ['TRY', 40.3075021919, '2024-4-7'], ['USD', 1.2626898304, '2024-4-7'], ['ZAR', 23.6200939472, '2024-4-7']], ['title', 'rate', 'date'])
[2024-04-21T11:04:33.859+0000] {taskinstance.py:1149} INFO - Marking task as SUCCESS. dag_id=currency_parsing, task_id=get_data_pound, execution_date=20240408T000000, start_date=20240421T110430, end_date=20240421T110433
[2024-04-21T11:04:33.917+0000] {local_task_job_runner.py:234} INFO - Task exited with return code 0
[2024-04-21T11:04:34.112+0000] {taskinstance.py:3309} INFO - 1 downstream tasks scheduled from follow-on schedule check
[2024-04-27T12:19:34.283+0000] {taskinstance.py:1979} INFO - Dependencies all met for dep_context=non-requeueable deps ti=<TaskInstance: currency_parsing.get_data_pound scheduled__2024-04-08T00:00:00+00:00 [queued]>
[2024-04-27T12:19:35.484+0000] {taskinstance.py:1979} INFO - Dependencies all met for dep_context=requeueable deps ti=<TaskInstance: currency_parsing.get_data_pound scheduled__2024-04-08T00:00:00+00:00 [queued]>
[2024-04-27T12:19:35.708+0000] {taskinstance.py:2193} INFO - Starting attempt 1 of 2
[2024-04-27T12:19:38.964+0000] {taskinstance.py:2214} INFO - Executing <Task(PythonOperator): get_data_pound> on 2024-04-08 00:00:00+00:00
[2024-04-27T12:19:39.379+0000] {standard_task_runner.py:87} INFO - Running: ['***', 'tasks', 'run', 'currency_parsing', 'get_data_pound', 'scheduled__2024-04-08T00:00:00+00:00', '--job-id', '2320', '--raw', '--subdir', 'DAGS_FOLDER/stage/currency_parsing.py', '--cfg-path', '/tmp/tmp80ijskep']
[2024-04-27T12:19:39.397+0000] {standard_task_runner.py:88} INFO - Job 2320: Subtask get_data_pound
[2024-04-27T12:19:39.352+0000] {standard_task_runner.py:60} INFO - Started process 1931 to run task
[2024-04-27T12:19:39.946+0000] {task_command.py:423} INFO - Running <TaskInstance: currency_parsing.get_data_pound scheduled__2024-04-08T00:00:00+00:00 [running]> on host 65a8688265d1
[2024-04-27T12:19:41.351+0000] {warnings.py:109} WARNING - /home/***/.local/lib/python3.8/site-packages/***/utils/context.py:207: AirflowContextDeprecationWarning: Accessing 'execution_date' from the template is deprecated and will be removed in a future version. Please use 'data_interval_start' or 'logical_date' instead.
  warnings.warn(_create_deprecation_warning(key, self._deprecation_replacements[key]))

[2024-04-27T12:19:42.258+0000] {taskinstance.py:2510} INFO - Exporting env vars: AIRFLOW_CTX_DAG_OWNER='***' AIRFLOW_CTX_DAG_ID='currency_parsing' AIRFLOW_CTX_TASK_ID='get_data_pound' AIRFLOW_CTX_EXECUTION_DATE='2024-04-08T00:00:00+00:00' AIRFLOW_CTX_TRY_NUMBER='1' AIRFLOW_CTX_DAG_RUN_ID='scheduled__2024-04-08T00:00:00+00:00'
[2024-04-27T12:19:51.194+0000] {python.py:202} INFO - Done. Returned value was: ([['AUD', 1.9212080765, '2024-4-7'], ['BGN', 2.2711626767, '2024-4-7'], ['BRL', 6.3991739189, '2024-4-7'], ['CAD', 1.7174857397, '2024-4-7'], ['CHF', 1.1400449353, '2024-4-7'], ['CNY', 9.135171007, '2024-4-7'], ['CZK', 29.4685958667, '2024-4-7'], ['DKK', 8.6926235868, '2024-4-7'], ['EUR', 1.1652103952, '2024-4-7'], ['GBP', 1, '2024-4-7'], ['HKD', 9.8805237083, '2024-4-7'], ['HRK', 8.4654909678, '2024-4-7'], ['HUF', 453.7230079273, '2024-4-7'], ['IDR', 20025.5001728697, '2024-4-7'], ['ILS', 4.7384336415, '2024-4-7'], ['INR', 105.1879973154, '2024-4-7'], ['ISK', 175.2360137338, '2024-4-7'], ['JPY', 191.4910004227, '2024-4-7'], ['KRW', 1704.1000764983, '2024-4-7'], ['MXN', 20.7747982862, '2024-4-7'], ['MYR', 5.9942040237, '2024-4-7'], ['NOK', 13.5732988222, '2024-4-7'], ['NZD', 2.102580953, '2024-4-7'], ['PHP', 71.3782998861, '2024-4-7'], ['PLN', 4.9884966262, '2024-4-7'], ['RON', 5.7878303475, '2024-4-7'], ['RUB', 116.9180045178, '2024-4-7'], ['SEK', 13.4419039703, '2024-4-7'], ['SGD', 1.7036339885, '2024-4-7'], ['THB', 46.2774994301, '2024-4-7'], ['TRY', 40.3075021919, '2024-4-7'], ['USD', 1.2626898304, '2024-4-7'], ['ZAR', 23.6200939472, '2024-4-7']], ['title', 'rate', 'date'])
[2024-04-27T12:19:52.868+0000] {taskinstance.py:1149} INFO - Marking task as SUCCESS. dag_id=currency_parsing, task_id=get_data_pound, execution_date=20240408T000000, start_date=20240427T121934, end_date=20240427T121952
[2024-04-27T12:19:53.654+0000] {local_task_job_runner.py:234} INFO - Task exited with return code 0
[2024-04-27T12:19:53.838+0000] {warnings.py:109} WARNING - /home/***/.local/lib/python3.8/site-packages/***/models/baseoperator.py:1201: AirflowProviderDeprecationWarning: Call to deprecated class PostgresOperator. (Please use `***.providers.common.sql.operators.sql.SQLExecuteQueryOperator`.Also, you can provide `hook_params={'schema': <database>}`.)
  result = cls.__new__(cls)

[2024-04-27T12:19:54.575+0000] {taskinstance.py:3309} INFO - 1 downstream tasks scheduled from follow-on schedule check
