[2024-04-14T08:52:40.413+0000] {taskinstance.py:1979} INFO - Dependencies all met for dep_context=non-requeueable deps ti=<TaskInstance: currency_parsing.fetch_data scheduled__2024-02-04T00:00:00+00:00 [queued]>
[2024-04-14T08:52:40.655+0000] {taskinstance.py:1979} INFO - Dependencies all met for dep_context=requeueable deps ti=<TaskInstance: currency_parsing.fetch_data scheduled__2024-02-04T00:00:00+00:00 [queued]>
[2024-04-14T08:52:40.674+0000] {taskinstance.py:2193} INFO - Starting attempt 1 of 2
[2024-04-14T08:52:41.103+0000] {taskinstance.py:2214} INFO - Executing <Task(PythonOperator): fetch_data> on 2024-02-04 00:00:00+00:00
[2024-04-14T08:52:41.156+0000] {standard_task_runner.py:60} INFO - Started process 1077 to run task
[2024-04-14T08:52:41.229+0000] {standard_task_runner.py:87} INFO - Running: ['***', 'tasks', 'run', 'currency_parsing', 'fetch_data', 'scheduled__2024-02-04T00:00:00+00:00', '--job-id', '298', '--raw', '--subdir', 'DAGS_FOLDER/currency_parsing.py', '--cfg-path', '/tmp/tmp_hukau8a']
[2024-04-14T08:52:41.286+0000] {standard_task_runner.py:88} INFO - Job 298: Subtask fetch_data
[2024-04-14T08:52:41.887+0000] {task_command.py:423} INFO - Running <TaskInstance: currency_parsing.fetch_data scheduled__2024-02-04T00:00:00+00:00 [running]> on host e8a1e0443283
[2024-04-14T08:52:42.997+0000] {taskinstance.py:2510} INFO - Exporting env vars: AIRFLOW_CTX_DAG_OWNER='***' AIRFLOW_CTX_DAG_ID='currency_parsing' AIRFLOW_CTX_TASK_ID='fetch_data' AIRFLOW_CTX_EXECUTION_DATE='2024-02-04T00:00:00+00:00' AIRFLOW_CTX_TRY_NUMBER='1' AIRFLOW_CTX_DAG_RUN_ID='scheduled__2024-02-04T00:00:00+00:00'
[2024-04-14T08:52:43.357+0000] {base.py:83} INFO - Using connection ID 'dwh' for task execution.
[2024-04-14T08:52:43.460+0000] {sql.py:572} INFO - Done loading. Loaded a total of 39 rows into currency_parsing
[2024-04-14T08:52:43.462+0000] {python.py:202} INFO - Done. Returned value was: None
[2024-04-14T08:52:43.581+0000] {taskinstance.py:1149} INFO - Marking task as SUCCESS. dag_id=currency_parsing, task_id=fetch_data, execution_date=20240204T000000, start_date=20240414T085240, end_date=20240414T085243
[2024-04-14T08:52:43.897+0000] {local_task_job_runner.py:234} INFO - Task exited with return code 0
[2024-04-14T08:52:44.301+0000] {taskinstance.py:3309} INFO - 0 downstream tasks scheduled from follow-on schedule check
[2024-04-14T10:10:13.341+0000] {taskinstance.py:1979} INFO - Dependencies all met for dep_context=non-requeueable deps ti=<TaskInstance: currency_parsing.fetch_data scheduled__2024-02-04T00:00:00+00:00 [queued]>
[2024-04-14T10:10:13.491+0000] {taskinstance.py:1979} INFO - Dependencies all met for dep_context=requeueable deps ti=<TaskInstance: currency_parsing.fetch_data scheduled__2024-02-04T00:00:00+00:00 [queued]>
[2024-04-14T10:10:13.506+0000] {taskinstance.py:2193} INFO - Starting attempt 1 of 2
[2024-04-14T10:10:13.988+0000] {taskinstance.py:2214} INFO - Executing <Task(PythonOperator): fetch_data> on 2024-02-04 00:00:00+00:00
[2024-04-14T10:10:14.067+0000] {standard_task_runner.py:60} INFO - Started process 394 to run task
[2024-04-14T10:10:14.111+0000] {standard_task_runner.py:87} INFO - Running: ['***', 'tasks', 'run', 'currency_parsing', 'fetch_data', 'scheduled__2024-02-04T00:00:00+00:00', '--job-id', '605', '--raw', '--subdir', 'DAGS_FOLDER/currency_parsing.py', '--cfg-path', '/tmp/tmp481tx9r9']
[2024-04-14T10:10:14.236+0000] {standard_task_runner.py:88} INFO - Job 605: Subtask fetch_data
[2024-04-14T10:10:14.762+0000] {task_command.py:423} INFO - Running <TaskInstance: currency_parsing.fetch_data scheduled__2024-02-04T00:00:00+00:00 [running]> on host 1c15aab9396c
[2024-04-14T10:10:16.401+0000] {taskinstance.py:2510} INFO - Exporting env vars: AIRFLOW_CTX_DAG_OWNER='***' AIRFLOW_CTX_DAG_ID='currency_parsing' AIRFLOW_CTX_TASK_ID='fetch_data' AIRFLOW_CTX_EXECUTION_DATE='2024-02-04T00:00:00+00:00' AIRFLOW_CTX_TRY_NUMBER='1' AIRFLOW_CTX_DAG_RUN_ID='scheduled__2024-02-04T00:00:00+00:00'
[2024-04-14T10:10:16.775+0000] {base.py:83} INFO - Using connection ID 'dwh' for task execution.
[2024-04-14T10:10:16.815+0000] {sql.py:572} INFO - Done loading. Loaded a total of 39 rows into currency_parsing
[2024-04-14T10:10:16.816+0000] {python.py:202} INFO - Done. Returned value was: None
[2024-04-14T10:10:16.845+0000] {taskinstance.py:1149} INFO - Marking task as SUCCESS. dag_id=currency_parsing, task_id=fetch_data, execution_date=20240204T000000, start_date=20240414T101013, end_date=20240414T101016
[2024-04-14T10:10:17.139+0000] {local_task_job_runner.py:234} INFO - Task exited with return code 0
[2024-04-14T10:10:17.336+0000] {taskinstance.py:3309} INFO - 0 downstream tasks scheduled from follow-on schedule check
