[2024-04-14T08:51:08.585+0000] {taskinstance.py:1979} INFO - Dependencies all met for dep_context=non-requeueable deps ti=<TaskInstance: currency_parsing.fetch_data scheduled__2024-01-04T00:00:00+00:00 [queued]>
[2024-04-14T08:51:08.835+0000] {taskinstance.py:1979} INFO - Dependencies all met for dep_context=requeueable deps ti=<TaskInstance: currency_parsing.fetch_data scheduled__2024-01-04T00:00:00+00:00 [queued]>
[2024-04-14T08:51:08.836+0000] {taskinstance.py:2193} INFO - Starting attempt 1 of 2
[2024-04-14T08:51:09.168+0000] {taskinstance.py:2214} INFO - Executing <Task(PythonOperator): fetch_data> on 2024-01-04 00:00:00+00:00
[2024-04-14T08:51:09.185+0000] {standard_task_runner.py:60} INFO - Started process 872 to run task
[2024-04-14T08:51:09.303+0000] {standard_task_runner.py:87} INFO - Running: ['***', 'tasks', 'run', 'currency_parsing', 'fetch_data', 'scheduled__2024-01-04T00:00:00+00:00', '--job-id', '211', '--raw', '--subdir', 'DAGS_FOLDER/currency_parsing.py', '--cfg-path', '/tmp/tmptqwi4v35']
[2024-04-14T08:51:09.345+0000] {standard_task_runner.py:88} INFO - Job 211: Subtask fetch_data
[2024-04-14T08:51:09.815+0000] {task_command.py:423} INFO - Running <TaskInstance: currency_parsing.fetch_data scheduled__2024-01-04T00:00:00+00:00 [running]> on host e8a1e0443283
[2024-04-14T08:51:10.529+0000] {taskinstance.py:2510} INFO - Exporting env vars: AIRFLOW_CTX_DAG_OWNER='***' AIRFLOW_CTX_DAG_ID='currency_parsing' AIRFLOW_CTX_TASK_ID='fetch_data' AIRFLOW_CTX_EXECUTION_DATE='2024-01-04T00:00:00+00:00' AIRFLOW_CTX_TRY_NUMBER='1' AIRFLOW_CTX_DAG_RUN_ID='scheduled__2024-01-04T00:00:00+00:00'
[2024-04-14T08:51:10.812+0000] {base.py:83} INFO - Using connection ID 'dwh' for task execution.
[2024-04-14T08:51:10.995+0000] {sql.py:572} INFO - Done loading. Loaded a total of 39 rows into currency_parsing
[2024-04-14T08:51:11.000+0000] {python.py:202} INFO - Done. Returned value was: None
[2024-04-14T08:51:11.091+0000] {taskinstance.py:1149} INFO - Marking task as SUCCESS. dag_id=currency_parsing, task_id=fetch_data, execution_date=20240104T000000, start_date=20240414T085108, end_date=20240414T085111
[2024-04-14T08:51:11.244+0000] {local_task_job_runner.py:234} INFO - Task exited with return code 0
[2024-04-14T08:51:11.334+0000] {taskinstance.py:3309} INFO - 0 downstream tasks scheduled from follow-on schedule check
[2024-04-14T10:08:02.310+0000] {taskinstance.py:1979} INFO - Dependencies all met for dep_context=non-requeueable deps ti=<TaskInstance: currency_parsing.fetch_data scheduled__2024-01-04T00:00:00+00:00 [queued]>
[2024-04-14T10:08:02.553+0000] {taskinstance.py:1979} INFO - Dependencies all met for dep_context=requeueable deps ti=<TaskInstance: currency_parsing.fetch_data scheduled__2024-01-04T00:00:00+00:00 [queued]>
[2024-04-14T10:08:02.557+0000] {taskinstance.py:2193} INFO - Starting attempt 1 of 2
[2024-04-14T10:08:02.751+0000] {taskinstance.py:2214} INFO - Executing <Task(PythonOperator): fetch_data> on 2024-01-04 00:00:00+00:00
[2024-04-14T10:08:02.798+0000] {standard_task_runner.py:60} INFO - Started process 200 to run task
[2024-04-14T10:08:02.815+0000] {standard_task_runner.py:87} INFO - Running: ['***', 'tasks', 'run', 'currency_parsing', 'fetch_data', 'scheduled__2024-01-04T00:00:00+00:00', '--job-id', '521', '--raw', '--subdir', 'DAGS_FOLDER/currency_parsing.py', '--cfg-path', '/tmp/tmpxer00r8_']
[2024-04-14T10:08:02.871+0000] {standard_task_runner.py:88} INFO - Job 521: Subtask fetch_data
[2024-04-14T10:08:03.426+0000] {task_command.py:423} INFO - Running <TaskInstance: currency_parsing.fetch_data scheduled__2024-01-04T00:00:00+00:00 [running]> on host 1c15aab9396c
[2024-04-14T10:08:04.741+0000] {taskinstance.py:2510} INFO - Exporting env vars: AIRFLOW_CTX_DAG_OWNER='***' AIRFLOW_CTX_DAG_ID='currency_parsing' AIRFLOW_CTX_TASK_ID='fetch_data' AIRFLOW_CTX_EXECUTION_DATE='2024-01-04T00:00:00+00:00' AIRFLOW_CTX_TRY_NUMBER='1' AIRFLOW_CTX_DAG_RUN_ID='scheduled__2024-01-04T00:00:00+00:00'
[2024-04-14T10:08:04.982+0000] {base.py:83} INFO - Using connection ID 'dwh' for task execution.
[2024-04-14T10:08:05.025+0000] {sql.py:572} INFO - Done loading. Loaded a total of 39 rows into currency_parsing
[2024-04-14T10:08:05.026+0000] {python.py:202} INFO - Done. Returned value was: None
[2024-04-14T10:08:05.060+0000] {taskinstance.py:1149} INFO - Marking task as SUCCESS. dag_id=currency_parsing, task_id=fetch_data, execution_date=20240104T000000, start_date=20240414T100802, end_date=20240414T100805
[2024-04-14T10:08:05.315+0000] {local_task_job_runner.py:234} INFO - Task exited with return code 0
[2024-04-14T10:08:05.437+0000] {taskinstance.py:3309} INFO - 0 downstream tasks scheduled from follow-on schedule check
