[2024-03-17T10:38:51.113+0000] {taskinstance.py:1979} INFO - Dependencies all met for dep_context=non-requeueable deps ti=<TaskInstance: movie_night.create_table manual__2024-03-17T10:38:48.364572+00:00 [queued]>
[2024-03-17T10:38:51.128+0000] {taskinstance.py:1979} INFO - Dependencies all met for dep_context=requeueable deps ti=<TaskInstance: movie_night.create_table manual__2024-03-17T10:38:48.364572+00:00 [queued]>
[2024-03-17T10:38:51.129+0000] {taskinstance.py:2193} INFO - Starting attempt 1 of 1
[2024-03-17T10:38:51.158+0000] {taskinstance.py:2214} INFO - Executing <Task(PostgresOperator): create_table> on 2024-03-17 10:38:48.364572+00:00
[2024-03-17T10:38:51.163+0000] {standard_task_runner.py:60} INFO - Started process 96 to run task
[2024-03-17T10:38:51.172+0000] {standard_task_runner.py:87} INFO - Running: ['***', 'tasks', 'run', 'movie_night', 'create_table', 'manual__2024-03-17T10:38:48.364572+00:00', '--job-id', '10', '--raw', '--subdir', 'DAGS_FOLDER/simple_insert_movies.py', '--cfg-path', '/tmp/tmp5oxufyi2']
[2024-03-17T10:38:51.174+0000] {standard_task_runner.py:88} INFO - Job 10: Subtask create_table
[2024-03-17T10:38:51.289+0000] {task_command.py:423} INFO - Running <TaskInstance: movie_night.create_table manual__2024-03-17T10:38:48.364572+00:00 [running]> on host cd3e1c58e82e
[2024-03-17T10:38:51.460+0000] {taskinstance.py:2510} INFO - Exporting env vars: AIRFLOW_CTX_DAG_OWNER='***' AIRFLOW_CTX_DAG_ID='movie_night' AIRFLOW_CTX_TASK_ID='create_table' AIRFLOW_CTX_EXECUTION_DATE='2024-03-17T10:38:48.364572+00:00' AIRFLOW_CTX_TRY_NUMBER='1' AIRFLOW_CTX_DAG_RUN_ID='manual__2024-03-17T10:38:48.364572+00:00'
[2024-03-17T10:38:51.464+0000] {sql.py:276} INFO - Executing: CREATE TABLE IF NOT EXISTS Movies(
    id SERIAL PRIMARY KEY,
    title VARCHAR(255) NOT NULL,
    year INT,
    director VARCHAR(255),
    genre VARCHAR(255),
    country VARCHAR(255)
)
[2024-03-17T10:38:51.492+0000] {base.py:83} INFO - Using connection ID 'dwh' for task execution.
[2024-03-17T10:38:51.514+0000] {base.py:83} INFO - Using connection ID 'dwh' for task execution.
[2024-03-17T10:38:51.533+0000] {sql.py:457} INFO - Running statement: CREATE TABLE IF NOT EXISTS Movies(
    id SERIAL PRIMARY KEY,
    title VARCHAR(255) NOT NULL,
    year INT,
    director VARCHAR(255),
    genre VARCHAR(255),
    country VARCHAR(255)
), parameters: None
[2024-03-17T10:38:51.575+0000] {warnings.py:109} WARNING - /home/***/.local/lib/python3.8/site-packages/***/providers/common/sql/hooks/sql.py:407: AirflowProviderDeprecationWarning: Call to deprecated method _make_common_data_structure. (The `_make_serializable` method is deprecated and support will be removed in a future version of the common.sql provider. Please update the DbApiHook's provider to a version based on common.sql >= 1.9.1.)
  result = self._make_common_data_structure(handler(cur))

[2024-03-17T10:38:51.647+0000] {taskinstance.py:1149} INFO - Marking task as SUCCESS. dag_id=movie_night, task_id=create_table, execution_date=20240317T103848, start_date=20240317T103851, end_date=20240317T103851
[2024-03-17T10:38:51.709+0000] {local_task_job_runner.py:234} INFO - Task exited with return code 0
[2024-03-17T10:38:51.751+0000] {taskinstance.py:3309} INFO - 0 downstream tasks scheduled from follow-on schedule check
