[2024-04-14T08:51:27.353+0000] {taskinstance.py:1979} INFO - Dependencies all met for dep_context=non-requeueable deps ti=<TaskInstance: currency_parsing.create_table scheduled__2024-01-18T00:00:00+00:00 [queued]>
[2024-04-14T08:51:27.396+0000] {taskinstance.py:1979} INFO - Dependencies all met for dep_context=requeueable deps ti=<TaskInstance: currency_parsing.create_table scheduled__2024-01-18T00:00:00+00:00 [queued]>
[2024-04-14T08:51:27.401+0000] {taskinstance.py:2193} INFO - Starting attempt 1 of 2
[2024-04-14T08:51:27.704+0000] {taskinstance.py:2214} INFO - Executing <Task(PostgresOperator): create_table> on 2024-01-18 00:00:00+00:00
[2024-04-14T08:51:27.725+0000] {standard_task_runner.py:60} INFO - Started process 901 to run task
[2024-04-14T08:51:27.768+0000] {standard_task_runner.py:87} INFO - Running: ['***', 'tasks', 'run', 'currency_parsing', 'create_table', 'scheduled__2024-01-18T00:00:00+00:00', '--job-id', '221', '--raw', '--subdir', 'DAGS_FOLDER/currency_parsing.py', '--cfg-path', '/tmp/tmp06wyhedp']
[2024-04-14T08:51:27.827+0000] {standard_task_runner.py:88} INFO - Job 221: Subtask create_table
[2024-04-14T08:51:28.240+0000] {task_command.py:423} INFO - Running <TaskInstance: currency_parsing.create_table scheduled__2024-01-18T00:00:00+00:00 [running]> on host e8a1e0443283
[2024-04-14T08:51:28.870+0000] {taskinstance.py:2510} INFO - Exporting env vars: AIRFLOW_CTX_DAG_OWNER='***' AIRFLOW_CTX_DAG_ID='currency_parsing' AIRFLOW_CTX_TASK_ID='create_table' AIRFLOW_CTX_EXECUTION_DATE='2024-01-18T00:00:00+00:00' AIRFLOW_CTX_TRY_NUMBER='1' AIRFLOW_CTX_DAG_RUN_ID='scheduled__2024-01-18T00:00:00+00:00'
[2024-04-14T08:51:28.872+0000] {sql.py:276} INFO - Executing: CREATE TABLE IF NOT EXISTS currency_parsing(
    currency VARCHAR(255) NOT NULL,
    title VARCHAR(255) NOT NULL,
    rate float,
    quantity int,
    index VARCHAR(255),
    change float,
    date date NOT NULL
)
[2024-04-14T08:51:28.907+0000] {base.py:83} INFO - Using connection ID 'dwh' for task execution.
[2024-04-14T08:51:28.962+0000] {base.py:83} INFO - Using connection ID 'dwh' for task execution.
[2024-04-14T08:51:28.990+0000] {sql.py:457} INFO - Running statement: CREATE TABLE IF NOT EXISTS currency_parsing(
    currency VARCHAR(255) NOT NULL,
    title VARCHAR(255) NOT NULL,
    rate float,
    quantity int,
    index VARCHAR(255),
    change float,
    date date NOT NULL
), parameters: None
[2024-04-14T08:51:29.045+0000] {warnings.py:109} WARNING - /home/***/.local/lib/python3.8/site-packages/***/providers/common/sql/hooks/sql.py:407: AirflowProviderDeprecationWarning: Call to deprecated method _make_common_data_structure. (The `_make_serializable` method is deprecated and support will be removed in a future version of the common.sql provider. Please update the DbApiHook's provider to a version based on common.sql >= 1.9.1.)
  result = self._make_common_data_structure(handler(cur))

[2024-04-14T08:51:29.100+0000] {taskinstance.py:1149} INFO - Marking task as SUCCESS. dag_id=currency_parsing, task_id=create_table, execution_date=20240118T000000, start_date=20240414T085127, end_date=20240414T085129
[2024-04-14T08:51:29.353+0000] {local_task_job_runner.py:234} INFO - Task exited with return code 0
[2024-04-14T08:51:29.422+0000] {warnings.py:109} WARNING - /home/***/.local/lib/python3.8/site-packages/***/models/baseoperator.py:1201: AirflowProviderDeprecationWarning: Call to deprecated class PostgresOperator. (Please use `***.providers.common.sql.operators.sql.SQLExecuteQueryOperator`.Also, you can provide `hook_params={'schema': <database>}`.)
  result = cls.__new__(cls)

[2024-04-14T08:51:29.620+0000] {taskinstance.py:3309} INFO - 1 downstream tasks scheduled from follow-on schedule check
[2024-04-14T10:08:15.511+0000] {taskinstance.py:1979} INFO - Dependencies all met for dep_context=non-requeueable deps ti=<TaskInstance: currency_parsing.create_table scheduled__2024-01-18T00:00:00+00:00 [queued]>
[2024-04-14T10:08:15.572+0000] {taskinstance.py:1979} INFO - Dependencies all met for dep_context=requeueable deps ti=<TaskInstance: currency_parsing.create_table scheduled__2024-01-18T00:00:00+00:00 [queued]>
[2024-04-14T10:08:15.578+0000] {taskinstance.py:2193} INFO - Starting attempt 1 of 2
[2024-04-14T10:08:15.978+0000] {taskinstance.py:2214} INFO - Executing <Task(PostgresOperator): create_table> on 2024-01-18 00:00:00+00:00
[2024-04-14T10:08:16.017+0000] {standard_task_runner.py:60} INFO - Started process 214 to run task
[2024-04-14T10:08:16.037+0000] {standard_task_runner.py:87} INFO - Running: ['***', 'tasks', 'run', 'currency_parsing', 'create_table', 'scheduled__2024-01-18T00:00:00+00:00', '--job-id', '529', '--raw', '--subdir', 'DAGS_FOLDER/currency_parsing.py', '--cfg-path', '/tmp/tmpypku_u0u']
[2024-04-14T10:08:16.051+0000] {standard_task_runner.py:88} INFO - Job 529: Subtask create_table
[2024-04-14T10:08:16.312+0000] {task_command.py:423} INFO - Running <TaskInstance: currency_parsing.create_table scheduled__2024-01-18T00:00:00+00:00 [running]> on host 1c15aab9396c
[2024-04-14T10:08:16.959+0000] {taskinstance.py:2510} INFO - Exporting env vars: AIRFLOW_CTX_DAG_OWNER='***' AIRFLOW_CTX_DAG_ID='currency_parsing' AIRFLOW_CTX_TASK_ID='create_table' AIRFLOW_CTX_EXECUTION_DATE='2024-01-18T00:00:00+00:00' AIRFLOW_CTX_TRY_NUMBER='1' AIRFLOW_CTX_DAG_RUN_ID='scheduled__2024-01-18T00:00:00+00:00'
[2024-04-14T10:08:16.962+0000] {sql.py:276} INFO - Executing: CREATE TABLE IF NOT EXISTS currency_parsing(
    currency VARCHAR(255) NOT NULL,
    title VARCHAR(255) NOT NULL,
    rate float,
    quantity int,
    index VARCHAR(255),
    change float,
    date date NOT NULL
)
[2024-04-14T10:08:16.988+0000] {base.py:83} INFO - Using connection ID 'dwh' for task execution.
[2024-04-14T10:08:17.006+0000] {base.py:83} INFO - Using connection ID 'dwh' for task execution.
[2024-04-14T10:08:17.015+0000] {sql.py:457} INFO - Running statement: CREATE TABLE IF NOT EXISTS currency_parsing(
    currency VARCHAR(255) NOT NULL,
    title VARCHAR(255) NOT NULL,
    rate float,
    quantity int,
    index VARCHAR(255),
    change float,
    date date NOT NULL
), parameters: None
[2024-04-14T10:08:17.018+0000] {warnings.py:109} WARNING - /home/***/.local/lib/python3.8/site-packages/***/providers/common/sql/hooks/sql.py:407: AirflowProviderDeprecationWarning: Call to deprecated method _make_common_data_structure. (The `_make_serializable` method is deprecated and support will be removed in a future version of the common.sql provider. Please update the DbApiHook's provider to a version based on common.sql >= 1.9.1.)
  result = self._make_common_data_structure(handler(cur))

[2024-04-14T10:08:17.058+0000] {taskinstance.py:1149} INFO - Marking task as SUCCESS. dag_id=currency_parsing, task_id=create_table, execution_date=20240118T000000, start_date=20240414T100815, end_date=20240414T100817
[2024-04-14T10:08:17.209+0000] {local_task_job_runner.py:234} INFO - Task exited with return code 0
[2024-04-14T10:08:17.268+0000] {warnings.py:109} WARNING - /home/***/.local/lib/python3.8/site-packages/***/models/baseoperator.py:1201: AirflowProviderDeprecationWarning: Call to deprecated class PostgresOperator. (Please use `***.providers.common.sql.operators.sql.SQLExecuteQueryOperator`.Also, you can provide `hook_params={'schema': <database>}`.)
  result = cls.__new__(cls)

[2024-04-14T10:08:17.471+0000] {taskinstance.py:3309} INFO - 1 downstream tasks scheduled from follow-on schedule check
[2024-04-21T10:47:44.240+0000] {taskinstance.py:1979} INFO - Dependencies all met for dep_context=non-requeueable deps ti=<TaskInstance: currency_parsing.create_table scheduled__2024-01-18T00:00:00+00:00 [queued]>
[2024-04-21T10:47:44.343+0000] {taskinstance.py:1979} INFO - Dependencies all met for dep_context=requeueable deps ti=<TaskInstance: currency_parsing.create_table scheduled__2024-01-18T00:00:00+00:00 [queued]>
[2024-04-21T10:47:44.352+0000] {taskinstance.py:2193} INFO - Starting attempt 1 of 2
[2024-04-21T10:47:44.566+0000] {taskinstance.py:2214} INFO - Executing <Task(PostgresOperator): create_table> on 2024-01-18 00:00:00+00:00
[2024-04-21T10:47:44.602+0000] {standard_task_runner.py:60} INFO - Started process 682 to run task
[2024-04-21T10:47:44.631+0000] {standard_task_runner.py:87} INFO - Running: ['***', 'tasks', 'run', 'currency_parsing', 'create_table', 'scheduled__2024-01-18T00:00:00+00:00', '--job-id', '1160', '--raw', '--subdir', 'DAGS_FOLDER/stage/currency_parsing.py', '--cfg-path', '/tmp/tmpmtx6gbxv']
[2024-04-21T10:47:44.648+0000] {standard_task_runner.py:88} INFO - Job 1160: Subtask create_table
[2024-04-21T10:47:45.027+0000] {task_command.py:423} INFO - Running <TaskInstance: currency_parsing.create_table scheduled__2024-01-18T00:00:00+00:00 [running]> on host e671688b1343
[2024-04-21T10:47:45.792+0000] {taskinstance.py:2510} INFO - Exporting env vars: AIRFLOW_CTX_DAG_OWNER='***' AIRFLOW_CTX_DAG_ID='currency_parsing' AIRFLOW_CTX_TASK_ID='create_table' AIRFLOW_CTX_EXECUTION_DATE='2024-01-18T00:00:00+00:00' AIRFLOW_CTX_TRY_NUMBER='1' AIRFLOW_CTX_DAG_RUN_ID='scheduled__2024-01-18T00:00:00+00:00'
[2024-04-21T10:47:45.803+0000] {sql.py:276} INFO - Executing: CREATE TABLE IF NOT EXISTS stage.currency_parsing_pound(
    title VARCHAR(255) NOT NULL,
    rate float,
    date date NOT NULL
);

CREATE TABLE IF NOT EXISTS stage.currency_parsing_usd(
    title VARCHAR(255) NOT NULL,
    rate float,
    date date NOT NULL
);

CREATE TABLE IF NOT EXISTS stage.currency_parsing_rub(
    id VARCHAR(255) NOT NULL,
    NumCode VARCHAR(255) NOT NULL,
    CharCode VARCHAR(255),
    Nominal int,
    Name VARCHAR(255),
    Value float,
    Previous float,
    date date NOT NULL
);

CREATE TABLE IF NOT EXISTS stage.currency_parsing_kzt(
    currency VARCHAR(255) NOT NULL,
    title VARCHAR(255) NOT NULL,
    rate float,
    quantity int,
    index VARCHAR(255),
    change float,
    date date NOT NULL
)
[2024-04-21T10:47:45.895+0000] {base.py:83} INFO - Using connection ID 'dwh' for task execution.
[2024-04-21T10:47:45.944+0000] {base.py:83} INFO - Using connection ID 'dwh' for task execution.
[2024-04-21T10:47:45.951+0000] {sql.py:457} INFO - Running statement: CREATE TABLE IF NOT EXISTS stage.currency_parsing_pound(
    title VARCHAR(255) NOT NULL,
    rate float,
    date date NOT NULL
);

CREATE TABLE IF NOT EXISTS stage.currency_parsing_usd(
    title VARCHAR(255) NOT NULL,
    rate float,
    date date NOT NULL
);

CREATE TABLE IF NOT EXISTS stage.currency_parsing_rub(
    id VARCHAR(255) NOT NULL,
    NumCode VARCHAR(255) NOT NULL,
    CharCode VARCHAR(255),
    Nominal int,
    Name VARCHAR(255),
    Value float,
    Previous float,
    date date NOT NULL
);

CREATE TABLE IF NOT EXISTS stage.currency_parsing_kzt(
    currency VARCHAR(255) NOT NULL,
    title VARCHAR(255) NOT NULL,
    rate float,
    quantity int,
    index VARCHAR(255),
    change float,
    date date NOT NULL
), parameters: None
[2024-04-21T10:47:45.955+0000] {warnings.py:109} WARNING - /home/***/.local/lib/python3.8/site-packages/***/providers/common/sql/hooks/sql.py:407: AirflowProviderDeprecationWarning: Call to deprecated method _make_common_data_structure. (The `_make_serializable` method is deprecated and support will be removed in a future version of the common.sql provider. Please update the DbApiHook's provider to a version based on common.sql >= 1.9.1.)
  result = self._make_common_data_structure(handler(cur))

[2024-04-21T10:47:46.017+0000] {taskinstance.py:1149} INFO - Marking task as SUCCESS. dag_id=currency_parsing, task_id=create_table, execution_date=20240118T000000, start_date=20240421T104744, end_date=20240421T104746
[2024-04-21T10:47:46.184+0000] {local_task_job_runner.py:234} INFO - Task exited with return code 0
[2024-04-21T10:47:46.239+0000] {warnings.py:109} WARNING - /home/***/.local/lib/python3.8/site-packages/***/models/baseoperator.py:1201: AirflowProviderDeprecationWarning: Call to deprecated class PostgresOperator. (Please use `***.providers.common.sql.operators.sql.SQLExecuteQueryOperator`.Also, you can provide `hook_params={'schema': <database>}`.)
  result = cls.__new__(cls)

[2024-04-21T10:47:46.523+0000] {taskinstance.py:3309} INFO - 4 downstream tasks scheduled from follow-on schedule check
