[2024-04-21T09:08:49.402+0000] {taskinstance.py:1979} INFO - Dependencies all met for dep_context=non-requeueable deps ti=<TaskInstance: currency_parsing.get_data_kzt manual__2024-04-21T09:01:52.727662+00:00 [queued]>
[2024-04-21T09:08:49.423+0000] {taskinstance.py:1979} INFO - Dependencies all met for dep_context=requeueable deps ti=<TaskInstance: currency_parsing.get_data_kzt manual__2024-04-21T09:01:52.727662+00:00 [queued]>
[2024-04-21T09:08:49.424+0000] {taskinstance.py:2193} INFO - Starting attempt 2 of 2
[2024-04-21T09:08:49.454+0000] {taskinstance.py:2214} INFO - Executing <Task(PythonOperator): get_data_kzt> on 2024-04-21 09:01:52.727662+00:00
[2024-04-21T09:08:49.461+0000] {standard_task_runner.py:60} INFO - Started process 1103 to run task
[2024-04-21T09:08:49.467+0000] {standard_task_runner.py:87} INFO - Running: ['***', 'tasks', 'run', 'currency_parsing', 'get_data_kzt', 'manual__2024-04-21T09:01:52.727662+00:00', '--job-id', '930', '--raw', '--subdir', 'DAGS_FOLDER/stage/currency_parsing.py', '--cfg-path', '/tmp/tmpb6gg42f8']
[2024-04-21T09:08:49.471+0000] {standard_task_runner.py:88} INFO - Job 930: Subtask get_data_kzt
[2024-04-21T09:08:49.610+0000] {task_command.py:423} INFO - Running <TaskInstance: currency_parsing.get_data_kzt manual__2024-04-21T09:01:52.727662+00:00 [running]> on host 31aa6d9ea6ff
[2024-04-21T09:08:49.684+0000] {warnings.py:109} WARNING - /home/***/.local/lib/python3.8/site-packages/***/utils/context.py:207: AirflowContextDeprecationWarning: Accessing 'execution_date' from the template is deprecated and will be removed in a future version. Please use 'data_interval_start' or 'logical_date' instead.
  warnings.warn(_create_deprecation_warning(key, self._deprecation_replacements[key]))

[2024-04-21T09:08:49.747+0000] {taskinstance.py:2510} INFO - Exporting env vars: AIRFLOW_CTX_DAG_OWNER='***' AIRFLOW_CTX_DAG_ID='currency_parsing' AIRFLOW_CTX_TASK_ID='get_data_kzt' AIRFLOW_CTX_EXECUTION_DATE='2024-04-21T09:01:52.727662+00:00' AIRFLOW_CTX_TRY_NUMBER='2' AIRFLOW_CTX_DAG_RUN_ID='manual__2024-04-21T09:01:52.727662+00:00'
[2024-04-21T09:08:50.114+0000] {taskinstance.py:2728} ERROR - Task failed with exception
Traceback (most recent call last):
  File "/home/airflow/.local/lib/python3.8/site-packages/airflow/models/taskinstance.py", line 444, in _execute_task
    result = _execute_callable(context=context, **execute_callable_kwargs)
  File "/home/airflow/.local/lib/python3.8/site-packages/airflow/models/taskinstance.py", line 414, in _execute_callable
    return execute_callable(context=context, **execute_callable_kwargs)
  File "/home/airflow/.local/lib/python3.8/site-packages/airflow/operators/python.py", line 200, in execute
    return_value = self.execute_callable()
  File "/home/airflow/.local/lib/python3.8/site-packages/airflow/operators/python.py", line 217, in execute_callable
    return self.python_callable(*self.op_args, **self.op_kwargs)
  File "/opt/airflow/dags/stage/currency_parsing.py", line 48, in get_data_kzt
    soup = BeautifulSoup(response.text, 'lxml')
NameError: name 'BeautifulSoup' is not defined
[2024-04-21T09:08:50.141+0000] {taskinstance.py:1149} INFO - Marking task as FAILED. dag_id=currency_parsing, task_id=get_data_kzt, execution_date=20240421T090152, start_date=20240421T090849, end_date=20240421T090850
[2024-04-21T09:08:50.168+0000] {standard_task_runner.py:107} ERROR - Failed to execute job 930 for task get_data_kzt (name 'BeautifulSoup' is not defined; 1103)
[2024-04-21T09:08:50.211+0000] {local_task_job_runner.py:234} INFO - Task exited with return code 1
[2024-04-21T09:08:50.244+0000] {taskinstance.py:3309} INFO - 0 downstream tasks scheduled from follow-on schedule check
