[2024-04-26T10:28:18.339+0000] {taskinstance.py:1979} INFO - Dependencies all met for dep_context=non-requeueable deps ti=<TaskInstance: currency_parsing.fetch_data_usd scheduled__2024-04-23T00:00:00+00:00 [queued]>
[2024-04-26T10:28:18.604+0000] {taskinstance.py:1979} INFO - Dependencies all met for dep_context=requeueable deps ti=<TaskInstance: currency_parsing.fetch_data_usd scheduled__2024-04-23T00:00:00+00:00 [queued]>
[2024-04-26T10:28:18.610+0000] {taskinstance.py:2193} INFO - Starting attempt 1 of 2
[2024-04-26T10:28:18.835+0000] {taskinstance.py:2214} INFO - Executing <Task(PythonOperator): fetch_data_usd> on 2024-04-23 00:00:00+00:00
[2024-04-26T10:28:18.880+0000] {standard_task_runner.py:60} INFO - Started process 188 to run task
[2024-04-26T10:28:18.921+0000] {standard_task_runner.py:87} INFO - Running: ['***', 'tasks', 'run', 'currency_parsing', 'fetch_data_usd', 'scheduled__2024-04-23T00:00:00+00:00', '--job-id', '2162', '--raw', '--subdir', 'DAGS_FOLDER/stage/currency_parsing.py', '--cfg-path', '/tmp/tmpm0dy_afb']
[2024-04-26T10:28:18.992+0000] {standard_task_runner.py:88} INFO - Job 2162: Subtask fetch_data_usd
[2024-04-26T10:28:19.607+0000] {task_command.py:423} INFO - Running <TaskInstance: currency_parsing.fetch_data_usd scheduled__2024-04-23T00:00:00+00:00 [running]> on host 4284c2c978e3
[2024-04-26T10:28:20.721+0000] {taskinstance.py:2510} INFO - Exporting env vars: AIRFLOW_CTX_DAG_OWNER='***' AIRFLOW_CTX_DAG_ID='currency_parsing' AIRFLOW_CTX_TASK_ID='fetch_data_usd' AIRFLOW_CTX_EXECUTION_DATE='2024-04-23T00:00:00+00:00' AIRFLOW_CTX_TRY_NUMBER='1' AIRFLOW_CTX_DAG_RUN_ID='scheduled__2024-04-23T00:00:00+00:00'
[2024-04-26T10:28:20.886+0000] {base.py:83} INFO - Using connection ID 'dwh' for task execution.
[2024-04-26T10:28:20.920+0000] {sql.py:572} INFO - Done loading. Loaded a total of 33 rows into stage.currency_parsing_usd
[2024-04-26T10:28:20.923+0000] {python.py:202} INFO - Done. Returned value was: None
[2024-04-26T10:28:20.953+0000] {taskinstance.py:1149} INFO - Marking task as SUCCESS. dag_id=currency_parsing, task_id=fetch_data_usd, execution_date=20240423T000000, start_date=20240426T102818, end_date=20240426T102820
[2024-04-26T10:28:21.262+0000] {local_task_job_runner.py:234} INFO - Task exited with return code 0
[2024-04-26T10:28:21.446+0000] {taskinstance.py:3309} INFO - 0 downstream tasks scheduled from follow-on schedule check
[2024-04-26T13:16:33.160+0000] {taskinstance.py:1979} INFO - Dependencies all met for dep_context=non-requeueable deps ti=<TaskInstance: currency_parsing.fetch_data_usd scheduled__2024-04-23T00:00:00+00:00 [queued]>
[2024-04-26T13:16:33.263+0000] {taskinstance.py:1979} INFO - Dependencies all met for dep_context=requeueable deps ti=<TaskInstance: currency_parsing.fetch_data_usd scheduled__2024-04-23T00:00:00+00:00 [queued]>
[2024-04-26T13:16:33.264+0000] {taskinstance.py:2193} INFO - Starting attempt 1 of 2
[2024-04-26T13:16:33.743+0000] {taskinstance.py:2214} INFO - Executing <Task(PythonOperator): fetch_data_usd> on 2024-04-23 00:00:00+00:00
[2024-04-26T13:16:33.799+0000] {standard_task_runner.py:60} INFO - Started process 459 to run task
[2024-04-26T13:16:33.960+0000] {standard_task_runner.py:87} INFO - Running: ['***', 'tasks', 'run', 'currency_parsing', 'fetch_data_usd', 'scheduled__2024-04-23T00:00:00+00:00', '--job-id', '2224', '--raw', '--subdir', 'DAGS_FOLDER/stage/currency_parsing.py', '--cfg-path', '/tmp/tmp9098znxm']
[2024-04-26T13:16:33.996+0000] {standard_task_runner.py:88} INFO - Job 2224: Subtask fetch_data_usd
[2024-04-26T13:16:34.559+0000] {task_command.py:423} INFO - Running <TaskInstance: currency_parsing.fetch_data_usd scheduled__2024-04-23T00:00:00+00:00 [running]> on host 65a8688265d1
[2024-04-26T13:16:35.004+0000] {taskinstance.py:2510} INFO - Exporting env vars: AIRFLOW_CTX_DAG_OWNER='***' AIRFLOW_CTX_DAG_ID='currency_parsing' AIRFLOW_CTX_TASK_ID='fetch_data_usd' AIRFLOW_CTX_EXECUTION_DATE='2024-04-23T00:00:00+00:00' AIRFLOW_CTX_TRY_NUMBER='1' AIRFLOW_CTX_DAG_RUN_ID='scheduled__2024-04-23T00:00:00+00:00'
[2024-04-26T13:16:35.281+0000] {base.py:83} INFO - Using connection ID 'dwh' for task execution.
[2024-04-26T13:16:35.355+0000] {sql.py:572} INFO - Done loading. Loaded a total of 33 rows into stage.currency_parsing_usd
[2024-04-26T13:16:35.363+0000] {python.py:202} INFO - Done. Returned value was: None
[2024-04-26T13:16:35.463+0000] {taskinstance.py:1149} INFO - Marking task as SUCCESS. dag_id=currency_parsing, task_id=fetch_data_usd, execution_date=20240423T000000, start_date=20240426T131633, end_date=20240426T131635
[2024-04-26T13:16:35.633+0000] {local_task_job_runner.py:234} INFO - Task exited with return code 0
[2024-04-26T13:16:35.683+0000] {taskinstance.py:3309} INFO - 0 downstream tasks scheduled from follow-on schedule check
[2024-04-27T12:31:31.180+0000] {taskinstance.py:1979} INFO - Dependencies all met for dep_context=non-requeueable deps ti=<TaskInstance: currency_parsing.fetch_data_usd scheduled__2024-04-23T00:00:00+00:00 [queued]>
[2024-04-27T12:31:31.320+0000] {taskinstance.py:1979} INFO - Dependencies all met for dep_context=requeueable deps ti=<TaskInstance: currency_parsing.fetch_data_usd scheduled__2024-04-23T00:00:00+00:00 [queued]>
[2024-04-27T12:31:31.334+0000] {taskinstance.py:2193} INFO - Starting attempt 1 of 2
[2024-04-27T12:31:31.742+0000] {taskinstance.py:2214} INFO - Executing <Task(PythonOperator): fetch_data_usd> on 2024-04-23 00:00:00+00:00
[2024-04-27T12:31:31.758+0000] {standard_task_runner.py:60} INFO - Started process 2549 to run task
[2024-04-27T12:31:31.771+0000] {standard_task_runner.py:87} INFO - Running: ['***', 'tasks', 'run', 'currency_parsing', 'fetch_data_usd', 'scheduled__2024-04-23T00:00:00+00:00', '--job-id', '2556', '--raw', '--subdir', 'DAGS_FOLDER/stage/currency_parsing.py', '--cfg-path', '/tmp/tmptj6vddtf']
[2024-04-27T12:31:31.783+0000] {standard_task_runner.py:88} INFO - Job 2556: Subtask fetch_data_usd
[2024-04-27T12:31:32.936+0000] {task_command.py:423} INFO - Running <TaskInstance: currency_parsing.fetch_data_usd scheduled__2024-04-23T00:00:00+00:00 [running]> on host 65a8688265d1
[2024-04-27T12:31:34.213+0000] {taskinstance.py:2510} INFO - Exporting env vars: AIRFLOW_CTX_DAG_OWNER='***' AIRFLOW_CTX_DAG_ID='currency_parsing' AIRFLOW_CTX_TASK_ID='fetch_data_usd' AIRFLOW_CTX_EXECUTION_DATE='2024-04-23T00:00:00+00:00' AIRFLOW_CTX_TRY_NUMBER='1' AIRFLOW_CTX_DAG_RUN_ID='scheduled__2024-04-23T00:00:00+00:00'
[2024-04-27T12:31:34.501+0000] {base.py:83} INFO - Using connection ID 'dwh' for task execution.
[2024-04-27T12:31:34.779+0000] {sql.py:572} INFO - Done loading. Loaded a total of 33 rows into stage.currency_parsing_usd
[2024-04-27T12:31:34.781+0000] {python.py:202} INFO - Done. Returned value was: None
[2024-04-27T12:31:34.836+0000] {taskinstance.py:1149} INFO - Marking task as SUCCESS. dag_id=currency_parsing, task_id=fetch_data_usd, execution_date=20240423T000000, start_date=20240427T123131, end_date=20240427T123134
[2024-04-27T12:31:35.155+0000] {local_task_job_runner.py:234} INFO - Task exited with return code 0
[2024-04-27T12:31:35.326+0000] {taskinstance.py:3309} INFO - 0 downstream tasks scheduled from follow-on schedule check
