[2024-04-14T08:50:51.878+0000] {taskinstance.py:1979} INFO - Dependencies all met for dep_context=non-requeueable deps ti=<TaskInstance: currency_parsing.fetch_data scheduled__2024-01-03T00:00:00+00:00 [queued]>
[2024-04-14T08:50:52.565+0000] {taskinstance.py:1979} INFO - Dependencies all met for dep_context=requeueable deps ti=<TaskInstance: currency_parsing.fetch_data scheduled__2024-01-03T00:00:00+00:00 [queued]>
[2024-04-14T08:50:52.607+0000] {taskinstance.py:2193} INFO - Starting attempt 1 of 2
[2024-04-14T08:50:53.353+0000] {taskinstance.py:2214} INFO - Executing <Task(PythonOperator): fetch_data> on 2024-01-03 00:00:00+00:00
[2024-04-14T08:50:53.483+0000] {standard_task_runner.py:60} INFO - Started process 853 to run task
[2024-04-14T08:50:53.994+0000] {standard_task_runner.py:87} INFO - Running: ['***', 'tasks', 'run', 'currency_parsing', 'fetch_data', 'scheduled__2024-01-03T00:00:00+00:00', '--job-id', '199', '--raw', '--subdir', 'DAGS_FOLDER/currency_parsing.py', '--cfg-path', '/tmp/tmpwr9h0mvi']
[2024-04-14T08:50:54.328+0000] {standard_task_runner.py:88} INFO - Job 199: Subtask fetch_data
[2024-04-14T08:50:55.974+0000] {task_command.py:423} INFO - Running <TaskInstance: currency_parsing.fetch_data scheduled__2024-01-03T00:00:00+00:00 [running]> on host e8a1e0443283
[2024-04-14T08:50:57.488+0000] {taskinstance.py:2510} INFO - Exporting env vars: AIRFLOW_CTX_DAG_OWNER='***' AIRFLOW_CTX_DAG_ID='currency_parsing' AIRFLOW_CTX_TASK_ID='fetch_data' AIRFLOW_CTX_EXECUTION_DATE='2024-01-03T00:00:00+00:00' AIRFLOW_CTX_TRY_NUMBER='1' AIRFLOW_CTX_DAG_RUN_ID='scheduled__2024-01-03T00:00:00+00:00'
[2024-04-14T08:50:57.987+0000] {base.py:83} INFO - Using connection ID 'dwh' for task execution.
[2024-04-14T08:50:58.086+0000] {sql.py:572} INFO - Done loading. Loaded a total of 39 rows into currency_parsing
[2024-04-14T08:50:58.089+0000] {python.py:202} INFO - Done. Returned value was: None
[2024-04-14T08:50:58.165+0000] {taskinstance.py:1149} INFO - Marking task as SUCCESS. dag_id=currency_parsing, task_id=fetch_data, execution_date=20240103T000000, start_date=20240414T085052, end_date=20240414T085058
[2024-04-14T08:50:58.689+0000] {local_task_job_runner.py:234} INFO - Task exited with return code 0
[2024-04-14T08:50:58.978+0000] {taskinstance.py:3309} INFO - 0 downstream tasks scheduled from follow-on schedule check
[2024-04-14T10:07:48.352+0000] {taskinstance.py:1979} INFO - Dependencies all met for dep_context=non-requeueable deps ti=<TaskInstance: currency_parsing.fetch_data scheduled__2024-01-03T00:00:00+00:00 [queued]>
[2024-04-14T10:07:48.486+0000] {taskinstance.py:1979} INFO - Dependencies all met for dep_context=requeueable deps ti=<TaskInstance: currency_parsing.fetch_data scheduled__2024-01-03T00:00:00+00:00 [queued]>
[2024-04-14T10:07:48.487+0000] {taskinstance.py:2193} INFO - Starting attempt 1 of 2
[2024-04-14T10:07:48.958+0000] {taskinstance.py:2214} INFO - Executing <Task(PythonOperator): fetch_data> on 2024-01-03 00:00:00+00:00
[2024-04-14T10:07:49.069+0000] {standard_task_runner.py:60} INFO - Started process 182 to run task
[2024-04-14T10:07:49.229+0000] {standard_task_runner.py:87} INFO - Running: ['***', 'tasks', 'run', 'currency_parsing', 'fetch_data', 'scheduled__2024-01-03T00:00:00+00:00', '--job-id', '513', '--raw', '--subdir', 'DAGS_FOLDER/currency_parsing.py', '--cfg-path', '/tmp/tmp4hyrnunc']
[2024-04-14T10:07:49.382+0000] {standard_task_runner.py:88} INFO - Job 513: Subtask fetch_data
[2024-04-14T10:07:50.967+0000] {task_command.py:423} INFO - Running <TaskInstance: currency_parsing.fetch_data scheduled__2024-01-03T00:00:00+00:00 [running]> on host 1c15aab9396c
[2024-04-14T10:07:52.478+0000] {taskinstance.py:2510} INFO - Exporting env vars: AIRFLOW_CTX_DAG_OWNER='***' AIRFLOW_CTX_DAG_ID='currency_parsing' AIRFLOW_CTX_TASK_ID='fetch_data' AIRFLOW_CTX_EXECUTION_DATE='2024-01-03T00:00:00+00:00' AIRFLOW_CTX_TRY_NUMBER='1' AIRFLOW_CTX_DAG_RUN_ID='scheduled__2024-01-03T00:00:00+00:00'
[2024-04-14T10:07:52.838+0000] {base.py:83} INFO - Using connection ID 'dwh' for task execution.
[2024-04-14T10:07:52.999+0000] {sql.py:572} INFO - Done loading. Loaded a total of 39 rows into currency_parsing
[2024-04-14T10:07:53.005+0000] {python.py:202} INFO - Done. Returned value was: None
[2024-04-14T10:07:53.114+0000] {taskinstance.py:1149} INFO - Marking task as SUCCESS. dag_id=currency_parsing, task_id=fetch_data, execution_date=20240103T000000, start_date=20240414T100748, end_date=20240414T100753
[2024-04-14T10:07:54.120+0000] {local_task_job_runner.py:234} INFO - Task exited with return code 0
[2024-04-14T10:07:54.612+0000] {taskinstance.py:3309} INFO - 0 downstream tasks scheduled from follow-on schedule check
