[2024-04-21T11:04:29.371+0000] {taskinstance.py:1979} INFO - Dependencies all met for dep_context=non-requeueable deps ti=<TaskInstance: currency_parsing.get_data_kzt scheduled__2024-04-06T00:00:00+00:00 [queued]>
[2024-04-21T11:04:29.520+0000] {taskinstance.py:1979} INFO - Dependencies all met for dep_context=requeueable deps ti=<TaskInstance: currency_parsing.get_data_kzt scheduled__2024-04-06T00:00:00+00:00 [queued]>
[2024-04-21T11:04:29.549+0000] {taskinstance.py:2193} INFO - Starting attempt 1 of 2
[2024-04-21T11:04:29.753+0000] {taskinstance.py:2214} INFO - Executing <Task(PythonOperator): get_data_kzt> on 2024-04-06 00:00:00+00:00
[2024-04-21T11:04:29.841+0000] {standard_task_runner.py:60} INFO - Started process 2518 to run task
[2024-04-21T11:04:29.887+0000] {standard_task_runner.py:87} INFO - Running: ['***', 'tasks', 'run', 'currency_parsing', 'get_data_kzt', 'scheduled__2024-04-06T00:00:00+00:00', '--job-id', '1980', '--raw', '--subdir', 'DAGS_FOLDER/stage/currency_parsing.py', '--cfg-path', '/tmp/tmp9pt4a9fj']
[2024-04-21T11:04:29.949+0000] {standard_task_runner.py:88} INFO - Job 1980: Subtask get_data_kzt
[2024-04-21T11:04:30.436+0000] {task_command.py:423} INFO - Running <TaskInstance: currency_parsing.get_data_kzt scheduled__2024-04-06T00:00:00+00:00 [running]> on host e671688b1343
[2024-04-21T11:04:30.887+0000] {warnings.py:109} WARNING - /home/***/.local/lib/python3.8/site-packages/***/utils/context.py:207: AirflowContextDeprecationWarning: Accessing 'execution_date' from the template is deprecated and will be removed in a future version. Please use 'data_interval_start' or 'logical_date' instead.
  warnings.warn(_create_deprecation_warning(key, self._deprecation_replacements[key]))

[2024-04-21T11:04:31.145+0000] {taskinstance.py:2510} INFO - Exporting env vars: AIRFLOW_CTX_DAG_OWNER='***' AIRFLOW_CTX_DAG_ID='currency_parsing' AIRFLOW_CTX_TASK_ID='get_data_kzt' AIRFLOW_CTX_EXECUTION_DATE='2024-04-06T00:00:00+00:00' AIRFLOW_CTX_TRY_NUMBER='1' AIRFLOW_CTX_DAG_RUN_ID='scheduled__2024-04-06T00:00:00+00:00'
[2024-04-21T11:04:32.118+0000] {warnings.py:109} WARNING - /opt/***/dags/stage/currency_parsing.py:52: XMLParsedAsHTMLWarning: It looks like you're parsing an XML document using an HTML parser. If this really is an HTML document (maybe it's XHTML?), you can ignore or filter this warning. If it's XML, you should know that using an XML parser will be more reliable. To parse this document as XML, make sure you have the lxml package installed, and pass the keyword argument `features="xml"` into the BeautifulSoup constructor.
  soup = BeautifulSoup(response.text, 'lxml')

[2024-04-21T11:04:32.500+0000] {python.py:202} INFO - Done. Returned value was: ([['АВСТРАЛИЙСКИЙ ДОЛЛАР', 'AUD', '295.17', '1', 'UP', '+4.19', '2024-4-5'], ['АЗЕРБАЙДЖАНСКИЙ МАНАТ', 'AZN', '263.42', '1', 'DOWN', '-0.24', '2024-4-5'], ['АРМЯНСКИЙ ДРАМ', 'AMD', '11.6', '10', 'DOWN', '-0.01', '2024-4-5'], ['БЕЛОРУССКИЙ РУБЛЬ', 'BYN', '136.7', '1', 'DOWN', '-0.13', '2024-4-5'], ['БРАЗИЛЬСКИЙ РЕАЛ', 'BRL', '88.64', '1', 'UP', '+0.42', '2024-4-5'], ['ВЕНГЕРСКИХ ФОРИНТОВ', 'HUF', '12.39', '10', 'UP', '+0.13', '2024-4-5'], ['ГОНКОНГСКИЙ ДОЛЛАР', 'HKD', '57.03', '1', 'DOWN', '-0.05', '2024-4-5'], ['ГРУЗИНСКИЙ ЛАРИ', 'GEL', '168.17', '1', 'DOWN', '-0.16', '2024-4-5'], ['ДАТСКАЯ КРОНА', 'DKK', '65.01', '1', 'UP', '+0.44', '2024-4-5'], ['ДИРХАМ ОАЭ', 'AED', '121.6', '1', 'DOWN', '-0.11', '2024-4-5'], ['ДОЛЛАР США', 'USD', '446.49', '1', 'DOWN', '-0.42', '2024-4-5'], ['ЕВРО', 'EUR', '484.84', '1', 'UP', '+3.29', '2024-4-5'], ['ИНДИЙСКАЯ РУПИЯ', 'INR', '5.35', '1', 'DOWN', '-0.01', '2024-4-5'], ['ИРАНСКИЙ РИАЛ', 'IRR', '10.6', '1000', '0.00', None, '2024-4-5'], ['КАНАДСКИЙ ДОЛЛАР', 'CAD', '330.76', '1', 'UP', '+1.50', '2024-4-5'], ['КИТАЙСКИЙ ЮАНЬ', 'CNY', '61.73', '1', 'DOWN', '-0.03', '2024-4-5'], ['КУВЕЙТСКИЙ ДИНАР', 'KWD', '1452.33', '1', 'DOWN', '-1.04', '2024-4-5'], ['КЫРГЫЗСКИЙ СОМ', 'KGS', '5', '1', '0.00', None, '2024-4-5'], ['МАЛАЗИЙСКИЙ РИНГГИТ', 'MYR', '94.26', '1', 'UP', '+0.23', '2024-4-5'], ['МЕКСИКАНСКИЙ ПЕСО', 'MXN', '27.01', '1', 'UP', '+0.04', '2024-4-5'], ['МОЛДАВСКИЙ ЛЕЙ', 'MDL', '25.37', '1', 'UP', '+0.01', '2024-4-5'], ['НОРВЕЖСКАЯ КРОНА', 'NOK', '41.8', '1', 'UP', '+0.55', '2024-4-5'], ['ПОЛЬСКИЙ ЗЛОТЫЙ', 'PLN', '112.95', '1', 'UP', '+0.77', '2024-4-5'], ['РИЯЛ САУДОВСКОЙ АРАВИИ', 'SAR', '119.05', '1', 'DOWN', '-0.11', '2024-4-5'], ['РОССИЙСКИЙ РУБЛЬ', 'RUB', '4.85', '1', '0.00', None, '2024-4-5'], ['СДР', 'XDR', '590.59', '1', 'UP', '+0.07', '2024-4-5'], ['СИНГАПУРСКИЙ ДОЛЛАР', 'SGD', '331.54', '1', 'UP', '+0.86', '2024-4-5'], ['ТАДЖИКСКИЙ СОМОНИ', 'TJS', '40.96', '1', 'UP', '+0.11', '2024-4-5'], ['ТАЙСКИЙ БАТ', 'THB', '12.17', '1', '0.00', None, '2024-4-5'], ['ТУРЕЦКАЯ ЛИРА', 'TRY', '14', '1', 'DOWN', '-0.06', '2024-4-5'], ['УЗБЕКСКИХ СУМОВ', 'UZS', '3.54', '100', 'DOWN', '-0.02', '2024-4-5'], ['УКРАИНСКАЯ ГРИВНА', 'UAH', '11.45', '1', 'UP', '+0.03', '2024-4-5'], ['ФУНТ СТЕРЛИНГОВ СОЕДИНЕННОГО КОРОЛЕВСТВА', 'GBP', '565.3', '1', 'UP', '+3.27', '2024-4-5'], ['ЧЕШСКАЯ КРОНА', 'CZK', '19.18', '1', 'UP', '+0.16', '2024-4-5'], ['ШВЕДСКАЯ КРОНА', 'SEK', '42.22', '1', 'UP', '+0.63', '2024-4-5'], ['ШВЕЙЦАРСКИЙ ФРАНК', 'CHF', '492.87', '1', 'UP', '+0.84', '2024-4-5'], ['ЮЖНО-АФРИКАНСКИЙ РАНД', 'ZAR', '24', '1', 'UP', '+0.24', '2024-4-5'], ['ЮЖНО-КОРЕЙСКИХ ВОН', 'KRW', '33.14', '100', 'UP', '+0.03', '2024-4-5'], ['ЯПОНСКАЯ ЙЕНА', 'JPY', '2.94', '1', 'DOWN', '-0.01', '2024-4-5']], ['currency', 'title', 'rate', 'quantity', 'index', 'change', 'date'])
[2024-04-21T11:04:32.726+0000] {taskinstance.py:1149} INFO - Marking task as SUCCESS. dag_id=currency_parsing, task_id=get_data_kzt, execution_date=20240406T000000, start_date=20240421T110429, end_date=20240421T110432
[2024-04-21T11:04:32.886+0000] {local_task_job_runner.py:234} INFO - Task exited with return code 0
[2024-04-21T11:04:33.049+0000] {taskinstance.py:3309} INFO - 1 downstream tasks scheduled from follow-on schedule check
[2024-04-27T12:18:56.229+0000] {taskinstance.py:1979} INFO - Dependencies all met for dep_context=non-requeueable deps ti=<TaskInstance: currency_parsing.get_data_kzt scheduled__2024-04-06T00:00:00+00:00 [queued]>
[2024-04-27T12:18:56.258+0000] {taskinstance.py:1979} INFO - Dependencies all met for dep_context=requeueable deps ti=<TaskInstance: currency_parsing.get_data_kzt scheduled__2024-04-06T00:00:00+00:00 [queued]>
[2024-04-27T12:18:56.260+0000] {taskinstance.py:2193} INFO - Starting attempt 1 of 2
[2024-04-27T12:18:56.321+0000] {taskinstance.py:2214} INFO - Executing <Task(PythonOperator): get_data_kzt> on 2024-04-06 00:00:00+00:00
[2024-04-27T12:18:56.331+0000] {standard_task_runner.py:60} INFO - Started process 1906 to run task
[2024-04-27T12:18:56.361+0000] {standard_task_runner.py:87} INFO - Running: ['***', 'tasks', 'run', 'currency_parsing', 'get_data_kzt', 'scheduled__2024-04-06T00:00:00+00:00', '--job-id', '2310', '--raw', '--subdir', 'DAGS_FOLDER/stage/currency_parsing.py', '--cfg-path', '/tmp/tmpzttev6d6']
[2024-04-27T12:18:56.373+0000] {standard_task_runner.py:88} INFO - Job 2310: Subtask get_data_kzt
[2024-04-27T12:18:57.058+0000] {task_command.py:423} INFO - Running <TaskInstance: currency_parsing.get_data_kzt scheduled__2024-04-06T00:00:00+00:00 [running]> on host 65a8688265d1
[2024-04-27T12:18:57.476+0000] {warnings.py:109} WARNING - /home/***/.local/lib/python3.8/site-packages/***/utils/context.py:207: AirflowContextDeprecationWarning: Accessing 'execution_date' from the template is deprecated and will be removed in a future version. Please use 'data_interval_start' or 'logical_date' instead.
  warnings.warn(_create_deprecation_warning(key, self._deprecation_replacements[key]))

[2024-04-27T12:18:58.671+0000] {taskinstance.py:2510} INFO - Exporting env vars: AIRFLOW_CTX_DAG_OWNER='***' AIRFLOW_CTX_DAG_ID='currency_parsing' AIRFLOW_CTX_TASK_ID='get_data_kzt' AIRFLOW_CTX_EXECUTION_DATE='2024-04-06T00:00:00+00:00' AIRFLOW_CTX_TRY_NUMBER='1' AIRFLOW_CTX_DAG_RUN_ID='scheduled__2024-04-06T00:00:00+00:00'
[2024-04-27T12:19:20.276+0000] {taskinstance.py:2728} ERROR - Task failed with exception
Traceback (most recent call last):
  File "/home/airflow/.local/lib/python3.8/site-packages/urllib3/connectionpool.py", line 715, in urlopen
    httplib_response = self._make_request(
  File "/home/airflow/.local/lib/python3.8/site-packages/urllib3/connectionpool.py", line 404, in _make_request
    self._validate_conn(conn)
  File "/home/airflow/.local/lib/python3.8/site-packages/urllib3/connectionpool.py", line 1058, in _validate_conn
    conn.connect()
  File "/home/airflow/.local/lib/python3.8/site-packages/urllib3/connection.py", line 419, in connect
    self.sock = ssl_wrap_socket(
  File "/home/airflow/.local/lib/python3.8/site-packages/urllib3/util/ssl_.py", line 449, in ssl_wrap_socket
    ssl_sock = _ssl_wrap_socket_impl(
  File "/home/airflow/.local/lib/python3.8/site-packages/urllib3/util/ssl_.py", line 493, in _ssl_wrap_socket_impl
    return ssl_context.wrap_socket(sock, server_hostname=server_hostname)
  File "/usr/local/lib/python3.8/ssl.py", line 500, in wrap_socket
    return self.sslsocket_class._create(
  File "/usr/local/lib/python3.8/ssl.py", line 1073, in _create
    self.do_handshake()
  File "/usr/local/lib/python3.8/ssl.py", line 1342, in do_handshake
    self._sslobj.do_handshake()
ssl.SSLZeroReturnError: TLS/SSL connection has been closed (EOF) (_ssl.c:1131)

During handling of the above exception, another exception occurred:

Traceback (most recent call last):
  File "/home/airflow/.local/lib/python3.8/site-packages/requests/adapters.py", line 486, in send
    resp = conn.urlopen(
  File "/home/airflow/.local/lib/python3.8/site-packages/urllib3/connectionpool.py", line 799, in urlopen
    retries = retries.increment(
  File "/home/airflow/.local/lib/python3.8/site-packages/urllib3/util/retry.py", line 592, in increment
    raise MaxRetryError(_pool, url, error or ResponseError(cause))
urllib3.exceptions.MaxRetryError: HTTPSConnectionPool(host='nationalbank.kz', port=443): Max retries exceeded with url: /rss/get_rates.cfm?fdate=5.4.2024 (Caused by SSLError(SSLZeroReturnError(6, 'TLS/SSL connection has been closed (EOF) (_ssl.c:1131)')))

During handling of the above exception, another exception occurred:

Traceback (most recent call last):
  File "/home/airflow/.local/lib/python3.8/site-packages/airflow/models/taskinstance.py", line 444, in _execute_task
    result = _execute_callable(context=context, **execute_callable_kwargs)
  File "/home/airflow/.local/lib/python3.8/site-packages/airflow/models/taskinstance.py", line 414, in _execute_callable
    return execute_callable(context=context, **execute_callable_kwargs)
  File "/home/airflow/.local/lib/python3.8/site-packages/airflow/operators/python.py", line 200, in execute
    return_value = self.execute_callable()
  File "/home/airflow/.local/lib/python3.8/site-packages/airflow/operators/python.py", line 217, in execute_callable
    return self.python_callable(*self.op_args, **self.op_kwargs)
  File "/opt/airflow/dags/stage/currency_parsing.py", line 51, in get_data_kzt
    response = requests.get(url, headers=headers)
  File "/home/airflow/.local/lib/python3.8/site-packages/requests/api.py", line 73, in get
    return request("get", url, params=params, **kwargs)
  File "/home/airflow/.local/lib/python3.8/site-packages/requests/api.py", line 59, in request
    return session.request(method=method, url=url, **kwargs)
  File "/home/airflow/.local/lib/python3.8/site-packages/requests/sessions.py", line 589, in request
    resp = self.send(prep, **send_kwargs)
  File "/home/airflow/.local/lib/python3.8/site-packages/requests/sessions.py", line 703, in send
    r = adapter.send(request, **kwargs)
  File "/home/airflow/.local/lib/python3.8/site-packages/requests/adapters.py", line 517, in send
    raise SSLError(e, request=request)
requests.exceptions.SSLError: HTTPSConnectionPool(host='nationalbank.kz', port=443): Max retries exceeded with url: /rss/get_rates.cfm?fdate=5.4.2024 (Caused by SSLError(SSLZeroReturnError(6, 'TLS/SSL connection has been closed (EOF) (_ssl.c:1131)')))
[2024-04-27T12:19:22.300+0000] {taskinstance.py:1149} INFO - Marking task as UP_FOR_RETRY. dag_id=currency_parsing, task_id=get_data_kzt, execution_date=20240406T000000, start_date=20240427T121856, end_date=20240427T121922
[2024-04-27T12:19:24.472+0000] {standard_task_runner.py:107} ERROR - Failed to execute job 2310 for task get_data_kzt (HTTPSConnectionPool(host='nationalbank.kz', port=443): Max retries exceeded with url: /rss/get_rates.cfm?fdate=5.4.2024 (Caused by SSLError(SSLZeroReturnError(6, 'TLS/SSL connection has been closed (EOF) (_ssl.c:1131)'))); 1906)
[2024-04-27T12:19:28.120+0000] {local_task_job_runner.py:234} INFO - Task exited with return code 1
[2024-04-27T12:19:31.706+0000] {warnings.py:109} WARNING - /home/***/.local/lib/python3.8/site-packages/***/models/baseoperator.py:1201: AirflowProviderDeprecationWarning: Call to deprecated class PostgresOperator. (Please use `***.providers.common.sql.operators.sql.SQLExecuteQueryOperator`.Also, you can provide `hook_params={'schema': <database>}`.)
  result = cls.__new__(cls)

[2024-04-27T12:19:32.300+0000] {taskinstance.py:3309} INFO - 0 downstream tasks scheduled from follow-on schedule check
