[2024-04-20T12:24:42.197+0000] {taskinstance.py:1979} INFO - Dependencies all met for dep_context=non-requeueable deps ti=<TaskInstance: currency_parsing_rub.create_schema manual__2024-04-20T12:24:37.113295+00:00 [queued]>
[2024-04-20T12:24:42.292+0000] {taskinstance.py:1979} INFO - Dependencies all met for dep_context=requeueable deps ti=<TaskInstance: currency_parsing_rub.create_schema manual__2024-04-20T12:24:37.113295+00:00 [queued]>
[2024-04-20T12:24:42.294+0000] {taskinstance.py:2193} INFO - Starting attempt 1 of 2
[2024-04-20T12:24:42.399+0000] {taskinstance.py:2214} INFO - Executing <Task(PostgresOperator): create_schema> on 2024-04-20 12:24:37.113295+00:00
[2024-04-20T12:24:42.424+0000] {standard_task_runner.py:60} INFO - Started process 341 to run task
[2024-04-20T12:24:42.454+0000] {standard_task_runner.py:87} INFO - Running: ['***', 'tasks', 'run', 'currency_parsing_rub', 'create_schema', 'manual__2024-04-20T12:24:37.113295+00:00', '--job-id', '805', '--raw', '--subdir', 'DAGS_FOLDER/stage/currency_rub.py', '--cfg-path', '/tmp/tmpbgdahyxg']
[2024-04-20T12:24:42.488+0000] {standard_task_runner.py:88} INFO - Job 805: Subtask create_schema
[2024-04-20T12:24:42.709+0000] {task_command.py:423} INFO - Running <TaskInstance: currency_parsing_rub.create_schema manual__2024-04-20T12:24:37.113295+00:00 [running]> on host b6a424c1134c
[2024-04-20T12:24:42.914+0000] {abstractoperator.py:707} ERROR - Exception rendering Jinja template for task 'create_schema', field 'sql'. Template: 'stage_scripts/create_schemas.sql'
Traceback (most recent call last):
  File "/home/airflow/.local/lib/python3.8/site-packages/airflow/models/abstractoperator.py", line 699, in _do_render_template_fields
    rendered_content = self.render_template(
  File "/home/airflow/.local/lib/python3.8/site-packages/airflow/template/templater.py", line 171, in render_template
    template = jinja_env.get_template(value)
  File "/home/airflow/.local/lib/python3.8/site-packages/jinja2/environment.py", line 1010, in get_template
    return self._load_template(name, globals)
  File "/home/airflow/.local/lib/python3.8/site-packages/jinja2/environment.py", line 969, in _load_template
    template = self.loader.load(self, name, self.make_globals(globals))
  File "/home/airflow/.local/lib/python3.8/site-packages/jinja2/loaders.py", line 125, in load
    source, filename, uptodate = self.get_source(environment, name)
  File "/home/airflow/.local/lib/python3.8/site-packages/jinja2/loaders.py", line 204, in get_source
    raise TemplateNotFound(template)
jinja2.exceptions.TemplateNotFound: stage_scripts/create_schemas.sql
[2024-04-20T12:24:42.917+0000] {taskinstance.py:2728} ERROR - Task failed with exception
Traceback (most recent call last):
  File "/home/airflow/.local/lib/python3.8/site-packages/airflow/models/taskinstance.py", line 2357, in _run_raw_task
    self._execute_task_with_callbacks(context, test_mode, session=session)
  File "/home/airflow/.local/lib/python3.8/site-packages/airflow/models/taskinstance.py", line 2495, in _execute_task_with_callbacks
    task_orig = self.render_templates(context=context)
  File "/home/airflow/.local/lib/python3.8/site-packages/airflow/models/taskinstance.py", line 2907, in render_templates
    original_task.render_template_fields(context)
  File "/home/airflow/.local/lib/python3.8/site-packages/airflow/models/baseoperator.py", line 1241, in render_template_fields
    self._do_render_template_fields(self, self.template_fields, context, jinja_env, set())
  File "/home/airflow/.local/lib/python3.8/site-packages/airflow/utils/session.py", line 79, in wrapper
    return func(*args, session=session, **kwargs)
  File "/home/airflow/.local/lib/python3.8/site-packages/airflow/models/abstractoperator.py", line 699, in _do_render_template_fields
    rendered_content = self.render_template(
  File "/home/airflow/.local/lib/python3.8/site-packages/airflow/template/templater.py", line 171, in render_template
    template = jinja_env.get_template(value)
  File "/home/airflow/.local/lib/python3.8/site-packages/jinja2/environment.py", line 1010, in get_template
    return self._load_template(name, globals)
  File "/home/airflow/.local/lib/python3.8/site-packages/jinja2/environment.py", line 969, in _load_template
    template = self.loader.load(self, name, self.make_globals(globals))
  File "/home/airflow/.local/lib/python3.8/site-packages/jinja2/loaders.py", line 125, in load
    source, filename, uptodate = self.get_source(environment, name)
  File "/home/airflow/.local/lib/python3.8/site-packages/jinja2/loaders.py", line 204, in get_source
    raise TemplateNotFound(template)
jinja2.exceptions.TemplateNotFound: stage_scripts/create_schemas.sql
[2024-04-20T12:24:42.945+0000] {taskinstance.py:1149} INFO - Marking task as UP_FOR_RETRY. dag_id=currency_parsing_rub, task_id=create_schema, execution_date=20240420T122437, start_date=20240420T122442, end_date=20240420T122442
[2024-04-20T12:24:42.989+0000] {standard_task_runner.py:107} ERROR - Failed to execute job 805 for task create_schema (stage_scripts/create_schemas.sql; 341)
[2024-04-20T12:24:43.017+0000] {local_task_job_runner.py:234} INFO - Task exited with return code 1
[2024-04-20T12:24:43.046+0000] {warnings.py:109} WARNING - /home/***/.local/lib/python3.8/site-packages/***/models/baseoperator.py:1201: AirflowProviderDeprecationWarning: Call to deprecated class PostgresOperator. (Please use `***.providers.common.sql.operators.sql.SQLExecuteQueryOperator`.Also, you can provide `hook_params={'schema': <database>}`.)
  result = cls.__new__(cls)

[2024-04-20T12:24:43.085+0000] {taskinstance.py:3309} INFO - 0 downstream tasks scheduled from follow-on schedule check
