[2024-05-05T10:11:25.231+0000] {taskinstance.py:1979} INFO - Dependencies all met for dep_context=non-requeueable deps ti=<TaskInstance: currency_parsing.fetch_data_rub scheduled__2024-05-04T00:00:00+00:00 [queued]>
[2024-05-05T10:11:25.252+0000] {taskinstance.py:1979} INFO - Dependencies all met for dep_context=requeueable deps ti=<TaskInstance: currency_parsing.fetch_data_rub scheduled__2024-05-04T00:00:00+00:00 [queued]>
[2024-05-05T10:11:25.253+0000] {taskinstance.py:2193} INFO - Starting attempt 1 of 2
[2024-05-05T10:11:25.313+0000] {taskinstance.py:2214} INFO - Executing <Task(PythonOperator): fetch_data_rub> on 2024-05-04 00:00:00+00:00
[2024-05-05T10:11:25.329+0000] {standard_task_runner.py:60} INFO - Started process 106 to run task
[2024-05-05T10:11:25.339+0000] {standard_task_runner.py:87} INFO - Running: ['***', 'tasks', 'run', 'currency_parsing', 'fetch_data_rub', 'scheduled__2024-05-04T00:00:00+00:00', '--job-id', '2663', '--raw', '--subdir', 'DAGS_FOLDER/currency_dag/currency_parsing.py', '--cfg-path', '/tmp/tmpsxu7h1md']
[2024-05-05T10:11:25.347+0000] {standard_task_runner.py:88} INFO - Job 2663: Subtask fetch_data_rub
[2024-05-05T10:11:25.540+0000] {task_command.py:423} INFO - Running <TaskInstance: currency_parsing.fetch_data_rub scheduled__2024-05-04T00:00:00+00:00 [running]> on host 71addd39200f
[2024-05-05T10:11:25.811+0000] {taskinstance.py:2510} INFO - Exporting env vars: AIRFLOW_CTX_DAG_OWNER='***' AIRFLOW_CTX_DAG_ID='currency_parsing' AIRFLOW_CTX_TASK_ID='fetch_data_rub' AIRFLOW_CTX_EXECUTION_DATE='2024-05-04T00:00:00+00:00' AIRFLOW_CTX_TRY_NUMBER='1' AIRFLOW_CTX_DAG_RUN_ID='scheduled__2024-05-04T00:00:00+00:00'
[2024-05-05T10:11:25.877+0000] {base.py:83} INFO - Using connection ID 'dwh' for task execution.
[2024-05-05T10:11:25.919+0000] {sql.py:572} INFO - Done loading. Loaded a total of 33 rows into stage.currency_rub
[2024-05-05T10:11:25.921+0000] {python.py:202} INFO - Done. Returned value was: None
[2024-05-05T10:11:25.960+0000] {taskinstance.py:1149} INFO - Marking task as SUCCESS. dag_id=currency_parsing, task_id=fetch_data_rub, execution_date=20240504T000000, start_date=20240505T101125, end_date=20240505T101125
[2024-05-05T10:11:26.046+0000] {local_task_job_runner.py:234} INFO - Task exited with return code 0
[2024-05-05T10:11:26.092+0000] {taskinstance.py:3309} INFO - 0 downstream tasks scheduled from follow-on schedule check
[2024-05-05T10:55:38.127+0000] {taskinstance.py:1979} INFO - Dependencies all met for dep_context=non-requeueable deps ti=<TaskInstance: currency_parsing.fetch_data_rub scheduled__2024-05-04T00:00:00+00:00 [queued]>
[2024-05-05T10:55:38.292+0000] {taskinstance.py:1979} INFO - Dependencies all met for dep_context=requeueable deps ti=<TaskInstance: currency_parsing.fetch_data_rub scheduled__2024-05-04T00:00:00+00:00 [queued]>
[2024-05-05T10:55:38.300+0000] {taskinstance.py:2193} INFO - Starting attempt 1 of 2
[2024-05-05T10:55:38.480+0000] {taskinstance.py:2214} INFO - Executing <Task(PythonOperator): fetch_data_rub> on 2024-05-04 00:00:00+00:00
[2024-05-05T10:55:38.569+0000] {standard_task_runner.py:87} INFO - Running: ['***', 'tasks', 'run', 'currency_parsing', 'fetch_data_rub', 'scheduled__2024-05-04T00:00:00+00:00', '--job-id', '2720', '--raw', '--subdir', 'DAGS_FOLDER/currency_dag/currency_parsing.py', '--cfg-path', '/tmp/tmpugs9044w']
[2024-05-05T10:55:38.552+0000] {standard_task_runner.py:60} INFO - Started process 805 to run task
[2024-05-05T10:55:38.589+0000] {standard_task_runner.py:88} INFO - Job 2720: Subtask fetch_data_rub
[2024-05-05T10:55:39.221+0000] {task_command.py:423} INFO - Running <TaskInstance: currency_parsing.fetch_data_rub scheduled__2024-05-04T00:00:00+00:00 [running]> on host 71addd39200f
[2024-05-05T10:55:40.327+0000] {taskinstance.py:2510} INFO - Exporting env vars: AIRFLOW_CTX_DAG_OWNER='***' AIRFLOW_CTX_DAG_ID='currency_parsing' AIRFLOW_CTX_TASK_ID='fetch_data_rub' AIRFLOW_CTX_EXECUTION_DATE='2024-05-04T00:00:00+00:00' AIRFLOW_CTX_TRY_NUMBER='1' AIRFLOW_CTX_DAG_RUN_ID='scheduled__2024-05-04T00:00:00+00:00'
[2024-05-05T10:55:40.580+0000] {base.py:83} INFO - Using connection ID 'dwh' for task execution.
[2024-05-05T10:55:40.697+0000] {sql.py:572} INFO - Done loading. Loaded a total of 33 rows into stage.currency_rub
[2024-05-05T10:55:40.703+0000] {python.py:202} INFO - Done. Returned value was: None
[2024-05-05T10:55:40.860+0000] {taskinstance.py:1149} INFO - Marking task as SUCCESS. dag_id=currency_parsing, task_id=fetch_data_rub, execution_date=20240504T000000, start_date=20240505T105538, end_date=20240505T105540
[2024-05-05T10:55:41.263+0000] {local_task_job_runner.py:234} INFO - Task exited with return code 0
[2024-05-05T10:55:41.638+0000] {taskinstance.py:3309} INFO - 0 downstream tasks scheduled from follow-on schedule check
