[2024-04-26T10:33:09.592+0000] {taskinstance.py:1979} INFO - Dependencies all met for dep_context=non-requeueable deps ti=<TaskInstance: currency_parsing.fetch_data_rub scheduled__2024-04-25T00:00:00+00:00 [queued]>
[2024-04-26T10:33:09.746+0000] {taskinstance.py:1979} INFO - Dependencies all met for dep_context=requeueable deps ti=<TaskInstance: currency_parsing.fetch_data_rub scheduled__2024-04-25T00:00:00+00:00 [queued]>
[2024-04-26T10:33:09.752+0000] {taskinstance.py:2193} INFO - Starting attempt 1 of 2
[2024-04-26T10:33:09.876+0000] {taskinstance.py:2214} INFO - Executing <Task(PythonOperator): fetch_data_rub> on 2024-04-25 00:00:00+00:00
[2024-04-26T10:33:09.924+0000] {standard_task_runner.py:60} INFO - Started process 289 to run task
[2024-04-26T10:33:09.944+0000] {standard_task_runner.py:87} INFO - Running: ['***', 'tasks', 'run', 'currency_parsing', 'fetch_data_rub', 'scheduled__2024-04-25T00:00:00+00:00', '--job-id', '2185', '--raw', '--subdir', 'DAGS_FOLDER/stage/currency_parsing.py', '--cfg-path', '/tmp/tmp11v3gkzo']
[2024-04-26T10:33:09.977+0000] {standard_task_runner.py:88} INFO - Job 2185: Subtask fetch_data_rub
[2024-04-26T10:33:10.376+0000] {task_command.py:423} INFO - Running <TaskInstance: currency_parsing.fetch_data_rub scheduled__2024-04-25T00:00:00+00:00 [running]> on host 4284c2c978e3
[2024-04-26T10:33:11.005+0000] {taskinstance.py:2510} INFO - Exporting env vars: AIRFLOW_CTX_DAG_OWNER='***' AIRFLOW_CTX_DAG_ID='currency_parsing' AIRFLOW_CTX_TASK_ID='fetch_data_rub' AIRFLOW_CTX_EXECUTION_DATE='2024-04-25T00:00:00+00:00' AIRFLOW_CTX_TRY_NUMBER='1' AIRFLOW_CTX_DAG_RUN_ID='scheduled__2024-04-25T00:00:00+00:00'
[2024-04-26T10:33:11.687+0000] {base.py:83} INFO - Using connection ID 'dwh' for task execution.
[2024-04-26T10:33:13.484+0000] {sql.py:572} INFO - Done loading. Loaded a total of 43 rows into stage.currency_parsing_rub
[2024-04-26T10:33:13.486+0000] {python.py:202} INFO - Done. Returned value was: None
[2024-04-26T10:33:13.534+0000] {taskinstance.py:1149} INFO - Marking task as SUCCESS. dag_id=currency_parsing, task_id=fetch_data_rub, execution_date=20240425T000000, start_date=20240426T103309, end_date=20240426T103313
[2024-04-26T10:33:18.235+0000] {local_task_job_runner.py:234} INFO - Task exited with return code 0
[2024-04-26T10:33:18.501+0000] {taskinstance.py:3309} INFO - 0 downstream tasks scheduled from follow-on schedule check
[2024-04-26T13:16:37.082+0000] {taskinstance.py:1979} INFO - Dependencies all met for dep_context=non-requeueable deps ti=<TaskInstance: currency_parsing.fetch_data_rub scheduled__2024-04-25T00:00:00+00:00 [queued]>
[2024-04-26T13:16:37.123+0000] {taskinstance.py:1979} INFO - Dependencies all met for dep_context=requeueable deps ti=<TaskInstance: currency_parsing.fetch_data_rub scheduled__2024-04-25T00:00:00+00:00 [queued]>
[2024-04-26T13:16:37.126+0000] {taskinstance.py:2193} INFO - Starting attempt 1 of 2
[2024-04-26T13:16:37.156+0000] {taskinstance.py:2214} INFO - Executing <Task(PythonOperator): fetch_data_rub> on 2024-04-25 00:00:00+00:00
[2024-04-26T13:16:37.165+0000] {standard_task_runner.py:60} INFO - Started process 462 to run task
[2024-04-26T13:16:37.173+0000] {standard_task_runner.py:87} INFO - Running: ['***', 'tasks', 'run', 'currency_parsing', 'fetch_data_rub', 'scheduled__2024-04-25T00:00:00+00:00', '--job-id', '2225', '--raw', '--subdir', 'DAGS_FOLDER/stage/currency_parsing.py', '--cfg-path', '/tmp/tmpk2qb2anx']
[2024-04-26T13:16:37.178+0000] {standard_task_runner.py:88} INFO - Job 2225: Subtask fetch_data_rub
[2024-04-26T13:16:37.315+0000] {task_command.py:423} INFO - Running <TaskInstance: currency_parsing.fetch_data_rub scheduled__2024-04-25T00:00:00+00:00 [running]> on host 65a8688265d1
[2024-04-26T13:16:37.500+0000] {taskinstance.py:2510} INFO - Exporting env vars: AIRFLOW_CTX_DAG_OWNER='***' AIRFLOW_CTX_DAG_ID='currency_parsing' AIRFLOW_CTX_TASK_ID='fetch_data_rub' AIRFLOW_CTX_EXECUTION_DATE='2024-04-25T00:00:00+00:00' AIRFLOW_CTX_TRY_NUMBER='1' AIRFLOW_CTX_DAG_RUN_ID='scheduled__2024-04-25T00:00:00+00:00'
[2024-04-26T13:16:37.552+0000] {base.py:83} INFO - Using connection ID 'dwh' for task execution.
[2024-04-26T13:16:37.587+0000] {sql.py:572} INFO - Done loading. Loaded a total of 43 rows into stage.currency_parsing_rub
[2024-04-26T13:16:37.589+0000] {python.py:202} INFO - Done. Returned value was: None
[2024-04-26T13:16:37.612+0000] {taskinstance.py:1149} INFO - Marking task as SUCCESS. dag_id=currency_parsing, task_id=fetch_data_rub, execution_date=20240425T000000, start_date=20240426T131637, end_date=20240426T131637
[2024-04-26T13:16:37.676+0000] {local_task_job_runner.py:234} INFO - Task exited with return code 0
[2024-04-26T13:16:37.716+0000] {taskinstance.py:3309} INFO - 0 downstream tasks scheduled from follow-on schedule check
[2024-04-27T12:31:41.917+0000] {taskinstance.py:1979} INFO - Dependencies all met for dep_context=non-requeueable deps ti=<TaskInstance: currency_parsing.fetch_data_rub scheduled__2024-04-25T00:00:00+00:00 [queued]>
[2024-04-27T12:31:42.140+0000] {taskinstance.py:1979} INFO - Dependencies all met for dep_context=requeueable deps ti=<TaskInstance: currency_parsing.fetch_data_rub scheduled__2024-04-25T00:00:00+00:00 [queued]>
[2024-04-27T12:31:42.152+0000] {taskinstance.py:2193} INFO - Starting attempt 1 of 2
[2024-04-27T12:31:42.420+0000] {taskinstance.py:2214} INFO - Executing <Task(PythonOperator): fetch_data_rub> on 2024-04-25 00:00:00+00:00
[2024-04-27T12:31:42.458+0000] {standard_task_runner.py:60} INFO - Started process 2565 to run task
[2024-04-27T12:31:42.491+0000] {standard_task_runner.py:87} INFO - Running: ['***', 'tasks', 'run', 'currency_parsing', 'fetch_data_rub', 'scheduled__2024-04-25T00:00:00+00:00', '--job-id', '2568', '--raw', '--subdir', 'DAGS_FOLDER/stage/currency_parsing.py', '--cfg-path', '/tmp/tmpv71tkxt_']
[2024-04-27T12:31:42.537+0000] {standard_task_runner.py:88} INFO - Job 2568: Subtask fetch_data_rub
[2024-04-27T12:31:42.969+0000] {task_command.py:423} INFO - Running <TaskInstance: currency_parsing.fetch_data_rub scheduled__2024-04-25T00:00:00+00:00 [running]> on host 65a8688265d1
[2024-04-27T12:31:45.004+0000] {taskinstance.py:2510} INFO - Exporting env vars: AIRFLOW_CTX_DAG_OWNER='***' AIRFLOW_CTX_DAG_ID='currency_parsing' AIRFLOW_CTX_TASK_ID='fetch_data_rub' AIRFLOW_CTX_EXECUTION_DATE='2024-04-25T00:00:00+00:00' AIRFLOW_CTX_TRY_NUMBER='1' AIRFLOW_CTX_DAG_RUN_ID='scheduled__2024-04-25T00:00:00+00:00'
[2024-04-27T12:31:45.410+0000] {base.py:83} INFO - Using connection ID 'dwh' for task execution.
[2024-04-27T12:31:45.493+0000] {sql.py:572} INFO - Done loading. Loaded a total of 43 rows into stage.currency_parsing_rub
[2024-04-27T12:31:45.496+0000] {python.py:202} INFO - Done. Returned value was: None
[2024-04-27T12:31:45.549+0000] {taskinstance.py:1149} INFO - Marking task as SUCCESS. dag_id=currency_parsing, task_id=fetch_data_rub, execution_date=20240425T000000, start_date=20240427T123141, end_date=20240427T123145
[2024-04-27T12:31:45.892+0000] {local_task_job_runner.py:234} INFO - Task exited with return code 0
[2024-04-27T12:31:45.978+0000] {taskinstance.py:3309} INFO - 0 downstream tasks scheduled from follow-on schedule check
