[2024-05-01T15:04:53.710+0000] {taskinstance.py:1979} INFO - Dependencies all met for dep_context=non-requeueable deps ti=<TaskInstance: currency_parsing.fetch_data_pound scheduled__2024-04-30T00:00:00+00:00 [queued]>
[2024-05-01T15:04:53.731+0000] {taskinstance.py:1979} INFO - Dependencies all met for dep_context=requeueable deps ti=<TaskInstance: currency_parsing.fetch_data_pound scheduled__2024-04-30T00:00:00+00:00 [queued]>
[2024-05-01T15:04:53.732+0000] {taskinstance.py:2193} INFO - Starting attempt 1 of 2
[2024-05-01T15:04:53.761+0000] {taskinstance.py:2214} INFO - Executing <Task(PythonOperator): fetch_data_pound> on 2024-04-30 00:00:00+00:00
[2024-05-01T15:04:53.769+0000] {standard_task_runner.py:60} INFO - Started process 886 to run task
[2024-05-01T15:04:53.777+0000] {standard_task_runner.py:87} INFO - Running: ['***', 'tasks', 'run', 'currency_parsing', 'fetch_data_pound', 'scheduled__2024-04-30T00:00:00+00:00', '--job-id', '2605', '--raw', '--subdir', 'DAGS_FOLDER/stage/currency_parsing.py', '--cfg-path', '/tmp/tmpgisy1nk8']
[2024-05-01T15:04:53.782+0000] {standard_task_runner.py:88} INFO - Job 2605: Subtask fetch_data_pound
[2024-05-01T15:04:53.875+0000] {task_command.py:423} INFO - Running <TaskInstance: currency_parsing.fetch_data_pound scheduled__2024-04-30T00:00:00+00:00 [running]> on host 84be22a86186
[2024-05-01T15:04:54.205+0000] {taskinstance.py:2510} INFO - Exporting env vars: AIRFLOW_CTX_DAG_OWNER='***' AIRFLOW_CTX_DAG_ID='currency_parsing' AIRFLOW_CTX_TASK_ID='fetch_data_pound' AIRFLOW_CTX_EXECUTION_DATE='2024-04-30T00:00:00+00:00' AIRFLOW_CTX_TRY_NUMBER='1' AIRFLOW_CTX_DAG_RUN_ID='scheduled__2024-04-30T00:00:00+00:00'
[2024-05-01T15:04:54.274+0000] {base.py:83} INFO - Using connection ID 'dwh' for task execution.
[2024-05-01T15:04:54.282+0000] {taskinstance.py:2728} ERROR - Task failed with exception
Traceback (most recent call last):
  File "/home/airflow/.local/lib/python3.8/site-packages/airflow/models/taskinstance.py", line 444, in _execute_task
    result = _execute_callable(context=context, **execute_callable_kwargs)
  File "/home/airflow/.local/lib/python3.8/site-packages/airflow/models/taskinstance.py", line 414, in _execute_callable
    return execute_callable(context=context, **execute_callable_kwargs)
  File "/home/airflow/.local/lib/python3.8/site-packages/airflow/operators/python.py", line 200, in execute
    return_value = self.execute_callable()
  File "/home/airflow/.local/lib/python3.8/site-packages/airflow/operators/python.py", line 217, in execute_callable
    return self.python_callable(*self.op_args, **self.op_kwargs)
  File "/opt/airflow/dags/stage/currency_parsing.py", line 73, in fetch_data_pound
    dwh_hook.insert_rows(
  File "/home/airflow/.local/lib/python3.8/site-packages/airflow/providers/common/sql/hooks/sql.py", line 565, in insert_rows
    cur.execute(sql, values)
psycopg2.errors.UndefinedTable: relation "stage.currency_parsing_pound" does not exist
LINE 1: INSERT INTO stage.currency_parsing_pound (title, rate, date)...
                    ^

[2024-05-01T15:04:54.307+0000] {taskinstance.py:1149} INFO - Marking task as UP_FOR_RETRY. dag_id=currency_parsing, task_id=fetch_data_pound, execution_date=20240430T000000, start_date=20240501T150453, end_date=20240501T150454
[2024-05-01T15:04:54.332+0000] {standard_task_runner.py:107} ERROR - Failed to execute job 2605 for task fetch_data_pound (relation "stage.currency_parsing_pound" does not exist
LINE 1: INSERT INTO stage.currency_parsing_pound (title, rate, date)...
                    ^
; 886)
[2024-05-01T15:04:54.351+0000] {local_task_job_runner.py:234} INFO - Task exited with return code 1
[2024-05-01T15:04:54.373+0000] {warnings.py:109} WARNING - /home/***/.local/lib/python3.8/site-packages/***/models/baseoperator.py:1201: AirflowProviderDeprecationWarning: Call to deprecated class PostgresOperator. (Please use `***.providers.common.sql.operators.sql.SQLExecuteQueryOperator`.Also, you can provide `hook_params={'schema': <database>}`.)
  result = cls.__new__(cls)

[2024-05-01T15:04:54.408+0000] {taskinstance.py:3309} INFO - 0 downstream tasks scheduled from follow-on schedule check
[2024-05-05T10:55:25.897+0000] {taskinstance.py:1979} INFO - Dependencies all met for dep_context=non-requeueable deps ti=<TaskInstance: currency_parsing.fetch_data_pound scheduled__2024-04-30T00:00:00+00:00 [queued]>
[2024-05-05T10:55:26.263+0000] {taskinstance.py:1979} INFO - Dependencies all met for dep_context=requeueable deps ti=<TaskInstance: currency_parsing.fetch_data_pound scheduled__2024-04-30T00:00:00+00:00 [queued]>
[2024-05-05T10:55:26.283+0000] {taskinstance.py:2193} INFO - Starting attempt 1 of 2
[2024-05-05T10:55:26.883+0000] {taskinstance.py:2214} INFO - Executing <Task(PythonOperator): fetch_data_pound> on 2024-04-30 00:00:00+00:00
[2024-05-05T10:55:27.127+0000] {standard_task_runner.py:60} INFO - Started process 776 to run task
[2024-05-05T10:55:27.364+0000] {standard_task_runner.py:87} INFO - Running: ['***', 'tasks', 'run', 'currency_parsing', 'fetch_data_pound', 'scheduled__2024-04-30T00:00:00+00:00', '--job-id', '2707', '--raw', '--subdir', 'DAGS_FOLDER/currency_dag/currency_parsing.py', '--cfg-path', '/tmp/tmpgmqzn36w']
[2024-05-05T10:55:27.475+0000] {standard_task_runner.py:88} INFO - Job 2707: Subtask fetch_data_pound
[2024-05-05T10:55:28.440+0000] {task_command.py:423} INFO - Running <TaskInstance: currency_parsing.fetch_data_pound scheduled__2024-04-30T00:00:00+00:00 [running]> on host 71addd39200f
[2024-05-05T10:55:30.180+0000] {taskinstance.py:2510} INFO - Exporting env vars: AIRFLOW_CTX_DAG_OWNER='***' AIRFLOW_CTX_DAG_ID='currency_parsing' AIRFLOW_CTX_TASK_ID='fetch_data_pound' AIRFLOW_CTX_EXECUTION_DATE='2024-04-30T00:00:00+00:00' AIRFLOW_CTX_TRY_NUMBER='1' AIRFLOW_CTX_DAG_RUN_ID='scheduled__2024-04-30T00:00:00+00:00'
[2024-05-05T10:55:30.642+0000] {base.py:83} INFO - Using connection ID 'dwh' for task execution.
[2024-05-05T10:55:30.777+0000] {sql.py:572} INFO - Done loading. Loaded a total of 33 rows into stage.currency_pound
[2024-05-05T10:55:30.791+0000] {python.py:202} INFO - Done. Returned value was: None
[2024-05-05T10:55:30.855+0000] {taskinstance.py:1149} INFO - Marking task as SUCCESS. dag_id=currency_parsing, task_id=fetch_data_pound, execution_date=20240430T000000, start_date=20240505T105525, end_date=20240505T105530
[2024-05-05T10:55:30.969+0000] {local_task_job_runner.py:234} INFO - Task exited with return code 0
[2024-05-05T10:55:31.574+0000] {taskinstance.py:3309} INFO - 0 downstream tasks scheduled from follow-on schedule check
