[2024-04-14T08:52:43.766+0000] {taskinstance.py:1979} INFO - Dependencies all met for dep_context=non-requeueable deps ti=<TaskInstance: currency_parsing.fetch_data scheduled__2024-02-05T00:00:00+00:00 [queued]>
[2024-04-14T08:52:43.827+0000] {taskinstance.py:1979} INFO - Dependencies all met for dep_context=requeueable deps ti=<TaskInstance: currency_parsing.fetch_data scheduled__2024-02-05T00:00:00+00:00 [queued]>
[2024-04-14T08:52:43.828+0000] {taskinstance.py:2193} INFO - Starting attempt 1 of 2
[2024-04-14T08:52:44.222+0000] {taskinstance.py:2214} INFO - Executing <Task(PythonOperator): fetch_data> on 2024-02-05 00:00:00+00:00
[2024-04-14T08:52:44.402+0000] {standard_task_runner.py:87} INFO - Running: ['***', 'tasks', 'run', 'currency_parsing', 'fetch_data', 'scheduled__2024-02-05T00:00:00+00:00', '--job-id', '302', '--raw', '--subdir', 'DAGS_FOLDER/currency_parsing.py', '--cfg-path', '/tmp/tmp6spt4dhj']
[2024-04-14T08:52:44.429+0000] {standard_task_runner.py:88} INFO - Job 302: Subtask fetch_data
[2024-04-14T08:52:44.373+0000] {standard_task_runner.py:60} INFO - Started process 1082 to run task
[2024-04-14T08:52:45.113+0000] {task_command.py:423} INFO - Running <TaskInstance: currency_parsing.fetch_data scheduled__2024-02-05T00:00:00+00:00 [running]> on host e8a1e0443283
[2024-04-14T08:52:45.983+0000] {taskinstance.py:2510} INFO - Exporting env vars: AIRFLOW_CTX_DAG_OWNER='***' AIRFLOW_CTX_DAG_ID='currency_parsing' AIRFLOW_CTX_TASK_ID='fetch_data' AIRFLOW_CTX_EXECUTION_DATE='2024-02-05T00:00:00+00:00' AIRFLOW_CTX_TRY_NUMBER='1' AIRFLOW_CTX_DAG_RUN_ID='scheduled__2024-02-05T00:00:00+00:00'
[2024-04-14T08:52:46.146+0000] {base.py:83} INFO - Using connection ID 'dwh' for task execution.
[2024-04-14T08:52:46.237+0000] {sql.py:572} INFO - Done loading. Loaded a total of 39 rows into currency_parsing
[2024-04-14T08:52:46.239+0000] {python.py:202} INFO - Done. Returned value was: None
[2024-04-14T08:52:46.359+0000] {taskinstance.py:1149} INFO - Marking task as SUCCESS. dag_id=currency_parsing, task_id=fetch_data, execution_date=20240205T000000, start_date=20240414T085243, end_date=20240414T085246
[2024-04-14T08:52:46.572+0000] {local_task_job_runner.py:234} INFO - Task exited with return code 0
[2024-04-14T08:52:46.635+0000] {taskinstance.py:3309} INFO - 0 downstream tasks scheduled from follow-on schedule check
[2024-04-14T10:10:13.177+0000] {taskinstance.py:1979} INFO - Dependencies all met for dep_context=non-requeueable deps ti=<TaskInstance: currency_parsing.fetch_data scheduled__2024-02-05T00:00:00+00:00 [queued]>
[2024-04-14T10:10:13.285+0000] {taskinstance.py:1979} INFO - Dependencies all met for dep_context=requeueable deps ti=<TaskInstance: currency_parsing.fetch_data scheduled__2024-02-05T00:00:00+00:00 [queued]>
[2024-04-14T10:10:13.311+0000] {taskinstance.py:2193} INFO - Starting attempt 1 of 2
[2024-04-14T10:10:13.637+0000] {taskinstance.py:2214} INFO - Executing <Task(PythonOperator): fetch_data> on 2024-02-05 00:00:00+00:00
[2024-04-14T10:10:13.722+0000] {standard_task_runner.py:60} INFO - Started process 392 to run task
[2024-04-14T10:10:13.753+0000] {standard_task_runner.py:87} INFO - Running: ['***', 'tasks', 'run', 'currency_parsing', 'fetch_data', 'scheduled__2024-02-05T00:00:00+00:00', '--job-id', '604', '--raw', '--subdir', 'DAGS_FOLDER/currency_parsing.py', '--cfg-path', '/tmp/tmp24ou0wxd']
[2024-04-14T10:10:13.846+0000] {standard_task_runner.py:88} INFO - Job 604: Subtask fetch_data
[2024-04-14T10:10:14.265+0000] {task_command.py:423} INFO - Running <TaskInstance: currency_parsing.fetch_data scheduled__2024-02-05T00:00:00+00:00 [running]> on host 1c15aab9396c
[2024-04-14T10:10:15.680+0000] {taskinstance.py:2510} INFO - Exporting env vars: AIRFLOW_CTX_DAG_OWNER='***' AIRFLOW_CTX_DAG_ID='currency_parsing' AIRFLOW_CTX_TASK_ID='fetch_data' AIRFLOW_CTX_EXECUTION_DATE='2024-02-05T00:00:00+00:00' AIRFLOW_CTX_TRY_NUMBER='1' AIRFLOW_CTX_DAG_RUN_ID='scheduled__2024-02-05T00:00:00+00:00'
[2024-04-14T10:10:15.941+0000] {base.py:83} INFO - Using connection ID 'dwh' for task execution.
[2024-04-14T10:10:16.056+0000] {sql.py:572} INFO - Done loading. Loaded a total of 39 rows into currency_parsing
[2024-04-14T10:10:16.057+0000] {python.py:202} INFO - Done. Returned value was: None
[2024-04-14T10:10:16.110+0000] {taskinstance.py:1149} INFO - Marking task as SUCCESS. dag_id=currency_parsing, task_id=fetch_data, execution_date=20240205T000000, start_date=20240414T101013, end_date=20240414T101016
[2024-04-14T10:10:16.526+0000] {local_task_job_runner.py:234} INFO - Task exited with return code 0
[2024-04-14T10:10:16.775+0000] {taskinstance.py:3309} INFO - 0 downstream tasks scheduled from follow-on schedule check
