[2024-04-26T10:33:00.414+0000] {taskinstance.py:1979} INFO - Dependencies all met for dep_context=non-requeueable deps ti=<TaskInstance: currency_parsing.fetch_data_kzt scheduled__2024-04-25T00:00:00+00:00 [queued]>
[2024-04-26T10:33:00.468+0000] {taskinstance.py:1979} INFO - Dependencies all met for dep_context=requeueable deps ti=<TaskInstance: currency_parsing.fetch_data_kzt scheduled__2024-04-25T00:00:00+00:00 [queued]>
[2024-04-26T10:33:00.477+0000] {taskinstance.py:2193} INFO - Starting attempt 1 of 2
[2024-04-26T10:33:00.534+0000] {taskinstance.py:2214} INFO - Executing <Task(PythonOperator): fetch_data_kzt> on 2024-04-25 00:00:00+00:00
[2024-04-26T10:33:00.554+0000] {standard_task_runner.py:60} INFO - Started process 277 to run task
[2024-04-26T10:33:00.596+0000] {standard_task_runner.py:87} INFO - Running: ['***', 'tasks', 'run', 'currency_parsing', 'fetch_data_kzt', 'scheduled__2024-04-25T00:00:00+00:00', '--job-id', '2181', '--raw', '--subdir', 'DAGS_FOLDER/stage/currency_parsing.py', '--cfg-path', '/tmp/tmp0x3ezthj']
[2024-04-26T10:33:00.625+0000] {standard_task_runner.py:88} INFO - Job 2181: Subtask fetch_data_kzt
[2024-04-26T10:33:00.987+0000] {task_command.py:423} INFO - Running <TaskInstance: currency_parsing.fetch_data_kzt scheduled__2024-04-25T00:00:00+00:00 [running]> on host 4284c2c978e3
[2024-04-26T10:33:01.618+0000] {taskinstance.py:2510} INFO - Exporting env vars: AIRFLOW_CTX_DAG_OWNER='***' AIRFLOW_CTX_DAG_ID='currency_parsing' AIRFLOW_CTX_TASK_ID='fetch_data_kzt' AIRFLOW_CTX_EXECUTION_DATE='2024-04-25T00:00:00+00:00' AIRFLOW_CTX_TRY_NUMBER='1' AIRFLOW_CTX_DAG_RUN_ID='scheduled__2024-04-25T00:00:00+00:00'
[2024-04-26T10:33:01.730+0000] {base.py:83} INFO - Using connection ID 'dwh' for task execution.
[2024-04-26T10:33:01.796+0000] {sql.py:572} INFO - Done loading. Loaded a total of 39 rows into stage.currency_parsing_kzt
[2024-04-26T10:33:01.797+0000] {python.py:202} INFO - Done. Returned value was: None
[2024-04-26T10:33:01.833+0000] {taskinstance.py:1149} INFO - Marking task as SUCCESS. dag_id=currency_parsing, task_id=fetch_data_kzt, execution_date=20240425T000000, start_date=20240426T103300, end_date=20240426T103301
[2024-04-26T10:33:02.021+0000] {local_task_job_runner.py:234} INFO - Task exited with return code 0
[2024-04-26T10:33:02.144+0000] {taskinstance.py:3309} INFO - 0 downstream tasks scheduled from follow-on schedule check
[2024-04-26T13:16:27.056+0000] {taskinstance.py:1979} INFO - Dependencies all met for dep_context=non-requeueable deps ti=<TaskInstance: currency_parsing.fetch_data_kzt scheduled__2024-04-25T00:00:00+00:00 [queued]>
[2024-04-26T13:16:27.372+0000] {taskinstance.py:1979} INFO - Dependencies all met for dep_context=requeueable deps ti=<TaskInstance: currency_parsing.fetch_data_kzt scheduled__2024-04-25T00:00:00+00:00 [queued]>
[2024-04-26T13:16:27.377+0000] {taskinstance.py:2193} INFO - Starting attempt 1 of 2
[2024-04-26T13:16:31.597+0000] {taskinstance.py:2214} INFO - Executing <Task(PythonOperator): fetch_data_kzt> on 2024-04-25 00:00:00+00:00
[2024-04-26T13:16:31.655+0000] {standard_task_runner.py:60} INFO - Started process 450 to run task
[2024-04-26T13:16:31.702+0000] {standard_task_runner.py:87} INFO - Running: ['***', 'tasks', 'run', 'currency_parsing', 'fetch_data_kzt', 'scheduled__2024-04-25T00:00:00+00:00', '--job-id', '2221', '--raw', '--subdir', 'DAGS_FOLDER/stage/currency_parsing.py', '--cfg-path', '/tmp/tmp0kwfledz']
[2024-04-26T13:16:31.756+0000] {standard_task_runner.py:88} INFO - Job 2221: Subtask fetch_data_kzt
[2024-04-26T13:16:34.607+0000] {task_command.py:423} INFO - Running <TaskInstance: currency_parsing.fetch_data_kzt scheduled__2024-04-25T00:00:00+00:00 [running]> on host 65a8688265d1
[2024-04-26T13:16:35.404+0000] {taskinstance.py:2510} INFO - Exporting env vars: AIRFLOW_CTX_DAG_OWNER='***' AIRFLOW_CTX_DAG_ID='currency_parsing' AIRFLOW_CTX_TASK_ID='fetch_data_kzt' AIRFLOW_CTX_EXECUTION_DATE='2024-04-25T00:00:00+00:00' AIRFLOW_CTX_TRY_NUMBER='1' AIRFLOW_CTX_DAG_RUN_ID='scheduled__2024-04-25T00:00:00+00:00'
[2024-04-26T13:16:35.596+0000] {base.py:83} INFO - Using connection ID 'dwh' for task execution.
[2024-04-26T13:16:35.646+0000] {sql.py:572} INFO - Done loading. Loaded a total of 39 rows into stage.currency_parsing_kzt
[2024-04-26T13:16:35.649+0000] {python.py:202} INFO - Done. Returned value was: None
[2024-04-26T13:16:35.707+0000] {taskinstance.py:1149} INFO - Marking task as SUCCESS. dag_id=currency_parsing, task_id=fetch_data_kzt, execution_date=20240425T000000, start_date=20240426T131627, end_date=20240426T131635
[2024-04-26T13:16:35.822+0000] {local_task_job_runner.py:234} INFO - Task exited with return code 0
[2024-04-26T13:16:35.905+0000] {taskinstance.py:3309} INFO - 0 downstream tasks scheduled from follow-on schedule check
[2024-04-27T12:31:42.590+0000] {taskinstance.py:1979} INFO - Dependencies all met for dep_context=non-requeueable deps ti=<TaskInstance: currency_parsing.fetch_data_kzt scheduled__2024-04-25T00:00:00+00:00 [queued]>
[2024-04-27T12:31:42.810+0000] {taskinstance.py:1979} INFO - Dependencies all met for dep_context=requeueable deps ti=<TaskInstance: currency_parsing.fetch_data_kzt scheduled__2024-04-25T00:00:00+00:00 [queued]>
[2024-04-27T12:31:42.813+0000] {taskinstance.py:2193} INFO - Starting attempt 1 of 2
[2024-04-27T12:31:43.418+0000] {taskinstance.py:2214} INFO - Executing <Task(PythonOperator): fetch_data_kzt> on 2024-04-25 00:00:00+00:00
[2024-04-27T12:31:43.550+0000] {standard_task_runner.py:60} INFO - Started process 2568 to run task
[2024-04-27T12:31:43.728+0000] {standard_task_runner.py:87} INFO - Running: ['***', 'tasks', 'run', 'currency_parsing', 'fetch_data_kzt', 'scheduled__2024-04-25T00:00:00+00:00', '--job-id', '2569', '--raw', '--subdir', 'DAGS_FOLDER/stage/currency_parsing.py', '--cfg-path', '/tmp/tmpaa0y54xs']
[2024-04-27T12:31:43.879+0000] {standard_task_runner.py:88} INFO - Job 2569: Subtask fetch_data_kzt
[2024-04-27T12:31:44.730+0000] {task_command.py:423} INFO - Running <TaskInstance: currency_parsing.fetch_data_kzt scheduled__2024-04-25T00:00:00+00:00 [running]> on host 65a8688265d1
[2024-04-27T12:31:46.562+0000] {taskinstance.py:2510} INFO - Exporting env vars: AIRFLOW_CTX_DAG_OWNER='***' AIRFLOW_CTX_DAG_ID='currency_parsing' AIRFLOW_CTX_TASK_ID='fetch_data_kzt' AIRFLOW_CTX_EXECUTION_DATE='2024-04-25T00:00:00+00:00' AIRFLOW_CTX_TRY_NUMBER='1' AIRFLOW_CTX_DAG_RUN_ID='scheduled__2024-04-25T00:00:00+00:00'
[2024-04-27T12:31:46.874+0000] {base.py:83} INFO - Using connection ID 'dwh' for task execution.
[2024-04-27T12:31:46.956+0000] {sql.py:572} INFO - Done loading. Loaded a total of 39 rows into stage.currency_parsing_kzt
[2024-04-27T12:31:46.957+0000] {python.py:202} INFO - Done. Returned value was: None
[2024-04-27T12:31:47.144+0000] {taskinstance.py:1149} INFO - Marking task as SUCCESS. dag_id=currency_parsing, task_id=fetch_data_kzt, execution_date=20240425T000000, start_date=20240427T123142, end_date=20240427T123147
[2024-04-27T12:31:47.365+0000] {local_task_job_runner.py:234} INFO - Task exited with return code 0
[2024-04-27T12:31:47.751+0000] {taskinstance.py:3309} INFO - 0 downstream tasks scheduled from follow-on schedule check
