[2024-04-14T08:52:08.730+0000] {taskinstance.py:1979} INFO - Dependencies all met for dep_context=non-requeueable deps ti=<TaskInstance: currency_parsing.fetch_data scheduled__2024-01-30T00:00:00+00:00 [queued]>
[2024-04-14T08:52:08.783+0000] {taskinstance.py:1979} INFO - Dependencies all met for dep_context=requeueable deps ti=<TaskInstance: currency_parsing.fetch_data scheduled__2024-01-30T00:00:00+00:00 [queued]>
[2024-04-14T08:52:08.784+0000] {taskinstance.py:2193} INFO - Starting attempt 1 of 2
[2024-04-14T08:52:08.860+0000] {taskinstance.py:2214} INFO - Executing <Task(PythonOperator): fetch_data> on 2024-01-30 00:00:00+00:00
[2024-04-14T08:52:08.868+0000] {standard_task_runner.py:60} INFO - Started process 996 to run task
[2024-04-14T08:52:08.889+0000] {standard_task_runner.py:87} INFO - Running: ['***', 'tasks', 'run', 'currency_parsing', 'fetch_data', 'scheduled__2024-01-30T00:00:00+00:00', '--job-id', '267', '--raw', '--subdir', 'DAGS_FOLDER/currency_parsing.py', '--cfg-path', '/tmp/tmpj_3a_iw4']
[2024-04-14T08:52:08.902+0000] {standard_task_runner.py:88} INFO - Job 267: Subtask fetch_data
[2024-04-14T08:52:09.156+0000] {task_command.py:423} INFO - Running <TaskInstance: currency_parsing.fetch_data scheduled__2024-01-30T00:00:00+00:00 [running]> on host e8a1e0443283
[2024-04-14T08:52:09.643+0000] {taskinstance.py:2510} INFO - Exporting env vars: AIRFLOW_CTX_DAG_OWNER='***' AIRFLOW_CTX_DAG_ID='currency_parsing' AIRFLOW_CTX_TASK_ID='fetch_data' AIRFLOW_CTX_EXECUTION_DATE='2024-01-30T00:00:00+00:00' AIRFLOW_CTX_TRY_NUMBER='1' AIRFLOW_CTX_DAG_RUN_ID='scheduled__2024-01-30T00:00:00+00:00'
[2024-04-14T08:52:09.729+0000] {base.py:83} INFO - Using connection ID 'dwh' for task execution.
[2024-04-14T08:52:09.803+0000] {sql.py:572} INFO - Done loading. Loaded a total of 39 rows into currency_parsing
[2024-04-14T08:52:09.804+0000] {python.py:202} INFO - Done. Returned value was: None
[2024-04-14T08:52:09.830+0000] {taskinstance.py:1149} INFO - Marking task as SUCCESS. dag_id=currency_parsing, task_id=fetch_data, execution_date=20240130T000000, start_date=20240414T085208, end_date=20240414T085209
[2024-04-14T08:52:09.935+0000] {local_task_job_runner.py:234} INFO - Task exited with return code 0
[2024-04-14T08:52:09.975+0000] {taskinstance.py:3309} INFO - 0 downstream tasks scheduled from follow-on schedule check
[2024-04-14T10:09:17.054+0000] {taskinstance.py:1979} INFO - Dependencies all met for dep_context=non-requeueable deps ti=<TaskInstance: currency_parsing.fetch_data scheduled__2024-01-30T00:00:00+00:00 [queued]>
[2024-04-14T10:09:17.357+0000] {taskinstance.py:1979} INFO - Dependencies all met for dep_context=requeueable deps ti=<TaskInstance: currency_parsing.fetch_data scheduled__2024-01-30T00:00:00+00:00 [queued]>
[2024-04-14T10:09:17.412+0000] {taskinstance.py:2193} INFO - Starting attempt 1 of 2
[2024-04-14T10:09:17.788+0000] {taskinstance.py:2214} INFO - Executing <Task(PythonOperator): fetch_data> on 2024-01-30 00:00:00+00:00
[2024-04-14T10:09:17.868+0000] {standard_task_runner.py:60} INFO - Started process 314 to run task
[2024-04-14T10:09:17.883+0000] {standard_task_runner.py:87} INFO - Running: ['***', 'tasks', 'run', 'currency_parsing', 'fetch_data', 'scheduled__2024-01-30T00:00:00+00:00', '--job-id', '573', '--raw', '--subdir', 'DAGS_FOLDER/currency_parsing.py', '--cfg-path', '/tmp/tmpet4t3sgr']
[2024-04-14T10:09:18.241+0000] {standard_task_runner.py:88} INFO - Job 573: Subtask fetch_data
[2024-04-14T10:09:20.563+0000] {task_command.py:423} INFO - Running <TaskInstance: currency_parsing.fetch_data scheduled__2024-01-30T00:00:00+00:00 [running]> on host 1c15aab9396c
[2024-04-14T10:09:21.830+0000] {taskinstance.py:2510} INFO - Exporting env vars: AIRFLOW_CTX_DAG_OWNER='***' AIRFLOW_CTX_DAG_ID='currency_parsing' AIRFLOW_CTX_TASK_ID='fetch_data' AIRFLOW_CTX_EXECUTION_DATE='2024-01-30T00:00:00+00:00' AIRFLOW_CTX_TRY_NUMBER='1' AIRFLOW_CTX_DAG_RUN_ID='scheduled__2024-01-30T00:00:00+00:00'
[2024-04-14T10:09:22.174+0000] {base.py:83} INFO - Using connection ID 'dwh' for task execution.
[2024-04-14T10:09:22.265+0000] {sql.py:572} INFO - Done loading. Loaded a total of 39 rows into currency_parsing
[2024-04-14T10:09:22.273+0000] {python.py:202} INFO - Done. Returned value was: None
[2024-04-14T10:09:22.309+0000] {taskinstance.py:1149} INFO - Marking task as SUCCESS. dag_id=currency_parsing, task_id=fetch_data, execution_date=20240130T000000, start_date=20240414T100917, end_date=20240414T100922
[2024-04-14T10:09:22.411+0000] {local_task_job_runner.py:234} INFO - Task exited with return code 0
[2024-04-14T10:09:22.481+0000] {taskinstance.py:3309} INFO - 0 downstream tasks scheduled from follow-on schedule check
