[2024-04-21T09:03:47.623+0000] {taskinstance.py:1979} INFO - Dependencies all met for dep_context=non-requeueable deps ti=<TaskInstance: currency_parsing.get_data_kzt scheduled__2024-04-20T00:00:00+00:00 [queued]>
[2024-04-21T09:03:47.723+0000] {taskinstance.py:1979} INFO - Dependencies all met for dep_context=requeueable deps ti=<TaskInstance: currency_parsing.get_data_kzt scheduled__2024-04-20T00:00:00+00:00 [queued]>
[2024-04-21T09:03:47.793+0000] {taskinstance.py:2193} INFO - Starting attempt 1 of 2
[2024-04-21T09:03:47.925+0000] {taskinstance.py:2214} INFO - Executing <Task(PythonOperator): get_data_kzt> on 2024-04-20 00:00:00+00:00
[2024-04-21T09:03:47.954+0000] {standard_task_runner.py:60} INFO - Started process 1024 to run task
[2024-04-21T09:03:47.972+0000] {standard_task_runner.py:87} INFO - Running: ['***', 'tasks', 'run', 'currency_parsing', 'get_data_kzt', 'scheduled__2024-04-20T00:00:00+00:00', '--job-id', '927', '--raw', '--subdir', 'DAGS_FOLDER/stage/currency_parsing.py', '--cfg-path', '/tmp/tmpvmzszjyq']
[2024-04-21T09:03:47.980+0000] {standard_task_runner.py:88} INFO - Job 927: Subtask get_data_kzt
[2024-04-21T09:03:48.386+0000] {task_command.py:423} INFO - Running <TaskInstance: currency_parsing.get_data_kzt scheduled__2024-04-20T00:00:00+00:00 [running]> on host 31aa6d9ea6ff
[2024-04-21T09:03:48.567+0000] {warnings.py:109} WARNING - /home/***/.local/lib/python3.8/site-packages/***/utils/context.py:207: AirflowContextDeprecationWarning: Accessing 'execution_date' from the template is deprecated and will be removed in a future version. Please use 'data_interval_start' or 'logical_date' instead.
  warnings.warn(_create_deprecation_warning(key, self._deprecation_replacements[key]))

[2024-04-21T09:03:48.721+0000] {taskinstance.py:2510} INFO - Exporting env vars: AIRFLOW_CTX_DAG_OWNER='***' AIRFLOW_CTX_DAG_ID='currency_parsing' AIRFLOW_CTX_TASK_ID='get_data_kzt' AIRFLOW_CTX_EXECUTION_DATE='2024-04-20T00:00:00+00:00' AIRFLOW_CTX_TRY_NUMBER='1' AIRFLOW_CTX_DAG_RUN_ID='scheduled__2024-04-20T00:00:00+00:00'
[2024-04-21T09:03:48.768+0000] {taskinstance.py:2728} ERROR - Task failed with exception
Traceback (most recent call last):
  File "/home/airflow/.local/lib/python3.8/site-packages/airflow/models/taskinstance.py", line 444, in _execute_task
    result = _execute_callable(context=context, **execute_callable_kwargs)
  File "/home/airflow/.local/lib/python3.8/site-packages/airflow/models/taskinstance.py", line 414, in _execute_callable
    return execute_callable(context=context, **execute_callable_kwargs)
  File "/home/airflow/.local/lib/python3.8/site-packages/airflow/operators/python.py", line 200, in execute
    return_value = self.execute_callable()
  File "/home/airflow/.local/lib/python3.8/site-packages/airflow/operators/python.py", line 217, in execute_callable
    return self.python_callable(*self.op_args, **self.op_kwargs)
  File "/opt/airflow/dags/stage/currency_parsing.py", line 44, in get_data_kzt
    year, month, day = return_date(execution_date)
  File "/opt/airflow/dags/stage/currency_utils.py", line 30, in return_date
    execution_date = datetime.strptime(execution_date, '%Y-%m-%d')
  File "/usr/local/lib/python3.8/_strptime.py", line 568, in _strptime_datetime
    tt, fraction, gmtoff_fraction = _strptime(data_string, format)
  File "/usr/local/lib/python3.8/_strptime.py", line 352, in _strptime
    raise ValueError("unconverted data remains: %s" %
ValueError: unconverted data remains:  00:00:00+00:00
[2024-04-21T09:03:48.835+0000] {taskinstance.py:1149} INFO - Marking task as UP_FOR_RETRY. dag_id=currency_parsing, task_id=get_data_kzt, execution_date=20240420T000000, start_date=20240421T090347, end_date=20240421T090348
[2024-04-21T09:03:48.934+0000] {standard_task_runner.py:107} ERROR - Failed to execute job 927 for task get_data_kzt (unconverted data remains:  00:00:00+00:00; 1024)
[2024-04-21T09:03:48.997+0000] {local_task_job_runner.py:234} INFO - Task exited with return code 1
[2024-04-21T09:03:49.095+0000] {taskinstance.py:3309} INFO - 0 downstream tasks scheduled from follow-on schedule check
[2024-04-21T10:14:57.884+0000] {taskinstance.py:1979} INFO - Dependencies all met for dep_context=non-requeueable deps ti=<TaskInstance: currency_parsing.get_data_kzt scheduled__2024-04-20T00:00:00+00:00 [queued]>
[2024-04-21T10:14:57.930+0000] {taskinstance.py:1979} INFO - Dependencies all met for dep_context=requeueable deps ti=<TaskInstance: currency_parsing.get_data_kzt scheduled__2024-04-20T00:00:00+00:00 [queued]>
[2024-04-21T10:14:57.933+0000] {taskinstance.py:2193} INFO - Starting attempt 1 of 2
[2024-04-21T10:14:58.060+0000] {taskinstance.py:2214} INFO - Executing <Task(PythonOperator): get_data_kzt> on 2024-04-20 00:00:00+00:00
[2024-04-21T10:14:58.074+0000] {standard_task_runner.py:60} INFO - Started process 1415 to run task
[2024-04-21T10:14:58.112+0000] {standard_task_runner.py:87} INFO - Running: ['***', 'tasks', 'run', 'currency_parsing', 'get_data_kzt', 'scheduled__2024-04-20T00:00:00+00:00', '--job-id', '949', '--raw', '--subdir', 'DAGS_FOLDER/stage/currency_parsing.py', '--cfg-path', '/tmp/tmplfqff4my']
[2024-04-21T10:14:58.129+0000] {standard_task_runner.py:88} INFO - Job 949: Subtask get_data_kzt
[2024-04-21T10:14:58.561+0000] {task_command.py:423} INFO - Running <TaskInstance: currency_parsing.get_data_kzt scheduled__2024-04-20T00:00:00+00:00 [running]> on host 31aa6d9ea6ff
[2024-04-21T10:14:58.726+0000] {warnings.py:109} WARNING - /home/***/.local/lib/python3.8/site-packages/***/utils/context.py:207: AirflowContextDeprecationWarning: Accessing 'execution_date' from the template is deprecated and will be removed in a future version. Please use 'data_interval_start' or 'logical_date' instead.
  warnings.warn(_create_deprecation_warning(key, self._deprecation_replacements[key]))

[2024-04-21T10:14:58.867+0000] {taskinstance.py:2510} INFO - Exporting env vars: AIRFLOW_CTX_DAG_OWNER='***' AIRFLOW_CTX_DAG_ID='currency_parsing' AIRFLOW_CTX_TASK_ID='get_data_kzt' AIRFLOW_CTX_EXECUTION_DATE='2024-04-20T00:00:00+00:00' AIRFLOW_CTX_TRY_NUMBER='1' AIRFLOW_CTX_DAG_RUN_ID='scheduled__2024-04-20T00:00:00+00:00'
[2024-04-21T10:14:59.893+0000] {warnings.py:109} WARNING - /opt/***/dags/stage/currency_parsing.py:52: XMLParsedAsHTMLWarning: It looks like you're parsing an XML document using an HTML parser. If this really is an HTML document (maybe it's XHTML?), you can ignore or filter this warning. If it's XML, you should know that using an XML parser will be more reliable. To parse this document as XML, make sure you have the lxml package installed, and pass the keyword argument `features="xml"` into the BeautifulSoup constructor.
  soup = BeautifulSoup(response.text, 'lxml')

[2024-04-21T10:15:00.049+0000] {python.py:202} INFO - Done. Returned value was: ([['АВСТРАЛИЙСКИЙ ДОЛЛАР', 'AUD', '288.22', '1', 'DOWN', '-0.19', '2024-4-19'], ['АЗЕРБАЙДЖАНСКИЙ МАНАТ', 'AZN', '263.95', '1', 'DOWN', '-0.88', '2024-4-19'], ['АРМЯНСКИЙ ДРАМ', 'AMD', '11.44', '10', 'DOWN', '-0.03', '2024-4-19'], ['БЕЛОРУССКИЙ РУБЛЬ', 'BYN', '136.98', '1', 'DOWN', '-0.46', '2024-4-19'], ['БРАЗИЛЬСКИЙ РЕАЛ', 'BRL', '85.5', '1', 'UP', '+0.53', '2024-4-19'], ['ВЕНГЕРСКИХ ФОРИНТОВ', 'HUF', '12.11', '10', 'DOWN', '-0.08', '2024-4-19'], ['ГОНКОНГСКИЙ ДОЛЛАР', 'HKD', '57.13', '1', 'DOWN', '-0.19', '2024-4-19'], ['ГРУЗИНСКИЙ ЛАРИ', 'GEL', '169.15', '1', 'DOWN', '-0.88', '2024-4-19'], ['ДАТСКАЯ КРОНА', 'DKK', '64.02', '1', 'DOWN', '-0.05', '2024-4-19'], ['ДИРХАМ ОАЭ', 'AED', '121.82', '1', 'DOWN', '-0.43', '2024-4-19'], ['ДОЛЛАР США', 'USD', '447.4', '1', 'DOWN', '-1.49', '2024-4-19'], ['ЕВРО', 'EUR', '477.55', '1', 'DOWN', '-0.38', '2024-4-19'], ['ИНДИЙСКАЯ РУПИЯ', 'INR', '5.36', '1', 'DOWN', '-0.01', '2024-4-19'], ['ИРАНСКИЙ РИАЛ', 'IRR', '10.7', '1000', '0.00', None, '2024-4-19'], ['КАНАДСКИЙ ДОЛЛАР', 'CAD', '325.22', '1', 'DOWN', '-0.06', '2024-4-19'], ['КИТАЙСКИЙ ЮАНЬ', 'CNY', '61.81', '1', 'DOWN', '-0.21', '2024-4-19'], ['КУВЕЙТСКИЙ ДИНАР', 'KWD', '1451.94', '1', 'DOWN', '-4.79', '2024-4-19'], ['КЫРГЫЗСКИЙ СОМ', 'KGS', '5.03', '1', 'DOWN', '-0.01', '2024-4-19'], ['МАЛАЗИЙСКИЙ РИНГГИТ', 'MYR', '93.58', '1', 'DOWN', '-0.13', '2024-4-19'], ['МЕКСИКАНСКИЙ ПЕСО', 'MXN', '26.37', '1', 'DOWN', '-0.10', '2024-4-19'], ['МОЛДАВСКИЙ ЛЕЙ', 'MDL', '25.06', '1', 'DOWN', '-0.13', '2024-4-19'], ['НОРВЕЖСКАЯ КРОНА', 'NOK', '40.67', '1', 'DOWN', '-0.23', '2024-4-19'], ['ПОЛЬСКИЙ ЗЛОТЫЙ', 'PLN', '110.36', '1', 'UP', '+0.36', '2024-4-19'], ['РИЯЛ САУДОВСКОЙ АРАВИИ', 'SAR', '119.27', '1', 'DOWN', '-0.40', '2024-4-19'], ['РОССИЙСКИЙ РУБЛЬ', 'RUB', '4.76', '1', '0.00', None, '2024-4-19'], ['СДР', 'XDR', '588.38', '1', 'DOWN', '-1.56', '2024-4-19'], ['СИНГАПУРСКИЙ ДОЛЛАР', 'SGD', '328.95', '1', 'DOWN', '-0.70', '2024-4-19'], ['ТАДЖИКСКИЙ СОМОНИ', 'TJS', '41.01', '1', 'DOWN', '-0.17', '2024-4-19'], ['ТАЙСКИЙ БАТ', 'THB', '12.17', '1', 'DOWN', '-0.02', '2024-4-19'], ['ТУРЕЦКАЯ ЛИРА', 'TRY', '13.76', '1', 'DOWN', '-0.04', '2024-4-19'], ['УЗБЕКСКИХ СУМОВ', 'UZS', '3.53', '100', 'DOWN', '-0.01', '2024-4-19'], ['УКРАИНСКАЯ ГРИВНА', 'UAH', '11.29', '1', 'DOWN', '-0.07', '2024-4-19'], ['ФУНТ СТЕРЛИНГОВ СОЕДИНЕННОГО КОРОЛЕВСТВА', 'GBP', '558.13', '1', 'DOWN', '-1.19', '2024-4-19'], ['ЧЕШСКАЯ КРОНА', 'CZK', '18.89', '1', 'DOWN', '-0.07', '2024-4-19'], ['ШВЕДСКАЯ КРОНА', 'SEK', '41.1', '1', 'UP', '+0.05', '2024-4-19'], ['ШВЕЙЦАРСКИЙ ФРАНК', 'CHF', '492.35', '1', 'DOWN', '-0.61', '2024-4-19'], ['ЮЖНО-АФРИКАНСКИЙ РАНД', 'ZAR', '23.49', '1', 'DOWN', '-0.14', '2024-4-19'], ['ЮЖНО-КОРЕЙСКИХ ВОН', 'KRW', '32.57', '100', 'UP', '+0.10', '2024-4-19'], ['ЯПОНСКАЯ ЙЕНА', 'JPY', '2.9', '1', '0.00', None, '2024-4-19']], ['currency', 'title', 'rate', 'quantity', 'index', 'change', 'date'])
[2024-04-21T10:15:00.232+0000] {taskinstance.py:1149} INFO - Marking task as SUCCESS. dag_id=currency_parsing, task_id=get_data_kzt, execution_date=20240420T000000, start_date=20240421T101457, end_date=20240421T101500
[2024-04-21T10:15:00.508+0000] {local_task_job_runner.py:234} INFO - Task exited with return code 0
[2024-04-21T10:15:00.718+0000] {taskinstance.py:3309} INFO - 0 downstream tasks scheduled from follow-on schedule check
[2024-04-21T10:18:12.577+0000] {taskinstance.py:1979} INFO - Dependencies all met for dep_context=non-requeueable deps ti=<TaskInstance: currency_parsing.get_data_kzt scheduled__2024-04-20T00:00:00+00:00 [queued]>
[2024-04-21T10:18:12.625+0000] {taskinstance.py:1979} INFO - Dependencies all met for dep_context=requeueable deps ti=<TaskInstance: currency_parsing.get_data_kzt scheduled__2024-04-20T00:00:00+00:00 [queued]>
[2024-04-21T10:18:12.627+0000] {taskinstance.py:2193} INFO - Starting attempt 1 of 2
[2024-04-21T10:18:12.775+0000] {taskinstance.py:2214} INFO - Executing <Task(PythonOperator): get_data_kzt> on 2024-04-20 00:00:00+00:00
[2024-04-21T10:18:12.802+0000] {standard_task_runner.py:60} INFO - Started process 1503 to run task
[2024-04-21T10:18:12.827+0000] {standard_task_runner.py:87} INFO - Running: ['***', 'tasks', 'run', 'currency_parsing', 'get_data_kzt', 'scheduled__2024-04-20T00:00:00+00:00', '--job-id', '968', '--raw', '--subdir', 'DAGS_FOLDER/stage/currency_parsing.py', '--cfg-path', '/tmp/tmpet06d5vn']
[2024-04-21T10:18:12.834+0000] {standard_task_runner.py:88} INFO - Job 968: Subtask get_data_kzt
[2024-04-21T10:18:13.439+0000] {task_command.py:423} INFO - Running <TaskInstance: currency_parsing.get_data_kzt scheduled__2024-04-20T00:00:00+00:00 [running]> on host 31aa6d9ea6ff
[2024-04-21T10:18:13.918+0000] {warnings.py:109} WARNING - /home/***/.local/lib/python3.8/site-packages/***/utils/context.py:207: AirflowContextDeprecationWarning: Accessing 'execution_date' from the template is deprecated and will be removed in a future version. Please use 'data_interval_start' or 'logical_date' instead.
  warnings.warn(_create_deprecation_warning(key, self._deprecation_replacements[key]))

[2024-04-21T10:18:14.115+0000] {taskinstance.py:2510} INFO - Exporting env vars: AIRFLOW_CTX_DAG_OWNER='***' AIRFLOW_CTX_DAG_ID='currency_parsing' AIRFLOW_CTX_TASK_ID='get_data_kzt' AIRFLOW_CTX_EXECUTION_DATE='2024-04-20T00:00:00+00:00' AIRFLOW_CTX_TRY_NUMBER='1' AIRFLOW_CTX_DAG_RUN_ID='scheduled__2024-04-20T00:00:00+00:00'
[2024-04-21T10:18:14.591+0000] {warnings.py:109} WARNING - /opt/***/dags/stage/currency_parsing.py:52: XMLParsedAsHTMLWarning: It looks like you're parsing an XML document using an HTML parser. If this really is an HTML document (maybe it's XHTML?), you can ignore or filter this warning. If it's XML, you should know that using an XML parser will be more reliable. To parse this document as XML, make sure you have the lxml package installed, and pass the keyword argument `features="xml"` into the BeautifulSoup constructor.
  soup = BeautifulSoup(response.text, 'lxml')

[2024-04-21T10:18:14.706+0000] {python.py:202} INFO - Done. Returned value was: ([['АВСТРАЛИЙСКИЙ ДОЛЛАР', 'AUD', '288.22', '1', 'DOWN', '-0.19', '2024-4-19'], ['АЗЕРБАЙДЖАНСКИЙ МАНАТ', 'AZN', '263.95', '1', 'DOWN', '-0.88', '2024-4-19'], ['АРМЯНСКИЙ ДРАМ', 'AMD', '11.44', '10', 'DOWN', '-0.03', '2024-4-19'], ['БЕЛОРУССКИЙ РУБЛЬ', 'BYN', '136.98', '1', 'DOWN', '-0.46', '2024-4-19'], ['БРАЗИЛЬСКИЙ РЕАЛ', 'BRL', '85.5', '1', 'UP', '+0.53', '2024-4-19'], ['ВЕНГЕРСКИХ ФОРИНТОВ', 'HUF', '12.11', '10', 'DOWN', '-0.08', '2024-4-19'], ['ГОНКОНГСКИЙ ДОЛЛАР', 'HKD', '57.13', '1', 'DOWN', '-0.19', '2024-4-19'], ['ГРУЗИНСКИЙ ЛАРИ', 'GEL', '169.15', '1', 'DOWN', '-0.88', '2024-4-19'], ['ДАТСКАЯ КРОНА', 'DKK', '64.02', '1', 'DOWN', '-0.05', '2024-4-19'], ['ДИРХАМ ОАЭ', 'AED', '121.82', '1', 'DOWN', '-0.43', '2024-4-19'], ['ДОЛЛАР США', 'USD', '447.4', '1', 'DOWN', '-1.49', '2024-4-19'], ['ЕВРО', 'EUR', '477.55', '1', 'DOWN', '-0.38', '2024-4-19'], ['ИНДИЙСКАЯ РУПИЯ', 'INR', '5.36', '1', 'DOWN', '-0.01', '2024-4-19'], ['ИРАНСКИЙ РИАЛ', 'IRR', '10.7', '1000', '0.00', None, '2024-4-19'], ['КАНАДСКИЙ ДОЛЛАР', 'CAD', '325.22', '1', 'DOWN', '-0.06', '2024-4-19'], ['КИТАЙСКИЙ ЮАНЬ', 'CNY', '61.81', '1', 'DOWN', '-0.21', '2024-4-19'], ['КУВЕЙТСКИЙ ДИНАР', 'KWD', '1451.94', '1', 'DOWN', '-4.79', '2024-4-19'], ['КЫРГЫЗСКИЙ СОМ', 'KGS', '5.03', '1', 'DOWN', '-0.01', '2024-4-19'], ['МАЛАЗИЙСКИЙ РИНГГИТ', 'MYR', '93.58', '1', 'DOWN', '-0.13', '2024-4-19'], ['МЕКСИКАНСКИЙ ПЕСО', 'MXN', '26.37', '1', 'DOWN', '-0.10', '2024-4-19'], ['МОЛДАВСКИЙ ЛЕЙ', 'MDL', '25.06', '1', 'DOWN', '-0.13', '2024-4-19'], ['НОРВЕЖСКАЯ КРОНА', 'NOK', '40.67', '1', 'DOWN', '-0.23', '2024-4-19'], ['ПОЛЬСКИЙ ЗЛОТЫЙ', 'PLN', '110.36', '1', 'UP', '+0.36', '2024-4-19'], ['РИЯЛ САУДОВСКОЙ АРАВИИ', 'SAR', '119.27', '1', 'DOWN', '-0.40', '2024-4-19'], ['РОССИЙСКИЙ РУБЛЬ', 'RUB', '4.76', '1', '0.00', None, '2024-4-19'], ['СДР', 'XDR', '588.38', '1', 'DOWN', '-1.56', '2024-4-19'], ['СИНГАПУРСКИЙ ДОЛЛАР', 'SGD', '328.95', '1', 'DOWN', '-0.70', '2024-4-19'], ['ТАДЖИКСКИЙ СОМОНИ', 'TJS', '41.01', '1', 'DOWN', '-0.17', '2024-4-19'], ['ТАЙСКИЙ БАТ', 'THB', '12.17', '1', 'DOWN', '-0.02', '2024-4-19'], ['ТУРЕЦКАЯ ЛИРА', 'TRY', '13.76', '1', 'DOWN', '-0.04', '2024-4-19'], ['УЗБЕКСКИХ СУМОВ', 'UZS', '3.53', '100', 'DOWN', '-0.01', '2024-4-19'], ['УКРАИНСКАЯ ГРИВНА', 'UAH', '11.29', '1', 'DOWN', '-0.07', '2024-4-19'], ['ФУНТ СТЕРЛИНГОВ СОЕДИНЕННОГО КОРОЛЕВСТВА', 'GBP', '558.13', '1', 'DOWN', '-1.19', '2024-4-19'], ['ЧЕШСКАЯ КРОНА', 'CZK', '18.89', '1', 'DOWN', '-0.07', '2024-4-19'], ['ШВЕДСКАЯ КРОНА', 'SEK', '41.1', '1', 'UP', '+0.05', '2024-4-19'], ['ШВЕЙЦАРСКИЙ ФРАНК', 'CHF', '492.35', '1', 'DOWN', '-0.61', '2024-4-19'], ['ЮЖНО-АФРИКАНСКИЙ РАНД', 'ZAR', '23.49', '1', 'DOWN', '-0.14', '2024-4-19'], ['ЮЖНО-КОРЕЙСКИХ ВОН', 'KRW', '32.57', '100', 'UP', '+0.10', '2024-4-19'], ['ЯПОНСКАЯ ЙЕНА', 'JPY', '2.9', '1', '0.00', None, '2024-4-19']], ['currency', 'title', 'rate', 'quantity', 'index', 'change', 'date'])
[2024-04-21T10:18:14.805+0000] {taskinstance.py:1149} INFO - Marking task as SUCCESS. dag_id=currency_parsing, task_id=get_data_kzt, execution_date=20240420T000000, start_date=20240421T101812, end_date=20240421T101814
[2024-04-21T10:18:14.903+0000] {local_task_job_runner.py:234} INFO - Task exited with return code 0
[2024-04-21T10:18:15.100+0000] {taskinstance.py:3309} INFO - 1 downstream tasks scheduled from follow-on schedule check
[2024-04-21T10:38:45.493+0000] {taskinstance.py:1979} INFO - Dependencies all met for dep_context=non-requeueable deps ti=<TaskInstance: currency_parsing.get_data_kzt scheduled__2024-04-20T00:00:00+00:00 [queued]>
[2024-04-21T10:38:45.591+0000] {taskinstance.py:1979} INFO - Dependencies all met for dep_context=requeueable deps ti=<TaskInstance: currency_parsing.get_data_kzt scheduled__2024-04-20T00:00:00+00:00 [queued]>
[2024-04-21T10:38:45.592+0000] {taskinstance.py:2193} INFO - Starting attempt 1 of 2
[2024-04-21T10:38:45.697+0000] {taskinstance.py:2214} INFO - Executing <Task(PythonOperator): get_data_kzt> on 2024-04-20 00:00:00+00:00
[2024-04-21T10:38:45.747+0000] {standard_task_runner.py:60} INFO - Started process 223 to run task
[2024-04-21T10:38:45.759+0000] {standard_task_runner.py:87} INFO - Running: ['***', 'tasks', 'run', 'currency_parsing', 'get_data_kzt', 'scheduled__2024-04-20T00:00:00+00:00', '--job-id', '988', '--raw', '--subdir', 'DAGS_FOLDER/stage/currency_parsing.py', '--cfg-path', '/tmp/tmplev9zmic']
[2024-04-21T10:38:45.779+0000] {standard_task_runner.py:88} INFO - Job 988: Subtask get_data_kzt
[2024-04-21T10:38:46.232+0000] {task_command.py:423} INFO - Running <TaskInstance: currency_parsing.get_data_kzt scheduled__2024-04-20T00:00:00+00:00 [running]> on host e671688b1343
[2024-04-21T10:38:46.588+0000] {warnings.py:109} WARNING - /home/***/.local/lib/python3.8/site-packages/***/utils/context.py:207: AirflowContextDeprecationWarning: Accessing 'execution_date' from the template is deprecated and will be removed in a future version. Please use 'data_interval_start' or 'logical_date' instead.
  warnings.warn(_create_deprecation_warning(key, self._deprecation_replacements[key]))

[2024-04-21T10:38:46.923+0000] {taskinstance.py:2510} INFO - Exporting env vars: AIRFLOW_CTX_DAG_OWNER='***' AIRFLOW_CTX_DAG_ID='currency_parsing' AIRFLOW_CTX_TASK_ID='get_data_kzt' AIRFLOW_CTX_EXECUTION_DATE='2024-04-20T00:00:00+00:00' AIRFLOW_CTX_TRY_NUMBER='1' AIRFLOW_CTX_DAG_RUN_ID='scheduled__2024-04-20T00:00:00+00:00'
[2024-04-21T10:38:47.879+0000] {warnings.py:109} WARNING - /opt/***/dags/stage/currency_parsing.py:52: XMLParsedAsHTMLWarning: It looks like you're parsing an XML document using an HTML parser. If this really is an HTML document (maybe it's XHTML?), you can ignore or filter this warning. If it's XML, you should know that using an XML parser will be more reliable. To parse this document as XML, make sure you have the lxml package installed, and pass the keyword argument `features="xml"` into the BeautifulSoup constructor.
  soup = BeautifulSoup(response.text, 'lxml')

[2024-04-21T10:38:48.103+0000] {python.py:202} INFO - Done. Returned value was: ([['АВСТРАЛИЙСКИЙ ДОЛЛАР', 'AUD', '288.22', '1', 'DOWN', '-0.19', '2024-4-19'], ['АЗЕРБАЙДЖАНСКИЙ МАНАТ', 'AZN', '263.95', '1', 'DOWN', '-0.88', '2024-4-19'], ['АРМЯНСКИЙ ДРАМ', 'AMD', '11.44', '10', 'DOWN', '-0.03', '2024-4-19'], ['БЕЛОРУССКИЙ РУБЛЬ', 'BYN', '136.98', '1', 'DOWN', '-0.46', '2024-4-19'], ['БРАЗИЛЬСКИЙ РЕАЛ', 'BRL', '85.5', '1', 'UP', '+0.53', '2024-4-19'], ['ВЕНГЕРСКИХ ФОРИНТОВ', 'HUF', '12.11', '10', 'DOWN', '-0.08', '2024-4-19'], ['ГОНКОНГСКИЙ ДОЛЛАР', 'HKD', '57.13', '1', 'DOWN', '-0.19', '2024-4-19'], ['ГРУЗИНСКИЙ ЛАРИ', 'GEL', '169.15', '1', 'DOWN', '-0.88', '2024-4-19'], ['ДАТСКАЯ КРОНА', 'DKK', '64.02', '1', 'DOWN', '-0.05', '2024-4-19'], ['ДИРХАМ ОАЭ', 'AED', '121.82', '1', 'DOWN', '-0.43', '2024-4-19'], ['ДОЛЛАР США', 'USD', '447.4', '1', 'DOWN', '-1.49', '2024-4-19'], ['ЕВРО', 'EUR', '477.55', '1', 'DOWN', '-0.38', '2024-4-19'], ['ИНДИЙСКАЯ РУПИЯ', 'INR', '5.36', '1', 'DOWN', '-0.01', '2024-4-19'], ['ИРАНСКИЙ РИАЛ', 'IRR', '10.7', '1000', '0.00', None, '2024-4-19'], ['КАНАДСКИЙ ДОЛЛАР', 'CAD', '325.22', '1', 'DOWN', '-0.06', '2024-4-19'], ['КИТАЙСКИЙ ЮАНЬ', 'CNY', '61.81', '1', 'DOWN', '-0.21', '2024-4-19'], ['КУВЕЙТСКИЙ ДИНАР', 'KWD', '1451.94', '1', 'DOWN', '-4.79', '2024-4-19'], ['КЫРГЫЗСКИЙ СОМ', 'KGS', '5.03', '1', 'DOWN', '-0.01', '2024-4-19'], ['МАЛАЗИЙСКИЙ РИНГГИТ', 'MYR', '93.58', '1', 'DOWN', '-0.13', '2024-4-19'], ['МЕКСИКАНСКИЙ ПЕСО', 'MXN', '26.37', '1', 'DOWN', '-0.10', '2024-4-19'], ['МОЛДАВСКИЙ ЛЕЙ', 'MDL', '25.06', '1', 'DOWN', '-0.13', '2024-4-19'], ['НОРВЕЖСКАЯ КРОНА', 'NOK', '40.67', '1', 'DOWN', '-0.23', '2024-4-19'], ['ПОЛЬСКИЙ ЗЛОТЫЙ', 'PLN', '110.36', '1', 'UP', '+0.36', '2024-4-19'], ['РИЯЛ САУДОВСКОЙ АРАВИИ', 'SAR', '119.27', '1', 'DOWN', '-0.40', '2024-4-19'], ['РОССИЙСКИЙ РУБЛЬ', 'RUB', '4.76', '1', '0.00', None, '2024-4-19'], ['СДР', 'XDR', '588.38', '1', 'DOWN', '-1.56', '2024-4-19'], ['СИНГАПУРСКИЙ ДОЛЛАР', 'SGD', '328.95', '1', 'DOWN', '-0.70', '2024-4-19'], ['ТАДЖИКСКИЙ СОМОНИ', 'TJS', '41.01', '1', 'DOWN', '-0.17', '2024-4-19'], ['ТАЙСКИЙ БАТ', 'THB', '12.17', '1', 'DOWN', '-0.02', '2024-4-19'], ['ТУРЕЦКАЯ ЛИРА', 'TRY', '13.76', '1', 'DOWN', '-0.04', '2024-4-19'], ['УЗБЕКСКИХ СУМОВ', 'UZS', '3.53', '100', 'DOWN', '-0.01', '2024-4-19'], ['УКРАИНСКАЯ ГРИВНА', 'UAH', '11.29', '1', 'DOWN', '-0.07', '2024-4-19'], ['ФУНТ СТЕРЛИНГОВ СОЕДИНЕННОГО КОРОЛЕВСТВА', 'GBP', '558.13', '1', 'DOWN', '-1.19', '2024-4-19'], ['ЧЕШСКАЯ КРОНА', 'CZK', '18.89', '1', 'DOWN', '-0.07', '2024-4-19'], ['ШВЕДСКАЯ КРОНА', 'SEK', '41.1', '1', 'UP', '+0.05', '2024-4-19'], ['ШВЕЙЦАРСКИЙ ФРАНК', 'CHF', '492.35', '1', 'DOWN', '-0.61', '2024-4-19'], ['ЮЖНО-АФРИКАНСКИЙ РАНД', 'ZAR', '23.49', '1', 'DOWN', '-0.14', '2024-4-19'], ['ЮЖНО-КОРЕЙСКИХ ВОН', 'KRW', '32.57', '100', 'UP', '+0.10', '2024-4-19'], ['ЯПОНСКАЯ ЙЕНА', 'JPY', '2.9', '1', '0.00', None, '2024-4-19']], ['currency', 'title', 'rate', 'quantity', 'index', 'change', 'date'])
[2024-04-21T10:38:48.546+0000] {taskinstance.py:1149} INFO - Marking task as SUCCESS. dag_id=currency_parsing, task_id=get_data_kzt, execution_date=20240420T000000, start_date=20240421T103845, end_date=20240421T103848
[2024-04-21T10:38:48.692+0000] {local_task_job_runner.py:234} INFO - Task exited with return code 0
[2024-04-21T10:38:48.809+0000] {taskinstance.py:3309} INFO - 1 downstream tasks scheduled from follow-on schedule check
[2024-04-21T11:06:24.191+0000] {taskinstance.py:1979} INFO - Dependencies all met for dep_context=non-requeueable deps ti=<TaskInstance: currency_parsing.get_data_kzt scheduled__2024-04-20T00:00:00+00:00 [queued]>
[2024-04-21T11:06:24.264+0000] {taskinstance.py:1979} INFO - Dependencies all met for dep_context=requeueable deps ti=<TaskInstance: currency_parsing.get_data_kzt scheduled__2024-04-20T00:00:00+00:00 [queued]>
[2024-04-21T11:06:24.267+0000] {taskinstance.py:2193} INFO - Starting attempt 1 of 2
[2024-04-21T11:06:24.921+0000] {taskinstance.py:2214} INFO - Executing <Task(PythonOperator): get_data_kzt> on 2024-04-20 00:00:00+00:00
[2024-04-21T11:06:25.078+0000] {standard_task_runner.py:60} INFO - Started process 2771 to run task
[2024-04-21T11:06:25.130+0000] {standard_task_runner.py:87} INFO - Running: ['***', 'tasks', 'run', 'currency_parsing', 'get_data_kzt', 'scheduled__2024-04-20T00:00:00+00:00', '--job-id', '2094', '--raw', '--subdir', 'DAGS_FOLDER/stage/currency_parsing.py', '--cfg-path', '/tmp/tmp49eo6ao7']
[2024-04-21T11:06:25.159+0000] {standard_task_runner.py:88} INFO - Job 2094: Subtask get_data_kzt
[2024-04-21T11:06:25.788+0000] {task_command.py:423} INFO - Running <TaskInstance: currency_parsing.get_data_kzt scheduled__2024-04-20T00:00:00+00:00 [running]> on host e671688b1343
[2024-04-21T11:06:26.445+0000] {warnings.py:109} WARNING - /home/***/.local/lib/python3.8/site-packages/***/utils/context.py:207: AirflowContextDeprecationWarning: Accessing 'execution_date' from the template is deprecated and will be removed in a future version. Please use 'data_interval_start' or 'logical_date' instead.
  warnings.warn(_create_deprecation_warning(key, self._deprecation_replacements[key]))

[2024-04-21T11:06:26.820+0000] {taskinstance.py:2510} INFO - Exporting env vars: AIRFLOW_CTX_DAG_OWNER='***' AIRFLOW_CTX_DAG_ID='currency_parsing' AIRFLOW_CTX_TASK_ID='get_data_kzt' AIRFLOW_CTX_EXECUTION_DATE='2024-04-20T00:00:00+00:00' AIRFLOW_CTX_TRY_NUMBER='1' AIRFLOW_CTX_DAG_RUN_ID='scheduled__2024-04-20T00:00:00+00:00'
[2024-04-21T11:06:28.909+0000] {warnings.py:109} WARNING - /opt/***/dags/stage/currency_parsing.py:52: XMLParsedAsHTMLWarning: It looks like you're parsing an XML document using an HTML parser. If this really is an HTML document (maybe it's XHTML?), you can ignore or filter this warning. If it's XML, you should know that using an XML parser will be more reliable. To parse this document as XML, make sure you have the lxml package installed, and pass the keyword argument `features="xml"` into the BeautifulSoup constructor.
  soup = BeautifulSoup(response.text, 'lxml')

[2024-04-21T11:06:29.236+0000] {python.py:202} INFO - Done. Returned value was: ([['АВСТРАЛИЙСКИЙ ДОЛЛАР', 'AUD', '288.22', '1', 'DOWN', '-0.19', '2024-4-19'], ['АЗЕРБАЙДЖАНСКИЙ МАНАТ', 'AZN', '263.95', '1', 'DOWN', '-0.88', '2024-4-19'], ['АРМЯНСКИЙ ДРАМ', 'AMD', '11.44', '10', 'DOWN', '-0.03', '2024-4-19'], ['БЕЛОРУССКИЙ РУБЛЬ', 'BYN', '136.98', '1', 'DOWN', '-0.46', '2024-4-19'], ['БРАЗИЛЬСКИЙ РЕАЛ', 'BRL', '85.5', '1', 'UP', '+0.53', '2024-4-19'], ['ВЕНГЕРСКИХ ФОРИНТОВ', 'HUF', '12.11', '10', 'DOWN', '-0.08', '2024-4-19'], ['ГОНКОНГСКИЙ ДОЛЛАР', 'HKD', '57.13', '1', 'DOWN', '-0.19', '2024-4-19'], ['ГРУЗИНСКИЙ ЛАРИ', 'GEL', '169.15', '1', 'DOWN', '-0.88', '2024-4-19'], ['ДАТСКАЯ КРОНА', 'DKK', '64.02', '1', 'DOWN', '-0.05', '2024-4-19'], ['ДИРХАМ ОАЭ', 'AED', '121.82', '1', 'DOWN', '-0.43', '2024-4-19'], ['ДОЛЛАР США', 'USD', '447.4', '1', 'DOWN', '-1.49', '2024-4-19'], ['ЕВРО', 'EUR', '477.55', '1', 'DOWN', '-0.38', '2024-4-19'], ['ИНДИЙСКАЯ РУПИЯ', 'INR', '5.36', '1', 'DOWN', '-0.01', '2024-4-19'], ['ИРАНСКИЙ РИАЛ', 'IRR', '10.7', '1000', '0.00', None, '2024-4-19'], ['КАНАДСКИЙ ДОЛЛАР', 'CAD', '325.22', '1', 'DOWN', '-0.06', '2024-4-19'], ['КИТАЙСКИЙ ЮАНЬ', 'CNY', '61.81', '1', 'DOWN', '-0.21', '2024-4-19'], ['КУВЕЙТСКИЙ ДИНАР', 'KWD', '1451.94', '1', 'DOWN', '-4.79', '2024-4-19'], ['КЫРГЫЗСКИЙ СОМ', 'KGS', '5.03', '1', 'DOWN', '-0.01', '2024-4-19'], ['МАЛАЗИЙСКИЙ РИНГГИТ', 'MYR', '93.58', '1', 'DOWN', '-0.13', '2024-4-19'], ['МЕКСИКАНСКИЙ ПЕСО', 'MXN', '26.37', '1', 'DOWN', '-0.10', '2024-4-19'], ['МОЛДАВСКИЙ ЛЕЙ', 'MDL', '25.06', '1', 'DOWN', '-0.13', '2024-4-19'], ['НОРВЕЖСКАЯ КРОНА', 'NOK', '40.67', '1', 'DOWN', '-0.23', '2024-4-19'], ['ПОЛЬСКИЙ ЗЛОТЫЙ', 'PLN', '110.36', '1', 'UP', '+0.36', '2024-4-19'], ['РИЯЛ САУДОВСКОЙ АРАВИИ', 'SAR', '119.27', '1', 'DOWN', '-0.40', '2024-4-19'], ['РОССИЙСКИЙ РУБЛЬ', 'RUB', '4.76', '1', '0.00', None, '2024-4-19'], ['СДР', 'XDR', '588.38', '1', 'DOWN', '-1.56', '2024-4-19'], ['СИНГАПУРСКИЙ ДОЛЛАР', 'SGD', '328.95', '1', 'DOWN', '-0.70', '2024-4-19'], ['ТАДЖИКСКИЙ СОМОНИ', 'TJS', '41.01', '1', 'DOWN', '-0.17', '2024-4-19'], ['ТАЙСКИЙ БАТ', 'THB', '12.17', '1', 'DOWN', '-0.02', '2024-4-19'], ['ТУРЕЦКАЯ ЛИРА', 'TRY', '13.76', '1', 'DOWN', '-0.04', '2024-4-19'], ['УЗБЕКСКИХ СУМОВ', 'UZS', '3.53', '100', 'DOWN', '-0.01', '2024-4-19'], ['УКРАИНСКАЯ ГРИВНА', 'UAH', '11.29', '1', 'DOWN', '-0.07', '2024-4-19'], ['ФУНТ СТЕРЛИНГОВ СОЕДИНЕННОГО КОРОЛЕВСТВА', 'GBP', '558.13', '1', 'DOWN', '-1.19', '2024-4-19'], ['ЧЕШСКАЯ КРОНА', 'CZK', '18.89', '1', 'DOWN', '-0.07', '2024-4-19'], ['ШВЕДСКАЯ КРОНА', 'SEK', '41.1', '1', 'UP', '+0.05', '2024-4-19'], ['ШВЕЙЦАРСКИЙ ФРАНК', 'CHF', '492.35', '1', 'DOWN', '-0.61', '2024-4-19'], ['ЮЖНО-АФРИКАНСКИЙ РАНД', 'ZAR', '23.49', '1', 'DOWN', '-0.14', '2024-4-19'], ['ЮЖНО-КОРЕЙСКИХ ВОН', 'KRW', '32.57', '100', 'UP', '+0.10', '2024-4-19'], ['ЯПОНСКАЯ ЙЕНА', 'JPY', '2.9', '1', '0.00', None, '2024-4-19']], ['currency', 'title', 'rate', 'quantity', 'index', 'change', 'date'])
[2024-04-21T11:06:29.582+0000] {taskinstance.py:1149} INFO - Marking task as SUCCESS. dag_id=currency_parsing, task_id=get_data_kzt, execution_date=20240420T000000, start_date=20240421T110624, end_date=20240421T110629
[2024-04-21T11:06:30.495+0000] {local_task_job_runner.py:234} INFO - Task exited with return code 0
[2024-04-21T11:06:31.009+0000] {taskinstance.py:3309} INFO - 0 downstream tasks scheduled from follow-on schedule check
[2024-04-27T12:27:19.337+0000] {taskinstance.py:1979} INFO - Dependencies all met for dep_context=non-requeueable deps ti=<TaskInstance: currency_parsing.get_data_kzt scheduled__2024-04-20T00:00:00+00:00 [queued]>
[2024-04-27T12:27:19.897+0000] {taskinstance.py:1979} INFO - Dependencies all met for dep_context=requeueable deps ti=<TaskInstance: currency_parsing.get_data_kzt scheduled__2024-04-20T00:00:00+00:00 [queued]>
[2024-04-27T12:27:19.944+0000] {taskinstance.py:2193} INFO - Starting attempt 1 of 2
[2024-04-27T12:27:20.779+0000] {taskinstance.py:2214} INFO - Executing <Task(PythonOperator): get_data_kzt> on 2024-04-20 00:00:00+00:00
[2024-04-27T12:27:21.334+0000] {standard_task_runner.py:87} INFO - Running: ['***', 'tasks', 'run', 'currency_parsing', 'get_data_kzt', 'scheduled__2024-04-20T00:00:00+00:00', '--job-id', '2484', '--raw', '--subdir', 'DAGS_FOLDER/stage/currency_parsing.py', '--cfg-path', '/tmp/tmpugjf2oxx']
[2024-04-27T12:27:21.519+0000] {standard_task_runner.py:88} INFO - Job 2484: Subtask get_data_kzt
[2024-04-27T12:27:21.484+0000] {standard_task_runner.py:60} INFO - Started process 2349 to run task
[2024-04-27T12:27:24.307+0000] {task_command.py:423} INFO - Running <TaskInstance: currency_parsing.get_data_kzt scheduled__2024-04-20T00:00:00+00:00 [running]> on host 65a8688265d1
[2024-04-27T12:27:26.217+0000] {warnings.py:109} WARNING - /home/***/.local/lib/python3.8/site-packages/***/utils/context.py:207: AirflowContextDeprecationWarning: Accessing 'execution_date' from the template is deprecated and will be removed in a future version. Please use 'data_interval_start' or 'logical_date' instead.
  warnings.warn(_create_deprecation_warning(key, self._deprecation_replacements[key]))

[2024-04-27T12:27:28.712+0000] {taskinstance.py:2510} INFO - Exporting env vars: AIRFLOW_CTX_DAG_OWNER='***' AIRFLOW_CTX_DAG_ID='currency_parsing' AIRFLOW_CTX_TASK_ID='get_data_kzt' AIRFLOW_CTX_EXECUTION_DATE='2024-04-20T00:00:00+00:00' AIRFLOW_CTX_TRY_NUMBER='1' AIRFLOW_CTX_DAG_RUN_ID='scheduled__2024-04-20T00:00:00+00:00'
[2024-04-27T12:27:32.931+0000] {warnings.py:109} WARNING - /opt/***/dags/stage/currency_parsing.py:54: XMLParsedAsHTMLWarning: It looks like you're parsing an XML document using an HTML parser. If this really is an HTML document (maybe it's XHTML?), you can ignore or filter this warning. If it's XML, you should know that using an XML parser will be more reliable. To parse this document as XML, make sure you have the lxml package installed, and pass the keyword argument `features="xml"` into the BeautifulSoup constructor.
  soup = BeautifulSoup(response.text, 'lxml')

[2024-04-27T12:27:33.392+0000] {python.py:202} INFO - Done. Returned value was: ([['АВСТРАЛИЙСКИЙ ДОЛЛАР', 'AUD', '288.22', '1', 'DOWN', '-0.19', '2024-4-19'], ['АЗЕРБАЙДЖАНСКИЙ МАНАТ', 'AZN', '263.95', '1', 'DOWN', '-0.88', '2024-4-19'], ['АРМЯНСКИЙ ДРАМ', 'AMD', '11.44', '10', 'DOWN', '-0.03', '2024-4-19'], ['БЕЛОРУССКИЙ РУБЛЬ', 'BYN', '136.98', '1', 'DOWN', '-0.46', '2024-4-19'], ['БРАЗИЛЬСКИЙ РЕАЛ', 'BRL', '85.5', '1', 'UP', '+0.53', '2024-4-19'], ['ВЕНГЕРСКИХ ФОРИНТОВ', 'HUF', '12.11', '10', 'DOWN', '-0.08', '2024-4-19'], ['ГОНКОНГСКИЙ ДОЛЛАР', 'HKD', '57.13', '1', 'DOWN', '-0.19', '2024-4-19'], ['ГРУЗИНСКИЙ ЛАРИ', 'GEL', '169.15', '1', 'DOWN', '-0.88', '2024-4-19'], ['ДАТСКАЯ КРОНА', 'DKK', '64.02', '1', 'DOWN', '-0.05', '2024-4-19'], ['ДИРХАМ ОАЭ', 'AED', '121.82', '1', 'DOWN', '-0.43', '2024-4-19'], ['ДОЛЛАР США', 'USD', '447.4', '1', 'DOWN', '-1.49', '2024-4-19'], ['ЕВРО', 'EUR', '477.55', '1', 'DOWN', '-0.38', '2024-4-19'], ['ИНДИЙСКАЯ РУПИЯ', 'INR', '5.36', '1', 'DOWN', '-0.01', '2024-4-19'], ['ИРАНСКИЙ РИАЛ', 'IRR', '10.7', '1000', '0.00', None, '2024-4-19'], ['КАНАДСКИЙ ДОЛЛАР', 'CAD', '325.22', '1', 'DOWN', '-0.06', '2024-4-19'], ['КИТАЙСКИЙ ЮАНЬ', 'CNY', '61.81', '1', 'DOWN', '-0.21', '2024-4-19'], ['КУВЕЙТСКИЙ ДИНАР', 'KWD', '1451.94', '1', 'DOWN', '-4.79', '2024-4-19'], ['КЫРГЫЗСКИЙ СОМ', 'KGS', '5.03', '1', 'DOWN', '-0.01', '2024-4-19'], ['МАЛАЗИЙСКИЙ РИНГГИТ', 'MYR', '93.58', '1', 'DOWN', '-0.13', '2024-4-19'], ['МЕКСИКАНСКИЙ ПЕСО', 'MXN', '26.37', '1', 'DOWN', '-0.10', '2024-4-19'], ['МОЛДАВСКИЙ ЛЕЙ', 'MDL', '25.06', '1', 'DOWN', '-0.13', '2024-4-19'], ['НОРВЕЖСКАЯ КРОНА', 'NOK', '40.67', '1', 'DOWN', '-0.23', '2024-4-19'], ['ПОЛЬСКИЙ ЗЛОТЫЙ', 'PLN', '110.36', '1', 'UP', '+0.36', '2024-4-19'], ['РИЯЛ САУДОВСКОЙ АРАВИИ', 'SAR', '119.27', '1', 'DOWN', '-0.40', '2024-4-19'], ['РОССИЙСКИЙ РУБЛЬ', 'RUB', '4.76', '1', '0.00', None, '2024-4-19'], ['СДР', 'XDR', '588.38', '1', 'DOWN', '-1.56', '2024-4-19'], ['СИНГАПУРСКИЙ ДОЛЛАР', 'SGD', '328.95', '1', 'DOWN', '-0.70', '2024-4-19'], ['ТАДЖИКСКИЙ СОМОНИ', 'TJS', '41.01', '1', 'DOWN', '-0.17', '2024-4-19'], ['ТАЙСКИЙ БАТ', 'THB', '12.17', '1', 'DOWN', '-0.02', '2024-4-19'], ['ТУРЕЦКАЯ ЛИРА', 'TRY', '13.76', '1', 'DOWN', '-0.04', '2024-4-19'], ['УЗБЕКСКИХ СУМОВ', 'UZS', '3.53', '100', 'DOWN', '-0.01', '2024-4-19'], ['УКРАИНСКАЯ ГРИВНА', 'UAH', '11.29', '1', 'DOWN', '-0.07', '2024-4-19'], ['ФУНТ СТЕРЛИНГОВ СОЕДИНЕННОГО КОРОЛЕВСТВА', 'GBP', '558.13', '1', 'DOWN', '-1.19', '2024-4-19'], ['ЧЕШСКАЯ КРОНА', 'CZK', '18.89', '1', 'DOWN', '-0.07', '2024-4-19'], ['ШВЕДСКАЯ КРОНА', 'SEK', '41.1', '1', 'UP', '+0.05', '2024-4-19'], ['ШВЕЙЦАРСКИЙ ФРАНК', 'CHF', '492.35', '1', 'DOWN', '-0.61', '2024-4-19'], ['ЮЖНО-АФРИКАНСКИЙ РАНД', 'ZAR', '23.49', '1', 'DOWN', '-0.14', '2024-4-19'], ['ЮЖНО-КОРЕЙСКИХ ВОН', 'KRW', '32.57', '100', 'UP', '+0.10', '2024-4-19'], ['ЯПОНСКАЯ ЙЕНА', 'JPY', '2.9', '1', '0.00', None, '2024-4-19']], ['currency', 'title', 'rate', 'quantity', 'index', 'change', 'date'])
[2024-04-27T12:27:34.245+0000] {taskinstance.py:1149} INFO - Marking task as SUCCESS. dag_id=currency_parsing, task_id=get_data_kzt, execution_date=20240420T000000, start_date=20240427T122719, end_date=20240427T122734
[2024-04-27T12:27:36.132+0000] {local_task_job_runner.py:234} INFO - Task exited with return code 0
[2024-04-27T12:27:36.449+0000] {taskinstance.py:3309} INFO - 1 downstream tasks scheduled from follow-on schedule check
