[2024-04-21T09:08:49.608+0000] {taskinstance.py:1979} INFO - Dependencies all met for dep_context=non-requeueable deps ti=<TaskInstance: currency_parsing.get_data_kzt scheduled__2024-04-20T00:00:00+00:00 [queued]>
[2024-04-21T09:08:49.628+0000] {taskinstance.py:1979} INFO - Dependencies all met for dep_context=requeueable deps ti=<TaskInstance: currency_parsing.get_data_kzt scheduled__2024-04-20T00:00:00+00:00 [queued]>
[2024-04-21T09:08:49.629+0000] {taskinstance.py:2193} INFO - Starting attempt 2 of 2
[2024-04-21T09:08:49.651+0000] {taskinstance.py:2214} INFO - Executing <Task(PythonOperator): get_data_kzt> on 2024-04-20 00:00:00+00:00
[2024-04-21T09:08:49.658+0000] {standard_task_runner.py:60} INFO - Started process 1104 to run task
[2024-04-21T09:08:49.665+0000] {standard_task_runner.py:87} INFO - Running: ['***', 'tasks', 'run', 'currency_parsing', 'get_data_kzt', 'scheduled__2024-04-20T00:00:00+00:00', '--job-id', '931', '--raw', '--subdir', 'DAGS_FOLDER/stage/currency_parsing.py', '--cfg-path', '/tmp/tmpvtwp65wz']
[2024-04-21T09:08:49.667+0000] {standard_task_runner.py:88} INFO - Job 931: Subtask get_data_kzt
[2024-04-21T09:08:49.753+0000] {task_command.py:423} INFO - Running <TaskInstance: currency_parsing.get_data_kzt scheduled__2024-04-20T00:00:00+00:00 [running]> on host 31aa6d9ea6ff
[2024-04-21T09:08:49.818+0000] {warnings.py:109} WARNING - /home/***/.local/lib/python3.8/site-packages/***/utils/context.py:207: AirflowContextDeprecationWarning: Accessing 'execution_date' from the template is deprecated and will be removed in a future version. Please use 'data_interval_start' or 'logical_date' instead.
  warnings.warn(_create_deprecation_warning(key, self._deprecation_replacements[key]))

[2024-04-21T09:08:49.881+0000] {taskinstance.py:2510} INFO - Exporting env vars: AIRFLOW_CTX_DAG_OWNER='***' AIRFLOW_CTX_DAG_ID='currency_parsing' AIRFLOW_CTX_TASK_ID='get_data_kzt' AIRFLOW_CTX_EXECUTION_DATE='2024-04-20T00:00:00+00:00' AIRFLOW_CTX_TRY_NUMBER='2' AIRFLOW_CTX_DAG_RUN_ID='scheduled__2024-04-20T00:00:00+00:00'
[2024-04-21T09:08:50.221+0000] {taskinstance.py:2728} ERROR - Task failed with exception
Traceback (most recent call last):
  File "/home/airflow/.local/lib/python3.8/site-packages/airflow/models/taskinstance.py", line 444, in _execute_task
    result = _execute_callable(context=context, **execute_callable_kwargs)
  File "/home/airflow/.local/lib/python3.8/site-packages/airflow/models/taskinstance.py", line 414, in _execute_callable
    return execute_callable(context=context, **execute_callable_kwargs)
  File "/home/airflow/.local/lib/python3.8/site-packages/airflow/operators/python.py", line 200, in execute
    return_value = self.execute_callable()
  File "/home/airflow/.local/lib/python3.8/site-packages/airflow/operators/python.py", line 217, in execute_callable
    return self.python_callable(*self.op_args, **self.op_kwargs)
  File "/opt/airflow/dags/stage/currency_parsing.py", line 48, in get_data_kzt
    soup = BeautifulSoup(response.text, 'lxml')
NameError: name 'BeautifulSoup' is not defined
[2024-04-21T09:08:50.238+0000] {taskinstance.py:1149} INFO - Marking task as FAILED. dag_id=currency_parsing, task_id=get_data_kzt, execution_date=20240420T000000, start_date=20240421T090849, end_date=20240421T090850
[2024-04-21T09:08:50.259+0000] {standard_task_runner.py:107} ERROR - Failed to execute job 931 for task get_data_kzt (name 'BeautifulSoup' is not defined; 1104)
[2024-04-21T09:08:50.279+0000] {local_task_job_runner.py:234} INFO - Task exited with return code 1
[2024-04-21T09:08:50.320+0000] {taskinstance.py:3309} INFO - 0 downstream tasks scheduled from follow-on schedule check
