[2024-04-07T13:06:41.356+0000] {taskinstance.py:1979} INFO - Dependencies all met for dep_context=non-requeueable deps ti=<TaskInstance: kolesa_dag_2.save_data manual__2024-04-07T12:59:37.756831+00:00 [queued]>
[2024-04-07T13:06:41.374+0000] {taskinstance.py:1979} INFO - Dependencies all met for dep_context=requeueable deps ti=<TaskInstance: kolesa_dag_2.save_data manual__2024-04-07T12:59:37.756831+00:00 [queued]>
[2024-04-07T13:06:41.375+0000] {taskinstance.py:2193} INFO - Starting attempt 7 of 7
[2024-04-07T13:06:41.402+0000] {taskinstance.py:2214} INFO - Executing <Task(PythonOperator): save_data> on 2024-04-07 12:59:37.756831+00:00
[2024-04-07T13:06:41.410+0000] {standard_task_runner.py:60} INFO - Started process 204 to run task
[2024-04-07T13:06:41.417+0000] {standard_task_runner.py:87} INFO - Running: ['***', 'tasks', 'run', 'kolesa_dag_2', 'save_data', 'manual__2024-04-07T12:59:37.756831+00:00', '--job-id', '70', '--raw', '--subdir', 'DAGS_FOLDER/kolesa_parsing_2.py', '--cfg-path', '/tmp/tmpzphdwhhw']
[2024-04-07T13:06:41.421+0000] {standard_task_runner.py:88} INFO - Job 70: Subtask save_data
[2024-04-07T13:06:41.519+0000] {task_command.py:423} INFO - Running <TaskInstance: kolesa_dag_2.save_data manual__2024-04-07T12:59:37.756831+00:00 [running]> on host 5c454e8a8dea
[2024-04-07T13:06:41.901+0000] {taskinstance.py:2510} INFO - Exporting env vars: AIRFLOW_CTX_DAG_OWNER='***' AIRFLOW_CTX_DAG_ID='kolesa_dag_2' AIRFLOW_CTX_TASK_ID='save_data' AIRFLOW_CTX_EXECUTION_DATE='2024-04-07T12:59:37.756831+00:00' AIRFLOW_CTX_TRY_NUMBER='7' AIRFLOW_CTX_DAG_RUN_ID='manual__2024-04-07T12:59:37.756831+00:00'
[2024-04-07T13:06:41.919+0000] {taskinstance.py:2728} ERROR - Task failed with exception
Traceback (most recent call last):
  File "/home/airflow/.local/lib/python3.8/site-packages/airflow/models/taskinstance.py", line 444, in _execute_task
    result = _execute_callable(context=context, **execute_callable_kwargs)
  File "/home/airflow/.local/lib/python3.8/site-packages/airflow/models/taskinstance.py", line 414, in _execute_callable
    return execute_callable(context=context, **execute_callable_kwargs)
  File "/home/airflow/.local/lib/python3.8/site-packages/airflow/operators/python.py", line 200, in execute
    return_value = self.execute_callable()
  File "/home/airflow/.local/lib/python3.8/site-packages/airflow/operators/python.py", line 217, in execute_callable
    return self.python_callable(*self.op_args, **self.op_kwargs)
  File "/opt/airflow/dags/kolesa_parsing_2.py", line 26, in save_data
    rows, columns = transformed_data
TypeError: cannot unpack non-iterable NoneType object
[2024-04-07T13:06:41.936+0000] {taskinstance.py:1149} INFO - Marking task as FAILED. dag_id=kolesa_dag_2, task_id=save_data, execution_date=20240407T125937, start_date=20240407T130641, end_date=20240407T130641
[2024-04-07T13:06:41.956+0000] {standard_task_runner.py:107} ERROR - Failed to execute job 70 for task save_data (cannot unpack non-iterable NoneType object; 204)
[2024-04-07T13:06:41.992+0000] {local_task_job_runner.py:234} INFO - Task exited with return code 1
[2024-04-07T13:06:42.032+0000] {taskinstance.py:3309} INFO - 0 downstream tasks scheduled from follow-on schedule check
