[2024-04-21T11:03:41.872+0000] {taskinstance.py:1979} INFO - Dependencies all met for dep_context=non-requeueable deps ti=<TaskInstance: currency_parsing.fetch_data_pound scheduled__2024-04-01T00:00:00+00:00 [queued]>
[2024-04-21T11:03:42.139+0000] {taskinstance.py:1979} INFO - Dependencies all met for dep_context=requeueable deps ti=<TaskInstance: currency_parsing.fetch_data_pound scheduled__2024-04-01T00:00:00+00:00 [queued]>
[2024-04-21T11:03:42.159+0000] {taskinstance.py:2193} INFO - Starting attempt 1 of 2
[2024-04-21T11:03:42.870+0000] {taskinstance.py:2214} INFO - Executing <Task(PythonOperator): fetch_data_pound> on 2024-04-01 00:00:00+00:00
[2024-04-21T11:03:43.081+0000] {standard_task_runner.py:60} INFO - Started process 2398 to run task
[2024-04-21T11:03:43.088+0000] {standard_task_runner.py:87} INFO - Running: ['***', 'tasks', 'run', 'currency_parsing', 'fetch_data_pound', 'scheduled__2024-04-01T00:00:00+00:00', '--job-id', '1925', '--raw', '--subdir', 'DAGS_FOLDER/stage/currency_parsing.py', '--cfg-path', '/tmp/tmphnzyld54']
[2024-04-21T11:03:43.185+0000] {standard_task_runner.py:88} INFO - Job 1925: Subtask fetch_data_pound
[2024-04-21T11:03:44.060+0000] {task_command.py:423} INFO - Running <TaskInstance: currency_parsing.fetch_data_pound scheduled__2024-04-01T00:00:00+00:00 [running]> on host e671688b1343
[2024-04-21T11:03:46.237+0000] {taskinstance.py:2510} INFO - Exporting env vars: AIRFLOW_CTX_DAG_OWNER='***' AIRFLOW_CTX_DAG_ID='currency_parsing' AIRFLOW_CTX_TASK_ID='fetch_data_pound' AIRFLOW_CTX_EXECUTION_DATE='2024-04-01T00:00:00+00:00' AIRFLOW_CTX_TRY_NUMBER='1' AIRFLOW_CTX_DAG_RUN_ID='scheduled__2024-04-01T00:00:00+00:00'
[2024-04-21T11:03:46.356+0000] {base.py:83} INFO - Using connection ID 'dwh' for task execution.
[2024-04-21T11:03:46.436+0000] {sql.py:572} INFO - Done loading. Loaded a total of 33 rows into stage.currency_parsing_pound
[2024-04-21T11:03:46.438+0000] {python.py:202} INFO - Done. Returned value was: None
[2024-04-21T11:03:46.497+0000] {taskinstance.py:1149} INFO - Marking task as SUCCESS. dag_id=currency_parsing, task_id=fetch_data_pound, execution_date=20240401T000000, start_date=20240421T110341, end_date=20240421T110346
[2024-04-21T11:03:46.729+0000] {local_task_job_runner.py:234} INFO - Task exited with return code 0
[2024-04-21T11:03:47.212+0000] {taskinstance.py:3309} INFO - 0 downstream tasks scheduled from follow-on schedule check
[2024-04-27T12:21:57.605+0000] {taskinstance.py:1979} INFO - Dependencies all met for dep_context=non-requeueable deps ti=<TaskInstance: currency_parsing.fetch_data_pound scheduled__2024-04-01T00:00:00+00:00 [queued]>
[2024-04-27T12:21:57.862+0000] {taskinstance.py:1979} INFO - Dependencies all met for dep_context=requeueable deps ti=<TaskInstance: currency_parsing.fetch_data_pound scheduled__2024-04-01T00:00:00+00:00 [queued]>
[2024-04-27T12:21:57.865+0000] {taskinstance.py:2193} INFO - Starting attempt 1 of 2
[2024-04-27T12:21:58.317+0000] {taskinstance.py:2214} INFO - Executing <Task(PythonOperator): fetch_data_pound> on 2024-04-01 00:00:00+00:00
[2024-04-27T12:21:58.333+0000] {standard_task_runner.py:60} INFO - Started process 2033 to run task
[2024-04-27T12:21:58.530+0000] {standard_task_runner.py:87} INFO - Running: ['***', 'tasks', 'run', 'currency_parsing', 'fetch_data_pound', 'scheduled__2024-04-01T00:00:00+00:00', '--job-id', '2355', '--raw', '--subdir', 'DAGS_FOLDER/stage/currency_parsing.py', '--cfg-path', '/tmp/tmp6i4wqb6k']
[2024-04-27T12:21:58.683+0000] {standard_task_runner.py:88} INFO - Job 2355: Subtask fetch_data_pound
[2024-04-27T12:21:59.723+0000] {task_command.py:423} INFO - Running <TaskInstance: currency_parsing.fetch_data_pound scheduled__2024-04-01T00:00:00+00:00 [running]> on host 65a8688265d1
[2024-04-27T12:22:01.880+0000] {taskinstance.py:2510} INFO - Exporting env vars: AIRFLOW_CTX_DAG_OWNER='***' AIRFLOW_CTX_DAG_ID='currency_parsing' AIRFLOW_CTX_TASK_ID='fetch_data_pound' AIRFLOW_CTX_EXECUTION_DATE='2024-04-01T00:00:00+00:00' AIRFLOW_CTX_TRY_NUMBER='1' AIRFLOW_CTX_DAG_RUN_ID='scheduled__2024-04-01T00:00:00+00:00'
[2024-04-27T12:22:02.267+0000] {base.py:83} INFO - Using connection ID 'dwh' for task execution.
[2024-04-27T12:22:02.359+0000] {sql.py:572} INFO - Done loading. Loaded a total of 33 rows into stage.currency_parsing_pound
[2024-04-27T12:22:02.361+0000] {python.py:202} INFO - Done. Returned value was: None
[2024-04-27T12:22:02.542+0000] {taskinstance.py:1149} INFO - Marking task as SUCCESS. dag_id=currency_parsing, task_id=fetch_data_pound, execution_date=20240401T000000, start_date=20240427T122157, end_date=20240427T122202
[2024-04-27T12:22:04.225+0000] {local_task_job_runner.py:234} INFO - Task exited with return code 0
[2024-04-27T12:22:05.661+0000] {warnings.py:109} WARNING - /home/***/.local/lib/python3.8/site-packages/***/models/baseoperator.py:1201: AirflowProviderDeprecationWarning: Call to deprecated class PostgresOperator. (Please use `***.providers.common.sql.operators.sql.SQLExecuteQueryOperator`.Also, you can provide `hook_params={'schema': <database>}`.)
  result = cls.__new__(cls)

[2024-04-27T12:22:06.405+0000] {taskinstance.py:3309} INFO - 0 downstream tasks scheduled from follow-on schedule check
