[2024-04-21T11:06:14.127+0000] {taskinstance.py:1979} INFO - Dependencies all met for dep_context=non-requeueable deps ti=<TaskInstance: currency_parsing.fetch_data_rub scheduled__2024-04-13T00:00:00+00:00 [queued]>
[2024-04-21T11:06:14.292+0000] {taskinstance.py:1979} INFO - Dependencies all met for dep_context=requeueable deps ti=<TaskInstance: currency_parsing.fetch_data_rub scheduled__2024-04-13T00:00:00+00:00 [queued]>
[2024-04-21T11:06:14.302+0000] {taskinstance.py:2193} INFO - Starting attempt 1 of 2
[2024-04-21T11:06:14.603+0000] {taskinstance.py:2214} INFO - Executing <Task(PythonOperator): fetch_data_rub> on 2024-04-13 00:00:00+00:00
[2024-04-21T11:06:14.616+0000] {standard_task_runner.py:60} INFO - Started process 2751 to run task
[2024-04-21T11:06:14.676+0000] {standard_task_runner.py:87} INFO - Running: ['***', 'tasks', 'run', 'currency_parsing', 'fetch_data_rub', 'scheduled__2024-04-13T00:00:00+00:00', '--job-id', '2086', '--raw', '--subdir', 'DAGS_FOLDER/stage/currency_parsing.py', '--cfg-path', '/tmp/tmprp0rqkax']
[2024-04-21T11:06:14.798+0000] {standard_task_runner.py:88} INFO - Job 2086: Subtask fetch_data_rub
[2024-04-21T11:06:15.317+0000] {task_command.py:423} INFO - Running <TaskInstance: currency_parsing.fetch_data_rub scheduled__2024-04-13T00:00:00+00:00 [running]> on host e671688b1343
[2024-04-21T11:06:16.851+0000] {taskinstance.py:2510} INFO - Exporting env vars: AIRFLOW_CTX_DAG_OWNER='***' AIRFLOW_CTX_DAG_ID='currency_parsing' AIRFLOW_CTX_TASK_ID='fetch_data_rub' AIRFLOW_CTX_EXECUTION_DATE='2024-04-13T00:00:00+00:00' AIRFLOW_CTX_TRY_NUMBER='1' AIRFLOW_CTX_DAG_RUN_ID='scheduled__2024-04-13T00:00:00+00:00'
[2024-04-21T11:06:17.501+0000] {base.py:83} INFO - Using connection ID 'dwh' for task execution.
[2024-04-21T11:06:17.721+0000] {sql.py:572} INFO - Done loading. Loaded a total of 43 rows into stage.currency_parsing_rub
[2024-04-21T11:06:17.724+0000] {python.py:202} INFO - Done. Returned value was: None
[2024-04-21T11:06:17.888+0000] {taskinstance.py:1149} INFO - Marking task as SUCCESS. dag_id=currency_parsing, task_id=fetch_data_rub, execution_date=20240413T000000, start_date=20240421T110614, end_date=20240421T110617
[2024-04-21T11:06:18.201+0000] {local_task_job_runner.py:234} INFO - Task exited with return code 0
[2024-04-21T11:06:18.305+0000] {taskinstance.py:3309} INFO - 0 downstream tasks scheduled from follow-on schedule check
[2024-04-27T12:22:56.920+0000] {taskinstance.py:1979} INFO - Dependencies all met for dep_context=non-requeueable deps ti=<TaskInstance: currency_parsing.fetch_data_rub scheduled__2024-04-13T00:00:00+00:00 [queued]>
[2024-04-27T12:22:57.197+0000] {taskinstance.py:1979} INFO - Dependencies all met for dep_context=requeueable deps ti=<TaskInstance: currency_parsing.fetch_data_rub scheduled__2024-04-13T00:00:00+00:00 [queued]>
[2024-04-27T12:22:57.214+0000] {taskinstance.py:2193} INFO - Starting attempt 1 of 2
[2024-04-27T12:22:58.029+0000] {taskinstance.py:2214} INFO - Executing <Task(PythonOperator): fetch_data_rub> on 2024-04-13 00:00:00+00:00
[2024-04-27T12:22:58.075+0000] {standard_task_runner.py:60} INFO - Started process 2103 to run task
[2024-04-27T12:22:58.183+0000] {standard_task_runner.py:87} INFO - Running: ['***', 'tasks', 'run', 'currency_parsing', 'fetch_data_rub', 'scheduled__2024-04-13T00:00:00+00:00', '--job-id', '2383', '--raw', '--subdir', 'DAGS_FOLDER/stage/currency_parsing.py', '--cfg-path', '/tmp/tmpvp4wenky']
[2024-04-27T12:22:58.286+0000] {standard_task_runner.py:88} INFO - Job 2383: Subtask fetch_data_rub
[2024-04-27T12:22:59.753+0000] {task_command.py:423} INFO - Running <TaskInstance: currency_parsing.fetch_data_rub scheduled__2024-04-13T00:00:00+00:00 [running]> on host 65a8688265d1
[2024-04-27T12:23:01.595+0000] {taskinstance.py:2510} INFO - Exporting env vars: AIRFLOW_CTX_DAG_OWNER='***' AIRFLOW_CTX_DAG_ID='currency_parsing' AIRFLOW_CTX_TASK_ID='fetch_data_rub' AIRFLOW_CTX_EXECUTION_DATE='2024-04-13T00:00:00+00:00' AIRFLOW_CTX_TRY_NUMBER='1' AIRFLOW_CTX_DAG_RUN_ID='scheduled__2024-04-13T00:00:00+00:00'
[2024-04-27T12:23:02.127+0000] {base.py:83} INFO - Using connection ID 'dwh' for task execution.
[2024-04-27T12:23:02.325+0000] {sql.py:572} INFO - Done loading. Loaded a total of 43 rows into stage.currency_parsing_rub
[2024-04-27T12:23:02.334+0000] {python.py:202} INFO - Done. Returned value was: None
[2024-04-27T12:23:02.510+0000] {taskinstance.py:1149} INFO - Marking task as SUCCESS. dag_id=currency_parsing, task_id=fetch_data_rub, execution_date=20240413T000000, start_date=20240427T122256, end_date=20240427T122302
[2024-04-27T12:23:03.776+0000] {local_task_job_runner.py:234} INFO - Task exited with return code 0
[2024-04-27T12:23:03.844+0000] {warnings.py:109} WARNING - /home/***/.local/lib/python3.8/site-packages/***/models/baseoperator.py:1201: AirflowProviderDeprecationWarning: Call to deprecated class PostgresOperator. (Please use `***.providers.common.sql.operators.sql.SQLExecuteQueryOperator`.Also, you can provide `hook_params={'schema': <database>}`.)
  result = cls.__new__(cls)

[2024-04-27T12:23:04.450+0000] {taskinstance.py:3309} INFO - 0 downstream tasks scheduled from follow-on schedule check
