[2024-04-21T11:05:52.091+0000] {taskinstance.py:1979} INFO - Dependencies all met for dep_context=non-requeueable deps ti=<TaskInstance: currency_parsing.get_data_usd scheduled__2024-04-15T00:00:00+00:00 [queued]>
[2024-04-21T11:05:52.175+0000] {taskinstance.py:1979} INFO - Dependencies all met for dep_context=requeueable deps ti=<TaskInstance: currency_parsing.get_data_usd scheduled__2024-04-15T00:00:00+00:00 [queued]>
[2024-04-21T11:05:52.186+0000] {taskinstance.py:2193} INFO - Starting attempt 1 of 2
[2024-04-21T11:05:52.360+0000] {taskinstance.py:2214} INFO - Executing <Task(PythonOperator): get_data_usd> on 2024-04-15 00:00:00+00:00
[2024-04-21T11:05:52.427+0000] {standard_task_runner.py:60} INFO - Started process 2706 to run task
[2024-04-21T11:05:52.525+0000] {standard_task_runner.py:87} INFO - Running: ['***', 'tasks', 'run', 'currency_parsing', 'get_data_usd', 'scheduled__2024-04-15T00:00:00+00:00', '--job-id', '2064', '--raw', '--subdir', 'DAGS_FOLDER/stage/currency_parsing.py', '--cfg-path', '/tmp/tmp9_m0allv']
[2024-04-21T11:05:52.560+0000] {standard_task_runner.py:88} INFO - Job 2064: Subtask get_data_usd
[2024-04-21T11:05:53.049+0000] {task_command.py:423} INFO - Running <TaskInstance: currency_parsing.get_data_usd scheduled__2024-04-15T00:00:00+00:00 [running]> on host e671688b1343
[2024-04-21T11:05:53.737+0000] {warnings.py:109} WARNING - /home/***/.local/lib/python3.8/site-packages/***/utils/context.py:207: AirflowContextDeprecationWarning: Accessing 'execution_date' from the template is deprecated and will be removed in a future version. Please use 'data_interval_start' or 'logical_date' instead.
  warnings.warn(_create_deprecation_warning(key, self._deprecation_replacements[key]))

[2024-04-21T11:05:54.192+0000] {taskinstance.py:2510} INFO - Exporting env vars: AIRFLOW_CTX_DAG_OWNER='***' AIRFLOW_CTX_DAG_ID='currency_parsing' AIRFLOW_CTX_TASK_ID='get_data_usd' AIRFLOW_CTX_EXECUTION_DATE='2024-04-15T00:00:00+00:00' AIRFLOW_CTX_TRY_NUMBER='1' AIRFLOW_CTX_DAG_RUN_ID='scheduled__2024-04-15T00:00:00+00:00'
[2024-04-21T11:05:55.329+0000] {python.py:202} INFO - Done. Returned value was: ([['AUD', 1.5441602132, '2024-4-14'], ['BGN', 1.82857036, '2024-4-14'], ['BRL', 5.1216405558, '2024-4-14'], ['CAD', 1.3757502519, '2024-4-14'], ['CHF', 0.9136401476, '2024-4-14'], ['CNY', 7.2288108907, '2024-4-14'], ['CZK', 23.7821827556, '2024-4-14'], ['DKK', 7.0042008204, '2024-4-14'], ['EUR', 0.9388601291, '2024-4-14'], ['GBP', 0.8024101247, '2024-4-14'], ['HKD', 7.8350812334, '2024-4-14'], ['HRK', 6.7928211077, '2024-4-14'], ['HUF', 368.4796275971, '2024-4-14'], ['IDR', 15811.884115471, '2024-4-14'], ['ILS', 3.7291906594, '2024-4-14'], ['INR', 83.4253562568, '2024-4-14'], ['ISK', 141.325931511, '2024-4-14'], ['JPY', 153.2778798933, '2024-4-14'], ['KRW', 1377.1747073851, '2024-4-14'], ['MXN', 16.6045122007, '2024-4-14'], ['MYR', 4.7652906136, '2024-4-14'], ['NOK', 10.8643616053, '2024-4-14'], ['NZD', 1.6818502481, '2024-4-14'], ['PHP', 56.4735594325, '2024-4-14'], ['PLN', 4.0182905002, '2024-4-14'], ['RON', 4.6690704965, '2024-4-14'], ['RUB', 93.2091850403, '2024-4-14'], ['SEK', 10.8566620653, '2024-4-14'], ['SGD', 1.3600802586, '2024-4-14'], ['THB', 36.5867754229, '2024-4-14'], ['TRY', 32.3934433077, '2024-4-14'], ['USD', 1, '2024-4-14'], ['ZAR', 18.8514336032, '2024-4-14']], ['title', 'rate', 'date'])
[2024-04-21T11:05:55.562+0000] {taskinstance.py:1149} INFO - Marking task as SUCCESS. dag_id=currency_parsing, task_id=get_data_usd, execution_date=20240415T000000, start_date=20240421T110552, end_date=20240421T110555
[2024-04-21T11:05:55.914+0000] {local_task_job_runner.py:234} INFO - Task exited with return code 0
[2024-04-21T11:05:56.134+0000] {taskinstance.py:3309} INFO - 1 downstream tasks scheduled from follow-on schedule check
[2024-04-27T12:21:09.507+0000] {taskinstance.py:1979} INFO - Dependencies all met for dep_context=non-requeueable deps ti=<TaskInstance: currency_parsing.get_data_usd scheduled__2024-04-15T00:00:00+00:00 [queued]>
[2024-04-27T12:21:10.292+0000] {taskinstance.py:1979} INFO - Dependencies all met for dep_context=requeueable deps ti=<TaskInstance: currency_parsing.get_data_usd scheduled__2024-04-15T00:00:00+00:00 [queued]>
[2024-04-27T12:21:10.315+0000] {taskinstance.py:2193} INFO - Starting attempt 1 of 2
[2024-04-27T12:21:11.134+0000] {taskinstance.py:2214} INFO - Executing <Task(PythonOperator): get_data_usd> on 2024-04-15 00:00:00+00:00
[2024-04-27T12:21:11.198+0000] {standard_task_runner.py:60} INFO - Started process 2005 to run task
[2024-04-27T12:21:11.328+0000] {standard_task_runner.py:87} INFO - Running: ['***', 'tasks', 'run', 'currency_parsing', 'get_data_usd', 'scheduled__2024-04-15T00:00:00+00:00', '--job-id', '2343', '--raw', '--subdir', 'DAGS_FOLDER/stage/currency_parsing.py', '--cfg-path', '/tmp/tmp_wr9k22z']
[2024-04-27T12:21:11.341+0000] {standard_task_runner.py:88} INFO - Job 2343: Subtask get_data_usd
[2024-04-27T12:21:14.099+0000] {task_command.py:423} INFO - Running <TaskInstance: currency_parsing.get_data_usd scheduled__2024-04-15T00:00:00+00:00 [running]> on host 65a8688265d1
[2024-04-27T12:21:16.364+0000] {warnings.py:109} WARNING - /home/***/.local/lib/python3.8/site-packages/***/utils/context.py:207: AirflowContextDeprecationWarning: Accessing 'execution_date' from the template is deprecated and will be removed in a future version. Please use 'data_interval_start' or 'logical_date' instead.
  warnings.warn(_create_deprecation_warning(key, self._deprecation_replacements[key]))

[2024-04-27T12:21:16.642+0000] {taskinstance.py:2510} INFO - Exporting env vars: AIRFLOW_CTX_DAG_OWNER='***' AIRFLOW_CTX_DAG_ID='currency_parsing' AIRFLOW_CTX_TASK_ID='get_data_usd' AIRFLOW_CTX_EXECUTION_DATE='2024-04-15T00:00:00+00:00' AIRFLOW_CTX_TRY_NUMBER='1' AIRFLOW_CTX_DAG_RUN_ID='scheduled__2024-04-15T00:00:00+00:00'
[2024-04-27T12:21:24.570+0000] {python.py:202} INFO - Done. Returned value was: ([['AUD', 1.5441602132, '2024-4-14'], ['BGN', 1.82857036, '2024-4-14'], ['BRL', 5.1216405558, '2024-4-14'], ['CAD', 1.3757502519, '2024-4-14'], ['CHF', 0.9136401476, '2024-4-14'], ['CNY', 7.2288108907, '2024-4-14'], ['CZK', 23.7821827556, '2024-4-14'], ['DKK', 7.0042008204, '2024-4-14'], ['EUR', 0.9388601291, '2024-4-14'], ['GBP', 0.8024101247, '2024-4-14'], ['HKD', 7.8350812334, '2024-4-14'], ['HRK', 6.7928211077, '2024-4-14'], ['HUF', 368.4796275971, '2024-4-14'], ['IDR', 15811.884115471, '2024-4-14'], ['ILS', 3.7291906594, '2024-4-14'], ['INR', 83.4253562568, '2024-4-14'], ['ISK', 141.325931511, '2024-4-14'], ['JPY', 153.2778798933, '2024-4-14'], ['KRW', 1377.1747073851, '2024-4-14'], ['MXN', 16.6045122007, '2024-4-14'], ['MYR', 4.7652906136, '2024-4-14'], ['NOK', 10.8643616053, '2024-4-14'], ['NZD', 1.6818502481, '2024-4-14'], ['PHP', 56.4735594325, '2024-4-14'], ['PLN', 4.0182905002, '2024-4-14'], ['RON', 4.6690704965, '2024-4-14'], ['RUB', 93.2091850403, '2024-4-14'], ['SEK', 10.8566620653, '2024-4-14'], ['SGD', 1.3600802586, '2024-4-14'], ['THB', 36.5867754229, '2024-4-14'], ['TRY', 32.3934433077, '2024-4-14'], ['USD', 1, '2024-4-14'], ['ZAR', 18.8514336032, '2024-4-14']], ['title', 'rate', 'date'])
[2024-04-27T12:21:27.259+0000] {taskinstance.py:1149} INFO - Marking task as SUCCESS. dag_id=currency_parsing, task_id=get_data_usd, execution_date=20240415T000000, start_date=20240427T122109, end_date=20240427T122127
[2024-04-27T12:21:30.367+0000] {local_task_job_runner.py:234} INFO - Task exited with return code 0
[2024-04-27T12:21:31.599+0000] {warnings.py:109} WARNING - /home/***/.local/lib/python3.8/site-packages/***/models/baseoperator.py:1201: AirflowProviderDeprecationWarning: Call to deprecated class PostgresOperator. (Please use `***.providers.common.sql.operators.sql.SQLExecuteQueryOperator`.Also, you can provide `hook_params={'schema': <database>}`.)
  result = cls.__new__(cls)

[2024-04-27T12:21:32.895+0000] {taskinstance.py:3309} INFO - 0 downstream tasks scheduled from follow-on schedule check
