[2024-04-14T08:55:24.801+0000] {taskinstance.py:1979} INFO - Dependencies all met for dep_context=non-requeueable deps ti=<TaskInstance: currency_parsing.fetch_data scheduled__2024-03-17T00:00:00+00:00 [queued]>
[2024-04-14T08:55:25.166+0000] {taskinstance.py:1979} INFO - Dependencies all met for dep_context=requeueable deps ti=<TaskInstance: currency_parsing.fetch_data scheduled__2024-03-17T00:00:00+00:00 [queued]>
[2024-04-14T08:55:25.168+0000] {taskinstance.py:2193} INFO - Starting attempt 1 of 2
[2024-04-14T08:55:25.430+0000] {taskinstance.py:2214} INFO - Executing <Task(PythonOperator): fetch_data> on 2024-03-17 00:00:00+00:00
[2024-04-14T08:55:25.467+0000] {standard_task_runner.py:60} INFO - Started process 1349 to run task
[2024-04-14T08:55:25.502+0000] {standard_task_runner.py:87} INFO - Running: ['***', 'tasks', 'run', 'currency_parsing', 'fetch_data', 'scheduled__2024-03-17T00:00:00+00:00', '--job-id', '418', '--raw', '--subdir', 'DAGS_FOLDER/currency_parsing.py', '--cfg-path', '/tmp/tmpotkkac4i']
[2024-04-14T08:55:25.647+0000] {standard_task_runner.py:88} INFO - Job 418: Subtask fetch_data
[2024-04-14T08:55:27.245+0000] {task_command.py:423} INFO - Running <TaskInstance: currency_parsing.fetch_data scheduled__2024-03-17T00:00:00+00:00 [running]> on host e8a1e0443283
[2024-04-14T08:55:30.319+0000] {taskinstance.py:2510} INFO - Exporting env vars: AIRFLOW_CTX_DAG_OWNER='***' AIRFLOW_CTX_DAG_ID='currency_parsing' AIRFLOW_CTX_TASK_ID='fetch_data' AIRFLOW_CTX_EXECUTION_DATE='2024-03-17T00:00:00+00:00' AIRFLOW_CTX_TRY_NUMBER='1' AIRFLOW_CTX_DAG_RUN_ID='scheduled__2024-03-17T00:00:00+00:00'
[2024-04-14T08:55:30.571+0000] {base.py:83} INFO - Using connection ID 'dwh' for task execution.
[2024-04-14T08:55:30.814+0000] {sql.py:572} INFO - Done loading. Loaded a total of 39 rows into currency_parsing
[2024-04-14T08:55:30.817+0000] {python.py:202} INFO - Done. Returned value was: None
[2024-04-14T08:55:30.961+0000] {taskinstance.py:1149} INFO - Marking task as SUCCESS. dag_id=currency_parsing, task_id=fetch_data, execution_date=20240317T000000, start_date=20240414T085524, end_date=20240414T085530
[2024-04-14T08:55:31.674+0000] {local_task_job_runner.py:234} INFO - Task exited with return code 0
[2024-04-14T08:55:32.146+0000] {taskinstance.py:3309} INFO - 0 downstream tasks scheduled from follow-on schedule check
[2024-04-14T10:12:04.489+0000] {taskinstance.py:1979} INFO - Dependencies all met for dep_context=non-requeueable deps ti=<TaskInstance: currency_parsing.fetch_data scheduled__2024-03-17T00:00:00+00:00 [queued]>
[2024-04-14T10:12:04.631+0000] {taskinstance.py:1979} INFO - Dependencies all met for dep_context=requeueable deps ti=<TaskInstance: currency_parsing.fetch_data scheduled__2024-03-17T00:00:00+00:00 [queued]>
[2024-04-14T10:12:04.638+0000] {taskinstance.py:2193} INFO - Starting attempt 1 of 2
[2024-04-14T10:12:04.972+0000] {taskinstance.py:2214} INFO - Executing <Task(PythonOperator): fetch_data> on 2024-03-17 00:00:00+00:00
[2024-04-14T10:12:05.017+0000] {standard_task_runner.py:87} INFO - Running: ['***', 'tasks', 'run', 'currency_parsing', 'fetch_data', 'scheduled__2024-03-17T00:00:00+00:00', '--job-id', '717', '--raw', '--subdir', 'DAGS_FOLDER/currency_parsing.py', '--cfg-path', '/tmp/tmp7s6z0wd3']
[2024-04-14T10:12:05.035+0000] {standard_task_runner.py:88} INFO - Job 717: Subtask fetch_data
[2024-04-14T10:12:05.026+0000] {standard_task_runner.py:60} INFO - Started process 637 to run task
[2024-04-14T10:12:05.466+0000] {task_command.py:423} INFO - Running <TaskInstance: currency_parsing.fetch_data scheduled__2024-03-17T00:00:00+00:00 [running]> on host 1c15aab9396c
[2024-04-14T10:12:05.947+0000] {taskinstance.py:2510} INFO - Exporting env vars: AIRFLOW_CTX_DAG_OWNER='***' AIRFLOW_CTX_DAG_ID='currency_parsing' AIRFLOW_CTX_TASK_ID='fetch_data' AIRFLOW_CTX_EXECUTION_DATE='2024-03-17T00:00:00+00:00' AIRFLOW_CTX_TRY_NUMBER='1' AIRFLOW_CTX_DAG_RUN_ID='scheduled__2024-03-17T00:00:00+00:00'
[2024-04-14T10:12:06.087+0000] {base.py:83} INFO - Using connection ID 'dwh' for task execution.
[2024-04-14T10:12:06.133+0000] {sql.py:572} INFO - Done loading. Loaded a total of 39 rows into currency_parsing
[2024-04-14T10:12:06.135+0000] {python.py:202} INFO - Done. Returned value was: None
[2024-04-14T10:12:06.182+0000] {taskinstance.py:1149} INFO - Marking task as SUCCESS. dag_id=currency_parsing, task_id=fetch_data, execution_date=20240317T000000, start_date=20240414T101204, end_date=20240414T101206
[2024-04-14T10:12:06.363+0000] {local_task_job_runner.py:234} INFO - Task exited with return code 0
[2024-04-14T10:12:06.460+0000] {taskinstance.py:3309} INFO - 0 downstream tasks scheduled from follow-on schedule check
