[2024-04-14T08:54:03.697+0000] {taskinstance.py:1979} INFO - Dependencies all met for dep_context=non-requeueable deps ti=<TaskInstance: currency_parsing.fetch_data scheduled__2024-03-04T00:00:00+00:00 [queued]>
[2024-04-14T08:54:03.780+0000] {taskinstance.py:1979} INFO - Dependencies all met for dep_context=requeueable deps ti=<TaskInstance: currency_parsing.fetch_data scheduled__2024-03-04T00:00:00+00:00 [queued]>
[2024-04-14T08:54:03.799+0000] {taskinstance.py:2193} INFO - Starting attempt 1 of 2
[2024-04-14T08:54:04.021+0000] {taskinstance.py:2214} INFO - Executing <Task(PythonOperator): fetch_data> on 2024-03-04 00:00:00+00:00
[2024-04-14T08:54:04.032+0000] {standard_task_runner.py:60} INFO - Started process 1220 to run task
[2024-04-14T08:54:04.050+0000] {standard_task_runner.py:87} INFO - Running: ['***', 'tasks', 'run', 'currency_parsing', 'fetch_data', 'scheduled__2024-03-04T00:00:00+00:00', '--job-id', '365', '--raw', '--subdir', 'DAGS_FOLDER/currency_parsing.py', '--cfg-path', '/tmp/tmpqxig7ctc']
[2024-04-14T08:54:04.070+0000] {standard_task_runner.py:88} INFO - Job 365: Subtask fetch_data
[2024-04-14T08:54:04.359+0000] {task_command.py:423} INFO - Running <TaskInstance: currency_parsing.fetch_data scheduled__2024-03-04T00:00:00+00:00 [running]> on host e8a1e0443283
[2024-04-14T08:54:04.915+0000] {taskinstance.py:2510} INFO - Exporting env vars: AIRFLOW_CTX_DAG_OWNER='***' AIRFLOW_CTX_DAG_ID='currency_parsing' AIRFLOW_CTX_TASK_ID='fetch_data' AIRFLOW_CTX_EXECUTION_DATE='2024-03-04T00:00:00+00:00' AIRFLOW_CTX_TRY_NUMBER='1' AIRFLOW_CTX_DAG_RUN_ID='scheduled__2024-03-04T00:00:00+00:00'
[2024-04-14T08:54:05.028+0000] {base.py:83} INFO - Using connection ID 'dwh' for task execution.
[2024-04-14T08:54:05.107+0000] {sql.py:572} INFO - Done loading. Loaded a total of 39 rows into currency_parsing
[2024-04-14T08:54:05.134+0000] {python.py:202} INFO - Done. Returned value was: None
[2024-04-14T08:54:05.228+0000] {taskinstance.py:1149} INFO - Marking task as SUCCESS. dag_id=currency_parsing, task_id=fetch_data, execution_date=20240304T000000, start_date=20240414T085403, end_date=20240414T085405
[2024-04-14T08:54:05.392+0000] {local_task_job_runner.py:234} INFO - Task exited with return code 0
[2024-04-14T08:54:05.519+0000] {taskinstance.py:3309} INFO - 0 downstream tasks scheduled from follow-on schedule check
[2024-04-14T10:11:21.143+0000] {taskinstance.py:1979} INFO - Dependencies all met for dep_context=non-requeueable deps ti=<TaskInstance: currency_parsing.fetch_data scheduled__2024-03-04T00:00:00+00:00 [queued]>
[2024-04-14T10:11:21.202+0000] {taskinstance.py:1979} INFO - Dependencies all met for dep_context=requeueable deps ti=<TaskInstance: currency_parsing.fetch_data scheduled__2024-03-04T00:00:00+00:00 [queued]>
[2024-04-14T10:11:21.207+0000] {taskinstance.py:2193} INFO - Starting attempt 1 of 2
[2024-04-14T10:11:21.806+0000] {taskinstance.py:2214} INFO - Executing <Task(PythonOperator): fetch_data> on 2024-03-04 00:00:00+00:00
[2024-04-14T10:11:21.852+0000] {standard_task_runner.py:60} INFO - Started process 535 to run task
[2024-04-14T10:11:21.908+0000] {standard_task_runner.py:87} INFO - Running: ['***', 'tasks', 'run', 'currency_parsing', 'fetch_data', 'scheduled__2024-03-04T00:00:00+00:00', '--job-id', '673', '--raw', '--subdir', 'DAGS_FOLDER/currency_parsing.py', '--cfg-path', '/tmp/tmpyd25pyb9']
[2024-04-14T10:11:21.968+0000] {standard_task_runner.py:88} INFO - Job 673: Subtask fetch_data
[2024-04-14T10:11:22.269+0000] {task_command.py:423} INFO - Running <TaskInstance: currency_parsing.fetch_data scheduled__2024-03-04T00:00:00+00:00 [running]> on host 1c15aab9396c
[2024-04-14T10:11:22.529+0000] {taskinstance.py:2510} INFO - Exporting env vars: AIRFLOW_CTX_DAG_OWNER='***' AIRFLOW_CTX_DAG_ID='currency_parsing' AIRFLOW_CTX_TASK_ID='fetch_data' AIRFLOW_CTX_EXECUTION_DATE='2024-03-04T00:00:00+00:00' AIRFLOW_CTX_TRY_NUMBER='1' AIRFLOW_CTX_DAG_RUN_ID='scheduled__2024-03-04T00:00:00+00:00'
[2024-04-14T10:11:22.566+0000] {base.py:83} INFO - Using connection ID 'dwh' for task execution.
[2024-04-14T10:11:22.585+0000] {sql.py:572} INFO - Done loading. Loaded a total of 39 rows into currency_parsing
[2024-04-14T10:11:22.586+0000] {python.py:202} INFO - Done. Returned value was: None
[2024-04-14T10:11:22.603+0000] {taskinstance.py:1149} INFO - Marking task as SUCCESS. dag_id=currency_parsing, task_id=fetch_data, execution_date=20240304T000000, start_date=20240414T101121, end_date=20240414T101122
[2024-04-14T10:11:22.670+0000] {local_task_job_runner.py:234} INFO - Task exited with return code 0
[2024-04-14T10:11:22.698+0000] {taskinstance.py:3309} INFO - 0 downstream tasks scheduled from follow-on schedule check
