[2024-04-14T08:52:54.231+0000] {taskinstance.py:1979} INFO - Dependencies all met for dep_context=non-requeueable deps ti=<TaskInstance: currency_parsing.fetch_data scheduled__2024-02-17T00:00:00+00:00 [queued]>
[2024-04-14T08:52:54.362+0000] {taskinstance.py:1979} INFO - Dependencies all met for dep_context=requeueable deps ti=<TaskInstance: currency_parsing.fetch_data scheduled__2024-02-17T00:00:00+00:00 [queued]>
[2024-04-14T08:52:54.364+0000] {taskinstance.py:2193} INFO - Starting attempt 1 of 2
[2024-04-14T08:52:54.435+0000] {taskinstance.py:2214} INFO - Executing <Task(PythonOperator): fetch_data> on 2024-02-17 00:00:00+00:00
[2024-04-14T08:52:54.447+0000] {standard_task_runner.py:60} INFO - Started process 1102 to run task
[2024-04-14T08:52:54.462+0000] {standard_task_runner.py:87} INFO - Running: ['***', 'tasks', 'run', 'currency_parsing', 'fetch_data', 'scheduled__2024-02-17T00:00:00+00:00', '--job-id', '316', '--raw', '--subdir', 'DAGS_FOLDER/currency_parsing.py', '--cfg-path', '/tmp/tmp9cwj05xs']
[2024-04-14T08:52:54.469+0000] {standard_task_runner.py:88} INFO - Job 316: Subtask fetch_data
[2024-04-14T08:52:54.789+0000] {task_command.py:423} INFO - Running <TaskInstance: currency_parsing.fetch_data scheduled__2024-02-17T00:00:00+00:00 [running]> on host e8a1e0443283
[2024-04-14T08:52:55.041+0000] {taskinstance.py:2510} INFO - Exporting env vars: AIRFLOW_CTX_DAG_OWNER='***' AIRFLOW_CTX_DAG_ID='currency_parsing' AIRFLOW_CTX_TASK_ID='fetch_data' AIRFLOW_CTX_EXECUTION_DATE='2024-02-17T00:00:00+00:00' AIRFLOW_CTX_TRY_NUMBER='1' AIRFLOW_CTX_DAG_RUN_ID='scheduled__2024-02-17T00:00:00+00:00'
[2024-04-14T08:52:55.107+0000] {base.py:83} INFO - Using connection ID 'dwh' for task execution.
[2024-04-14T08:52:55.160+0000] {sql.py:572} INFO - Done loading. Loaded a total of 39 rows into currency_parsing
[2024-04-14T08:52:55.169+0000] {python.py:202} INFO - Done. Returned value was: None
[2024-04-14T08:52:55.203+0000] {taskinstance.py:1149} INFO - Marking task as SUCCESS. dag_id=currency_parsing, task_id=fetch_data, execution_date=20240217T000000, start_date=20240414T085254, end_date=20240414T085255
[2024-04-14T08:52:55.277+0000] {local_task_job_runner.py:234} INFO - Task exited with return code 0
[2024-04-14T08:52:55.316+0000] {taskinstance.py:3309} INFO - 0 downstream tasks scheduled from follow-on schedule check
[2024-04-14T10:10:33.239+0000] {taskinstance.py:1979} INFO - Dependencies all met for dep_context=non-requeueable deps ti=<TaskInstance: currency_parsing.fetch_data scheduled__2024-02-17T00:00:00+00:00 [queued]>
[2024-04-14T10:10:33.263+0000] {taskinstance.py:1979} INFO - Dependencies all met for dep_context=requeueable deps ti=<TaskInstance: currency_parsing.fetch_data scheduled__2024-02-17T00:00:00+00:00 [queued]>
[2024-04-14T10:10:33.264+0000] {taskinstance.py:2193} INFO - Starting attempt 1 of 2
[2024-04-14T10:10:33.308+0000] {taskinstance.py:2214} INFO - Executing <Task(PythonOperator): fetch_data> on 2024-02-17 00:00:00+00:00
[2024-04-14T10:10:33.321+0000] {standard_task_runner.py:60} INFO - Started process 429 to run task
[2024-04-14T10:10:33.338+0000] {standard_task_runner.py:87} INFO - Running: ['***', 'tasks', 'run', 'currency_parsing', 'fetch_data', 'scheduled__2024-02-17T00:00:00+00:00', '--job-id', '623', '--raw', '--subdir', 'DAGS_FOLDER/currency_parsing.py', '--cfg-path', '/tmp/tmpy66f_lcw']
[2024-04-14T10:10:33.343+0000] {standard_task_runner.py:88} INFO - Job 623: Subtask fetch_data
[2024-04-14T10:10:33.503+0000] {task_command.py:423} INFO - Running <TaskInstance: currency_parsing.fetch_data scheduled__2024-02-17T00:00:00+00:00 [running]> on host 1c15aab9396c
[2024-04-14T10:10:33.832+0000] {taskinstance.py:2510} INFO - Exporting env vars: AIRFLOW_CTX_DAG_OWNER='***' AIRFLOW_CTX_DAG_ID='currency_parsing' AIRFLOW_CTX_TASK_ID='fetch_data' AIRFLOW_CTX_EXECUTION_DATE='2024-02-17T00:00:00+00:00' AIRFLOW_CTX_TRY_NUMBER='1' AIRFLOW_CTX_DAG_RUN_ID='scheduled__2024-02-17T00:00:00+00:00'
[2024-04-14T10:10:33.933+0000] {base.py:83} INFO - Using connection ID 'dwh' for task execution.
[2024-04-14T10:10:33.974+0000] {sql.py:572} INFO - Done loading. Loaded a total of 39 rows into currency_parsing
[2024-04-14T10:10:33.976+0000] {python.py:202} INFO - Done. Returned value was: None
[2024-04-14T10:10:34.003+0000] {taskinstance.py:1149} INFO - Marking task as SUCCESS. dag_id=currency_parsing, task_id=fetch_data, execution_date=20240217T000000, start_date=20240414T101033, end_date=20240414T101034
[2024-04-14T10:10:34.120+0000] {local_task_job_runner.py:234} INFO - Task exited with return code 0
[2024-04-14T10:10:34.172+0000] {taskinstance.py:3309} INFO - 0 downstream tasks scheduled from follow-on schedule check
