[2024-04-21T09:02:24.008+0000] {taskinstance.py:1979} INFO - Dependencies all met for dep_context=non-requeueable deps ti=<TaskInstance: currency_parsing.get_data_usd scheduled__2024-04-20T00:00:00+00:00 [queued]>
[2024-04-21T09:02:24.069+0000] {taskinstance.py:1979} INFO - Dependencies all met for dep_context=requeueable deps ti=<TaskInstance: currency_parsing.get_data_usd scheduled__2024-04-20T00:00:00+00:00 [queued]>
[2024-04-21T09:02:24.071+0000] {taskinstance.py:2193} INFO - Starting attempt 1 of 2
[2024-04-21T09:02:26.462+0000] {taskinstance.py:2214} INFO - Executing <Task(PythonOperator): get_data_usd> on 2024-04-20 00:00:00+00:00
[2024-04-21T09:02:26.508+0000] {standard_task_runner.py:60} INFO - Started process 980 to run task
[2024-04-21T09:02:26.528+0000] {standard_task_runner.py:87} INFO - Running: ['***', 'tasks', 'run', 'currency_parsing', 'get_data_usd', 'scheduled__2024-04-20T00:00:00+00:00', '--job-id', '914', '--raw', '--subdir', 'DAGS_FOLDER/stage/currency_parsing.py', '--cfg-path', '/tmp/tmpdpb7saox']
[2024-04-21T09:02:26.544+0000] {standard_task_runner.py:88} INFO - Job 914: Subtask get_data_usd
[2024-04-21T09:02:26.833+0000] {task_command.py:423} INFO - Running <TaskInstance: currency_parsing.get_data_usd scheduled__2024-04-20T00:00:00+00:00 [running]> on host 31aa6d9ea6ff
[2024-04-21T09:02:26.988+0000] {warnings.py:109} WARNING - /home/***/.local/lib/python3.8/site-packages/***/utils/context.py:207: AirflowContextDeprecationWarning: Accessing 'execution_date' from the template is deprecated and will be removed in a future version. Please use 'data_interval_start' or 'logical_date' instead.
  warnings.warn(_create_deprecation_warning(key, self._deprecation_replacements[key]))

[2024-04-21T09:02:27.094+0000] {taskinstance.py:2510} INFO - Exporting env vars: AIRFLOW_CTX_DAG_OWNER='***' AIRFLOW_CTX_DAG_ID='currency_parsing' AIRFLOW_CTX_TASK_ID='get_data_usd' AIRFLOW_CTX_EXECUTION_DATE='2024-04-20T00:00:00+00:00' AIRFLOW_CTX_TRY_NUMBER='1' AIRFLOW_CTX_DAG_RUN_ID='scheduled__2024-04-20T00:00:00+00:00'
[2024-04-21T09:02:27.760+0000] {python.py:202} INFO - Done. Returned value was: ([['AUD', 1.5579202089, '2024-4-19'], ['BGN', 1.8423702904, '2024-4-19'], ['BRL', 5.2084406104, '2024-4-19'], ['CAD', 1.3749101454, '2024-4-19'], ['CHF', 0.9100701506, '2024-4-19'], ['CNY', 7.2418412385, '2024-4-19'], ['CZK', 23.6810636707, '2024-4-19'], ['DKK', 7.0036508996, '2024-4-19'], ['EUR', 0.9384601207, '2024-4-19'], ['GBP', 0.8084201289, '2024-4-19'], ['HKD', 7.832550893, '2024-4-19'], ['HRK', 6.8436807676, '2024-4-19'], ['HUF', 369.5331119237, '2024-4-19'], ['IDR', 16237.129073898, '2024-4-19'], ['ILS', 3.7637406027, '2024-4-19'], ['INR', 83.3465550687, '2024-4-19'], ['ISK', 141.2836297949, '2024-4-19'], ['JPY', 154.6435887782, '2024-4-19'], ['KRW', 1373.4500168767, '2024-4-19'], ['MXN', 17.0961533013, '2024-4-19'], ['MYR', 4.7843707246, '2024-4-19'], ['NOK', 11.0195819668, '2024-4-19'], ['NZD', 1.6975502751, '2024-4-19'], ['PHP', 57.4927663542, '2024-4-19'], ['PLN', 4.0425105583, '2024-4-19'], ['RON', 4.6693605191, '2024-4-19'], ['RUB', 93.2513229981, '2024-4-19'], ['SEK', 10.9219212829, '2024-4-19'], ['SGD', 1.3609701436, '2024-4-19'], ['THB', 36.8225049393, '2024-4-19'], ['TRY', 32.5090946129, '2024-4-19'], ['USD', 1, '2024-4-19'], ['ZAR', 19.0822833823, '2024-4-19']], ['title', 'rate', 'date'])
[2024-04-21T09:02:28.161+0000] {taskinstance.py:1149} INFO - Marking task as SUCCESS. dag_id=currency_parsing, task_id=get_data_usd, execution_date=20240420T000000, start_date=20240421T090224, end_date=20240421T090228
[2024-04-21T09:02:28.308+0000] {local_task_job_runner.py:234} INFO - Task exited with return code 0
[2024-04-21T09:02:28.455+0000] {taskinstance.py:3309} INFO - 1 downstream tasks scheduled from follow-on schedule check
[2024-04-21T10:14:57.898+0000] {taskinstance.py:1979} INFO - Dependencies all met for dep_context=non-requeueable deps ti=<TaskInstance: currency_parsing.get_data_usd scheduled__2024-04-20T00:00:00+00:00 [queued]>
[2024-04-21T10:14:57.991+0000] {taskinstance.py:1979} INFO - Dependencies all met for dep_context=requeueable deps ti=<TaskInstance: currency_parsing.get_data_usd scheduled__2024-04-20T00:00:00+00:00 [queued]>
[2024-04-21T10:14:57.992+0000] {taskinstance.py:2193} INFO - Starting attempt 1 of 2
[2024-04-21T10:14:58.097+0000] {taskinstance.py:2214} INFO - Executing <Task(PythonOperator): get_data_usd> on 2024-04-20 00:00:00+00:00
[2024-04-21T10:14:58.108+0000] {standard_task_runner.py:60} INFO - Started process 1416 to run task
[2024-04-21T10:14:58.133+0000] {standard_task_runner.py:87} INFO - Running: ['***', 'tasks', 'run', 'currency_parsing', 'get_data_usd', 'scheduled__2024-04-20T00:00:00+00:00', '--job-id', '948', '--raw', '--subdir', 'DAGS_FOLDER/stage/currency_parsing.py', '--cfg-path', '/tmp/tmp1jn3qiw9']
[2024-04-21T10:14:58.143+0000] {standard_task_runner.py:88} INFO - Job 948: Subtask get_data_usd
[2024-04-21T10:14:58.582+0000] {task_command.py:423} INFO - Running <TaskInstance: currency_parsing.get_data_usd scheduled__2024-04-20T00:00:00+00:00 [running]> on host 31aa6d9ea6ff
[2024-04-21T10:14:58.733+0000] {warnings.py:109} WARNING - /home/***/.local/lib/python3.8/site-packages/***/utils/context.py:207: AirflowContextDeprecationWarning: Accessing 'execution_date' from the template is deprecated and will be removed in a future version. Please use 'data_interval_start' or 'logical_date' instead.
  warnings.warn(_create_deprecation_warning(key, self._deprecation_replacements[key]))

[2024-04-21T10:14:58.902+0000] {taskinstance.py:2510} INFO - Exporting env vars: AIRFLOW_CTX_DAG_OWNER='***' AIRFLOW_CTX_DAG_ID='currency_parsing' AIRFLOW_CTX_TASK_ID='get_data_usd' AIRFLOW_CTX_EXECUTION_DATE='2024-04-20T00:00:00+00:00' AIRFLOW_CTX_TRY_NUMBER='1' AIRFLOW_CTX_DAG_RUN_ID='scheduled__2024-04-20T00:00:00+00:00'
[2024-04-21T10:15:00.334+0000] {python.py:202} INFO - Done. Returned value was: ([['AUD', 1.5579202089, '2024-4-19'], ['BGN', 1.8423702904, '2024-4-19'], ['BRL', 5.2084406104, '2024-4-19'], ['CAD', 1.3749101454, '2024-4-19'], ['CHF', 0.9100701506, '2024-4-19'], ['CNY', 7.2418412385, '2024-4-19'], ['CZK', 23.6810636707, '2024-4-19'], ['DKK', 7.0036508996, '2024-4-19'], ['EUR', 0.9384601207, '2024-4-19'], ['GBP', 0.8084201289, '2024-4-19'], ['HKD', 7.832550893, '2024-4-19'], ['HRK', 6.8436807676, '2024-4-19'], ['HUF', 369.5331119237, '2024-4-19'], ['IDR', 16237.129073898, '2024-4-19'], ['ILS', 3.7637406027, '2024-4-19'], ['INR', 83.3465550687, '2024-4-19'], ['ISK', 141.2836297949, '2024-4-19'], ['JPY', 154.6435887782, '2024-4-19'], ['KRW', 1373.4500168767, '2024-4-19'], ['MXN', 17.0961533013, '2024-4-19'], ['MYR', 4.7843707246, '2024-4-19'], ['NOK', 11.0195819668, '2024-4-19'], ['NZD', 1.6975502751, '2024-4-19'], ['PHP', 57.4927663542, '2024-4-19'], ['PLN', 4.0425105583, '2024-4-19'], ['RON', 4.6693605191, '2024-4-19'], ['RUB', 93.2513229981, '2024-4-19'], ['SEK', 10.9219212829, '2024-4-19'], ['SGD', 1.3609701436, '2024-4-19'], ['THB', 36.8225049393, '2024-4-19'], ['TRY', 32.5090946129, '2024-4-19'], ['USD', 1, '2024-4-19'], ['ZAR', 19.0822833823, '2024-4-19']], ['title', 'rate', 'date'])
[2024-04-21T10:15:00.640+0000] {taskinstance.py:1149} INFO - Marking task as SUCCESS. dag_id=currency_parsing, task_id=get_data_usd, execution_date=20240420T000000, start_date=20240421T101457, end_date=20240421T101500
[2024-04-21T10:15:00.886+0000] {local_task_job_runner.py:234} INFO - Task exited with return code 0
[2024-04-21T10:15:01.106+0000] {taskinstance.py:3309} INFO - 1 downstream tasks scheduled from follow-on schedule check
[2024-04-21T10:18:12.521+0000] {taskinstance.py:1979} INFO - Dependencies all met for dep_context=non-requeueable deps ti=<TaskInstance: currency_parsing.get_data_usd scheduled__2024-04-20T00:00:00+00:00 [queued]>
[2024-04-21T10:18:12.599+0000] {taskinstance.py:1979} INFO - Dependencies all met for dep_context=requeueable deps ti=<TaskInstance: currency_parsing.get_data_usd scheduled__2024-04-20T00:00:00+00:00 [queued]>
[2024-04-21T10:18:12.604+0000] {taskinstance.py:2193} INFO - Starting attempt 1 of 2
[2024-04-21T10:18:12.704+0000] {taskinstance.py:2214} INFO - Executing <Task(PythonOperator): get_data_usd> on 2024-04-20 00:00:00+00:00
[2024-04-21T10:18:12.760+0000] {standard_task_runner.py:60} INFO - Started process 1502 to run task
[2024-04-21T10:18:12.796+0000] {standard_task_runner.py:87} INFO - Running: ['***', 'tasks', 'run', 'currency_parsing', 'get_data_usd', 'scheduled__2024-04-20T00:00:00+00:00', '--job-id', '966', '--raw', '--subdir', 'DAGS_FOLDER/stage/currency_parsing.py', '--cfg-path', '/tmp/tmpim3n4se9']
[2024-04-21T10:18:12.827+0000] {standard_task_runner.py:88} INFO - Job 966: Subtask get_data_usd
[2024-04-21T10:18:13.292+0000] {task_command.py:423} INFO - Running <TaskInstance: currency_parsing.get_data_usd scheduled__2024-04-20T00:00:00+00:00 [running]> on host 31aa6d9ea6ff
[2024-04-21T10:18:13.571+0000] {warnings.py:109} WARNING - /home/***/.local/lib/python3.8/site-packages/***/utils/context.py:207: AirflowContextDeprecationWarning: Accessing 'execution_date' from the template is deprecated and will be removed in a future version. Please use 'data_interval_start' or 'logical_date' instead.
  warnings.warn(_create_deprecation_warning(key, self._deprecation_replacements[key]))

[2024-04-21T10:18:13.892+0000] {taskinstance.py:2510} INFO - Exporting env vars: AIRFLOW_CTX_DAG_OWNER='***' AIRFLOW_CTX_DAG_ID='currency_parsing' AIRFLOW_CTX_TASK_ID='get_data_usd' AIRFLOW_CTX_EXECUTION_DATE='2024-04-20T00:00:00+00:00' AIRFLOW_CTX_TRY_NUMBER='1' AIRFLOW_CTX_DAG_RUN_ID='scheduled__2024-04-20T00:00:00+00:00'
[2024-04-21T10:18:14.544+0000] {python.py:202} INFO - Done. Returned value was: ([['AUD', 1.5579202089, '2024-4-19'], ['BGN', 1.8423702904, '2024-4-19'], ['BRL', 5.2084406104, '2024-4-19'], ['CAD', 1.3749101454, '2024-4-19'], ['CHF', 0.9100701506, '2024-4-19'], ['CNY', 7.2418412385, '2024-4-19'], ['CZK', 23.6810636707, '2024-4-19'], ['DKK', 7.0036508996, '2024-4-19'], ['EUR', 0.9384601207, '2024-4-19'], ['GBP', 0.8084201289, '2024-4-19'], ['HKD', 7.832550893, '2024-4-19'], ['HRK', 6.8436807676, '2024-4-19'], ['HUF', 369.5331119237, '2024-4-19'], ['IDR', 16237.129073898, '2024-4-19'], ['ILS', 3.7637406027, '2024-4-19'], ['INR', 83.3465550687, '2024-4-19'], ['ISK', 141.2836297949, '2024-4-19'], ['JPY', 154.6435887782, '2024-4-19'], ['KRW', 1373.4500168767, '2024-4-19'], ['MXN', 17.0961533013, '2024-4-19'], ['MYR', 4.7843707246, '2024-4-19'], ['NOK', 11.0195819668, '2024-4-19'], ['NZD', 1.6975502751, '2024-4-19'], ['PHP', 57.4927663542, '2024-4-19'], ['PLN', 4.0425105583, '2024-4-19'], ['RON', 4.6693605191, '2024-4-19'], ['RUB', 93.2513229981, '2024-4-19'], ['SEK', 10.9219212829, '2024-4-19'], ['SGD', 1.3609701436, '2024-4-19'], ['THB', 36.8225049393, '2024-4-19'], ['TRY', 32.5090946129, '2024-4-19'], ['USD', 1, '2024-4-19'], ['ZAR', 19.0822833823, '2024-4-19']], ['title', 'rate', 'date'])
[2024-04-21T10:18:14.724+0000] {taskinstance.py:1149} INFO - Marking task as SUCCESS. dag_id=currency_parsing, task_id=get_data_usd, execution_date=20240420T000000, start_date=20240421T101812, end_date=20240421T101814
[2024-04-21T10:18:14.862+0000] {local_task_job_runner.py:234} INFO - Task exited with return code 0
[2024-04-21T10:18:14.975+0000] {taskinstance.py:3309} INFO - 0 downstream tasks scheduled from follow-on schedule check
[2024-04-21T10:38:46.036+0000] {taskinstance.py:1979} INFO - Dependencies all met for dep_context=non-requeueable deps ti=<TaskInstance: currency_parsing.get_data_usd scheduled__2024-04-20T00:00:00+00:00 [queued]>
[2024-04-21T10:38:46.084+0000] {taskinstance.py:1979} INFO - Dependencies all met for dep_context=requeueable deps ti=<TaskInstance: currency_parsing.get_data_usd scheduled__2024-04-20T00:00:00+00:00 [queued]>
[2024-04-21T10:38:46.086+0000] {taskinstance.py:2193} INFO - Starting attempt 1 of 2
[2024-04-21T10:38:46.266+0000] {taskinstance.py:2214} INFO - Executing <Task(PythonOperator): get_data_usd> on 2024-04-20 00:00:00+00:00
[2024-04-21T10:38:46.283+0000] {standard_task_runner.py:60} INFO - Started process 224 to run task
[2024-04-21T10:38:46.313+0000] {standard_task_runner.py:87} INFO - Running: ['***', 'tasks', 'run', 'currency_parsing', 'get_data_usd', 'scheduled__2024-04-20T00:00:00+00:00', '--job-id', '989', '--raw', '--subdir', 'DAGS_FOLDER/stage/currency_parsing.py', '--cfg-path', '/tmp/tmpieq4jcc8']
[2024-04-21T10:38:46.330+0000] {standard_task_runner.py:88} INFO - Job 989: Subtask get_data_usd
[2024-04-21T10:38:47.053+0000] {task_command.py:423} INFO - Running <TaskInstance: currency_parsing.get_data_usd scheduled__2024-04-20T00:00:00+00:00 [running]> on host e671688b1343
[2024-04-21T10:38:47.549+0000] {warnings.py:109} WARNING - /home/***/.local/lib/python3.8/site-packages/***/utils/context.py:207: AirflowContextDeprecationWarning: Accessing 'execution_date' from the template is deprecated and will be removed in a future version. Please use 'data_interval_start' or 'logical_date' instead.
  warnings.warn(_create_deprecation_warning(key, self._deprecation_replacements[key]))

[2024-04-21T10:38:47.981+0000] {taskinstance.py:2510} INFO - Exporting env vars: AIRFLOW_CTX_DAG_OWNER='***' AIRFLOW_CTX_DAG_ID='currency_parsing' AIRFLOW_CTX_TASK_ID='get_data_usd' AIRFLOW_CTX_EXECUTION_DATE='2024-04-20T00:00:00+00:00' AIRFLOW_CTX_TRY_NUMBER='1' AIRFLOW_CTX_DAG_RUN_ID='scheduled__2024-04-20T00:00:00+00:00'
[2024-04-21T10:38:48.863+0000] {python.py:202} INFO - Done. Returned value was: ([['AUD', 1.5579202089, '2024-4-19'], ['BGN', 1.8423702904, '2024-4-19'], ['BRL', 5.2084406104, '2024-4-19'], ['CAD', 1.3749101454, '2024-4-19'], ['CHF', 0.9100701506, '2024-4-19'], ['CNY', 7.2418412385, '2024-4-19'], ['CZK', 23.6810636707, '2024-4-19'], ['DKK', 7.0036508996, '2024-4-19'], ['EUR', 0.9384601207, '2024-4-19'], ['GBP', 0.8084201289, '2024-4-19'], ['HKD', 7.832550893, '2024-4-19'], ['HRK', 6.8436807676, '2024-4-19'], ['HUF', 369.5331119237, '2024-4-19'], ['IDR', 16237.129073898, '2024-4-19'], ['ILS', 3.7637406027, '2024-4-19'], ['INR', 83.3465550687, '2024-4-19'], ['ISK', 141.2836297949, '2024-4-19'], ['JPY', 154.6435887782, '2024-4-19'], ['KRW', 1373.4500168767, '2024-4-19'], ['MXN', 17.0961533013, '2024-4-19'], ['MYR', 4.7843707246, '2024-4-19'], ['NOK', 11.0195819668, '2024-4-19'], ['NZD', 1.6975502751, '2024-4-19'], ['PHP', 57.4927663542, '2024-4-19'], ['PLN', 4.0425105583, '2024-4-19'], ['RON', 4.6693605191, '2024-4-19'], ['RUB', 93.2513229981, '2024-4-19'], ['SEK', 10.9219212829, '2024-4-19'], ['SGD', 1.3609701436, '2024-4-19'], ['THB', 36.8225049393, '2024-4-19'], ['TRY', 32.5090946129, '2024-4-19'], ['USD', 1, '2024-4-19'], ['ZAR', 19.0822833823, '2024-4-19']], ['title', 'rate', 'date'])
[2024-04-21T10:38:48.969+0000] {taskinstance.py:1149} INFO - Marking task as SUCCESS. dag_id=currency_parsing, task_id=get_data_usd, execution_date=20240420T000000, start_date=20240421T103846, end_date=20240421T103848
[2024-04-21T10:38:49.100+0000] {local_task_job_runner.py:234} INFO - Task exited with return code 0
[2024-04-21T10:38:49.187+0000] {taskinstance.py:3309} INFO - 1 downstream tasks scheduled from follow-on schedule check
[2024-04-21T11:06:19.484+0000] {taskinstance.py:1979} INFO - Dependencies all met for dep_context=non-requeueable deps ti=<TaskInstance: currency_parsing.get_data_usd scheduled__2024-04-20T00:00:00+00:00 [queued]>
[2024-04-21T11:06:19.718+0000] {taskinstance.py:1979} INFO - Dependencies all met for dep_context=requeueable deps ti=<TaskInstance: currency_parsing.get_data_usd scheduled__2024-04-20T00:00:00+00:00 [queued]>
[2024-04-21T11:06:19.733+0000] {taskinstance.py:2193} INFO - Starting attempt 1 of 2
[2024-04-21T11:06:20.146+0000] {taskinstance.py:2214} INFO - Executing <Task(PythonOperator): get_data_usd> on 2024-04-20 00:00:00+00:00
[2024-04-21T11:06:20.216+0000] {standard_task_runner.py:60} INFO - Started process 2765 to run task
[2024-04-21T11:06:20.277+0000] {standard_task_runner.py:87} INFO - Running: ['***', 'tasks', 'run', 'currency_parsing', 'get_data_usd', 'scheduled__2024-04-20T00:00:00+00:00', '--job-id', '2092', '--raw', '--subdir', 'DAGS_FOLDER/stage/currency_parsing.py', '--cfg-path', '/tmp/tmpem5rjn58']
[2024-04-21T11:06:20.388+0000] {standard_task_runner.py:88} INFO - Job 2092: Subtask get_data_usd
[2024-04-21T11:06:21.048+0000] {task_command.py:423} INFO - Running <TaskInstance: currency_parsing.get_data_usd scheduled__2024-04-20T00:00:00+00:00 [running]> on host e671688b1343
[2024-04-21T11:06:22.181+0000] {warnings.py:109} WARNING - /home/***/.local/lib/python3.8/site-packages/***/utils/context.py:207: AirflowContextDeprecationWarning: Accessing 'execution_date' from the template is deprecated and will be removed in a future version. Please use 'data_interval_start' or 'logical_date' instead.
  warnings.warn(_create_deprecation_warning(key, self._deprecation_replacements[key]))

[2024-04-21T11:06:22.719+0000] {taskinstance.py:2510} INFO - Exporting env vars: AIRFLOW_CTX_DAG_OWNER='***' AIRFLOW_CTX_DAG_ID='currency_parsing' AIRFLOW_CTX_TASK_ID='get_data_usd' AIRFLOW_CTX_EXECUTION_DATE='2024-04-20T00:00:00+00:00' AIRFLOW_CTX_TRY_NUMBER='1' AIRFLOW_CTX_DAG_RUN_ID='scheduled__2024-04-20T00:00:00+00:00'
[2024-04-21T11:06:24.301+0000] {python.py:202} INFO - Done. Returned value was: ([['AUD', 1.5579202089, '2024-4-19'], ['BGN', 1.8423702904, '2024-4-19'], ['BRL', 5.2084406104, '2024-4-19'], ['CAD', 1.3749101454, '2024-4-19'], ['CHF', 0.9100701506, '2024-4-19'], ['CNY', 7.2418412385, '2024-4-19'], ['CZK', 23.6810636707, '2024-4-19'], ['DKK', 7.0036508996, '2024-4-19'], ['EUR', 0.9384601207, '2024-4-19'], ['GBP', 0.8084201289, '2024-4-19'], ['HKD', 7.832550893, '2024-4-19'], ['HRK', 6.8436807676, '2024-4-19'], ['HUF', 369.5331119237, '2024-4-19'], ['IDR', 16237.129073898, '2024-4-19'], ['ILS', 3.7637406027, '2024-4-19'], ['INR', 83.3465550687, '2024-4-19'], ['ISK', 141.2836297949, '2024-4-19'], ['JPY', 154.6435887782, '2024-4-19'], ['KRW', 1373.4500168767, '2024-4-19'], ['MXN', 17.0961533013, '2024-4-19'], ['MYR', 4.7843707246, '2024-4-19'], ['NOK', 11.0195819668, '2024-4-19'], ['NZD', 1.6975502751, '2024-4-19'], ['PHP', 57.4927663542, '2024-4-19'], ['PLN', 4.0425105583, '2024-4-19'], ['RON', 4.6693605191, '2024-4-19'], ['RUB', 93.2513229981, '2024-4-19'], ['SEK', 10.9219212829, '2024-4-19'], ['SGD', 1.3609701436, '2024-4-19'], ['THB', 36.8225049393, '2024-4-19'], ['TRY', 32.5090946129, '2024-4-19'], ['USD', 1, '2024-4-19'], ['ZAR', 19.0822833823, '2024-4-19']], ['title', 'rate', 'date'])
[2024-04-21T11:06:24.575+0000] {taskinstance.py:1149} INFO - Marking task as SUCCESS. dag_id=currency_parsing, task_id=get_data_usd, execution_date=20240420T000000, start_date=20240421T110619, end_date=20240421T110624
[2024-04-21T11:06:24.981+0000] {local_task_job_runner.py:234} INFO - Task exited with return code 0
[2024-04-21T11:06:25.323+0000] {taskinstance.py:3309} INFO - 1 downstream tasks scheduled from follow-on schedule check
[2024-04-27T12:27:19.723+0000] {taskinstance.py:1979} INFO - Dependencies all met for dep_context=non-requeueable deps ti=<TaskInstance: currency_parsing.get_data_usd scheduled__2024-04-20T00:00:00+00:00 [queued]>
[2024-04-27T12:27:19.931+0000] {taskinstance.py:1979} INFO - Dependencies all met for dep_context=requeueable deps ti=<TaskInstance: currency_parsing.get_data_usd scheduled__2024-04-20T00:00:00+00:00 [queued]>
[2024-04-27T12:27:19.987+0000] {taskinstance.py:2193} INFO - Starting attempt 1 of 2
[2024-04-27T12:27:21.867+0000] {taskinstance.py:2214} INFO - Executing <Task(PythonOperator): get_data_usd> on 2024-04-20 00:00:00+00:00
[2024-04-27T12:27:21.950+0000] {standard_task_runner.py:60} INFO - Started process 2350 to run task
[2024-04-27T12:27:22.008+0000] {standard_task_runner.py:87} INFO - Running: ['***', 'tasks', 'run', 'currency_parsing', 'get_data_usd', 'scheduled__2024-04-20T00:00:00+00:00', '--job-id', '2485', '--raw', '--subdir', 'DAGS_FOLDER/stage/currency_parsing.py', '--cfg-path', '/tmp/tmp5c_a0los']
[2024-04-27T12:27:22.080+0000] {standard_task_runner.py:88} INFO - Job 2485: Subtask get_data_usd
[2024-04-27T12:27:24.846+0000] {task_command.py:423} INFO - Running <TaskInstance: currency_parsing.get_data_usd scheduled__2024-04-20T00:00:00+00:00 [running]> on host 65a8688265d1
[2024-04-27T12:27:27.732+0000] {warnings.py:109} WARNING - /home/***/.local/lib/python3.8/site-packages/***/utils/context.py:207: AirflowContextDeprecationWarning: Accessing 'execution_date' from the template is deprecated and will be removed in a future version. Please use 'data_interval_start' or 'logical_date' instead.
  warnings.warn(_create_deprecation_warning(key, self._deprecation_replacements[key]))

[2024-04-27T12:27:30.434+0000] {taskinstance.py:2510} INFO - Exporting env vars: AIRFLOW_CTX_DAG_OWNER='***' AIRFLOW_CTX_DAG_ID='currency_parsing' AIRFLOW_CTX_TASK_ID='get_data_usd' AIRFLOW_CTX_EXECUTION_DATE='2024-04-20T00:00:00+00:00' AIRFLOW_CTX_TRY_NUMBER='1' AIRFLOW_CTX_DAG_RUN_ID='scheduled__2024-04-20T00:00:00+00:00'
[2024-04-27T12:28:14.366+0000] {taskinstance.py:2728} ERROR - Task failed with exception
Traceback (most recent call last):
  File "/home/airflow/.local/lib/python3.8/site-packages/urllib3/connectionpool.py", line 715, in urlopen
    httplib_response = self._make_request(
  File "/home/airflow/.local/lib/python3.8/site-packages/urllib3/connectionpool.py", line 404, in _make_request
    self._validate_conn(conn)
  File "/home/airflow/.local/lib/python3.8/site-packages/urllib3/connectionpool.py", line 1058, in _validate_conn
    conn.connect()
  File "/home/airflow/.local/lib/python3.8/site-packages/urllib3/connection.py", line 419, in connect
    self.sock = ssl_wrap_socket(
  File "/home/airflow/.local/lib/python3.8/site-packages/urllib3/util/ssl_.py", line 449, in ssl_wrap_socket
    ssl_sock = _ssl_wrap_socket_impl(
  File "/home/airflow/.local/lib/python3.8/site-packages/urllib3/util/ssl_.py", line 493, in _ssl_wrap_socket_impl
    return ssl_context.wrap_socket(sock, server_hostname=server_hostname)
  File "/usr/local/lib/python3.8/ssl.py", line 500, in wrap_socket
    return self.sslsocket_class._create(
  File "/usr/local/lib/python3.8/ssl.py", line 1073, in _create
    self.do_handshake()
  File "/usr/local/lib/python3.8/ssl.py", line 1342, in do_handshake
    self._sslobj.do_handshake()
ssl.SSLZeroReturnError: TLS/SSL connection has been closed (EOF) (_ssl.c:1131)

During handling of the above exception, another exception occurred:

Traceback (most recent call last):
  File "/home/airflow/.local/lib/python3.8/site-packages/requests/adapters.py", line 486, in send
    resp = conn.urlopen(
  File "/home/airflow/.local/lib/python3.8/site-packages/urllib3/connectionpool.py", line 799, in urlopen
    retries = retries.increment(
  File "/home/airflow/.local/lib/python3.8/site-packages/urllib3/util/retry.py", line 592, in increment
    raise MaxRetryError(_pool, url, error or ResponseError(cause))
urllib3.exceptions.MaxRetryError: HTTPSConnectionPool(host='api.freecurrencyapi.com', port=443): Max retries exceeded with url: /v1/historical?date=2024-04-19&base_currency=USD&currencies= (Caused by SSLError(SSLZeroReturnError(6, 'TLS/SSL connection has been closed (EOF) (_ssl.c:1131)')))

During handling of the above exception, another exception occurred:

Traceback (most recent call last):
  File "/home/airflow/.local/lib/python3.8/site-packages/airflow/models/taskinstance.py", line 444, in _execute_task
    result = _execute_callable(context=context, **execute_callable_kwargs)
  File "/home/airflow/.local/lib/python3.8/site-packages/airflow/models/taskinstance.py", line 414, in _execute_callable
    return execute_callable(context=context, **execute_callable_kwargs)
  File "/home/airflow/.local/lib/python3.8/site-packages/airflow/operators/python.py", line 200, in execute
    return_value = self.execute_callable()
  File "/home/airflow/.local/lib/python3.8/site-packages/airflow/operators/python.py", line 217, in execute_callable
    return self.python_callable(*self.op_args, **self.op_kwargs)
  File "/opt/airflow/dags/stage/currency_parsing.py", line 24, in get_data_usd
    currencies_list = get_currency_list(execution_date)
  File "/opt/airflow/dags/stage/currency_utils.py", line 21, in get_currency_list
    data = client.historical(f'{year}-{int(month):02d}-{int(day):02d}', base_currency=base_currency)
  File "/home/airflow/.local/lib/python3.8/site-packages/freecurrencyapi/client.py", line 32, in historical
    return self._request('/historical', params={
  File "/home/airflow/.local/lib/python3.8/site-packages/everapi/client.py", line 43, in _request
    response = requests.request(
  File "/home/airflow/.local/lib/python3.8/site-packages/requests/api.py", line 59, in request
    return session.request(method=method, url=url, **kwargs)
  File "/home/airflow/.local/lib/python3.8/site-packages/requests/sessions.py", line 589, in request
    resp = self.send(prep, **send_kwargs)
  File "/home/airflow/.local/lib/python3.8/site-packages/requests/sessions.py", line 703, in send
    r = adapter.send(request, **kwargs)
  File "/home/airflow/.local/lib/python3.8/site-packages/requests/adapters.py", line 517, in send
    raise SSLError(e, request=request)
requests.exceptions.SSLError: HTTPSConnectionPool(host='api.freecurrencyapi.com', port=443): Max retries exceeded with url: /v1/historical?date=2024-04-19&base_currency=USD&currencies= (Caused by SSLError(SSLZeroReturnError(6, 'TLS/SSL connection has been closed (EOF) (_ssl.c:1131)')))
[2024-04-27T12:28:14.650+0000] {taskinstance.py:1149} INFO - Marking task as UP_FOR_RETRY. dag_id=currency_parsing, task_id=get_data_usd, execution_date=20240420T000000, start_date=20240427T122719, end_date=20240427T122814
[2024-04-27T12:28:14.769+0000] {standard_task_runner.py:107} ERROR - Failed to execute job 2485 for task get_data_usd (HTTPSConnectionPool(host='api.freecurrencyapi.com', port=443): Max retries exceeded with url: /v1/historical?date=2024-04-19&base_currency=USD&currencies= (Caused by SSLError(SSLZeroReturnError(6, 'TLS/SSL connection has been closed (EOF) (_ssl.c:1131)'))); 2350)
[2024-04-27T12:28:15.012+0000] {local_task_job_runner.py:234} INFO - Task exited with return code 1
[2024-04-27T12:28:15.929+0000] {taskinstance.py:3309} INFO - 0 downstream tasks scheduled from follow-on schedule check
