[2024-04-14T08:53:57.878+0000] {taskinstance.py:1979} INFO - Dependencies all met for dep_context=non-requeueable deps ti=<TaskInstance: currency_parsing.fetch_data scheduled__2024-03-01T00:00:00+00:00 [queued]>
[2024-04-14T08:53:58.017+0000] {taskinstance.py:1979} INFO - Dependencies all met for dep_context=requeueable deps ti=<TaskInstance: currency_parsing.fetch_data scheduled__2024-03-01T00:00:00+00:00 [queued]>
[2024-04-14T08:53:58.025+0000] {taskinstance.py:2193} INFO - Starting attempt 1 of 2
[2024-04-14T08:53:58.264+0000] {taskinstance.py:2214} INFO - Executing <Task(PythonOperator): fetch_data> on 2024-03-01 00:00:00+00:00
[2024-04-14T08:53:58.279+0000] {standard_task_runner.py:60} INFO - Started process 1210 to run task
[2024-04-14T08:53:58.303+0000] {standard_task_runner.py:87} INFO - Running: ['***', 'tasks', 'run', 'currency_parsing', 'fetch_data', 'scheduled__2024-03-01T00:00:00+00:00', '--job-id', '360', '--raw', '--subdir', 'DAGS_FOLDER/currency_parsing.py', '--cfg-path', '/tmp/tmp5thxisrz']
[2024-04-14T08:53:58.323+0000] {standard_task_runner.py:88} INFO - Job 360: Subtask fetch_data
[2024-04-14T08:53:58.840+0000] {task_command.py:423} INFO - Running <TaskInstance: currency_parsing.fetch_data scheduled__2024-03-01T00:00:00+00:00 [running]> on host e8a1e0443283
[2024-04-14T08:53:59.547+0000] {taskinstance.py:2510} INFO - Exporting env vars: AIRFLOW_CTX_DAG_OWNER='***' AIRFLOW_CTX_DAG_ID='currency_parsing' AIRFLOW_CTX_TASK_ID='fetch_data' AIRFLOW_CTX_EXECUTION_DATE='2024-03-01T00:00:00+00:00' AIRFLOW_CTX_TRY_NUMBER='1' AIRFLOW_CTX_DAG_RUN_ID='scheduled__2024-03-01T00:00:00+00:00'
[2024-04-14T08:53:59.761+0000] {base.py:83} INFO - Using connection ID 'dwh' for task execution.
[2024-04-14T08:53:59.831+0000] {sql.py:572} INFO - Done loading. Loaded a total of 39 rows into currency_parsing
[2024-04-14T08:53:59.832+0000] {python.py:202} INFO - Done. Returned value was: None
[2024-04-14T08:53:59.893+0000] {taskinstance.py:1149} INFO - Marking task as SUCCESS. dag_id=currency_parsing, task_id=fetch_data, execution_date=20240301T000000, start_date=20240414T085357, end_date=20240414T085359
[2024-04-14T08:54:00.120+0000] {local_task_job_runner.py:234} INFO - Task exited with return code 0
[2024-04-14T08:54:00.218+0000] {taskinstance.py:3309} INFO - 0 downstream tasks scheduled from follow-on schedule check
[2024-04-14T10:11:17.984+0000] {taskinstance.py:1979} INFO - Dependencies all met for dep_context=non-requeueable deps ti=<TaskInstance: currency_parsing.fetch_data scheduled__2024-03-01T00:00:00+00:00 [queued]>
[2024-04-14T10:11:18.035+0000] {taskinstance.py:1979} INFO - Dependencies all met for dep_context=requeueable deps ti=<TaskInstance: currency_parsing.fetch_data scheduled__2024-03-01T00:00:00+00:00 [queued]>
[2024-04-14T10:11:18.036+0000] {taskinstance.py:2193} INFO - Starting attempt 1 of 2
[2024-04-14T10:11:18.247+0000] {taskinstance.py:2214} INFO - Executing <Task(PythonOperator): fetch_data> on 2024-03-01 00:00:00+00:00
[2024-04-14T10:11:18.308+0000] {standard_task_runner.py:60} INFO - Started process 529 to run task
[2024-04-14T10:11:18.343+0000] {standard_task_runner.py:87} INFO - Running: ['***', 'tasks', 'run', 'currency_parsing', 'fetch_data', 'scheduled__2024-03-01T00:00:00+00:00', '--job-id', '667', '--raw', '--subdir', 'DAGS_FOLDER/currency_parsing.py', '--cfg-path', '/tmp/tmpyodvtyt6']
[2024-04-14T10:11:18.396+0000] {standard_task_runner.py:88} INFO - Job 667: Subtask fetch_data
[2024-04-14T10:11:18.868+0000] {task_command.py:423} INFO - Running <TaskInstance: currency_parsing.fetch_data scheduled__2024-03-01T00:00:00+00:00 [running]> on host 1c15aab9396c
[2024-04-14T10:11:19.601+0000] {taskinstance.py:2510} INFO - Exporting env vars: AIRFLOW_CTX_DAG_OWNER='***' AIRFLOW_CTX_DAG_ID='currency_parsing' AIRFLOW_CTX_TASK_ID='fetch_data' AIRFLOW_CTX_EXECUTION_DATE='2024-03-01T00:00:00+00:00' AIRFLOW_CTX_TRY_NUMBER='1' AIRFLOW_CTX_DAG_RUN_ID='scheduled__2024-03-01T00:00:00+00:00'
[2024-04-14T10:11:19.761+0000] {base.py:83} INFO - Using connection ID 'dwh' for task execution.
[2024-04-14T10:11:19.837+0000] {sql.py:572} INFO - Done loading. Loaded a total of 39 rows into currency_parsing
[2024-04-14T10:11:19.840+0000] {python.py:202} INFO - Done. Returned value was: None
[2024-04-14T10:11:19.884+0000] {taskinstance.py:1149} INFO - Marking task as SUCCESS. dag_id=currency_parsing, task_id=fetch_data, execution_date=20240301T000000, start_date=20240414T101117, end_date=20240414T101119
[2024-04-14T10:11:20.058+0000] {local_task_job_runner.py:234} INFO - Task exited with return code 0
[2024-04-14T10:11:20.165+0000] {taskinstance.py:3309} INFO - 0 downstream tasks scheduled from follow-on schedule check
