[2024-04-14T08:53:57.838+0000] {taskinstance.py:1979} INFO - Dependencies all met for dep_context=non-requeueable deps ti=<TaskInstance: currency_parsing.fetch_data scheduled__2024-02-29T00:00:00+00:00 [queued]>
[2024-04-14T08:53:57.911+0000] {taskinstance.py:1979} INFO - Dependencies all met for dep_context=requeueable deps ti=<TaskInstance: currency_parsing.fetch_data scheduled__2024-02-29T00:00:00+00:00 [queued]>
[2024-04-14T08:53:57.916+0000] {taskinstance.py:2193} INFO - Starting attempt 1 of 2
[2024-04-14T08:53:58.108+0000] {taskinstance.py:2214} INFO - Executing <Task(PythonOperator): fetch_data> on 2024-02-29 00:00:00+00:00
[2024-04-14T08:53:58.151+0000] {standard_task_runner.py:60} INFO - Started process 1209 to run task
[2024-04-14T08:53:58.194+0000] {standard_task_runner.py:87} INFO - Running: ['***', 'tasks', 'run', 'currency_parsing', 'fetch_data', 'scheduled__2024-02-29T00:00:00+00:00', '--job-id', '361', '--raw', '--subdir', 'DAGS_FOLDER/currency_parsing.py', '--cfg-path', '/tmp/tmp21tsh93t']
[2024-04-14T08:53:58.235+0000] {standard_task_runner.py:88} INFO - Job 361: Subtask fetch_data
[2024-04-14T08:53:58.697+0000] {task_command.py:423} INFO - Running <TaskInstance: currency_parsing.fetch_data scheduled__2024-02-29T00:00:00+00:00 [running]> on host e8a1e0443283
[2024-04-14T08:53:59.575+0000] {taskinstance.py:2510} INFO - Exporting env vars: AIRFLOW_CTX_DAG_OWNER='***' AIRFLOW_CTX_DAG_ID='currency_parsing' AIRFLOW_CTX_TASK_ID='fetch_data' AIRFLOW_CTX_EXECUTION_DATE='2024-02-29T00:00:00+00:00' AIRFLOW_CTX_TRY_NUMBER='1' AIRFLOW_CTX_DAG_RUN_ID='scheduled__2024-02-29T00:00:00+00:00'
[2024-04-14T08:53:59.818+0000] {base.py:83} INFO - Using connection ID 'dwh' for task execution.
[2024-04-14T08:53:59.963+0000] {sql.py:572} INFO - Done loading. Loaded a total of 39 rows into currency_parsing
[2024-04-14T08:53:59.969+0000] {python.py:202} INFO - Done. Returned value was: None
[2024-04-14T08:54:00.069+0000] {taskinstance.py:1149} INFO - Marking task as SUCCESS. dag_id=currency_parsing, task_id=fetch_data, execution_date=20240229T000000, start_date=20240414T085357, end_date=20240414T085400
[2024-04-14T08:54:00.367+0000] {local_task_job_runner.py:234} INFO - Task exited with return code 0
[2024-04-14T08:54:00.481+0000] {taskinstance.py:3309} INFO - 0 downstream tasks scheduled from follow-on schedule check
[2024-04-14T10:11:17.230+0000] {taskinstance.py:1979} INFO - Dependencies all met for dep_context=non-requeueable deps ti=<TaskInstance: currency_parsing.fetch_data scheduled__2024-02-29T00:00:00+00:00 [queued]>
[2024-04-14T10:11:17.347+0000] {taskinstance.py:1979} INFO - Dependencies all met for dep_context=requeueable deps ti=<TaskInstance: currency_parsing.fetch_data scheduled__2024-02-29T00:00:00+00:00 [queued]>
[2024-04-14T10:11:17.349+0000] {taskinstance.py:2193} INFO - Starting attempt 1 of 2
[2024-04-14T10:11:17.399+0000] {taskinstance.py:2214} INFO - Executing <Task(PythonOperator): fetch_data> on 2024-02-29 00:00:00+00:00
[2024-04-14T10:11:17.408+0000] {standard_task_runner.py:60} INFO - Started process 528 to run task
[2024-04-14T10:11:17.497+0000] {standard_task_runner.py:87} INFO - Running: ['***', 'tasks', 'run', 'currency_parsing', 'fetch_data', 'scheduled__2024-02-29T00:00:00+00:00', '--job-id', '666', '--raw', '--subdir', 'DAGS_FOLDER/currency_parsing.py', '--cfg-path', '/tmp/tmpzg2jqzld']
[2024-04-14T10:11:17.524+0000] {standard_task_runner.py:88} INFO - Job 666: Subtask fetch_data
[2024-04-14T10:11:18.029+0000] {task_command.py:423} INFO - Running <TaskInstance: currency_parsing.fetch_data scheduled__2024-02-29T00:00:00+00:00 [running]> on host 1c15aab9396c
[2024-04-14T10:11:18.750+0000] {taskinstance.py:2510} INFO - Exporting env vars: AIRFLOW_CTX_DAG_OWNER='***' AIRFLOW_CTX_DAG_ID='currency_parsing' AIRFLOW_CTX_TASK_ID='fetch_data' AIRFLOW_CTX_EXECUTION_DATE='2024-02-29T00:00:00+00:00' AIRFLOW_CTX_TRY_NUMBER='1' AIRFLOW_CTX_DAG_RUN_ID='scheduled__2024-02-29T00:00:00+00:00'
[2024-04-14T10:11:18.907+0000] {base.py:83} INFO - Using connection ID 'dwh' for task execution.
[2024-04-14T10:11:18.955+0000] {sql.py:572} INFO - Done loading. Loaded a total of 39 rows into currency_parsing
[2024-04-14T10:11:18.956+0000] {python.py:202} INFO - Done. Returned value was: None
[2024-04-14T10:11:18.981+0000] {taskinstance.py:1149} INFO - Marking task as SUCCESS. dag_id=currency_parsing, task_id=fetch_data, execution_date=20240229T000000, start_date=20240414T101117, end_date=20240414T101118
[2024-04-14T10:11:19.057+0000] {local_task_job_runner.py:234} INFO - Task exited with return code 0
[2024-04-14T10:11:19.130+0000] {taskinstance.py:3309} INFO - 0 downstream tasks scheduled from follow-on schedule check
