[2024-04-14T08:55:28.343+0000] {taskinstance.py:1979} INFO - Dependencies all met for dep_context=non-requeueable deps ti=<TaskInstance: currency_parsing.fetch_data scheduled__2024-03-19T00:00:00+00:00 [queued]>
[2024-04-14T08:55:29.230+0000] {taskinstance.py:1979} INFO - Dependencies all met for dep_context=requeueable deps ti=<TaskInstance: currency_parsing.fetch_data scheduled__2024-03-19T00:00:00+00:00 [queued]>
[2024-04-14T08:55:29.235+0000] {taskinstance.py:2193} INFO - Starting attempt 1 of 2
[2024-04-14T08:55:29.598+0000] {taskinstance.py:2214} INFO - Executing <Task(PythonOperator): fetch_data> on 2024-03-19 00:00:00+00:00
[2024-04-14T08:55:29.676+0000] {standard_task_runner.py:60} INFO - Started process 1351 to run task
[2024-04-14T08:55:29.716+0000] {standard_task_runner.py:87} INFO - Running: ['***', 'tasks', 'run', 'currency_parsing', 'fetch_data', 'scheduled__2024-03-19T00:00:00+00:00', '--job-id', '420', '--raw', '--subdir', 'DAGS_FOLDER/currency_parsing.py', '--cfg-path', '/tmp/tmp8_nylju8']
[2024-04-14T08:55:29.755+0000] {standard_task_runner.py:88} INFO - Job 420: Subtask fetch_data
[2024-04-14T08:55:31.082+0000] {task_command.py:423} INFO - Running <TaskInstance: currency_parsing.fetch_data scheduled__2024-03-19T00:00:00+00:00 [running]> on host e8a1e0443283
[2024-04-14T08:55:32.493+0000] {taskinstance.py:2510} INFO - Exporting env vars: AIRFLOW_CTX_DAG_OWNER='***' AIRFLOW_CTX_DAG_ID='currency_parsing' AIRFLOW_CTX_TASK_ID='fetch_data' AIRFLOW_CTX_EXECUTION_DATE='2024-03-19T00:00:00+00:00' AIRFLOW_CTX_TRY_NUMBER='1' AIRFLOW_CTX_DAG_RUN_ID='scheduled__2024-03-19T00:00:00+00:00'
[2024-04-14T08:55:32.904+0000] {base.py:83} INFO - Using connection ID 'dwh' for task execution.
[2024-04-14T08:55:33.023+0000] {sql.py:572} INFO - Done loading. Loaded a total of 39 rows into currency_parsing
[2024-04-14T08:55:33.025+0000] {python.py:202} INFO - Done. Returned value was: None
[2024-04-14T08:55:33.078+0000] {taskinstance.py:1149} INFO - Marking task as SUCCESS. dag_id=currency_parsing, task_id=fetch_data, execution_date=20240319T000000, start_date=20240414T085528, end_date=20240414T085533
[2024-04-14T08:55:33.415+0000] {local_task_job_runner.py:234} INFO - Task exited with return code 0
[2024-04-14T08:55:33.952+0000] {taskinstance.py:3309} INFO - 0 downstream tasks scheduled from follow-on schedule check
[2024-04-14T10:12:07.575+0000] {taskinstance.py:1979} INFO - Dependencies all met for dep_context=non-requeueable deps ti=<TaskInstance: currency_parsing.fetch_data scheduled__2024-03-19T00:00:00+00:00 [queued]>
[2024-04-14T10:12:07.629+0000] {taskinstance.py:1979} INFO - Dependencies all met for dep_context=requeueable deps ti=<TaskInstance: currency_parsing.fetch_data scheduled__2024-03-19T00:00:00+00:00 [queued]>
[2024-04-14T10:12:07.632+0000] {taskinstance.py:2193} INFO - Starting attempt 1 of 2
[2024-04-14T10:12:07.799+0000] {taskinstance.py:2214} INFO - Executing <Task(PythonOperator): fetch_data> on 2024-03-19 00:00:00+00:00
[2024-04-14T10:12:07.820+0000] {standard_task_runner.py:60} INFO - Started process 642 to run task
[2024-04-14T10:12:07.841+0000] {standard_task_runner.py:87} INFO - Running: ['***', 'tasks', 'run', 'currency_parsing', 'fetch_data', 'scheduled__2024-03-19T00:00:00+00:00', '--job-id', '720', '--raw', '--subdir', 'DAGS_FOLDER/currency_parsing.py', '--cfg-path', '/tmp/tmp6xzscm4i']
[2024-04-14T10:12:07.856+0000] {standard_task_runner.py:88} INFO - Job 720: Subtask fetch_data
[2024-04-14T10:12:08.195+0000] {task_command.py:423} INFO - Running <TaskInstance: currency_parsing.fetch_data scheduled__2024-03-19T00:00:00+00:00 [running]> on host 1c15aab9396c
[2024-04-14T10:12:08.763+0000] {taskinstance.py:2510} INFO - Exporting env vars: AIRFLOW_CTX_DAG_OWNER='***' AIRFLOW_CTX_DAG_ID='currency_parsing' AIRFLOW_CTX_TASK_ID='fetch_data' AIRFLOW_CTX_EXECUTION_DATE='2024-03-19T00:00:00+00:00' AIRFLOW_CTX_TRY_NUMBER='1' AIRFLOW_CTX_DAG_RUN_ID='scheduled__2024-03-19T00:00:00+00:00'
[2024-04-14T10:12:08.845+0000] {base.py:83} INFO - Using connection ID 'dwh' for task execution.
[2024-04-14T10:12:08.891+0000] {sql.py:572} INFO - Done loading. Loaded a total of 39 rows into currency_parsing
[2024-04-14T10:12:08.893+0000] {python.py:202} INFO - Done. Returned value was: None
[2024-04-14T10:12:08.984+0000] {taskinstance.py:1149} INFO - Marking task as SUCCESS. dag_id=currency_parsing, task_id=fetch_data, execution_date=20240319T000000, start_date=20240414T101207, end_date=20240414T101208
[2024-04-14T10:12:09.105+0000] {local_task_job_runner.py:234} INFO - Task exited with return code 0
[2024-04-14T10:12:09.291+0000] {taskinstance.py:3309} INFO - 0 downstream tasks scheduled from follow-on schedule check
