[2024-04-21T10:58:22.415+0000] {taskinstance.py:1979} INFO - Dependencies all met for dep_context=non-requeueable deps ti=<TaskInstance: currency_parsing.create_schema scheduled__2024-03-07T00:00:00+00:00 [queued]>
[2024-04-21T10:58:22.686+0000] {taskinstance.py:1979} INFO - Dependencies all met for dep_context=requeueable deps ti=<TaskInstance: currency_parsing.create_schema scheduled__2024-03-07T00:00:00+00:00 [queued]>
[2024-04-21T10:58:22.691+0000] {taskinstance.py:2193} INFO - Starting attempt 1 of 2
[2024-04-21T10:58:23.034+0000] {taskinstance.py:2214} INFO - Executing <Task(PostgresOperator): create_schema> on 2024-03-07 00:00:00+00:00
[2024-04-21T10:58:23.068+0000] {standard_task_runner.py:60} INFO - Started process 1766 to run task
[2024-04-21T10:58:23.232+0000] {standard_task_runner.py:87} INFO - Running: ['***', 'tasks', 'run', 'currency_parsing', 'create_schema', 'scheduled__2024-03-07T00:00:00+00:00', '--job-id', '1641', '--raw', '--subdir', 'DAGS_FOLDER/stage/currency_parsing.py', '--cfg-path', '/tmp/tmpg_mqd2y1']
[2024-04-21T10:58:23.326+0000] {standard_task_runner.py:88} INFO - Job 1641: Subtask create_schema
[2024-04-21T10:58:24.002+0000] {task_command.py:423} INFO - Running <TaskInstance: currency_parsing.create_schema scheduled__2024-03-07T00:00:00+00:00 [running]> on host e671688b1343
[2024-04-21T10:58:24.983+0000] {taskinstance.py:2510} INFO - Exporting env vars: AIRFLOW_CTX_DAG_OWNER='***' AIRFLOW_CTX_DAG_ID='currency_parsing' AIRFLOW_CTX_TASK_ID='create_schema' AIRFLOW_CTX_EXECUTION_DATE='2024-03-07T00:00:00+00:00' AIRFLOW_CTX_TRY_NUMBER='1' AIRFLOW_CTX_DAG_RUN_ID='scheduled__2024-03-07T00:00:00+00:00'
[2024-04-21T10:58:24.986+0000] {sql.py:276} INFO - Executing: CREATE SCHEMA if not exists stage;
[2024-04-21T10:58:25.030+0000] {base.py:83} INFO - Using connection ID 'dwh' for task execution.
[2024-04-21T10:58:25.053+0000] {base.py:83} INFO - Using connection ID 'dwh' for task execution.
[2024-04-21T10:58:25.063+0000] {sql.py:457} INFO - Running statement: CREATE SCHEMA if not exists stage;, parameters: None
[2024-04-21T10:58:25.067+0000] {warnings.py:109} WARNING - /home/***/.local/lib/python3.8/site-packages/***/providers/common/sql/hooks/sql.py:407: AirflowProviderDeprecationWarning: Call to deprecated method _make_common_data_structure. (The `_make_serializable` method is deprecated and support will be removed in a future version of the common.sql provider. Please update the DbApiHook's provider to a version based on common.sql >= 1.9.1.)
  result = self._make_common_data_structure(handler(cur))

[2024-04-21T10:58:25.141+0000] {taskinstance.py:1149} INFO - Marking task as SUCCESS. dag_id=currency_parsing, task_id=create_schema, execution_date=20240307T000000, start_date=20240421T105822, end_date=20240421T105825
[2024-04-21T10:58:25.378+0000] {local_task_job_runner.py:234} INFO - Task exited with return code 0
[2024-04-21T10:58:25.458+0000] {warnings.py:109} WARNING - /home/***/.local/lib/python3.8/site-packages/***/models/baseoperator.py:1201: AirflowProviderDeprecationWarning: Call to deprecated class PostgresOperator. (Please use `***.providers.common.sql.operators.sql.SQLExecuteQueryOperator`.Also, you can provide `hook_params={'schema': <database>}`.)
  result = cls.__new__(cls)

[2024-04-21T10:58:25.693+0000] {taskinstance.py:3309} INFO - 1 downstream tasks scheduled from follow-on schedule check
