[2024-04-26T10:28:13.131+0000] {taskinstance.py:1979} INFO - Dependencies all met for dep_context=non-requeueable deps ti=<TaskInstance: currency_parsing.get_data_pound scheduled__2024-04-24T00:00:00+00:00 [queued]>
[2024-04-26T10:28:13.226+0000] {taskinstance.py:1979} INFO - Dependencies all met for dep_context=requeueable deps ti=<TaskInstance: currency_parsing.get_data_pound scheduled__2024-04-24T00:00:00+00:00 [queued]>
[2024-04-26T10:28:13.244+0000] {taskinstance.py:2193} INFO - Starting attempt 1 of 2
[2024-04-26T10:28:13.630+0000] {taskinstance.py:2214} INFO - Executing <Task(PythonOperator): get_data_pound> on 2024-04-24 00:00:00+00:00
[2024-04-26T10:28:13.742+0000] {standard_task_runner.py:60} INFO - Started process 182 to run task
[2024-04-26T10:28:13.898+0000] {standard_task_runner.py:87} INFO - Running: ['***', 'tasks', 'run', 'currency_parsing', 'get_data_pound', 'scheduled__2024-04-24T00:00:00+00:00', '--job-id', '2158', '--raw', '--subdir', 'DAGS_FOLDER/stage/currency_parsing.py', '--cfg-path', '/tmp/tmpz3ctfsv5']
[2024-04-26T10:28:14.065+0000] {standard_task_runner.py:88} INFO - Job 2158: Subtask get_data_pound
[2024-04-26T10:28:14.852+0000] {task_command.py:423} INFO - Running <TaskInstance: currency_parsing.get_data_pound scheduled__2024-04-24T00:00:00+00:00 [running]> on host 4284c2c978e3
[2024-04-26T10:28:15.291+0000] {warnings.py:109} WARNING - /home/***/.local/lib/python3.8/site-packages/***/utils/context.py:207: AirflowContextDeprecationWarning: Accessing 'execution_date' from the template is deprecated and will be removed in a future version. Please use 'data_interval_start' or 'logical_date' instead.
  warnings.warn(_create_deprecation_warning(key, self._deprecation_replacements[key]))

[2024-04-26T10:28:16.179+0000] {taskinstance.py:2510} INFO - Exporting env vars: AIRFLOW_CTX_DAG_OWNER='***' AIRFLOW_CTX_DAG_ID='currency_parsing' AIRFLOW_CTX_TASK_ID='get_data_pound' AIRFLOW_CTX_EXECUTION_DATE='2024-04-24T00:00:00+00:00' AIRFLOW_CTX_TRY_NUMBER='1' AIRFLOW_CTX_DAG_RUN_ID='scheduled__2024-04-24T00:00:00+00:00'
[2024-04-26T10:28:18.409+0000] {python.py:202} INFO - Done. Returned value was: ([['AUD', 1.9187897102, '2024-4-23'], ['BGN', 2.2773254576, '2024-4-23'], ['BRL', 6.3816585609, '2024-4-23'], ['CAD', 1.7012825424, '2024-4-23'], ['CHF', 1.1350517308, '2024-4-23'], ['CNY', 9.0210686368, '2024-4-23'], ['CZK', 29.305479896, '2024-4-23'], ['DKK', 8.677350881, '2024-4-23'], ['EUR', 1.1633919549, '2024-4-23'], ['GBP', 1, '2024-4-23'], ['HKD', 9.7539414915, '2024-4-23'], ['HRK', 8.46545936, '2024-4-23'], ['HUF', 456.9901832185, '2024-4-23'], ['IDR', 20173.9187791983, '2024-4-23'], ['ILS', 4.6922551009, '2024-4-23'], ['INR', 103.6495832191, '2024-4-23'], ['ISK', 175.0642978263, '2024-4-23'], ['JPY', 192.7192189244, '2024-4-23'], ['KRW', 1704.473091222, '2024-4-23'], ['MXN', 21.1144194763, '2024-4-23'], ['MYR', 5.9511022866, '2024-4-23'], ['NOK', 13.5775500203, '2024-4-23'], ['NZD', 2.0977836939, '2024-4-23'], ['PHP', 71.6580162345, '2024-4-23'], ['PLN', 5.0111319898, '2024-4-23'], ['RON', 5.7885323936, '2024-4-23'], ['RUB', 116.0755350848, '2024-4-23'], ['SEK', 13.4546519441, '2024-4-23'], ['SGD', 1.6944465406, '2024-4-23'], ['THB', 45.9685107708, '2024-4-23'], ['TRY', 40.4961438103, '2024-4-23'], ['USD', 1.2451748185, '2024-4-23'], ['ZAR', 23.7883086793, '2024-4-23']], ['title', 'rate', 'date'])
[2024-04-26T10:28:18.728+0000] {taskinstance.py:1149} INFO - Marking task as SUCCESS. dag_id=currency_parsing, task_id=get_data_pound, execution_date=20240424T000000, start_date=20240426T102813, end_date=20240426T102818
[2024-04-26T10:28:19.285+0000] {local_task_job_runner.py:234} INFO - Task exited with return code 0
[2024-04-26T10:28:19.549+0000] {taskinstance.py:3309} INFO - 1 downstream tasks scheduled from follow-on schedule check
[2024-04-26T13:21:07.785+0000] {taskinstance.py:1979} INFO - Dependencies all met for dep_context=non-requeueable deps ti=<TaskInstance: currency_parsing.get_data_pound scheduled__2024-04-24T00:00:00+00:00 [queued]>
[2024-04-26T13:21:07.852+0000] {taskinstance.py:1979} INFO - Dependencies all met for dep_context=requeueable deps ti=<TaskInstance: currency_parsing.get_data_pound scheduled__2024-04-24T00:00:00+00:00 [queued]>
[2024-04-26T13:21:07.866+0000] {taskinstance.py:2193} INFO - Starting attempt 1 of 2
[2024-04-26T13:21:07.974+0000] {taskinstance.py:2214} INFO - Executing <Task(PythonOperator): get_data_pound> on 2024-04-24 00:00:00+00:00
[2024-04-26T13:21:07.988+0000] {standard_task_runner.py:60} INFO - Started process 529 to run task
[2024-04-26T13:21:07.998+0000] {standard_task_runner.py:87} INFO - Running: ['***', 'tasks', 'run', 'currency_parsing', 'get_data_pound', 'scheduled__2024-04-24T00:00:00+00:00', '--job-id', '2229', '--raw', '--subdir', 'DAGS_FOLDER/stage/currency_parsing.py', '--cfg-path', '/tmp/tmpm82l_hni']
[2024-04-26T13:21:08.015+0000] {standard_task_runner.py:88} INFO - Job 2229: Subtask get_data_pound
[2024-04-26T13:21:08.290+0000] {task_command.py:423} INFO - Running <TaskInstance: currency_parsing.get_data_pound scheduled__2024-04-24T00:00:00+00:00 [running]> on host 65a8688265d1
[2024-04-26T13:21:08.538+0000] {warnings.py:109} WARNING - /home/***/.local/lib/python3.8/site-packages/***/utils/context.py:207: AirflowContextDeprecationWarning: Accessing 'execution_date' from the template is deprecated and will be removed in a future version. Please use 'data_interval_start' or 'logical_date' instead.
  warnings.warn(_create_deprecation_warning(key, self._deprecation_replacements[key]))

[2024-04-26T13:21:08.702+0000] {taskinstance.py:2510} INFO - Exporting env vars: AIRFLOW_CTX_DAG_OWNER='***' AIRFLOW_CTX_DAG_ID='currency_parsing' AIRFLOW_CTX_TASK_ID='get_data_pound' AIRFLOW_CTX_EXECUTION_DATE='2024-04-24T00:00:00+00:00' AIRFLOW_CTX_TRY_NUMBER='1' AIRFLOW_CTX_DAG_RUN_ID='scheduled__2024-04-24T00:00:00+00:00'
[2024-04-26T13:21:09.305+0000] {python.py:202} INFO - Done. Returned value was: ([['AUD', 1.9187897102, '2024-4-23'], ['BGN', 2.2773254576, '2024-4-23'], ['BRL', 6.3816585609, '2024-4-23'], ['CAD', 1.7012825424, '2024-4-23'], ['CHF', 1.1350517308, '2024-4-23'], ['CNY', 9.0210686368, '2024-4-23'], ['CZK', 29.305479896, '2024-4-23'], ['DKK', 8.677350881, '2024-4-23'], ['EUR', 1.1633919549, '2024-4-23'], ['GBP', 1, '2024-4-23'], ['HKD', 9.7539414915, '2024-4-23'], ['HRK', 8.46545936, '2024-4-23'], ['HUF', 456.9901832185, '2024-4-23'], ['IDR', 20173.9187791983, '2024-4-23'], ['ILS', 4.6922551009, '2024-4-23'], ['INR', 103.6495832191, '2024-4-23'], ['ISK', 175.0642978263, '2024-4-23'], ['JPY', 192.7192189244, '2024-4-23'], ['KRW', 1704.473091222, '2024-4-23'], ['MXN', 21.1144194763, '2024-4-23'], ['MYR', 5.9511022866, '2024-4-23'], ['NOK', 13.5775500203, '2024-4-23'], ['NZD', 2.0977836939, '2024-4-23'], ['PHP', 71.6580162345, '2024-4-23'], ['PLN', 5.0111319898, '2024-4-23'], ['RON', 5.7885323936, '2024-4-23'], ['RUB', 116.0755350848, '2024-4-23'], ['SEK', 13.4546519441, '2024-4-23'], ['SGD', 1.6944465406, '2024-4-23'], ['THB', 45.9685107708, '2024-4-23'], ['TRY', 40.4961438103, '2024-4-23'], ['USD', 1.2451748185, '2024-4-23'], ['ZAR', 23.7883086793, '2024-4-23']], ['title', 'rate', 'date'])
[2024-04-26T13:21:09.360+0000] {taskinstance.py:1149} INFO - Marking task as SUCCESS. dag_id=currency_parsing, task_id=get_data_pound, execution_date=20240424T000000, start_date=20240426T132107, end_date=20240426T132109
[2024-04-26T13:21:09.427+0000] {local_task_job_runner.py:234} INFO - Task exited with return code 0
[2024-04-26T13:21:09.506+0000] {taskinstance.py:3309} INFO - 1 downstream tasks scheduled from follow-on schedule check
[2024-04-27T12:30:23.685+0000] {taskinstance.py:1979} INFO - Dependencies all met for dep_context=non-requeueable deps ti=<TaskInstance: currency_parsing.get_data_pound scheduled__2024-04-24T00:00:00+00:00 [queued]>
[2024-04-27T12:30:23.843+0000] {taskinstance.py:1979} INFO - Dependencies all met for dep_context=requeueable deps ti=<TaskInstance: currency_parsing.get_data_pound scheduled__2024-04-24T00:00:00+00:00 [queued]>
[2024-04-27T12:30:23.862+0000] {taskinstance.py:2193} INFO - Starting attempt 1 of 2
[2024-04-27T12:30:24.286+0000] {taskinstance.py:2214} INFO - Executing <Task(PythonOperator): get_data_pound> on 2024-04-24 00:00:00+00:00
[2024-04-27T12:30:24.323+0000] {standard_task_runner.py:60} INFO - Started process 2480 to run task
[2024-04-27T12:30:24.558+0000] {standard_task_runner.py:87} INFO - Running: ['***', 'tasks', 'run', 'currency_parsing', 'get_data_pound', 'scheduled__2024-04-24T00:00:00+00:00', '--job-id', '2533', '--raw', '--subdir', 'DAGS_FOLDER/stage/currency_parsing.py', '--cfg-path', '/tmp/tmppvfdd0q6']
[2024-04-27T12:30:24.593+0000] {standard_task_runner.py:88} INFO - Job 2533: Subtask get_data_pound
[2024-04-27T12:30:25.789+0000] {task_command.py:423} INFO - Running <TaskInstance: currency_parsing.get_data_pound scheduled__2024-04-24T00:00:00+00:00 [running]> on host 65a8688265d1
[2024-04-27T12:30:27.898+0000] {warnings.py:109} WARNING - /home/***/.local/lib/python3.8/site-packages/***/utils/context.py:207: AirflowContextDeprecationWarning: Accessing 'execution_date' from the template is deprecated and will be removed in a future version. Please use 'data_interval_start' or 'logical_date' instead.
  warnings.warn(_create_deprecation_warning(key, self._deprecation_replacements[key]))

[2024-04-27T12:30:28.702+0000] {taskinstance.py:2510} INFO - Exporting env vars: AIRFLOW_CTX_DAG_OWNER='***' AIRFLOW_CTX_DAG_ID='currency_parsing' AIRFLOW_CTX_TASK_ID='get_data_pound' AIRFLOW_CTX_EXECUTION_DATE='2024-04-24T00:00:00+00:00' AIRFLOW_CTX_TRY_NUMBER='1' AIRFLOW_CTX_DAG_RUN_ID='scheduled__2024-04-24T00:00:00+00:00'
[2024-04-27T12:31:06.276+0000] {python.py:202} INFO - Done. Returned value was: ([['AUD', 1.9187897102, '2024-4-23'], ['BGN', 2.2773254576, '2024-4-23'], ['BRL', 6.3816585609, '2024-4-23'], ['CAD', 1.7012825424, '2024-4-23'], ['CHF', 1.1350517308, '2024-4-23'], ['CNY', 9.0210686368, '2024-4-23'], ['CZK', 29.305479896, '2024-4-23'], ['DKK', 8.677350881, '2024-4-23'], ['EUR', 1.1633919549, '2024-4-23'], ['GBP', 1, '2024-4-23'], ['HKD', 9.7539414915, '2024-4-23'], ['HRK', 8.46545936, '2024-4-23'], ['HUF', 456.9901832185, '2024-4-23'], ['IDR', 20173.9187791983, '2024-4-23'], ['ILS', 4.6922551009, '2024-4-23'], ['INR', 103.6495832191, '2024-4-23'], ['ISK', 175.0642978263, '2024-4-23'], ['JPY', 192.7192189244, '2024-4-23'], ['KRW', 1704.473091222, '2024-4-23'], ['MXN', 21.1144194763, '2024-4-23'], ['MYR', 5.9511022866, '2024-4-23'], ['NOK', 13.5775500203, '2024-4-23'], ['NZD', 2.0977836939, '2024-4-23'], ['PHP', 71.6580162345, '2024-4-23'], ['PLN', 5.0111319898, '2024-4-23'], ['RON', 5.7885323936, '2024-4-23'], ['RUB', 116.0755350848, '2024-4-23'], ['SEK', 13.4546519441, '2024-4-23'], ['SGD', 1.6944465406, '2024-4-23'], ['THB', 45.9685107708, '2024-4-23'], ['TRY', 40.4961438103, '2024-4-23'], ['USD', 1.2451748185, '2024-4-23'], ['ZAR', 23.7883086793, '2024-4-23']], ['title', 'rate', 'date'])
[2024-04-27T12:31:06.623+0000] {taskinstance.py:1149} INFO - Marking task as SUCCESS. dag_id=currency_parsing, task_id=get_data_pound, execution_date=20240424T000000, start_date=20240427T123023, end_date=20240427T123106
[2024-04-27T12:31:06.955+0000] {local_task_job_runner.py:234} INFO - Task exited with return code 0
[2024-04-27T12:31:07.175+0000] {taskinstance.py:3309} INFO - 1 downstream tasks scheduled from follow-on schedule check
