[2024-04-14T08:55:54.519+0000] {taskinstance.py:1979} INFO - Dependencies all met for dep_context=non-requeueable deps ti=<TaskInstance: currency_parsing.fetch_data scheduled__2024-03-29T00:00:00+00:00 [queued]>
[2024-04-14T08:55:54.657+0000] {taskinstance.py:1979} INFO - Dependencies all met for dep_context=requeueable deps ti=<TaskInstance: currency_parsing.fetch_data scheduled__2024-03-29T00:00:00+00:00 [queued]>
[2024-04-14T08:55:54.692+0000] {taskinstance.py:2193} INFO - Starting attempt 1 of 2
[2024-04-14T08:55:54.986+0000] {taskinstance.py:2214} INFO - Executing <Task(PythonOperator): fetch_data> on 2024-03-29 00:00:00+00:00
[2024-04-14T08:55:55.021+0000] {standard_task_runner.py:60} INFO - Started process 1390 to run task
[2024-04-14T08:55:55.061+0000] {standard_task_runner.py:87} INFO - Running: ['***', 'tasks', 'run', 'currency_parsing', 'fetch_data', 'scheduled__2024-03-29T00:00:00+00:00', '--job-id', '437', '--raw', '--subdir', 'DAGS_FOLDER/currency_parsing.py', '--cfg-path', '/tmp/tmp_r894fib']
[2024-04-14T08:55:55.074+0000] {standard_task_runner.py:88} INFO - Job 437: Subtask fetch_data
[2024-04-14T08:55:55.429+0000] {task_command.py:423} INFO - Running <TaskInstance: currency_parsing.fetch_data scheduled__2024-03-29T00:00:00+00:00 [running]> on host e8a1e0443283
[2024-04-14T08:55:56.128+0000] {taskinstance.py:2510} INFO - Exporting env vars: AIRFLOW_CTX_DAG_OWNER='***' AIRFLOW_CTX_DAG_ID='currency_parsing' AIRFLOW_CTX_TASK_ID='fetch_data' AIRFLOW_CTX_EXECUTION_DATE='2024-03-29T00:00:00+00:00' AIRFLOW_CTX_TRY_NUMBER='1' AIRFLOW_CTX_DAG_RUN_ID='scheduled__2024-03-29T00:00:00+00:00'
[2024-04-14T08:55:56.284+0000] {base.py:83} INFO - Using connection ID 'dwh' for task execution.
[2024-04-14T08:55:56.333+0000] {sql.py:572} INFO - Done loading. Loaded a total of 39 rows into currency_parsing
[2024-04-14T08:55:56.334+0000] {python.py:202} INFO - Done. Returned value was: None
[2024-04-14T08:55:56.357+0000] {taskinstance.py:1149} INFO - Marking task as SUCCESS. dag_id=currency_parsing, task_id=fetch_data, execution_date=20240329T000000, start_date=20240414T085554, end_date=20240414T085556
[2024-04-14T08:55:56.650+0000] {local_task_job_runner.py:234} INFO - Task exited with return code 0
[2024-04-14T08:55:56.837+0000] {taskinstance.py:3309} INFO - 0 downstream tasks scheduled from follow-on schedule check
[2024-04-14T10:12:41.448+0000] {taskinstance.py:1979} INFO - Dependencies all met for dep_context=non-requeueable deps ti=<TaskInstance: currency_parsing.fetch_data scheduled__2024-03-29T00:00:00+00:00 [queued]>
[2024-04-14T10:12:41.527+0000] {taskinstance.py:1979} INFO - Dependencies all met for dep_context=requeueable deps ti=<TaskInstance: currency_parsing.fetch_data scheduled__2024-03-29T00:00:00+00:00 [queued]>
[2024-04-14T10:12:41.528+0000] {taskinstance.py:2193} INFO - Starting attempt 1 of 2
[2024-04-14T10:12:41.752+0000] {taskinstance.py:2214} INFO - Executing <Task(PythonOperator): fetch_data> on 2024-03-29 00:00:00+00:00
[2024-04-14T10:12:41.778+0000] {standard_task_runner.py:60} INFO - Started process 729 to run task
[2024-04-14T10:12:41.800+0000] {standard_task_runner.py:87} INFO - Running: ['***', 'tasks', 'run', 'currency_parsing', 'fetch_data', 'scheduled__2024-03-29T00:00:00+00:00', '--job-id', '758', '--raw', '--subdir', 'DAGS_FOLDER/currency_parsing.py', '--cfg-path', '/tmp/tmpf1l3q9yo']
[2024-04-14T10:12:41.854+0000] {standard_task_runner.py:88} INFO - Job 758: Subtask fetch_data
[2024-04-14T10:12:42.272+0000] {task_command.py:423} INFO - Running <TaskInstance: currency_parsing.fetch_data scheduled__2024-03-29T00:00:00+00:00 [running]> on host 1c15aab9396c
[2024-04-14T10:12:43.473+0000] {taskinstance.py:2510} INFO - Exporting env vars: AIRFLOW_CTX_DAG_OWNER='***' AIRFLOW_CTX_DAG_ID='currency_parsing' AIRFLOW_CTX_TASK_ID='fetch_data' AIRFLOW_CTX_EXECUTION_DATE='2024-03-29T00:00:00+00:00' AIRFLOW_CTX_TRY_NUMBER='1' AIRFLOW_CTX_DAG_RUN_ID='scheduled__2024-03-29T00:00:00+00:00'
[2024-04-14T10:12:43.718+0000] {base.py:83} INFO - Using connection ID 'dwh' for task execution.
[2024-04-14T10:12:43.782+0000] {sql.py:572} INFO - Done loading. Loaded a total of 39 rows into currency_parsing
[2024-04-14T10:12:43.785+0000] {python.py:202} INFO - Done. Returned value was: None
[2024-04-14T10:12:43.887+0000] {taskinstance.py:1149} INFO - Marking task as SUCCESS. dag_id=currency_parsing, task_id=fetch_data, execution_date=20240329T000000, start_date=20240414T101241, end_date=20240414T101243
[2024-04-14T10:12:44.214+0000] {local_task_job_runner.py:234} INFO - Task exited with return code 0
[2024-04-14T10:12:44.314+0000] {taskinstance.py:3309} INFO - 0 downstream tasks scheduled from follow-on schedule check
