[2024-04-14T08:49:58.912+0000] {taskinstance.py:1979} INFO - Dependencies all met for dep_context=non-requeueable deps ti=<TaskInstance: currency_parsing.create_table scheduled__2024-01-06T00:00:00+00:00 [queued]>
[2024-04-14T08:49:59.582+0000] {taskinstance.py:1979} INFO - Dependencies all met for dep_context=requeueable deps ti=<TaskInstance: currency_parsing.create_table scheduled__2024-01-06T00:00:00+00:00 [queued]>
[2024-04-14T08:49:59.590+0000] {taskinstance.py:2193} INFO - Starting attempt 1 of 2
[2024-04-14T08:50:00.532+0000] {taskinstance.py:2214} INFO - Executing <Task(PostgresOperator): create_table> on 2024-01-06 00:00:00+00:00
[2024-04-14T08:50:00.659+0000] {standard_task_runner.py:60} INFO - Started process 797 to run task
[2024-04-14T08:50:00.786+0000] {standard_task_runner.py:87} INFO - Running: ['***', 'tasks', 'run', 'currency_parsing', 'create_table', 'scheduled__2024-01-06T00:00:00+00:00', '--job-id', '175', '--raw', '--subdir', 'DAGS_FOLDER/currency_parsing.py', '--cfg-path', '/tmp/tmpwqim7bnb']
[2024-04-14T08:50:01.364+0000] {standard_task_runner.py:88} INFO - Job 175: Subtask create_table
[2024-04-14T08:50:04.338+0000] {task_command.py:423} INFO - Running <TaskInstance: currency_parsing.create_table scheduled__2024-01-06T00:00:00+00:00 [running]> on host e8a1e0443283
[2024-04-14T08:50:06.610+0000] {taskinstance.py:2510} INFO - Exporting env vars: AIRFLOW_CTX_DAG_OWNER='***' AIRFLOW_CTX_DAG_ID='currency_parsing' AIRFLOW_CTX_TASK_ID='create_table' AIRFLOW_CTX_EXECUTION_DATE='2024-01-06T00:00:00+00:00' AIRFLOW_CTX_TRY_NUMBER='1' AIRFLOW_CTX_DAG_RUN_ID='scheduled__2024-01-06T00:00:00+00:00'
[2024-04-14T08:50:06.628+0000] {sql.py:276} INFO - Executing: CREATE TABLE IF NOT EXISTS currency_parsing(
    currency VARCHAR(255) NOT NULL,
    title VARCHAR(255) NOT NULL,
    rate float,
    quantity int,
    index VARCHAR(255),
    change float,
    date date NOT NULL
)
[2024-04-14T08:50:06.712+0000] {base.py:83} INFO - Using connection ID 'dwh' for task execution.
[2024-04-14T08:50:06.999+0000] {base.py:83} INFO - Using connection ID 'dwh' for task execution.
[2024-04-14T08:50:07.009+0000] {sql.py:457} INFO - Running statement: CREATE TABLE IF NOT EXISTS currency_parsing(
    currency VARCHAR(255) NOT NULL,
    title VARCHAR(255) NOT NULL,
    rate float,
    quantity int,
    index VARCHAR(255),
    change float,
    date date NOT NULL
), parameters: None
[2024-04-14T08:50:07.012+0000] {warnings.py:109} WARNING - /home/***/.local/lib/python3.8/site-packages/***/providers/common/sql/hooks/sql.py:407: AirflowProviderDeprecationWarning: Call to deprecated method _make_common_data_structure. (The `_make_serializable` method is deprecated and support will be removed in a future version of the common.sql provider. Please update the DbApiHook's provider to a version based on common.sql >= 1.9.1.)
  result = self._make_common_data_structure(handler(cur))

[2024-04-14T08:50:07.118+0000] {taskinstance.py:1149} INFO - Marking task as SUCCESS. dag_id=currency_parsing, task_id=create_table, execution_date=20240106T000000, start_date=20240414T084958, end_date=20240414T085007
[2024-04-14T08:50:07.346+0000] {local_task_job_runner.py:234} INFO - Task exited with return code 0
[2024-04-14T08:50:07.382+0000] {warnings.py:109} WARNING - /home/***/.local/lib/python3.8/site-packages/***/models/baseoperator.py:1201: AirflowProviderDeprecationWarning: Call to deprecated class PostgresOperator. (Please use `***.providers.common.sql.operators.sql.SQLExecuteQueryOperator`.Also, you can provide `hook_params={'schema': <database>}`.)
  result = cls.__new__(cls)

[2024-04-14T08:50:07.832+0000] {taskinstance.py:3309} INFO - 1 downstream tasks scheduled from follow-on schedule check
[2024-04-14T10:07:14.083+0000] {taskinstance.py:1979} INFO - Dependencies all met for dep_context=non-requeueable deps ti=<TaskInstance: currency_parsing.create_table scheduled__2024-01-06T00:00:00+00:00 [queued]>
[2024-04-14T10:07:14.459+0000] {taskinstance.py:1979} INFO - Dependencies all met for dep_context=requeueable deps ti=<TaskInstance: currency_parsing.create_table scheduled__2024-01-06T00:00:00+00:00 [queued]>
[2024-04-14T10:07:14.500+0000] {taskinstance.py:2193} INFO - Starting attempt 1 of 2
[2024-04-14T10:07:15.141+0000] {taskinstance.py:2214} INFO - Executing <Task(PostgresOperator): create_table> on 2024-01-06 00:00:00+00:00
[2024-04-14T10:07:15.161+0000] {standard_task_runner.py:60} INFO - Started process 128 to run task
[2024-04-14T10:07:15.357+0000] {standard_task_runner.py:87} INFO - Running: ['***', 'tasks', 'run', 'currency_parsing', 'create_table', 'scheduled__2024-01-06T00:00:00+00:00', '--job-id', '485', '--raw', '--subdir', 'DAGS_FOLDER/currency_parsing.py', '--cfg-path', '/tmp/tmpr7wwmv_j']
[2024-04-14T10:07:15.434+0000] {standard_task_runner.py:88} INFO - Job 485: Subtask create_table
[2024-04-14T10:07:17.510+0000] {task_command.py:423} INFO - Running <TaskInstance: currency_parsing.create_table scheduled__2024-01-06T00:00:00+00:00 [running]> on host 1c15aab9396c
[2024-04-14T10:07:18.507+0000] {taskinstance.py:2510} INFO - Exporting env vars: AIRFLOW_CTX_DAG_OWNER='***' AIRFLOW_CTX_DAG_ID='currency_parsing' AIRFLOW_CTX_TASK_ID='create_table' AIRFLOW_CTX_EXECUTION_DATE='2024-01-06T00:00:00+00:00' AIRFLOW_CTX_TRY_NUMBER='1' AIRFLOW_CTX_DAG_RUN_ID='scheduled__2024-01-06T00:00:00+00:00'
[2024-04-14T10:07:18.509+0000] {sql.py:276} INFO - Executing: CREATE TABLE IF NOT EXISTS currency_parsing(
    currency VARCHAR(255) NOT NULL,
    title VARCHAR(255) NOT NULL,
    rate float,
    quantity int,
    index VARCHAR(255),
    change float,
    date date NOT NULL
)
[2024-04-14T10:07:18.577+0000] {base.py:83} INFO - Using connection ID 'dwh' for task execution.
[2024-04-14T10:07:18.953+0000] {base.py:83} INFO - Using connection ID 'dwh' for task execution.
[2024-04-14T10:07:18.966+0000] {sql.py:457} INFO - Running statement: CREATE TABLE IF NOT EXISTS currency_parsing(
    currency VARCHAR(255) NOT NULL,
    title VARCHAR(255) NOT NULL,
    rate float,
    quantity int,
    index VARCHAR(255),
    change float,
    date date NOT NULL
), parameters: None
[2024-04-14T10:07:18.982+0000] {warnings.py:109} WARNING - /home/***/.local/lib/python3.8/site-packages/***/providers/common/sql/hooks/sql.py:407: AirflowProviderDeprecationWarning: Call to deprecated method _make_common_data_structure. (The `_make_serializable` method is deprecated and support will be removed in a future version of the common.sql provider. Please update the DbApiHook's provider to a version based on common.sql >= 1.9.1.)
  result = self._make_common_data_structure(handler(cur))

[2024-04-14T10:07:19.196+0000] {taskinstance.py:1149} INFO - Marking task as SUCCESS. dag_id=currency_parsing, task_id=create_table, execution_date=20240106T000000, start_date=20240414T100714, end_date=20240414T100719
[2024-04-14T10:07:19.679+0000] {local_task_job_runner.py:234} INFO - Task exited with return code 0
[2024-04-14T10:07:20.428+0000] {warnings.py:109} WARNING - /home/***/.local/lib/python3.8/site-packages/***/models/baseoperator.py:1201: AirflowProviderDeprecationWarning: Call to deprecated class PostgresOperator. (Please use `***.providers.common.sql.operators.sql.SQLExecuteQueryOperator`.Also, you can provide `hook_params={'schema': <database>}`.)
  result = cls.__new__(cls)

[2024-04-14T10:07:20.763+0000] {taskinstance.py:3309} INFO - 0 downstream tasks scheduled from follow-on schedule check
[2024-04-21T10:45:07.933+0000] {taskinstance.py:1979} INFO - Dependencies all met for dep_context=non-requeueable deps ti=<TaskInstance: currency_parsing.create_table scheduled__2024-01-06T00:00:00+00:00 [queued]>
[2024-04-21T10:45:08.151+0000] {taskinstance.py:1979} INFO - Dependencies all met for dep_context=requeueable deps ti=<TaskInstance: currency_parsing.create_table scheduled__2024-01-06T00:00:00+00:00 [queued]>
[2024-04-21T10:45:08.156+0000] {taskinstance.py:2193} INFO - Starting attempt 1 of 2
[2024-04-21T10:45:08.467+0000] {taskinstance.py:2214} INFO - Executing <Task(PostgresOperator): create_table> on 2024-01-06 00:00:00+00:00
[2024-04-21T10:45:08.620+0000] {standard_task_runner.py:60} INFO - Started process 385 to run task
[2024-04-21T10:45:08.728+0000] {standard_task_runner.py:87} INFO - Running: ['***', 'tasks', 'run', 'currency_parsing', 'create_table', 'scheduled__2024-01-06T00:00:00+00:00', '--job-id', '1028', '--raw', '--subdir', 'DAGS_FOLDER/stage/currency_parsing.py', '--cfg-path', '/tmp/tmps98obait']
[2024-04-21T10:45:08.829+0000] {standard_task_runner.py:88} INFO - Job 1028: Subtask create_table
[2024-04-21T10:45:09.322+0000] {task_command.py:423} INFO - Running <TaskInstance: currency_parsing.create_table scheduled__2024-01-06T00:00:00+00:00 [running]> on host e671688b1343
[2024-04-21T10:45:10.180+0000] {taskinstance.py:2510} INFO - Exporting env vars: AIRFLOW_CTX_DAG_OWNER='***' AIRFLOW_CTX_DAG_ID='currency_parsing' AIRFLOW_CTX_TASK_ID='create_table' AIRFLOW_CTX_EXECUTION_DATE='2024-01-06T00:00:00+00:00' AIRFLOW_CTX_TRY_NUMBER='1' AIRFLOW_CTX_DAG_RUN_ID='scheduled__2024-01-06T00:00:00+00:00'
[2024-04-21T10:45:10.188+0000] {sql.py:276} INFO - Executing: CREATE TABLE IF NOT EXISTS stage.currency_parsing_pound(
    title VARCHAR(255) NOT NULL,
    rate float,
    date date NOT NULL
);

CREATE TABLE IF NOT EXISTS stage.currency_parsing_usd(
    title VARCHAR(255) NOT NULL,
    rate float,
    date date NOT NULL
);

CREATE TABLE IF NOT EXISTS stage.currency_parsing_rub(
    id VARCHAR(255) NOT NULL,
    NumCode VARCHAR(255) NOT NULL,
    CharCode VARCHAR(255),
    Nominal int,
    Name VARCHAR(255),
    Value float,
    Previous float,
    date date NOT NULL
);

CREATE TABLE IF NOT EXISTS stage.currency_parsing_kzt(
    currency VARCHAR(255) NOT NULL,
    title VARCHAR(255) NOT NULL,
    rate float,
    quantity int,
    index VARCHAR(255),
    change float,
    date date NOT NULL
)
[2024-04-21T10:45:10.317+0000] {base.py:83} INFO - Using connection ID 'dwh' for task execution.
[2024-04-21T10:45:10.442+0000] {base.py:83} INFO - Using connection ID 'dwh' for task execution.
[2024-04-21T10:45:10.468+0000] {sql.py:457} INFO - Running statement: CREATE TABLE IF NOT EXISTS stage.currency_parsing_pound(
    title VARCHAR(255) NOT NULL,
    rate float,
    date date NOT NULL
);

CREATE TABLE IF NOT EXISTS stage.currency_parsing_usd(
    title VARCHAR(255) NOT NULL,
    rate float,
    date date NOT NULL
);

CREATE TABLE IF NOT EXISTS stage.currency_parsing_rub(
    id VARCHAR(255) NOT NULL,
    NumCode VARCHAR(255) NOT NULL,
    CharCode VARCHAR(255),
    Nominal int,
    Name VARCHAR(255),
    Value float,
    Previous float,
    date date NOT NULL
);

CREATE TABLE IF NOT EXISTS stage.currency_parsing_kzt(
    currency VARCHAR(255) NOT NULL,
    title VARCHAR(255) NOT NULL,
    rate float,
    quantity int,
    index VARCHAR(255),
    change float,
    date date NOT NULL
), parameters: None
[2024-04-21T10:45:10.482+0000] {warnings.py:109} WARNING - /home/***/.local/lib/python3.8/site-packages/***/providers/common/sql/hooks/sql.py:407: AirflowProviderDeprecationWarning: Call to deprecated method _make_common_data_structure. (The `_make_serializable` method is deprecated and support will be removed in a future version of the common.sql provider. Please update the DbApiHook's provider to a version based on common.sql >= 1.9.1.)
  result = self._make_common_data_structure(handler(cur))

[2024-04-21T10:45:10.521+0000] {taskinstance.py:1149} INFO - Marking task as SUCCESS. dag_id=currency_parsing, task_id=create_table, execution_date=20240106T000000, start_date=20240421T104507, end_date=20240421T104510
[2024-04-21T10:45:11.195+0000] {local_task_job_runner.py:234} INFO - Task exited with return code 0
[2024-04-21T10:45:11.412+0000] {warnings.py:109} WARNING - /home/***/.local/lib/python3.8/site-packages/***/models/baseoperator.py:1201: AirflowProviderDeprecationWarning: Call to deprecated class PostgresOperator. (Please use `***.providers.common.sql.operators.sql.SQLExecuteQueryOperator`.Also, you can provide `hook_params={'schema': <database>}`.)
  result = cls.__new__(cls)

[2024-04-21T10:45:11.784+0000] {taskinstance.py:3309} INFO - 4 downstream tasks scheduled from follow-on schedule check
