[2024-04-21T11:04:52.491+0000] {taskinstance.py:1979} INFO - Dependencies all met for dep_context=non-requeueable deps ti=<TaskInstance: currency_parsing.fetch_data_rub scheduled__2024-04-05T00:00:00+00:00 [queued]>
[2024-04-21T11:04:52.599+0000] {taskinstance.py:1979} INFO - Dependencies all met for dep_context=requeueable deps ti=<TaskInstance: currency_parsing.fetch_data_rub scheduled__2024-04-05T00:00:00+00:00 [queued]>
[2024-04-21T11:04:52.601+0000] {taskinstance.py:2193} INFO - Starting attempt 1 of 2
[2024-04-21T11:04:52.755+0000] {taskinstance.py:2214} INFO - Executing <Task(PythonOperator): fetch_data_rub> on 2024-04-05 00:00:00+00:00
[2024-04-21T11:04:52.790+0000] {standard_task_runner.py:60} INFO - Started process 2568 to run task
[2024-04-21T11:04:52.834+0000] {standard_task_runner.py:87} INFO - Running: ['***', 'tasks', 'run', 'currency_parsing', 'fetch_data_rub', 'scheduled__2024-04-05T00:00:00+00:00', '--job-id', '2001', '--raw', '--subdir', 'DAGS_FOLDER/stage/currency_parsing.py', '--cfg-path', '/tmp/tmpp8vef200']
[2024-04-21T11:04:52.879+0000] {standard_task_runner.py:88} INFO - Job 2001: Subtask fetch_data_rub
[2024-04-21T11:04:53.424+0000] {task_command.py:423} INFO - Running <TaskInstance: currency_parsing.fetch_data_rub scheduled__2024-04-05T00:00:00+00:00 [running]> on host e671688b1343
[2024-04-21T11:04:54.668+0000] {taskinstance.py:2510} INFO - Exporting env vars: AIRFLOW_CTX_DAG_OWNER='***' AIRFLOW_CTX_DAG_ID='currency_parsing' AIRFLOW_CTX_TASK_ID='fetch_data_rub' AIRFLOW_CTX_EXECUTION_DATE='2024-04-05T00:00:00+00:00' AIRFLOW_CTX_TRY_NUMBER='1' AIRFLOW_CTX_DAG_RUN_ID='scheduled__2024-04-05T00:00:00+00:00'
[2024-04-21T11:04:54.817+0000] {base.py:83} INFO - Using connection ID 'dwh' for task execution.
[2024-04-21T11:04:55.051+0000] {sql.py:572} INFO - Done loading. Loaded a total of 43 rows into stage.currency_parsing_rub
[2024-04-21T11:04:55.056+0000] {python.py:202} INFO - Done. Returned value was: None
[2024-04-21T11:04:55.259+0000] {taskinstance.py:1149} INFO - Marking task as SUCCESS. dag_id=currency_parsing, task_id=fetch_data_rub, execution_date=20240405T000000, start_date=20240421T110452, end_date=20240421T110455
[2024-04-21T11:04:55.750+0000] {local_task_job_runner.py:234} INFO - Task exited with return code 0
[2024-04-21T11:04:56.317+0000] {taskinstance.py:3309} INFO - 0 downstream tasks scheduled from follow-on schedule check
[2024-04-27T12:24:37.744+0000] {taskinstance.py:1979} INFO - Dependencies all met for dep_context=non-requeueable deps ti=<TaskInstance: currency_parsing.fetch_data_rub scheduled__2024-04-05T00:00:00+00:00 [queued]>
[2024-04-27T12:24:37.826+0000] {taskinstance.py:1979} INFO - Dependencies all met for dep_context=requeueable deps ti=<TaskInstance: currency_parsing.fetch_data_rub scheduled__2024-04-05T00:00:00+00:00 [queued]>
[2024-04-27T12:24:37.829+0000] {taskinstance.py:2193} INFO - Starting attempt 1 of 2
[2024-04-27T12:24:37.963+0000] {taskinstance.py:2214} INFO - Executing <Task(PythonOperator): fetch_data_rub> on 2024-04-05 00:00:00+00:00
[2024-04-27T12:24:38.075+0000] {standard_task_runner.py:60} INFO - Started process 2195 to run task
[2024-04-27T12:24:38.144+0000] {standard_task_runner.py:87} INFO - Running: ['***', 'tasks', 'run', 'currency_parsing', 'fetch_data_rub', 'scheduled__2024-04-05T00:00:00+00:00', '--job-id', '2423', '--raw', '--subdir', 'DAGS_FOLDER/stage/currency_parsing.py', '--cfg-path', '/tmp/tmp12ynolgf']
[2024-04-27T12:24:38.183+0000] {standard_task_runner.py:88} INFO - Job 2423: Subtask fetch_data_rub
[2024-04-27T12:24:38.838+0000] {task_command.py:423} INFO - Running <TaskInstance: currency_parsing.fetch_data_rub scheduled__2024-04-05T00:00:00+00:00 [running]> on host 65a8688265d1
[2024-04-27T12:24:39.932+0000] {taskinstance.py:2510} INFO - Exporting env vars: AIRFLOW_CTX_DAG_OWNER='***' AIRFLOW_CTX_DAG_ID='currency_parsing' AIRFLOW_CTX_TASK_ID='fetch_data_rub' AIRFLOW_CTX_EXECUTION_DATE='2024-04-05T00:00:00+00:00' AIRFLOW_CTX_TRY_NUMBER='1' AIRFLOW_CTX_DAG_RUN_ID='scheduled__2024-04-05T00:00:00+00:00'
[2024-04-27T12:24:40.395+0000] {base.py:83} INFO - Using connection ID 'dwh' for task execution.
[2024-04-27T12:24:40.528+0000] {sql.py:572} INFO - Done loading. Loaded a total of 43 rows into stage.currency_parsing_rub
[2024-04-27T12:24:40.529+0000] {python.py:202} INFO - Done. Returned value was: None
[2024-04-27T12:24:40.746+0000] {taskinstance.py:1149} INFO - Marking task as SUCCESS. dag_id=currency_parsing, task_id=fetch_data_rub, execution_date=20240405T000000, start_date=20240427T122437, end_date=20240427T122440
[2024-04-27T12:24:42.184+0000] {local_task_job_runner.py:234} INFO - Task exited with return code 0
[2024-04-27T12:24:42.267+0000] {warnings.py:109} WARNING - /home/***/.local/lib/python3.8/site-packages/***/models/baseoperator.py:1201: AirflowProviderDeprecationWarning: Call to deprecated class PostgresOperator. (Please use `***.providers.common.sql.operators.sql.SQLExecuteQueryOperator`.Also, you can provide `hook_params={'schema': <database>}`.)
  result = cls.__new__(cls)

[2024-04-27T12:24:42.376+0000] {taskinstance.py:3309} INFO - 0 downstream tasks scheduled from follow-on schedule check
