[2024-04-14T08:56:30.649+0000] {taskinstance.py:1979} INFO - Dependencies all met for dep_context=non-requeueable deps ti=<TaskInstance: currency_parsing.fetch_data scheduled__2024-04-07T00:00:00+00:00 [queued]>
[2024-04-14T08:56:30.738+0000] {taskinstance.py:1979} INFO - Dependencies all met for dep_context=requeueable deps ti=<TaskInstance: currency_parsing.fetch_data scheduled__2024-04-07T00:00:00+00:00 [queued]>
[2024-04-14T08:56:30.746+0000] {taskinstance.py:2193} INFO - Starting attempt 1 of 2
[2024-04-14T08:56:31.176+0000] {taskinstance.py:2214} INFO - Executing <Task(PythonOperator): fetch_data> on 2024-04-07 00:00:00+00:00
[2024-04-14T08:56:31.185+0000] {standard_task_runner.py:60} INFO - Started process 1446 to run task
[2024-04-14T08:56:31.227+0000] {standard_task_runner.py:87} INFO - Running: ['***', 'tasks', 'run', 'currency_parsing', 'fetch_data', 'scheduled__2024-04-07T00:00:00+00:00', '--job-id', '465', '--raw', '--subdir', 'DAGS_FOLDER/currency_parsing.py', '--cfg-path', '/tmp/tmpjyc5xefk']
[2024-04-14T08:56:31.291+0000] {standard_task_runner.py:88} INFO - Job 465: Subtask fetch_data
[2024-04-14T08:56:31.743+0000] {task_command.py:423} INFO - Running <TaskInstance: currency_parsing.fetch_data scheduled__2024-04-07T00:00:00+00:00 [running]> on host e8a1e0443283
[2024-04-14T08:56:32.204+0000] {taskinstance.py:2510} INFO - Exporting env vars: AIRFLOW_CTX_DAG_OWNER='***' AIRFLOW_CTX_DAG_ID='currency_parsing' AIRFLOW_CTX_TASK_ID='fetch_data' AIRFLOW_CTX_EXECUTION_DATE='2024-04-07T00:00:00+00:00' AIRFLOW_CTX_TRY_NUMBER='1' AIRFLOW_CTX_DAG_RUN_ID='scheduled__2024-04-07T00:00:00+00:00'
[2024-04-14T08:56:32.356+0000] {base.py:83} INFO - Using connection ID 'dwh' for task execution.
[2024-04-14T08:56:32.491+0000] {sql.py:572} INFO - Done loading. Loaded a total of 39 rows into currency_parsing
[2024-04-14T08:56:32.495+0000] {python.py:202} INFO - Done. Returned value was: None
[2024-04-14T08:56:32.560+0000] {taskinstance.py:1149} INFO - Marking task as SUCCESS. dag_id=currency_parsing, task_id=fetch_data, execution_date=20240407T000000, start_date=20240414T085630, end_date=20240414T085632
[2024-04-14T08:56:32.676+0000] {local_task_job_runner.py:234} INFO - Task exited with return code 0
[2024-04-14T08:56:32.820+0000] {taskinstance.py:3309} INFO - 0 downstream tasks scheduled from follow-on schedule check
[2024-04-14T10:12:56.866+0000] {taskinstance.py:1979} INFO - Dependencies all met for dep_context=non-requeueable deps ti=<TaskInstance: currency_parsing.fetch_data scheduled__2024-04-07T00:00:00+00:00 [queued]>
[2024-04-14T10:12:56.889+0000] {taskinstance.py:1979} INFO - Dependencies all met for dep_context=requeueable deps ti=<TaskInstance: currency_parsing.fetch_data scheduled__2024-04-07T00:00:00+00:00 [queued]>
[2024-04-14T10:12:56.894+0000] {taskinstance.py:2193} INFO - Starting attempt 1 of 2
[2024-04-14T10:12:57.056+0000] {taskinstance.py:2214} INFO - Executing <Task(PythonOperator): fetch_data> on 2024-04-07 00:00:00+00:00
[2024-04-14T10:12:57.068+0000] {standard_task_runner.py:60} INFO - Started process 763 to run task
[2024-04-14T10:12:57.100+0000] {standard_task_runner.py:87} INFO - Running: ['***', 'tasks', 'run', 'currency_parsing', 'fetch_data', 'scheduled__2024-04-07T00:00:00+00:00', '--job-id', '778', '--raw', '--subdir', 'DAGS_FOLDER/currency_parsing.py', '--cfg-path', '/tmp/tmp8sn1wjok']
[2024-04-14T10:12:57.107+0000] {standard_task_runner.py:88} INFO - Job 778: Subtask fetch_data
[2024-04-14T10:12:57.353+0000] {task_command.py:423} INFO - Running <TaskInstance: currency_parsing.fetch_data scheduled__2024-04-07T00:00:00+00:00 [running]> on host 1c15aab9396c
[2024-04-14T10:12:57.697+0000] {taskinstance.py:2510} INFO - Exporting env vars: AIRFLOW_CTX_DAG_OWNER='***' AIRFLOW_CTX_DAG_ID='currency_parsing' AIRFLOW_CTX_TASK_ID='fetch_data' AIRFLOW_CTX_EXECUTION_DATE='2024-04-07T00:00:00+00:00' AIRFLOW_CTX_TRY_NUMBER='1' AIRFLOW_CTX_DAG_RUN_ID='scheduled__2024-04-07T00:00:00+00:00'
[2024-04-14T10:12:57.776+0000] {base.py:83} INFO - Using connection ID 'dwh' for task execution.
[2024-04-14T10:12:57.822+0000] {sql.py:572} INFO - Done loading. Loaded a total of 39 rows into currency_parsing
[2024-04-14T10:12:57.823+0000] {python.py:202} INFO - Done. Returned value was: None
[2024-04-14T10:12:57.844+0000] {taskinstance.py:1149} INFO - Marking task as SUCCESS. dag_id=currency_parsing, task_id=fetch_data, execution_date=20240407T000000, start_date=20240414T101256, end_date=20240414T101257
[2024-04-14T10:12:57.890+0000] {local_task_job_runner.py:234} INFO - Task exited with return code 0
[2024-04-14T10:12:57.945+0000] {taskinstance.py:3309} INFO - 0 downstream tasks scheduled from follow-on schedule check
