[2024-04-14T08:59:59.804+0000] {taskinstance.py:1979} INFO - Dependencies all met for dep_context=non-requeueable deps ti=<TaskInstance: kolesa_dag_2.create_table manual__2024-04-14T08:54:51.288059+00:00 [queued]>
[2024-04-14T08:59:59.818+0000] {taskinstance.py:1979} INFO - Dependencies all met for dep_context=requeueable deps ti=<TaskInstance: kolesa_dag_2.create_table manual__2024-04-14T08:54:51.288059+00:00 [queued]>
[2024-04-14T08:59:59.819+0000] {taskinstance.py:2193} INFO - Starting attempt 2 of 2
[2024-04-14T08:59:59.842+0000] {taskinstance.py:2214} INFO - Executing <Task(PostgresOperator): create_table> on 2024-04-14 08:54:51.288059+00:00
[2024-04-14T08:59:59.849+0000] {standard_task_runner.py:60} INFO - Started process 1512 to run task
[2024-04-14T08:59:59.854+0000] {standard_task_runner.py:87} INFO - Running: ['***', 'tasks', 'run', 'kolesa_dag_2', 'create_table', 'manual__2024-04-14T08:54:51.288059+00:00', '--job-id', '475', '--raw', '--subdir', 'DAGS_FOLDER/kolesa_from_csv.py', '--cfg-path', '/tmp/tmp5g1its58']
[2024-04-14T08:59:59.858+0000] {standard_task_runner.py:88} INFO - Job 475: Subtask create_table
[2024-04-14T08:59:59.943+0000] {task_command.py:423} INFO - Running <TaskInstance: kolesa_dag_2.create_table manual__2024-04-14T08:54:51.288059+00:00 [running]> on host e8a1e0443283
[2024-04-14T09:00:00.310+0000] {taskinstance.py:2510} INFO - Exporting env vars: AIRFLOW_CTX_DAG_OWNER='***' AIRFLOW_CTX_DAG_ID='kolesa_dag_2' AIRFLOW_CTX_TASK_ID='create_table' AIRFLOW_CTX_EXECUTION_DATE='2024-04-14T08:54:51.288059+00:00' AIRFLOW_CTX_TRY_NUMBER='2' AIRFLOW_CTX_DAG_RUN_ID='manual__2024-04-14T08:54:51.288059+00:00'
[2024-04-14T09:00:00.312+0000] {sql.py:276} INFO - Executing: CREATE TABLE IF NOT EXISTS kolesa_parsing(
    mark VARCHAR(255) NOT NULL,
    model VARCHAR(255) NOT NULL,
    year INT,
    price decimal,
    description VARCHAR(2000),
    city VARCHAR(255),
    generation VARCHAR(255),
    body VARCHAR(255),
    engine_volume decimal,
    mileage decimal,
    unit VARCHAR(255),
    transmission VARCHAR(255),
    drive_unit VARCHAR(255),
    steering_wheel VARCHAR(255),
    color VARCHAR(255),
    is_customized BOOLEAN
)
[2024-04-14T09:00:00.328+0000] {base.py:83} INFO - Using connection ID 'dwh' for task execution.
[2024-04-14T09:00:00.339+0000] {base.py:83} INFO - Using connection ID 'dwh' for task execution.
[2024-04-14T09:00:00.345+0000] {sql.py:457} INFO - Running statement: CREATE TABLE IF NOT EXISTS kolesa_parsing(
    mark VARCHAR(255) NOT NULL,
    model VARCHAR(255) NOT NULL,
    year INT,
    price decimal,
    description VARCHAR(2000),
    city VARCHAR(255),
    generation VARCHAR(255),
    body VARCHAR(255),
    engine_volume decimal,
    mileage decimal,
    unit VARCHAR(255),
    transmission VARCHAR(255),
    drive_unit VARCHAR(255),
    steering_wheel VARCHAR(255),
    color VARCHAR(255),
    is_customized BOOLEAN
), parameters: None
[2024-04-14T09:00:00.373+0000] {warnings.py:109} WARNING - /home/***/.local/lib/python3.8/site-packages/***/providers/common/sql/hooks/sql.py:407: AirflowProviderDeprecationWarning: Call to deprecated method _make_common_data_structure. (The `_make_serializable` method is deprecated and support will be removed in a future version of the common.sql provider. Please update the DbApiHook's provider to a version based on common.sql >= 1.9.1.)
  result = self._make_common_data_structure(handler(cur))

[2024-04-14T09:00:00.389+0000] {taskinstance.py:1149} INFO - Marking task as SUCCESS. dag_id=kolesa_dag_2, task_id=create_table, execution_date=20240414T085451, start_date=20240414T085959, end_date=20240414T090000
[2024-04-14T09:00:00.428+0000] {local_task_job_runner.py:234} INFO - Task exited with return code 0
[2024-04-14T09:00:00.446+0000] {warnings.py:109} WARNING - /home/***/.local/lib/python3.8/site-packages/***/models/baseoperator.py:1201: AirflowProviderDeprecationWarning: Call to deprecated class PostgresOperator. (Please use `***.providers.common.sql.operators.sql.SQLExecuteQueryOperator`.Also, you can provide `hook_params={'schema': <database>}`.)
  result = cls.__new__(cls)

[2024-04-14T09:00:00.474+0000] {taskinstance.py:3309} INFO - 1 downstream tasks scheduled from follow-on schedule check
