[2024-04-14T08:56:36.178+0000] {taskinstance.py:1979} INFO - Dependencies all met for dep_context=non-requeueable deps ti=<TaskInstance: currency_parsing.fetch_data scheduled__2024-04-09T00:00:00+00:00 [queued]>
[2024-04-14T08:56:36.218+0000] {taskinstance.py:1979} INFO - Dependencies all met for dep_context=requeueable deps ti=<TaskInstance: currency_parsing.fetch_data scheduled__2024-04-09T00:00:00+00:00 [queued]>
[2024-04-14T08:56:36.221+0000] {taskinstance.py:2193} INFO - Starting attempt 1 of 2
[2024-04-14T08:56:36.263+0000] {taskinstance.py:2214} INFO - Executing <Task(PythonOperator): fetch_data> on 2024-04-09 00:00:00+00:00
[2024-04-14T08:56:36.273+0000] {standard_task_runner.py:60} INFO - Started process 1463 to run task
[2024-04-14T08:56:36.286+0000] {standard_task_runner.py:87} INFO - Running: ['***', 'tasks', 'run', 'currency_parsing', 'fetch_data', 'scheduled__2024-04-09T00:00:00+00:00', '--job-id', '471', '--raw', '--subdir', 'DAGS_FOLDER/currency_parsing.py', '--cfg-path', '/tmp/tmp016hflx3']
[2024-04-14T08:56:36.292+0000] {standard_task_runner.py:88} INFO - Job 471: Subtask fetch_data
[2024-04-14T08:56:36.577+0000] {task_command.py:423} INFO - Running <TaskInstance: currency_parsing.fetch_data scheduled__2024-04-09T00:00:00+00:00 [running]> on host e8a1e0443283
[2024-04-14T08:56:36.898+0000] {taskinstance.py:2510} INFO - Exporting env vars: AIRFLOW_CTX_DAG_OWNER='***' AIRFLOW_CTX_DAG_ID='currency_parsing' AIRFLOW_CTX_TASK_ID='fetch_data' AIRFLOW_CTX_EXECUTION_DATE='2024-04-09T00:00:00+00:00' AIRFLOW_CTX_TRY_NUMBER='1' AIRFLOW_CTX_DAG_RUN_ID='scheduled__2024-04-09T00:00:00+00:00'
[2024-04-14T08:56:36.988+0000] {base.py:83} INFO - Using connection ID 'dwh' for task execution.
[2024-04-14T08:56:37.025+0000] {sql.py:572} INFO - Done loading. Loaded a total of 39 rows into currency_parsing
[2024-04-14T08:56:37.026+0000] {python.py:202} INFO - Done. Returned value was: None
[2024-04-14T08:56:37.057+0000] {taskinstance.py:1149} INFO - Marking task as SUCCESS. dag_id=currency_parsing, task_id=fetch_data, execution_date=20240409T000000, start_date=20240414T085636, end_date=20240414T085637
[2024-04-14T08:56:37.127+0000] {local_task_job_runner.py:234} INFO - Task exited with return code 0
[2024-04-14T08:56:37.172+0000] {taskinstance.py:3309} INFO - 0 downstream tasks scheduled from follow-on schedule check
[2024-04-14T10:12:56.149+0000] {taskinstance.py:1979} INFO - Dependencies all met for dep_context=non-requeueable deps ti=<TaskInstance: currency_parsing.fetch_data scheduled__2024-04-09T00:00:00+00:00 [queued]>
[2024-04-14T10:12:56.270+0000] {taskinstance.py:1979} INFO - Dependencies all met for dep_context=requeueable deps ti=<TaskInstance: currency_parsing.fetch_data scheduled__2024-04-09T00:00:00+00:00 [queued]>
[2024-04-14T10:12:56.294+0000] {taskinstance.py:2193} INFO - Starting attempt 1 of 2
[2024-04-14T10:12:56.500+0000] {taskinstance.py:2214} INFO - Executing <Task(PythonOperator): fetch_data> on 2024-04-09 00:00:00+00:00
[2024-04-14T10:12:56.554+0000] {standard_task_runner.py:60} INFO - Started process 761 to run task
[2024-04-14T10:12:56.592+0000] {standard_task_runner.py:87} INFO - Running: ['***', 'tasks', 'run', 'currency_parsing', 'fetch_data', 'scheduled__2024-04-09T00:00:00+00:00', '--job-id', '777', '--raw', '--subdir', 'DAGS_FOLDER/currency_parsing.py', '--cfg-path', '/tmp/tmpwbydocp0']
[2024-04-14T10:12:56.614+0000] {standard_task_runner.py:88} INFO - Job 777: Subtask fetch_data
[2024-04-14T10:12:56.974+0000] {task_command.py:423} INFO - Running <TaskInstance: currency_parsing.fetch_data scheduled__2024-04-09T00:00:00+00:00 [running]> on host 1c15aab9396c
[2024-04-14T10:12:57.514+0000] {taskinstance.py:2510} INFO - Exporting env vars: AIRFLOW_CTX_DAG_OWNER='***' AIRFLOW_CTX_DAG_ID='currency_parsing' AIRFLOW_CTX_TASK_ID='fetch_data' AIRFLOW_CTX_EXECUTION_DATE='2024-04-09T00:00:00+00:00' AIRFLOW_CTX_TRY_NUMBER='1' AIRFLOW_CTX_DAG_RUN_ID='scheduled__2024-04-09T00:00:00+00:00'
[2024-04-14T10:12:57.604+0000] {base.py:83} INFO - Using connection ID 'dwh' for task execution.
[2024-04-14T10:12:57.654+0000] {sql.py:572} INFO - Done loading. Loaded a total of 39 rows into currency_parsing
[2024-04-14T10:12:57.655+0000] {python.py:202} INFO - Done. Returned value was: None
[2024-04-14T10:12:57.680+0000] {taskinstance.py:1149} INFO - Marking task as SUCCESS. dag_id=currency_parsing, task_id=fetch_data, execution_date=20240409T000000, start_date=20240414T101256, end_date=20240414T101257
[2024-04-14T10:12:57.755+0000] {local_task_job_runner.py:234} INFO - Task exited with return code 0
[2024-04-14T10:12:57.800+0000] {taskinstance.py:3309} INFO - 0 downstream tasks scheduled from follow-on schedule check
