[2024-04-21T11:04:30.239+0000] {taskinstance.py:1979} INFO - Dependencies all met for dep_context=non-requeueable deps ti=<TaskInstance: currency_parsing.get_data_usd scheduled__2024-04-08T00:00:00+00:00 [queued]>
[2024-04-21T11:04:30.310+0000] {taskinstance.py:1979} INFO - Dependencies all met for dep_context=requeueable deps ti=<TaskInstance: currency_parsing.get_data_usd scheduled__2024-04-08T00:00:00+00:00 [queued]>
[2024-04-21T11:04:30.318+0000] {taskinstance.py:2193} INFO - Starting attempt 1 of 2
[2024-04-21T11:04:30.452+0000] {taskinstance.py:2214} INFO - Executing <Task(PythonOperator): get_data_usd> on 2024-04-08 00:00:00+00:00
[2024-04-21T11:04:30.465+0000] {standard_task_runner.py:60} INFO - Started process 2523 to run task
[2024-04-21T11:04:30.496+0000] {standard_task_runner.py:87} INFO - Running: ['***', 'tasks', 'run', 'currency_parsing', 'get_data_usd', 'scheduled__2024-04-08T00:00:00+00:00', '--job-id', '1983', '--raw', '--subdir', 'DAGS_FOLDER/stage/currency_parsing.py', '--cfg-path', '/tmp/tmp5od020g0']
[2024-04-21T11:04:30.512+0000] {standard_task_runner.py:88} INFO - Job 1983: Subtask get_data_usd
[2024-04-21T11:04:30.890+0000] {task_command.py:423} INFO - Running <TaskInstance: currency_parsing.get_data_usd scheduled__2024-04-08T00:00:00+00:00 [running]> on host e671688b1343
[2024-04-21T11:04:31.205+0000] {warnings.py:109} WARNING - /home/***/.local/lib/python3.8/site-packages/***/utils/context.py:207: AirflowContextDeprecationWarning: Accessing 'execution_date' from the template is deprecated and will be removed in a future version. Please use 'data_interval_start' or 'logical_date' instead.
  warnings.warn(_create_deprecation_warning(key, self._deprecation_replacements[key]))

[2024-04-21T11:04:31.661+0000] {taskinstance.py:2510} INFO - Exporting env vars: AIRFLOW_CTX_DAG_OWNER='***' AIRFLOW_CTX_DAG_ID='currency_parsing' AIRFLOW_CTX_TASK_ID='get_data_usd' AIRFLOW_CTX_EXECUTION_DATE='2024-04-08T00:00:00+00:00' AIRFLOW_CTX_TRY_NUMBER='1' AIRFLOW_CTX_DAG_RUN_ID='scheduled__2024-04-08T00:00:00+00:00'
[2024-04-21T11:04:32.494+0000] {python.py:202} INFO - Done. Returned value was: ([['AUD', 1.5215201946, '2024-4-7'], ['BGN', 1.7986702846, '2024-4-7'], ['BRL', 5.0678905972, '2024-4-7'], ['CAD', 1.3601802266, '2024-4-7'], ['CHF', 0.9028701331, '2024-4-7'], ['CNY', 7.2346912018, '2024-4-7'], ['CZK', 23.3379529605, '2024-4-7'], ['DKK', 6.8842112902, '2024-4-7'], ['EUR', 0.922800174, '2024-4-7'], ['GBP', 0.7919601282, '2024-4-7'], ['HKD', 7.8249808227, '2024-4-7'], ['HRK', 6.7043313121, '2024-4-7'], ['HUF', 359.3305315254, '2024-4-7'], ['IDR', 15859.397684175, '2024-4-7'], ['ILS', 3.7526505142, '2024-4-7'], ['INR', 83.304699839, '2024-4-7'], ['ISK', 138.7799359019, '2024-4-7'], ['JPY', 151.6532372439, '2024-4-7'], ['KRW', 1349.5793150492, '2024-4-7'], ['MXN', 16.4528119141, '2024-4-7'], ['MYR', 4.7471705871, '2024-4-7'], ['NOK', 10.7495114753, '2024-4-7'], ['NZD', 1.6651602811, '2024-4-7'], ['PHP', 56.5287675285, '2024-4-7'], ['PLN', 3.9506904276, '2024-4-7'], ['RON', 4.583730864, '2024-4-7'], ['RUB', 92.5943978468, '2024-4-7'], ['SEK', 10.6454519916, '2024-4-7'], ['SGD', 1.3492101919, '2024-4-7'], ['THB', 36.6499343814, '2024-4-7'], ['TRY', 31.9219346033, '2024-4-7'], ['USD', 1, '2024-4-7'], ['ZAR', 18.7061726305, '2024-4-7']], ['title', 'rate', 'date'])
[2024-04-21T11:04:32.657+0000] {taskinstance.py:1149} INFO - Marking task as SUCCESS. dag_id=currency_parsing, task_id=get_data_usd, execution_date=20240408T000000, start_date=20240421T110430, end_date=20240421T110432
[2024-04-21T11:04:32.862+0000] {local_task_job_runner.py:234} INFO - Task exited with return code 0
[2024-04-21T11:04:33.156+0000] {taskinstance.py:3309} INFO - 1 downstream tasks scheduled from follow-on schedule check
[2024-04-27T12:19:18.865+0000] {taskinstance.py:1979} INFO - Dependencies all met for dep_context=non-requeueable deps ti=<TaskInstance: currency_parsing.get_data_usd scheduled__2024-04-08T00:00:00+00:00 [queued]>
[2024-04-27T12:19:19.159+0000] {taskinstance.py:1979} INFO - Dependencies all met for dep_context=requeueable deps ti=<TaskInstance: currency_parsing.get_data_usd scheduled__2024-04-08T00:00:00+00:00 [queued]>
[2024-04-27T12:19:19.265+0000] {taskinstance.py:2193} INFO - Starting attempt 1 of 2
[2024-04-27T12:19:25.493+0000] {taskinstance.py:2214} INFO - Executing <Task(PythonOperator): get_data_usd> on 2024-04-08 00:00:00+00:00
[2024-04-27T12:19:26.433+0000] {standard_task_runner.py:60} INFO - Started process 1926 to run task
[2024-04-27T12:19:26.643+0000] {standard_task_runner.py:87} INFO - Running: ['***', 'tasks', 'run', 'currency_parsing', 'get_data_usd', 'scheduled__2024-04-08T00:00:00+00:00', '--job-id', '2319', '--raw', '--subdir', 'DAGS_FOLDER/stage/currency_parsing.py', '--cfg-path', '/tmp/tmpj4u66p5z']
[2024-04-27T12:19:26.804+0000] {standard_task_runner.py:88} INFO - Job 2319: Subtask get_data_usd
[2024-04-27T12:19:32.216+0000] {task_command.py:423} INFO - Running <TaskInstance: currency_parsing.get_data_usd scheduled__2024-04-08T00:00:00+00:00 [running]> on host 65a8688265d1
[2024-04-27T12:19:37.298+0000] {warnings.py:109} WARNING - /home/***/.local/lib/python3.8/site-packages/***/utils/context.py:207: AirflowContextDeprecationWarning: Accessing 'execution_date' from the template is deprecated and will be removed in a future version. Please use 'data_interval_start' or 'logical_date' instead.
  warnings.warn(_create_deprecation_warning(key, self._deprecation_replacements[key]))

[2024-04-27T12:19:39.729+0000] {taskinstance.py:2510} INFO - Exporting env vars: AIRFLOW_CTX_DAG_OWNER='***' AIRFLOW_CTX_DAG_ID='currency_parsing' AIRFLOW_CTX_TASK_ID='get_data_usd' AIRFLOW_CTX_EXECUTION_DATE='2024-04-08T00:00:00+00:00' AIRFLOW_CTX_TRY_NUMBER='1' AIRFLOW_CTX_DAG_RUN_ID='scheduled__2024-04-08T00:00:00+00:00'
[2024-04-27T12:19:53.965+0000] {python.py:202} INFO - Done. Returned value was: ([['AUD', 1.5215201946, '2024-4-7'], ['BGN', 1.7986702846, '2024-4-7'], ['BRL', 5.0678905972, '2024-4-7'], ['CAD', 1.3601802266, '2024-4-7'], ['CHF', 0.9028701331, '2024-4-7'], ['CNY', 7.2346912018, '2024-4-7'], ['CZK', 23.3379529605, '2024-4-7'], ['DKK', 6.8842112902, '2024-4-7'], ['EUR', 0.922800174, '2024-4-7'], ['GBP', 0.7919601282, '2024-4-7'], ['HKD', 7.8249808227, '2024-4-7'], ['HRK', 6.7043313121, '2024-4-7'], ['HUF', 359.3305315254, '2024-4-7'], ['IDR', 15859.397684175, '2024-4-7'], ['ILS', 3.7526505142, '2024-4-7'], ['INR', 83.304699839, '2024-4-7'], ['ISK', 138.7799359019, '2024-4-7'], ['JPY', 151.6532372439, '2024-4-7'], ['KRW', 1349.5793150492, '2024-4-7'], ['MXN', 16.4528119141, '2024-4-7'], ['MYR', 4.7471705871, '2024-4-7'], ['NOK', 10.7495114753, '2024-4-7'], ['NZD', 1.6651602811, '2024-4-7'], ['PHP', 56.5287675285, '2024-4-7'], ['PLN', 3.9506904276, '2024-4-7'], ['RON', 4.583730864, '2024-4-7'], ['RUB', 92.5943978468, '2024-4-7'], ['SEK', 10.6454519916, '2024-4-7'], ['SGD', 1.3492101919, '2024-4-7'], ['THB', 36.6499343814, '2024-4-7'], ['TRY', 31.9219346033, '2024-4-7'], ['USD', 1, '2024-4-7'], ['ZAR', 18.7061726305, '2024-4-7']], ['title', 'rate', 'date'])
[2024-04-27T12:19:56.015+0000] {taskinstance.py:1149} INFO - Marking task as SUCCESS. dag_id=currency_parsing, task_id=get_data_usd, execution_date=20240408T000000, start_date=20240427T121918, end_date=20240427T121956
[2024-04-27T12:19:57.480+0000] {local_task_job_runner.py:234} INFO - Task exited with return code 0
[2024-04-27T12:19:57.634+0000] {warnings.py:109} WARNING - /home/***/.local/lib/python3.8/site-packages/***/models/baseoperator.py:1201: AirflowProviderDeprecationWarning: Call to deprecated class PostgresOperator. (Please use `***.providers.common.sql.operators.sql.SQLExecuteQueryOperator`.Also, you can provide `hook_params={'schema': <database>}`.)
  result = cls.__new__(cls)

[2024-04-27T12:19:58.769+0000] {taskinstance.py:3309} INFO - 1 downstream tasks scheduled from follow-on schedule check
