[2024-04-21T11:06:30.515+0000] {taskinstance.py:1979} INFO - Dependencies all met for dep_context=non-requeueable deps ti=<TaskInstance: currency_parsing.fetch_data_rub scheduled__2024-04-17T00:00:00+00:00 [queued]>
[2024-04-21T11:06:30.582+0000] {taskinstance.py:1979} INFO - Dependencies all met for dep_context=requeueable deps ti=<TaskInstance: currency_parsing.fetch_data_rub scheduled__2024-04-17T00:00:00+00:00 [queued]>
[2024-04-21T11:06:30.626+0000] {taskinstance.py:2193} INFO - Starting attempt 1 of 2
[2024-04-21T11:06:31.008+0000] {taskinstance.py:2214} INFO - Executing <Task(PythonOperator): fetch_data_rub> on 2024-04-17 00:00:00+00:00
[2024-04-21T11:06:31.091+0000] {standard_task_runner.py:60} INFO - Started process 2793 to run task
[2024-04-21T11:06:31.185+0000] {standard_task_runner.py:87} INFO - Running: ['***', 'tasks', 'run', 'currency_parsing', 'fetch_data_rub', 'scheduled__2024-04-17T00:00:00+00:00', '--job-id', '2105', '--raw', '--subdir', 'DAGS_FOLDER/stage/currency_parsing.py', '--cfg-path', '/tmp/tmpabtrb8js']
[2024-04-21T11:06:31.285+0000] {standard_task_runner.py:88} INFO - Job 2105: Subtask fetch_data_rub
[2024-04-21T11:06:32.084+0000] {task_command.py:423} INFO - Running <TaskInstance: currency_parsing.fetch_data_rub scheduled__2024-04-17T00:00:00+00:00 [running]> on host e671688b1343
[2024-04-21T11:06:33.991+0000] {taskinstance.py:2510} INFO - Exporting env vars: AIRFLOW_CTX_DAG_OWNER='***' AIRFLOW_CTX_DAG_ID='currency_parsing' AIRFLOW_CTX_TASK_ID='fetch_data_rub' AIRFLOW_CTX_EXECUTION_DATE='2024-04-17T00:00:00+00:00' AIRFLOW_CTX_TRY_NUMBER='1' AIRFLOW_CTX_DAG_RUN_ID='scheduled__2024-04-17T00:00:00+00:00'
[2024-04-21T11:06:34.240+0000] {base.py:83} INFO - Using connection ID 'dwh' for task execution.
[2024-04-21T11:06:34.277+0000] {sql.py:572} INFO - Done loading. Loaded a total of 43 rows into stage.currency_parsing_rub
[2024-04-21T11:06:34.279+0000] {python.py:202} INFO - Done. Returned value was: None
[2024-04-21T11:06:34.323+0000] {taskinstance.py:1149} INFO - Marking task as SUCCESS. dag_id=currency_parsing, task_id=fetch_data_rub, execution_date=20240417T000000, start_date=20240421T110630, end_date=20240421T110634
[2024-04-21T11:06:34.718+0000] {local_task_job_runner.py:234} INFO - Task exited with return code 0
[2024-04-21T11:06:34.830+0000] {taskinstance.py:3309} INFO - 0 downstream tasks scheduled from follow-on schedule check
[2024-04-27T12:25:48.104+0000] {taskinstance.py:1979} INFO - Dependencies all met for dep_context=non-requeueable deps ti=<TaskInstance: currency_parsing.fetch_data_rub scheduled__2024-04-17T00:00:00+00:00 [queued]>
[2024-04-27T12:25:48.336+0000] {taskinstance.py:1979} INFO - Dependencies all met for dep_context=requeueable deps ti=<TaskInstance: currency_parsing.fetch_data_rub scheduled__2024-04-17T00:00:00+00:00 [queued]>
[2024-04-27T12:25:48.345+0000] {taskinstance.py:2193} INFO - Starting attempt 1 of 2
[2024-04-27T12:25:49.344+0000] {taskinstance.py:2214} INFO - Executing <Task(PythonOperator): fetch_data_rub> on 2024-04-17 00:00:00+00:00
[2024-04-27T12:25:49.456+0000] {standard_task_runner.py:60} INFO - Started process 2277 to run task
[2024-04-27T12:25:49.611+0000] {standard_task_runner.py:87} INFO - Running: ['***', 'tasks', 'run', 'currency_parsing', 'fetch_data_rub', 'scheduled__2024-04-17T00:00:00+00:00', '--job-id', '2453', '--raw', '--subdir', 'DAGS_FOLDER/stage/currency_parsing.py', '--cfg-path', '/tmp/tmpbrukw99b']
[2024-04-27T12:25:49.691+0000] {standard_task_runner.py:88} INFO - Job 2453: Subtask fetch_data_rub
[2024-04-27T12:25:50.377+0000] {task_command.py:423} INFO - Running <TaskInstance: currency_parsing.fetch_data_rub scheduled__2024-04-17T00:00:00+00:00 [running]> on host 65a8688265d1
[2024-04-27T12:25:52.334+0000] {taskinstance.py:2510} INFO - Exporting env vars: AIRFLOW_CTX_DAG_OWNER='***' AIRFLOW_CTX_DAG_ID='currency_parsing' AIRFLOW_CTX_TASK_ID='fetch_data_rub' AIRFLOW_CTX_EXECUTION_DATE='2024-04-17T00:00:00+00:00' AIRFLOW_CTX_TRY_NUMBER='1' AIRFLOW_CTX_DAG_RUN_ID='scheduled__2024-04-17T00:00:00+00:00'
[2024-04-27T12:25:52.758+0000] {base.py:83} INFO - Using connection ID 'dwh' for task execution.
[2024-04-27T12:25:53.438+0000] {sql.py:572} INFO - Done loading. Loaded a total of 43 rows into stage.currency_parsing_rub
[2024-04-27T12:25:53.443+0000] {python.py:202} INFO - Done. Returned value was: None
[2024-04-27T12:25:53.567+0000] {taskinstance.py:1149} INFO - Marking task as SUCCESS. dag_id=currency_parsing, task_id=fetch_data_rub, execution_date=20240417T000000, start_date=20240427T122548, end_date=20240427T122553
[2024-04-27T12:25:53.687+0000] {local_task_job_runner.py:234} INFO - Task exited with return code 0
[2024-04-27T12:25:53.928+0000] {warnings.py:109} WARNING - /home/***/.local/lib/python3.8/site-packages/***/models/baseoperator.py:1201: AirflowProviderDeprecationWarning: Call to deprecated class PostgresOperator. (Please use `***.providers.common.sql.operators.sql.SQLExecuteQueryOperator`.Also, you can provide `hook_params={'schema': <database>}`.)
  result = cls.__new__(cls)

[2024-04-27T12:25:54.431+0000] {taskinstance.py:3309} INFO - 0 downstream tasks scheduled from follow-on schedule check
