[2024-04-14T08:53:46.046+0000] {taskinstance.py:1979} INFO - Dependencies all met for dep_context=non-requeueable deps ti=<TaskInstance: currency_parsing.fetch_data scheduled__2024-02-22T00:00:00+00:00 [queued]>
[2024-04-14T08:53:46.227+0000] {taskinstance.py:1979} INFO - Dependencies all met for dep_context=requeueable deps ti=<TaskInstance: currency_parsing.fetch_data scheduled__2024-02-22T00:00:00+00:00 [queued]>
[2024-04-14T08:53:46.235+0000] {taskinstance.py:2193} INFO - Starting attempt 1 of 2
[2024-04-14T08:53:46.417+0000] {taskinstance.py:2214} INFO - Executing <Task(PythonOperator): fetch_data> on 2024-02-22 00:00:00+00:00
[2024-04-14T08:53:46.465+0000] {standard_task_runner.py:60} INFO - Started process 1183 to run task
[2024-04-14T08:53:46.480+0000] {standard_task_runner.py:87} INFO - Running: ['***', 'tasks', 'run', 'currency_parsing', 'fetch_data', 'scheduled__2024-02-22T00:00:00+00:00', '--job-id', '350', '--raw', '--subdir', 'DAGS_FOLDER/currency_parsing.py', '--cfg-path', '/tmp/tmpi842u9jz']
[2024-04-14T08:53:46.525+0000] {standard_task_runner.py:88} INFO - Job 350: Subtask fetch_data
[2024-04-14T08:53:47.292+0000] {task_command.py:423} INFO - Running <TaskInstance: currency_parsing.fetch_data scheduled__2024-02-22T00:00:00+00:00 [running]> on host e8a1e0443283
[2024-04-14T08:53:48.852+0000] {taskinstance.py:2510} INFO - Exporting env vars: AIRFLOW_CTX_DAG_OWNER='***' AIRFLOW_CTX_DAG_ID='currency_parsing' AIRFLOW_CTX_TASK_ID='fetch_data' AIRFLOW_CTX_EXECUTION_DATE='2024-02-22T00:00:00+00:00' AIRFLOW_CTX_TRY_NUMBER='1' AIRFLOW_CTX_DAG_RUN_ID='scheduled__2024-02-22T00:00:00+00:00'
[2024-04-14T08:53:49.146+0000] {base.py:83} INFO - Using connection ID 'dwh' for task execution.
[2024-04-14T08:53:49.229+0000] {sql.py:572} INFO - Done loading. Loaded a total of 39 rows into currency_parsing
[2024-04-14T08:53:49.234+0000] {python.py:202} INFO - Done. Returned value was: None
[2024-04-14T08:53:49.294+0000] {taskinstance.py:1149} INFO - Marking task as SUCCESS. dag_id=currency_parsing, task_id=fetch_data, execution_date=20240222T000000, start_date=20240414T085346, end_date=20240414T085349
[2024-04-14T08:53:49.424+0000] {local_task_job_runner.py:234} INFO - Task exited with return code 0
[2024-04-14T08:53:49.604+0000] {taskinstance.py:3309} INFO - 0 downstream tasks scheduled from follow-on schedule check
[2024-04-14T10:11:09.978+0000] {taskinstance.py:1979} INFO - Dependencies all met for dep_context=non-requeueable deps ti=<TaskInstance: currency_parsing.fetch_data scheduled__2024-02-22T00:00:00+00:00 [queued]>
[2024-04-14T10:11:10.329+0000] {taskinstance.py:1979} INFO - Dependencies all met for dep_context=requeueable deps ti=<TaskInstance: currency_parsing.fetch_data scheduled__2024-02-22T00:00:00+00:00 [queued]>
[2024-04-14T10:11:10.339+0000] {taskinstance.py:2193} INFO - Starting attempt 1 of 2
[2024-04-14T10:11:10.666+0000] {taskinstance.py:2214} INFO - Executing <Task(PythonOperator): fetch_data> on 2024-02-22 00:00:00+00:00
[2024-04-14T10:11:10.721+0000] {standard_task_runner.py:60} INFO - Started process 516 to run task
[2024-04-14T10:11:10.787+0000] {standard_task_runner.py:87} INFO - Running: ['***', 'tasks', 'run', 'currency_parsing', 'fetch_data', 'scheduled__2024-02-22T00:00:00+00:00', '--job-id', '661', '--raw', '--subdir', 'DAGS_FOLDER/currency_parsing.py', '--cfg-path', '/tmp/tmpth9qoeb1']
[2024-04-14T10:11:10.859+0000] {standard_task_runner.py:88} INFO - Job 661: Subtask fetch_data
[2024-04-14T10:11:11.900+0000] {task_command.py:423} INFO - Running <TaskInstance: currency_parsing.fetch_data scheduled__2024-02-22T00:00:00+00:00 [running]> on host 1c15aab9396c
[2024-04-14T10:11:13.176+0000] {taskinstance.py:2510} INFO - Exporting env vars: AIRFLOW_CTX_DAG_OWNER='***' AIRFLOW_CTX_DAG_ID='currency_parsing' AIRFLOW_CTX_TASK_ID='fetch_data' AIRFLOW_CTX_EXECUTION_DATE='2024-02-22T00:00:00+00:00' AIRFLOW_CTX_TRY_NUMBER='1' AIRFLOW_CTX_DAG_RUN_ID='scheduled__2024-02-22T00:00:00+00:00'
[2024-04-14T10:11:13.415+0000] {base.py:83} INFO - Using connection ID 'dwh' for task execution.
[2024-04-14T10:11:13.445+0000] {sql.py:572} INFO - Done loading. Loaded a total of 39 rows into currency_parsing
[2024-04-14T10:11:13.446+0000] {python.py:202} INFO - Done. Returned value was: None
[2024-04-14T10:11:13.485+0000] {taskinstance.py:1149} INFO - Marking task as SUCCESS. dag_id=currency_parsing, task_id=fetch_data, execution_date=20240222T000000, start_date=20240414T101110, end_date=20240414T101113
[2024-04-14T10:11:13.650+0000] {local_task_job_runner.py:234} INFO - Task exited with return code 0
[2024-04-14T10:11:13.763+0000] {taskinstance.py:3309} INFO - 0 downstream tasks scheduled from follow-on schedule check
