[2024-05-01T15:04:18.122+0000] {taskinstance.py:1979} INFO - Dependencies all met for dep_context=non-requeueable deps ti=<TaskInstance: currency_parsing.create_schema scheduled__2024-04-30T00:00:00+00:00 [queued]>
[2024-05-01T15:04:18.141+0000] {taskinstance.py:1979} INFO - Dependencies all met for dep_context=requeueable deps ti=<TaskInstance: currency_parsing.create_schema scheduled__2024-04-30T00:00:00+00:00 [queued]>
[2024-05-01T15:04:18.142+0000] {taskinstance.py:2193} INFO - Starting attempt 1 of 2
[2024-05-01T15:04:18.174+0000] {taskinstance.py:2214} INFO - Executing <Task(PostgresOperator): create_schema> on 2024-04-30 00:00:00+00:00
[2024-05-01T15:04:18.181+0000] {standard_task_runner.py:60} INFO - Started process 860 to run task
[2024-05-01T15:04:18.188+0000] {standard_task_runner.py:87} INFO - Running: ['***', 'tasks', 'run', 'currency_parsing', 'create_schema', 'scheduled__2024-04-30T00:00:00+00:00', '--job-id', '2597', '--raw', '--subdir', 'DAGS_FOLDER/stage/currency_parsing.py', '--cfg-path', '/tmp/tmpfre1cv6c']
[2024-05-01T15:04:18.194+0000] {standard_task_runner.py:88} INFO - Job 2597: Subtask create_schema
[2024-05-01T15:04:18.298+0000] {task_command.py:423} INFO - Running <TaskInstance: currency_parsing.create_schema scheduled__2024-04-30T00:00:00+00:00 [running]> on host 84be22a86186
[2024-05-01T15:04:18.502+0000] {taskinstance.py:2510} INFO - Exporting env vars: AIRFLOW_CTX_DAG_OWNER='***' AIRFLOW_CTX_DAG_ID='currency_parsing' AIRFLOW_CTX_TASK_ID='create_schema' AIRFLOW_CTX_EXECUTION_DATE='2024-04-30T00:00:00+00:00' AIRFLOW_CTX_TRY_NUMBER='1' AIRFLOW_CTX_DAG_RUN_ID='scheduled__2024-04-30T00:00:00+00:00'
[2024-05-01T15:04:18.504+0000] {sql.py:276} INFO - Executing: CREATE SCHEMA if not exists stage;

CREATE SCHEMA if not exists intermediate;
[2024-05-01T15:04:18.520+0000] {base.py:83} INFO - Using connection ID 'dwh' for task execution.
[2024-05-01T15:04:18.548+0000] {base.py:83} INFO - Using connection ID 'dwh' for task execution.
[2024-05-01T15:04:18.554+0000] {sql.py:457} INFO - Running statement: CREATE SCHEMA if not exists stage;

CREATE SCHEMA if not exists intermediate;, parameters: None
[2024-05-01T15:04:18.557+0000] {warnings.py:109} WARNING - /home/***/.local/lib/python3.8/site-packages/***/providers/common/sql/hooks/sql.py:407: AirflowProviderDeprecationWarning: Call to deprecated method _make_common_data_structure. (The `_make_serializable` method is deprecated and support will be removed in a future version of the common.sql provider. Please update the DbApiHook's provider to a version based on common.sql >= 1.9.1.)
  result = self._make_common_data_structure(handler(cur))

[2024-05-01T15:04:18.573+0000] {taskinstance.py:1149} INFO - Marking task as SUCCESS. dag_id=currency_parsing, task_id=create_schema, execution_date=20240430T000000, start_date=20240501T150418, end_date=20240501T150418
[2024-05-01T15:04:18.605+0000] {local_task_job_runner.py:234} INFO - Task exited with return code 0
[2024-05-01T15:04:18.627+0000] {warnings.py:109} WARNING - /home/***/.local/lib/python3.8/site-packages/***/models/baseoperator.py:1201: AirflowProviderDeprecationWarning: Call to deprecated class PostgresOperator. (Please use `***.providers.common.sql.operators.sql.SQLExecuteQueryOperator`.Also, you can provide `hook_params={'schema': <database>}`.)
  result = cls.__new__(cls)

[2024-05-01T15:04:18.674+0000] {taskinstance.py:3309} INFO - 1 downstream tasks scheduled from follow-on schedule check
[2024-05-05T10:53:44.886+0000] {taskinstance.py:1979} INFO - Dependencies all met for dep_context=non-requeueable deps ti=<TaskInstance: currency_parsing.create_schema scheduled__2024-04-30T00:00:00+00:00 [queued]>
[2024-05-05T10:53:44.979+0000] {taskinstance.py:1979} INFO - Dependencies all met for dep_context=requeueable deps ti=<TaskInstance: currency_parsing.create_schema scheduled__2024-04-30T00:00:00+00:00 [queued]>
[2024-05-05T10:53:44.989+0000] {taskinstance.py:2193} INFO - Starting attempt 1 of 2
[2024-05-05T10:53:45.160+0000] {taskinstance.py:2214} INFO - Executing <Task(PostgresOperator): create_schema> on 2024-04-30 00:00:00+00:00
[2024-05-05T10:53:45.228+0000] {standard_task_runner.py:60} INFO - Started process 668 to run task
[2024-05-05T10:53:45.323+0000] {standard_task_runner.py:87} INFO - Running: ['***', 'tasks', 'run', 'currency_parsing', 'create_schema', 'scheduled__2024-04-30T00:00:00+00:00', '--job-id', '2665', '--raw', '--subdir', 'DAGS_FOLDER/currency_dag/currency_parsing.py', '--cfg-path', '/tmp/tmph4lqrtpw']
[2024-05-05T10:53:45.367+0000] {standard_task_runner.py:88} INFO - Job 2665: Subtask create_schema
[2024-05-05T10:53:46.508+0000] {task_command.py:423} INFO - Running <TaskInstance: currency_parsing.create_schema scheduled__2024-04-30T00:00:00+00:00 [running]> on host 71addd39200f
[2024-05-05T10:53:49.386+0000] {taskinstance.py:2510} INFO - Exporting env vars: AIRFLOW_CTX_DAG_OWNER='***' AIRFLOW_CTX_DAG_ID='currency_parsing' AIRFLOW_CTX_TASK_ID='create_schema' AIRFLOW_CTX_EXECUTION_DATE='2024-04-30T00:00:00+00:00' AIRFLOW_CTX_TRY_NUMBER='1' AIRFLOW_CTX_DAG_RUN_ID='scheduled__2024-04-30T00:00:00+00:00'
[2024-05-05T10:53:49.412+0000] {sql.py:276} INFO - Executing: CREATE SCHEMA if not exists stage;

CREATE SCHEMA if not exists intermediate;
[2024-05-05T10:53:49.659+0000] {base.py:83} INFO - Using connection ID 'dwh' for task execution.
[2024-05-05T10:53:50.256+0000] {base.py:83} INFO - Using connection ID 'dwh' for task execution.
[2024-05-05T10:53:50.267+0000] {sql.py:457} INFO - Running statement: CREATE SCHEMA if not exists stage;

CREATE SCHEMA if not exists intermediate;, parameters: None
[2024-05-05T10:53:50.291+0000] {warnings.py:109} WARNING - /home/***/.local/lib/python3.8/site-packages/***/providers/common/sql/hooks/sql.py:407: AirflowProviderDeprecationWarning: Call to deprecated method _make_common_data_structure. (The `_make_serializable` method is deprecated and support will be removed in a future version of the common.sql provider. Please update the DbApiHook's provider to a version based on common.sql >= 1.9.1.)
  result = self._make_common_data_structure(handler(cur))

[2024-05-05T10:53:50.357+0000] {taskinstance.py:1149} INFO - Marking task as SUCCESS. dag_id=currency_parsing, task_id=create_schema, execution_date=20240430T000000, start_date=20240505T105344, end_date=20240505T105350
[2024-05-05T10:53:50.723+0000] {local_task_job_runner.py:234} INFO - Task exited with return code 0
[2024-05-05T10:53:50.894+0000] {warnings.py:109} WARNING - /home/***/.local/lib/python3.8/site-packages/***/models/baseoperator.py:1201: AirflowProviderDeprecationWarning: Call to deprecated class PostgresOperator. (Please use `***.providers.common.sql.operators.sql.SQLExecuteQueryOperator`.Also, you can provide `hook_params={'schema': <database>}`.)
  result = cls.__new__(cls)

[2024-05-05T10:53:51.130+0000] {taskinstance.py:3309} INFO - 1 downstream tasks scheduled from follow-on schedule check
