[2024-04-21T11:05:07.651+0000] {taskinstance.py:1979} INFO - Dependencies all met for dep_context=non-requeueable deps ti=<TaskInstance: currency_parsing.get_data_usd scheduled__2024-04-11T00:00:00+00:00 [queued]>
[2024-04-21T11:05:07.773+0000] {taskinstance.py:1979} INFO - Dependencies all met for dep_context=requeueable deps ti=<TaskInstance: currency_parsing.get_data_usd scheduled__2024-04-11T00:00:00+00:00 [queued]>
[2024-04-21T11:05:07.784+0000] {taskinstance.py:2193} INFO - Starting attempt 1 of 2
[2024-04-21T11:05:08.331+0000] {taskinstance.py:2214} INFO - Executing <Task(PythonOperator): get_data_usd> on 2024-04-11 00:00:00+00:00
[2024-04-21T11:05:08.350+0000] {standard_task_runner.py:60} INFO - Started process 2601 to run task
[2024-04-21T11:05:08.390+0000] {standard_task_runner.py:87} INFO - Running: ['***', 'tasks', 'run', 'currency_parsing', 'get_data_usd', 'scheduled__2024-04-11T00:00:00+00:00', '--job-id', '2021', '--raw', '--subdir', 'DAGS_FOLDER/stage/currency_parsing.py', '--cfg-path', '/tmp/tmpsvxaqsgm']
[2024-04-21T11:05:08.411+0000] {standard_task_runner.py:88} INFO - Job 2021: Subtask get_data_usd
[2024-04-21T11:05:08.727+0000] {task_command.py:423} INFO - Running <TaskInstance: currency_parsing.get_data_usd scheduled__2024-04-11T00:00:00+00:00 [running]> on host e671688b1343
[2024-04-21T11:05:09.086+0000] {warnings.py:109} WARNING - /home/***/.local/lib/python3.8/site-packages/***/utils/context.py:207: AirflowContextDeprecationWarning: Accessing 'execution_date' from the template is deprecated and will be removed in a future version. Please use 'data_interval_start' or 'logical_date' instead.
  warnings.warn(_create_deprecation_warning(key, self._deprecation_replacements[key]))

[2024-04-21T11:05:09.207+0000] {taskinstance.py:2510} INFO - Exporting env vars: AIRFLOW_CTX_DAG_OWNER='***' AIRFLOW_CTX_DAG_ID='currency_parsing' AIRFLOW_CTX_TASK_ID='get_data_usd' AIRFLOW_CTX_EXECUTION_DATE='2024-04-11T00:00:00+00:00' AIRFLOW_CTX_TRY_NUMBER='1' AIRFLOW_CTX_DAG_RUN_ID='scheduled__2024-04-11T00:00:00+00:00'
[2024-04-21T11:05:09.840+0000] {python.py:202} INFO - Done. Returned value was: ([['AUD', 1.5366802974, '2024-4-10'], ['BGN', 1.8032202437, '2024-4-10'], ['BRL', 5.0793308831, '2024-4-10'], ['CAD', 1.3686702731, '2024-4-10'], ['CHF', 0.9128301086, '2024-4-10'], ['CNY', 7.2266614011, '2024-4-10'], ['CZK', 23.670894594, '2024-4-10'], ['DKK', 6.9426211139, '2024-4-10'], ['EUR', 0.9306801689, '2024-4-10'], ['GBP', 0.7975701539, '2024-4-10'], ['HKD', 7.8319714025, '2024-4-10'], ['HRK', 6.7518108419, '2024-4-10'], ['HUF', 363.9475545474, '2024-4-10'], ['IDR', 15835.575020602, '2024-4-10'], ['ILS', 3.7476806063, '2024-4-10'], ['INR', 83.3595309707, '2024-4-10'], ['ISK', 138.4747522086, '2024-4-10'], ['JPY', 152.9083644866, '2024-4-10'], ['KRW', 1361.2272279812, '2024-4-10'], ['MXN', 16.455203192, '2024-4-10'], ['MYR', 4.7508508152, '2024-4-10'], ['NOK', 10.8331413279, '2024-4-10'], ['NZD', 1.6736702883, '2024-4-10'], ['PHP', 56.4824073604, '2024-4-10'], ['PLN', 3.9690205822, '2024-4-10'], ['RON', 4.6255905945, '2024-4-10'], ['RUB', 93.2868721226, '2024-4-10'], ['SEK', 10.7214020116, '2024-4-10'], ['SGD', 1.3538101587, '2024-4-10'], ['THB', 36.7080344304, '2024-4-10'], ['TRY', 32.2682964213, '2024-4-10'], ['USD', 1, '2024-4-10'], ['ZAR', 18.7857037173, '2024-4-10']], ['title', 'rate', 'date'])
[2024-04-21T11:05:10.001+0000] {taskinstance.py:1149} INFO - Marking task as SUCCESS. dag_id=currency_parsing, task_id=get_data_usd, execution_date=20240411T000000, start_date=20240421T110507, end_date=20240421T110510
[2024-04-21T11:05:10.156+0000] {local_task_job_runner.py:234} INFO - Task exited with return code 0
[2024-04-21T11:05:10.531+0000] {taskinstance.py:3309} INFO - 1 downstream tasks scheduled from follow-on schedule check
[2024-04-27T12:20:20.506+0000] {taskinstance.py:1979} INFO - Dependencies all met for dep_context=non-requeueable deps ti=<TaskInstance: currency_parsing.get_data_usd scheduled__2024-04-11T00:00:00+00:00 [queued]>
[2024-04-27T12:20:20.718+0000] {taskinstance.py:1979} INFO - Dependencies all met for dep_context=requeueable deps ti=<TaskInstance: currency_parsing.get_data_usd scheduled__2024-04-11T00:00:00+00:00 [queued]>
[2024-04-27T12:20:20.794+0000] {taskinstance.py:2193} INFO - Starting attempt 1 of 2
[2024-04-27T12:20:21.710+0000] {taskinstance.py:2214} INFO - Executing <Task(PythonOperator): get_data_usd> on 2024-04-11 00:00:00+00:00
[2024-04-27T12:20:21.897+0000] {standard_task_runner.py:60} INFO - Started process 1962 to run task
[2024-04-27T12:20:21.927+0000] {standard_task_runner.py:87} INFO - Running: ['***', 'tasks', 'run', 'currency_parsing', 'get_data_usd', 'scheduled__2024-04-11T00:00:00+00:00', '--job-id', '2331', '--raw', '--subdir', 'DAGS_FOLDER/stage/currency_parsing.py', '--cfg-path', '/tmp/tmp7qwsmlk6']
[2024-04-27T12:20:22.138+0000] {standard_task_runner.py:88} INFO - Job 2331: Subtask get_data_usd
[2024-04-27T12:20:23.913+0000] {task_command.py:423} INFO - Running <TaskInstance: currency_parsing.get_data_usd scheduled__2024-04-11T00:00:00+00:00 [running]> on host 65a8688265d1
[2024-04-27T12:20:24.577+0000] {warnings.py:109} WARNING - /home/***/.local/lib/python3.8/site-packages/***/utils/context.py:207: AirflowContextDeprecationWarning: Accessing 'execution_date' from the template is deprecated and will be removed in a future version. Please use 'data_interval_start' or 'logical_date' instead.
  warnings.warn(_create_deprecation_warning(key, self._deprecation_replacements[key]))

[2024-04-27T12:20:25.102+0000] {taskinstance.py:2510} INFO - Exporting env vars: AIRFLOW_CTX_DAG_OWNER='***' AIRFLOW_CTX_DAG_ID='currency_parsing' AIRFLOW_CTX_TASK_ID='get_data_usd' AIRFLOW_CTX_EXECUTION_DATE='2024-04-11T00:00:00+00:00' AIRFLOW_CTX_TRY_NUMBER='1' AIRFLOW_CTX_DAG_RUN_ID='scheduled__2024-04-11T00:00:00+00:00'
[2024-04-27T12:20:30.277+0000] {python.py:202} INFO - Done. Returned value was: ([['AUD', 1.5366802974, '2024-4-10'], ['BGN', 1.8032202437, '2024-4-10'], ['BRL', 5.0793308831, '2024-4-10'], ['CAD', 1.3686702731, '2024-4-10'], ['CHF', 0.9128301086, '2024-4-10'], ['CNY', 7.2266614011, '2024-4-10'], ['CZK', 23.670894594, '2024-4-10'], ['DKK', 6.9426211139, '2024-4-10'], ['EUR', 0.9306801689, '2024-4-10'], ['GBP', 0.7975701539, '2024-4-10'], ['HKD', 7.8319714025, '2024-4-10'], ['HRK', 6.7518108419, '2024-4-10'], ['HUF', 363.9475545474, '2024-4-10'], ['IDR', 15835.575020602, '2024-4-10'], ['ILS', 3.7476806063, '2024-4-10'], ['INR', 83.3595309707, '2024-4-10'], ['ISK', 138.4747522086, '2024-4-10'], ['JPY', 152.9083644866, '2024-4-10'], ['KRW', 1361.2272279812, '2024-4-10'], ['MXN', 16.455203192, '2024-4-10'], ['MYR', 4.7508508152, '2024-4-10'], ['NOK', 10.8331413279, '2024-4-10'], ['NZD', 1.6736702883, '2024-4-10'], ['PHP', 56.4824073604, '2024-4-10'], ['PLN', 3.9690205822, '2024-4-10'], ['RON', 4.6255905945, '2024-4-10'], ['RUB', 93.2868721226, '2024-4-10'], ['SEK', 10.7214020116, '2024-4-10'], ['SGD', 1.3538101587, '2024-4-10'], ['THB', 36.7080344304, '2024-4-10'], ['TRY', 32.2682964213, '2024-4-10'], ['USD', 1, '2024-4-10'], ['ZAR', 18.7857037173, '2024-4-10']], ['title', 'rate', 'date'])
[2024-04-27T12:20:31.410+0000] {taskinstance.py:1149} INFO - Marking task as SUCCESS. dag_id=currency_parsing, task_id=get_data_usd, execution_date=20240411T000000, start_date=20240427T122020, end_date=20240427T122031
[2024-04-27T12:20:32.434+0000] {local_task_job_runner.py:234} INFO - Task exited with return code 0
[2024-04-27T12:20:34.333+0000] {warnings.py:109} WARNING - /home/***/.local/lib/python3.8/site-packages/***/models/baseoperator.py:1201: AirflowProviderDeprecationWarning: Call to deprecated class PostgresOperator. (Please use `***.providers.common.sql.operators.sql.SQLExecuteQueryOperator`.Also, you can provide `hook_params={'schema': <database>}`.)
  result = cls.__new__(cls)

[2024-04-27T12:20:35.455+0000] {taskinstance.py:3309} INFO - 0 downstream tasks scheduled from follow-on schedule check
