[2024-04-14T08:52:47.185+0000] {taskinstance.py:1979} INFO - Dependencies all met for dep_context=non-requeueable deps ti=<TaskInstance: currency_parsing.fetch_data scheduled__2024-02-10T00:00:00+00:00 [queued]>
[2024-04-14T08:52:47.338+0000] {taskinstance.py:1979} INFO - Dependencies all met for dep_context=requeueable deps ti=<TaskInstance: currency_parsing.fetch_data scheduled__2024-02-10T00:00:00+00:00 [queued]>
[2024-04-14T08:52:47.343+0000] {taskinstance.py:2193} INFO - Starting attempt 1 of 2
[2024-04-14T08:52:47.707+0000] {taskinstance.py:2214} INFO - Executing <Task(PythonOperator): fetch_data> on 2024-02-10 00:00:00+00:00
[2024-04-14T08:52:47.721+0000] {standard_task_runner.py:60} INFO - Started process 1092 to run task
[2024-04-14T08:52:47.813+0000] {standard_task_runner.py:87} INFO - Running: ['***', 'tasks', 'run', 'currency_parsing', 'fetch_data', 'scheduled__2024-02-10T00:00:00+00:00', '--job-id', '309', '--raw', '--subdir', 'DAGS_FOLDER/currency_parsing.py', '--cfg-path', '/tmp/tmp8huvp5ln']
[2024-04-14T08:52:47.854+0000] {standard_task_runner.py:88} INFO - Job 309: Subtask fetch_data
[2024-04-14T08:52:48.342+0000] {task_command.py:423} INFO - Running <TaskInstance: currency_parsing.fetch_data scheduled__2024-02-10T00:00:00+00:00 [running]> on host e8a1e0443283
[2024-04-14T08:52:49.343+0000] {taskinstance.py:2510} INFO - Exporting env vars: AIRFLOW_CTX_DAG_OWNER='***' AIRFLOW_CTX_DAG_ID='currency_parsing' AIRFLOW_CTX_TASK_ID='fetch_data' AIRFLOW_CTX_EXECUTION_DATE='2024-02-10T00:00:00+00:00' AIRFLOW_CTX_TRY_NUMBER='1' AIRFLOW_CTX_DAG_RUN_ID='scheduled__2024-02-10T00:00:00+00:00'
[2024-04-14T08:52:49.456+0000] {base.py:83} INFO - Using connection ID 'dwh' for task execution.
[2024-04-14T08:52:49.538+0000] {sql.py:572} INFO - Done loading. Loaded a total of 39 rows into currency_parsing
[2024-04-14T08:52:49.540+0000] {python.py:202} INFO - Done. Returned value was: None
[2024-04-14T08:52:49.598+0000] {taskinstance.py:1149} INFO - Marking task as SUCCESS. dag_id=currency_parsing, task_id=fetch_data, execution_date=20240210T000000, start_date=20240414T085247, end_date=20240414T085249
[2024-04-14T08:52:50.032+0000] {local_task_job_runner.py:234} INFO - Task exited with return code 0
[2024-04-14T08:52:50.272+0000] {taskinstance.py:3309} INFO - 0 downstream tasks scheduled from follow-on schedule check
[2024-04-14T10:10:25.324+0000] {taskinstance.py:1979} INFO - Dependencies all met for dep_context=non-requeueable deps ti=<TaskInstance: currency_parsing.fetch_data scheduled__2024-02-10T00:00:00+00:00 [queued]>
[2024-04-14T10:10:25.446+0000] {taskinstance.py:1979} INFO - Dependencies all met for dep_context=requeueable deps ti=<TaskInstance: currency_parsing.fetch_data scheduled__2024-02-10T00:00:00+00:00 [queued]>
[2024-04-14T10:10:25.453+0000] {taskinstance.py:2193} INFO - Starting attempt 1 of 2
[2024-04-14T10:10:25.647+0000] {taskinstance.py:2214} INFO - Executing <Task(PythonOperator): fetch_data> on 2024-02-10 00:00:00+00:00
[2024-04-14T10:10:25.728+0000] {standard_task_runner.py:60} INFO - Started process 413 to run task
[2024-04-14T10:10:25.773+0000] {standard_task_runner.py:87} INFO - Running: ['***', 'tasks', 'run', 'currency_parsing', 'fetch_data', 'scheduled__2024-02-10T00:00:00+00:00', '--job-id', '618', '--raw', '--subdir', 'DAGS_FOLDER/currency_parsing.py', '--cfg-path', '/tmp/tmpr0s5ic_l']
[2024-04-14T10:10:25.837+0000] {standard_task_runner.py:88} INFO - Job 618: Subtask fetch_data
[2024-04-14T10:10:26.347+0000] {task_command.py:423} INFO - Running <TaskInstance: currency_parsing.fetch_data scheduled__2024-02-10T00:00:00+00:00 [running]> on host 1c15aab9396c
[2024-04-14T10:10:26.827+0000] {taskinstance.py:2510} INFO - Exporting env vars: AIRFLOW_CTX_DAG_OWNER='***' AIRFLOW_CTX_DAG_ID='currency_parsing' AIRFLOW_CTX_TASK_ID='fetch_data' AIRFLOW_CTX_EXECUTION_DATE='2024-02-10T00:00:00+00:00' AIRFLOW_CTX_TRY_NUMBER='1' AIRFLOW_CTX_DAG_RUN_ID='scheduled__2024-02-10T00:00:00+00:00'
[2024-04-14T10:10:26.950+0000] {base.py:83} INFO - Using connection ID 'dwh' for task execution.
[2024-04-14T10:10:27.010+0000] {sql.py:572} INFO - Done loading. Loaded a total of 39 rows into currency_parsing
[2024-04-14T10:10:27.012+0000] {python.py:202} INFO - Done. Returned value was: None
[2024-04-14T10:10:27.055+0000] {taskinstance.py:1149} INFO - Marking task as SUCCESS. dag_id=currency_parsing, task_id=fetch_data, execution_date=20240210T000000, start_date=20240414T101025, end_date=20240414T101027
[2024-04-14T10:10:27.230+0000] {local_task_job_runner.py:234} INFO - Task exited with return code 0
[2024-04-14T10:10:27.467+0000] {taskinstance.py:3309} INFO - 0 downstream tasks scheduled from follow-on schedule check
