[2024-04-21T11:04:54.271+0000] {taskinstance.py:1979} INFO - Dependencies all met for dep_context=non-requeueable deps ti=<TaskInstance: currency_parsing.fetch_data_usd scheduled__2024-04-07T00:00:00+00:00 [queued]>
[2024-04-21T11:04:54.490+0000] {taskinstance.py:1979} INFO - Dependencies all met for dep_context=requeueable deps ti=<TaskInstance: currency_parsing.fetch_data_usd scheduled__2024-04-07T00:00:00+00:00 [queued]>
[2024-04-21T11:04:54.502+0000] {taskinstance.py:2193} INFO - Starting attempt 1 of 2
[2024-04-21T11:04:54.781+0000] {taskinstance.py:2214} INFO - Executing <Task(PythonOperator): fetch_data_usd> on 2024-04-07 00:00:00+00:00
[2024-04-21T11:04:54.905+0000] {standard_task_runner.py:60} INFO - Started process 2572 to run task
[2024-04-21T11:04:54.941+0000] {standard_task_runner.py:87} INFO - Running: ['***', 'tasks', 'run', 'currency_parsing', 'fetch_data_usd', 'scheduled__2024-04-07T00:00:00+00:00', '--job-id', '2004', '--raw', '--subdir', 'DAGS_FOLDER/stage/currency_parsing.py', '--cfg-path', '/tmp/tmpizpy1j7q']
[2024-04-21T11:04:55.012+0000] {standard_task_runner.py:88} INFO - Job 2004: Subtask fetch_data_usd
[2024-04-21T11:04:55.882+0000] {task_command.py:423} INFO - Running <TaskInstance: currency_parsing.fetch_data_usd scheduled__2024-04-07T00:00:00+00:00 [running]> on host e671688b1343
[2024-04-21T11:04:57.516+0000] {taskinstance.py:2510} INFO - Exporting env vars: AIRFLOW_CTX_DAG_OWNER='***' AIRFLOW_CTX_DAG_ID='currency_parsing' AIRFLOW_CTX_TASK_ID='fetch_data_usd' AIRFLOW_CTX_EXECUTION_DATE='2024-04-07T00:00:00+00:00' AIRFLOW_CTX_TRY_NUMBER='1' AIRFLOW_CTX_DAG_RUN_ID='scheduled__2024-04-07T00:00:00+00:00'
[2024-04-21T11:04:57.728+0000] {base.py:83} INFO - Using connection ID 'dwh' for task execution.
[2024-04-21T11:04:57.790+0000] {sql.py:572} INFO - Done loading. Loaded a total of 33 rows into stage.currency_parsing_usd
[2024-04-21T11:04:57.791+0000] {python.py:202} INFO - Done. Returned value was: None
[2024-04-21T11:04:57.883+0000] {taskinstance.py:1149} INFO - Marking task as SUCCESS. dag_id=currency_parsing, task_id=fetch_data_usd, execution_date=20240407T000000, start_date=20240421T110454, end_date=20240421T110457
[2024-04-21T11:04:58.281+0000] {local_task_job_runner.py:234} INFO - Task exited with return code 0
[2024-04-21T11:04:58.474+0000] {taskinstance.py:3309} INFO - 0 downstream tasks scheduled from follow-on schedule check
[2024-04-27T12:25:45.860+0000] {taskinstance.py:1979} INFO - Dependencies all met for dep_context=non-requeueable deps ti=<TaskInstance: currency_parsing.fetch_data_usd scheduled__2024-04-07T00:00:00+00:00 [queued]>
[2024-04-27T12:25:46.235+0000] {taskinstance.py:1979} INFO - Dependencies all met for dep_context=requeueable deps ti=<TaskInstance: currency_parsing.fetch_data_usd scheduled__2024-04-07T00:00:00+00:00 [queued]>
[2024-04-27T12:25:46.253+0000] {taskinstance.py:2193} INFO - Starting attempt 1 of 2
[2024-04-27T12:25:46.674+0000] {taskinstance.py:2214} INFO - Executing <Task(PythonOperator): fetch_data_usd> on 2024-04-07 00:00:00+00:00
[2024-04-27T12:25:46.706+0000] {standard_task_runner.py:60} INFO - Started process 2260 to run task
[2024-04-27T12:25:46.769+0000] {standard_task_runner.py:87} INFO - Running: ['***', 'tasks', 'run', 'currency_parsing', 'fetch_data_usd', 'scheduled__2024-04-07T00:00:00+00:00', '--job-id', '2450', '--raw', '--subdir', 'DAGS_FOLDER/stage/currency_parsing.py', '--cfg-path', '/tmp/tmpttcxdwkm']
[2024-04-27T12:25:46.911+0000] {standard_task_runner.py:88} INFO - Job 2450: Subtask fetch_data_usd
[2024-04-27T12:25:47.902+0000] {task_command.py:423} INFO - Running <TaskInstance: currency_parsing.fetch_data_usd scheduled__2024-04-07T00:00:00+00:00 [running]> on host 65a8688265d1
[2024-04-27T12:25:49.644+0000] {taskinstance.py:2510} INFO - Exporting env vars: AIRFLOW_CTX_DAG_OWNER='***' AIRFLOW_CTX_DAG_ID='currency_parsing' AIRFLOW_CTX_TASK_ID='fetch_data_usd' AIRFLOW_CTX_EXECUTION_DATE='2024-04-07T00:00:00+00:00' AIRFLOW_CTX_TRY_NUMBER='1' AIRFLOW_CTX_DAG_RUN_ID='scheduled__2024-04-07T00:00:00+00:00'
[2024-04-27T12:25:50.192+0000] {base.py:83} INFO - Using connection ID 'dwh' for task execution.
[2024-04-27T12:25:50.343+0000] {sql.py:572} INFO - Done loading. Loaded a total of 33 rows into stage.currency_parsing_usd
[2024-04-27T12:25:50.352+0000] {python.py:202} INFO - Done. Returned value was: None
[2024-04-27T12:25:50.543+0000] {taskinstance.py:1149} INFO - Marking task as SUCCESS. dag_id=currency_parsing, task_id=fetch_data_usd, execution_date=20240407T000000, start_date=20240427T122545, end_date=20240427T122550
[2024-04-27T12:25:51.096+0000] {local_task_job_runner.py:234} INFO - Task exited with return code 0
[2024-04-27T12:25:51.206+0000] {warnings.py:109} WARNING - /home/***/.local/lib/python3.8/site-packages/***/models/baseoperator.py:1201: AirflowProviderDeprecationWarning: Call to deprecated class PostgresOperator. (Please use `***.providers.common.sql.operators.sql.SQLExecuteQueryOperator`.Also, you can provide `hook_params={'schema': <database>}`.)
  result = cls.__new__(cls)

[2024-04-27T12:25:51.426+0000] {taskinstance.py:3309} INFO - 0 downstream tasks scheduled from follow-on schedule check
