[2024-04-21T11:04:53.608+0000] {taskinstance.py:1979} INFO - Dependencies all met for dep_context=non-requeueable deps ti=<TaskInstance: currency_parsing.fetch_data_rub scheduled__2024-04-06T00:00:00+00:00 [queued]>
[2024-04-21T11:04:53.869+0000] {taskinstance.py:1979} INFO - Dependencies all met for dep_context=requeueable deps ti=<TaskInstance: currency_parsing.fetch_data_rub scheduled__2024-04-06T00:00:00+00:00 [queued]>
[2024-04-21T11:04:53.877+0000] {taskinstance.py:2193} INFO - Starting attempt 1 of 2
[2024-04-21T11:04:54.042+0000] {taskinstance.py:2214} INFO - Executing <Task(PythonOperator): fetch_data_rub> on 2024-04-06 00:00:00+00:00
[2024-04-21T11:04:54.067+0000] {standard_task_runner.py:60} INFO - Started process 2569 to run task
[2024-04-21T11:04:54.108+0000] {standard_task_runner.py:87} INFO - Running: ['***', 'tasks', 'run', 'currency_parsing', 'fetch_data_rub', 'scheduled__2024-04-06T00:00:00+00:00', '--job-id', '2003', '--raw', '--subdir', 'DAGS_FOLDER/stage/currency_parsing.py', '--cfg-path', '/tmp/tmpr8dqzndj']
[2024-04-21T11:04:54.124+0000] {standard_task_runner.py:88} INFO - Job 2003: Subtask fetch_data_rub
[2024-04-21T11:04:54.808+0000] {task_command.py:423} INFO - Running <TaskInstance: currency_parsing.fetch_data_rub scheduled__2024-04-06T00:00:00+00:00 [running]> on host e671688b1343
[2024-04-21T11:04:56.671+0000] {taskinstance.py:2510} INFO - Exporting env vars: AIRFLOW_CTX_DAG_OWNER='***' AIRFLOW_CTX_DAG_ID='currency_parsing' AIRFLOW_CTX_TASK_ID='fetch_data_rub' AIRFLOW_CTX_EXECUTION_DATE='2024-04-06T00:00:00+00:00' AIRFLOW_CTX_TRY_NUMBER='1' AIRFLOW_CTX_DAG_RUN_ID='scheduled__2024-04-06T00:00:00+00:00'
[2024-04-21T11:04:57.105+0000] {base.py:83} INFO - Using connection ID 'dwh' for task execution.
[2024-04-21T11:04:57.303+0000] {sql.py:572} INFO - Done loading. Loaded a total of 43 rows into stage.currency_parsing_rub
[2024-04-21T11:04:57.306+0000] {python.py:202} INFO - Done. Returned value was: None
[2024-04-21T11:04:57.393+0000] {taskinstance.py:1149} INFO - Marking task as SUCCESS. dag_id=currency_parsing, task_id=fetch_data_rub, execution_date=20240406T000000, start_date=20240421T110453, end_date=20240421T110457
[2024-04-21T11:04:57.685+0000] {local_task_job_runner.py:234} INFO - Task exited with return code 0
[2024-04-21T11:04:57.989+0000] {taskinstance.py:3309} INFO - 0 downstream tasks scheduled from follow-on schedule check
[2024-04-27T12:22:21.768+0000] {taskinstance.py:1979} INFO - Dependencies all met for dep_context=non-requeueable deps ti=<TaskInstance: currency_parsing.fetch_data_rub scheduled__2024-04-06T00:00:00+00:00 [queued]>
[2024-04-27T12:22:22.072+0000] {taskinstance.py:1979} INFO - Dependencies all met for dep_context=requeueable deps ti=<TaskInstance: currency_parsing.fetch_data_rub scheduled__2024-04-06T00:00:00+00:00 [queued]>
[2024-04-27T12:22:22.078+0000] {taskinstance.py:2193} INFO - Starting attempt 1 of 2
[2024-04-27T12:22:22.138+0000] {taskinstance.py:2214} INFO - Executing <Task(PythonOperator): fetch_data_rub> on 2024-04-06 00:00:00+00:00
[2024-04-27T12:22:22.238+0000] {standard_task_runner.py:87} INFO - Running: ['***', 'tasks', 'run', 'currency_parsing', 'fetch_data_rub', 'scheduled__2024-04-06T00:00:00+00:00', '--job-id', '2368', '--raw', '--subdir', 'DAGS_FOLDER/stage/currency_parsing.py', '--cfg-path', '/tmp/tmp1vwcflvn']
[2024-04-27T12:22:22.353+0000] {standard_task_runner.py:88} INFO - Job 2368: Subtask fetch_data_rub
[2024-04-27T12:22:22.196+0000] {standard_task_runner.py:60} INFO - Started process 2060 to run task
[2024-04-27T12:22:23.145+0000] {task_command.py:423} INFO - Running <TaskInstance: currency_parsing.fetch_data_rub scheduled__2024-04-06T00:00:00+00:00 [running]> on host 65a8688265d1
[2024-04-27T12:22:24.104+0000] {taskinstance.py:2510} INFO - Exporting env vars: AIRFLOW_CTX_DAG_OWNER='***' AIRFLOW_CTX_DAG_ID='currency_parsing' AIRFLOW_CTX_TASK_ID='fetch_data_rub' AIRFLOW_CTX_EXECUTION_DATE='2024-04-06T00:00:00+00:00' AIRFLOW_CTX_TRY_NUMBER='1' AIRFLOW_CTX_DAG_RUN_ID='scheduled__2024-04-06T00:00:00+00:00'
[2024-04-27T12:22:24.577+0000] {base.py:83} INFO - Using connection ID 'dwh' for task execution.
[2024-04-27T12:22:24.737+0000] {sql.py:572} INFO - Done loading. Loaded a total of 43 rows into stage.currency_parsing_rub
[2024-04-27T12:22:24.740+0000] {python.py:202} INFO - Done. Returned value was: None
[2024-04-27T12:22:24.884+0000] {taskinstance.py:1149} INFO - Marking task as SUCCESS. dag_id=currency_parsing, task_id=fetch_data_rub, execution_date=20240406T000000, start_date=20240427T122221, end_date=20240427T122224
[2024-04-27T12:22:25.174+0000] {local_task_job_runner.py:234} INFO - Task exited with return code 0
[2024-04-27T12:22:25.323+0000] {warnings.py:109} WARNING - /home/***/.local/lib/python3.8/site-packages/***/models/baseoperator.py:1201: AirflowProviderDeprecationWarning: Call to deprecated class PostgresOperator. (Please use `***.providers.common.sql.operators.sql.SQLExecuteQueryOperator`.Also, you can provide `hook_params={'schema': <database>}`.)
  result = cls.__new__(cls)

[2024-04-27T12:22:25.812+0000] {taskinstance.py:3309} INFO - 0 downstream tasks scheduled from follow-on schedule check
