[2024-04-21T11:04:02.849+0000] {taskinstance.py:1979} INFO - Dependencies all met for dep_context=non-requeueable deps ti=<TaskInstance: currency_parsing.fetch_data_usd scheduled__2024-04-02T00:00:00+00:00 [queued]>
[2024-04-21T11:04:02.974+0000] {taskinstance.py:1979} INFO - Dependencies all met for dep_context=requeueable deps ti=<TaskInstance: currency_parsing.fetch_data_usd scheduled__2024-04-02T00:00:00+00:00 [queued]>
[2024-04-21T11:04:02.976+0000] {taskinstance.py:2193} INFO - Starting attempt 1 of 2
[2024-04-21T11:04:03.681+0000] {taskinstance.py:2214} INFO - Executing <Task(PythonOperator): fetch_data_usd> on 2024-04-02 00:00:00+00:00
[2024-04-21T11:04:03.737+0000] {standard_task_runner.py:60} INFO - Started process 2452 to run task
[2024-04-21T11:04:03.766+0000] {standard_task_runner.py:87} INFO - Running: ['***', 'tasks', 'run', 'currency_parsing', 'fetch_data_usd', 'scheduled__2024-04-02T00:00:00+00:00', '--job-id', '1948', '--raw', '--subdir', 'DAGS_FOLDER/stage/currency_parsing.py', '--cfg-path', '/tmp/tmpewo1ialo']
[2024-04-21T11:04:03.868+0000] {standard_task_runner.py:88} INFO - Job 1948: Subtask fetch_data_usd
[2024-04-21T11:04:04.511+0000] {task_command.py:423} INFO - Running <TaskInstance: currency_parsing.fetch_data_usd scheduled__2024-04-02T00:00:00+00:00 [running]> on host e671688b1343
[2024-04-21T11:04:05.027+0000] {taskinstance.py:2510} INFO - Exporting env vars: AIRFLOW_CTX_DAG_OWNER='***' AIRFLOW_CTX_DAG_ID='currency_parsing' AIRFLOW_CTX_TASK_ID='fetch_data_usd' AIRFLOW_CTX_EXECUTION_DATE='2024-04-02T00:00:00+00:00' AIRFLOW_CTX_TRY_NUMBER='1' AIRFLOW_CTX_DAG_RUN_ID='scheduled__2024-04-02T00:00:00+00:00'
[2024-04-21T11:04:05.155+0000] {base.py:83} INFO - Using connection ID 'dwh' for task execution.
[2024-04-21T11:04:05.202+0000] {sql.py:572} INFO - Done loading. Loaded a total of 33 rows into stage.currency_parsing_usd
[2024-04-21T11:04:05.203+0000] {python.py:202} INFO - Done. Returned value was: None
[2024-04-21T11:04:05.224+0000] {taskinstance.py:1149} INFO - Marking task as SUCCESS. dag_id=currency_parsing, task_id=fetch_data_usd, execution_date=20240402T000000, start_date=20240421T110402, end_date=20240421T110405
[2024-04-21T11:04:05.303+0000] {local_task_job_runner.py:234} INFO - Task exited with return code 0
[2024-04-21T11:04:05.463+0000] {taskinstance.py:3309} INFO - 0 downstream tasks scheduled from follow-on schedule check
[2024-04-27T12:22:05.819+0000] {taskinstance.py:1979} INFO - Dependencies all met for dep_context=non-requeueable deps ti=<TaskInstance: currency_parsing.fetch_data_usd scheduled__2024-04-02T00:00:00+00:00 [queued]>
[2024-04-27T12:22:05.949+0000] {taskinstance.py:1979} INFO - Dependencies all met for dep_context=requeueable deps ti=<TaskInstance: currency_parsing.fetch_data_usd scheduled__2024-04-02T00:00:00+00:00 [queued]>
[2024-04-27T12:22:05.954+0000] {taskinstance.py:2193} INFO - Starting attempt 1 of 2
[2024-04-27T12:22:06.404+0000] {taskinstance.py:2214} INFO - Executing <Task(PythonOperator): fetch_data_usd> on 2024-04-02 00:00:00+00:00
[2024-04-27T12:22:06.473+0000] {standard_task_runner.py:60} INFO - Started process 2040 to run task
[2024-04-27T12:22:06.588+0000] {standard_task_runner.py:87} INFO - Running: ['***', 'tasks', 'run', 'currency_parsing', 'fetch_data_usd', 'scheduled__2024-04-02T00:00:00+00:00', '--job-id', '2358', '--raw', '--subdir', 'DAGS_FOLDER/stage/currency_parsing.py', '--cfg-path', '/tmp/tmpj70sbqpf']
[2024-04-27T12:22:06.704+0000] {standard_task_runner.py:88} INFO - Job 2358: Subtask fetch_data_usd
[2024-04-27T12:22:07.981+0000] {task_command.py:423} INFO - Running <TaskInstance: currency_parsing.fetch_data_usd scheduled__2024-04-02T00:00:00+00:00 [running]> on host 65a8688265d1
[2024-04-27T12:22:10.862+0000] {taskinstance.py:2510} INFO - Exporting env vars: AIRFLOW_CTX_DAG_OWNER='***' AIRFLOW_CTX_DAG_ID='currency_parsing' AIRFLOW_CTX_TASK_ID='fetch_data_usd' AIRFLOW_CTX_EXECUTION_DATE='2024-04-02T00:00:00+00:00' AIRFLOW_CTX_TRY_NUMBER='1' AIRFLOW_CTX_DAG_RUN_ID='scheduled__2024-04-02T00:00:00+00:00'
[2024-04-27T12:22:11.166+0000] {base.py:83} INFO - Using connection ID 'dwh' for task execution.
[2024-04-27T12:22:11.341+0000] {sql.py:572} INFO - Done loading. Loaded a total of 33 rows into stage.currency_parsing_usd
[2024-04-27T12:22:11.357+0000] {python.py:202} INFO - Done. Returned value was: None
[2024-04-27T12:22:11.635+0000] {taskinstance.py:1149} INFO - Marking task as SUCCESS. dag_id=currency_parsing, task_id=fetch_data_usd, execution_date=20240402T000000, start_date=20240427T122205, end_date=20240427T122211
[2024-04-27T12:22:13.757+0000] {local_task_job_runner.py:234} INFO - Task exited with return code 0
[2024-04-27T12:22:14.036+0000] {warnings.py:109} WARNING - /home/***/.local/lib/python3.8/site-packages/***/models/baseoperator.py:1201: AirflowProviderDeprecationWarning: Call to deprecated class PostgresOperator. (Please use `***.providers.common.sql.operators.sql.SQLExecuteQueryOperator`.Also, you can provide `hook_params={'schema': <database>}`.)
  result = cls.__new__(cls)

[2024-04-27T12:22:14.629+0000] {taskinstance.py:3309} INFO - 0 downstream tasks scheduled from follow-on schedule check
