[2024-04-26T10:28:34.069+0000] {taskinstance.py:1979} INFO - Dependencies all met for dep_context=non-requeueable deps ti=<TaskInstance: currency_parsing.fetch_data_rub scheduled__2024-04-24T00:00:00+00:00 [queued]>
[2024-04-26T10:28:34.168+0000] {taskinstance.py:1979} INFO - Dependencies all met for dep_context=requeueable deps ti=<TaskInstance: currency_parsing.fetch_data_rub scheduled__2024-04-24T00:00:00+00:00 [queued]>
[2024-04-26T10:28:34.170+0000] {taskinstance.py:2193} INFO - Starting attempt 1 of 2
[2024-04-26T10:28:34.236+0000] {taskinstance.py:2214} INFO - Executing <Task(PythonOperator): fetch_data_rub> on 2024-04-24 00:00:00+00:00
[2024-04-26T10:28:34.259+0000] {standard_task_runner.py:60} INFO - Started process 208 to run task
[2024-04-26T10:28:34.278+0000] {standard_task_runner.py:87} INFO - Running: ['***', 'tasks', 'run', 'currency_parsing', 'fetch_data_rub', 'scheduled__2024-04-24T00:00:00+00:00', '--job-id', '2171', '--raw', '--subdir', 'DAGS_FOLDER/stage/currency_parsing.py', '--cfg-path', '/tmp/tmprhy3syn9']
[2024-04-26T10:28:34.288+0000] {standard_task_runner.py:88} INFO - Job 2171: Subtask fetch_data_rub
[2024-04-26T10:28:34.476+0000] {task_command.py:423} INFO - Running <TaskInstance: currency_parsing.fetch_data_rub scheduled__2024-04-24T00:00:00+00:00 [running]> on host 4284c2c978e3
[2024-04-26T10:28:34.726+0000] {taskinstance.py:2510} INFO - Exporting env vars: AIRFLOW_CTX_DAG_OWNER='***' AIRFLOW_CTX_DAG_ID='currency_parsing' AIRFLOW_CTX_TASK_ID='fetch_data_rub' AIRFLOW_CTX_EXECUTION_DATE='2024-04-24T00:00:00+00:00' AIRFLOW_CTX_TRY_NUMBER='1' AIRFLOW_CTX_DAG_RUN_ID='scheduled__2024-04-24T00:00:00+00:00'
[2024-04-26T10:28:34.791+0000] {base.py:83} INFO - Using connection ID 'dwh' for task execution.
[2024-04-26T10:28:34.828+0000] {sql.py:572} INFO - Done loading. Loaded a total of 43 rows into stage.currency_parsing_rub
[2024-04-26T10:28:34.829+0000] {python.py:202} INFO - Done. Returned value was: None
[2024-04-26T10:28:34.852+0000] {taskinstance.py:1149} INFO - Marking task as SUCCESS. dag_id=currency_parsing, task_id=fetch_data_rub, execution_date=20240424T000000, start_date=20240426T102834, end_date=20240426T102834
[2024-04-26T10:28:34.904+0000] {local_task_job_runner.py:234} INFO - Task exited with return code 0
[2024-04-26T10:28:34.942+0000] {taskinstance.py:3309} INFO - 0 downstream tasks scheduled from follow-on schedule check
[2024-04-26T13:21:20.877+0000] {taskinstance.py:1979} INFO - Dependencies all met for dep_context=non-requeueable deps ti=<TaskInstance: currency_parsing.fetch_data_rub scheduled__2024-04-24T00:00:00+00:00 [queued]>
[2024-04-26T13:21:20.891+0000] {taskinstance.py:1979} INFO - Dependencies all met for dep_context=requeueable deps ti=<TaskInstance: currency_parsing.fetch_data_rub scheduled__2024-04-24T00:00:00+00:00 [queued]>
[2024-04-26T13:21:20.892+0000] {taskinstance.py:2193} INFO - Starting attempt 1 of 2
[2024-04-26T13:21:20.911+0000] {taskinstance.py:2214} INFO - Executing <Task(PythonOperator): fetch_data_rub> on 2024-04-24 00:00:00+00:00
[2024-04-26T13:21:20.917+0000] {standard_task_runner.py:60} INFO - Started process 538 to run task
[2024-04-26T13:21:20.923+0000] {standard_task_runner.py:87} INFO - Running: ['***', 'tasks', 'run', 'currency_parsing', 'fetch_data_rub', 'scheduled__2024-04-24T00:00:00+00:00', '--job-id', '2234', '--raw', '--subdir', 'DAGS_FOLDER/stage/currency_parsing.py', '--cfg-path', '/tmp/tmpe4avon3h']
[2024-04-26T13:21:20.927+0000] {standard_task_runner.py:88} INFO - Job 2234: Subtask fetch_data_rub
[2024-04-26T13:21:21.021+0000] {task_command.py:423} INFO - Running <TaskInstance: currency_parsing.fetch_data_rub scheduled__2024-04-24T00:00:00+00:00 [running]> on host 65a8688265d1
[2024-04-26T13:21:21.208+0000] {taskinstance.py:2510} INFO - Exporting env vars: AIRFLOW_CTX_DAG_OWNER='***' AIRFLOW_CTX_DAG_ID='currency_parsing' AIRFLOW_CTX_TASK_ID='fetch_data_rub' AIRFLOW_CTX_EXECUTION_DATE='2024-04-24T00:00:00+00:00' AIRFLOW_CTX_TRY_NUMBER='1' AIRFLOW_CTX_DAG_RUN_ID='scheduled__2024-04-24T00:00:00+00:00'
[2024-04-26T13:21:21.248+0000] {base.py:83} INFO - Using connection ID 'dwh' for task execution.
[2024-04-26T13:21:21.270+0000] {sql.py:572} INFO - Done loading. Loaded a total of 43 rows into stage.currency_parsing_rub
[2024-04-26T13:21:21.271+0000] {python.py:202} INFO - Done. Returned value was: None
[2024-04-26T13:21:21.286+0000] {taskinstance.py:1149} INFO - Marking task as SUCCESS. dag_id=currency_parsing, task_id=fetch_data_rub, execution_date=20240424T000000, start_date=20240426T132120, end_date=20240426T132121
[2024-04-26T13:21:21.385+0000] {local_task_job_runner.py:234} INFO - Task exited with return code 0
[2024-04-26T13:21:21.451+0000] {taskinstance.py:3309} INFO - 0 downstream tasks scheduled from follow-on schedule check
[2024-04-27T12:31:36.469+0000] {taskinstance.py:1979} INFO - Dependencies all met for dep_context=non-requeueable deps ti=<TaskInstance: currency_parsing.fetch_data_rub scheduled__2024-04-24T00:00:00+00:00 [queued]>
[2024-04-27T12:31:36.959+0000] {taskinstance.py:1979} INFO - Dependencies all met for dep_context=requeueable deps ti=<TaskInstance: currency_parsing.fetch_data_rub scheduled__2024-04-24T00:00:00+00:00 [queued]>
[2024-04-27T12:31:37.025+0000] {taskinstance.py:2193} INFO - Starting attempt 1 of 2
[2024-04-27T12:31:37.430+0000] {taskinstance.py:2214} INFO - Executing <Task(PythonOperator): fetch_data_rub> on 2024-04-24 00:00:00+00:00
[2024-04-27T12:31:37.472+0000] {standard_task_runner.py:87} INFO - Running: ['***', 'tasks', 'run', 'currency_parsing', 'fetch_data_rub', 'scheduled__2024-04-24T00:00:00+00:00', '--job-id', '2565', '--raw', '--subdir', 'DAGS_FOLDER/stage/currency_parsing.py', '--cfg-path', '/tmp/tmpx8i68354']
[2024-04-27T12:31:37.459+0000] {standard_task_runner.py:60} INFO - Started process 2561 to run task
[2024-04-27T12:31:37.536+0000] {standard_task_runner.py:88} INFO - Job 2565: Subtask fetch_data_rub
[2024-04-27T12:31:37.979+0000] {task_command.py:423} INFO - Running <TaskInstance: currency_parsing.fetch_data_rub scheduled__2024-04-24T00:00:00+00:00 [running]> on host 65a8688265d1
[2024-04-27T12:31:39.857+0000] {taskinstance.py:2510} INFO - Exporting env vars: AIRFLOW_CTX_DAG_OWNER='***' AIRFLOW_CTX_DAG_ID='currency_parsing' AIRFLOW_CTX_TASK_ID='fetch_data_rub' AIRFLOW_CTX_EXECUTION_DATE='2024-04-24T00:00:00+00:00' AIRFLOW_CTX_TRY_NUMBER='1' AIRFLOW_CTX_DAG_RUN_ID='scheduled__2024-04-24T00:00:00+00:00'
[2024-04-27T12:31:40.140+0000] {base.py:83} INFO - Using connection ID 'dwh' for task execution.
[2024-04-27T12:31:40.224+0000] {sql.py:572} INFO - Done loading. Loaded a total of 43 rows into stage.currency_parsing_rub
[2024-04-27T12:31:40.228+0000] {python.py:202} INFO - Done. Returned value was: None
[2024-04-27T12:31:40.310+0000] {taskinstance.py:1149} INFO - Marking task as SUCCESS. dag_id=currency_parsing, task_id=fetch_data_rub, execution_date=20240424T000000, start_date=20240427T123136, end_date=20240427T123140
[2024-04-27T12:31:40.819+0000] {local_task_job_runner.py:234} INFO - Task exited with return code 0
[2024-04-27T12:31:40.922+0000] {taskinstance.py:3309} INFO - 0 downstream tasks scheduled from follow-on schedule check
