[2024-04-21T11:06:13.985+0000] {taskinstance.py:1979} INFO - Dependencies all met for dep_context=non-requeueable deps ti=<TaskInstance: currency_parsing.get_data_pound scheduled__2024-04-19T00:00:00+00:00 [queued]>
[2024-04-21T11:06:14.149+0000] {taskinstance.py:1979} INFO - Dependencies all met for dep_context=requeueable deps ti=<TaskInstance: currency_parsing.get_data_pound scheduled__2024-04-19T00:00:00+00:00 [queued]>
[2024-04-21T11:06:14.153+0000] {taskinstance.py:2193} INFO - Starting attempt 1 of 2
[2024-04-21T11:06:14.604+0000] {taskinstance.py:2214} INFO - Executing <Task(PythonOperator): get_data_pound> on 2024-04-19 00:00:00+00:00
[2024-04-21T11:06:14.656+0000] {standard_task_runner.py:60} INFO - Started process 2752 to run task
[2024-04-21T11:06:14.788+0000] {standard_task_runner.py:87} INFO - Running: ['***', 'tasks', 'run', 'currency_parsing', 'get_data_pound', 'scheduled__2024-04-19T00:00:00+00:00', '--job-id', '2085', '--raw', '--subdir', 'DAGS_FOLDER/stage/currency_parsing.py', '--cfg-path', '/tmp/tmpqijn88mh']
[2024-04-21T11:06:14.877+0000] {standard_task_runner.py:88} INFO - Job 2085: Subtask get_data_pound
[2024-04-21T11:06:15.408+0000] {task_command.py:423} INFO - Running <TaskInstance: currency_parsing.get_data_pound scheduled__2024-04-19T00:00:00+00:00 [running]> on host e671688b1343
[2024-04-21T11:06:16.150+0000] {warnings.py:109} WARNING - /home/***/.local/lib/python3.8/site-packages/***/utils/context.py:207: AirflowContextDeprecationWarning: Accessing 'execution_date' from the template is deprecated and will be removed in a future version. Please use 'data_interval_start' or 'logical_date' instead.
  warnings.warn(_create_deprecation_warning(key, self._deprecation_replacements[key]))

[2024-04-21T11:06:16.629+0000] {taskinstance.py:2510} INFO - Exporting env vars: AIRFLOW_CTX_DAG_OWNER='***' AIRFLOW_CTX_DAG_ID='currency_parsing' AIRFLOW_CTX_TASK_ID='get_data_pound' AIRFLOW_CTX_EXECUTION_DATE='2024-04-19T00:00:00+00:00' AIRFLOW_CTX_TRY_NUMBER='1' AIRFLOW_CTX_DAG_RUN_ID='scheduled__2024-04-19T00:00:00+00:00'
[2024-04-21T11:06:18.709+0000] {python.py:202} INFO - Done. Returned value was: ([['AUD', 1.9355862003, '2024-4-18'], ['BGN', 2.2754160599, '2024-4-18'], ['BRL', 6.5339296663, '2024-4-18'], ['CAD', 1.7121588529, '2024-4-18'], ['CHF', 1.1344742942, '2024-4-18'], ['CNY', 9.0016170568, '2024-4-18'], ['CZK', 29.5075989613, '2024-4-18'], ['DKK', 8.7168604943, '2024-4-18'], ['EUR', 1.1682918541, '2024-4-18'], ['GBP', 1, '2024-4-18'], ['HKD', 9.7369844395, '2024-4-18'], ['HRK', 8.4654864544, '2024-4-18'], ['HUF', 460.4450862348, '2024-4-18'], ['IDR', 20098.4037425547, '2024-4-18'], ['ILS', 4.7168354483, '2024-4-18'], ['INR', 103.8730109621, '2024-4-18'], ['ISK', 175.6240290166, '2024-4-18'], ['JPY', 192.2830384688, '2024-4-18'], ['KRW', 1711.2703298617, '2024-4-18'], ['MXN', 21.2277059021, '2024-4-18'], ['MYR', 5.9497528864, '2024-4-18'], ['NOK', 13.7440985416, '2024-4-18'], ['NZD', 2.1066640317, '2024-4-18'], ['PHP', 71.2593075493, '2024-4-18'], ['PLN', 5.066204693, '2024-4-18'], ['RON', 5.8123428823, '2024-4-18'], ['RUB', 116.8330217365, '2024-4-18'], ['SEK', 13.6442009452, '2024-4-18'], ['SGD', 1.6936892786, '2024-4-18'], ['THB', 45.774109059, '2024-4-18'], ['TRY', 40.4730133133, '2024-4-18'], ['USD', 1.2437499909, '2024-4-18'], ['ZAR', 23.8196060622, '2024-4-18']], ['title', 'rate', 'date'])
[2024-04-21T11:06:19.009+0000] {taskinstance.py:1149} INFO - Marking task as SUCCESS. dag_id=currency_parsing, task_id=get_data_pound, execution_date=20240419T000000, start_date=20240421T110614, end_date=20240421T110619
[2024-04-21T11:06:19.278+0000] {local_task_job_runner.py:234} INFO - Task exited with return code 0
[2024-04-21T11:06:19.653+0000] {taskinstance.py:3309} INFO - 1 downstream tasks scheduled from follow-on schedule check
[2024-04-27T12:26:33.908+0000] {taskinstance.py:1979} INFO - Dependencies all met for dep_context=non-requeueable deps ti=<TaskInstance: currency_parsing.get_data_pound scheduled__2024-04-19T00:00:00+00:00 [queued]>
[2024-04-27T12:26:34.027+0000] {taskinstance.py:1979} INFO - Dependencies all met for dep_context=requeueable deps ti=<TaskInstance: currency_parsing.get_data_pound scheduled__2024-04-19T00:00:00+00:00 [queued]>
[2024-04-27T12:26:34.034+0000] {taskinstance.py:2193} INFO - Starting attempt 1 of 2
[2024-04-27T12:26:34.221+0000] {taskinstance.py:2214} INFO - Executing <Task(PythonOperator): get_data_pound> on 2024-04-19 00:00:00+00:00
[2024-04-27T12:26:34.254+0000] {standard_task_runner.py:60} INFO - Started process 2316 to run task
[2024-04-27T12:26:34.303+0000] {standard_task_runner.py:87} INFO - Running: ['***', 'tasks', 'run', 'currency_parsing', 'get_data_pound', 'scheduled__2024-04-19T00:00:00+00:00', '--job-id', '2468', '--raw', '--subdir', 'DAGS_FOLDER/stage/currency_parsing.py', '--cfg-path', '/tmp/tmp1berpb37']
[2024-04-27T12:26:34.356+0000] {standard_task_runner.py:88} INFO - Job 2468: Subtask get_data_pound
[2024-04-27T12:26:34.895+0000] {task_command.py:423} INFO - Running <TaskInstance: currency_parsing.get_data_pound scheduled__2024-04-19T00:00:00+00:00 [running]> on host 65a8688265d1
[2024-04-27T12:26:35.541+0000] {warnings.py:109} WARNING - /home/***/.local/lib/python3.8/site-packages/***/utils/context.py:207: AirflowContextDeprecationWarning: Accessing 'execution_date' from the template is deprecated and will be removed in a future version. Please use 'data_interval_start' or 'logical_date' instead.
  warnings.warn(_create_deprecation_warning(key, self._deprecation_replacements[key]))

[2024-04-27T12:26:36.283+0000] {taskinstance.py:2510} INFO - Exporting env vars: AIRFLOW_CTX_DAG_OWNER='***' AIRFLOW_CTX_DAG_ID='currency_parsing' AIRFLOW_CTX_TASK_ID='get_data_pound' AIRFLOW_CTX_EXECUTION_DATE='2024-04-19T00:00:00+00:00' AIRFLOW_CTX_TRY_NUMBER='1' AIRFLOW_CTX_DAG_RUN_ID='scheduled__2024-04-19T00:00:00+00:00'
[2024-04-27T12:27:18.532+0000] {python.py:202} INFO - Done. Returned value was: ([['AUD', 1.9355862003, '2024-4-18'], ['BGN', 2.2754160599, '2024-4-18'], ['BRL', 6.5339296663, '2024-4-18'], ['CAD', 1.7121588529, '2024-4-18'], ['CHF', 1.1344742942, '2024-4-18'], ['CNY', 9.0016170568, '2024-4-18'], ['CZK', 29.5075989613, '2024-4-18'], ['DKK', 8.7168604943, '2024-4-18'], ['EUR', 1.1682918541, '2024-4-18'], ['GBP', 1, '2024-4-18'], ['HKD', 9.7369844395, '2024-4-18'], ['HRK', 8.4654864544, '2024-4-18'], ['HUF', 460.4450862348, '2024-4-18'], ['IDR', 20098.4037425547, '2024-4-18'], ['ILS', 4.7168354483, '2024-4-18'], ['INR', 103.8730109621, '2024-4-18'], ['ISK', 175.6240290166, '2024-4-18'], ['JPY', 192.2830384688, '2024-4-18'], ['KRW', 1711.2703298617, '2024-4-18'], ['MXN', 21.2277059021, '2024-4-18'], ['MYR', 5.9497528864, '2024-4-18'], ['NOK', 13.7440985416, '2024-4-18'], ['NZD', 2.1066640317, '2024-4-18'], ['PHP', 71.2593075493, '2024-4-18'], ['PLN', 5.066204693, '2024-4-18'], ['RON', 5.8123428823, '2024-4-18'], ['RUB', 116.8330217365, '2024-4-18'], ['SEK', 13.6442009452, '2024-4-18'], ['SGD', 1.6936892786, '2024-4-18'], ['THB', 45.774109059, '2024-4-18'], ['TRY', 40.4730133133, '2024-4-18'], ['USD', 1.2437499909, '2024-4-18'], ['ZAR', 23.8196060622, '2024-4-18']], ['title', 'rate', 'date'])
[2024-04-27T12:27:19.546+0000] {taskinstance.py:1149} INFO - Marking task as SUCCESS. dag_id=currency_parsing, task_id=get_data_pound, execution_date=20240419T000000, start_date=20240427T122633, end_date=20240427T122719
[2024-04-27T12:27:20.520+0000] {local_task_job_runner.py:234} INFO - Task exited with return code 0
[2024-04-27T12:27:22.079+0000] {taskinstance.py:3309} INFO - 1 downstream tasks scheduled from follow-on schedule check
