[2024-04-21T11:06:35.373+0000] {taskinstance.py:1979} INFO - Dependencies all met for dep_context=non-requeueable deps ti=<TaskInstance: currency_parsing.fetch_data_kzt scheduled__2024-04-18T00:00:00+00:00 [queued]>
[2024-04-21T11:06:35.488+0000] {taskinstance.py:1979} INFO - Dependencies all met for dep_context=requeueable deps ti=<TaskInstance: currency_parsing.fetch_data_kzt scheduled__2024-04-18T00:00:00+00:00 [queued]>
[2024-04-21T11:06:35.493+0000] {taskinstance.py:2193} INFO - Starting attempt 1 of 2
[2024-04-21T11:06:35.911+0000] {taskinstance.py:2214} INFO - Executing <Task(PythonOperator): fetch_data_kzt> on 2024-04-18 00:00:00+00:00
[2024-04-21T11:06:35.947+0000] {standard_task_runner.py:60} INFO - Started process 2805 to run task
[2024-04-21T11:06:36.003+0000] {standard_task_runner.py:87} INFO - Running: ['***', 'tasks', 'run', 'currency_parsing', 'fetch_data_kzt', 'scheduled__2024-04-18T00:00:00+00:00', '--job-id', '2108', '--raw', '--subdir', 'DAGS_FOLDER/stage/currency_parsing.py', '--cfg-path', '/tmp/tmpkvohxdfp']
[2024-04-21T11:06:36.054+0000] {standard_task_runner.py:88} INFO - Job 2108: Subtask fetch_data_kzt
[2024-04-21T11:06:36.480+0000] {task_command.py:423} INFO - Running <TaskInstance: currency_parsing.fetch_data_kzt scheduled__2024-04-18T00:00:00+00:00 [running]> on host e671688b1343
[2024-04-21T11:06:37.566+0000] {taskinstance.py:2510} INFO - Exporting env vars: AIRFLOW_CTX_DAG_OWNER='***' AIRFLOW_CTX_DAG_ID='currency_parsing' AIRFLOW_CTX_TASK_ID='fetch_data_kzt' AIRFLOW_CTX_EXECUTION_DATE='2024-04-18T00:00:00+00:00' AIRFLOW_CTX_TRY_NUMBER='1' AIRFLOW_CTX_DAG_RUN_ID='scheduled__2024-04-18T00:00:00+00:00'
[2024-04-21T11:06:37.731+0000] {base.py:83} INFO - Using connection ID 'dwh' for task execution.
[2024-04-21T11:06:37.791+0000] {sql.py:572} INFO - Done loading. Loaded a total of 39 rows into stage.currency_parsing_kzt
[2024-04-21T11:06:37.792+0000] {python.py:202} INFO - Done. Returned value was: None
[2024-04-21T11:06:37.890+0000] {taskinstance.py:1149} INFO - Marking task as SUCCESS. dag_id=currency_parsing, task_id=fetch_data_kzt, execution_date=20240418T000000, start_date=20240421T110635, end_date=20240421T110637
[2024-04-21T11:06:38.268+0000] {local_task_job_runner.py:234} INFO - Task exited with return code 0
[2024-04-21T11:06:38.531+0000] {taskinstance.py:3309} INFO - 0 downstream tasks scheduled from follow-on schedule check
[2024-04-27T12:25:46.976+0000] {taskinstance.py:1979} INFO - Dependencies all met for dep_context=non-requeueable deps ti=<TaskInstance: currency_parsing.fetch_data_kzt scheduled__2024-04-18T00:00:00+00:00 [queued]>
[2024-04-27T12:25:47.110+0000] {taskinstance.py:1979} INFO - Dependencies all met for dep_context=requeueable deps ti=<TaskInstance: currency_parsing.fetch_data_kzt scheduled__2024-04-18T00:00:00+00:00 [queued]>
[2024-04-27T12:25:47.116+0000] {taskinstance.py:2193} INFO - Starting attempt 1 of 2
[2024-04-27T12:25:47.503+0000] {taskinstance.py:2214} INFO - Executing <Task(PythonOperator): fetch_data_kzt> on 2024-04-18 00:00:00+00:00
[2024-04-27T12:25:47.517+0000] {standard_task_runner.py:60} INFO - Started process 2264 to run task
[2024-04-27T12:25:47.666+0000] {standard_task_runner.py:87} INFO - Running: ['***', 'tasks', 'run', 'currency_parsing', 'fetch_data_kzt', 'scheduled__2024-04-18T00:00:00+00:00', '--job-id', '2451', '--raw', '--subdir', 'DAGS_FOLDER/stage/currency_parsing.py', '--cfg-path', '/tmp/tmptwunsu5m']
[2024-04-27T12:25:47.881+0000] {standard_task_runner.py:88} INFO - Job 2451: Subtask fetch_data_kzt
[2024-04-27T12:25:48.652+0000] {task_command.py:423} INFO - Running <TaskInstance: currency_parsing.fetch_data_kzt scheduled__2024-04-18T00:00:00+00:00 [running]> on host 65a8688265d1
[2024-04-27T12:25:50.334+0000] {taskinstance.py:2510} INFO - Exporting env vars: AIRFLOW_CTX_DAG_OWNER='***' AIRFLOW_CTX_DAG_ID='currency_parsing' AIRFLOW_CTX_TASK_ID='fetch_data_kzt' AIRFLOW_CTX_EXECUTION_DATE='2024-04-18T00:00:00+00:00' AIRFLOW_CTX_TRY_NUMBER='1' AIRFLOW_CTX_DAG_RUN_ID='scheduled__2024-04-18T00:00:00+00:00'
[2024-04-27T12:25:50.532+0000] {base.py:83} INFO - Using connection ID 'dwh' for task execution.
[2024-04-27T12:25:50.982+0000] {sql.py:572} INFO - Done loading. Loaded a total of 39 rows into stage.currency_parsing_kzt
[2024-04-27T12:25:50.984+0000] {python.py:202} INFO - Done. Returned value was: None
[2024-04-27T12:25:51.158+0000] {taskinstance.py:1149} INFO - Marking task as SUCCESS. dag_id=currency_parsing, task_id=fetch_data_kzt, execution_date=20240418T000000, start_date=20240427T122546, end_date=20240427T122551
[2024-04-27T12:25:51.349+0000] {local_task_job_runner.py:234} INFO - Task exited with return code 0
[2024-04-27T12:25:52.854+0000] {warnings.py:109} WARNING - /home/***/.local/lib/python3.8/site-packages/***/models/baseoperator.py:1201: AirflowProviderDeprecationWarning: Call to deprecated class PostgresOperator. (Please use `***.providers.common.sql.operators.sql.SQLExecuteQueryOperator`.Also, you can provide `hook_params={'schema': <database>}`.)
  result = cls.__new__(cls)

[2024-04-27T12:25:53.317+0000] {taskinstance.py:3309} INFO - 0 downstream tasks scheduled from follow-on schedule check
