[2024-04-26T10:27:53.593+0000] {taskinstance.py:1979} INFO - Dependencies all met for dep_context=non-requeueable deps ti=<TaskInstance: currency_parsing.get_data_pound scheduled__2024-04-23T00:00:00+00:00 [queued]>
[2024-04-26T10:27:53.881+0000] {taskinstance.py:1979} INFO - Dependencies all met for dep_context=requeueable deps ti=<TaskInstance: currency_parsing.get_data_pound scheduled__2024-04-23T00:00:00+00:00 [queued]>
[2024-04-26T10:27:53.894+0000] {taskinstance.py:2193} INFO - Starting attempt 1 of 2
[2024-04-26T10:27:54.506+0000] {taskinstance.py:2214} INFO - Executing <Task(PythonOperator): get_data_pound> on 2024-04-23 00:00:00+00:00
[2024-04-26T10:27:54.728+0000] {standard_task_runner.py:60} INFO - Started process 169 to run task
[2024-04-26T10:27:54.736+0000] {standard_task_runner.py:87} INFO - Running: ['***', 'tasks', 'run', 'currency_parsing', 'get_data_pound', 'scheduled__2024-04-23T00:00:00+00:00', '--job-id', '2153', '--raw', '--subdir', 'DAGS_FOLDER/stage/currency_parsing.py', '--cfg-path', '/tmp/tmpxp_qkpbf']
[2024-04-26T10:27:54.963+0000] {standard_task_runner.py:88} INFO - Job 2153: Subtask get_data_pound
[2024-04-26T10:27:57.264+0000] {task_command.py:423} INFO - Running <TaskInstance: currency_parsing.get_data_pound scheduled__2024-04-23T00:00:00+00:00 [running]> on host 4284c2c978e3
[2024-04-26T10:28:00.581+0000] {warnings.py:109} WARNING - /home/***/.local/lib/python3.8/site-packages/***/utils/context.py:207: AirflowContextDeprecationWarning: Accessing 'execution_date' from the template is deprecated and will be removed in a future version. Please use 'data_interval_start' or 'logical_date' instead.
  warnings.warn(_create_deprecation_warning(key, self._deprecation_replacements[key]))

[2024-04-26T10:28:02.795+0000] {taskinstance.py:2510} INFO - Exporting env vars: AIRFLOW_CTX_DAG_OWNER='***' AIRFLOW_CTX_DAG_ID='currency_parsing' AIRFLOW_CTX_TASK_ID='get_data_pound' AIRFLOW_CTX_EXECUTION_DATE='2024-04-23T00:00:00+00:00' AIRFLOW_CTX_TRY_NUMBER='1' AIRFLOW_CTX_DAG_RUN_ID='scheduled__2024-04-23T00:00:00+00:00'
[2024-04-26T10:28:06.594+0000] {python.py:202} INFO - Done. Returned value was: ([['AUD', 1.9143131436, '2024-4-22'], ['BGN', 2.2634196707, '2024-4-22'], ['BRL', 6.3805462395, '2024-4-22'], ['CAD', 1.6915943362, '2024-4-22'], ['CHF', 1.1259801544, '2024-4-22'], ['CNY', 8.9422452912, '2024-4-22'], ['CZK', 29.2764847542, '2024-4-22'], ['DKK', 8.6469297681, '2024-4-22'], ['EUR', 1.1587162381, '2024-4-22'], ['GBP', 1, '2024-4-22'], ['HKD', 9.6744548076, '2024-4-22'], ['HRK', 8.4655411165, '2024-4-22'], ['HUF', 456.6617976996, '2024-4-22'], ['IDR', 20020.9218226167, '2024-4-22'], ['ILS', 4.6499673856, '2024-4-22'], ['INR', 102.9316272053, '2024-4-22'], ['ISK', 174.1840602996, '2024-4-22'], ['JPY', 191.1901643815, '2024-4-22'], ['KRW', 1698.260291981, '2024-4-22'], ['MXN', 21.1573337734, '2024-4-22'], ['MYR', 5.8984330564, '2024-4-22'], ['NOK', 13.5601801924, '2024-4-22'], ['NZD', 2.0856868026, '2024-4-22'], ['PHP', 70.9836385083, '2024-4-22'], ['PLN', 5.0013829816, '2024-4-22'], ['RON', 5.7670561163, '2024-4-22'], ['RUB', 115.3767022559, '2024-4-22'], ['SEK', 13.4366818883, '2024-4-22'], ['SGD', 1.6814932045, '2024-4-22'], ['THB', 45.7824806381, '2024-4-22'], ['TRY', 40.2195428433, '2024-4-22'], ['USD', 1.2348573561, '2024-4-22'], ['ZAR', 23.6868396389, '2024-4-22']], ['title', 'rate', 'date'])
[2024-04-26T10:28:06.857+0000] {taskinstance.py:1149} INFO - Marking task as SUCCESS. dag_id=currency_parsing, task_id=get_data_pound, execution_date=20240423T000000, start_date=20240426T102753, end_date=20240426T102806
[2024-04-26T10:28:07.227+0000] {local_task_job_runner.py:234} INFO - Task exited with return code 0
[2024-04-26T10:28:08.311+0000] {taskinstance.py:3309} INFO - 1 downstream tasks scheduled from follow-on schedule check
[2024-04-26T13:16:11.956+0000] {taskinstance.py:1979} INFO - Dependencies all met for dep_context=non-requeueable deps ti=<TaskInstance: currency_parsing.get_data_pound scheduled__2024-04-23T00:00:00+00:00 [queued]>
[2024-04-26T13:16:12.052+0000] {taskinstance.py:1979} INFO - Dependencies all met for dep_context=requeueable deps ti=<TaskInstance: currency_parsing.get_data_pound scheduled__2024-04-23T00:00:00+00:00 [queued]>
[2024-04-26T13:16:12.062+0000] {taskinstance.py:2193} INFO - Starting attempt 1 of 2
[2024-04-26T13:16:12.239+0000] {taskinstance.py:2214} INFO - Executing <Task(PythonOperator): get_data_pound> on 2024-04-23 00:00:00+00:00
[2024-04-26T13:16:12.265+0000] {standard_task_runner.py:60} INFO - Started process 428 to run task
[2024-04-26T13:16:12.286+0000] {standard_task_runner.py:87} INFO - Running: ['***', 'tasks', 'run', 'currency_parsing', 'get_data_pound', 'scheduled__2024-04-23T00:00:00+00:00', '--job-id', '2208', '--raw', '--subdir', 'DAGS_FOLDER/stage/currency_parsing.py', '--cfg-path', '/tmp/tmp6o0ptvbf']
[2024-04-26T13:16:12.306+0000] {standard_task_runner.py:88} INFO - Job 2208: Subtask get_data_pound
[2024-04-26T13:16:12.766+0000] {task_command.py:423} INFO - Running <TaskInstance: currency_parsing.get_data_pound scheduled__2024-04-23T00:00:00+00:00 [running]> on host 65a8688265d1
[2024-04-26T13:16:13.511+0000] {warnings.py:109} WARNING - /home/***/.local/lib/python3.8/site-packages/***/utils/context.py:207: AirflowContextDeprecationWarning: Accessing 'execution_date' from the template is deprecated and will be removed in a future version. Please use 'data_interval_start' or 'logical_date' instead.
  warnings.warn(_create_deprecation_warning(key, self._deprecation_replacements[key]))

[2024-04-26T13:16:13.784+0000] {taskinstance.py:2510} INFO - Exporting env vars: AIRFLOW_CTX_DAG_OWNER='***' AIRFLOW_CTX_DAG_ID='currency_parsing' AIRFLOW_CTX_TASK_ID='get_data_pound' AIRFLOW_CTX_EXECUTION_DATE='2024-04-23T00:00:00+00:00' AIRFLOW_CTX_TRY_NUMBER='1' AIRFLOW_CTX_DAG_RUN_ID='scheduled__2024-04-23T00:00:00+00:00'
[2024-04-26T13:16:14.837+0000] {python.py:202} INFO - Done. Returned value was: ([['AUD', 1.9143131436, '2024-4-22'], ['BGN', 2.2634196707, '2024-4-22'], ['BRL', 6.3805462395, '2024-4-22'], ['CAD', 1.6915943362, '2024-4-22'], ['CHF', 1.1259801544, '2024-4-22'], ['CNY', 8.9422452912, '2024-4-22'], ['CZK', 29.2764847542, '2024-4-22'], ['DKK', 8.6469297681, '2024-4-22'], ['EUR', 1.1587162381, '2024-4-22'], ['GBP', 1, '2024-4-22'], ['HKD', 9.6744548076, '2024-4-22'], ['HRK', 8.4655411165, '2024-4-22'], ['HUF', 456.6617976996, '2024-4-22'], ['IDR', 20020.9218226167, '2024-4-22'], ['ILS', 4.6499673856, '2024-4-22'], ['INR', 102.9316272053, '2024-4-22'], ['ISK', 174.1840602996, '2024-4-22'], ['JPY', 191.1901643815, '2024-4-22'], ['KRW', 1698.260291981, '2024-4-22'], ['MXN', 21.1573337734, '2024-4-22'], ['MYR', 5.8984330564, '2024-4-22'], ['NOK', 13.5601801924, '2024-4-22'], ['NZD', 2.0856868026, '2024-4-22'], ['PHP', 70.9836385083, '2024-4-22'], ['PLN', 5.0013829816, '2024-4-22'], ['RON', 5.7670561163, '2024-4-22'], ['RUB', 115.3767022559, '2024-4-22'], ['SEK', 13.4366818883, '2024-4-22'], ['SGD', 1.6814932045, '2024-4-22'], ['THB', 45.7824806381, '2024-4-22'], ['TRY', 40.2195428433, '2024-4-22'], ['USD', 1.2348573561, '2024-4-22'], ['ZAR', 23.6868396389, '2024-4-22']], ['title', 'rate', 'date'])
[2024-04-26T13:16:15.084+0000] {taskinstance.py:1149} INFO - Marking task as SUCCESS. dag_id=currency_parsing, task_id=get_data_pound, execution_date=20240423T000000, start_date=20240426T131611, end_date=20240426T131615
[2024-04-26T13:16:15.250+0000] {local_task_job_runner.py:234} INFO - Task exited with return code 0
[2024-04-26T13:16:15.470+0000] {taskinstance.py:3309} INFO - 1 downstream tasks scheduled from follow-on schedule check
[2024-04-27T12:30:29.520+0000] {taskinstance.py:1979} INFO - Dependencies all met for dep_context=non-requeueable deps ti=<TaskInstance: currency_parsing.get_data_pound scheduled__2024-04-23T00:00:00+00:00 [queued]>
[2024-04-27T12:30:29.700+0000] {taskinstance.py:1979} INFO - Dependencies all met for dep_context=requeueable deps ti=<TaskInstance: currency_parsing.get_data_pound scheduled__2024-04-23T00:00:00+00:00 [queued]>
[2024-04-27T12:30:29.713+0000] {taskinstance.py:2193} INFO - Starting attempt 1 of 2
[2024-04-27T12:30:30.045+0000] {taskinstance.py:2214} INFO - Executing <Task(PythonOperator): get_data_pound> on 2024-04-23 00:00:00+00:00
[2024-04-27T12:30:30.057+0000] {standard_task_runner.py:60} INFO - Started process 2486 to run task
[2024-04-27T12:30:30.095+0000] {standard_task_runner.py:87} INFO - Running: ['***', 'tasks', 'run', 'currency_parsing', 'get_data_pound', 'scheduled__2024-04-23T00:00:00+00:00', '--job-id', '2537', '--raw', '--subdir', 'DAGS_FOLDER/stage/currency_parsing.py', '--cfg-path', '/tmp/tmpk9wcc518']
[2024-04-27T12:30:30.117+0000] {standard_task_runner.py:88} INFO - Job 2537: Subtask get_data_pound
[2024-04-27T12:30:30.593+0000] {task_command.py:423} INFO - Running <TaskInstance: currency_parsing.get_data_pound scheduled__2024-04-23T00:00:00+00:00 [running]> on host 65a8688265d1
[2024-04-27T12:30:35.210+0000] {warnings.py:109} WARNING - /home/***/.local/lib/python3.8/site-packages/***/utils/context.py:207: AirflowContextDeprecationWarning: Accessing 'execution_date' from the template is deprecated and will be removed in a future version. Please use 'data_interval_start' or 'logical_date' instead.
  warnings.warn(_create_deprecation_warning(key, self._deprecation_replacements[key]))

[2024-04-27T12:30:35.807+0000] {taskinstance.py:2510} INFO - Exporting env vars: AIRFLOW_CTX_DAG_OWNER='***' AIRFLOW_CTX_DAG_ID='currency_parsing' AIRFLOW_CTX_TASK_ID='get_data_pound' AIRFLOW_CTX_EXECUTION_DATE='2024-04-23T00:00:00+00:00' AIRFLOW_CTX_TRY_NUMBER='1' AIRFLOW_CTX_DAG_RUN_ID='scheduled__2024-04-23T00:00:00+00:00'
[2024-04-27T12:31:12.909+0000] {python.py:202} INFO - Done. Returned value was: ([['AUD', 1.9143131436, '2024-4-22'], ['BGN', 2.2634196707, '2024-4-22'], ['BRL', 6.3805462395, '2024-4-22'], ['CAD', 1.6915943362, '2024-4-22'], ['CHF', 1.1259801544, '2024-4-22'], ['CNY', 8.9422452912, '2024-4-22'], ['CZK', 29.2764847542, '2024-4-22'], ['DKK', 8.6469297681, '2024-4-22'], ['EUR', 1.1587162381, '2024-4-22'], ['GBP', 1, '2024-4-22'], ['HKD', 9.6744548076, '2024-4-22'], ['HRK', 8.4655411165, '2024-4-22'], ['HUF', 456.6617976996, '2024-4-22'], ['IDR', 20020.9218226167, '2024-4-22'], ['ILS', 4.6499673856, '2024-4-22'], ['INR', 102.9316272053, '2024-4-22'], ['ISK', 174.1840602996, '2024-4-22'], ['JPY', 191.1901643815, '2024-4-22'], ['KRW', 1698.260291981, '2024-4-22'], ['MXN', 21.1573337734, '2024-4-22'], ['MYR', 5.8984330564, '2024-4-22'], ['NOK', 13.5601801924, '2024-4-22'], ['NZD', 2.0856868026, '2024-4-22'], ['PHP', 70.9836385083, '2024-4-22'], ['PLN', 5.0013829816, '2024-4-22'], ['RON', 5.7670561163, '2024-4-22'], ['RUB', 115.3767022559, '2024-4-22'], ['SEK', 13.4366818883, '2024-4-22'], ['SGD', 1.6814932045, '2024-4-22'], ['THB', 45.7824806381, '2024-4-22'], ['TRY', 40.2195428433, '2024-4-22'], ['USD', 1.2348573561, '2024-4-22'], ['ZAR', 23.6868396389, '2024-4-22']], ['title', 'rate', 'date'])
[2024-04-27T12:31:13.578+0000] {taskinstance.py:1149} INFO - Marking task as SUCCESS. dag_id=currency_parsing, task_id=get_data_pound, execution_date=20240423T000000, start_date=20240427T123029, end_date=20240427T123113
[2024-04-27T12:31:13.987+0000] {local_task_job_runner.py:234} INFO - Task exited with return code 0
[2024-04-27T12:31:14.302+0000] {taskinstance.py:3309} INFO - 1 downstream tasks scheduled from follow-on schedule check
