[2024-04-14T08:51:56.369+0000] {taskinstance.py:1979} INFO - Dependencies all met for dep_context=non-requeueable deps ti=<TaskInstance: currency_parsing.fetch_data scheduled__2024-01-19T00:00:00+00:00 [queued]>
[2024-04-14T08:51:56.716+0000] {taskinstance.py:1979} INFO - Dependencies all met for dep_context=requeueable deps ti=<TaskInstance: currency_parsing.fetch_data scheduled__2024-01-19T00:00:00+00:00 [queued]>
[2024-04-14T08:51:56.859+0000] {taskinstance.py:2193} INFO - Starting attempt 1 of 2
[2024-04-14T08:51:57.392+0000] {taskinstance.py:2214} INFO - Executing <Task(PythonOperator): fetch_data> on 2024-01-19 00:00:00+00:00
[2024-04-14T08:51:57.414+0000] {standard_task_runner.py:60} INFO - Started process 972 to run task
[2024-04-14T08:51:57.470+0000] {standard_task_runner.py:87} INFO - Running: ['***', 'tasks', 'run', 'currency_parsing', 'fetch_data', 'scheduled__2024-01-19T00:00:00+00:00', '--job-id', '250', '--raw', '--subdir', 'DAGS_FOLDER/currency_parsing.py', '--cfg-path', '/tmp/tmpghsv_fwr']
[2024-04-14T08:51:57.540+0000] {standard_task_runner.py:88} INFO - Job 250: Subtask fetch_data
[2024-04-14T08:51:58.086+0000] {task_command.py:423} INFO - Running <TaskInstance: currency_parsing.fetch_data scheduled__2024-01-19T00:00:00+00:00 [running]> on host e8a1e0443283
[2024-04-14T08:51:59.786+0000] {taskinstance.py:2510} INFO - Exporting env vars: AIRFLOW_CTX_DAG_OWNER='***' AIRFLOW_CTX_DAG_ID='currency_parsing' AIRFLOW_CTX_TASK_ID='fetch_data' AIRFLOW_CTX_EXECUTION_DATE='2024-01-19T00:00:00+00:00' AIRFLOW_CTX_TRY_NUMBER='1' AIRFLOW_CTX_DAG_RUN_ID='scheduled__2024-01-19T00:00:00+00:00'
[2024-04-14T08:51:59.977+0000] {base.py:83} INFO - Using connection ID 'dwh' for task execution.
[2024-04-14T08:52:00.089+0000] {sql.py:572} INFO - Done loading. Loaded a total of 39 rows into currency_parsing
[2024-04-14T08:52:00.094+0000] {python.py:202} INFO - Done. Returned value was: None
[2024-04-14T08:52:00.148+0000] {taskinstance.py:1149} INFO - Marking task as SUCCESS. dag_id=currency_parsing, task_id=fetch_data, execution_date=20240119T000000, start_date=20240414T085156, end_date=20240414T085200
[2024-04-14T08:52:00.282+0000] {local_task_job_runner.py:234} INFO - Task exited with return code 0
[2024-04-14T08:52:00.474+0000] {taskinstance.py:3309} INFO - 0 downstream tasks scheduled from follow-on schedule check
[2024-04-14T10:09:00.363+0000] {taskinstance.py:1979} INFO - Dependencies all met for dep_context=non-requeueable deps ti=<TaskInstance: currency_parsing.fetch_data scheduled__2024-01-19T00:00:00+00:00 [queued]>
[2024-04-14T10:09:00.829+0000] {taskinstance.py:1979} INFO - Dependencies all met for dep_context=requeueable deps ti=<TaskInstance: currency_parsing.fetch_data scheduled__2024-01-19T00:00:00+00:00 [queued]>
[2024-04-14T10:09:00.837+0000] {taskinstance.py:2193} INFO - Starting attempt 1 of 2
[2024-04-14T10:09:01.301+0000] {taskinstance.py:2214} INFO - Executing <Task(PythonOperator): fetch_data> on 2024-01-19 00:00:00+00:00
[2024-04-14T10:09:01.383+0000] {standard_task_runner.py:60} INFO - Started process 288 to run task
[2024-04-14T10:09:01.431+0000] {standard_task_runner.py:87} INFO - Running: ['***', 'tasks', 'run', 'currency_parsing', 'fetch_data', 'scheduled__2024-01-19T00:00:00+00:00', '--job-id', '560', '--raw', '--subdir', 'DAGS_FOLDER/currency_parsing.py', '--cfg-path', '/tmp/tmpius60ebi']
[2024-04-14T10:09:01.467+0000] {standard_task_runner.py:88} INFO - Job 560: Subtask fetch_data
[2024-04-14T10:09:01.995+0000] {task_command.py:423} INFO - Running <TaskInstance: currency_parsing.fetch_data scheduled__2024-01-19T00:00:00+00:00 [running]> on host 1c15aab9396c
[2024-04-14T10:09:03.372+0000] {taskinstance.py:2510} INFO - Exporting env vars: AIRFLOW_CTX_DAG_OWNER='***' AIRFLOW_CTX_DAG_ID='currency_parsing' AIRFLOW_CTX_TASK_ID='fetch_data' AIRFLOW_CTX_EXECUTION_DATE='2024-01-19T00:00:00+00:00' AIRFLOW_CTX_TRY_NUMBER='1' AIRFLOW_CTX_DAG_RUN_ID='scheduled__2024-01-19T00:00:00+00:00'
[2024-04-14T10:09:04.032+0000] {base.py:83} INFO - Using connection ID 'dwh' for task execution.
[2024-04-14T10:09:04.325+0000] {sql.py:572} INFO - Done loading. Loaded a total of 39 rows into currency_parsing
[2024-04-14T10:09:04.327+0000] {python.py:202} INFO - Done. Returned value was: None
[2024-04-14T10:09:04.410+0000] {taskinstance.py:1149} INFO - Marking task as SUCCESS. dag_id=currency_parsing, task_id=fetch_data, execution_date=20240119T000000, start_date=20240414T100900, end_date=20240414T100904
[2024-04-14T10:09:05.104+0000] {local_task_job_runner.py:234} INFO - Task exited with return code 0
[2024-04-14T10:09:05.887+0000] {taskinstance.py:3309} INFO - 0 downstream tasks scheduled from follow-on schedule check
