[2024-04-21T11:04:12.482+0000] {taskinstance.py:1979} INFO - Dependencies all met for dep_context=non-requeueable deps ti=<TaskInstance: currency_parsing.fetch_data_kzt scheduled__2024-04-03T00:00:00+00:00 [queued]>
[2024-04-21T11:04:12.633+0000] {taskinstance.py:1979} INFO - Dependencies all met for dep_context=requeueable deps ti=<TaskInstance: currency_parsing.fetch_data_kzt scheduled__2024-04-03T00:00:00+00:00 [queued]>
[2024-04-21T11:04:12.634+0000] {taskinstance.py:2193} INFO - Starting attempt 1 of 2
[2024-04-21T11:04:12.778+0000] {taskinstance.py:2214} INFO - Executing <Task(PythonOperator): fetch_data_kzt> on 2024-04-03 00:00:00+00:00
[2024-04-21T11:04:12.829+0000] {standard_task_runner.py:60} INFO - Started process 2473 to run task
[2024-04-21T11:04:12.899+0000] {standard_task_runner.py:87} INFO - Running: ['***', 'tasks', 'run', 'currency_parsing', 'fetch_data_kzt', 'scheduled__2024-04-03T00:00:00+00:00', '--job-id', '1959', '--raw', '--subdir', 'DAGS_FOLDER/stage/currency_parsing.py', '--cfg-path', '/tmp/tmpsh7p8bp7']
[2024-04-21T11:04:12.916+0000] {standard_task_runner.py:88} INFO - Job 1959: Subtask fetch_data_kzt
[2024-04-21T11:04:13.148+0000] {task_command.py:423} INFO - Running <TaskInstance: currency_parsing.fetch_data_kzt scheduled__2024-04-03T00:00:00+00:00 [running]> on host e671688b1343
[2024-04-21T11:04:14.045+0000] {taskinstance.py:2510} INFO - Exporting env vars: AIRFLOW_CTX_DAG_OWNER='***' AIRFLOW_CTX_DAG_ID='currency_parsing' AIRFLOW_CTX_TASK_ID='fetch_data_kzt' AIRFLOW_CTX_EXECUTION_DATE='2024-04-03T00:00:00+00:00' AIRFLOW_CTX_TRY_NUMBER='1' AIRFLOW_CTX_DAG_RUN_ID='scheduled__2024-04-03T00:00:00+00:00'
[2024-04-21T11:04:14.169+0000] {base.py:83} INFO - Using connection ID 'dwh' for task execution.
[2024-04-21T11:04:14.228+0000] {sql.py:572} INFO - Done loading. Loaded a total of 39 rows into stage.currency_parsing_kzt
[2024-04-21T11:04:14.236+0000] {python.py:202} INFO - Done. Returned value was: None
[2024-04-21T11:04:14.284+0000] {taskinstance.py:1149} INFO - Marking task as SUCCESS. dag_id=currency_parsing, task_id=fetch_data_kzt, execution_date=20240403T000000, start_date=20240421T110412, end_date=20240421T110414
[2024-04-21T11:04:14.446+0000] {local_task_job_runner.py:234} INFO - Task exited with return code 0
[2024-04-21T11:04:14.553+0000] {taskinstance.py:3309} INFO - 0 downstream tasks scheduled from follow-on schedule check
[2024-04-27T12:22:09.850+0000] {taskinstance.py:1979} INFO - Dependencies all met for dep_context=non-requeueable deps ti=<TaskInstance: currency_parsing.fetch_data_kzt scheduled__2024-04-03T00:00:00+00:00 [queued]>
[2024-04-27T12:22:10.035+0000] {taskinstance.py:1979} INFO - Dependencies all met for dep_context=requeueable deps ti=<TaskInstance: currency_parsing.fetch_data_kzt scheduled__2024-04-03T00:00:00+00:00 [queued]>
[2024-04-27T12:22:10.057+0000] {taskinstance.py:2193} INFO - Starting attempt 1 of 2
[2024-04-27T12:22:11.088+0000] {taskinstance.py:2214} INFO - Executing <Task(PythonOperator): fetch_data_kzt> on 2024-04-03 00:00:00+00:00
[2024-04-27T12:22:11.242+0000] {standard_task_runner.py:60} INFO - Started process 2046 to run task
[2024-04-27T12:22:11.366+0000] {standard_task_runner.py:87} INFO - Running: ['***', 'tasks', 'run', 'currency_parsing', 'fetch_data_kzt', 'scheduled__2024-04-03T00:00:00+00:00', '--job-id', '2362', '--raw', '--subdir', 'DAGS_FOLDER/stage/currency_parsing.py', '--cfg-path', '/tmp/tmp3y850zpm']
[2024-04-27T12:22:11.606+0000] {standard_task_runner.py:88} INFO - Job 2362: Subtask fetch_data_kzt
[2024-04-27T12:22:13.530+0000] {task_command.py:423} INFO - Running <TaskInstance: currency_parsing.fetch_data_kzt scheduled__2024-04-03T00:00:00+00:00 [running]> on host 65a8688265d1
[2024-04-27T12:22:15.233+0000] {taskinstance.py:2510} INFO - Exporting env vars: AIRFLOW_CTX_DAG_OWNER='***' AIRFLOW_CTX_DAG_ID='currency_parsing' AIRFLOW_CTX_TASK_ID='fetch_data_kzt' AIRFLOW_CTX_EXECUTION_DATE='2024-04-03T00:00:00+00:00' AIRFLOW_CTX_TRY_NUMBER='1' AIRFLOW_CTX_DAG_RUN_ID='scheduled__2024-04-03T00:00:00+00:00'
[2024-04-27T12:22:15.662+0000] {base.py:83} INFO - Using connection ID 'dwh' for task execution.
[2024-04-27T12:22:15.773+0000] {sql.py:572} INFO - Done loading. Loaded a total of 39 rows into stage.currency_parsing_kzt
[2024-04-27T12:22:15.775+0000] {python.py:202} INFO - Done. Returned value was: None
[2024-04-27T12:22:15.926+0000] {taskinstance.py:1149} INFO - Marking task as SUCCESS. dag_id=currency_parsing, task_id=fetch_data_kzt, execution_date=20240403T000000, start_date=20240427T122209, end_date=20240427T122215
[2024-04-27T12:22:16.938+0000] {local_task_job_runner.py:234} INFO - Task exited with return code 0
[2024-04-27T12:22:17.367+0000] {warnings.py:109} WARNING - /home/***/.local/lib/python3.8/site-packages/***/models/baseoperator.py:1201: AirflowProviderDeprecationWarning: Call to deprecated class PostgresOperator. (Please use `***.providers.common.sql.operators.sql.SQLExecuteQueryOperator`.Also, you can provide `hook_params={'schema': <database>}`.)
  result = cls.__new__(cls)

[2024-04-27T12:22:17.491+0000] {taskinstance.py:3309} INFO - 0 downstream tasks scheduled from follow-on schedule check
