[2024-04-21T11:04:54.346+0000] {taskinstance.py:1979} INFO - Dependencies all met for dep_context=non-requeueable deps ti=<TaskInstance: currency_parsing.fetch_data_kzt scheduled__2024-04-07T00:00:00+00:00 [queued]>
[2024-04-21T11:04:54.586+0000] {taskinstance.py:1979} INFO - Dependencies all met for dep_context=requeueable deps ti=<TaskInstance: currency_parsing.fetch_data_kzt scheduled__2024-04-07T00:00:00+00:00 [queued]>
[2024-04-21T11:04:54.602+0000] {taskinstance.py:2193} INFO - Starting attempt 1 of 2
[2024-04-21T11:04:54.973+0000] {taskinstance.py:2214} INFO - Executing <Task(PythonOperator): fetch_data_kzt> on 2024-04-07 00:00:00+00:00
[2024-04-21T11:04:55.043+0000] {standard_task_runner.py:60} INFO - Started process 2574 to run task
[2024-04-21T11:04:55.066+0000] {standard_task_runner.py:87} INFO - Running: ['***', 'tasks', 'run', 'currency_parsing', 'fetch_data_kzt', 'scheduled__2024-04-07T00:00:00+00:00', '--job-id', '2005', '--raw', '--subdir', 'DAGS_FOLDER/stage/currency_parsing.py', '--cfg-path', '/tmp/tmp2arddsux']
[2024-04-21T11:04:55.267+0000] {standard_task_runner.py:88} INFO - Job 2005: Subtask fetch_data_kzt
[2024-04-21T11:04:55.943+0000] {task_command.py:423} INFO - Running <TaskInstance: currency_parsing.fetch_data_kzt scheduled__2024-04-07T00:00:00+00:00 [running]> on host e671688b1343
[2024-04-21T11:04:57.677+0000] {taskinstance.py:2510} INFO - Exporting env vars: AIRFLOW_CTX_DAG_OWNER='***' AIRFLOW_CTX_DAG_ID='currency_parsing' AIRFLOW_CTX_TASK_ID='fetch_data_kzt' AIRFLOW_CTX_EXECUTION_DATE='2024-04-07T00:00:00+00:00' AIRFLOW_CTX_TRY_NUMBER='1' AIRFLOW_CTX_DAG_RUN_ID='scheduled__2024-04-07T00:00:00+00:00'
[2024-04-21T11:04:57.872+0000] {base.py:83} INFO - Using connection ID 'dwh' for task execution.
[2024-04-21T11:04:58.033+0000] {sql.py:572} INFO - Done loading. Loaded a total of 39 rows into stage.currency_parsing_kzt
[2024-04-21T11:04:58.038+0000] {python.py:202} INFO - Done. Returned value was: None
[2024-04-21T11:04:58.137+0000] {taskinstance.py:1149} INFO - Marking task as SUCCESS. dag_id=currency_parsing, task_id=fetch_data_kzt, execution_date=20240407T000000, start_date=20240421T110454, end_date=20240421T110458
[2024-04-21T11:04:58.322+0000] {local_task_job_runner.py:234} INFO - Task exited with return code 0
[2024-04-21T11:04:58.660+0000] {taskinstance.py:3309} INFO - 0 downstream tasks scheduled from follow-on schedule check
[2024-04-27T12:24:55.387+0000] {taskinstance.py:1979} INFO - Dependencies all met for dep_context=non-requeueable deps ti=<TaskInstance: currency_parsing.fetch_data_kzt scheduled__2024-04-07T00:00:00+00:00 [queued]>
[2024-04-27T12:24:55.760+0000] {taskinstance.py:1979} INFO - Dependencies all met for dep_context=requeueable deps ti=<TaskInstance: currency_parsing.fetch_data_kzt scheduled__2024-04-07T00:00:00+00:00 [queued]>
[2024-04-27T12:24:55.765+0000] {taskinstance.py:2193} INFO - Starting attempt 1 of 2
[2024-04-27T12:24:56.107+0000] {taskinstance.py:2214} INFO - Executing <Task(PythonOperator): fetch_data_kzt> on 2024-04-07 00:00:00+00:00
[2024-04-27T12:24:56.152+0000] {standard_task_runner.py:60} INFO - Started process 2214 to run task
[2024-04-27T12:24:56.212+0000] {standard_task_runner.py:87} INFO - Running: ['***', 'tasks', 'run', 'currency_parsing', 'fetch_data_kzt', 'scheduled__2024-04-07T00:00:00+00:00', '--job-id', '2430', '--raw', '--subdir', 'DAGS_FOLDER/stage/currency_parsing.py', '--cfg-path', '/tmp/tmp0cwclyyd']
[2024-04-27T12:24:56.238+0000] {standard_task_runner.py:88} INFO - Job 2430: Subtask fetch_data_kzt
[2024-04-27T12:24:57.297+0000] {task_command.py:423} INFO - Running <TaskInstance: currency_parsing.fetch_data_kzt scheduled__2024-04-07T00:00:00+00:00 [running]> on host 65a8688265d1
[2024-04-27T12:24:57.967+0000] {taskinstance.py:2510} INFO - Exporting env vars: AIRFLOW_CTX_DAG_OWNER='***' AIRFLOW_CTX_DAG_ID='currency_parsing' AIRFLOW_CTX_TASK_ID='fetch_data_kzt' AIRFLOW_CTX_EXECUTION_DATE='2024-04-07T00:00:00+00:00' AIRFLOW_CTX_TRY_NUMBER='1' AIRFLOW_CTX_DAG_RUN_ID='scheduled__2024-04-07T00:00:00+00:00'
[2024-04-27T12:24:58.055+0000] {base.py:83} INFO - Using connection ID 'dwh' for task execution.
[2024-04-27T12:24:58.118+0000] {sql.py:572} INFO - Done loading. Loaded a total of 39 rows into stage.currency_parsing_kzt
[2024-04-27T12:24:58.120+0000] {python.py:202} INFO - Done. Returned value was: None
[2024-04-27T12:24:58.184+0000] {taskinstance.py:1149} INFO - Marking task as SUCCESS. dag_id=currency_parsing, task_id=fetch_data_kzt, execution_date=20240407T000000, start_date=20240427T122455, end_date=20240427T122458
[2024-04-27T12:24:58.369+0000] {local_task_job_runner.py:234} INFO - Task exited with return code 0
[2024-04-27T12:24:59.530+0000] {warnings.py:109} WARNING - /home/***/.local/lib/python3.8/site-packages/***/models/baseoperator.py:1201: AirflowProviderDeprecationWarning: Call to deprecated class PostgresOperator. (Please use `***.providers.common.sql.operators.sql.SQLExecuteQueryOperator`.Also, you can provide `hook_params={'schema': <database>}`.)
  result = cls.__new__(cls)

[2024-04-27T12:25:00.399+0000] {taskinstance.py:3309} INFO - 0 downstream tasks scheduled from follow-on schedule check
