[2024-04-14T08:51:05.942+0000] {taskinstance.py:1979} INFO - Dependencies all met for dep_context=non-requeueable deps ti=<TaskInstance: currency_parsing.fetch_data scheduled__2024-01-07T00:00:00+00:00 [queued]>
[2024-04-14T08:51:06.003+0000] {taskinstance.py:1979} INFO - Dependencies all met for dep_context=requeueable deps ti=<TaskInstance: currency_parsing.fetch_data scheduled__2024-01-07T00:00:00+00:00 [queued]>
[2024-04-14T08:51:06.012+0000] {taskinstance.py:2193} INFO - Starting attempt 1 of 2
[2024-04-14T08:51:06.174+0000] {taskinstance.py:2214} INFO - Executing <Task(PythonOperator): fetch_data> on 2024-01-07 00:00:00+00:00
[2024-04-14T08:51:06.189+0000] {standard_task_runner.py:60} INFO - Started process 866 to run task
[2024-04-14T08:51:06.241+0000] {standard_task_runner.py:87} INFO - Running: ['***', 'tasks', 'run', 'currency_parsing', 'fetch_data', 'scheduled__2024-01-07T00:00:00+00:00', '--job-id', '209', '--raw', '--subdir', 'DAGS_FOLDER/currency_parsing.py', '--cfg-path', '/tmp/tmpfl1cqcg6']
[2024-04-14T08:51:06.274+0000] {standard_task_runner.py:88} INFO - Job 209: Subtask fetch_data
[2024-04-14T08:51:07.126+0000] {task_command.py:423} INFO - Running <TaskInstance: currency_parsing.fetch_data scheduled__2024-01-07T00:00:00+00:00 [running]> on host e8a1e0443283
[2024-04-14T08:51:08.310+0000] {taskinstance.py:2510} INFO - Exporting env vars: AIRFLOW_CTX_DAG_OWNER='***' AIRFLOW_CTX_DAG_ID='currency_parsing' AIRFLOW_CTX_TASK_ID='fetch_data' AIRFLOW_CTX_EXECUTION_DATE='2024-01-07T00:00:00+00:00' AIRFLOW_CTX_TRY_NUMBER='1' AIRFLOW_CTX_DAG_RUN_ID='scheduled__2024-01-07T00:00:00+00:00'
[2024-04-14T08:51:08.570+0000] {base.py:83} INFO - Using connection ID 'dwh' for task execution.
[2024-04-14T08:51:08.773+0000] {sql.py:572} INFO - Done loading. Loaded a total of 39 rows into currency_parsing
[2024-04-14T08:51:08.777+0000] {python.py:202} INFO - Done. Returned value was: None
[2024-04-14T08:51:08.860+0000] {taskinstance.py:1149} INFO - Marking task as SUCCESS. dag_id=currency_parsing, task_id=fetch_data, execution_date=20240107T000000, start_date=20240414T085105, end_date=20240414T085108
[2024-04-14T08:51:09.188+0000] {local_task_job_runner.py:234} INFO - Task exited with return code 0
[2024-04-14T08:51:09.446+0000] {taskinstance.py:3309} INFO - 0 downstream tasks scheduled from follow-on schedule check
[2024-04-14T10:08:01.341+0000] {taskinstance.py:1979} INFO - Dependencies all met for dep_context=non-requeueable deps ti=<TaskInstance: currency_parsing.fetch_data scheduled__2024-01-07T00:00:00+00:00 [queued]>
[2024-04-14T10:08:01.517+0000] {taskinstance.py:1979} INFO - Dependencies all met for dep_context=requeueable deps ti=<TaskInstance: currency_parsing.fetch_data scheduled__2024-01-07T00:00:00+00:00 [queued]>
[2024-04-14T10:08:01.538+0000] {taskinstance.py:2193} INFO - Starting attempt 1 of 2
[2024-04-14T10:08:01.980+0000] {taskinstance.py:2214} INFO - Executing <Task(PythonOperator): fetch_data> on 2024-01-07 00:00:00+00:00
[2024-04-14T10:08:01.994+0000] {standard_task_runner.py:60} INFO - Started process 198 to run task
[2024-04-14T10:08:02.126+0000] {standard_task_runner.py:87} INFO - Running: ['***', 'tasks', 'run', 'currency_parsing', 'fetch_data', 'scheduled__2024-01-07T00:00:00+00:00', '--job-id', '516', '--raw', '--subdir', 'DAGS_FOLDER/currency_parsing.py', '--cfg-path', '/tmp/tmpysbbncnm']
[2024-04-14T10:08:02.195+0000] {standard_task_runner.py:88} INFO - Job 516: Subtask fetch_data
[2024-04-14T10:08:02.904+0000] {task_command.py:423} INFO - Running <TaskInstance: currency_parsing.fetch_data scheduled__2024-01-07T00:00:00+00:00 [running]> on host 1c15aab9396c
[2024-04-14T10:08:03.957+0000] {taskinstance.py:2510} INFO - Exporting env vars: AIRFLOW_CTX_DAG_OWNER='***' AIRFLOW_CTX_DAG_ID='currency_parsing' AIRFLOW_CTX_TASK_ID='fetch_data' AIRFLOW_CTX_EXECUTION_DATE='2024-01-07T00:00:00+00:00' AIRFLOW_CTX_TRY_NUMBER='1' AIRFLOW_CTX_DAG_RUN_ID='scheduled__2024-01-07T00:00:00+00:00'
[2024-04-14T10:08:04.341+0000] {base.py:83} INFO - Using connection ID 'dwh' for task execution.
[2024-04-14T10:08:04.462+0000] {sql.py:572} INFO - Done loading. Loaded a total of 39 rows into currency_parsing
[2024-04-14T10:08:04.464+0000] {python.py:202} INFO - Done. Returned value was: None
[2024-04-14T10:08:04.532+0000] {taskinstance.py:1149} INFO - Marking task as SUCCESS. dag_id=currency_parsing, task_id=fetch_data, execution_date=20240107T000000, start_date=20240414T100801, end_date=20240414T100804
[2024-04-14T10:08:04.884+0000] {local_task_job_runner.py:234} INFO - Task exited with return code 0
[2024-04-14T10:08:05.077+0000] {taskinstance.py:3309} INFO - 0 downstream tasks scheduled from follow-on schedule check
