[2024-04-14T08:52:40.791+0000] {taskinstance.py:1979} INFO - Dependencies all met for dep_context=non-requeueable deps ti=<TaskInstance: currency_parsing.fetch_data scheduled__2024-02-03T00:00:00+00:00 [queued]>
[2024-04-14T08:52:40.983+0000] {taskinstance.py:1979} INFO - Dependencies all met for dep_context=requeueable deps ti=<TaskInstance: currency_parsing.fetch_data scheduled__2024-02-03T00:00:00+00:00 [queued]>
[2024-04-14T08:52:40.992+0000] {taskinstance.py:2193} INFO - Starting attempt 1 of 2
[2024-04-14T08:52:41.260+0000] {taskinstance.py:2214} INFO - Executing <Task(PythonOperator): fetch_data> on 2024-02-03 00:00:00+00:00
[2024-04-14T08:52:41.292+0000] {standard_task_runner.py:60} INFO - Started process 1079 to run task
[2024-04-14T08:52:41.382+0000] {standard_task_runner.py:87} INFO - Running: ['***', 'tasks', 'run', 'currency_parsing', 'fetch_data', 'scheduled__2024-02-03T00:00:00+00:00', '--job-id', '300', '--raw', '--subdir', 'DAGS_FOLDER/currency_parsing.py', '--cfg-path', '/tmp/tmp0d7iomx8']
[2024-04-14T08:52:41.409+0000] {standard_task_runner.py:88} INFO - Job 300: Subtask fetch_data
[2024-04-14T08:52:41.964+0000] {task_command.py:423} INFO - Running <TaskInstance: currency_parsing.fetch_data scheduled__2024-02-03T00:00:00+00:00 [running]> on host e8a1e0443283
[2024-04-14T08:52:43.468+0000] {taskinstance.py:2510} INFO - Exporting env vars: AIRFLOW_CTX_DAG_OWNER='***' AIRFLOW_CTX_DAG_ID='currency_parsing' AIRFLOW_CTX_TASK_ID='fetch_data' AIRFLOW_CTX_EXECUTION_DATE='2024-02-03T00:00:00+00:00' AIRFLOW_CTX_TRY_NUMBER='1' AIRFLOW_CTX_DAG_RUN_ID='scheduled__2024-02-03T00:00:00+00:00'
[2024-04-14T08:52:43.710+0000] {base.py:83} INFO - Using connection ID 'dwh' for task execution.
[2024-04-14T08:52:43.814+0000] {sql.py:572} INFO - Done loading. Loaded a total of 39 rows into currency_parsing
[2024-04-14T08:52:43.818+0000] {python.py:202} INFO - Done. Returned value was: None
[2024-04-14T08:52:43.888+0000] {taskinstance.py:1149} INFO - Marking task as SUCCESS. dag_id=currency_parsing, task_id=fetch_data, execution_date=20240203T000000, start_date=20240414T085240, end_date=20240414T085243
[2024-04-14T08:52:44.373+0000] {local_task_job_runner.py:234} INFO - Task exited with return code 0
[2024-04-14T08:52:44.667+0000] {taskinstance.py:3309} INFO - 0 downstream tasks scheduled from follow-on schedule check
[2024-04-14T10:10:14.065+0000] {taskinstance.py:1979} INFO - Dependencies all met for dep_context=non-requeueable deps ti=<TaskInstance: currency_parsing.fetch_data scheduled__2024-02-03T00:00:00+00:00 [queued]>
[2024-04-14T10:10:14.287+0000] {taskinstance.py:1979} INFO - Dependencies all met for dep_context=requeueable deps ti=<TaskInstance: currency_parsing.fetch_data scheduled__2024-02-03T00:00:00+00:00 [queued]>
[2024-04-14T10:10:14.288+0000] {taskinstance.py:2193} INFO - Starting attempt 1 of 2
[2024-04-14T10:10:14.489+0000] {taskinstance.py:2214} INFO - Executing <Task(PythonOperator): fetch_data> on 2024-02-03 00:00:00+00:00
[2024-04-14T10:10:14.572+0000] {standard_task_runner.py:60} INFO - Started process 395 to run task
[2024-04-14T10:10:14.564+0000] {standard_task_runner.py:87} INFO - Running: ['***', 'tasks', 'run', 'currency_parsing', 'fetch_data', 'scheduled__2024-02-03T00:00:00+00:00', '--job-id', '607', '--raw', '--subdir', 'DAGS_FOLDER/currency_parsing.py', '--cfg-path', '/tmp/tmpd1eazo2v']
[2024-04-14T10:10:14.647+0000] {standard_task_runner.py:88} INFO - Job 607: Subtask fetch_data
[2024-04-14T10:10:15.084+0000] {task_command.py:423} INFO - Running <TaskInstance: currency_parsing.fetch_data scheduled__2024-02-03T00:00:00+00:00 [running]> on host 1c15aab9396c
[2024-04-14T10:10:16.742+0000] {taskinstance.py:2510} INFO - Exporting env vars: AIRFLOW_CTX_DAG_OWNER='***' AIRFLOW_CTX_DAG_ID='currency_parsing' AIRFLOW_CTX_TASK_ID='fetch_data' AIRFLOW_CTX_EXECUTION_DATE='2024-02-03T00:00:00+00:00' AIRFLOW_CTX_TRY_NUMBER='1' AIRFLOW_CTX_DAG_RUN_ID='scheduled__2024-02-03T00:00:00+00:00'
[2024-04-14T10:10:16.990+0000] {base.py:83} INFO - Using connection ID 'dwh' for task execution.
[2024-04-14T10:10:17.186+0000] {sql.py:572} INFO - Done loading. Loaded a total of 39 rows into currency_parsing
[2024-04-14T10:10:17.189+0000] {python.py:202} INFO - Done. Returned value was: None
[2024-04-14T10:10:17.281+0000] {taskinstance.py:1149} INFO - Marking task as SUCCESS. dag_id=currency_parsing, task_id=fetch_data, execution_date=20240203T000000, start_date=20240414T101014, end_date=20240414T101017
[2024-04-14T10:10:17.698+0000] {local_task_job_runner.py:234} INFO - Task exited with return code 0
[2024-04-14T10:10:17.934+0000] {taskinstance.py:3309} INFO - 0 downstream tasks scheduled from follow-on schedule check
