[2024-04-14T08:52:09.187+0000] {taskinstance.py:1979} INFO - Dependencies all met for dep_context=non-requeueable deps ti=<TaskInstance: currency_parsing.fetch_data scheduled__2024-02-01T00:00:00+00:00 [queued]>
[2024-04-14T08:52:09.261+0000] {taskinstance.py:1979} INFO - Dependencies all met for dep_context=requeueable deps ti=<TaskInstance: currency_parsing.fetch_data scheduled__2024-02-01T00:00:00+00:00 [queued]>
[2024-04-14T08:52:09.263+0000] {taskinstance.py:2193} INFO - Starting attempt 1 of 2
[2024-04-14T08:52:09.365+0000] {taskinstance.py:2214} INFO - Executing <Task(PythonOperator): fetch_data> on 2024-02-01 00:00:00+00:00
[2024-04-14T08:52:09.391+0000] {standard_task_runner.py:60} INFO - Started process 997 to run task
[2024-04-14T08:52:09.423+0000] {standard_task_runner.py:87} INFO - Running: ['***', 'tasks', 'run', 'currency_parsing', 'fetch_data', 'scheduled__2024-02-01T00:00:00+00:00', '--job-id', '268', '--raw', '--subdir', 'DAGS_FOLDER/currency_parsing.py', '--cfg-path', '/tmp/tmpg63wlod4']
[2024-04-14T08:52:09.433+0000] {standard_task_runner.py:88} INFO - Job 268: Subtask fetch_data
[2024-04-14T08:52:09.703+0000] {task_command.py:423} INFO - Running <TaskInstance: currency_parsing.fetch_data scheduled__2024-02-01T00:00:00+00:00 [running]> on host e8a1e0443283
[2024-04-14T08:52:09.930+0000] {taskinstance.py:2510} INFO - Exporting env vars: AIRFLOW_CTX_DAG_OWNER='***' AIRFLOW_CTX_DAG_ID='currency_parsing' AIRFLOW_CTX_TASK_ID='fetch_data' AIRFLOW_CTX_EXECUTION_DATE='2024-02-01T00:00:00+00:00' AIRFLOW_CTX_TRY_NUMBER='1' AIRFLOW_CTX_DAG_RUN_ID='scheduled__2024-02-01T00:00:00+00:00'
[2024-04-14T08:52:09.970+0000] {base.py:83} INFO - Using connection ID 'dwh' for task execution.
[2024-04-14T08:52:09.996+0000] {sql.py:572} INFO - Done loading. Loaded a total of 39 rows into currency_parsing
[2024-04-14T08:52:09.997+0000] {python.py:202} INFO - Done. Returned value was: None
[2024-04-14T08:52:10.016+0000] {taskinstance.py:1149} INFO - Marking task as SUCCESS. dag_id=currency_parsing, task_id=fetch_data, execution_date=20240201T000000, start_date=20240414T085209, end_date=20240414T085210
[2024-04-14T08:52:10.098+0000] {local_task_job_runner.py:234} INFO - Task exited with return code 0
[2024-04-14T08:52:10.132+0000] {taskinstance.py:3309} INFO - 0 downstream tasks scheduled from follow-on schedule check
[2024-04-14T10:09:22.783+0000] {taskinstance.py:1979} INFO - Dependencies all met for dep_context=non-requeueable deps ti=<TaskInstance: currency_parsing.fetch_data scheduled__2024-02-01T00:00:00+00:00 [queued]>
[2024-04-14T10:09:22.808+0000] {taskinstance.py:1979} INFO - Dependencies all met for dep_context=requeueable deps ti=<TaskInstance: currency_parsing.fetch_data scheduled__2024-02-01T00:00:00+00:00 [queued]>
[2024-04-14T10:09:22.811+0000] {taskinstance.py:2193} INFO - Starting attempt 1 of 2
[2024-04-14T10:09:22.874+0000] {taskinstance.py:2214} INFO - Executing <Task(PythonOperator): fetch_data> on 2024-02-01 00:00:00+00:00
[2024-04-14T10:09:22.882+0000] {standard_task_runner.py:60} INFO - Started process 316 to run task
[2024-04-14T10:09:22.899+0000] {standard_task_runner.py:87} INFO - Running: ['***', 'tasks', 'run', 'currency_parsing', 'fetch_data', 'scheduled__2024-02-01T00:00:00+00:00', '--job-id', '575', '--raw', '--subdir', 'DAGS_FOLDER/currency_parsing.py', '--cfg-path', '/tmp/tmp9w0ivq7r']
[2024-04-14T10:09:22.918+0000] {standard_task_runner.py:88} INFO - Job 575: Subtask fetch_data
[2024-04-14T10:09:23.069+0000] {task_command.py:423} INFO - Running <TaskInstance: currency_parsing.fetch_data scheduled__2024-02-01T00:00:00+00:00 [running]> on host 1c15aab9396c
[2024-04-14T10:09:23.402+0000] {taskinstance.py:2510} INFO - Exporting env vars: AIRFLOW_CTX_DAG_OWNER='***' AIRFLOW_CTX_DAG_ID='currency_parsing' AIRFLOW_CTX_TASK_ID='fetch_data' AIRFLOW_CTX_EXECUTION_DATE='2024-02-01T00:00:00+00:00' AIRFLOW_CTX_TRY_NUMBER='1' AIRFLOW_CTX_DAG_RUN_ID='scheduled__2024-02-01T00:00:00+00:00'
[2024-04-14T10:09:23.490+0000] {base.py:83} INFO - Using connection ID 'dwh' for task execution.
[2024-04-14T10:09:23.526+0000] {sql.py:572} INFO - Done loading. Loaded a total of 39 rows into currency_parsing
[2024-04-14T10:09:23.527+0000] {python.py:202} INFO - Done. Returned value was: None
[2024-04-14T10:09:23.550+0000] {taskinstance.py:1149} INFO - Marking task as SUCCESS. dag_id=currency_parsing, task_id=fetch_data, execution_date=20240201T000000, start_date=20240414T100922, end_date=20240414T100923
[2024-04-14T10:09:23.645+0000] {local_task_job_runner.py:234} INFO - Task exited with return code 0
[2024-04-14T10:09:23.690+0000] {taskinstance.py:3309} INFO - 0 downstream tasks scheduled from follow-on schedule check
