[2024-04-21T11:04:50.820+0000] {taskinstance.py:1979} INFO - Dependencies all met for dep_context=non-requeueable deps ti=<TaskInstance: currency_parsing.fetch_data_pound scheduled__2024-04-06T00:00:00+00:00 [queued]>
[2024-04-21T11:04:51.007+0000] {taskinstance.py:1979} INFO - Dependencies all met for dep_context=requeueable deps ti=<TaskInstance: currency_parsing.fetch_data_pound scheduled__2024-04-06T00:00:00+00:00 [queued]>
[2024-04-21T11:04:51.019+0000] {taskinstance.py:2193} INFO - Starting attempt 1 of 2
[2024-04-21T11:04:51.356+0000] {taskinstance.py:2214} INFO - Executing <Task(PythonOperator): fetch_data_pound> on 2024-04-06 00:00:00+00:00
[2024-04-21T11:04:51.376+0000] {standard_task_runner.py:60} INFO - Started process 2564 to run task
[2024-04-21T11:04:51.404+0000] {standard_task_runner.py:87} INFO - Running: ['***', 'tasks', 'run', 'currency_parsing', 'fetch_data_pound', 'scheduled__2024-04-06T00:00:00+00:00', '--job-id', '1997', '--raw', '--subdir', 'DAGS_FOLDER/stage/currency_parsing.py', '--cfg-path', '/tmp/tmp3eog7_lz']
[2024-04-21T11:04:51.446+0000] {standard_task_runner.py:88} INFO - Job 1997: Subtask fetch_data_pound
[2024-04-21T11:04:52.141+0000] {task_command.py:423} INFO - Running <TaskInstance: currency_parsing.fetch_data_pound scheduled__2024-04-06T00:00:00+00:00 [running]> on host e671688b1343
[2024-04-21T11:04:53.385+0000] {taskinstance.py:2510} INFO - Exporting env vars: AIRFLOW_CTX_DAG_OWNER='***' AIRFLOW_CTX_DAG_ID='currency_parsing' AIRFLOW_CTX_TASK_ID='fetch_data_pound' AIRFLOW_CTX_EXECUTION_DATE='2024-04-06T00:00:00+00:00' AIRFLOW_CTX_TRY_NUMBER='1' AIRFLOW_CTX_DAG_RUN_ID='scheduled__2024-04-06T00:00:00+00:00'
[2024-04-21T11:04:53.666+0000] {base.py:83} INFO - Using connection ID 'dwh' for task execution.
[2024-04-21T11:04:53.731+0000] {sql.py:572} INFO - Done loading. Loaded a total of 33 rows into stage.currency_parsing_pound
[2024-04-21T11:04:53.737+0000] {python.py:202} INFO - Done. Returned value was: None
[2024-04-21T11:04:53.896+0000] {taskinstance.py:1149} INFO - Marking task as SUCCESS. dag_id=currency_parsing, task_id=fetch_data_pound, execution_date=20240406T000000, start_date=20240421T110450, end_date=20240421T110453
[2024-04-21T11:04:54.109+0000] {local_task_job_runner.py:234} INFO - Task exited with return code 0
[2024-04-21T11:04:54.282+0000] {taskinstance.py:3309} INFO - 0 downstream tasks scheduled from follow-on schedule check
[2024-04-27T12:25:32.524+0000] {taskinstance.py:1979} INFO - Dependencies all met for dep_context=non-requeueable deps ti=<TaskInstance: currency_parsing.fetch_data_pound scheduled__2024-04-06T00:00:00+00:00 [queued]>
[2024-04-27T12:25:33.127+0000] {taskinstance.py:1979} INFO - Dependencies all met for dep_context=requeueable deps ti=<TaskInstance: currency_parsing.fetch_data_pound scheduled__2024-04-06T00:00:00+00:00 [queued]>
[2024-04-27T12:25:33.157+0000] {taskinstance.py:2193} INFO - Starting attempt 1 of 2
[2024-04-27T12:25:34.136+0000] {taskinstance.py:2214} INFO - Executing <Task(PythonOperator): fetch_data_pound> on 2024-04-06 00:00:00+00:00
[2024-04-27T12:25:34.294+0000] {standard_task_runner.py:60} INFO - Started process 2252 to run task
[2024-04-27T12:25:34.398+0000] {standard_task_runner.py:87} INFO - Running: ['***', 'tasks', 'run', 'currency_parsing', 'fetch_data_pound', 'scheduled__2024-04-06T00:00:00+00:00', '--job-id', '2446', '--raw', '--subdir', 'DAGS_FOLDER/stage/currency_parsing.py', '--cfg-path', '/tmp/tmpiganb34d']
[2024-04-27T12:25:34.560+0000] {standard_task_runner.py:88} INFO - Job 2446: Subtask fetch_data_pound
[2024-04-27T12:25:35.611+0000] {task_command.py:423} INFO - Running <TaskInstance: currency_parsing.fetch_data_pound scheduled__2024-04-06T00:00:00+00:00 [running]> on host 65a8688265d1
[2024-04-27T12:25:37.547+0000] {taskinstance.py:2510} INFO - Exporting env vars: AIRFLOW_CTX_DAG_OWNER='***' AIRFLOW_CTX_DAG_ID='currency_parsing' AIRFLOW_CTX_TASK_ID='fetch_data_pound' AIRFLOW_CTX_EXECUTION_DATE='2024-04-06T00:00:00+00:00' AIRFLOW_CTX_TRY_NUMBER='1' AIRFLOW_CTX_DAG_RUN_ID='scheduled__2024-04-06T00:00:00+00:00'
[2024-04-27T12:25:37.922+0000] {base.py:83} INFO - Using connection ID 'dwh' for task execution.
[2024-04-27T12:25:38.134+0000] {sql.py:572} INFO - Done loading. Loaded a total of 33 rows into stage.currency_parsing_pound
[2024-04-27T12:25:38.143+0000] {python.py:202} INFO - Done. Returned value was: None
[2024-04-27T12:25:38.296+0000] {taskinstance.py:1149} INFO - Marking task as SUCCESS. dag_id=currency_parsing, task_id=fetch_data_pound, execution_date=20240406T000000, start_date=20240427T122532, end_date=20240427T122538
[2024-04-27T12:25:38.860+0000] {local_task_job_runner.py:234} INFO - Task exited with return code 0
[2024-04-27T12:25:39.833+0000] {warnings.py:109} WARNING - /home/***/.local/lib/python3.8/site-packages/***/models/baseoperator.py:1201: AirflowProviderDeprecationWarning: Call to deprecated class PostgresOperator. (Please use `***.providers.common.sql.operators.sql.SQLExecuteQueryOperator`.Also, you can provide `hook_params={'schema': <database>}`.)
  result = cls.__new__(cls)

[2024-04-27T12:25:40.054+0000] {taskinstance.py:3309} INFO - 0 downstream tasks scheduled from follow-on schedule check
