[2024-04-21T11:04:04.722+0000] {taskinstance.py:1979} INFO - Dependencies all met for dep_context=non-requeueable deps ti=<TaskInstance: currency_parsing.fetch_data_kzt scheduled__2024-04-02T00:00:00+00:00 [queued]>
[2024-04-21T11:04:04.840+0000] {taskinstance.py:1979} INFO - Dependencies all met for dep_context=requeueable deps ti=<TaskInstance: currency_parsing.fetch_data_kzt scheduled__2024-04-02T00:00:00+00:00 [queued]>
[2024-04-21T11:04:04.841+0000] {taskinstance.py:2193} INFO - Starting attempt 1 of 2
[2024-04-21T11:04:05.018+0000] {taskinstance.py:2214} INFO - Executing <Task(PythonOperator): fetch_data_kzt> on 2024-04-02 00:00:00+00:00
[2024-04-21T11:04:05.040+0000] {standard_task_runner.py:60} INFO - Started process 2454 to run task
[2024-04-21T11:04:05.079+0000] {standard_task_runner.py:87} INFO - Running: ['***', 'tasks', 'run', 'currency_parsing', 'fetch_data_kzt', 'scheduled__2024-04-02T00:00:00+00:00', '--job-id', '1950', '--raw', '--subdir', 'DAGS_FOLDER/stage/currency_parsing.py', '--cfg-path', '/tmp/tmpeb_r8fnh']
[2024-04-21T11:04:05.135+0000] {standard_task_runner.py:88} INFO - Job 1950: Subtask fetch_data_kzt
[2024-04-21T11:04:05.614+0000] {task_command.py:423} INFO - Running <TaskInstance: currency_parsing.fetch_data_kzt scheduled__2024-04-02T00:00:00+00:00 [running]> on host e671688b1343
[2024-04-21T11:04:06.859+0000] {taskinstance.py:2510} INFO - Exporting env vars: AIRFLOW_CTX_DAG_OWNER='***' AIRFLOW_CTX_DAG_ID='currency_parsing' AIRFLOW_CTX_TASK_ID='fetch_data_kzt' AIRFLOW_CTX_EXECUTION_DATE='2024-04-02T00:00:00+00:00' AIRFLOW_CTX_TRY_NUMBER='1' AIRFLOW_CTX_DAG_RUN_ID='scheduled__2024-04-02T00:00:00+00:00'
[2024-04-21T11:04:07.189+0000] {base.py:83} INFO - Using connection ID 'dwh' for task execution.
[2024-04-21T11:04:07.352+0000] {sql.py:572} INFO - Done loading. Loaded a total of 39 rows into stage.currency_parsing_kzt
[2024-04-21T11:04:07.354+0000] {python.py:202} INFO - Done. Returned value was: None
[2024-04-21T11:04:07.440+0000] {taskinstance.py:1149} INFO - Marking task as SUCCESS. dag_id=currency_parsing, task_id=fetch_data_kzt, execution_date=20240402T000000, start_date=20240421T110404, end_date=20240421T110407
[2024-04-21T11:04:08.118+0000] {local_task_job_runner.py:234} INFO - Task exited with return code 0
[2024-04-21T11:04:08.270+0000] {taskinstance.py:3309} INFO - 0 downstream tasks scheduled from follow-on schedule check
[2024-04-27T12:22:05.014+0000] {taskinstance.py:1979} INFO - Dependencies all met for dep_context=non-requeueable deps ti=<TaskInstance: currency_parsing.fetch_data_kzt scheduled__2024-04-02T00:00:00+00:00 [queued]>
[2024-04-27T12:22:05.524+0000] {taskinstance.py:1979} INFO - Dependencies all met for dep_context=requeueable deps ti=<TaskInstance: currency_parsing.fetch_data_kzt scheduled__2024-04-02T00:00:00+00:00 [queued]>
[2024-04-27T12:22:05.587+0000] {taskinstance.py:2193} INFO - Starting attempt 1 of 2
[2024-04-27T12:22:06.134+0000] {taskinstance.py:2214} INFO - Executing <Task(PythonOperator): fetch_data_kzt> on 2024-04-02 00:00:00+00:00
[2024-04-27T12:22:06.225+0000] {standard_task_runner.py:60} INFO - Started process 2038 to run task
[2024-04-27T12:22:06.255+0000] {standard_task_runner.py:87} INFO - Running: ['***', 'tasks', 'run', 'currency_parsing', 'fetch_data_kzt', 'scheduled__2024-04-02T00:00:00+00:00', '--job-id', '2357', '--raw', '--subdir', 'DAGS_FOLDER/stage/currency_parsing.py', '--cfg-path', '/tmp/tmpinprh0rq']
[2024-04-27T12:22:06.298+0000] {standard_task_runner.py:88} INFO - Job 2357: Subtask fetch_data_kzt
[2024-04-27T12:22:07.722+0000] {task_command.py:423} INFO - Running <TaskInstance: currency_parsing.fetch_data_kzt scheduled__2024-04-02T00:00:00+00:00 [running]> on host 65a8688265d1
[2024-04-27T12:22:09.622+0000] {taskinstance.py:2510} INFO - Exporting env vars: AIRFLOW_CTX_DAG_OWNER='***' AIRFLOW_CTX_DAG_ID='currency_parsing' AIRFLOW_CTX_TASK_ID='fetch_data_kzt' AIRFLOW_CTX_EXECUTION_DATE='2024-04-02T00:00:00+00:00' AIRFLOW_CTX_TRY_NUMBER='1' AIRFLOW_CTX_DAG_RUN_ID='scheduled__2024-04-02T00:00:00+00:00'
[2024-04-27T12:22:10.177+0000] {base.py:83} INFO - Using connection ID 'dwh' for task execution.
[2024-04-27T12:22:10.355+0000] {sql.py:572} INFO - Done loading. Loaded a total of 39 rows into stage.currency_parsing_kzt
[2024-04-27T12:22:10.360+0000] {python.py:202} INFO - Done. Returned value was: None
[2024-04-27T12:22:10.484+0000] {taskinstance.py:1149} INFO - Marking task as SUCCESS. dag_id=currency_parsing, task_id=fetch_data_kzt, execution_date=20240402T000000, start_date=20240427T122205, end_date=20240427T122210
[2024-04-27T12:22:10.854+0000] {local_task_job_runner.py:234} INFO - Task exited with return code 0
[2024-04-27T12:22:10.943+0000] {warnings.py:109} WARNING - /home/***/.local/lib/python3.8/site-packages/***/models/baseoperator.py:1201: AirflowProviderDeprecationWarning: Call to deprecated class PostgresOperator. (Please use `***.providers.common.sql.operators.sql.SQLExecuteQueryOperator`.Also, you can provide `hook_params={'schema': <database>}`.)
  result = cls.__new__(cls)

[2024-04-27T12:22:11.165+0000] {taskinstance.py:3309} INFO - 0 downstream tasks scheduled from follow-on schedule check
