[2024-04-07T12:43:06.256+0000] {taskinstance.py:1979} INFO - Dependencies all met for dep_context=non-requeueable deps ti=<TaskInstance: kolesa_dag_2.save_data manual__2024-04-07T12:42:46.542394+00:00 [queued]>
[2024-04-07T12:43:06.281+0000] {taskinstance.py:1979} INFO - Dependencies all met for dep_context=requeueable deps ti=<TaskInstance: kolesa_dag_2.save_data manual__2024-04-07T12:42:46.542394+00:00 [queued]>
[2024-04-07T12:43:06.282+0000] {taskinstance.py:2193} INFO - Starting attempt 1 of 1
[2024-04-07T12:43:06.321+0000] {taskinstance.py:2214} INFO - Executing <Task(PythonOperator): save_data> on 2024-04-07 12:42:46.542394+00:00
[2024-04-07T12:43:06.350+0000] {standard_task_runner.py:60} INFO - Started process 263 to run task
[2024-04-07T12:43:06.361+0000] {standard_task_runner.py:87} INFO - Running: ['***', 'tasks', 'run', 'kolesa_dag_2', 'save_data', 'manual__2024-04-07T12:42:46.542394+00:00', '--job-id', '47', '--raw', '--subdir', 'DAGS_FOLDER/kolesa_parsing_2.py', '--cfg-path', '/tmp/tmpoi46er2d']
[2024-04-07T12:43:06.438+0000] {standard_task_runner.py:88} INFO - Job 47: Subtask save_data
[2024-04-07T12:43:06.842+0000] {task_command.py:423} INFO - Running <TaskInstance: kolesa_dag_2.save_data manual__2024-04-07T12:42:46.542394+00:00 [running]> on host ea291b369450
[2024-04-07T12:43:12.062+0000] {taskinstance.py:2510} INFO - Exporting env vars: AIRFLOW_CTX_DAG_OWNER='***' AIRFLOW_CTX_DAG_ID='kolesa_dag_2' AIRFLOW_CTX_TASK_ID='save_data' AIRFLOW_CTX_EXECUTION_DATE='2024-04-07T12:42:46.542394+00:00' AIRFLOW_CTX_TRY_NUMBER='1' AIRFLOW_CTX_DAG_RUN_ID='manual__2024-04-07T12:42:46.542394+00:00'
[2024-04-07T12:43:12.117+0000] {taskinstance.py:2728} ERROR - Task failed with exception
Traceback (most recent call last):
  File "/home/airflow/.local/lib/python3.8/site-packages/airflow/models/taskinstance.py", line 444, in _execute_task
    result = _execute_callable(context=context, **execute_callable_kwargs)
  File "/home/airflow/.local/lib/python3.8/site-packages/airflow/models/taskinstance.py", line 414, in _execute_callable
    return execute_callable(context=context, **execute_callable_kwargs)
  File "/home/airflow/.local/lib/python3.8/site-packages/airflow/operators/python.py", line 200, in execute
    return_value = self.execute_callable()
  File "/home/airflow/.local/lib/python3.8/site-packages/airflow/operators/python.py", line 217, in execute_callable
    return self.python_callable(*self.op_args, **self.op_kwargs)
  File "/opt/airflow/dags/kolesa_parsing_2.py", line 24, in _save_data
    rows, columns = transformed_data
TypeError: cannot unpack non-iterable NoneType object
[2024-04-07T12:43:12.147+0000] {taskinstance.py:1149} INFO - Marking task as FAILED. dag_id=kolesa_dag_2, task_id=save_data, execution_date=20240407T124246, start_date=20240407T124306, end_date=20240407T124312
[2024-04-07T12:43:12.178+0000] {standard_task_runner.py:107} ERROR - Failed to execute job 47 for task save_data (cannot unpack non-iterable NoneType object; 263)
[2024-04-07T12:43:12.234+0000] {local_task_job_runner.py:234} INFO - Task exited with return code 1
[2024-04-07T12:43:12.255+0000] {taskinstance.py:3309} INFO - 0 downstream tasks scheduled from follow-on schedule check
