[2024-04-07T12:50:56.757+0000] {taskinstance.py:1979} INFO - Dependencies all met for dep_context=non-requeueable deps ti=<TaskInstance: kolesa_dag_2.save_data manual__2024-04-07T12:42:46.542394+00:00 [queued]>
[2024-04-07T12:50:56.777+0000] {taskinstance.py:1979} INFO - Dependencies all met for dep_context=requeueable deps ti=<TaskInstance: kolesa_dag_2.save_data manual__2024-04-07T12:42:46.542394+00:00 [queued]>
[2024-04-07T12:50:56.778+0000] {taskinstance.py:2193} INFO - Starting attempt 5 of 5
[2024-04-07T12:50:56.808+0000] {taskinstance.py:2214} INFO - Executing <Task(PythonOperator): save_data> on 2024-04-07 12:42:46.542394+00:00
[2024-04-07T12:50:56.816+0000] {standard_task_runner.py:60} INFO - Started process 387 to run task
[2024-04-07T12:50:56.824+0000] {standard_task_runner.py:87} INFO - Running: ['***', 'tasks', 'run', 'kolesa_dag_2', 'save_data', 'manual__2024-04-07T12:42:46.542394+00:00', '--job-id', '53', '--raw', '--subdir', 'DAGS_FOLDER/kolesa_parsing_2.py', '--cfg-path', '/tmp/tmp5ktcb7_c']
[2024-04-07T12:50:56.830+0000] {standard_task_runner.py:88} INFO - Job 53: Subtask save_data
[2024-04-07T12:50:56.922+0000] {task_command.py:423} INFO - Running <TaskInstance: kolesa_dag_2.save_data manual__2024-04-07T12:42:46.542394+00:00 [running]> on host ea291b369450
[2024-04-07T12:50:57.262+0000] {taskinstance.py:2510} INFO - Exporting env vars: AIRFLOW_CTX_DAG_OWNER='***' AIRFLOW_CTX_DAG_ID='kolesa_dag_2' AIRFLOW_CTX_TASK_ID='save_data' AIRFLOW_CTX_EXECUTION_DATE='2024-04-07T12:42:46.542394+00:00' AIRFLOW_CTX_TRY_NUMBER='5' AIRFLOW_CTX_DAG_RUN_ID='manual__2024-04-07T12:42:46.542394+00:00'
[2024-04-07T12:50:57.284+0000] {taskinstance.py:2728} ERROR - Task failed with exception
Traceback (most recent call last):
  File "/home/airflow/.local/lib/python3.8/site-packages/airflow/models/taskinstance.py", line 444, in _execute_task
    result = _execute_callable(context=context, **execute_callable_kwargs)
  File "/home/airflow/.local/lib/python3.8/site-packages/airflow/models/taskinstance.py", line 414, in _execute_callable
    return execute_callable(context=context, **execute_callable_kwargs)
  File "/home/airflow/.local/lib/python3.8/site-packages/airflow/operators/python.py", line 200, in execute
    return_value = self.execute_callable()
  File "/home/airflow/.local/lib/python3.8/site-packages/airflow/operators/python.py", line 217, in execute_callable
    return self.python_callable(*self.op_args, **self.op_kwargs)
  File "/opt/airflow/dags/kolesa_parsing_2.py", line 24, in save_data
    rows, columns = transformed_data
TypeError: cannot unpack non-iterable NoneType object
[2024-04-07T12:50:57.303+0000] {taskinstance.py:1149} INFO - Marking task as FAILED. dag_id=kolesa_dag_2, task_id=save_data, execution_date=20240407T124246, start_date=20240407T125056, end_date=20240407T125057
[2024-04-07T12:50:57.322+0000] {standard_task_runner.py:107} ERROR - Failed to execute job 53 for task save_data (cannot unpack non-iterable NoneType object; 387)
[2024-04-07T12:50:57.365+0000] {local_task_job_runner.py:234} INFO - Task exited with return code 1
[2024-04-07T12:50:57.392+0000] {taskinstance.py:3309} INFO - 0 downstream tasks scheduled from follow-on schedule check
