[2024-03-17T10:31:19.683+0000] {taskinstance.py:1979} INFO - Dependencies all met for dep_context=non-requeueable deps ti=<TaskInstance: movie_night.create_table manual__2024-03-17T10:31:17.193797+00:00 [queued]>
[2024-03-17T10:31:19.705+0000] {taskinstance.py:1979} INFO - Dependencies all met for dep_context=requeueable deps ti=<TaskInstance: movie_night.create_table manual__2024-03-17T10:31:17.193797+00:00 [queued]>
[2024-03-17T10:31:19.709+0000] {taskinstance.py:2193} INFO - Starting attempt 1 of 1
[2024-03-17T10:31:19.765+0000] {taskinstance.py:2214} INFO - Executing <Task(PostgresOperator): create_table> on 2024-03-17 10:31:17.193797+00:00
[2024-03-17T10:31:19.777+0000] {standard_task_runner.py:60} INFO - Started process 374 to run task
[2024-03-17T10:31:19.787+0000] {standard_task_runner.py:87} INFO - Running: ['***', 'tasks', 'run', 'movie_night', 'create_table', 'manual__2024-03-17T10:31:17.193797+00:00', '--job-id', '6', '--raw', '--subdir', 'DAGS_FOLDER/simple_insert_movies.py', '--cfg-path', '/tmp/tmpuy_9kwzt']
[2024-03-17T10:31:19.792+0000] {standard_task_runner.py:88} INFO - Job 6: Subtask create_table
[2024-03-17T10:31:19.934+0000] {task_command.py:423} INFO - Running <TaskInstance: movie_night.create_table manual__2024-03-17T10:31:17.193797+00:00 [running]> on host f145938a9b61
[2024-03-17T10:31:20.263+0000] {taskinstance.py:2510} INFO - Exporting env vars: AIRFLOW_CTX_DAG_OWNER='***' AIRFLOW_CTX_DAG_ID='movie_night' AIRFLOW_CTX_TASK_ID='create_table' AIRFLOW_CTX_EXECUTION_DATE='2024-03-17T10:31:17.193797+00:00' AIRFLOW_CTX_TRY_NUMBER='1' AIRFLOW_CTX_DAG_RUN_ID='manual__2024-03-17T10:31:17.193797+00:00'
[2024-03-17T10:31:20.265+0000] {sql.py:276} INFO - Executing: CREATE TABLE IF NOT EXISTS Movies(
    id SERIAL PRIMARY KEY,
    title VARCHAR(255) NOT NULL,
    year INT,
    director VARCHAR(255),
    genre VARCHAR(255),
    country VARCHAR(255)
)
[2024-03-17T10:31:20.283+0000] {base.py:83} INFO - Using connection ID 'dwh' for task execution.
[2024-03-17T10:31:20.299+0000] {base.py:83} INFO - Using connection ID 'dwh' for task execution.
[2024-03-17T10:31:20.301+0000] {taskinstance.py:2728} ERROR - Task failed with exception
Traceback (most recent call last):
  File "/home/airflow/.local/lib/python3.8/site-packages/airflow/models/taskinstance.py", line 444, in _execute_task
    result = _execute_callable(context=context, **execute_callable_kwargs)
  File "/home/airflow/.local/lib/python3.8/site-packages/airflow/models/taskinstance.py", line 414, in _execute_callable
    return execute_callable(context=context, **execute_callable_kwargs)
  File "/home/airflow/.local/lib/python3.8/site-packages/airflow/providers/common/sql/operators/sql.py", line 282, in execute
    output = hook.run(
  File "/home/airflow/.local/lib/python3.8/site-packages/airflow/providers/common/sql/hooks/sql.py", line 397, in run
    with closing(self.get_conn()) as conn:
  File "/home/airflow/.local/lib/python3.8/site-packages/airflow/providers/postgres/hooks/postgres.py", line 161, in get_conn
    self.conn = psycopg2.connect(**conn_args)
  File "/home/airflow/.local/lib/python3.8/site-packages/psycopg2/__init__.py", line 122, in connect
    conn = _connect(dsn, connection_factory=connection_factory, **kwasync)
psycopg2.OperationalError: connection to server at "localhost" (127.0.0.1), port 5432 failed: Connection refused
	Is the server running on that host and accepting TCP/IP connections?
connection to server at "localhost" (::1), port 5432 failed: Cannot assign requested address
	Is the server running on that host and accepting TCP/IP connections?

[2024-03-17T10:31:20.317+0000] {taskinstance.py:1149} INFO - Marking task as FAILED. dag_id=movie_night, task_id=create_table, execution_date=20240317T103117, start_date=20240317T103119, end_date=20240317T103120
[2024-03-17T10:31:20.349+0000] {standard_task_runner.py:107} ERROR - Failed to execute job 6 for task create_table (connection to server at "localhost" (127.0.0.1), port 5432 failed: Connection refused
	Is the server running on that host and accepting TCP/IP connections?
connection to server at "localhost" (::1), port 5432 failed: Cannot assign requested address
	Is the server running on that host and accepting TCP/IP connections?
; 374)
[2024-03-17T10:31:20.378+0000] {local_task_job_runner.py:234} INFO - Task exited with return code 1
[2024-03-17T10:31:20.424+0000] {taskinstance.py:3309} INFO - 0 downstream tasks scheduled from follow-on schedule check
