[2024-04-14T08:51:59.858+0000] {taskinstance.py:1979} INFO - Dependencies all met for dep_context=non-requeueable deps ti=<TaskInstance: currency_parsing.fetch_data scheduled__2024-01-23T00:00:00+00:00 [queued]>
[2024-04-14T08:52:00.011+0000] {taskinstance.py:1979} INFO - Dependencies all met for dep_context=requeueable deps ti=<TaskInstance: currency_parsing.fetch_data scheduled__2024-01-23T00:00:00+00:00 [queued]>
[2024-04-14T08:52:00.049+0000] {taskinstance.py:2193} INFO - Starting attempt 1 of 2
[2024-04-14T08:52:00.253+0000] {taskinstance.py:2214} INFO - Executing <Task(PythonOperator): fetch_data> on 2024-01-23 00:00:00+00:00
[2024-04-14T08:52:00.307+0000] {standard_task_runner.py:60} INFO - Started process 981 to run task
[2024-04-14T08:52:00.357+0000] {standard_task_runner.py:87} INFO - Running: ['***', 'tasks', 'run', 'currency_parsing', 'fetch_data', 'scheduled__2024-01-23T00:00:00+00:00', '--job-id', '258', '--raw', '--subdir', 'DAGS_FOLDER/currency_parsing.py', '--cfg-path', '/tmp/tmp9gzbvjsf']
[2024-04-14T08:52:00.387+0000] {standard_task_runner.py:88} INFO - Job 258: Subtask fetch_data
[2024-04-14T08:52:00.939+0000] {task_command.py:423} INFO - Running <TaskInstance: currency_parsing.fetch_data scheduled__2024-01-23T00:00:00+00:00 [running]> on host e8a1e0443283
[2024-04-14T08:52:01.768+0000] {taskinstance.py:2510} INFO - Exporting env vars: AIRFLOW_CTX_DAG_OWNER='***' AIRFLOW_CTX_DAG_ID='currency_parsing' AIRFLOW_CTX_TASK_ID='fetch_data' AIRFLOW_CTX_EXECUTION_DATE='2024-01-23T00:00:00+00:00' AIRFLOW_CTX_TRY_NUMBER='1' AIRFLOW_CTX_DAG_RUN_ID='scheduled__2024-01-23T00:00:00+00:00'
[2024-04-14T08:52:02.068+0000] {base.py:83} INFO - Using connection ID 'dwh' for task execution.
[2024-04-14T08:52:02.116+0000] {sql.py:572} INFO - Done loading. Loaded a total of 39 rows into currency_parsing
[2024-04-14T08:52:02.133+0000] {python.py:202} INFO - Done. Returned value was: None
[2024-04-14T08:52:02.170+0000] {taskinstance.py:1149} INFO - Marking task as SUCCESS. dag_id=currency_parsing, task_id=fetch_data, execution_date=20240123T000000, start_date=20240414T085159, end_date=20240414T085202
[2024-04-14T08:52:02.683+0000] {local_task_job_runner.py:234} INFO - Task exited with return code 0
[2024-04-14T08:52:03.069+0000] {taskinstance.py:3309} INFO - 0 downstream tasks scheduled from follow-on schedule check
[2024-04-14T10:09:07.919+0000] {taskinstance.py:1979} INFO - Dependencies all met for dep_context=non-requeueable deps ti=<TaskInstance: currency_parsing.fetch_data scheduled__2024-01-23T00:00:00+00:00 [queued]>
[2024-04-14T10:09:08.170+0000] {taskinstance.py:1979} INFO - Dependencies all met for dep_context=requeueable deps ti=<TaskInstance: currency_parsing.fetch_data scheduled__2024-01-23T00:00:00+00:00 [queued]>
[2024-04-14T10:09:08.182+0000] {taskinstance.py:2193} INFO - Starting attempt 1 of 2
[2024-04-14T10:09:09.541+0000] {taskinstance.py:2214} INFO - Executing <Task(PythonOperator): fetch_data> on 2024-01-23 00:00:00+00:00
[2024-04-14T10:09:09.894+0000] {standard_task_runner.py:60} INFO - Started process 302 to run task
[2024-04-14T10:09:09.996+0000] {standard_task_runner.py:87} INFO - Running: ['***', 'tasks', 'run', 'currency_parsing', 'fetch_data', 'scheduled__2024-01-23T00:00:00+00:00', '--job-id', '566', '--raw', '--subdir', 'DAGS_FOLDER/currency_parsing.py', '--cfg-path', '/tmp/tmpc7s1n3ym']
[2024-04-14T10:09:10.233+0000] {standard_task_runner.py:88} INFO - Job 566: Subtask fetch_data
[2024-04-14T10:09:11.335+0000] {task_command.py:423} INFO - Running <TaskInstance: currency_parsing.fetch_data scheduled__2024-01-23T00:00:00+00:00 [running]> on host 1c15aab9396c
[2024-04-14T10:09:12.107+0000] {taskinstance.py:2510} INFO - Exporting env vars: AIRFLOW_CTX_DAG_OWNER='***' AIRFLOW_CTX_DAG_ID='currency_parsing' AIRFLOW_CTX_TASK_ID='fetch_data' AIRFLOW_CTX_EXECUTION_DATE='2024-01-23T00:00:00+00:00' AIRFLOW_CTX_TRY_NUMBER='1' AIRFLOW_CTX_DAG_RUN_ID='scheduled__2024-01-23T00:00:00+00:00'
[2024-04-14T10:09:12.341+0000] {base.py:83} INFO - Using connection ID 'dwh' for task execution.
[2024-04-14T10:09:12.426+0000] {sql.py:572} INFO - Done loading. Loaded a total of 39 rows into currency_parsing
[2024-04-14T10:09:12.431+0000] {python.py:202} INFO - Done. Returned value was: None
[2024-04-14T10:09:12.457+0000] {taskinstance.py:1149} INFO - Marking task as SUCCESS. dag_id=currency_parsing, task_id=fetch_data, execution_date=20240123T000000, start_date=20240414T100907, end_date=20240414T100912
[2024-04-14T10:09:12.738+0000] {local_task_job_runner.py:234} INFO - Task exited with return code 0
[2024-04-14T10:09:12.957+0000] {taskinstance.py:3309} INFO - 0 downstream tasks scheduled from follow-on schedule check
