[2024-04-21T11:06:06.214+0000] {taskinstance.py:1979} INFO - Dependencies all met for dep_context=non-requeueable deps ti=<TaskInstance: currency_parsing.get_data_usd scheduled__2024-04-18T00:00:00+00:00 [queued]>
[2024-04-21T11:06:06.314+0000] {taskinstance.py:1979} INFO - Dependencies all met for dep_context=requeueable deps ti=<TaskInstance: currency_parsing.get_data_usd scheduled__2024-04-18T00:00:00+00:00 [queued]>
[2024-04-21T11:06:06.321+0000] {taskinstance.py:2193} INFO - Starting attempt 1 of 2
[2024-04-21T11:06:06.501+0000] {taskinstance.py:2214} INFO - Executing <Task(PythonOperator): get_data_usd> on 2024-04-18 00:00:00+00:00
[2024-04-21T11:06:06.520+0000] {standard_task_runner.py:60} INFO - Started process 2735 to run task
[2024-04-21T11:06:06.594+0000] {standard_task_runner.py:87} INFO - Running: ['***', 'tasks', 'run', 'currency_parsing', 'get_data_usd', 'scheduled__2024-04-18T00:00:00+00:00', '--job-id', '2079', '--raw', '--subdir', 'DAGS_FOLDER/stage/currency_parsing.py', '--cfg-path', '/tmp/tmpwa6mbdtl']
[2024-04-21T11:06:06.638+0000] {standard_task_runner.py:88} INFO - Job 2079: Subtask get_data_usd
[2024-04-21T11:06:07.016+0000] {task_command.py:423} INFO - Running <TaskInstance: currency_parsing.get_data_usd scheduled__2024-04-18T00:00:00+00:00 [running]> on host e671688b1343
[2024-04-21T11:06:07.489+0000] {warnings.py:109} WARNING - /home/***/.local/lib/python3.8/site-packages/***/utils/context.py:207: AirflowContextDeprecationWarning: Accessing 'execution_date' from the template is deprecated and will be removed in a future version. Please use 'data_interval_start' or 'logical_date' instead.
  warnings.warn(_create_deprecation_warning(key, self._deprecation_replacements[key]))

[2024-04-21T11:06:07.790+0000] {taskinstance.py:2510} INFO - Exporting env vars: AIRFLOW_CTX_DAG_OWNER='***' AIRFLOW_CTX_DAG_ID='currency_parsing' AIRFLOW_CTX_TASK_ID='get_data_usd' AIRFLOW_CTX_EXECUTION_DATE='2024-04-18T00:00:00+00:00' AIRFLOW_CTX_TRY_NUMBER='1' AIRFLOW_CTX_DAG_RUN_ID='scheduled__2024-04-18T00:00:00+00:00'
[2024-04-21T11:06:09.142+0000] {python.py:202} INFO - Done. Returned value was: ([['AUD', 1.55284017, '2024-4-17'], ['BGN', 1.8347203164, '2024-4-17'], ['BRL', 5.2426209772, '2024-4-17'], ['CAD', 1.3769502467, '2024-4-17'], ['CHF', 0.9105201091, '2024-4-17'], ['CNY', 7.2370708225, '2024-4-17'], ['CZK', 23.6422428495, '2024-4-17'], ['DKK', 6.9918808524, '2024-4-17'], ['EUR', 0.9370701113, '2024-4-17'], ['GBP', 0.8029101209, '2024-4-17'], ['HKD', 7.8271711283, '2024-4-17'], ['HRK', 6.7970210287, '2024-4-17'], ['HUF', 368.0466654418, '2024-4-17'], ['IDR', 16203.364091178, '2024-4-17'], ['ILS', 3.788920627, '2024-4-17'], ['INR', 83.5435739083, '2024-4-17'], ['ISK', 142.0925598236, '2024-4-17'], ['JPY', 154.3248943979, '2024-4-17'], ['KRW', 1377.0947848532, '2024-4-17'], ['MXN', 16.965002999, '2024-4-17'], ['MYR', 4.7907206066, '2024-4-17'], ['NOK', 11.0018713634, '2024-4-17'], ['NZD', 1.6908202884, '2024-4-17'], ['PHP', 57.2651366922, '2024-4-17'], ['PLN', 4.0640906244, '2024-4-17'], ['RON', 4.6623305223, '2024-4-17'], ['RUB', 94.0713250658, '2024-4-17'], ['SEK', 10.9376419582, '2024-4-17'], ['SGD', 1.3601902139, '2024-4-17'], ['THB', 36.7903739975, '2024-4-17'], ['TRY', 32.4750557169, '2024-4-17'], ['USD', 1, '2024-4-17'], ['ZAR', 18.9996527717, '2024-4-17']], ['title', 'rate', 'date'])
[2024-04-21T11:06:09.415+0000] {taskinstance.py:1149} INFO - Marking task as SUCCESS. dag_id=currency_parsing, task_id=get_data_usd, execution_date=20240418T000000, start_date=20240421T110606, end_date=20240421T110609
[2024-04-21T11:06:09.895+0000] {local_task_job_runner.py:234} INFO - Task exited with return code 0
[2024-04-21T11:06:10.606+0000] {taskinstance.py:3309} INFO - 0 downstream tasks scheduled from follow-on schedule check
[2024-04-27T12:24:58.024+0000] {taskinstance.py:1979} INFO - Dependencies all met for dep_context=non-requeueable deps ti=<TaskInstance: currency_parsing.get_data_usd scheduled__2024-04-18T00:00:00+00:00 [queued]>
[2024-04-27T12:24:58.107+0000] {taskinstance.py:1979} INFO - Dependencies all met for dep_context=requeueable deps ti=<TaskInstance: currency_parsing.get_data_usd scheduled__2024-04-18T00:00:00+00:00 [queued]>
[2024-04-27T12:24:58.109+0000] {taskinstance.py:2193} INFO - Starting attempt 1 of 2
[2024-04-27T12:24:58.350+0000] {taskinstance.py:2214} INFO - Executing <Task(PythonOperator): get_data_usd> on 2024-04-18 00:00:00+00:00
[2024-04-27T12:24:58.449+0000] {standard_task_runner.py:60} INFO - Started process 2216 to run task
[2024-04-27T12:24:58.516+0000] {standard_task_runner.py:87} INFO - Running: ['***', 'tasks', 'run', 'currency_parsing', 'get_data_usd', 'scheduled__2024-04-18T00:00:00+00:00', '--job-id', '2432', '--raw', '--subdir', 'DAGS_FOLDER/stage/currency_parsing.py', '--cfg-path', '/tmp/tmp55syuz5n']
[2024-04-27T12:24:58.562+0000] {standard_task_runner.py:88} INFO - Job 2432: Subtask get_data_usd
[2024-04-27T12:24:59.671+0000] {task_command.py:423} INFO - Running <TaskInstance: currency_parsing.get_data_usd scheduled__2024-04-18T00:00:00+00:00 [running]> on host 65a8688265d1
[2024-04-27T12:25:02.726+0000] {warnings.py:109} WARNING - /home/***/.local/lib/python3.8/site-packages/***/utils/context.py:207: AirflowContextDeprecationWarning: Accessing 'execution_date' from the template is deprecated and will be removed in a future version. Please use 'data_interval_start' or 'logical_date' instead.
  warnings.warn(_create_deprecation_warning(key, self._deprecation_replacements[key]))

[2024-04-27T12:25:04.925+0000] {taskinstance.py:2510} INFO - Exporting env vars: AIRFLOW_CTX_DAG_OWNER='***' AIRFLOW_CTX_DAG_ID='currency_parsing' AIRFLOW_CTX_TASK_ID='get_data_usd' AIRFLOW_CTX_EXECUTION_DATE='2024-04-18T00:00:00+00:00' AIRFLOW_CTX_TRY_NUMBER='1' AIRFLOW_CTX_DAG_RUN_ID='scheduled__2024-04-18T00:00:00+00:00'
[2024-04-27T12:25:43.791+0000] {python.py:202} INFO - Done. Returned value was: ([['AUD', 1.55284017, '2024-4-17'], ['BGN', 1.8347203164, '2024-4-17'], ['BRL', 5.2426209772, '2024-4-17'], ['CAD', 1.3769502467, '2024-4-17'], ['CHF', 0.9105201091, '2024-4-17'], ['CNY', 7.2370708225, '2024-4-17'], ['CZK', 23.6422428495, '2024-4-17'], ['DKK', 6.9918808524, '2024-4-17'], ['EUR', 0.9370701113, '2024-4-17'], ['GBP', 0.8029101209, '2024-4-17'], ['HKD', 7.8271711283, '2024-4-17'], ['HRK', 6.7970210287, '2024-4-17'], ['HUF', 368.0466654418, '2024-4-17'], ['IDR', 16203.364091178, '2024-4-17'], ['ILS', 3.788920627, '2024-4-17'], ['INR', 83.5435739083, '2024-4-17'], ['ISK', 142.0925598236, '2024-4-17'], ['JPY', 154.3248943979, '2024-4-17'], ['KRW', 1377.0947848532, '2024-4-17'], ['MXN', 16.965002999, '2024-4-17'], ['MYR', 4.7907206066, '2024-4-17'], ['NOK', 11.0018713634, '2024-4-17'], ['NZD', 1.6908202884, '2024-4-17'], ['PHP', 57.2651366922, '2024-4-17'], ['PLN', 4.0640906244, '2024-4-17'], ['RON', 4.6623305223, '2024-4-17'], ['RUB', 94.0713250658, '2024-4-17'], ['SEK', 10.9376419582, '2024-4-17'], ['SGD', 1.3601902139, '2024-4-17'], ['THB', 36.7903739975, '2024-4-17'], ['TRY', 32.4750557169, '2024-4-17'], ['USD', 1, '2024-4-17'], ['ZAR', 18.9996527717, '2024-4-17']], ['title', 'rate', 'date'])
[2024-04-27T12:25:44.767+0000] {taskinstance.py:1149} INFO - Marking task as SUCCESS. dag_id=currency_parsing, task_id=get_data_usd, execution_date=20240418T000000, start_date=20240427T122458, end_date=20240427T122544
[2024-04-27T12:25:45.217+0000] {local_task_job_runner.py:234} INFO - Task exited with return code 0
[2024-04-27T12:25:45.362+0000] {warnings.py:109} WARNING - /home/***/.local/lib/python3.8/site-packages/***/models/baseoperator.py:1201: AirflowProviderDeprecationWarning: Call to deprecated class PostgresOperator. (Please use `***.providers.common.sql.operators.sql.SQLExecuteQueryOperator`.Also, you can provide `hook_params={'schema': <database>}`.)
  result = cls.__new__(cls)

[2024-04-27T12:25:45.779+0000] {taskinstance.py:3309} INFO - 1 downstream tasks scheduled from follow-on schedule check
