[2024-04-21T11:04:07.377+0000] {taskinstance.py:1979} INFO - Dependencies all met for dep_context=non-requeueable deps ti=<TaskInstance: currency_parsing.fetch_data_usd scheduled__2024-04-03T00:00:00+00:00 [queued]>
[2024-04-21T11:04:07.533+0000] {taskinstance.py:1979} INFO - Dependencies all met for dep_context=requeueable deps ti=<TaskInstance: currency_parsing.fetch_data_usd scheduled__2024-04-03T00:00:00+00:00 [queued]>
[2024-04-21T11:04:07.535+0000] {taskinstance.py:2193} INFO - Starting attempt 1 of 2
[2024-04-21T11:04:08.094+0000] {taskinstance.py:2214} INFO - Executing <Task(PythonOperator): fetch_data_usd> on 2024-04-03 00:00:00+00:00
[2024-04-21T11:04:08.120+0000] {standard_task_runner.py:60} INFO - Started process 2458 to run task
[2024-04-21T11:04:08.209+0000] {standard_task_runner.py:87} INFO - Running: ['***', 'tasks', 'run', 'currency_parsing', 'fetch_data_usd', 'scheduled__2024-04-03T00:00:00+00:00', '--job-id', '1952', '--raw', '--subdir', 'DAGS_FOLDER/stage/currency_parsing.py', '--cfg-path', '/tmp/tmpx8lxwgc8']
[2024-04-21T11:04:08.285+0000] {standard_task_runner.py:88} INFO - Job 1952: Subtask fetch_data_usd
[2024-04-21T11:04:08.754+0000] {task_command.py:423} INFO - Running <TaskInstance: currency_parsing.fetch_data_usd scheduled__2024-04-03T00:00:00+00:00 [running]> on host e671688b1343
[2024-04-21T11:04:09.655+0000] {taskinstance.py:2510} INFO - Exporting env vars: AIRFLOW_CTX_DAG_OWNER='***' AIRFLOW_CTX_DAG_ID='currency_parsing' AIRFLOW_CTX_TASK_ID='fetch_data_usd' AIRFLOW_CTX_EXECUTION_DATE='2024-04-03T00:00:00+00:00' AIRFLOW_CTX_TRY_NUMBER='1' AIRFLOW_CTX_DAG_RUN_ID='scheduled__2024-04-03T00:00:00+00:00'
[2024-04-21T11:04:09.868+0000] {base.py:83} INFO - Using connection ID 'dwh' for task execution.
[2024-04-21T11:04:09.953+0000] {sql.py:572} INFO - Done loading. Loaded a total of 33 rows into stage.currency_parsing_usd
[2024-04-21T11:04:09.955+0000] {python.py:202} INFO - Done. Returned value was: None
[2024-04-21T11:04:10.107+0000] {taskinstance.py:1149} INFO - Marking task as SUCCESS. dag_id=currency_parsing, task_id=fetch_data_usd, execution_date=20240403T000000, start_date=20240421T110407, end_date=20240421T110410
[2024-04-21T11:04:10.650+0000] {local_task_job_runner.py:234} INFO - Task exited with return code 0
[2024-04-21T11:04:10.860+0000] {taskinstance.py:3309} INFO - 0 downstream tasks scheduled from follow-on schedule check
[2024-04-27T12:22:09.818+0000] {taskinstance.py:1979} INFO - Dependencies all met for dep_context=non-requeueable deps ti=<TaskInstance: currency_parsing.fetch_data_usd scheduled__2024-04-03T00:00:00+00:00 [queued]>
[2024-04-27T12:22:10.359+0000] {taskinstance.py:1979} INFO - Dependencies all met for dep_context=requeueable deps ti=<TaskInstance: currency_parsing.fetch_data_usd scheduled__2024-04-03T00:00:00+00:00 [queued]>
[2024-04-27T12:22:10.386+0000] {taskinstance.py:2193} INFO - Starting attempt 1 of 2
[2024-04-27T12:22:10.946+0000] {taskinstance.py:2214} INFO - Executing <Task(PythonOperator): fetch_data_usd> on 2024-04-03 00:00:00+00:00
[2024-04-27T12:22:11.148+0000] {standard_task_runner.py:60} INFO - Started process 2045 to run task
[2024-04-27T12:22:11.484+0000] {standard_task_runner.py:87} INFO - Running: ['***', 'tasks', 'run', 'currency_parsing', 'fetch_data_usd', 'scheduled__2024-04-03T00:00:00+00:00', '--job-id', '2360', '--raw', '--subdir', 'DAGS_FOLDER/stage/currency_parsing.py', '--cfg-path', '/tmp/tmpi4icupx7']
[2024-04-27T12:22:11.720+0000] {standard_task_runner.py:88} INFO - Job 2360: Subtask fetch_data_usd
[2024-04-27T12:22:12.896+0000] {task_command.py:423} INFO - Running <TaskInstance: currency_parsing.fetch_data_usd scheduled__2024-04-03T00:00:00+00:00 [running]> on host 65a8688265d1
[2024-04-27T12:22:15.756+0000] {taskinstance.py:2510} INFO - Exporting env vars: AIRFLOW_CTX_DAG_OWNER='***' AIRFLOW_CTX_DAG_ID='currency_parsing' AIRFLOW_CTX_TASK_ID='fetch_data_usd' AIRFLOW_CTX_EXECUTION_DATE='2024-04-03T00:00:00+00:00' AIRFLOW_CTX_TRY_NUMBER='1' AIRFLOW_CTX_DAG_RUN_ID='scheduled__2024-04-03T00:00:00+00:00'
[2024-04-27T12:22:16.088+0000] {base.py:83} INFO - Using connection ID 'dwh' for task execution.
[2024-04-27T12:22:16.191+0000] {sql.py:572} INFO - Done loading. Loaded a total of 33 rows into stage.currency_parsing_usd
[2024-04-27T12:22:16.193+0000] {python.py:202} INFO - Done. Returned value was: None
[2024-04-27T12:22:16.277+0000] {taskinstance.py:1149} INFO - Marking task as SUCCESS. dag_id=currency_parsing, task_id=fetch_data_usd, execution_date=20240403T000000, start_date=20240427T122209, end_date=20240427T122216
[2024-04-27T12:22:16.915+0000] {local_task_job_runner.py:234} INFO - Task exited with return code 0
[2024-04-27T12:22:17.066+0000] {warnings.py:109} WARNING - /home/***/.local/lib/python3.8/site-packages/***/models/baseoperator.py:1201: AirflowProviderDeprecationWarning: Call to deprecated class PostgresOperator. (Please use `***.providers.common.sql.operators.sql.SQLExecuteQueryOperator`.Also, you can provide `hook_params={'schema': <database>}`.)
  result = cls.__new__(cls)

[2024-04-27T12:22:17.348+0000] {taskinstance.py:3309} INFO - 1 downstream tasks scheduled from follow-on schedule check
