[2024-04-26T10:33:00.380+0000] {taskinstance.py:1979} INFO - Dependencies all met for dep_context=non-requeueable deps ti=<TaskInstance: currency_parsing.fetch_data_usd scheduled__2024-04-25T00:00:00+00:00 [queued]>
[2024-04-26T10:33:00.440+0000] {taskinstance.py:1979} INFO - Dependencies all met for dep_context=requeueable deps ti=<TaskInstance: currency_parsing.fetch_data_usd scheduled__2024-04-25T00:00:00+00:00 [queued]>
[2024-04-26T10:33:00.442+0000] {taskinstance.py:2193} INFO - Starting attempt 1 of 2
[2024-04-26T10:33:00.502+0000] {taskinstance.py:2214} INFO - Executing <Task(PythonOperator): fetch_data_usd> on 2024-04-25 00:00:00+00:00
[2024-04-26T10:33:00.527+0000] {standard_task_runner.py:60} INFO - Started process 276 to run task
[2024-04-26T10:33:00.558+0000] {standard_task_runner.py:87} INFO - Running: ['***', 'tasks', 'run', 'currency_parsing', 'fetch_data_usd', 'scheduled__2024-04-25T00:00:00+00:00', '--job-id', '2182', '--raw', '--subdir', 'DAGS_FOLDER/stage/currency_parsing.py', '--cfg-path', '/tmp/tmpx04fh72k']
[2024-04-26T10:33:00.578+0000] {standard_task_runner.py:88} INFO - Job 2182: Subtask fetch_data_usd
[2024-04-26T10:33:00.799+0000] {task_command.py:423} INFO - Running <TaskInstance: currency_parsing.fetch_data_usd scheduled__2024-04-25T00:00:00+00:00 [running]> on host 4284c2c978e3
[2024-04-26T10:33:01.353+0000] {taskinstance.py:2510} INFO - Exporting env vars: AIRFLOW_CTX_DAG_OWNER='***' AIRFLOW_CTX_DAG_ID='currency_parsing' AIRFLOW_CTX_TASK_ID='fetch_data_usd' AIRFLOW_CTX_EXECUTION_DATE='2024-04-25T00:00:00+00:00' AIRFLOW_CTX_TRY_NUMBER='1' AIRFLOW_CTX_DAG_RUN_ID='scheduled__2024-04-25T00:00:00+00:00'
[2024-04-26T10:33:01.477+0000] {base.py:83} INFO - Using connection ID 'dwh' for task execution.
[2024-04-26T10:33:01.520+0000] {sql.py:572} INFO - Done loading. Loaded a total of 33 rows into stage.currency_parsing_usd
[2024-04-26T10:33:01.526+0000] {python.py:202} INFO - Done. Returned value was: None
[2024-04-26T10:33:01.560+0000] {taskinstance.py:1149} INFO - Marking task as SUCCESS. dag_id=currency_parsing, task_id=fetch_data_usd, execution_date=20240425T000000, start_date=20240426T103300, end_date=20240426T103301
[2024-04-26T10:33:01.625+0000] {local_task_job_runner.py:234} INFO - Task exited with return code 0
[2024-04-26T10:33:01.712+0000] {taskinstance.py:3309} INFO - 0 downstream tasks scheduled from follow-on schedule check
[2024-04-26T13:16:27.047+0000] {taskinstance.py:1979} INFO - Dependencies all met for dep_context=non-requeueable deps ti=<TaskInstance: currency_parsing.fetch_data_usd scheduled__2024-04-25T00:00:00+00:00 [queued]>
[2024-04-26T13:16:27.373+0000] {taskinstance.py:1979} INFO - Dependencies all met for dep_context=requeueable deps ti=<TaskInstance: currency_parsing.fetch_data_usd scheduled__2024-04-25T00:00:00+00:00 [queued]>
[2024-04-26T13:16:27.376+0000] {taskinstance.py:2193} INFO - Starting attempt 1 of 2
[2024-04-26T13:16:29.116+0000] {taskinstance.py:2214} INFO - Executing <Task(PythonOperator): fetch_data_usd> on 2024-04-25 00:00:00+00:00
[2024-04-26T13:16:29.151+0000] {standard_task_runner.py:60} INFO - Started process 449 to run task
[2024-04-26T13:16:29.170+0000] {standard_task_runner.py:87} INFO - Running: ['***', 'tasks', 'run', 'currency_parsing', 'fetch_data_usd', 'scheduled__2024-04-25T00:00:00+00:00', '--job-id', '2222', '--raw', '--subdir', 'DAGS_FOLDER/stage/currency_parsing.py', '--cfg-path', '/tmp/tmpq2zyopti']
[2024-04-26T13:16:29.181+0000] {standard_task_runner.py:88} INFO - Job 2222: Subtask fetch_data_usd
[2024-04-26T13:16:32.304+0000] {task_command.py:423} INFO - Running <TaskInstance: currency_parsing.fetch_data_usd scheduled__2024-04-25T00:00:00+00:00 [running]> on host 65a8688265d1
[2024-04-26T13:16:34.455+0000] {taskinstance.py:2510} INFO - Exporting env vars: AIRFLOW_CTX_DAG_OWNER='***' AIRFLOW_CTX_DAG_ID='currency_parsing' AIRFLOW_CTX_TASK_ID='fetch_data_usd' AIRFLOW_CTX_EXECUTION_DATE='2024-04-25T00:00:00+00:00' AIRFLOW_CTX_TRY_NUMBER='1' AIRFLOW_CTX_DAG_RUN_ID='scheduled__2024-04-25T00:00:00+00:00'
[2024-04-26T13:16:34.645+0000] {base.py:83} INFO - Using connection ID 'dwh' for task execution.
[2024-04-26T13:16:34.715+0000] {sql.py:572} INFO - Done loading. Loaded a total of 33 rows into stage.currency_parsing_usd
[2024-04-26T13:16:34.717+0000] {python.py:202} INFO - Done. Returned value was: None
[2024-04-26T13:16:34.764+0000] {taskinstance.py:1149} INFO - Marking task as SUCCESS. dag_id=currency_parsing, task_id=fetch_data_usd, execution_date=20240425T000000, start_date=20240426T131627, end_date=20240426T131634
[2024-04-26T13:16:35.038+0000] {local_task_job_runner.py:234} INFO - Task exited with return code 0
[2024-04-26T13:16:35.300+0000] {taskinstance.py:3309} INFO - 0 downstream tasks scheduled from follow-on schedule check
[2024-04-27T12:31:39.500+0000] {taskinstance.py:1979} INFO - Dependencies all met for dep_context=non-requeueable deps ti=<TaskInstance: currency_parsing.fetch_data_usd scheduled__2024-04-25T00:00:00+00:00 [queued]>
[2024-04-27T12:31:39.866+0000] {taskinstance.py:1979} INFO - Dependencies all met for dep_context=requeueable deps ti=<TaskInstance: currency_parsing.fetch_data_usd scheduled__2024-04-25T00:00:00+00:00 [queued]>
[2024-04-27T12:31:39.871+0000] {taskinstance.py:2193} INFO - Starting attempt 1 of 2
[2024-04-27T12:31:40.198+0000] {taskinstance.py:2214} INFO - Executing <Task(PythonOperator): fetch_data_usd> on 2024-04-25 00:00:00+00:00
[2024-04-27T12:31:40.278+0000] {standard_task_runner.py:60} INFO - Started process 2563 to run task
[2024-04-27T12:31:40.353+0000] {standard_task_runner.py:87} INFO - Running: ['***', 'tasks', 'run', 'currency_parsing', 'fetch_data_usd', 'scheduled__2024-04-25T00:00:00+00:00', '--job-id', '2566', '--raw', '--subdir', 'DAGS_FOLDER/stage/currency_parsing.py', '--cfg-path', '/tmp/tmpucpq8g8r']
[2024-04-27T12:31:40.376+0000] {standard_task_runner.py:88} INFO - Job 2566: Subtask fetch_data_usd
[2024-04-27T12:31:40.912+0000] {task_command.py:423} INFO - Running <TaskInstance: currency_parsing.fetch_data_usd scheduled__2024-04-25T00:00:00+00:00 [running]> on host 65a8688265d1
[2024-04-27T12:31:41.625+0000] {taskinstance.py:2510} INFO - Exporting env vars: AIRFLOW_CTX_DAG_OWNER='***' AIRFLOW_CTX_DAG_ID='currency_parsing' AIRFLOW_CTX_TASK_ID='fetch_data_usd' AIRFLOW_CTX_EXECUTION_DATE='2024-04-25T00:00:00+00:00' AIRFLOW_CTX_TRY_NUMBER='1' AIRFLOW_CTX_DAG_RUN_ID='scheduled__2024-04-25T00:00:00+00:00'
[2024-04-27T12:31:41.763+0000] {base.py:83} INFO - Using connection ID 'dwh' for task execution.
[2024-04-27T12:31:41.797+0000] {sql.py:572} INFO - Done loading. Loaded a total of 33 rows into stage.currency_parsing_usd
[2024-04-27T12:31:41.799+0000] {python.py:202} INFO - Done. Returned value was: None
[2024-04-27T12:31:41.833+0000] {taskinstance.py:1149} INFO - Marking task as SUCCESS. dag_id=currency_parsing, task_id=fetch_data_usd, execution_date=20240425T000000, start_date=20240427T123139, end_date=20240427T123141
[2024-04-27T12:31:42.042+0000] {local_task_job_runner.py:234} INFO - Task exited with return code 0
[2024-04-27T12:31:42.631+0000] {taskinstance.py:3309} INFO - 0 downstream tasks scheduled from follow-on schedule check
