[2024-04-21T11:06:28.925+0000] {taskinstance.py:1979} INFO - Dependencies all met for dep_context=non-requeueable deps ti=<TaskInstance: currency_parsing.fetch_data_usd scheduled__2024-04-16T00:00:00+00:00 [queued]>
[2024-04-21T11:06:29.182+0000] {taskinstance.py:1979} INFO - Dependencies all met for dep_context=requeueable deps ti=<TaskInstance: currency_parsing.fetch_data_usd scheduled__2024-04-16T00:00:00+00:00 [queued]>
[2024-04-21T11:06:29.189+0000] {taskinstance.py:2193} INFO - Starting attempt 1 of 2
[2024-04-21T11:06:30.250+0000] {taskinstance.py:2214} INFO - Executing <Task(PythonOperator): fetch_data_usd> on 2024-04-16 00:00:00+00:00
[2024-04-21T11:06:30.446+0000] {standard_task_runner.py:60} INFO - Started process 2788 to run task
[2024-04-21T11:06:30.482+0000] {standard_task_runner.py:87} INFO - Running: ['***', 'tasks', 'run', 'currency_parsing', 'fetch_data_usd', 'scheduled__2024-04-16T00:00:00+00:00', '--job-id', '2100', '--raw', '--subdir', 'DAGS_FOLDER/stage/currency_parsing.py', '--cfg-path', '/tmp/tmpihml5zr3']
[2024-04-21T11:06:30.558+0000] {standard_task_runner.py:88} INFO - Job 2100: Subtask fetch_data_usd
[2024-04-21T11:06:31.274+0000] {task_command.py:423} INFO - Running <TaskInstance: currency_parsing.fetch_data_usd scheduled__2024-04-16T00:00:00+00:00 [running]> on host e671688b1343
[2024-04-21T11:06:32.372+0000] {taskinstance.py:2510} INFO - Exporting env vars: AIRFLOW_CTX_DAG_OWNER='***' AIRFLOW_CTX_DAG_ID='currency_parsing' AIRFLOW_CTX_TASK_ID='fetch_data_usd' AIRFLOW_CTX_EXECUTION_DATE='2024-04-16T00:00:00+00:00' AIRFLOW_CTX_TRY_NUMBER='1' AIRFLOW_CTX_DAG_RUN_ID='scheduled__2024-04-16T00:00:00+00:00'
[2024-04-21T11:06:32.662+0000] {base.py:83} INFO - Using connection ID 'dwh' for task execution.
[2024-04-21T11:06:32.780+0000] {sql.py:572} INFO - Done loading. Loaded a total of 33 rows into stage.currency_parsing_usd
[2024-04-21T11:06:32.782+0000] {python.py:202} INFO - Done. Returned value was: None
[2024-04-21T11:06:32.857+0000] {taskinstance.py:1149} INFO - Marking task as SUCCESS. dag_id=currency_parsing, task_id=fetch_data_usd, execution_date=20240416T000000, start_date=20240421T110629, end_date=20240421T110632
[2024-04-21T11:06:33.138+0000] {local_task_job_runner.py:234} INFO - Task exited with return code 0
[2024-04-21T11:06:33.481+0000] {taskinstance.py:3309} INFO - 0 downstream tasks scheduled from follow-on schedule check
[2024-04-27T12:24:59.172+0000] {taskinstance.py:1979} INFO - Dependencies all met for dep_context=non-requeueable deps ti=<TaskInstance: currency_parsing.fetch_data_usd scheduled__2024-04-16T00:00:00+00:00 [queued]>
[2024-04-27T12:24:59.294+0000] {taskinstance.py:1979} INFO - Dependencies all met for dep_context=requeueable deps ti=<TaskInstance: currency_parsing.fetch_data_usd scheduled__2024-04-16T00:00:00+00:00 [queued]>
[2024-04-27T12:24:59.295+0000] {taskinstance.py:2193} INFO - Starting attempt 1 of 2
[2024-04-27T12:24:59.664+0000] {taskinstance.py:2214} INFO - Executing <Task(PythonOperator): fetch_data_usd> on 2024-04-16 00:00:00+00:00
[2024-04-27T12:24:59.747+0000] {standard_task_runner.py:60} INFO - Started process 2219 to run task
[2024-04-27T12:24:59.799+0000] {standard_task_runner.py:87} INFO - Running: ['***', 'tasks', 'run', 'currency_parsing', 'fetch_data_usd', 'scheduled__2024-04-16T00:00:00+00:00', '--job-id', '2435', '--raw', '--subdir', 'DAGS_FOLDER/stage/currency_parsing.py', '--cfg-path', '/tmp/tmpae8iccr2']
[2024-04-27T12:24:59.827+0000] {standard_task_runner.py:88} INFO - Job 2435: Subtask fetch_data_usd
[2024-04-27T12:25:00.628+0000] {task_command.py:423} INFO - Running <TaskInstance: currency_parsing.fetch_data_usd scheduled__2024-04-16T00:00:00+00:00 [running]> on host 65a8688265d1
[2024-04-27T12:25:04.730+0000] {taskinstance.py:2510} INFO - Exporting env vars: AIRFLOW_CTX_DAG_OWNER='***' AIRFLOW_CTX_DAG_ID='currency_parsing' AIRFLOW_CTX_TASK_ID='fetch_data_usd' AIRFLOW_CTX_EXECUTION_DATE='2024-04-16T00:00:00+00:00' AIRFLOW_CTX_TRY_NUMBER='1' AIRFLOW_CTX_DAG_RUN_ID='scheduled__2024-04-16T00:00:00+00:00'
[2024-04-27T12:25:05.513+0000] {base.py:83} INFO - Using connection ID 'dwh' for task execution.
[2024-04-27T12:25:06.163+0000] {sql.py:572} INFO - Done loading. Loaded a total of 33 rows into stage.currency_parsing_usd
[2024-04-27T12:25:06.170+0000] {python.py:202} INFO - Done. Returned value was: None
[2024-04-27T12:25:06.232+0000] {taskinstance.py:1149} INFO - Marking task as SUCCESS. dag_id=currency_parsing, task_id=fetch_data_usd, execution_date=20240416T000000, start_date=20240427T122459, end_date=20240427T122506
[2024-04-27T12:25:08.788+0000] {local_task_job_runner.py:234} INFO - Task exited with return code 0
[2024-04-27T12:25:08.880+0000] {warnings.py:109} WARNING - /home/***/.local/lib/python3.8/site-packages/***/models/baseoperator.py:1201: AirflowProviderDeprecationWarning: Call to deprecated class PostgresOperator. (Please use `***.providers.common.sql.operators.sql.SQLExecuteQueryOperator`.Also, you can provide `hook_params={'schema': <database>}`.)
  result = cls.__new__(cls)

[2024-04-27T12:25:09.075+0000] {taskinstance.py:3309} INFO - 0 downstream tasks scheduled from follow-on schedule check
