[2024-04-13T12:18:19.477+0000] {taskinstance.py:1979} INFO - Dependencies all met for dep_context=non-requeueable deps ti=<TaskInstance: currency_parsing.create_table scheduled__2009-02-23T00:00:00+00:00 [queued]>
[2024-04-13T12:18:19.496+0000] {taskinstance.py:1979} INFO - Dependencies all met for dep_context=requeueable deps ti=<TaskInstance: currency_parsing.create_table scheduled__2009-02-23T00:00:00+00:00 [queued]>
[2024-04-13T12:18:19.497+0000] {taskinstance.py:2193} INFO - Starting attempt 2 of 2
[2024-04-13T12:18:19.525+0000] {taskinstance.py:2214} INFO - Executing <Task(PostgresOperator): create_table> on 2009-02-23 00:00:00+00:00
[2024-04-13T12:18:19.532+0000] {standard_task_runner.py:60} INFO - Started process 173 to run task
[2024-04-13T12:18:19.539+0000] {standard_task_runner.py:87} INFO - Running: ['***', 'tasks', 'run', 'currency_parsing', 'create_table', 'scheduled__2009-02-23T00:00:00+00:00', '--job-id', '113', '--raw', '--subdir', 'DAGS_FOLDER/currency_parsing.py', '--cfg-path', '/tmp/tmpoqfcwav8']
[2024-04-13T12:18:19.543+0000] {standard_task_runner.py:88} INFO - Job 113: Subtask create_table
[2024-04-13T12:18:19.647+0000] {task_command.py:423} INFO - Running <TaskInstance: currency_parsing.create_table scheduled__2009-02-23T00:00:00+00:00 [running]> on host e8a1e0443283
[2024-04-13T12:18:19.822+0000] {taskinstance.py:2510} INFO - Exporting env vars: AIRFLOW_CTX_DAG_OWNER='***' AIRFLOW_CTX_DAG_ID='currency_parsing' AIRFLOW_CTX_TASK_ID='create_table' AIRFLOW_CTX_EXECUTION_DATE='2009-02-23T00:00:00+00:00' AIRFLOW_CTX_TRY_NUMBER='2' AIRFLOW_CTX_DAG_RUN_ID='scheduled__2009-02-23T00:00:00+00:00'
[2024-04-13T12:18:19.825+0000] {sql.py:276} INFO - Executing: CREATE TABLE IF NOT EXISTS currency_parsing(
    currency VARCHAR(255) NOT NULL,
    title VARCHAR(255) NOT NULL,
    rate float,
    quantity int,
    index VARCHAR(255),
    change float,
    date date NOT NULL
)
[2024-04-13T12:18:19.843+0000] {base.py:83} INFO - Using connection ID 'dwh' for task execution.
[2024-04-13T12:18:19.859+0000] {base.py:83} INFO - Using connection ID 'dwh' for task execution.
[2024-04-13T12:18:19.865+0000] {sql.py:457} INFO - Running statement: CREATE TABLE IF NOT EXISTS currency_parsing(
    currency VARCHAR(255) NOT NULL,
    title VARCHAR(255) NOT NULL,
    rate float,
    quantity int,
    index VARCHAR(255),
    change float,
    date date NOT NULL
), parameters: None
[2024-04-13T12:18:19.868+0000] {warnings.py:109} WARNING - /home/***/.local/lib/python3.8/site-packages/***/providers/common/sql/hooks/sql.py:407: AirflowProviderDeprecationWarning: Call to deprecated method _make_common_data_structure. (The `_make_serializable` method is deprecated and support will be removed in a future version of the common.sql provider. Please update the DbApiHook's provider to a version based on common.sql >= 1.9.1.)
  result = self._make_common_data_structure(handler(cur))

[2024-04-13T12:18:19.887+0000] {taskinstance.py:1149} INFO - Marking task as SUCCESS. dag_id=currency_parsing, task_id=create_table, execution_date=20090223T000000, start_date=20240413T121819, end_date=20240413T121819
[2024-04-13T12:18:19.953+0000] {local_task_job_runner.py:234} INFO - Task exited with return code 0
[2024-04-13T12:18:19.975+0000] {warnings.py:109} WARNING - /home/***/.local/lib/python3.8/site-packages/***/models/baseoperator.py:1201: AirflowProviderDeprecationWarning: Call to deprecated class PostgresOperator. (Please use `***.providers.common.sql.operators.sql.SQLExecuteQueryOperator`.Also, you can provide `hook_params={'schema': <database>}`.)
  result = cls.__new__(cls)

[2024-04-13T12:18:20.014+0000] {taskinstance.py:3309} INFO - 1 downstream tasks scheduled from follow-on schedule check
