[2024-04-14T08:56:32.096+0000] {taskinstance.py:1979} INFO - Dependencies all met for dep_context=non-requeueable deps ti=<TaskInstance: currency_parsing.fetch_data scheduled__2024-04-05T00:00:00+00:00 [queued]>
[2024-04-14T08:56:32.156+0000] {taskinstance.py:1979} INFO - Dependencies all met for dep_context=requeueable deps ti=<TaskInstance: currency_parsing.fetch_data scheduled__2024-04-05T00:00:00+00:00 [queued]>
[2024-04-14T08:56:32.158+0000] {taskinstance.py:2193} INFO - Starting attempt 1 of 2
[2024-04-14T08:56:32.252+0000] {taskinstance.py:2214} INFO - Executing <Task(PythonOperator): fetch_data> on 2024-04-05 00:00:00+00:00
[2024-04-14T08:56:32.260+0000] {standard_task_runner.py:60} INFO - Started process 1449 to run task
[2024-04-14T08:56:32.287+0000] {standard_task_runner.py:87} INFO - Running: ['***', 'tasks', 'run', 'currency_parsing', 'fetch_data', 'scheduled__2024-04-05T00:00:00+00:00', '--job-id', '468', '--raw', '--subdir', 'DAGS_FOLDER/currency_parsing.py', '--cfg-path', '/tmp/tmpj0ok9vnf']
[2024-04-14T08:56:32.296+0000] {standard_task_runner.py:88} INFO - Job 468: Subtask fetch_data
[2024-04-14T08:56:32.731+0000] {task_command.py:423} INFO - Running <TaskInstance: currency_parsing.fetch_data scheduled__2024-04-05T00:00:00+00:00 [running]> on host e8a1e0443283
[2024-04-14T08:56:33.144+0000] {taskinstance.py:2510} INFO - Exporting env vars: AIRFLOW_CTX_DAG_OWNER='***' AIRFLOW_CTX_DAG_ID='currency_parsing' AIRFLOW_CTX_TASK_ID='fetch_data' AIRFLOW_CTX_EXECUTION_DATE='2024-04-05T00:00:00+00:00' AIRFLOW_CTX_TRY_NUMBER='1' AIRFLOW_CTX_DAG_RUN_ID='scheduled__2024-04-05T00:00:00+00:00'
[2024-04-14T08:56:33.364+0000] {base.py:83} INFO - Using connection ID 'dwh' for task execution.
[2024-04-14T08:56:33.408+0000] {sql.py:572} INFO - Done loading. Loaded a total of 39 rows into currency_parsing
[2024-04-14T08:56:33.409+0000] {python.py:202} INFO - Done. Returned value was: None
[2024-04-14T08:56:33.452+0000] {taskinstance.py:1149} INFO - Marking task as SUCCESS. dag_id=currency_parsing, task_id=fetch_data, execution_date=20240405T000000, start_date=20240414T085632, end_date=20240414T085633
[2024-04-14T08:56:33.571+0000] {local_task_job_runner.py:234} INFO - Task exited with return code 0
[2024-04-14T08:56:33.661+0000] {taskinstance.py:3309} INFO - 0 downstream tasks scheduled from follow-on schedule check
[2024-04-14T10:12:55.267+0000] {taskinstance.py:1979} INFO - Dependencies all met for dep_context=non-requeueable deps ti=<TaskInstance: currency_parsing.fetch_data scheduled__2024-04-05T00:00:00+00:00 [queued]>
[2024-04-14T10:12:55.324+0000] {taskinstance.py:1979} INFO - Dependencies all met for dep_context=requeueable deps ti=<TaskInstance: currency_parsing.fetch_data scheduled__2024-04-05T00:00:00+00:00 [queued]>
[2024-04-14T10:12:55.333+0000] {taskinstance.py:2193} INFO - Starting attempt 1 of 2
[2024-04-14T10:12:55.418+0000] {taskinstance.py:2214} INFO - Executing <Task(PythonOperator): fetch_data> on 2024-04-05 00:00:00+00:00
[2024-04-14T10:12:55.425+0000] {standard_task_runner.py:60} INFO - Started process 758 to run task
[2024-04-14T10:12:55.457+0000] {standard_task_runner.py:87} INFO - Running: ['***', 'tasks', 'run', 'currency_parsing', 'fetch_data', 'scheduled__2024-04-05T00:00:00+00:00', '--job-id', '774', '--raw', '--subdir', 'DAGS_FOLDER/currency_parsing.py', '--cfg-path', '/tmp/tmp260kne7r']
[2024-04-14T10:12:55.463+0000] {standard_task_runner.py:88} INFO - Job 774: Subtask fetch_data
[2024-04-14T10:12:55.775+0000] {task_command.py:423} INFO - Running <TaskInstance: currency_parsing.fetch_data scheduled__2024-04-05T00:00:00+00:00 [running]> on host 1c15aab9396c
[2024-04-14T10:12:56.357+0000] {taskinstance.py:2510} INFO - Exporting env vars: AIRFLOW_CTX_DAG_OWNER='***' AIRFLOW_CTX_DAG_ID='currency_parsing' AIRFLOW_CTX_TASK_ID='fetch_data' AIRFLOW_CTX_EXECUTION_DATE='2024-04-05T00:00:00+00:00' AIRFLOW_CTX_TRY_NUMBER='1' AIRFLOW_CTX_DAG_RUN_ID='scheduled__2024-04-05T00:00:00+00:00'
[2024-04-14T10:12:56.532+0000] {base.py:83} INFO - Using connection ID 'dwh' for task execution.
[2024-04-14T10:12:56.664+0000] {sql.py:572} INFO - Done loading. Loaded a total of 39 rows into currency_parsing
[2024-04-14T10:12:56.676+0000] {python.py:202} INFO - Done. Returned value was: None
[2024-04-14T10:12:56.747+0000] {taskinstance.py:1149} INFO - Marking task as SUCCESS. dag_id=currency_parsing, task_id=fetch_data, execution_date=20240405T000000, start_date=20240414T101255, end_date=20240414T101256
[2024-04-14T10:12:56.887+0000] {local_task_job_runner.py:234} INFO - Task exited with return code 0
[2024-04-14T10:12:56.964+0000] {taskinstance.py:3309} INFO - 0 downstream tasks scheduled from follow-on schedule check
