[2024-04-21T11:05:13.347+0000] {taskinstance.py:1979} INFO - Dependencies all met for dep_context=non-requeueable deps ti=<TaskInstance: currency_parsing.fetch_data_pound scheduled__2024-04-11T00:00:00+00:00 [queued]>
[2024-04-21T11:05:13.403+0000] {taskinstance.py:1979} INFO - Dependencies all met for dep_context=requeueable deps ti=<TaskInstance: currency_parsing.fetch_data_pound scheduled__2024-04-11T00:00:00+00:00 [queued]>
[2024-04-21T11:05:13.414+0000] {taskinstance.py:2193} INFO - Starting attempt 1 of 2
[2024-04-21T11:05:13.513+0000] {taskinstance.py:2214} INFO - Executing <Task(PythonOperator): fetch_data_pound> on 2024-04-11 00:00:00+00:00
[2024-04-21T11:05:13.522+0000] {standard_task_runner.py:60} INFO - Started process 2620 to run task
[2024-04-21T11:05:13.544+0000] {standard_task_runner.py:87} INFO - Running: ['***', 'tasks', 'run', 'currency_parsing', 'fetch_data_pound', 'scheduled__2024-04-11T00:00:00+00:00', '--job-id', '2027', '--raw', '--subdir', 'DAGS_FOLDER/stage/currency_parsing.py', '--cfg-path', '/tmp/tmptl0reeq9']
[2024-04-21T11:05:13.560+0000] {standard_task_runner.py:88} INFO - Job 2027: Subtask fetch_data_pound
[2024-04-21T11:05:13.722+0000] {task_command.py:423} INFO - Running <TaskInstance: currency_parsing.fetch_data_pound scheduled__2024-04-11T00:00:00+00:00 [running]> on host e671688b1343
[2024-04-21T11:05:14.124+0000] {taskinstance.py:2510} INFO - Exporting env vars: AIRFLOW_CTX_DAG_OWNER='***' AIRFLOW_CTX_DAG_ID='currency_parsing' AIRFLOW_CTX_TASK_ID='fetch_data_pound' AIRFLOW_CTX_EXECUTION_DATE='2024-04-11T00:00:00+00:00' AIRFLOW_CTX_TRY_NUMBER='1' AIRFLOW_CTX_DAG_RUN_ID='scheduled__2024-04-11T00:00:00+00:00'
[2024-04-21T11:05:14.194+0000] {base.py:83} INFO - Using connection ID 'dwh' for task execution.
[2024-04-21T11:05:14.225+0000] {sql.py:572} INFO - Done loading. Loaded a total of 33 rows into stage.currency_parsing_pound
[2024-04-21T11:05:14.226+0000] {python.py:202} INFO - Done. Returned value was: None
[2024-04-21T11:05:14.256+0000] {taskinstance.py:1149} INFO - Marking task as SUCCESS. dag_id=currency_parsing, task_id=fetch_data_pound, execution_date=20240411T000000, start_date=20240421T110513, end_date=20240421T110514
[2024-04-21T11:05:14.333+0000] {local_task_job_runner.py:234} INFO - Task exited with return code 0
[2024-04-21T11:05:14.410+0000] {taskinstance.py:3309} INFO - 0 downstream tasks scheduled from follow-on schedule check
[2024-04-27T12:22:37.601+0000] {taskinstance.py:1979} INFO - Dependencies all met for dep_context=non-requeueable deps ti=<TaskInstance: currency_parsing.fetch_data_pound scheduled__2024-04-11T00:00:00+00:00 [queued]>
[2024-04-27T12:22:37.792+0000] {taskinstance.py:1979} INFO - Dependencies all met for dep_context=requeueable deps ti=<TaskInstance: currency_parsing.fetch_data_pound scheduled__2024-04-11T00:00:00+00:00 [queued]>
[2024-04-27T12:22:37.799+0000] {taskinstance.py:2193} INFO - Starting attempt 1 of 2
[2024-04-27T12:22:38.694+0000] {taskinstance.py:2214} INFO - Executing <Task(PythonOperator): fetch_data_pound> on 2024-04-11 00:00:00+00:00
[2024-04-27T12:22:38.774+0000] {standard_task_runner.py:87} INFO - Running: ['***', 'tasks', 'run', 'currency_parsing', 'fetch_data_pound', 'scheduled__2024-04-11T00:00:00+00:00', '--job-id', '2376', '--raw', '--subdir', 'DAGS_FOLDER/stage/currency_parsing.py', '--cfg-path', '/tmp/tmpjc94c93l']
[2024-04-27T12:22:38.803+0000] {standard_task_runner.py:88} INFO - Job 2376: Subtask fetch_data_pound
[2024-04-27T12:22:38.718+0000] {standard_task_runner.py:60} INFO - Started process 2081 to run task
[2024-04-27T12:22:40.446+0000] {task_command.py:423} INFO - Running <TaskInstance: currency_parsing.fetch_data_pound scheduled__2024-04-11T00:00:00+00:00 [running]> on host 65a8688265d1
[2024-04-27T12:22:44.401+0000] {taskinstance.py:2510} INFO - Exporting env vars: AIRFLOW_CTX_DAG_OWNER='***' AIRFLOW_CTX_DAG_ID='currency_parsing' AIRFLOW_CTX_TASK_ID='fetch_data_pound' AIRFLOW_CTX_EXECUTION_DATE='2024-04-11T00:00:00+00:00' AIRFLOW_CTX_TRY_NUMBER='1' AIRFLOW_CTX_DAG_RUN_ID='scheduled__2024-04-11T00:00:00+00:00'
[2024-04-27T12:22:45.127+0000] {base.py:83} INFO - Using connection ID 'dwh' for task execution.
[2024-04-27T12:22:45.340+0000] {sql.py:572} INFO - Done loading. Loaded a total of 33 rows into stage.currency_parsing_pound
[2024-04-27T12:22:45.365+0000] {python.py:202} INFO - Done. Returned value was: None
[2024-04-27T12:22:45.537+0000] {taskinstance.py:1149} INFO - Marking task as SUCCESS. dag_id=currency_parsing, task_id=fetch_data_pound, execution_date=20240411T000000, start_date=20240427T122237, end_date=20240427T122245
[2024-04-27T12:22:46.391+0000] {local_task_job_runner.py:234} INFO - Task exited with return code 0
[2024-04-27T12:22:46.506+0000] {warnings.py:109} WARNING - /home/***/.local/lib/python3.8/site-packages/***/models/baseoperator.py:1201: AirflowProviderDeprecationWarning: Call to deprecated class PostgresOperator. (Please use `***.providers.common.sql.operators.sql.SQLExecuteQueryOperator`.Also, you can provide `hook_params={'schema': <database>}`.)
  result = cls.__new__(cls)

[2024-04-27T12:22:47.154+0000] {taskinstance.py:3309} INFO - 0 downstream tasks scheduled from follow-on schedule check
