[2024-04-14T08:52:52.547+0000] {taskinstance.py:1979} INFO - Dependencies all met for dep_context=non-requeueable deps ti=<TaskInstance: currency_parsing.fetch_data scheduled__2024-02-13T00:00:00+00:00 [queued]>
[2024-04-14T08:52:52.579+0000] {taskinstance.py:1979} INFO - Dependencies all met for dep_context=requeueable deps ti=<TaskInstance: currency_parsing.fetch_data scheduled__2024-02-13T00:00:00+00:00 [queued]>
[2024-04-14T08:52:52.580+0000] {taskinstance.py:2193} INFO - Starting attempt 1 of 2
[2024-04-14T08:52:52.751+0000] {taskinstance.py:2214} INFO - Executing <Task(PythonOperator): fetch_data> on 2024-02-13 00:00:00+00:00
[2024-04-14T08:52:52.762+0000] {standard_task_runner.py:60} INFO - Started process 1100 to run task
[2024-04-14T08:52:52.782+0000] {standard_task_runner.py:87} INFO - Running: ['***', 'tasks', 'run', 'currency_parsing', 'fetch_data', 'scheduled__2024-02-13T00:00:00+00:00', '--job-id', '315', '--raw', '--subdir', 'DAGS_FOLDER/currency_parsing.py', '--cfg-path', '/tmp/tmp8fgnpppe']
[2024-04-14T08:52:52.799+0000] {standard_task_runner.py:88} INFO - Job 315: Subtask fetch_data
[2024-04-14T08:52:53.018+0000] {task_command.py:423} INFO - Running <TaskInstance: currency_parsing.fetch_data scheduled__2024-02-13T00:00:00+00:00 [running]> on host e8a1e0443283
[2024-04-14T08:52:53.553+0000] {taskinstance.py:2510} INFO - Exporting env vars: AIRFLOW_CTX_DAG_OWNER='***' AIRFLOW_CTX_DAG_ID='currency_parsing' AIRFLOW_CTX_TASK_ID='fetch_data' AIRFLOW_CTX_EXECUTION_DATE='2024-02-13T00:00:00+00:00' AIRFLOW_CTX_TRY_NUMBER='1' AIRFLOW_CTX_DAG_RUN_ID='scheduled__2024-02-13T00:00:00+00:00'
[2024-04-14T08:52:53.752+0000] {base.py:83} INFO - Using connection ID 'dwh' for task execution.
[2024-04-14T08:52:53.801+0000] {sql.py:572} INFO - Done loading. Loaded a total of 39 rows into currency_parsing
[2024-04-14T08:52:53.805+0000] {python.py:202} INFO - Done. Returned value was: None
[2024-04-14T08:52:53.847+0000] {taskinstance.py:1149} INFO - Marking task as SUCCESS. dag_id=currency_parsing, task_id=fetch_data, execution_date=20240213T000000, start_date=20240414T085252, end_date=20240414T085253
[2024-04-14T08:52:54.013+0000] {local_task_job_runner.py:234} INFO - Task exited with return code 0
[2024-04-14T08:52:54.065+0000] {taskinstance.py:3309} INFO - 0 downstream tasks scheduled from follow-on schedule check
[2024-04-14T10:10:26.576+0000] {taskinstance.py:1979} INFO - Dependencies all met for dep_context=non-requeueable deps ti=<TaskInstance: currency_parsing.fetch_data scheduled__2024-02-13T00:00:00+00:00 [queued]>
[2024-04-14T10:10:26.625+0000] {taskinstance.py:1979} INFO - Dependencies all met for dep_context=requeueable deps ti=<TaskInstance: currency_parsing.fetch_data scheduled__2024-02-13T00:00:00+00:00 [queued]>
[2024-04-14T10:10:26.628+0000] {taskinstance.py:2193} INFO - Starting attempt 1 of 2
[2024-04-14T10:10:26.707+0000] {taskinstance.py:2214} INFO - Executing <Task(PythonOperator): fetch_data> on 2024-02-13 00:00:00+00:00
[2024-04-14T10:10:26.719+0000] {standard_task_runner.py:60} INFO - Started process 414 to run task
[2024-04-14T10:10:26.739+0000] {standard_task_runner.py:87} INFO - Running: ['***', 'tasks', 'run', 'currency_parsing', 'fetch_data', 'scheduled__2024-02-13T00:00:00+00:00', '--job-id', '619', '--raw', '--subdir', 'DAGS_FOLDER/currency_parsing.py', '--cfg-path', '/tmp/tmpvjdbqxnz']
[2024-04-14T10:10:26.747+0000] {standard_task_runner.py:88} INFO - Job 619: Subtask fetch_data
[2024-04-14T10:10:27.028+0000] {task_command.py:423} INFO - Running <TaskInstance: currency_parsing.fetch_data scheduled__2024-02-13T00:00:00+00:00 [running]> on host 1c15aab9396c
[2024-04-14T10:10:27.706+0000] {taskinstance.py:2510} INFO - Exporting env vars: AIRFLOW_CTX_DAG_OWNER='***' AIRFLOW_CTX_DAG_ID='currency_parsing' AIRFLOW_CTX_TASK_ID='fetch_data' AIRFLOW_CTX_EXECUTION_DATE='2024-02-13T00:00:00+00:00' AIRFLOW_CTX_TRY_NUMBER='1' AIRFLOW_CTX_DAG_RUN_ID='scheduled__2024-02-13T00:00:00+00:00'
[2024-04-14T10:10:27.837+0000] {base.py:83} INFO - Using connection ID 'dwh' for task execution.
[2024-04-14T10:10:28.033+0000] {sql.py:572} INFO - Done loading. Loaded a total of 39 rows into currency_parsing
[2024-04-14T10:10:28.054+0000] {python.py:202} INFO - Done. Returned value was: None
[2024-04-14T10:10:28.174+0000] {taskinstance.py:1149} INFO - Marking task as SUCCESS. dag_id=currency_parsing, task_id=fetch_data, execution_date=20240213T000000, start_date=20240414T101026, end_date=20240414T101028
[2024-04-14T10:10:29.155+0000] {local_task_job_runner.py:234} INFO - Task exited with return code 0
[2024-04-14T10:10:29.485+0000] {taskinstance.py:3309} INFO - 0 downstream tasks scheduled from follow-on schedule check
