[2024-05-05T12:51:16.830+0000] {taskinstance.py:1979} INFO - Dependencies all met for dep_context=non-requeueable deps ti=<TaskInstance: currency_parsing.create_schema manual__2024-05-05T12:51:12.983691+00:00 [queued]>
[2024-05-05T12:51:16.889+0000] {taskinstance.py:1979} INFO - Dependencies all met for dep_context=requeueable deps ti=<TaskInstance: currency_parsing.create_schema manual__2024-05-05T12:51:12.983691+00:00 [queued]>
[2024-05-05T12:51:16.890+0000] {taskinstance.py:2193} INFO - Starting attempt 1 of 2
[2024-05-05T12:51:16.925+0000] {taskinstance.py:2214} INFO - Executing <Task(PostgresOperator): create_schema> on 2024-05-05 12:51:12.983691+00:00
[2024-05-05T12:51:16.933+0000] {standard_task_runner.py:60} INFO - Started process 263 to run task
[2024-05-05T12:51:16.940+0000] {standard_task_runner.py:87} INFO - Running: ['***', 'tasks', 'run', 'currency_parsing', 'create_schema', 'manual__2024-05-05T12:51:12.983691+00:00', '--job-id', '2755', '--raw', '--subdir', 'DAGS_FOLDER/currency_dag/currency_parsing.py', '--cfg-path', '/tmp/tmpnfyib3v2']
[2024-05-05T12:51:16.947+0000] {standard_task_runner.py:88} INFO - Job 2755: Subtask create_schema
[2024-05-05T12:51:17.079+0000] {task_command.py:423} INFO - Running <TaskInstance: currency_parsing.create_schema manual__2024-05-05T12:51:12.983691+00:00 [running]> on host 0b7a5c0943cc
[2024-05-05T12:51:17.232+0000] {taskinstance.py:2510} INFO - Exporting env vars: AIRFLOW_CTX_DAG_OWNER='***' AIRFLOW_CTX_DAG_ID='currency_parsing' AIRFLOW_CTX_TASK_ID='create_schema' AIRFLOW_CTX_EXECUTION_DATE='2024-05-05T12:51:12.983691+00:00' AIRFLOW_CTX_TRY_NUMBER='1' AIRFLOW_CTX_DAG_RUN_ID='manual__2024-05-05T12:51:12.983691+00:00'
[2024-05-05T12:51:17.235+0000] {sql.py:276} INFO - Executing: CREATE SCHEMA if not exists stage;

CREATE SCHEMA if not exists intermediate;
[2024-05-05T12:51:17.255+0000] {base.py:83} INFO - Using connection ID 'dwh' for task execution.
[2024-05-05T12:51:17.277+0000] {base.py:83} INFO - Using connection ID 'dwh' for task execution.
[2024-05-05T12:51:17.295+0000] {sql.py:457} INFO - Running statement: CREATE SCHEMA if not exists stage;

CREATE SCHEMA if not exists intermediate;, parameters: None
[2024-05-05T12:51:17.308+0000] {warnings.py:109} WARNING - /home/***/.local/lib/python3.8/site-packages/***/providers/common/sql/hooks/sql.py:407: AirflowProviderDeprecationWarning: Call to deprecated method _make_common_data_structure. (The `_make_serializable` method is deprecated and support will be removed in a future version of the common.sql provider. Please update the DbApiHook's provider to a version based on common.sql >= 1.9.1.)
  result = self._make_common_data_structure(handler(cur))

[2024-05-05T12:51:17.329+0000] {taskinstance.py:1149} INFO - Marking task as SUCCESS. dag_id=currency_parsing, task_id=create_schema, execution_date=20240505T125112, start_date=20240505T125116, end_date=20240505T125117
[2024-05-05T12:51:17.396+0000] {local_task_job_runner.py:234} INFO - Task exited with return code 0
[2024-05-05T12:51:17.434+0000] {warnings.py:109} WARNING - /home/***/.local/lib/python3.8/site-packages/***/models/baseoperator.py:1201: AirflowProviderDeprecationWarning: Call to deprecated class PostgresOperator. (Please use `***.providers.common.sql.operators.sql.SQLExecuteQueryOperator`.Also, you can provide `hook_params={'schema': <database>}`.)
  result = cls.__new__(cls)

[2024-05-05T12:51:17.482+0000] {taskinstance.py:3309} INFO - 1 downstream tasks scheduled from follow-on schedule check
