[2024-05-01T13:42:41.617+0000] {processor.py:161} INFO - Started process (PID=80) to work on /opt/airflow/dags/kolesa.py
[2024-05-01T13:42:41.636+0000] {processor.py:830} INFO - Processing file /opt/airflow/dags/kolesa.py for tasks to queue
[2024-05-01T13:42:41.646+0000] {logging_mixin.py:188} INFO - [2024-05-01T13:42:41.645+0000] {dagbag.py:540} INFO - Filling up the DagBag from /opt/airflow/dags/kolesa.py
[2024-05-01T13:42:49.284+0000] {processor.py:840} INFO - DAG(s) 'kolesa_dag' retrieved from /opt/airflow/dags/kolesa.py
[2024-05-01T13:42:50.043+0000] {logging_mixin.py:188} INFO - [2024-05-01T13:42:50.042+0000] {dag.py:3047} INFO - Sync 1 DAGs
[2024-05-01T13:42:50.088+0000] {logging_mixin.py:188} INFO - [2024-05-01T13:42:50.087+0000] {dag.py:3834} INFO - Setting next_dagrun for kolesa_dag to None, run_after=None
[2024-05-01T13:42:50.162+0000] {processor.py:183} INFO - Processing /opt/airflow/dags/kolesa.py took 8.577 seconds
[2024-05-01T13:43:20.594+0000] {processor.py:161} INFO - Started process (PID=95) to work on /opt/airflow/dags/kolesa.py
[2024-05-01T13:43:20.610+0000] {processor.py:830} INFO - Processing file /opt/airflow/dags/kolesa.py for tasks to queue
[2024-05-01T13:43:20.617+0000] {logging_mixin.py:188} INFO - [2024-05-01T13:43:20.614+0000] {dagbag.py:540} INFO - Filling up the DagBag from /opt/airflow/dags/kolesa.py
[2024-05-01T13:43:21.762+0000] {processor.py:840} INFO - DAG(s) 'kolesa_dag' retrieved from /opt/airflow/dags/kolesa.py
[2024-05-01T13:43:21.798+0000] {logging_mixin.py:188} INFO - [2024-05-01T13:43:21.798+0000] {dag.py:3047} INFO - Sync 1 DAGs
[2024-05-01T13:43:21.818+0000] {logging_mixin.py:188} INFO - [2024-05-01T13:43:21.818+0000] {dag.py:3834} INFO - Setting next_dagrun for kolesa_dag to None, run_after=None
[2024-05-01T13:43:21.849+0000] {processor.py:183} INFO - Processing /opt/airflow/dags/kolesa.py took 1.284 seconds
[2024-05-01T13:43:52.085+0000] {processor.py:161} INFO - Started process (PID=107) to work on /opt/airflow/dags/kolesa.py
[2024-05-01T13:43:52.087+0000] {processor.py:830} INFO - Processing file /opt/airflow/dags/kolesa.py for tasks to queue
[2024-05-01T13:43:52.093+0000] {logging_mixin.py:188} INFO - [2024-05-01T13:43:52.092+0000] {dagbag.py:540} INFO - Filling up the DagBag from /opt/airflow/dags/kolesa.py
[2024-05-01T13:43:53.136+0000] {processor.py:840} INFO - DAG(s) 'kolesa_dag' retrieved from /opt/airflow/dags/kolesa.py
[2024-05-01T13:43:53.196+0000] {logging_mixin.py:188} INFO - [2024-05-01T13:43:53.195+0000] {dag.py:3047} INFO - Sync 1 DAGs
[2024-05-01T13:43:53.227+0000] {logging_mixin.py:188} INFO - [2024-05-01T13:43:53.226+0000] {dag.py:3834} INFO - Setting next_dagrun for kolesa_dag to None, run_after=None
[2024-05-01T13:43:53.266+0000] {processor.py:183} INFO - Processing /opt/airflow/dags/kolesa.py took 1.187 seconds
[2024-05-01T13:44:23.608+0000] {processor.py:161} INFO - Started process (PID=118) to work on /opt/airflow/dags/kolesa.py
[2024-05-01T13:44:23.610+0000] {processor.py:830} INFO - Processing file /opt/airflow/dags/kolesa.py for tasks to queue
[2024-05-01T13:44:23.613+0000] {logging_mixin.py:188} INFO - [2024-05-01T13:44:23.613+0000] {dagbag.py:540} INFO - Filling up the DagBag from /opt/airflow/dags/kolesa.py
[2024-05-01T13:44:24.581+0000] {processor.py:840} INFO - DAG(s) 'kolesa_dag' retrieved from /opt/airflow/dags/kolesa.py
[2024-05-01T13:44:24.624+0000] {logging_mixin.py:188} INFO - [2024-05-01T13:44:24.624+0000] {dag.py:3047} INFO - Sync 1 DAGs
[2024-05-01T13:44:24.642+0000] {logging_mixin.py:188} INFO - [2024-05-01T13:44:24.642+0000] {dag.py:3834} INFO - Setting next_dagrun for kolesa_dag to None, run_after=None
[2024-05-01T13:44:24.673+0000] {processor.py:183} INFO - Processing /opt/airflow/dags/kolesa.py took 1.071 seconds
[2024-05-01T13:44:54.938+0000] {processor.py:161} INFO - Started process (PID=130) to work on /opt/airflow/dags/kolesa.py
[2024-05-01T13:44:54.950+0000] {processor.py:830} INFO - Processing file /opt/airflow/dags/kolesa.py for tasks to queue
[2024-05-01T13:44:54.954+0000] {logging_mixin.py:188} INFO - [2024-05-01T13:44:54.953+0000] {dagbag.py:540} INFO - Filling up the DagBag from /opt/airflow/dags/kolesa.py
[2024-05-01T13:44:59.015+0000] {processor.py:840} INFO - DAG(s) 'kolesa_dag' retrieved from /opt/airflow/dags/kolesa.py
[2024-05-01T13:44:59.174+0000] {logging_mixin.py:188} INFO - [2024-05-01T13:44:59.173+0000] {dag.py:3047} INFO - Sync 1 DAGs
[2024-05-01T13:45:00.108+0000] {logging_mixin.py:188} INFO - [2024-05-01T13:45:00.108+0000] {dag.py:3834} INFO - Setting next_dagrun for kolesa_dag to None, run_after=None
[2024-05-01T13:45:01.033+0000] {processor.py:183} INFO - Processing /opt/airflow/dags/kolesa.py took 6.108 seconds
[2024-05-01T13:45:31.744+0000] {processor.py:161} INFO - Started process (PID=142) to work on /opt/airflow/dags/kolesa.py
[2024-05-01T13:45:31.746+0000] {processor.py:830} INFO - Processing file /opt/airflow/dags/kolesa.py for tasks to queue
[2024-05-01T13:45:31.749+0000] {logging_mixin.py:188} INFO - [2024-05-01T13:45:31.749+0000] {dagbag.py:540} INFO - Filling up the DagBag from /opt/airflow/dags/kolesa.py
[2024-05-01T13:45:32.665+0000] {processor.py:840} INFO - DAG(s) 'kolesa_dag' retrieved from /opt/airflow/dags/kolesa.py
[2024-05-01T13:45:32.721+0000] {logging_mixin.py:188} INFO - [2024-05-01T13:45:32.720+0000] {dag.py:3047} INFO - Sync 1 DAGs
[2024-05-01T13:45:32.753+0000] {logging_mixin.py:188} INFO - [2024-05-01T13:45:32.752+0000] {dag.py:3834} INFO - Setting next_dagrun for kolesa_dag to None, run_after=None
[2024-05-01T13:45:32.860+0000] {processor.py:183} INFO - Processing /opt/airflow/dags/kolesa.py took 1.121 seconds
[2024-05-01T13:46:03.796+0000] {processor.py:161} INFO - Started process (PID=153) to work on /opt/airflow/dags/kolesa.py
[2024-05-01T13:46:03.798+0000] {processor.py:830} INFO - Processing file /opt/airflow/dags/kolesa.py for tasks to queue
[2024-05-01T13:46:03.804+0000] {logging_mixin.py:188} INFO - [2024-05-01T13:46:03.803+0000] {dagbag.py:540} INFO - Filling up the DagBag from /opt/airflow/dags/kolesa.py
[2024-05-01T13:46:05.049+0000] {processor.py:840} INFO - DAG(s) 'kolesa_dag' retrieved from /opt/airflow/dags/kolesa.py
[2024-05-01T13:46:05.099+0000] {logging_mixin.py:188} INFO - [2024-05-01T13:46:05.098+0000] {dag.py:3047} INFO - Sync 1 DAGs
[2024-05-01T13:46:05.124+0000] {logging_mixin.py:188} INFO - [2024-05-01T13:46:05.124+0000] {dag.py:3834} INFO - Setting next_dagrun for kolesa_dag to None, run_after=None
[2024-05-01T13:46:05.173+0000] {processor.py:183} INFO - Processing /opt/airflow/dags/kolesa.py took 1.386 seconds
[2024-05-01T13:46:35.410+0000] {processor.py:161} INFO - Started process (PID=171) to work on /opt/airflow/dags/kolesa.py
[2024-05-01T13:46:35.412+0000] {processor.py:830} INFO - Processing file /opt/airflow/dags/kolesa.py for tasks to queue
[2024-05-01T13:46:35.415+0000] {logging_mixin.py:188} INFO - [2024-05-01T13:46:35.415+0000] {dagbag.py:540} INFO - Filling up the DagBag from /opt/airflow/dags/kolesa.py
[2024-05-01T13:46:36.252+0000] {processor.py:840} INFO - DAG(s) 'kolesa_dag' retrieved from /opt/airflow/dags/kolesa.py
[2024-05-01T13:46:36.465+0000] {logging_mixin.py:188} INFO - [2024-05-01T13:46:36.465+0000] {dag.py:3047} INFO - Sync 1 DAGs
[2024-05-01T13:46:36.492+0000] {logging_mixin.py:188} INFO - [2024-05-01T13:46:36.491+0000] {dag.py:3834} INFO - Setting next_dagrun for kolesa_dag to None, run_after=None
[2024-05-01T13:46:36.537+0000] {processor.py:183} INFO - Processing /opt/airflow/dags/kolesa.py took 1.137 seconds
[2024-05-01T13:47:06.868+0000] {processor.py:161} INFO - Started process (PID=182) to work on /opt/airflow/dags/kolesa.py
[2024-05-01T13:47:06.873+0000] {processor.py:830} INFO - Processing file /opt/airflow/dags/kolesa.py for tasks to queue
[2024-05-01T13:47:06.883+0000] {logging_mixin.py:188} INFO - [2024-05-01T13:47:06.881+0000] {dagbag.py:540} INFO - Filling up the DagBag from /opt/airflow/dags/kolesa.py
[2024-05-01T13:47:07.804+0000] {processor.py:840} INFO - DAG(s) 'kolesa_dag' retrieved from /opt/airflow/dags/kolesa.py
[2024-05-01T13:47:07.849+0000] {logging_mixin.py:188} INFO - [2024-05-01T13:47:07.848+0000] {dag.py:3047} INFO - Sync 1 DAGs
[2024-05-01T13:47:07.870+0000] {logging_mixin.py:188} INFO - [2024-05-01T13:47:07.870+0000] {dag.py:3834} INFO - Setting next_dagrun for kolesa_dag to None, run_after=None
[2024-05-01T13:47:07.901+0000] {processor.py:183} INFO - Processing /opt/airflow/dags/kolesa.py took 1.051 seconds
[2024-05-01T13:47:38.139+0000] {processor.py:161} INFO - Started process (PID=195) to work on /opt/airflow/dags/kolesa.py
[2024-05-01T13:47:38.142+0000] {processor.py:830} INFO - Processing file /opt/airflow/dags/kolesa.py for tasks to queue
[2024-05-01T13:47:38.149+0000] {logging_mixin.py:188} INFO - [2024-05-01T13:47:38.148+0000] {dagbag.py:540} INFO - Filling up the DagBag from /opt/airflow/dags/kolesa.py
[2024-05-01T13:47:41.143+0000] {processor.py:840} INFO - DAG(s) 'kolesa_dag' retrieved from /opt/airflow/dags/kolesa.py
[2024-05-01T13:47:41.292+0000] {logging_mixin.py:188} INFO - [2024-05-01T13:47:41.291+0000] {dag.py:3047} INFO - Sync 1 DAGs
[2024-05-01T13:47:41.361+0000] {logging_mixin.py:188} INFO - [2024-05-01T13:47:41.361+0000] {dag.py:3834} INFO - Setting next_dagrun for kolesa_dag to None, run_after=None
[2024-05-01T13:47:41.504+0000] {processor.py:183} INFO - Processing /opt/airflow/dags/kolesa.py took 3.375 seconds
[2024-05-01T13:48:11.943+0000] {processor.py:161} INFO - Started process (PID=207) to work on /opt/airflow/dags/kolesa.py
[2024-05-01T13:48:11.946+0000] {processor.py:830} INFO - Processing file /opt/airflow/dags/kolesa.py for tasks to queue
[2024-05-01T13:48:11.950+0000] {logging_mixin.py:188} INFO - [2024-05-01T13:48:11.950+0000] {dagbag.py:540} INFO - Filling up the DagBag from /opt/airflow/dags/kolesa.py
[2024-05-01T13:48:13.315+0000] {processor.py:840} INFO - DAG(s) 'kolesa_dag' retrieved from /opt/airflow/dags/kolesa.py
[2024-05-01T13:48:13.380+0000] {logging_mixin.py:188} INFO - [2024-05-01T13:48:13.379+0000] {dag.py:3047} INFO - Sync 1 DAGs
[2024-05-01T13:48:13.431+0000] {logging_mixin.py:188} INFO - [2024-05-01T13:48:13.426+0000] {dag.py:3834} INFO - Setting next_dagrun for kolesa_dag to None, run_after=None
[2024-05-01T13:48:13.486+0000] {processor.py:183} INFO - Processing /opt/airflow/dags/kolesa.py took 1.551 seconds
[2024-05-01T13:48:43.786+0000] {processor.py:161} INFO - Started process (PID=219) to work on /opt/airflow/dags/kolesa.py
[2024-05-01T13:48:43.788+0000] {processor.py:830} INFO - Processing file /opt/airflow/dags/kolesa.py for tasks to queue
[2024-05-01T13:48:43.792+0000] {logging_mixin.py:188} INFO - [2024-05-01T13:48:43.791+0000] {dagbag.py:540} INFO - Filling up the DagBag from /opt/airflow/dags/kolesa.py
[2024-05-01T13:48:44.593+0000] {processor.py:840} INFO - DAG(s) 'kolesa_dag' retrieved from /opt/airflow/dags/kolesa.py
[2024-05-01T13:48:44.632+0000] {logging_mixin.py:188} INFO - [2024-05-01T13:48:44.631+0000] {dag.py:3047} INFO - Sync 1 DAGs
[2024-05-01T13:48:44.655+0000] {logging_mixin.py:188} INFO - [2024-05-01T13:48:44.655+0000] {dag.py:3834} INFO - Setting next_dagrun for kolesa_dag to None, run_after=None
[2024-05-01T13:48:44.696+0000] {processor.py:183} INFO - Processing /opt/airflow/dags/kolesa.py took 0.917 seconds
[2024-05-01T13:49:14.979+0000] {processor.py:161} INFO - Started process (PID=231) to work on /opt/airflow/dags/kolesa.py
[2024-05-01T13:49:14.972+0000] {processor.py:830} INFO - Processing file /opt/airflow/dags/kolesa.py for tasks to queue
[2024-05-01T13:49:14.981+0000] {logging_mixin.py:188} INFO - [2024-05-01T13:49:14.979+0000] {dagbag.py:540} INFO - Filling up the DagBag from /opt/airflow/dags/kolesa.py
[2024-05-01T13:49:15.856+0000] {processor.py:840} INFO - DAG(s) 'kolesa_dag' retrieved from /opt/airflow/dags/kolesa.py
[2024-05-01T13:49:15.893+0000] {logging_mixin.py:188} INFO - [2024-05-01T13:49:15.892+0000] {dag.py:3047} INFO - Sync 1 DAGs
[2024-05-01T13:49:15.917+0000] {logging_mixin.py:188} INFO - [2024-05-01T13:49:15.917+0000] {dag.py:3834} INFO - Setting next_dagrun for kolesa_dag to None, run_after=None
[2024-05-01T13:49:15.950+0000] {processor.py:183} INFO - Processing /opt/airflow/dags/kolesa.py took 1.009 seconds
[2024-05-01T13:49:47.162+0000] {processor.py:161} INFO - Started process (PID=243) to work on /opt/airflow/dags/kolesa.py
[2024-05-01T13:49:47.163+0000] {processor.py:830} INFO - Processing file /opt/airflow/dags/kolesa.py for tasks to queue
[2024-05-01T13:49:47.167+0000] {logging_mixin.py:188} INFO - [2024-05-01T13:49:47.167+0000] {dagbag.py:540} INFO - Filling up the DagBag from /opt/airflow/dags/kolesa.py
[2024-05-01T13:49:48.160+0000] {processor.py:840} INFO - DAG(s) 'kolesa_dag' retrieved from /opt/airflow/dags/kolesa.py
[2024-05-01T13:49:48.209+0000] {logging_mixin.py:188} INFO - [2024-05-01T13:49:48.208+0000] {dag.py:3047} INFO - Sync 1 DAGs
[2024-05-01T13:49:48.232+0000] {logging_mixin.py:188} INFO - [2024-05-01T13:49:48.231+0000] {dag.py:3834} INFO - Setting next_dagrun for kolesa_dag to None, run_after=None
[2024-05-01T13:49:48.281+0000] {processor.py:183} INFO - Processing /opt/airflow/dags/kolesa.py took 1.132 seconds
[2024-05-01T13:50:18.512+0000] {processor.py:161} INFO - Started process (PID=255) to work on /opt/airflow/dags/kolesa.py
[2024-05-01T13:50:18.514+0000] {processor.py:830} INFO - Processing file /opt/airflow/dags/kolesa.py for tasks to queue
[2024-05-01T13:50:18.519+0000] {logging_mixin.py:188} INFO - [2024-05-01T13:50:18.518+0000] {dagbag.py:540} INFO - Filling up the DagBag from /opt/airflow/dags/kolesa.py
[2024-05-01T13:50:19.419+0000] {processor.py:840} INFO - DAG(s) 'kolesa_dag' retrieved from /opt/airflow/dags/kolesa.py
[2024-05-01T13:50:19.464+0000] {logging_mixin.py:188} INFO - [2024-05-01T13:50:19.463+0000] {dag.py:3047} INFO - Sync 1 DAGs
[2024-05-01T13:50:19.492+0000] {logging_mixin.py:188} INFO - [2024-05-01T13:50:19.491+0000] {dag.py:3834} INFO - Setting next_dagrun for kolesa_dag to None, run_after=None
[2024-05-01T13:50:19.526+0000] {processor.py:183} INFO - Processing /opt/airflow/dags/kolesa.py took 1.026 seconds
[2024-05-01T13:50:49.685+0000] {processor.py:161} INFO - Started process (PID=267) to work on /opt/airflow/dags/kolesa.py
[2024-05-01T13:50:49.688+0000] {processor.py:830} INFO - Processing file /opt/airflow/dags/kolesa.py for tasks to queue
[2024-05-01T13:50:49.692+0000] {logging_mixin.py:188} INFO - [2024-05-01T13:50:49.691+0000] {dagbag.py:540} INFO - Filling up the DagBag from /opt/airflow/dags/kolesa.py
[2024-05-01T13:50:50.703+0000] {processor.py:840} INFO - DAG(s) 'kolesa_dag' retrieved from /opt/airflow/dags/kolesa.py
[2024-05-01T13:50:50.755+0000] {logging_mixin.py:188} INFO - [2024-05-01T13:50:50.753+0000] {dag.py:3047} INFO - Sync 1 DAGs
[2024-05-01T13:50:50.782+0000] {logging_mixin.py:188} INFO - [2024-05-01T13:50:50.782+0000] {dag.py:3834} INFO - Setting next_dagrun for kolesa_dag to None, run_after=None
[2024-05-01T13:50:50.826+0000] {processor.py:183} INFO - Processing /opt/airflow/dags/kolesa.py took 1.147 seconds
[2024-05-01T13:51:21.042+0000] {processor.py:161} INFO - Started process (PID=279) to work on /opt/airflow/dags/kolesa.py
[2024-05-01T13:51:21.044+0000] {processor.py:830} INFO - Processing file /opt/airflow/dags/kolesa.py for tasks to queue
[2024-05-01T13:51:21.047+0000] {logging_mixin.py:188} INFO - [2024-05-01T13:51:21.047+0000] {dagbag.py:540} INFO - Filling up the DagBag from /opt/airflow/dags/kolesa.py
[2024-05-01T13:51:22.416+0000] {processor.py:840} INFO - DAG(s) 'kolesa_dag' retrieved from /opt/airflow/dags/kolesa.py
[2024-05-01T13:51:22.477+0000] {logging_mixin.py:188} INFO - [2024-05-01T13:51:22.477+0000] {dag.py:3047} INFO - Sync 1 DAGs
[2024-05-01T13:51:22.498+0000] {logging_mixin.py:188} INFO - [2024-05-01T13:51:22.497+0000] {dag.py:3834} INFO - Setting next_dagrun for kolesa_dag to None, run_after=None
[2024-05-01T13:51:22.527+0000] {processor.py:183} INFO - Processing /opt/airflow/dags/kolesa.py took 1.496 seconds
[2024-05-01T13:51:52.754+0000] {processor.py:161} INFO - Started process (PID=291) to work on /opt/airflow/dags/kolesa.py
[2024-05-01T13:51:52.756+0000] {processor.py:830} INFO - Processing file /opt/airflow/dags/kolesa.py for tasks to queue
[2024-05-01T13:51:52.758+0000] {logging_mixin.py:188} INFO - [2024-05-01T13:51:52.758+0000] {dagbag.py:540} INFO - Filling up the DagBag from /opt/airflow/dags/kolesa.py
[2024-05-01T13:51:55.041+0000] {processor.py:840} INFO - DAG(s) 'kolesa_dag' retrieved from /opt/airflow/dags/kolesa.py
[2024-05-01T13:51:55.107+0000] {logging_mixin.py:188} INFO - [2024-05-01T13:51:55.106+0000] {dag.py:3047} INFO - Sync 1 DAGs
[2024-05-01T13:51:55.158+0000] {logging_mixin.py:188} INFO - [2024-05-01T13:51:55.158+0000] {dag.py:3834} INFO - Setting next_dagrun for kolesa_dag to None, run_after=None
[2024-05-01T13:51:55.203+0000] {processor.py:183} INFO - Processing /opt/airflow/dags/kolesa.py took 2.456 seconds
[2024-05-01T13:52:25.422+0000] {processor.py:161} INFO - Started process (PID=302) to work on /opt/airflow/dags/kolesa.py
[2024-05-01T13:52:25.425+0000] {processor.py:830} INFO - Processing file /opt/airflow/dags/kolesa.py for tasks to queue
[2024-05-01T13:52:25.429+0000] {logging_mixin.py:188} INFO - [2024-05-01T13:52:25.428+0000] {dagbag.py:540} INFO - Filling up the DagBag from /opt/airflow/dags/kolesa.py
[2024-05-01T13:52:26.484+0000] {processor.py:840} INFO - DAG(s) 'kolesa_dag' retrieved from /opt/airflow/dags/kolesa.py
[2024-05-01T13:52:26.524+0000] {logging_mixin.py:188} INFO - [2024-05-01T13:52:26.523+0000] {dag.py:3047} INFO - Sync 1 DAGs
[2024-05-01T13:52:26.548+0000] {logging_mixin.py:188} INFO - [2024-05-01T13:52:26.548+0000] {dag.py:3834} INFO - Setting next_dagrun for kolesa_dag to None, run_after=None
[2024-05-01T13:52:26.589+0000] {processor.py:183} INFO - Processing /opt/airflow/dags/kolesa.py took 1.173 seconds
[2024-05-01T13:52:56.698+0000] {processor.py:161} INFO - Started process (PID=314) to work on /opt/airflow/dags/kolesa.py
[2024-05-01T13:52:56.700+0000] {processor.py:830} INFO - Processing file /opt/airflow/dags/kolesa.py for tasks to queue
[2024-05-01T13:52:56.703+0000] {logging_mixin.py:188} INFO - [2024-05-01T13:52:56.703+0000] {dagbag.py:540} INFO - Filling up the DagBag from /opt/airflow/dags/kolesa.py
[2024-05-01T13:52:57.688+0000] {processor.py:840} INFO - DAG(s) 'kolesa_dag' retrieved from /opt/airflow/dags/kolesa.py
[2024-05-01T13:52:57.734+0000] {logging_mixin.py:188} INFO - [2024-05-01T13:52:57.733+0000] {dag.py:3047} INFO - Sync 1 DAGs
[2024-05-01T13:52:57.757+0000] {logging_mixin.py:188} INFO - [2024-05-01T13:52:57.757+0000] {dag.py:3834} INFO - Setting next_dagrun for kolesa_dag to None, run_after=None
[2024-05-01T13:52:57.796+0000] {processor.py:183} INFO - Processing /opt/airflow/dags/kolesa.py took 1.103 seconds
[2024-05-01T14:08:01.531+0000] {processor.py:161} INFO - Started process (PID=63) to work on /opt/airflow/dags/kolesa.py
[2024-05-01T14:08:01.703+0000] {processor.py:830} INFO - Processing file /opt/airflow/dags/kolesa.py for tasks to queue
[2024-05-01T14:08:01.725+0000] {logging_mixin.py:188} INFO - [2024-05-01T14:08:01.725+0000] {dagbag.py:540} INFO - Filling up the DagBag from /opt/airflow/dags/kolesa.py
[2024-05-01T14:08:15.434+0000] {processor.py:840} INFO - DAG(s) 'kolesa_dag' retrieved from /opt/airflow/dags/kolesa.py
[2024-05-01T14:08:20.850+0000] {logging_mixin.py:188} INFO - [2024-05-01T14:08:20.849+0000] {dag.py:3047} INFO - Sync 1 DAGs
[2024-05-01T14:08:21.184+0000] {logging_mixin.py:188} INFO - [2024-05-01T14:08:21.183+0000] {dag.py:3834} INFO - Setting next_dagrun for kolesa_dag to None, run_after=None
[2024-05-01T14:08:21.488+0000] {processor.py:183} INFO - Processing /opt/airflow/dags/kolesa.py took 19.972 seconds
[2024-05-01T14:08:51.967+0000] {processor.py:161} INFO - Started process (PID=84) to work on /opt/airflow/dags/kolesa.py
[2024-05-01T14:08:51.969+0000] {processor.py:830} INFO - Processing file /opt/airflow/dags/kolesa.py for tasks to queue
[2024-05-01T14:08:51.974+0000] {logging_mixin.py:188} INFO - [2024-05-01T14:08:51.973+0000] {dagbag.py:540} INFO - Filling up the DagBag from /opt/airflow/dags/kolesa.py
[2024-05-01T14:08:54.099+0000] {processor.py:840} INFO - DAG(s) 'kolesa_dag' retrieved from /opt/airflow/dags/kolesa.py
[2024-05-01T14:08:54.150+0000] {logging_mixin.py:188} INFO - [2024-05-01T14:08:54.150+0000] {dag.py:3047} INFO - Sync 1 DAGs
[2024-05-01T14:08:54.185+0000] {logging_mixin.py:188} INFO - [2024-05-01T14:08:54.184+0000] {dag.py:3834} INFO - Setting next_dagrun for kolesa_dag to None, run_after=None
[2024-05-01T14:08:54.229+0000] {processor.py:183} INFO - Processing /opt/airflow/dags/kolesa.py took 2.270 seconds
[2024-05-01T14:09:24.772+0000] {processor.py:161} INFO - Started process (PID=96) to work on /opt/airflow/dags/kolesa.py
[2024-05-01T14:09:24.774+0000] {processor.py:830} INFO - Processing file /opt/airflow/dags/kolesa.py for tasks to queue
[2024-05-01T14:09:24.778+0000] {logging_mixin.py:188} INFO - [2024-05-01T14:09:24.777+0000] {dagbag.py:540} INFO - Filling up the DagBag from /opt/airflow/dags/kolesa.py
[2024-05-01T14:09:25.596+0000] {processor.py:840} INFO - DAG(s) 'kolesa_dag' retrieved from /opt/airflow/dags/kolesa.py
[2024-05-01T14:09:25.901+0000] {logging_mixin.py:188} INFO - [2024-05-01T14:09:25.899+0000] {dag.py:3047} INFO - Sync 1 DAGs
[2024-05-01T14:09:25.966+0000] {logging_mixin.py:188} INFO - [2024-05-01T14:09:25.965+0000] {dag.py:3834} INFO - Setting next_dagrun for kolesa_dag to None, run_after=None
[2024-05-01T14:09:26.108+0000] {processor.py:183} INFO - Processing /opt/airflow/dags/kolesa.py took 1.347 seconds
[2024-05-01T14:09:56.457+0000] {processor.py:161} INFO - Started process (PID=107) to work on /opt/airflow/dags/kolesa.py
[2024-05-01T14:09:56.459+0000] {processor.py:830} INFO - Processing file /opt/airflow/dags/kolesa.py for tasks to queue
[2024-05-01T14:09:56.472+0000] {logging_mixin.py:188} INFO - [2024-05-01T14:09:56.471+0000] {dagbag.py:540} INFO - Filling up the DagBag from /opt/airflow/dags/kolesa.py
[2024-05-01T14:09:58.689+0000] {processor.py:840} INFO - DAG(s) 'kolesa_dag' retrieved from /opt/airflow/dags/kolesa.py
[2024-05-01T14:09:58.774+0000] {logging_mixin.py:188} INFO - [2024-05-01T14:09:58.773+0000] {dag.py:3047} INFO - Sync 1 DAGs
[2024-05-01T14:09:58.832+0000] {logging_mixin.py:188} INFO - [2024-05-01T14:09:58.831+0000] {dag.py:3834} INFO - Setting next_dagrun for kolesa_dag to None, run_after=None
[2024-05-01T14:09:58.884+0000] {processor.py:183} INFO - Processing /opt/airflow/dags/kolesa.py took 2.487 seconds
[2024-05-01T14:10:29.327+0000] {processor.py:161} INFO - Started process (PID=119) to work on /opt/airflow/dags/kolesa.py
[2024-05-01T14:10:29.334+0000] {processor.py:830} INFO - Processing file /opt/airflow/dags/kolesa.py for tasks to queue
[2024-05-01T14:10:29.341+0000] {logging_mixin.py:188} INFO - [2024-05-01T14:10:29.339+0000] {dagbag.py:540} INFO - Filling up the DagBag from /opt/airflow/dags/kolesa.py
[2024-05-01T14:10:31.041+0000] {processor.py:840} INFO - DAG(s) 'kolesa_dag' retrieved from /opt/airflow/dags/kolesa.py
[2024-05-01T14:10:31.146+0000] {logging_mixin.py:188} INFO - [2024-05-01T14:10:31.145+0000] {dag.py:3047} INFO - Sync 1 DAGs
[2024-05-01T14:10:31.192+0000] {logging_mixin.py:188} INFO - [2024-05-01T14:10:31.191+0000] {dag.py:3834} INFO - Setting next_dagrun for kolesa_dag to None, run_after=None
[2024-05-01T14:10:31.255+0000] {processor.py:183} INFO - Processing /opt/airflow/dags/kolesa.py took 1.956 seconds
[2024-05-01T14:11:02.306+0000] {processor.py:161} INFO - Started process (PID=131) to work on /opt/airflow/dags/kolesa.py
[2024-05-01T14:11:02.311+0000] {processor.py:830} INFO - Processing file /opt/airflow/dags/kolesa.py for tasks to queue
[2024-05-01T14:11:02.325+0000] {logging_mixin.py:188} INFO - [2024-05-01T14:11:02.323+0000] {dagbag.py:540} INFO - Filling up the DagBag from /opt/airflow/dags/kolesa.py
[2024-05-01T14:11:03.199+0000] {processor.py:840} INFO - DAG(s) 'kolesa_dag' retrieved from /opt/airflow/dags/kolesa.py
[2024-05-01T14:11:03.431+0000] {logging_mixin.py:188} INFO - [2024-05-01T14:11:03.430+0000] {dag.py:3047} INFO - Sync 1 DAGs
[2024-05-01T14:11:03.460+0000] {logging_mixin.py:188} INFO - [2024-05-01T14:11:03.459+0000] {dag.py:3834} INFO - Setting next_dagrun for kolesa_dag to None, run_after=None
[2024-05-01T14:11:03.505+0000] {processor.py:183} INFO - Processing /opt/airflow/dags/kolesa.py took 1.226 seconds
[2024-05-01T14:11:33.857+0000] {processor.py:161} INFO - Started process (PID=143) to work on /opt/airflow/dags/kolesa.py
[2024-05-01T14:11:33.866+0000] {processor.py:830} INFO - Processing file /opt/airflow/dags/kolesa.py for tasks to queue
[2024-05-01T14:11:33.883+0000] {logging_mixin.py:188} INFO - [2024-05-01T14:11:33.880+0000] {dagbag.py:540} INFO - Filling up the DagBag from /opt/airflow/dags/kolesa.py
[2024-05-01T14:11:35.214+0000] {processor.py:840} INFO - DAG(s) 'kolesa_dag' retrieved from /opt/airflow/dags/kolesa.py
[2024-05-01T14:11:35.275+0000] {logging_mixin.py:188} INFO - [2024-05-01T14:11:35.274+0000] {dag.py:3047} INFO - Sync 1 DAGs
[2024-05-01T14:11:35.296+0000] {logging_mixin.py:188} INFO - [2024-05-01T14:11:35.295+0000] {dag.py:3834} INFO - Setting next_dagrun for kolesa_dag to None, run_after=None
[2024-05-01T14:11:35.331+0000] {processor.py:183} INFO - Processing /opt/airflow/dags/kolesa.py took 1.516 seconds
[2024-05-01T14:12:05.599+0000] {processor.py:161} INFO - Started process (PID=155) to work on /opt/airflow/dags/kolesa.py
[2024-05-01T14:12:05.601+0000] {processor.py:830} INFO - Processing file /opt/airflow/dags/kolesa.py for tasks to queue
[2024-05-01T14:12:05.604+0000] {logging_mixin.py:188} INFO - [2024-05-01T14:12:05.603+0000] {dagbag.py:540} INFO - Filling up the DagBag from /opt/airflow/dags/kolesa.py
[2024-05-01T14:12:06.506+0000] {processor.py:840} INFO - DAG(s) 'kolesa_dag' retrieved from /opt/airflow/dags/kolesa.py
[2024-05-01T14:12:06.550+0000] {logging_mixin.py:188} INFO - [2024-05-01T14:12:06.549+0000] {dag.py:3047} INFO - Sync 1 DAGs
[2024-05-01T14:12:06.573+0000] {logging_mixin.py:188} INFO - [2024-05-01T14:12:06.573+0000] {dag.py:3834} INFO - Setting next_dagrun for kolesa_dag to None, run_after=None
[2024-05-01T14:12:06.608+0000] {processor.py:183} INFO - Processing /opt/airflow/dags/kolesa.py took 1.016 seconds
[2024-05-01T14:12:36.978+0000] {processor.py:161} INFO - Started process (PID=167) to work on /opt/airflow/dags/kolesa.py
[2024-05-01T14:12:36.984+0000] {processor.py:830} INFO - Processing file /opt/airflow/dags/kolesa.py for tasks to queue
[2024-05-01T14:12:36.995+0000] {logging_mixin.py:188} INFO - [2024-05-01T14:12:36.994+0000] {dagbag.py:540} INFO - Filling up the DagBag from /opt/airflow/dags/kolesa.py
[2024-05-01T14:12:38.095+0000] {processor.py:840} INFO - DAG(s) 'kolesa_dag' retrieved from /opt/airflow/dags/kolesa.py
[2024-05-01T14:12:38.148+0000] {logging_mixin.py:188} INFO - [2024-05-01T14:12:38.147+0000] {dag.py:3047} INFO - Sync 1 DAGs
[2024-05-01T14:12:38.175+0000] {logging_mixin.py:188} INFO - [2024-05-01T14:12:38.175+0000] {dag.py:3834} INFO - Setting next_dagrun for kolesa_dag to None, run_after=None
[2024-05-01T14:12:38.225+0000] {processor.py:183} INFO - Processing /opt/airflow/dags/kolesa.py took 1.269 seconds
[2024-05-01T14:13:08.644+0000] {processor.py:161} INFO - Started process (PID=179) to work on /opt/airflow/dags/kolesa.py
[2024-05-01T14:13:08.648+0000] {processor.py:830} INFO - Processing file /opt/airflow/dags/kolesa.py for tasks to queue
[2024-05-01T14:13:08.657+0000] {logging_mixin.py:188} INFO - [2024-05-01T14:13:08.656+0000] {dagbag.py:540} INFO - Filling up the DagBag from /opt/airflow/dags/kolesa.py
[2024-05-01T14:13:09.803+0000] {processor.py:840} INFO - DAG(s) 'kolesa_dag' retrieved from /opt/airflow/dags/kolesa.py
[2024-05-01T14:13:09.853+0000] {logging_mixin.py:188} INFO - [2024-05-01T14:13:09.852+0000] {dag.py:3047} INFO - Sync 1 DAGs
[2024-05-01T14:13:09.879+0000] {logging_mixin.py:188} INFO - [2024-05-01T14:13:09.879+0000] {dag.py:3834} INFO - Setting next_dagrun for kolesa_dag to None, run_after=None
[2024-05-01T14:13:09.924+0000] {processor.py:183} INFO - Processing /opt/airflow/dags/kolesa.py took 1.288 seconds
[2024-05-01T14:13:40.039+0000] {processor.py:161} INFO - Started process (PID=191) to work on /opt/airflow/dags/kolesa.py
[2024-05-01T14:13:40.042+0000] {processor.py:830} INFO - Processing file /opt/airflow/dags/kolesa.py for tasks to queue
[2024-05-01T14:13:40.047+0000] {logging_mixin.py:188} INFO - [2024-05-01T14:13:40.047+0000] {dagbag.py:540} INFO - Filling up the DagBag from /opt/airflow/dags/kolesa.py
[2024-05-01T14:13:41.231+0000] {processor.py:840} INFO - DAG(s) 'kolesa_dag' retrieved from /opt/airflow/dags/kolesa.py
[2024-05-01T14:13:41.298+0000] {logging_mixin.py:188} INFO - [2024-05-01T14:13:41.297+0000] {dag.py:3047} INFO - Sync 1 DAGs
[2024-05-01T14:13:41.335+0000] {logging_mixin.py:188} INFO - [2024-05-01T14:13:41.334+0000] {dag.py:3834} INFO - Setting next_dagrun for kolesa_dag to None, run_after=None
[2024-05-01T14:13:41.396+0000] {processor.py:183} INFO - Processing /opt/airflow/dags/kolesa.py took 1.365 seconds
[2024-05-01T14:14:11.712+0000] {processor.py:161} INFO - Started process (PID=202) to work on /opt/airflow/dags/kolesa.py
[2024-05-01T14:14:11.724+0000] {processor.py:830} INFO - Processing file /opt/airflow/dags/kolesa.py for tasks to queue
[2024-05-01T14:14:11.728+0000] {logging_mixin.py:188} INFO - [2024-05-01T14:14:11.727+0000] {dagbag.py:540} INFO - Filling up the DagBag from /opt/airflow/dags/kolesa.py
[2024-05-01T14:14:12.883+0000] {processor.py:840} INFO - DAG(s) 'kolesa_dag' retrieved from /opt/airflow/dags/kolesa.py
[2024-05-01T14:14:12.933+0000] {logging_mixin.py:188} INFO - [2024-05-01T14:14:12.932+0000] {dag.py:3047} INFO - Sync 1 DAGs
[2024-05-01T14:14:12.958+0000] {logging_mixin.py:188} INFO - [2024-05-01T14:14:12.957+0000] {dag.py:3834} INFO - Setting next_dagrun for kolesa_dag to None, run_after=None
[2024-05-01T14:14:12.999+0000] {processor.py:183} INFO - Processing /opt/airflow/dags/kolesa.py took 1.300 seconds
[2024-05-01T14:14:43.864+0000] {processor.py:161} INFO - Started process (PID=214) to work on /opt/airflow/dags/kolesa.py
[2024-05-01T14:14:43.868+0000] {processor.py:830} INFO - Processing file /opt/airflow/dags/kolesa.py for tasks to queue
[2024-05-01T14:14:43.874+0000] {logging_mixin.py:188} INFO - [2024-05-01T14:14:43.873+0000] {dagbag.py:540} INFO - Filling up the DagBag from /opt/airflow/dags/kolesa.py
[2024-05-01T14:14:45.108+0000] {processor.py:840} INFO - DAG(s) 'kolesa_dag' retrieved from /opt/airflow/dags/kolesa.py
[2024-05-01T14:14:45.158+0000] {logging_mixin.py:188} INFO - [2024-05-01T14:14:45.157+0000] {dag.py:3047} INFO - Sync 1 DAGs
[2024-05-01T14:14:45.182+0000] {logging_mixin.py:188} INFO - [2024-05-01T14:14:45.182+0000] {dag.py:3834} INFO - Setting next_dagrun for kolesa_dag to None, run_after=None
[2024-05-01T14:14:45.223+0000] {processor.py:183} INFO - Processing /opt/airflow/dags/kolesa.py took 1.368 seconds
[2024-05-01T14:15:15.626+0000] {processor.py:161} INFO - Started process (PID=226) to work on /opt/airflow/dags/kolesa.py
[2024-05-01T14:15:15.628+0000] {processor.py:830} INFO - Processing file /opt/airflow/dags/kolesa.py for tasks to queue
[2024-05-01T14:15:15.643+0000] {logging_mixin.py:188} INFO - [2024-05-01T14:15:15.642+0000] {dagbag.py:540} INFO - Filling up the DagBag from /opt/airflow/dags/kolesa.py
[2024-05-01T14:15:20.391+0000] {processor.py:840} INFO - DAG(s) 'kolesa_dag' retrieved from /opt/airflow/dags/kolesa.py
[2024-05-01T14:15:20.525+0000] {logging_mixin.py:188} INFO - [2024-05-01T14:15:20.524+0000] {dag.py:3047} INFO - Sync 1 DAGs
[2024-05-01T14:15:20.610+0000] {logging_mixin.py:188} INFO - [2024-05-01T14:15:20.610+0000] {dag.py:3834} INFO - Setting next_dagrun for kolesa_dag to None, run_after=None
[2024-05-01T14:15:20.716+0000] {processor.py:183} INFO - Processing /opt/airflow/dags/kolesa.py took 5.120 seconds
[2024-05-01T14:15:51.093+0000] {processor.py:161} INFO - Started process (PID=243) to work on /opt/airflow/dags/kolesa.py
[2024-05-01T14:15:51.096+0000] {processor.py:830} INFO - Processing file /opt/airflow/dags/kolesa.py for tasks to queue
[2024-05-01T14:15:51.102+0000] {logging_mixin.py:188} INFO - [2024-05-01T14:15:51.101+0000] {dagbag.py:540} INFO - Filling up the DagBag from /opt/airflow/dags/kolesa.py
[2024-05-01T14:15:52.282+0000] {processor.py:840} INFO - DAG(s) 'kolesa_dag' retrieved from /opt/airflow/dags/kolesa.py
[2024-05-01T14:15:52.327+0000] {logging_mixin.py:188} INFO - [2024-05-01T14:15:52.326+0000] {dag.py:3047} INFO - Sync 1 DAGs
[2024-05-01T14:15:52.349+0000] {logging_mixin.py:188} INFO - [2024-05-01T14:15:52.348+0000] {dag.py:3834} INFO - Setting next_dagrun for kolesa_dag to None, run_after=None
[2024-05-01T14:15:52.388+0000] {processor.py:183} INFO - Processing /opt/airflow/dags/kolesa.py took 1.314 seconds
[2024-05-01T14:16:22.531+0000] {processor.py:161} INFO - Started process (PID=255) to work on /opt/airflow/dags/kolesa.py
[2024-05-01T14:16:22.534+0000] {processor.py:830} INFO - Processing file /opt/airflow/dags/kolesa.py for tasks to queue
[2024-05-01T14:16:22.538+0000] {logging_mixin.py:188} INFO - [2024-05-01T14:16:22.537+0000] {dagbag.py:540} INFO - Filling up the DagBag from /opt/airflow/dags/kolesa.py
[2024-05-01T14:16:23.916+0000] {processor.py:840} INFO - DAG(s) 'kolesa_dag' retrieved from /opt/airflow/dags/kolesa.py
[2024-05-01T14:16:23.974+0000] {logging_mixin.py:188} INFO - [2024-05-01T14:16:23.973+0000] {dag.py:3047} INFO - Sync 1 DAGs
[2024-05-01T14:16:23.998+0000] {logging_mixin.py:188} INFO - [2024-05-01T14:16:23.997+0000] {dag.py:3834} INFO - Setting next_dagrun for kolesa_dag to None, run_after=None
[2024-05-01T14:16:24.055+0000] {processor.py:183} INFO - Processing /opt/airflow/dags/kolesa.py took 1.532 seconds
[2024-05-01T14:16:54.945+0000] {processor.py:161} INFO - Started process (PID=267) to work on /opt/airflow/dags/kolesa.py
[2024-05-01T14:16:54.954+0000] {processor.py:830} INFO - Processing file /opt/airflow/dags/kolesa.py for tasks to queue
[2024-05-01T14:16:54.969+0000] {logging_mixin.py:188} INFO - [2024-05-01T14:16:54.966+0000] {dagbag.py:540} INFO - Filling up the DagBag from /opt/airflow/dags/kolesa.py
[2024-05-01T14:16:55.953+0000] {processor.py:840} INFO - DAG(s) 'kolesa_dag' retrieved from /opt/airflow/dags/kolesa.py
[2024-05-01T14:16:55.988+0000] {logging_mixin.py:188} INFO - [2024-05-01T14:16:55.987+0000] {dag.py:3047} INFO - Sync 1 DAGs
[2024-05-01T14:16:56.007+0000] {logging_mixin.py:188} INFO - [2024-05-01T14:16:56.007+0000] {dag.py:3834} INFO - Setting next_dagrun for kolesa_dag to None, run_after=None
[2024-05-01T14:16:56.104+0000] {processor.py:183} INFO - Processing /opt/airflow/dags/kolesa.py took 1.191 seconds
[2024-05-01T14:17:26.321+0000] {processor.py:161} INFO - Started process (PID=280) to work on /opt/airflow/dags/kolesa.py
[2024-05-01T14:17:26.323+0000] {processor.py:830} INFO - Processing file /opt/airflow/dags/kolesa.py for tasks to queue
[2024-05-01T14:17:26.326+0000] {logging_mixin.py:188} INFO - [2024-05-01T14:17:26.326+0000] {dagbag.py:540} INFO - Filling up the DagBag from /opt/airflow/dags/kolesa.py
[2024-05-01T14:17:27.194+0000] {processor.py:840} INFO - DAG(s) 'kolesa_dag' retrieved from /opt/airflow/dags/kolesa.py
[2024-05-01T14:17:27.246+0000] {logging_mixin.py:188} INFO - [2024-05-01T14:17:27.245+0000] {dag.py:3047} INFO - Sync 1 DAGs
[2024-05-01T14:17:27.271+0000] {logging_mixin.py:188} INFO - [2024-05-01T14:17:27.271+0000] {dag.py:3834} INFO - Setting next_dagrun for kolesa_dag to None, run_after=None
[2024-05-01T14:17:27.312+0000] {processor.py:183} INFO - Processing /opt/airflow/dags/kolesa.py took 0.997 seconds
[2024-05-01T14:17:57.545+0000] {processor.py:161} INFO - Started process (PID=292) to work on /opt/airflow/dags/kolesa.py
[2024-05-01T14:17:57.547+0000] {processor.py:830} INFO - Processing file /opt/airflow/dags/kolesa.py for tasks to queue
[2024-05-01T14:17:57.550+0000] {logging_mixin.py:188} INFO - [2024-05-01T14:17:57.550+0000] {dagbag.py:540} INFO - Filling up the DagBag from /opt/airflow/dags/kolesa.py
[2024-05-01T14:17:58.507+0000] {processor.py:840} INFO - DAG(s) 'kolesa_dag' retrieved from /opt/airflow/dags/kolesa.py
[2024-05-01T14:17:58.561+0000] {logging_mixin.py:188} INFO - [2024-05-01T14:17:58.560+0000] {dag.py:3047} INFO - Sync 1 DAGs
[2024-05-01T14:17:58.584+0000] {logging_mixin.py:188} INFO - [2024-05-01T14:17:58.584+0000] {dag.py:3834} INFO - Setting next_dagrun for kolesa_dag to None, run_after=None
[2024-05-01T14:17:58.621+0000] {processor.py:183} INFO - Processing /opt/airflow/dags/kolesa.py took 1.084 seconds
[2024-05-01T14:18:29.597+0000] {processor.py:161} INFO - Started process (PID=305) to work on /opt/airflow/dags/kolesa.py
[2024-05-01T14:18:29.599+0000] {processor.py:830} INFO - Processing file /opt/airflow/dags/kolesa.py for tasks to queue
[2024-05-01T14:18:29.602+0000] {logging_mixin.py:188} INFO - [2024-05-01T14:18:29.602+0000] {dagbag.py:540} INFO - Filling up the DagBag from /opt/airflow/dags/kolesa.py
[2024-05-01T14:18:30.555+0000] {processor.py:840} INFO - DAG(s) 'kolesa_dag' retrieved from /opt/airflow/dags/kolesa.py
[2024-05-01T14:18:30.646+0000] {logging_mixin.py:188} INFO - [2024-05-01T14:18:30.643+0000] {dag.py:3047} INFO - Sync 1 DAGs
[2024-05-01T14:18:30.679+0000] {logging_mixin.py:188} INFO - [2024-05-01T14:18:30.678+0000] {dag.py:3834} INFO - Setting next_dagrun for kolesa_dag to None, run_after=None
[2024-05-01T14:18:30.715+0000] {processor.py:183} INFO - Processing /opt/airflow/dags/kolesa.py took 1.124 seconds
[2024-05-01T14:19:01.051+0000] {processor.py:161} INFO - Started process (PID=317) to work on /opt/airflow/dags/kolesa.py
[2024-05-01T14:19:01.054+0000] {processor.py:830} INFO - Processing file /opt/airflow/dags/kolesa.py for tasks to queue
[2024-05-01T14:19:01.059+0000] {logging_mixin.py:188} INFO - [2024-05-01T14:19:01.058+0000] {dagbag.py:540} INFO - Filling up the DagBag from /opt/airflow/dags/kolesa.py
[2024-05-01T14:19:02.249+0000] {processor.py:840} INFO - DAG(s) 'kolesa_dag' retrieved from /opt/airflow/dags/kolesa.py
[2024-05-01T14:19:02.281+0000] {logging_mixin.py:188} INFO - [2024-05-01T14:19:02.281+0000] {dag.py:3047} INFO - Sync 1 DAGs
[2024-05-01T14:19:02.298+0000] {logging_mixin.py:188} INFO - [2024-05-01T14:19:02.298+0000] {dag.py:3834} INFO - Setting next_dagrun for kolesa_dag to None, run_after=None
[2024-05-01T14:19:02.330+0000] {processor.py:183} INFO - Processing /opt/airflow/dags/kolesa.py took 1.289 seconds
[2024-05-01T14:19:32.542+0000] {processor.py:161} INFO - Started process (PID=329) to work on /opt/airflow/dags/kolesa.py
[2024-05-01T14:19:32.549+0000] {processor.py:830} INFO - Processing file /opt/airflow/dags/kolesa.py for tasks to queue
[2024-05-01T14:19:32.561+0000] {logging_mixin.py:188} INFO - [2024-05-01T14:19:32.559+0000] {dagbag.py:540} INFO - Filling up the DagBag from /opt/airflow/dags/kolesa.py
[2024-05-01T14:19:33.875+0000] {processor.py:840} INFO - DAG(s) 'kolesa_dag' retrieved from /opt/airflow/dags/kolesa.py
[2024-05-01T14:19:33.923+0000] {logging_mixin.py:188} INFO - [2024-05-01T14:19:33.923+0000] {dag.py:3047} INFO - Sync 1 DAGs
[2024-05-01T14:19:33.948+0000] {logging_mixin.py:188} INFO - [2024-05-01T14:19:33.948+0000] {dag.py:3834} INFO - Setting next_dagrun for kolesa_dag to None, run_after=None
[2024-05-01T14:19:33.992+0000] {processor.py:183} INFO - Processing /opt/airflow/dags/kolesa.py took 1.469 seconds
[2024-05-01T14:20:04.344+0000] {processor.py:161} INFO - Started process (PID=341) to work on /opt/airflow/dags/kolesa.py
[2024-05-01T14:20:04.347+0000] {processor.py:830} INFO - Processing file /opt/airflow/dags/kolesa.py for tasks to queue
[2024-05-01T14:20:04.351+0000] {logging_mixin.py:188} INFO - [2024-05-01T14:20:04.350+0000] {dagbag.py:540} INFO - Filling up the DagBag from /opt/airflow/dags/kolesa.py
[2024-05-01T14:20:05.431+0000] {processor.py:840} INFO - DAG(s) 'kolesa_dag' retrieved from /opt/airflow/dags/kolesa.py
[2024-05-01T14:20:05.527+0000] {logging_mixin.py:188} INFO - [2024-05-01T14:20:05.526+0000] {dag.py:3047} INFO - Sync 1 DAGs
[2024-05-01T14:20:05.579+0000] {logging_mixin.py:188} INFO - [2024-05-01T14:20:05.579+0000] {dag.py:3834} INFO - Setting next_dagrun for kolesa_dag to None, run_after=None
[2024-05-01T14:20:05.642+0000] {processor.py:183} INFO - Processing /opt/airflow/dags/kolesa.py took 1.308 seconds
[2024-05-01T14:20:36.410+0000] {processor.py:161} INFO - Started process (PID=353) to work on /opt/airflow/dags/kolesa.py
[2024-05-01T14:20:36.418+0000] {processor.py:830} INFO - Processing file /opt/airflow/dags/kolesa.py for tasks to queue
[2024-05-01T14:20:36.427+0000] {logging_mixin.py:188} INFO - [2024-05-01T14:20:36.427+0000] {dagbag.py:540} INFO - Filling up the DagBag from /opt/airflow/dags/kolesa.py
[2024-05-01T14:20:42.143+0000] {processor.py:840} INFO - DAG(s) 'kolesa_dag' retrieved from /opt/airflow/dags/kolesa.py
[2024-05-01T14:20:42.286+0000] {logging_mixin.py:188} INFO - [2024-05-01T14:20:42.276+0000] {dag.py:3047} INFO - Sync 1 DAGs
[2024-05-01T14:20:42.406+0000] {logging_mixin.py:188} INFO - [2024-05-01T14:20:42.406+0000] {dag.py:3834} INFO - Setting next_dagrun for kolesa_dag to None, run_after=None
[2024-05-01T14:20:42.517+0000] {processor.py:183} INFO - Processing /opt/airflow/dags/kolesa.py took 6.145 seconds
[2024-05-01T14:21:13.354+0000] {processor.py:161} INFO - Started process (PID=368) to work on /opt/airflow/dags/kolesa.py
[2024-05-01T14:21:13.357+0000] {processor.py:830} INFO - Processing file /opt/airflow/dags/kolesa.py for tasks to queue
[2024-05-01T14:21:13.363+0000] {logging_mixin.py:188} INFO - [2024-05-01T14:21:13.362+0000] {dagbag.py:540} INFO - Filling up the DagBag from /opt/airflow/dags/kolesa.py
[2024-05-01T14:21:16.101+0000] {processor.py:840} INFO - DAG(s) 'kolesa_dag' retrieved from /opt/airflow/dags/kolesa.py
[2024-05-01T14:21:16.205+0000] {logging_mixin.py:188} INFO - [2024-05-01T14:21:16.204+0000] {dag.py:3047} INFO - Sync 1 DAGs
[2024-05-01T14:21:16.258+0000] {logging_mixin.py:188} INFO - [2024-05-01T14:21:16.253+0000] {dag.py:3834} INFO - Setting next_dagrun for kolesa_dag to None, run_after=None
[2024-05-01T14:21:16.324+0000] {processor.py:183} INFO - Processing /opt/airflow/dags/kolesa.py took 2.998 seconds
[2024-05-01T14:21:46.832+0000] {processor.py:161} INFO - Started process (PID=380) to work on /opt/airflow/dags/kolesa.py
[2024-05-01T14:21:46.833+0000] {processor.py:830} INFO - Processing file /opt/airflow/dags/kolesa.py for tasks to queue
[2024-05-01T14:21:46.836+0000] {logging_mixin.py:188} INFO - [2024-05-01T14:21:46.836+0000] {dagbag.py:540} INFO - Filling up the DagBag from /opt/airflow/dags/kolesa.py
[2024-05-01T14:21:47.859+0000] {processor.py:840} INFO - DAG(s) 'kolesa_dag' retrieved from /opt/airflow/dags/kolesa.py
[2024-05-01T14:21:47.895+0000] {logging_mixin.py:188} INFO - [2024-05-01T14:21:47.895+0000] {dag.py:3047} INFO - Sync 1 DAGs
[2024-05-01T14:21:47.918+0000] {logging_mixin.py:188} INFO - [2024-05-01T14:21:47.918+0000] {dag.py:3834} INFO - Setting next_dagrun for kolesa_dag to None, run_after=None
[2024-05-01T14:21:47.956+0000] {processor.py:183} INFO - Processing /opt/airflow/dags/kolesa.py took 1.129 seconds
[2024-05-01T14:22:18.481+0000] {processor.py:161} INFO - Started process (PID=392) to work on /opt/airflow/dags/kolesa.py
[2024-05-01T14:22:18.484+0000] {processor.py:830} INFO - Processing file /opt/airflow/dags/kolesa.py for tasks to queue
[2024-05-01T14:22:18.487+0000] {logging_mixin.py:188} INFO - [2024-05-01T14:22:18.486+0000] {dagbag.py:540} INFO - Filling up the DagBag from /opt/airflow/dags/kolesa.py
[2024-05-01T14:22:19.965+0000] {processor.py:840} INFO - DAG(s) 'kolesa_dag' retrieved from /opt/airflow/dags/kolesa.py
[2024-05-01T14:22:20.031+0000] {logging_mixin.py:188} INFO - [2024-05-01T14:22:20.026+0000] {dag.py:3047} INFO - Sync 1 DAGs
[2024-05-01T14:22:20.072+0000] {logging_mixin.py:188} INFO - [2024-05-01T14:22:20.071+0000] {dag.py:3834} INFO - Setting next_dagrun for kolesa_dag to None, run_after=None
[2024-05-01T14:22:20.147+0000] {processor.py:183} INFO - Processing /opt/airflow/dags/kolesa.py took 1.672 seconds
[2024-05-01T14:22:51.059+0000] {processor.py:161} INFO - Started process (PID=410) to work on /opt/airflow/dags/kolesa.py
[2024-05-01T14:22:51.061+0000] {processor.py:830} INFO - Processing file /opt/airflow/dags/kolesa.py for tasks to queue
[2024-05-01T14:22:51.065+0000] {logging_mixin.py:188} INFO - [2024-05-01T14:22:51.065+0000] {dagbag.py:540} INFO - Filling up the DagBag from /opt/airflow/dags/kolesa.py
[2024-05-01T14:22:53.701+0000] {processor.py:840} INFO - DAG(s) 'kolesa_dag' retrieved from /opt/airflow/dags/kolesa.py
[2024-05-01T14:22:53.768+0000] {logging_mixin.py:188} INFO - [2024-05-01T14:22:53.768+0000] {dag.py:3047} INFO - Sync 1 DAGs
[2024-05-01T14:22:53.798+0000] {logging_mixin.py:188} INFO - [2024-05-01T14:22:53.798+0000] {dag.py:3834} INFO - Setting next_dagrun for kolesa_dag to None, run_after=None
[2024-05-01T14:22:53.855+0000] {processor.py:183} INFO - Processing /opt/airflow/dags/kolesa.py took 2.803 seconds
[2024-05-01T14:23:24.645+0000] {processor.py:161} INFO - Started process (PID=424) to work on /opt/airflow/dags/kolesa.py
[2024-05-01T14:23:24.649+0000] {processor.py:830} INFO - Processing file /opt/airflow/dags/kolesa.py for tasks to queue
[2024-05-01T14:23:24.668+0000] {logging_mixin.py:188} INFO - [2024-05-01T14:23:24.667+0000] {dagbag.py:540} INFO - Filling up the DagBag from /opt/airflow/dags/kolesa.py
[2024-05-01T14:23:29.303+0000] {processor.py:840} INFO - DAG(s) 'kolesa_dag' retrieved from /opt/airflow/dags/kolesa.py
[2024-05-01T14:23:29.450+0000] {logging_mixin.py:188} INFO - [2024-05-01T14:23:29.449+0000] {dag.py:3047} INFO - Sync 1 DAGs
[2024-05-01T14:23:29.548+0000] {logging_mixin.py:188} INFO - [2024-05-01T14:23:29.548+0000] {dag.py:3834} INFO - Setting next_dagrun for kolesa_dag to None, run_after=None
[2024-05-01T14:23:30.089+0000] {processor.py:183} INFO - Processing /opt/airflow/dags/kolesa.py took 5.462 seconds
[2024-05-01T14:24:00.488+0000] {processor.py:161} INFO - Started process (PID=436) to work on /opt/airflow/dags/kolesa.py
[2024-05-01T14:24:00.496+0000] {processor.py:830} INFO - Processing file /opt/airflow/dags/kolesa.py for tasks to queue
[2024-05-01T14:24:00.513+0000] {logging_mixin.py:188} INFO - [2024-05-01T14:24:00.512+0000] {dagbag.py:540} INFO - Filling up the DagBag from /opt/airflow/dags/kolesa.py
[2024-05-01T14:24:05.011+0000] {processor.py:840} INFO - DAG(s) 'kolesa_dag' retrieved from /opt/airflow/dags/kolesa.py
[2024-05-01T14:24:05.146+0000] {logging_mixin.py:188} INFO - [2024-05-01T14:24:05.146+0000] {dag.py:3047} INFO - Sync 1 DAGs
[2024-05-01T14:24:05.214+0000] {logging_mixin.py:188} INFO - [2024-05-01T14:24:05.214+0000] {dag.py:3834} INFO - Setting next_dagrun for kolesa_dag to None, run_after=None
[2024-05-01T14:24:05.310+0000] {processor.py:183} INFO - Processing /opt/airflow/dags/kolesa.py took 4.851 seconds
[2024-05-01T14:24:35.858+0000] {processor.py:161} INFO - Started process (PID=447) to work on /opt/airflow/dags/kolesa.py
[2024-05-01T14:24:35.860+0000] {processor.py:830} INFO - Processing file /opt/airflow/dags/kolesa.py for tasks to queue
[2024-05-01T14:24:35.865+0000] {logging_mixin.py:188} INFO - [2024-05-01T14:24:35.864+0000] {dagbag.py:540} INFO - Filling up the DagBag from /opt/airflow/dags/kolesa.py
[2024-05-01T14:24:40.197+0000] {processor.py:840} INFO - DAG(s) 'kolesa_dag' retrieved from /opt/airflow/dags/kolesa.py
[2024-05-01T14:24:40.388+0000] {logging_mixin.py:188} INFO - [2024-05-01T14:24:40.387+0000] {dag.py:3047} INFO - Sync 1 DAGs
[2024-05-01T14:24:40.501+0000] {logging_mixin.py:188} INFO - [2024-05-01T14:24:40.500+0000] {dag.py:3834} INFO - Setting next_dagrun for kolesa_dag to None, run_after=None
[2024-05-01T14:24:40.771+0000] {processor.py:183} INFO - Processing /opt/airflow/dags/kolesa.py took 4.947 seconds
[2024-05-01T14:25:11.644+0000] {processor.py:161} INFO - Started process (PID=459) to work on /opt/airflow/dags/kolesa.py
[2024-05-01T14:25:11.657+0000] {processor.py:830} INFO - Processing file /opt/airflow/dags/kolesa.py for tasks to queue
[2024-05-01T14:25:11.664+0000] {logging_mixin.py:188} INFO - [2024-05-01T14:25:11.663+0000] {dagbag.py:540} INFO - Filling up the DagBag from /opt/airflow/dags/kolesa.py
[2024-05-01T14:25:15.743+0000] {processor.py:840} INFO - DAG(s) 'kolesa_dag' retrieved from /opt/airflow/dags/kolesa.py
[2024-05-01T14:25:15.829+0000] {logging_mixin.py:188} INFO - [2024-05-01T14:25:15.827+0000] {dag.py:3047} INFO - Sync 1 DAGs
[2024-05-01T14:25:15.864+0000] {logging_mixin.py:188} INFO - [2024-05-01T14:25:15.864+0000] {dag.py:3834} INFO - Setting next_dagrun for kolesa_dag to None, run_after=None
[2024-05-01T14:25:15.927+0000] {processor.py:183} INFO - Processing /opt/airflow/dags/kolesa.py took 4.301 seconds
[2024-05-01T14:25:46.114+0000] {processor.py:161} INFO - Started process (PID=473) to work on /opt/airflow/dags/kolesa.py
[2024-05-01T14:25:46.116+0000] {processor.py:830} INFO - Processing file /opt/airflow/dags/kolesa.py for tasks to queue
[2024-05-01T14:25:46.120+0000] {logging_mixin.py:188} INFO - [2024-05-01T14:25:46.119+0000] {dagbag.py:540} INFO - Filling up the DagBag from /opt/airflow/dags/kolesa.py
[2024-05-01T14:25:47.197+0000] {processor.py:840} INFO - DAG(s) 'kolesa_dag' retrieved from /opt/airflow/dags/kolesa.py
[2024-05-01T14:25:47.238+0000] {logging_mixin.py:188} INFO - [2024-05-01T14:25:47.237+0000] {dag.py:3047} INFO - Sync 1 DAGs
[2024-05-01T14:25:47.258+0000] {logging_mixin.py:188} INFO - [2024-05-01T14:25:47.257+0000] {dag.py:3834} INFO - Setting next_dagrun for kolesa_dag to None, run_after=None
[2024-05-01T14:25:47.298+0000] {processor.py:183} INFO - Processing /opt/airflow/dags/kolesa.py took 1.192 seconds
[2024-05-01T14:26:17.541+0000] {processor.py:161} INFO - Started process (PID=486) to work on /opt/airflow/dags/kolesa.py
[2024-05-01T14:26:17.543+0000] {processor.py:830} INFO - Processing file /opt/airflow/dags/kolesa.py for tasks to queue
[2024-05-01T14:26:17.546+0000] {logging_mixin.py:188} INFO - [2024-05-01T14:26:17.546+0000] {dagbag.py:540} INFO - Filling up the DagBag from /opt/airflow/dags/kolesa.py
[2024-05-01T14:26:18.349+0000] {processor.py:840} INFO - DAG(s) 'kolesa_dag' retrieved from /opt/airflow/dags/kolesa.py
[2024-05-01T14:26:18.418+0000] {logging_mixin.py:188} INFO - [2024-05-01T14:26:18.417+0000] {dag.py:3047} INFO - Sync 1 DAGs
[2024-05-01T14:26:18.449+0000] {logging_mixin.py:188} INFO - [2024-05-01T14:26:18.448+0000] {dag.py:3834} INFO - Setting next_dagrun for kolesa_dag to None, run_after=None
[2024-05-01T14:26:18.481+0000] {processor.py:183} INFO - Processing /opt/airflow/dags/kolesa.py took 0.949 seconds
[2024-05-01T14:26:49.218+0000] {processor.py:161} INFO - Started process (PID=498) to work on /opt/airflow/dags/kolesa.py
[2024-05-01T14:26:49.220+0000] {processor.py:830} INFO - Processing file /opt/airflow/dags/kolesa.py for tasks to queue
[2024-05-01T14:26:49.223+0000] {logging_mixin.py:188} INFO - [2024-05-01T14:26:49.222+0000] {dagbag.py:540} INFO - Filling up the DagBag from /opt/airflow/dags/kolesa.py
[2024-05-01T14:26:49.984+0000] {processor.py:840} INFO - DAG(s) 'kolesa_dag' retrieved from /opt/airflow/dags/kolesa.py
[2024-05-01T14:26:50.067+0000] {logging_mixin.py:188} INFO - [2024-05-01T14:26:50.066+0000] {dag.py:3047} INFO - Sync 1 DAGs
[2024-05-01T14:26:50.088+0000] {logging_mixin.py:188} INFO - [2024-05-01T14:26:50.087+0000] {dag.py:3834} INFO - Setting next_dagrun for kolesa_dag to None, run_after=None
[2024-05-01T14:26:50.196+0000] {processor.py:183} INFO - Processing /opt/airflow/dags/kolesa.py took 0.982 seconds
