[2024-05-01T13:42:48.339+0000] {processor.py:161} INFO - Started process (PID=84) to work on /opt/airflow/dags/my_dummy_dag.py
[2024-05-01T13:42:48.343+0000] {processor.py:830} INFO - Processing file /opt/airflow/dags/my_dummy_dag.py for tasks to queue
[2024-05-01T13:42:48.348+0000] {logging_mixin.py:188} INFO - [2024-05-01T13:42:48.347+0000] {dagbag.py:540} INFO - Filling up the DagBag from /opt/airflow/dags/my_dummy_dag.py
[2024-05-01T13:42:48.495+0000] {processor.py:840} INFO - DAG(s) 'hello_world_dag' retrieved from /opt/airflow/dags/my_dummy_dag.py
[2024-05-01T13:42:49.173+0000] {logging_mixin.py:188} INFO - [2024-05-01T13:42:49.172+0000] {dag.py:3047} INFO - Sync 1 DAGs
[2024-05-01T13:42:49.374+0000] {logging_mixin.py:188} INFO - [2024-05-01T13:42:49.373+0000] {dag.py:3834} INFO - Setting next_dagrun for hello_world_dag to 2024-05-01 13:41:00+00:00, run_after=2024-05-01 13:42:00+00:00
[2024-05-01T13:42:49.465+0000] {processor.py:183} INFO - Processing /opt/airflow/dags/my_dummy_dag.py took 1.133 seconds
[2024-05-01T13:43:20.205+0000] {processor.py:161} INFO - Started process (PID=94) to work on /opt/airflow/dags/my_dummy_dag.py
[2024-05-01T13:43:20.211+0000] {processor.py:830} INFO - Processing file /opt/airflow/dags/my_dummy_dag.py for tasks to queue
[2024-05-01T13:43:20.226+0000] {logging_mixin.py:188} INFO - [2024-05-01T13:43:20.225+0000] {dagbag.py:540} INFO - Filling up the DagBag from /opt/airflow/dags/my_dummy_dag.py
[2024-05-01T13:43:20.291+0000] {processor.py:840} INFO - DAG(s) 'hello_world_dag' retrieved from /opt/airflow/dags/my_dummy_dag.py
[2024-05-01T13:43:20.394+0000] {logging_mixin.py:188} INFO - [2024-05-01T13:43:20.393+0000] {dag.py:3047} INFO - Sync 1 DAGs
[2024-05-01T13:43:20.572+0000] {logging_mixin.py:188} INFO - [2024-05-01T13:43:20.571+0000] {dag.py:3834} INFO - Setting next_dagrun for hello_world_dag to 2024-05-01 13:42:00+00:00, run_after=2024-05-01 13:43:00+00:00
[2024-05-01T13:43:20.643+0000] {processor.py:183} INFO - Processing /opt/airflow/dags/my_dummy_dag.py took 0.460 seconds
[2024-05-01T13:43:51.048+0000] {processor.py:161} INFO - Started process (PID=106) to work on /opt/airflow/dags/my_dummy_dag.py
[2024-05-01T13:43:51.050+0000] {processor.py:830} INFO - Processing file /opt/airflow/dags/my_dummy_dag.py for tasks to queue
[2024-05-01T13:43:51.053+0000] {logging_mixin.py:188} INFO - [2024-05-01T13:43:51.052+0000] {dagbag.py:540} INFO - Filling up the DagBag from /opt/airflow/dags/my_dummy_dag.py
[2024-05-01T13:43:51.109+0000] {processor.py:840} INFO - DAG(s) 'hello_world_dag' retrieved from /opt/airflow/dags/my_dummy_dag.py
[2024-05-01T13:43:51.161+0000] {logging_mixin.py:188} INFO - [2024-05-01T13:43:51.161+0000] {dag.py:3047} INFO - Sync 1 DAGs
[2024-05-01T13:43:51.249+0000] {logging_mixin.py:188} INFO - [2024-05-01T13:43:51.249+0000] {dag.py:3834} INFO - Setting next_dagrun for hello_world_dag to 2024-05-01 13:42:00+00:00, run_after=2024-05-01 13:43:00+00:00
[2024-05-01T13:43:51.295+0000] {processor.py:183} INFO - Processing /opt/airflow/dags/my_dummy_dag.py took 0.254 seconds
[2024-05-01T13:44:21.464+0000] {processor.py:161} INFO - Started process (PID=117) to work on /opt/airflow/dags/my_dummy_dag.py
[2024-05-01T13:44:21.466+0000] {processor.py:830} INFO - Processing file /opt/airflow/dags/my_dummy_dag.py for tasks to queue
[2024-05-01T13:44:21.470+0000] {logging_mixin.py:188} INFO - [2024-05-01T13:44:21.469+0000] {dagbag.py:540} INFO - Filling up the DagBag from /opt/airflow/dags/my_dummy_dag.py
[2024-05-01T13:44:21.529+0000] {processor.py:840} INFO - DAG(s) 'hello_world_dag' retrieved from /opt/airflow/dags/my_dummy_dag.py
[2024-05-01T13:44:21.570+0000] {logging_mixin.py:188} INFO - [2024-05-01T13:44:21.569+0000] {dag.py:3047} INFO - Sync 1 DAGs
[2024-05-01T13:44:21.625+0000] {logging_mixin.py:188} INFO - [2024-05-01T13:44:21.625+0000] {dag.py:3834} INFO - Setting next_dagrun for hello_world_dag to 2024-05-01 13:43:00+00:00, run_after=2024-05-01 13:44:00+00:00
[2024-05-01T13:44:21.657+0000] {processor.py:183} INFO - Processing /opt/airflow/dags/my_dummy_dag.py took 0.199 seconds
[2024-05-01T13:44:52.219+0000] {processor.py:161} INFO - Started process (PID=129) to work on /opt/airflow/dags/my_dummy_dag.py
[2024-05-01T13:44:52.222+0000] {processor.py:830} INFO - Processing file /opt/airflow/dags/my_dummy_dag.py for tasks to queue
[2024-05-01T13:44:52.236+0000] {logging_mixin.py:188} INFO - [2024-05-01T13:44:52.235+0000] {dagbag.py:540} INFO - Filling up the DagBag from /opt/airflow/dags/my_dummy_dag.py
[2024-05-01T13:44:52.368+0000] {processor.py:840} INFO - DAG(s) 'hello_world_dag' retrieved from /opt/airflow/dags/my_dummy_dag.py
[2024-05-01T13:44:52.506+0000] {logging_mixin.py:188} INFO - [2024-05-01T13:44:52.506+0000] {dag.py:3047} INFO - Sync 1 DAGs
[2024-05-01T13:44:52.621+0000] {logging_mixin.py:188} INFO - [2024-05-01T13:44:52.621+0000] {dag.py:3834} INFO - Setting next_dagrun for hello_world_dag to 2024-05-01 13:43:00+00:00, run_after=2024-05-01 13:44:00+00:00
[2024-05-01T13:44:52.662+0000] {processor.py:183} INFO - Processing /opt/airflow/dags/my_dummy_dag.py took 0.463 seconds
[2024-05-01T13:45:24.312+0000] {processor.py:161} INFO - Started process (PID=141) to work on /opt/airflow/dags/my_dummy_dag.py
[2024-05-01T13:45:24.315+0000] {processor.py:830} INFO - Processing file /opt/airflow/dags/my_dummy_dag.py for tasks to queue
[2024-05-01T13:45:24.327+0000] {logging_mixin.py:188} INFO - [2024-05-01T13:45:24.318+0000] {dagbag.py:540} INFO - Filling up the DagBag from /opt/airflow/dags/my_dummy_dag.py
[2024-05-01T13:45:24.400+0000] {processor.py:840} INFO - DAG(s) 'hello_world_dag' retrieved from /opt/airflow/dags/my_dummy_dag.py
[2024-05-01T13:45:24.506+0000] {logging_mixin.py:188} INFO - [2024-05-01T13:45:24.496+0000] {dag.py:3047} INFO - Sync 1 DAGs
[2024-05-01T13:45:24.643+0000] {logging_mixin.py:188} INFO - [2024-05-01T13:45:24.643+0000] {dag.py:3834} INFO - Setting next_dagrun for hello_world_dag to 2024-05-01 13:44:00+00:00, run_after=2024-05-01 13:45:00+00:00
[2024-05-01T13:45:24.788+0000] {processor.py:183} INFO - Processing /opt/airflow/dags/my_dummy_dag.py took 0.493 seconds
[2024-05-01T13:45:55.235+0000] {processor.py:161} INFO - Started process (PID=152) to work on /opt/airflow/dags/my_dummy_dag.py
[2024-05-01T13:45:55.237+0000] {processor.py:830} INFO - Processing file /opt/airflow/dags/my_dummy_dag.py for tasks to queue
[2024-05-01T13:45:55.240+0000] {logging_mixin.py:188} INFO - [2024-05-01T13:45:55.240+0000] {dagbag.py:540} INFO - Filling up the DagBag from /opt/airflow/dags/my_dummy_dag.py
[2024-05-01T13:45:55.290+0000] {processor.py:840} INFO - DAG(s) 'hello_world_dag' retrieved from /opt/airflow/dags/my_dummy_dag.py
[2024-05-01T13:45:55.349+0000] {logging_mixin.py:188} INFO - [2024-05-01T13:45:55.349+0000] {dag.py:3047} INFO - Sync 1 DAGs
[2024-05-01T13:45:55.417+0000] {logging_mixin.py:188} INFO - [2024-05-01T13:45:55.417+0000] {dag.py:3834} INFO - Setting next_dagrun for hello_world_dag to 2024-05-01 13:44:00+00:00, run_after=2024-05-01 13:45:00+00:00
[2024-05-01T13:45:55.458+0000] {processor.py:183} INFO - Processing /opt/airflow/dags/my_dummy_dag.py took 0.230 seconds
[2024-05-01T13:46:25.625+0000] {processor.py:161} INFO - Started process (PID=164) to work on /opt/airflow/dags/my_dummy_dag.py
[2024-05-01T13:46:25.629+0000] {processor.py:830} INFO - Processing file /opt/airflow/dags/my_dummy_dag.py for tasks to queue
[2024-05-01T13:46:25.634+0000] {logging_mixin.py:188} INFO - [2024-05-01T13:46:25.634+0000] {dagbag.py:540} INFO - Filling up the DagBag from /opt/airflow/dags/my_dummy_dag.py
[2024-05-01T13:46:25.702+0000] {processor.py:840} INFO - DAG(s) 'hello_world_dag' retrieved from /opt/airflow/dags/my_dummy_dag.py
[2024-05-01T13:46:25.769+0000] {logging_mixin.py:188} INFO - [2024-05-01T13:46:25.769+0000] {dag.py:3047} INFO - Sync 1 DAGs
[2024-05-01T13:46:25.894+0000] {logging_mixin.py:188} INFO - [2024-05-01T13:46:25.894+0000] {dag.py:3834} INFO - Setting next_dagrun for hello_world_dag to 2024-05-01 13:45:00+00:00, run_after=2024-05-01 13:46:00+00:00
[2024-05-01T13:46:25.944+0000] {processor.py:183} INFO - Processing /opt/airflow/dags/my_dummy_dag.py took 0.328 seconds
[2024-05-01T13:46:56.078+0000] {processor.py:161} INFO - Started process (PID=175) to work on /opt/airflow/dags/my_dummy_dag.py
[2024-05-01T13:46:56.080+0000] {processor.py:830} INFO - Processing file /opt/airflow/dags/my_dummy_dag.py for tasks to queue
[2024-05-01T13:46:56.083+0000] {logging_mixin.py:188} INFO - [2024-05-01T13:46:56.082+0000] {dagbag.py:540} INFO - Filling up the DagBag from /opt/airflow/dags/my_dummy_dag.py
[2024-05-01T13:46:56.122+0000] {processor.py:840} INFO - DAG(s) 'hello_world_dag' retrieved from /opt/airflow/dags/my_dummy_dag.py
[2024-05-01T13:46:56.161+0000] {logging_mixin.py:188} INFO - [2024-05-01T13:46:56.160+0000] {dag.py:3047} INFO - Sync 1 DAGs
[2024-05-01T13:46:56.223+0000] {logging_mixin.py:188} INFO - [2024-05-01T13:46:56.222+0000] {dag.py:3834} INFO - Setting next_dagrun for hello_world_dag to 2024-05-01 13:45:00+00:00, run_after=2024-05-01 13:46:00+00:00
[2024-05-01T13:46:56.297+0000] {processor.py:183} INFO - Processing /opt/airflow/dags/my_dummy_dag.py took 0.225 seconds
[2024-05-01T13:47:26.806+0000] {processor.py:161} INFO - Started process (PID=186) to work on /opt/airflow/dags/my_dummy_dag.py
[2024-05-01T13:47:26.809+0000] {processor.py:830} INFO - Processing file /opt/airflow/dags/my_dummy_dag.py for tasks to queue
[2024-05-01T13:47:26.813+0000] {logging_mixin.py:188} INFO - [2024-05-01T13:47:26.812+0000] {dagbag.py:540} INFO - Filling up the DagBag from /opt/airflow/dags/my_dummy_dag.py
[2024-05-01T13:47:26.860+0000] {processor.py:840} INFO - DAG(s) 'hello_world_dag' retrieved from /opt/airflow/dags/my_dummy_dag.py
[2024-05-01T13:47:26.914+0000] {logging_mixin.py:188} INFO - [2024-05-01T13:47:26.914+0000] {dag.py:3047} INFO - Sync 1 DAGs
[2024-05-01T13:47:26.986+0000] {logging_mixin.py:188} INFO - [2024-05-01T13:47:26.986+0000] {dag.py:3834} INFO - Setting next_dagrun for hello_world_dag to 2024-05-01 13:46:00+00:00, run_after=2024-05-01 13:47:00+00:00
[2024-05-01T13:47:27.036+0000] {processor.py:183} INFO - Processing /opt/airflow/dags/my_dummy_dag.py took 0.239 seconds
[2024-05-01T13:47:57.261+0000] {processor.py:161} INFO - Started process (PID=199) to work on /opt/airflow/dags/my_dummy_dag.py
[2024-05-01T13:47:57.264+0000] {processor.py:830} INFO - Processing file /opt/airflow/dags/my_dummy_dag.py for tasks to queue
[2024-05-01T13:47:57.268+0000] {logging_mixin.py:188} INFO - [2024-05-01T13:47:57.268+0000] {dagbag.py:540} INFO - Filling up the DagBag from /opt/airflow/dags/my_dummy_dag.py
[2024-05-01T13:47:57.354+0000] {processor.py:840} INFO - DAG(s) 'hello_world_dag' retrieved from /opt/airflow/dags/my_dummy_dag.py
[2024-05-01T13:47:57.414+0000] {logging_mixin.py:188} INFO - [2024-05-01T13:47:57.414+0000] {dag.py:3047} INFO - Sync 1 DAGs
[2024-05-01T13:47:57.520+0000] {logging_mixin.py:188} INFO - [2024-05-01T13:47:57.518+0000] {dag.py:3834} INFO - Setting next_dagrun for hello_world_dag to 2024-05-01 13:46:00+00:00, run_after=2024-05-01 13:47:00+00:00
[2024-05-01T13:47:57.638+0000] {processor.py:183} INFO - Processing /opt/airflow/dags/my_dummy_dag.py took 0.388 seconds
[2024-05-01T13:48:27.796+0000] {processor.py:161} INFO - Started process (PID=211) to work on /opt/airflow/dags/my_dummy_dag.py
[2024-05-01T13:48:27.799+0000] {processor.py:830} INFO - Processing file /opt/airflow/dags/my_dummy_dag.py for tasks to queue
[2024-05-01T13:48:27.803+0000] {logging_mixin.py:188} INFO - [2024-05-01T13:48:27.802+0000] {dagbag.py:540} INFO - Filling up the DagBag from /opt/airflow/dags/my_dummy_dag.py
[2024-05-01T13:48:27.869+0000] {processor.py:840} INFO - DAG(s) 'hello_world_dag' retrieved from /opt/airflow/dags/my_dummy_dag.py
[2024-05-01T13:48:27.915+0000] {logging_mixin.py:188} INFO - [2024-05-01T13:48:27.914+0000] {dag.py:3047} INFO - Sync 1 DAGs
[2024-05-01T13:48:27.969+0000] {logging_mixin.py:188} INFO - [2024-05-01T13:48:27.969+0000] {dag.py:3834} INFO - Setting next_dagrun for hello_world_dag to 2024-05-01 13:47:00+00:00, run_after=2024-05-01 13:48:00+00:00
[2024-05-01T13:48:28.024+0000] {processor.py:183} INFO - Processing /opt/airflow/dags/my_dummy_dag.py took 0.235 seconds
[2024-05-01T13:48:58.394+0000] {processor.py:161} INFO - Started process (PID=223) to work on /opt/airflow/dags/my_dummy_dag.py
[2024-05-01T13:48:58.397+0000] {processor.py:830} INFO - Processing file /opt/airflow/dags/my_dummy_dag.py for tasks to queue
[2024-05-01T13:48:58.403+0000] {logging_mixin.py:188} INFO - [2024-05-01T13:48:58.402+0000] {dagbag.py:540} INFO - Filling up the DagBag from /opt/airflow/dags/my_dummy_dag.py
[2024-05-01T13:48:58.488+0000] {processor.py:840} INFO - DAG(s) 'hello_world_dag' retrieved from /opt/airflow/dags/my_dummy_dag.py
[2024-05-01T13:48:58.541+0000] {logging_mixin.py:188} INFO - [2024-05-01T13:48:58.540+0000] {dag.py:3047} INFO - Sync 1 DAGs
[2024-05-01T13:48:58.608+0000] {logging_mixin.py:188} INFO - [2024-05-01T13:48:58.607+0000] {dag.py:3834} INFO - Setting next_dagrun for hello_world_dag to 2024-05-01 13:47:00+00:00, run_after=2024-05-01 13:48:00+00:00
[2024-05-01T13:48:58.657+0000] {processor.py:183} INFO - Processing /opt/airflow/dags/my_dummy_dag.py took 0.271 seconds
[2024-05-01T13:49:28.843+0000] {processor.py:161} INFO - Started process (PID=235) to work on /opt/airflow/dags/my_dummy_dag.py
[2024-05-01T13:49:28.845+0000] {processor.py:830} INFO - Processing file /opt/airflow/dags/my_dummy_dag.py for tasks to queue
[2024-05-01T13:49:28.850+0000] {logging_mixin.py:188} INFO - [2024-05-01T13:49:28.849+0000] {dagbag.py:540} INFO - Filling up the DagBag from /opt/airflow/dags/my_dummy_dag.py
[2024-05-01T13:49:28.914+0000] {processor.py:840} INFO - DAG(s) 'hello_world_dag' retrieved from /opt/airflow/dags/my_dummy_dag.py
[2024-05-01T13:49:28.968+0000] {logging_mixin.py:188} INFO - [2024-05-01T13:49:28.968+0000] {dag.py:3047} INFO - Sync 1 DAGs
[2024-05-01T13:49:29.037+0000] {logging_mixin.py:188} INFO - [2024-05-01T13:49:29.037+0000] {dag.py:3834} INFO - Setting next_dagrun for hello_world_dag to 2024-05-01 13:48:00+00:00, run_after=2024-05-01 13:49:00+00:00
[2024-05-01T13:49:29.086+0000] {processor.py:183} INFO - Processing /opt/airflow/dags/my_dummy_dag.py took 0.252 seconds
[2024-05-01T13:49:59.938+0000] {processor.py:161} INFO - Started process (PID=247) to work on /opt/airflow/dags/my_dummy_dag.py
[2024-05-01T13:49:59.941+0000] {processor.py:830} INFO - Processing file /opt/airflow/dags/my_dummy_dag.py for tasks to queue
[2024-05-01T13:49:59.947+0000] {logging_mixin.py:188} INFO - [2024-05-01T13:49:59.946+0000] {dagbag.py:540} INFO - Filling up the DagBag from /opt/airflow/dags/my_dummy_dag.py
[2024-05-01T13:50:00.022+0000] {processor.py:840} INFO - DAG(s) 'hello_world_dag' retrieved from /opt/airflow/dags/my_dummy_dag.py
[2024-05-01T13:50:00.081+0000] {logging_mixin.py:188} INFO - [2024-05-01T13:50:00.080+0000] {dag.py:3047} INFO - Sync 1 DAGs
[2024-05-01T13:50:00.160+0000] {logging_mixin.py:188} INFO - [2024-05-01T13:50:00.160+0000] {dag.py:3834} INFO - Setting next_dagrun for hello_world_dag to 2024-05-01 13:49:00+00:00, run_after=2024-05-01 13:50:00+00:00
[2024-05-01T13:50:00.198+0000] {processor.py:183} INFO - Processing /opt/airflow/dags/my_dummy_dag.py took 0.269 seconds
[2024-05-01T13:50:30.368+0000] {processor.py:161} INFO - Started process (PID=259) to work on /opt/airflow/dags/my_dummy_dag.py
[2024-05-01T13:50:30.371+0000] {processor.py:830} INFO - Processing file /opt/airflow/dags/my_dummy_dag.py for tasks to queue
[2024-05-01T13:50:30.377+0000] {logging_mixin.py:188} INFO - [2024-05-01T13:50:30.376+0000] {dagbag.py:540} INFO - Filling up the DagBag from /opt/airflow/dags/my_dummy_dag.py
[2024-05-01T13:50:30.475+0000] {processor.py:840} INFO - DAG(s) 'hello_world_dag' retrieved from /opt/airflow/dags/my_dummy_dag.py
[2024-05-01T13:50:30.573+0000] {logging_mixin.py:188} INFO - [2024-05-01T13:50:30.572+0000] {dag.py:3047} INFO - Sync 1 DAGs
[2024-05-01T13:50:30.686+0000] {logging_mixin.py:188} INFO - [2024-05-01T13:50:30.686+0000] {dag.py:3834} INFO - Setting next_dagrun for hello_world_dag to 2024-05-01 13:49:00+00:00, run_after=2024-05-01 13:50:00+00:00
[2024-05-01T13:50:30.754+0000] {processor.py:183} INFO - Processing /opt/airflow/dags/my_dummy_dag.py took 0.393 seconds
[2024-05-01T13:51:01.058+0000] {processor.py:161} INFO - Started process (PID=271) to work on /opt/airflow/dags/my_dummy_dag.py
[2024-05-01T13:51:01.060+0000] {processor.py:830} INFO - Processing file /opt/airflow/dags/my_dummy_dag.py for tasks to queue
[2024-05-01T13:51:01.065+0000] {logging_mixin.py:188} INFO - [2024-05-01T13:51:01.064+0000] {dagbag.py:540} INFO - Filling up the DagBag from /opt/airflow/dags/my_dummy_dag.py
[2024-05-01T13:51:01.112+0000] {processor.py:840} INFO - DAG(s) 'hello_world_dag' retrieved from /opt/airflow/dags/my_dummy_dag.py
[2024-05-01T13:51:01.178+0000] {logging_mixin.py:188} INFO - [2024-05-01T13:51:01.177+0000] {dag.py:3047} INFO - Sync 1 DAGs
[2024-05-01T13:51:01.275+0000] {logging_mixin.py:188} INFO - [2024-05-01T13:51:01.275+0000] {dag.py:3834} INFO - Setting next_dagrun for hello_world_dag to 2024-05-01 13:50:00+00:00, run_after=2024-05-01 13:51:00+00:00
[2024-05-01T13:51:01.360+0000] {processor.py:183} INFO - Processing /opt/airflow/dags/my_dummy_dag.py took 0.309 seconds
[2024-05-01T13:51:31.785+0000] {processor.py:161} INFO - Started process (PID=283) to work on /opt/airflow/dags/my_dummy_dag.py
[2024-05-01T13:51:31.788+0000] {processor.py:830} INFO - Processing file /opt/airflow/dags/my_dummy_dag.py for tasks to queue
[2024-05-01T13:51:31.797+0000] {logging_mixin.py:188} INFO - [2024-05-01T13:51:31.795+0000] {dagbag.py:540} INFO - Filling up the DagBag from /opt/airflow/dags/my_dummy_dag.py
[2024-05-01T13:51:31.872+0000] {processor.py:840} INFO - DAG(s) 'hello_world_dag' retrieved from /opt/airflow/dags/my_dummy_dag.py
[2024-05-01T13:51:31.940+0000] {logging_mixin.py:188} INFO - [2024-05-01T13:51:31.939+0000] {dag.py:3047} INFO - Sync 1 DAGs
[2024-05-01T13:51:32.006+0000] {logging_mixin.py:188} INFO - [2024-05-01T13:51:32.005+0000] {dag.py:3834} INFO - Setting next_dagrun for hello_world_dag to 2024-05-01 13:50:00+00:00, run_after=2024-05-01 13:51:00+00:00
[2024-05-01T13:51:32.050+0000] {processor.py:183} INFO - Processing /opt/airflow/dags/my_dummy_dag.py took 0.278 seconds
[2024-05-01T13:52:02.280+0000] {processor.py:161} INFO - Started process (PID=295) to work on /opt/airflow/dags/my_dummy_dag.py
[2024-05-01T13:52:02.283+0000] {processor.py:830} INFO - Processing file /opt/airflow/dags/my_dummy_dag.py for tasks to queue
[2024-05-01T13:52:02.288+0000] {logging_mixin.py:188} INFO - [2024-05-01T13:52:02.287+0000] {dagbag.py:540} INFO - Filling up the DagBag from /opt/airflow/dags/my_dummy_dag.py
[2024-05-01T13:52:02.338+0000] {processor.py:840} INFO - DAG(s) 'hello_world_dag' retrieved from /opt/airflow/dags/my_dummy_dag.py
[2024-05-01T13:52:02.388+0000] {logging_mixin.py:188} INFO - [2024-05-01T13:52:02.388+0000] {dag.py:3047} INFO - Sync 1 DAGs
[2024-05-01T13:52:02.448+0000] {logging_mixin.py:188} INFO - [2024-05-01T13:52:02.448+0000] {dag.py:3834} INFO - Setting next_dagrun for hello_world_dag to 2024-05-01 13:51:00+00:00, run_after=2024-05-01 13:52:00+00:00
[2024-05-01T13:52:02.482+0000] {processor.py:183} INFO - Processing /opt/airflow/dags/my_dummy_dag.py took 0.216 seconds
[2024-05-01T13:52:32.996+0000] {processor.py:161} INFO - Started process (PID=306) to work on /opt/airflow/dags/my_dummy_dag.py
[2024-05-01T13:52:32.998+0000] {processor.py:830} INFO - Processing file /opt/airflow/dags/my_dummy_dag.py for tasks to queue
[2024-05-01T13:52:33.001+0000] {logging_mixin.py:188} INFO - [2024-05-01T13:52:33.001+0000] {dagbag.py:540} INFO - Filling up the DagBag from /opt/airflow/dags/my_dummy_dag.py
[2024-05-01T13:52:33.063+0000] {processor.py:840} INFO - DAG(s) 'hello_world_dag' retrieved from /opt/airflow/dags/my_dummy_dag.py
[2024-05-01T13:52:33.101+0000] {logging_mixin.py:188} INFO - [2024-05-01T13:52:33.101+0000] {dag.py:3047} INFO - Sync 1 DAGs
[2024-05-01T13:52:33.147+0000] {logging_mixin.py:188} INFO - [2024-05-01T13:52:33.147+0000] {dag.py:3834} INFO - Setting next_dagrun for hello_world_dag to 2024-05-01 13:51:00+00:00, run_after=2024-05-01 13:52:00+00:00
[2024-05-01T13:52:33.176+0000] {processor.py:183} INFO - Processing /opt/airflow/dags/my_dummy_dag.py took 0.186 seconds
[2024-05-01T13:53:04.109+0000] {processor.py:161} INFO - Started process (PID=318) to work on /opt/airflow/dags/my_dummy_dag.py
[2024-05-01T13:53:04.111+0000] {processor.py:830} INFO - Processing file /opt/airflow/dags/my_dummy_dag.py for tasks to queue
[2024-05-01T13:53:04.115+0000] {logging_mixin.py:188} INFO - [2024-05-01T13:53:04.114+0000] {dagbag.py:540} INFO - Filling up the DagBag from /opt/airflow/dags/my_dummy_dag.py
[2024-05-01T13:53:04.161+0000] {processor.py:840} INFO - DAG(s) 'hello_world_dag' retrieved from /opt/airflow/dags/my_dummy_dag.py
[2024-05-01T13:53:04.207+0000] {logging_mixin.py:188} INFO - [2024-05-01T13:53:04.206+0000] {dag.py:3047} INFO - Sync 1 DAGs
[2024-05-01T13:53:04.261+0000] {logging_mixin.py:188} INFO - [2024-05-01T13:53:04.260+0000] {dag.py:3834} INFO - Setting next_dagrun for hello_world_dag to 2024-05-01 13:52:00+00:00, run_after=2024-05-01 13:53:00+00:00
[2024-05-01T13:53:04.293+0000] {processor.py:183} INFO - Processing /opt/airflow/dags/my_dummy_dag.py took 0.197 seconds
[2024-05-01T14:08:13.510+0000] {processor.py:161} INFO - Started process (PID=67) to work on /opt/airflow/dags/my_dummy_dag.py
[2024-05-01T14:08:13.520+0000] {processor.py:830} INFO - Processing file /opt/airflow/dags/my_dummy_dag.py for tasks to queue
[2024-05-01T14:08:13.526+0000] {logging_mixin.py:188} INFO - [2024-05-01T14:08:13.525+0000] {dagbag.py:540} INFO - Filling up the DagBag from /opt/airflow/dags/my_dummy_dag.py
[2024-05-01T14:08:14.173+0000] {processor.py:840} INFO - DAG(s) 'hello_world_dag' retrieved from /opt/airflow/dags/my_dummy_dag.py
[2024-05-01T14:08:14.829+0000] {logging_mixin.py:188} INFO - [2024-05-01T14:08:14.828+0000] {dag.py:3047} INFO - Sync 1 DAGs
[2024-05-01T14:08:14.973+0000] {logging_mixin.py:188} INFO - [2024-05-01T14:08:14.973+0000] {dag.py:3834} INFO - Setting next_dagrun for hello_world_dag to 2024-05-01 14:07:00+00:00, run_after=2024-05-01 14:08:00+00:00
[2024-05-01T14:08:15.090+0000] {processor.py:183} INFO - Processing /opt/airflow/dags/my_dummy_dag.py took 1.599 seconds
[2024-05-01T14:08:45.401+0000] {processor.py:161} INFO - Started process (PID=83) to work on /opt/airflow/dags/my_dummy_dag.py
[2024-05-01T14:08:45.403+0000] {processor.py:830} INFO - Processing file /opt/airflow/dags/my_dummy_dag.py for tasks to queue
[2024-05-01T14:08:45.421+0000] {logging_mixin.py:188} INFO - [2024-05-01T14:08:45.420+0000] {dagbag.py:540} INFO - Filling up the DagBag from /opt/airflow/dags/my_dummy_dag.py
[2024-05-01T14:08:45.565+0000] {processor.py:840} INFO - DAG(s) 'hello_world_dag' retrieved from /opt/airflow/dags/my_dummy_dag.py
[2024-05-01T14:08:45.759+0000] {logging_mixin.py:188} INFO - [2024-05-01T14:08:45.756+0000] {dag.py:3047} INFO - Sync 1 DAGs
[2024-05-01T14:08:45.890+0000] {logging_mixin.py:188} INFO - [2024-05-01T14:08:45.889+0000] {dag.py:3834} INFO - Setting next_dagrun for hello_world_dag to 2024-05-01 14:07:00+00:00, run_after=2024-05-01 14:08:00+00:00
[2024-05-01T14:08:45.973+0000] {processor.py:183} INFO - Processing /opt/airflow/dags/my_dummy_dag.py took 0.597 seconds
[2024-05-01T14:09:16.603+0000] {processor.py:161} INFO - Started process (PID=95) to work on /opt/airflow/dags/my_dummy_dag.py
[2024-05-01T14:09:16.606+0000] {processor.py:830} INFO - Processing file /opt/airflow/dags/my_dummy_dag.py for tasks to queue
[2024-05-01T14:09:16.610+0000] {logging_mixin.py:188} INFO - [2024-05-01T14:09:16.609+0000] {dagbag.py:540} INFO - Filling up the DagBag from /opt/airflow/dags/my_dummy_dag.py
[2024-05-01T14:09:16.749+0000] {processor.py:840} INFO - DAG(s) 'hello_world_dag' retrieved from /opt/airflow/dags/my_dummy_dag.py
[2024-05-01T14:09:16.912+0000] {logging_mixin.py:188} INFO - [2024-05-01T14:09:16.911+0000] {dag.py:3047} INFO - Sync 1 DAGs
[2024-05-01T14:09:17.382+0000] {logging_mixin.py:188} INFO - [2024-05-01T14:09:17.381+0000] {dag.py:3834} INFO - Setting next_dagrun for hello_world_dag to 2024-05-01 14:08:00+00:00, run_after=2024-05-01 14:09:00+00:00
[2024-05-01T14:09:17.572+0000] {processor.py:183} INFO - Processing /opt/airflow/dags/my_dummy_dag.py took 0.987 seconds
[2024-05-01T14:09:47.992+0000] {processor.py:161} INFO - Started process (PID=106) to work on /opt/airflow/dags/my_dummy_dag.py
[2024-05-01T14:09:47.997+0000] {processor.py:830} INFO - Processing file /opt/airflow/dags/my_dummy_dag.py for tasks to queue
[2024-05-01T14:09:48.007+0000] {logging_mixin.py:188} INFO - [2024-05-01T14:09:48.005+0000] {dagbag.py:540} INFO - Filling up the DagBag from /opt/airflow/dags/my_dummy_dag.py
[2024-05-01T14:09:48.140+0000] {processor.py:840} INFO - DAG(s) 'hello_world_dag' retrieved from /opt/airflow/dags/my_dummy_dag.py
[2024-05-01T14:09:48.290+0000] {logging_mixin.py:188} INFO - [2024-05-01T14:09:48.289+0000] {dag.py:3047} INFO - Sync 1 DAGs
[2024-05-01T14:09:48.476+0000] {logging_mixin.py:188} INFO - [2024-05-01T14:09:48.475+0000] {dag.py:3834} INFO - Setting next_dagrun for hello_world_dag to 2024-05-01 14:08:00+00:00, run_after=2024-05-01 14:09:00+00:00
[2024-05-01T14:09:48.583+0000] {processor.py:183} INFO - Processing /opt/airflow/dags/my_dummy_dag.py took 0.610 seconds
[2024-05-01T14:10:19.449+0000] {processor.py:161} INFO - Started process (PID=118) to work on /opt/airflow/dags/my_dummy_dag.py
[2024-05-01T14:10:19.451+0000] {processor.py:830} INFO - Processing file /opt/airflow/dags/my_dummy_dag.py for tasks to queue
[2024-05-01T14:10:19.455+0000] {logging_mixin.py:188} INFO - [2024-05-01T14:10:19.454+0000] {dagbag.py:540} INFO - Filling up the DagBag from /opt/airflow/dags/my_dummy_dag.py
[2024-05-01T14:10:19.502+0000] {processor.py:840} INFO - DAG(s) 'hello_world_dag' retrieved from /opt/airflow/dags/my_dummy_dag.py
[2024-05-01T14:10:19.549+0000] {logging_mixin.py:188} INFO - [2024-05-01T14:10:19.548+0000] {dag.py:3047} INFO - Sync 1 DAGs
[2024-05-01T14:10:19.607+0000] {logging_mixin.py:188} INFO - [2024-05-01T14:10:19.606+0000] {dag.py:3834} INFO - Setting next_dagrun for hello_world_dag to 2024-05-01 14:09:00+00:00, run_after=2024-05-01 14:10:00+00:00
[2024-05-01T14:10:19.651+0000] {processor.py:183} INFO - Processing /opt/airflow/dags/my_dummy_dag.py took 0.211 seconds
[2024-05-01T14:10:50.527+0000] {processor.py:161} INFO - Started process (PID=130) to work on /opt/airflow/dags/my_dummy_dag.py
[2024-05-01T14:10:50.530+0000] {processor.py:830} INFO - Processing file /opt/airflow/dags/my_dummy_dag.py for tasks to queue
[2024-05-01T14:10:50.534+0000] {logging_mixin.py:188} INFO - [2024-05-01T14:10:50.533+0000] {dagbag.py:540} INFO - Filling up the DagBag from /opt/airflow/dags/my_dummy_dag.py
[2024-05-01T14:10:50.667+0000] {processor.py:840} INFO - DAG(s) 'hello_world_dag' retrieved from /opt/airflow/dags/my_dummy_dag.py
[2024-05-01T14:10:50.713+0000] {logging_mixin.py:188} INFO - [2024-05-01T14:10:50.713+0000] {dag.py:3047} INFO - Sync 1 DAGs
[2024-05-01T14:10:50.762+0000] {logging_mixin.py:188} INFO - [2024-05-01T14:10:50.762+0000] {dag.py:3834} INFO - Setting next_dagrun for hello_world_dag to 2024-05-01 14:09:00+00:00, run_after=2024-05-01 14:10:00+00:00
[2024-05-01T14:10:50.793+0000] {processor.py:183} INFO - Processing /opt/airflow/dags/my_dummy_dag.py took 0.272 seconds
[2024-05-01T14:11:21.181+0000] {processor.py:161} INFO - Started process (PID=142) to work on /opt/airflow/dags/my_dummy_dag.py
[2024-05-01T14:11:21.187+0000] {processor.py:830} INFO - Processing file /opt/airflow/dags/my_dummy_dag.py for tasks to queue
[2024-05-01T14:11:21.197+0000] {logging_mixin.py:188} INFO - [2024-05-01T14:11:21.195+0000] {dagbag.py:540} INFO - Filling up the DagBag from /opt/airflow/dags/my_dummy_dag.py
[2024-05-01T14:11:21.401+0000] {processor.py:840} INFO - DAG(s) 'hello_world_dag' retrieved from /opt/airflow/dags/my_dummy_dag.py
[2024-05-01T14:11:21.526+0000] {logging_mixin.py:188} INFO - [2024-05-01T14:11:21.525+0000] {dag.py:3047} INFO - Sync 1 DAGs
[2024-05-01T14:11:21.577+0000] {logging_mixin.py:188} INFO - [2024-05-01T14:11:21.577+0000] {dag.py:3834} INFO - Setting next_dagrun for hello_world_dag to 2024-05-01 14:10:00+00:00, run_after=2024-05-01 14:11:00+00:00
[2024-05-01T14:11:21.608+0000] {processor.py:183} INFO - Processing /opt/airflow/dags/my_dummy_dag.py took 0.448 seconds
[2024-05-01T14:11:52.548+0000] {processor.py:161} INFO - Started process (PID=154) to work on /opt/airflow/dags/my_dummy_dag.py
[2024-05-01T14:11:52.551+0000] {processor.py:830} INFO - Processing file /opt/airflow/dags/my_dummy_dag.py for tasks to queue
[2024-05-01T14:11:52.555+0000] {logging_mixin.py:188} INFO - [2024-05-01T14:11:52.555+0000] {dagbag.py:540} INFO - Filling up the DagBag from /opt/airflow/dags/my_dummy_dag.py
[2024-05-01T14:11:52.604+0000] {processor.py:840} INFO - DAG(s) 'hello_world_dag' retrieved from /opt/airflow/dags/my_dummy_dag.py
[2024-05-01T14:11:52.654+0000] {logging_mixin.py:188} INFO - [2024-05-01T14:11:52.653+0000] {dag.py:3047} INFO - Sync 1 DAGs
[2024-05-01T14:11:52.714+0000] {logging_mixin.py:188} INFO - [2024-05-01T14:11:52.714+0000] {dag.py:3834} INFO - Setting next_dagrun for hello_world_dag to 2024-05-01 14:10:00+00:00, run_after=2024-05-01 14:11:00+00:00
[2024-05-01T14:11:52.754+0000] {processor.py:183} INFO - Processing /opt/airflow/dags/my_dummy_dag.py took 0.213 seconds
[2024-05-01T14:12:23.253+0000] {processor.py:161} INFO - Started process (PID=166) to work on /opt/airflow/dags/my_dummy_dag.py
[2024-05-01T14:12:23.258+0000] {processor.py:830} INFO - Processing file /opt/airflow/dags/my_dummy_dag.py for tasks to queue
[2024-05-01T14:12:23.262+0000] {logging_mixin.py:188} INFO - [2024-05-01T14:12:23.261+0000] {dagbag.py:540} INFO - Filling up the DagBag from /opt/airflow/dags/my_dummy_dag.py
[2024-05-01T14:12:23.313+0000] {processor.py:840} INFO - DAG(s) 'hello_world_dag' retrieved from /opt/airflow/dags/my_dummy_dag.py
[2024-05-01T14:12:23.373+0000] {logging_mixin.py:188} INFO - [2024-05-01T14:12:23.372+0000] {dag.py:3047} INFO - Sync 1 DAGs
[2024-05-01T14:12:23.445+0000] {logging_mixin.py:188} INFO - [2024-05-01T14:12:23.443+0000] {dag.py:3834} INFO - Setting next_dagrun for hello_world_dag to 2024-05-01 14:11:00+00:00, run_after=2024-05-01 14:12:00+00:00
[2024-05-01T14:12:23.491+0000] {processor.py:183} INFO - Processing /opt/airflow/dags/my_dummy_dag.py took 0.245 seconds
[2024-05-01T14:12:53.954+0000] {processor.py:161} INFO - Started process (PID=178) to work on /opt/airflow/dags/my_dummy_dag.py
[2024-05-01T14:12:53.956+0000] {processor.py:830} INFO - Processing file /opt/airflow/dags/my_dummy_dag.py for tasks to queue
[2024-05-01T14:12:53.961+0000] {logging_mixin.py:188} INFO - [2024-05-01T14:12:53.960+0000] {dagbag.py:540} INFO - Filling up the DagBag from /opt/airflow/dags/my_dummy_dag.py
[2024-05-01T14:12:54.038+0000] {processor.py:840} INFO - DAG(s) 'hello_world_dag' retrieved from /opt/airflow/dags/my_dummy_dag.py
[2024-05-01T14:12:54.114+0000] {logging_mixin.py:188} INFO - [2024-05-01T14:12:54.113+0000] {dag.py:3047} INFO - Sync 1 DAGs
[2024-05-01T14:12:54.191+0000] {logging_mixin.py:188} INFO - [2024-05-01T14:12:54.190+0000] {dag.py:3834} INFO - Setting next_dagrun for hello_world_dag to 2024-05-01 14:11:00+00:00, run_after=2024-05-01 14:12:00+00:00
[2024-05-01T14:12:54.232+0000] {processor.py:183} INFO - Processing /opt/airflow/dags/my_dummy_dag.py took 0.286 seconds
[2024-05-01T14:13:24.755+0000] {processor.py:161} INFO - Started process (PID=190) to work on /opt/airflow/dags/my_dummy_dag.py
[2024-05-01T14:13:24.757+0000] {processor.py:830} INFO - Processing file /opt/airflow/dags/my_dummy_dag.py for tasks to queue
[2024-05-01T14:13:24.770+0000] {logging_mixin.py:188} INFO - [2024-05-01T14:13:24.769+0000] {dagbag.py:540} INFO - Filling up the DagBag from /opt/airflow/dags/my_dummy_dag.py
[2024-05-01T14:13:24.874+0000] {processor.py:840} INFO - DAG(s) 'hello_world_dag' retrieved from /opt/airflow/dags/my_dummy_dag.py
[2024-05-01T14:13:24.937+0000] {logging_mixin.py:188} INFO - [2024-05-01T14:13:24.936+0000] {dag.py:3047} INFO - Sync 1 DAGs
[2024-05-01T14:13:24.989+0000] {logging_mixin.py:188} INFO - [2024-05-01T14:13:24.988+0000] {dag.py:3834} INFO - Setting next_dagrun for hello_world_dag to 2024-05-01 14:12:00+00:00, run_after=2024-05-01 14:13:00+00:00
[2024-05-01T14:13:25.026+0000] {processor.py:183} INFO - Processing /opt/airflow/dags/my_dummy_dag.py took 0.281 seconds
[2024-05-01T14:13:55.658+0000] {processor.py:161} INFO - Started process (PID=201) to work on /opt/airflow/dags/my_dummy_dag.py
[2024-05-01T14:13:55.665+0000] {processor.py:830} INFO - Processing file /opt/airflow/dags/my_dummy_dag.py for tasks to queue
[2024-05-01T14:13:55.677+0000] {logging_mixin.py:188} INFO - [2024-05-01T14:13:55.675+0000] {dagbag.py:540} INFO - Filling up the DagBag from /opt/airflow/dags/my_dummy_dag.py
[2024-05-01T14:13:55.848+0000] {processor.py:840} INFO - DAG(s) 'hello_world_dag' retrieved from /opt/airflow/dags/my_dummy_dag.py
[2024-05-01T14:13:55.915+0000] {logging_mixin.py:188} INFO - [2024-05-01T14:13:55.914+0000] {dag.py:3047} INFO - Sync 1 DAGs
[2024-05-01T14:13:56.014+0000] {logging_mixin.py:188} INFO - [2024-05-01T14:13:56.012+0000] {dag.py:3834} INFO - Setting next_dagrun for hello_world_dag to 2024-05-01 14:12:00+00:00, run_after=2024-05-01 14:13:00+00:00
[2024-05-01T14:13:56.069+0000] {processor.py:183} INFO - Processing /opt/airflow/dags/my_dummy_dag.py took 0.435 seconds
[2024-05-01T14:14:26.245+0000] {processor.py:161} INFO - Started process (PID=213) to work on /opt/airflow/dags/my_dummy_dag.py
[2024-05-01T14:14:26.257+0000] {processor.py:830} INFO - Processing file /opt/airflow/dags/my_dummy_dag.py for tasks to queue
[2024-05-01T14:14:26.272+0000] {logging_mixin.py:188} INFO - [2024-05-01T14:14:26.271+0000] {dagbag.py:540} INFO - Filling up the DagBag from /opt/airflow/dags/my_dummy_dag.py
[2024-05-01T14:14:26.345+0000] {processor.py:840} INFO - DAG(s) 'hello_world_dag' retrieved from /opt/airflow/dags/my_dummy_dag.py
[2024-05-01T14:14:26.440+0000] {logging_mixin.py:188} INFO - [2024-05-01T14:14:26.439+0000] {dag.py:3047} INFO - Sync 1 DAGs
[2024-05-01T14:14:26.533+0000] {logging_mixin.py:188} INFO - [2024-05-01T14:14:26.532+0000] {dag.py:3834} INFO - Setting next_dagrun for hello_world_dag to 2024-05-01 14:13:00+00:00, run_after=2024-05-01 14:14:00+00:00
[2024-05-01T14:14:26.562+0000] {processor.py:183} INFO - Processing /opt/airflow/dags/my_dummy_dag.py took 0.329 seconds
[2024-05-01T14:14:56.756+0000] {processor.py:161} INFO - Started process (PID=225) to work on /opt/airflow/dags/my_dummy_dag.py
[2024-05-01T14:14:56.758+0000] {processor.py:830} INFO - Processing file /opt/airflow/dags/my_dummy_dag.py for tasks to queue
[2024-05-01T14:14:56.761+0000] {logging_mixin.py:188} INFO - [2024-05-01T14:14:56.760+0000] {dagbag.py:540} INFO - Filling up the DagBag from /opt/airflow/dags/my_dummy_dag.py
[2024-05-01T14:14:56.797+0000] {processor.py:840} INFO - DAG(s) 'hello_world_dag' retrieved from /opt/airflow/dags/my_dummy_dag.py
[2024-05-01T14:14:56.838+0000] {logging_mixin.py:188} INFO - [2024-05-01T14:14:56.837+0000] {dag.py:3047} INFO - Sync 1 DAGs
[2024-05-01T14:14:56.899+0000] {logging_mixin.py:188} INFO - [2024-05-01T14:14:56.898+0000] {dag.py:3834} INFO - Setting next_dagrun for hello_world_dag to 2024-05-01 14:13:00+00:00, run_after=2024-05-01 14:14:00+00:00
[2024-05-01T14:14:56.934+0000] {processor.py:183} INFO - Processing /opt/airflow/dags/my_dummy_dag.py took 0.185 seconds
[2024-05-01T14:15:27.779+0000] {processor.py:161} INFO - Started process (PID=236) to work on /opt/airflow/dags/my_dummy_dag.py
[2024-05-01T14:15:27.781+0000] {processor.py:830} INFO - Processing file /opt/airflow/dags/my_dummy_dag.py for tasks to queue
[2024-05-01T14:15:27.788+0000] {logging_mixin.py:188} INFO - [2024-05-01T14:15:27.787+0000] {dagbag.py:540} INFO - Filling up the DagBag from /opt/airflow/dags/my_dummy_dag.py
[2024-05-01T14:15:27.841+0000] {processor.py:840} INFO - DAG(s) 'hello_world_dag' retrieved from /opt/airflow/dags/my_dummy_dag.py
[2024-05-01T14:15:27.915+0000] {logging_mixin.py:188} INFO - [2024-05-01T14:15:27.915+0000] {dag.py:3047} INFO - Sync 1 DAGs
[2024-05-01T14:15:27.973+0000] {logging_mixin.py:188} INFO - [2024-05-01T14:15:27.973+0000] {dag.py:3834} INFO - Setting next_dagrun for hello_world_dag to 2024-05-01 14:14:00+00:00, run_after=2024-05-01 14:15:00+00:00
[2024-05-01T14:15:28.040+0000] {processor.py:183} INFO - Processing /opt/airflow/dags/my_dummy_dag.py took 0.271 seconds
[2024-05-01T14:15:58.698+0000] {processor.py:161} INFO - Started process (PID=248) to work on /opt/airflow/dags/my_dummy_dag.py
[2024-05-01T14:15:58.700+0000] {processor.py:830} INFO - Processing file /opt/airflow/dags/my_dummy_dag.py for tasks to queue
[2024-05-01T14:15:58.703+0000] {logging_mixin.py:188} INFO - [2024-05-01T14:15:58.702+0000] {dagbag.py:540} INFO - Filling up the DagBag from /opt/airflow/dags/my_dummy_dag.py
[2024-05-01T14:15:58.754+0000] {processor.py:840} INFO - DAG(s) 'hello_world_dag' retrieved from /opt/airflow/dags/my_dummy_dag.py
[2024-05-01T14:15:58.817+0000] {logging_mixin.py:188} INFO - [2024-05-01T14:15:58.817+0000] {dag.py:3047} INFO - Sync 1 DAGs
[2024-05-01T14:15:58.941+0000] {logging_mixin.py:188} INFO - [2024-05-01T14:15:58.940+0000] {dag.py:3834} INFO - Setting next_dagrun for hello_world_dag to 2024-05-01 14:14:00+00:00, run_after=2024-05-01 14:15:00+00:00
[2024-05-01T14:15:58.991+0000] {processor.py:183} INFO - Processing /opt/airflow/dags/my_dummy_dag.py took 0.300 seconds
[2024-05-01T14:16:29.743+0000] {processor.py:161} INFO - Started process (PID=260) to work on /opt/airflow/dags/my_dummy_dag.py
[2024-05-01T14:16:29.744+0000] {processor.py:830} INFO - Processing file /opt/airflow/dags/my_dummy_dag.py for tasks to queue
[2024-05-01T14:16:29.749+0000] {logging_mixin.py:188} INFO - [2024-05-01T14:16:29.749+0000] {dagbag.py:540} INFO - Filling up the DagBag from /opt/airflow/dags/my_dummy_dag.py
[2024-05-01T14:16:29.799+0000] {processor.py:840} INFO - DAG(s) 'hello_world_dag' retrieved from /opt/airflow/dags/my_dummy_dag.py
[2024-05-01T14:16:29.855+0000] {logging_mixin.py:188} INFO - [2024-05-01T14:16:29.855+0000] {dag.py:3047} INFO - Sync 1 DAGs
[2024-05-01T14:16:29.919+0000] {logging_mixin.py:188} INFO - [2024-05-01T14:16:29.918+0000] {dag.py:3834} INFO - Setting next_dagrun for hello_world_dag to 2024-05-01 14:15:00+00:00, run_after=2024-05-01 14:16:00+00:00
[2024-05-01T14:16:30.017+0000] {processor.py:183} INFO - Processing /opt/airflow/dags/my_dummy_dag.py took 0.280 seconds
[2024-05-01T14:17:00.592+0000] {processor.py:161} INFO - Started process (PID=272) to work on /opt/airflow/dags/my_dummy_dag.py
[2024-05-01T14:17:00.601+0000] {processor.py:830} INFO - Processing file /opt/airflow/dags/my_dummy_dag.py for tasks to queue
[2024-05-01T14:17:00.614+0000] {logging_mixin.py:188} INFO - [2024-05-01T14:17:00.611+0000] {dagbag.py:540} INFO - Filling up the DagBag from /opt/airflow/dags/my_dummy_dag.py
[2024-05-01T14:17:00.773+0000] {processor.py:840} INFO - DAG(s) 'hello_world_dag' retrieved from /opt/airflow/dags/my_dummy_dag.py
[2024-05-01T14:17:00.968+0000] {logging_mixin.py:188} INFO - [2024-05-01T14:17:00.967+0000] {dag.py:3047} INFO - Sync 1 DAGs
[2024-05-01T14:17:01.038+0000] {logging_mixin.py:188} INFO - [2024-05-01T14:17:01.038+0000] {dag.py:3834} INFO - Setting next_dagrun for hello_world_dag to 2024-05-01 14:16:00+00:00, run_after=2024-05-01 14:17:00+00:00
[2024-05-01T14:17:01.101+0000] {processor.py:183} INFO - Processing /opt/airflow/dags/my_dummy_dag.py took 0.537 seconds
[2024-05-01T14:17:31.756+0000] {processor.py:161} INFO - Started process (PID=284) to work on /opt/airflow/dags/my_dummy_dag.py
[2024-05-01T14:17:31.762+0000] {processor.py:830} INFO - Processing file /opt/airflow/dags/my_dummy_dag.py for tasks to queue
[2024-05-01T14:17:31.772+0000] {logging_mixin.py:188} INFO - [2024-05-01T14:17:31.770+0000] {dagbag.py:540} INFO - Filling up the DagBag from /opt/airflow/dags/my_dummy_dag.py
[2024-05-01T14:17:31.892+0000] {processor.py:840} INFO - DAG(s) 'hello_world_dag' retrieved from /opt/airflow/dags/my_dummy_dag.py
[2024-05-01T14:17:32.050+0000] {logging_mixin.py:188} INFO - [2024-05-01T14:17:32.048+0000] {dag.py:3047} INFO - Sync 1 DAGs
[2024-05-01T14:17:32.161+0000] {logging_mixin.py:188} INFO - [2024-05-01T14:17:32.161+0000] {dag.py:3834} INFO - Setting next_dagrun for hello_world_dag to 2024-05-01 14:16:00+00:00, run_after=2024-05-01 14:17:00+00:00
[2024-05-01T14:17:32.198+0000] {processor.py:183} INFO - Processing /opt/airflow/dags/my_dummy_dag.py took 0.461 seconds
[2024-05-01T14:18:02.580+0000] {processor.py:161} INFO - Started process (PID=296) to work on /opt/airflow/dags/my_dummy_dag.py
[2024-05-01T14:18:02.587+0000] {processor.py:830} INFO - Processing file /opt/airflow/dags/my_dummy_dag.py for tasks to queue
[2024-05-01T14:18:02.598+0000] {logging_mixin.py:188} INFO - [2024-05-01T14:18:02.597+0000] {dagbag.py:540} INFO - Filling up the DagBag from /opt/airflow/dags/my_dummy_dag.py
[2024-05-01T14:18:02.748+0000] {processor.py:840} INFO - DAG(s) 'hello_world_dag' retrieved from /opt/airflow/dags/my_dummy_dag.py
[2024-05-01T14:18:02.910+0000] {logging_mixin.py:188} INFO - [2024-05-01T14:18:02.908+0000] {dag.py:3047} INFO - Sync 1 DAGs
[2024-05-01T14:18:03.100+0000] {logging_mixin.py:188} INFO - [2024-05-01T14:18:03.100+0000] {dag.py:3834} INFO - Setting next_dagrun for hello_world_dag to 2024-05-01 14:17:00+00:00, run_after=2024-05-01 14:18:00+00:00
[2024-05-01T14:18:03.141+0000] {processor.py:183} INFO - Processing /opt/airflow/dags/my_dummy_dag.py took 0.591 seconds
[2024-05-01T14:18:33.360+0000] {processor.py:161} INFO - Started process (PID=308) to work on /opt/airflow/dags/my_dummy_dag.py
[2024-05-01T14:18:33.368+0000] {processor.py:830} INFO - Processing file /opt/airflow/dags/my_dummy_dag.py for tasks to queue
[2024-05-01T14:18:33.381+0000] {logging_mixin.py:188} INFO - [2024-05-01T14:18:33.380+0000] {dagbag.py:540} INFO - Filling up the DagBag from /opt/airflow/dags/my_dummy_dag.py
[2024-05-01T14:18:33.467+0000] {processor.py:840} INFO - DAG(s) 'hello_world_dag' retrieved from /opt/airflow/dags/my_dummy_dag.py
[2024-05-01T14:18:33.506+0000] {logging_mixin.py:188} INFO - [2024-05-01T14:18:33.506+0000] {dag.py:3047} INFO - Sync 1 DAGs
[2024-05-01T14:18:33.556+0000] {logging_mixin.py:188} INFO - [2024-05-01T14:18:33.555+0000] {dag.py:3834} INFO - Setting next_dagrun for hello_world_dag to 2024-05-01 14:17:00+00:00, run_after=2024-05-01 14:18:00+00:00
[2024-05-01T14:18:33.587+0000] {processor.py:183} INFO - Processing /opt/airflow/dags/my_dummy_dag.py took 0.250 seconds
[2024-05-01T14:19:04.057+0000] {processor.py:161} INFO - Started process (PID=320) to work on /opt/airflow/dags/my_dummy_dag.py
[2024-05-01T14:19:04.059+0000] {processor.py:830} INFO - Processing file /opt/airflow/dags/my_dummy_dag.py for tasks to queue
[2024-05-01T14:19:04.063+0000] {logging_mixin.py:188} INFO - [2024-05-01T14:19:04.062+0000] {dagbag.py:540} INFO - Filling up the DagBag from /opt/airflow/dags/my_dummy_dag.py
[2024-05-01T14:19:04.102+0000] {processor.py:840} INFO - DAG(s) 'hello_world_dag' retrieved from /opt/airflow/dags/my_dummy_dag.py
[2024-05-01T14:19:04.144+0000] {logging_mixin.py:188} INFO - [2024-05-01T14:19:04.144+0000] {dag.py:3047} INFO - Sync 1 DAGs
[2024-05-01T14:19:04.205+0000] {logging_mixin.py:188} INFO - [2024-05-01T14:19:04.204+0000] {dag.py:3834} INFO - Setting next_dagrun for hello_world_dag to 2024-05-01 14:18:00+00:00, run_after=2024-05-01 14:19:00+00:00
[2024-05-01T14:19:04.241+0000] {processor.py:183} INFO - Processing /opt/airflow/dags/my_dummy_dag.py took 0.192 seconds
[2024-05-01T14:19:34.535+0000] {processor.py:161} INFO - Started process (PID=332) to work on /opt/airflow/dags/my_dummy_dag.py
[2024-05-01T14:19:34.537+0000] {processor.py:830} INFO - Processing file /opt/airflow/dags/my_dummy_dag.py for tasks to queue
[2024-05-01T14:19:34.541+0000] {logging_mixin.py:188} INFO - [2024-05-01T14:19:34.540+0000] {dagbag.py:540} INFO - Filling up the DagBag from /opt/airflow/dags/my_dummy_dag.py
[2024-05-01T14:19:34.578+0000] {processor.py:840} INFO - DAG(s) 'hello_world_dag' retrieved from /opt/airflow/dags/my_dummy_dag.py
[2024-05-01T14:19:34.615+0000] {logging_mixin.py:188} INFO - [2024-05-01T14:19:34.615+0000] {dag.py:3047} INFO - Sync 1 DAGs
[2024-05-01T14:19:34.661+0000] {logging_mixin.py:188} INFO - [2024-05-01T14:19:34.660+0000] {dag.py:3834} INFO - Setting next_dagrun for hello_world_dag to 2024-05-01 14:18:00+00:00, run_after=2024-05-01 14:19:00+00:00
[2024-05-01T14:19:34.693+0000] {processor.py:183} INFO - Processing /opt/airflow/dags/my_dummy_dag.py took 0.163 seconds
[2024-05-01T14:20:05.761+0000] {processor.py:161} INFO - Started process (PID=344) to work on /opt/airflow/dags/my_dummy_dag.py
[2024-05-01T14:20:05.768+0000] {processor.py:830} INFO - Processing file /opt/airflow/dags/my_dummy_dag.py for tasks to queue
[2024-05-01T14:20:05.778+0000] {logging_mixin.py:188} INFO - [2024-05-01T14:20:05.777+0000] {dagbag.py:540} INFO - Filling up the DagBag from /opt/airflow/dags/my_dummy_dag.py
[2024-05-01T14:20:05.851+0000] {processor.py:840} INFO - DAG(s) 'hello_world_dag' retrieved from /opt/airflow/dags/my_dummy_dag.py
[2024-05-01T14:20:05.926+0000] {logging_mixin.py:188} INFO - [2024-05-01T14:20:05.923+0000] {dag.py:3047} INFO - Sync 1 DAGs
[2024-05-01T14:20:06.047+0000] {logging_mixin.py:188} INFO - [2024-05-01T14:20:06.046+0000] {dag.py:3834} INFO - Setting next_dagrun for hello_world_dag to 2024-05-01 14:19:00+00:00, run_after=2024-05-01 14:20:00+00:00
[2024-05-01T14:20:06.139+0000] {processor.py:183} INFO - Processing /opt/airflow/dags/my_dummy_dag.py took 0.396 seconds
[2024-05-01T14:20:36.430+0000] {processor.py:161} INFO - Started process (PID=354) to work on /opt/airflow/dags/my_dummy_dag.py
[2024-05-01T14:20:36.433+0000] {processor.py:830} INFO - Processing file /opt/airflow/dags/my_dummy_dag.py for tasks to queue
[2024-05-01T14:20:36.439+0000] {logging_mixin.py:188} INFO - [2024-05-01T14:20:36.438+0000] {dagbag.py:540} INFO - Filling up the DagBag from /opt/airflow/dags/my_dummy_dag.py
[2024-05-01T14:20:36.846+0000] {processor.py:840} INFO - DAG(s) 'hello_world_dag' retrieved from /opt/airflow/dags/my_dummy_dag.py
[2024-05-01T14:20:36.942+0000] {logging_mixin.py:188} INFO - [2024-05-01T14:20:36.939+0000] {dag.py:3047} INFO - Sync 1 DAGs
[2024-05-01T14:20:37.067+0000] {logging_mixin.py:188} INFO - [2024-05-01T14:20:37.067+0000] {dag.py:3834} INFO - Setting next_dagrun for hello_world_dag to 2024-05-01 14:19:00+00:00, run_after=2024-05-01 14:20:00+00:00
[2024-05-01T14:20:37.164+0000] {processor.py:183} INFO - Processing /opt/airflow/dags/my_dummy_dag.py took 0.743 seconds
[2024-05-01T14:21:07.530+0000] {processor.py:161} INFO - Started process (PID=366) to work on /opt/airflow/dags/my_dummy_dag.py
[2024-05-01T14:21:07.531+0000] {processor.py:830} INFO - Processing file /opt/airflow/dags/my_dummy_dag.py for tasks to queue
[2024-05-01T14:21:07.535+0000] {logging_mixin.py:188} INFO - [2024-05-01T14:21:07.534+0000] {dagbag.py:540} INFO - Filling up the DagBag from /opt/airflow/dags/my_dummy_dag.py
[2024-05-01T14:21:07.575+0000] {processor.py:840} INFO - DAG(s) 'hello_world_dag' retrieved from /opt/airflow/dags/my_dummy_dag.py
[2024-05-01T14:21:07.632+0000] {logging_mixin.py:188} INFO - [2024-05-01T14:21:07.632+0000] {dag.py:3047} INFO - Sync 1 DAGs
[2024-05-01T14:21:07.700+0000] {logging_mixin.py:188} INFO - [2024-05-01T14:21:07.700+0000] {dag.py:3834} INFO - Setting next_dagrun for hello_world_dag to 2024-05-01 14:20:00+00:00, run_after=2024-05-01 14:21:00+00:00
[2024-05-01T14:21:07.739+0000] {processor.py:183} INFO - Processing /opt/airflow/dags/my_dummy_dag.py took 0.219 seconds
[2024-05-01T14:21:37.856+0000] {processor.py:161} INFO - Started process (PID=378) to work on /opt/airflow/dags/my_dummy_dag.py
[2024-05-01T14:21:37.859+0000] {processor.py:830} INFO - Processing file /opt/airflow/dags/my_dummy_dag.py for tasks to queue
[2024-05-01T14:21:37.863+0000] {logging_mixin.py:188} INFO - [2024-05-01T14:21:37.863+0000] {dagbag.py:540} INFO - Filling up the DagBag from /opt/airflow/dags/my_dummy_dag.py
[2024-05-01T14:21:37.928+0000] {processor.py:840} INFO - DAG(s) 'hello_world_dag' retrieved from /opt/airflow/dags/my_dummy_dag.py
[2024-05-01T14:21:37.981+0000] {logging_mixin.py:188} INFO - [2024-05-01T14:21:37.981+0000] {dag.py:3047} INFO - Sync 1 DAGs
[2024-05-01T14:21:38.056+0000] {logging_mixin.py:188} INFO - [2024-05-01T14:21:38.056+0000] {dag.py:3834} INFO - Setting next_dagrun for hello_world_dag to 2024-05-01 14:20:00+00:00, run_after=2024-05-01 14:21:00+00:00
[2024-05-01T14:21:38.095+0000] {processor.py:183} INFO - Processing /opt/airflow/dags/my_dummy_dag.py took 0.245 seconds
[2024-05-01T14:22:08.409+0000] {processor.py:161} INFO - Started process (PID=390) to work on /opt/airflow/dags/my_dummy_dag.py
[2024-05-01T14:22:08.411+0000] {processor.py:830} INFO - Processing file /opt/airflow/dags/my_dummy_dag.py for tasks to queue
[2024-05-01T14:22:08.415+0000] {logging_mixin.py:188} INFO - [2024-05-01T14:22:08.414+0000] {dagbag.py:540} INFO - Filling up the DagBag from /opt/airflow/dags/my_dummy_dag.py
[2024-05-01T14:22:08.466+0000] {processor.py:840} INFO - DAG(s) 'hello_world_dag' retrieved from /opt/airflow/dags/my_dummy_dag.py
[2024-05-01T14:22:08.540+0000] {logging_mixin.py:188} INFO - [2024-05-01T14:22:08.539+0000] {dag.py:3047} INFO - Sync 1 DAGs
[2024-05-01T14:22:08.618+0000] {logging_mixin.py:188} INFO - [2024-05-01T14:22:08.617+0000] {dag.py:3834} INFO - Setting next_dagrun for hello_world_dag to 2024-05-01 14:21:00+00:00, run_after=2024-05-01 14:22:00+00:00
[2024-05-01T14:22:08.660+0000] {processor.py:183} INFO - Processing /opt/airflow/dags/my_dummy_dag.py took 0.258 seconds
[2024-05-01T14:22:39.519+0000] {processor.py:161} INFO - Started process (PID=402) to work on /opt/airflow/dags/my_dummy_dag.py
[2024-05-01T14:22:39.521+0000] {processor.py:830} INFO - Processing file /opt/airflow/dags/my_dummy_dag.py for tasks to queue
[2024-05-01T14:22:39.524+0000] {logging_mixin.py:188} INFO - [2024-05-01T14:22:39.523+0000] {dagbag.py:540} INFO - Filling up the DagBag from /opt/airflow/dags/my_dummy_dag.py
[2024-05-01T14:22:39.573+0000] {processor.py:840} INFO - DAG(s) 'hello_world_dag' retrieved from /opt/airflow/dags/my_dummy_dag.py
[2024-05-01T14:22:39.622+0000] {logging_mixin.py:188} INFO - [2024-05-01T14:22:39.622+0000] {dag.py:3047} INFO - Sync 1 DAGs
[2024-05-01T14:22:39.681+0000] {logging_mixin.py:188} INFO - [2024-05-01T14:22:39.680+0000] {dag.py:3834} INFO - Setting next_dagrun for hello_world_dag to 2024-05-01 14:21:00+00:00, run_after=2024-05-01 14:22:00+00:00
[2024-05-01T14:22:39.730+0000] {processor.py:183} INFO - Processing /opt/airflow/dags/my_dummy_dag.py took 0.217 seconds
[2024-05-01T14:23:12.748+0000] {processor.py:161} INFO - Started process (PID=414) to work on /opt/airflow/dags/my_dummy_dag.py
[2024-05-01T14:23:12.976+0000] {processor.py:830} INFO - Processing file /opt/airflow/dags/my_dummy_dag.py for tasks to queue
[2024-05-01T14:23:13.041+0000] {logging_mixin.py:188} INFO - [2024-05-01T14:23:13.041+0000] {dagbag.py:540} INFO - Filling up the DagBag from /opt/airflow/dags/my_dummy_dag.py
[2024-05-01T14:23:14.503+0000] {processor.py:840} INFO - DAG(s) 'hello_world_dag' retrieved from /opt/airflow/dags/my_dummy_dag.py
[2024-05-01T14:23:14.736+0000] {logging_mixin.py:188} INFO - [2024-05-01T14:23:14.736+0000] {dag.py:3047} INFO - Sync 1 DAGs
[2024-05-01T14:23:15.175+0000] {logging_mixin.py:188} INFO - [2024-05-01T14:23:15.175+0000] {dag.py:3834} INFO - Setting next_dagrun for hello_world_dag to 2024-05-01 14:22:00+00:00, run_after=2024-05-01 14:23:00+00:00
[2024-05-01T14:23:15.437+0000] {processor.py:183} INFO - Processing /opt/airflow/dags/my_dummy_dag.py took 2.701 seconds
[2024-05-01T14:23:47.906+0000] {processor.py:161} INFO - Started process (PID=428) to work on /opt/airflow/dags/my_dummy_dag.py
[2024-05-01T14:23:47.920+0000] {processor.py:830} INFO - Processing file /opt/airflow/dags/my_dummy_dag.py for tasks to queue
[2024-05-01T14:23:47.935+0000] {logging_mixin.py:188} INFO - [2024-05-01T14:23:47.924+0000] {dagbag.py:540} INFO - Filling up the DagBag from /opt/airflow/dags/my_dummy_dag.py
[2024-05-01T14:23:48.228+0000] {processor.py:840} INFO - DAG(s) 'hello_world_dag' retrieved from /opt/airflow/dags/my_dummy_dag.py
[2024-05-01T14:23:48.404+0000] {logging_mixin.py:188} INFO - [2024-05-01T14:23:48.404+0000] {dag.py:3047} INFO - Sync 1 DAGs
[2024-05-01T14:23:48.599+0000] {logging_mixin.py:188} INFO - [2024-05-01T14:23:48.587+0000] {dag.py:3834} INFO - Setting next_dagrun for hello_world_dag to 2024-05-01 14:22:00+00:00, run_after=2024-05-01 14:23:00+00:00
[2024-05-01T14:23:48.693+0000] {processor.py:183} INFO - Processing /opt/airflow/dags/my_dummy_dag.py took 0.802 seconds
[2024-05-01T14:24:19.379+0000] {processor.py:161} INFO - Started process (PID=440) to work on /opt/airflow/dags/my_dummy_dag.py
[2024-05-01T14:24:19.383+0000] {processor.py:830} INFO - Processing file /opt/airflow/dags/my_dummy_dag.py for tasks to queue
[2024-05-01T14:24:19.403+0000] {logging_mixin.py:188} INFO - [2024-05-01T14:24:19.403+0000] {dagbag.py:540} INFO - Filling up the DagBag from /opt/airflow/dags/my_dummy_dag.py
[2024-05-01T14:24:19.513+0000] {processor.py:840} INFO - DAG(s) 'hello_world_dag' retrieved from /opt/airflow/dags/my_dummy_dag.py
[2024-05-01T14:24:19.652+0000] {logging_mixin.py:188} INFO - [2024-05-01T14:24:19.652+0000] {dag.py:3047} INFO - Sync 1 DAGs
[2024-05-01T14:24:19.932+0000] {logging_mixin.py:188} INFO - [2024-05-01T14:24:19.931+0000] {dag.py:3834} INFO - Setting next_dagrun for hello_world_dag to 2024-05-01 14:23:00+00:00, run_after=2024-05-01 14:24:00+00:00
[2024-05-01T14:24:20.124+0000] {processor.py:183} INFO - Processing /opt/airflow/dags/my_dummy_dag.py took 0.763 seconds
[2024-05-01T14:24:50.514+0000] {processor.py:161} INFO - Started process (PID=457) to work on /opt/airflow/dags/my_dummy_dag.py
[2024-05-01T14:24:50.517+0000] {processor.py:830} INFO - Processing file /opt/airflow/dags/my_dummy_dag.py for tasks to queue
[2024-05-01T14:24:50.523+0000] {logging_mixin.py:188} INFO - [2024-05-01T14:24:50.522+0000] {dagbag.py:540} INFO - Filling up the DagBag from /opt/airflow/dags/my_dummy_dag.py
[2024-05-01T14:24:50.623+0000] {processor.py:840} INFO - DAG(s) 'hello_world_dag' retrieved from /opt/airflow/dags/my_dummy_dag.py
[2024-05-01T14:24:50.724+0000] {logging_mixin.py:188} INFO - [2024-05-01T14:24:50.722+0000] {dag.py:3047} INFO - Sync 1 DAGs
[2024-05-01T14:24:50.838+0000] {logging_mixin.py:188} INFO - [2024-05-01T14:24:50.837+0000] {dag.py:3834} INFO - Setting next_dagrun for hello_world_dag to 2024-05-01 14:23:00+00:00, run_after=2024-05-01 14:24:00+00:00
[2024-05-01T14:24:50.916+0000] {processor.py:183} INFO - Processing /opt/airflow/dags/my_dummy_dag.py took 0.410 seconds
[2024-05-01T14:25:21.126+0000] {processor.py:161} INFO - Started process (PID=469) to work on /opt/airflow/dags/my_dummy_dag.py
[2024-05-01T14:25:21.128+0000] {processor.py:830} INFO - Processing file /opt/airflow/dags/my_dummy_dag.py for tasks to queue
[2024-05-01T14:25:21.132+0000] {logging_mixin.py:188} INFO - [2024-05-01T14:25:21.130+0000] {dagbag.py:540} INFO - Filling up the DagBag from /opt/airflow/dags/my_dummy_dag.py
[2024-05-01T14:25:21.175+0000] {processor.py:840} INFO - DAG(s) 'hello_world_dag' retrieved from /opt/airflow/dags/my_dummy_dag.py
[2024-05-01T14:25:21.216+0000] {logging_mixin.py:188} INFO - [2024-05-01T14:25:21.216+0000] {dag.py:3047} INFO - Sync 1 DAGs
[2024-05-01T14:25:21.266+0000] {logging_mixin.py:188} INFO - [2024-05-01T14:25:21.265+0000] {dag.py:3834} INFO - Setting next_dagrun for hello_world_dag to 2024-05-01 14:24:00+00:00, run_after=2024-05-01 14:25:00+00:00
[2024-05-01T14:25:21.300+0000] {processor.py:183} INFO - Processing /opt/airflow/dags/my_dummy_dag.py took 0.180 seconds
[2024-05-01T14:25:51.426+0000] {processor.py:161} INFO - Started process (PID=482) to work on /opt/airflow/dags/my_dummy_dag.py
[2024-05-01T14:25:51.428+0000] {processor.py:830} INFO - Processing file /opt/airflow/dags/my_dummy_dag.py for tasks to queue
[2024-05-01T14:25:51.430+0000] {logging_mixin.py:188} INFO - [2024-05-01T14:25:51.430+0000] {dagbag.py:540} INFO - Filling up the DagBag from /opt/airflow/dags/my_dummy_dag.py
[2024-05-01T14:25:51.467+0000] {processor.py:840} INFO - DAG(s) 'hello_world_dag' retrieved from /opt/airflow/dags/my_dummy_dag.py
[2024-05-01T14:25:51.502+0000] {logging_mixin.py:188} INFO - [2024-05-01T14:25:51.502+0000] {dag.py:3047} INFO - Sync 1 DAGs
[2024-05-01T14:25:51.546+0000] {logging_mixin.py:188} INFO - [2024-05-01T14:25:51.546+0000] {dag.py:3834} INFO - Setting next_dagrun for hello_world_dag to 2024-05-01 14:24:00+00:00, run_after=2024-05-01 14:25:00+00:00
[2024-05-01T14:25:51.574+0000] {processor.py:183} INFO - Processing /opt/airflow/dags/my_dummy_dag.py took 0.153 seconds
[2024-05-01T14:26:21.633+0000] {processor.py:161} INFO - Started process (PID=494) to work on /opt/airflow/dags/my_dummy_dag.py
[2024-05-01T14:26:21.636+0000] {processor.py:830} INFO - Processing file /opt/airflow/dags/my_dummy_dag.py for tasks to queue
[2024-05-01T14:26:21.640+0000] {logging_mixin.py:188} INFO - [2024-05-01T14:26:21.639+0000] {dagbag.py:540} INFO - Filling up the DagBag from /opt/airflow/dags/my_dummy_dag.py
[2024-05-01T14:26:21.690+0000] {processor.py:840} INFO - DAG(s) 'hello_world_dag' retrieved from /opt/airflow/dags/my_dummy_dag.py
[2024-05-01T14:26:21.739+0000] {logging_mixin.py:188} INFO - [2024-05-01T14:26:21.738+0000] {dag.py:3047} INFO - Sync 1 DAGs
[2024-05-01T14:26:21.802+0000] {logging_mixin.py:188} INFO - [2024-05-01T14:26:21.801+0000] {dag.py:3834} INFO - Setting next_dagrun for hello_world_dag to 2024-05-01 14:25:00+00:00, run_after=2024-05-01 14:26:00+00:00
[2024-05-01T14:26:21.839+0000] {processor.py:183} INFO - Processing /opt/airflow/dags/my_dummy_dag.py took 0.212 seconds
[2024-05-01T14:26:52.295+0000] {processor.py:161} INFO - Started process (PID=507) to work on /opt/airflow/dags/my_dummy_dag.py
[2024-05-01T14:26:52.297+0000] {processor.py:830} INFO - Processing file /opt/airflow/dags/my_dummy_dag.py for tasks to queue
[2024-05-01T14:26:52.300+0000] {logging_mixin.py:188} INFO - [2024-05-01T14:26:52.299+0000] {dagbag.py:540} INFO - Filling up the DagBag from /opt/airflow/dags/my_dummy_dag.py
[2024-05-01T14:26:52.347+0000] {processor.py:840} INFO - DAG(s) 'hello_world_dag' retrieved from /opt/airflow/dags/my_dummy_dag.py
[2024-05-01T14:26:52.396+0000] {logging_mixin.py:188} INFO - [2024-05-01T14:26:52.395+0000] {dag.py:3047} INFO - Sync 1 DAGs
[2024-05-01T14:26:52.465+0000] {logging_mixin.py:188} INFO - [2024-05-01T14:26:52.465+0000] {dag.py:3834} INFO - Setting next_dagrun for hello_world_dag to 2024-05-01 14:25:00+00:00, run_after=2024-05-01 14:26:00+00:00
[2024-05-01T14:26:52.503+0000] {processor.py:183} INFO - Processing /opt/airflow/dags/my_dummy_dag.py took 0.215 seconds
