[2024-05-01T13:42:47.008+0000] {processor.py:161} INFO - Started process (PID=83) to work on /opt/airflow/dags/simple_insert_movies.py
[2024-05-01T13:42:47.011+0000] {processor.py:830} INFO - Processing file /opt/airflow/dags/simple_insert_movies.py for tasks to queue
[2024-05-01T13:42:47.028+0000] {logging_mixin.py:188} INFO - [2024-05-01T13:42:47.027+0000] {dagbag.py:540} INFO - Filling up the DagBag from /opt/airflow/dags/simple_insert_movies.py
[2024-05-01T13:42:47.228+0000] {processor.py:840} INFO - DAG(s) 'movie_night' retrieved from /opt/airflow/dags/simple_insert_movies.py
[2024-05-01T13:42:47.958+0000] {logging_mixin.py:188} INFO - [2024-05-01T13:42:47.954+0000] {dag.py:3047} INFO - Sync 1 DAGs
[2024-05-01T13:42:48.119+0000] {logging_mixin.py:188} INFO - [2024-05-01T13:42:48.118+0000] {dag.py:3834} INFO - Setting next_dagrun for movie_night to None, run_after=None
[2024-05-01T13:42:48.250+0000] {processor.py:183} INFO - Processing /opt/airflow/dags/simple_insert_movies.py took 1.275 seconds
[2024-05-01T13:43:18.858+0000] {processor.py:161} INFO - Started process (PID=93) to work on /opt/airflow/dags/simple_insert_movies.py
[2024-05-01T13:43:18.860+0000] {processor.py:830} INFO - Processing file /opt/airflow/dags/simple_insert_movies.py for tasks to queue
[2024-05-01T13:43:18.869+0000] {logging_mixin.py:188} INFO - [2024-05-01T13:43:18.868+0000] {dagbag.py:540} INFO - Filling up the DagBag from /opt/airflow/dags/simple_insert_movies.py
[2024-05-01T13:43:18.961+0000] {processor.py:840} INFO - DAG(s) 'movie_night' retrieved from /opt/airflow/dags/simple_insert_movies.py
[2024-05-01T13:43:19.192+0000] {logging_mixin.py:188} INFO - [2024-05-01T13:43:19.191+0000] {dag.py:3047} INFO - Sync 1 DAGs
[2024-05-01T13:43:19.315+0000] {logging_mixin.py:188} INFO - [2024-05-01T13:43:19.315+0000] {dag.py:3834} INFO - Setting next_dagrun for movie_night to None, run_after=None
[2024-05-01T13:43:19.403+0000] {processor.py:183} INFO - Processing /opt/airflow/dags/simple_insert_movies.py took 0.552 seconds
[2024-05-01T13:43:49.702+0000] {processor.py:161} INFO - Started process (PID=105) to work on /opt/airflow/dags/simple_insert_movies.py
[2024-05-01T13:43:49.711+0000] {processor.py:830} INFO - Processing file /opt/airflow/dags/simple_insert_movies.py for tasks to queue
[2024-05-01T13:43:49.723+0000] {logging_mixin.py:188} INFO - [2024-05-01T13:43:49.719+0000] {dagbag.py:540} INFO - Filling up the DagBag from /opt/airflow/dags/simple_insert_movies.py
[2024-05-01T13:43:49.816+0000] {processor.py:840} INFO - DAG(s) 'movie_night' retrieved from /opt/airflow/dags/simple_insert_movies.py
[2024-05-01T13:43:49.858+0000] {logging_mixin.py:188} INFO - [2024-05-01T13:43:49.858+0000] {dag.py:3047} INFO - Sync 1 DAGs
[2024-05-01T13:43:49.900+0000] {logging_mixin.py:188} INFO - [2024-05-01T13:43:49.899+0000] {dag.py:3834} INFO - Setting next_dagrun for movie_night to None, run_after=None
[2024-05-01T13:43:49.961+0000] {processor.py:183} INFO - Processing /opt/airflow/dags/simple_insert_movies.py took 0.282 seconds
[2024-05-01T13:44:20.476+0000] {processor.py:161} INFO - Started process (PID=116) to work on /opt/airflow/dags/simple_insert_movies.py
[2024-05-01T13:44:20.481+0000] {processor.py:830} INFO - Processing file /opt/airflow/dags/simple_insert_movies.py for tasks to queue
[2024-05-01T13:44:20.495+0000] {logging_mixin.py:188} INFO - [2024-05-01T13:44:20.493+0000] {dagbag.py:540} INFO - Filling up the DagBag from /opt/airflow/dags/simple_insert_movies.py
[2024-05-01T13:44:20.580+0000] {processor.py:840} INFO - DAG(s) 'movie_night' retrieved from /opt/airflow/dags/simple_insert_movies.py
[2024-05-01T13:44:20.623+0000] {logging_mixin.py:188} INFO - [2024-05-01T13:44:20.623+0000] {dag.py:3047} INFO - Sync 1 DAGs
[2024-05-01T13:44:20.658+0000] {logging_mixin.py:188} INFO - [2024-05-01T13:44:20.658+0000] {dag.py:3834} INFO - Setting next_dagrun for movie_night to None, run_after=None
[2024-05-01T13:44:20.692+0000] {processor.py:183} INFO - Processing /opt/airflow/dags/simple_insert_movies.py took 0.234 seconds
[2024-05-01T13:44:51.162+0000] {processor.py:161} INFO - Started process (PID=128) to work on /opt/airflow/dags/simple_insert_movies.py
[2024-05-01T13:44:51.189+0000] {processor.py:830} INFO - Processing file /opt/airflow/dags/simple_insert_movies.py for tasks to queue
[2024-05-01T13:44:51.211+0000] {logging_mixin.py:188} INFO - [2024-05-01T13:44:51.211+0000] {dagbag.py:540} INFO - Filling up the DagBag from /opt/airflow/dags/simple_insert_movies.py
[2024-05-01T13:44:51.551+0000] {processor.py:840} INFO - DAG(s) 'movie_night' retrieved from /opt/airflow/dags/simple_insert_movies.py
[2024-05-01T13:44:51.688+0000] {logging_mixin.py:188} INFO - [2024-05-01T13:44:51.688+0000] {dag.py:3047} INFO - Sync 1 DAGs
[2024-05-01T13:44:51.838+0000] {logging_mixin.py:188} INFO - [2024-05-01T13:44:51.838+0000] {dag.py:3834} INFO - Setting next_dagrun for movie_night to None, run_after=None
[2024-05-01T13:44:52.051+0000] {processor.py:183} INFO - Processing /opt/airflow/dags/simple_insert_movies.py took 0.907 seconds
[2024-05-01T13:45:23.516+0000] {processor.py:161} INFO - Started process (PID=140) to work on /opt/airflow/dags/simple_insert_movies.py
[2024-05-01T13:45:23.530+0000] {processor.py:830} INFO - Processing file /opt/airflow/dags/simple_insert_movies.py for tasks to queue
[2024-05-01T13:45:23.546+0000] {logging_mixin.py:188} INFO - [2024-05-01T13:45:23.546+0000] {dagbag.py:540} INFO - Filling up the DagBag from /opt/airflow/dags/simple_insert_movies.py
[2024-05-01T13:45:23.782+0000] {processor.py:840} INFO - DAG(s) 'movie_night' retrieved from /opt/airflow/dags/simple_insert_movies.py
[2024-05-01T13:45:23.903+0000] {logging_mixin.py:188} INFO - [2024-05-01T13:45:23.903+0000] {dag.py:3047} INFO - Sync 1 DAGs
[2024-05-01T13:45:24.034+0000] {logging_mixin.py:188} INFO - [2024-05-01T13:45:24.033+0000] {dag.py:3834} INFO - Setting next_dagrun for movie_night to None, run_after=None
[2024-05-01T13:45:24.187+0000] {processor.py:183} INFO - Processing /opt/airflow/dags/simple_insert_movies.py took 0.705 seconds
[2024-05-01T13:45:54.862+0000] {processor.py:161} INFO - Started process (PID=151) to work on /opt/airflow/dags/simple_insert_movies.py
[2024-05-01T13:45:54.865+0000] {processor.py:830} INFO - Processing file /opt/airflow/dags/simple_insert_movies.py for tasks to queue
[2024-05-01T13:45:54.879+0000] {logging_mixin.py:188} INFO - [2024-05-01T13:45:54.876+0000] {dagbag.py:540} INFO - Filling up the DagBag from /opt/airflow/dags/simple_insert_movies.py
[2024-05-01T13:45:55.020+0000] {processor.py:840} INFO - DAG(s) 'movie_night' retrieved from /opt/airflow/dags/simple_insert_movies.py
[2024-05-01T13:45:55.078+0000] {logging_mixin.py:188} INFO - [2024-05-01T13:45:55.078+0000] {dag.py:3047} INFO - Sync 1 DAGs
[2024-05-01T13:45:55.134+0000] {logging_mixin.py:188} INFO - [2024-05-01T13:45:55.133+0000] {dag.py:3834} INFO - Setting next_dagrun for movie_night to None, run_after=None
[2024-05-01T13:45:55.175+0000] {processor.py:183} INFO - Processing /opt/airflow/dags/simple_insert_movies.py took 0.323 seconds
[2024-05-01T13:46:25.290+0000] {processor.py:161} INFO - Started process (PID=162) to work on /opt/airflow/dags/simple_insert_movies.py
[2024-05-01T13:46:25.294+0000] {processor.py:830} INFO - Processing file /opt/airflow/dags/simple_insert_movies.py for tasks to queue
[2024-05-01T13:46:25.298+0000] {logging_mixin.py:188} INFO - [2024-05-01T13:46:25.298+0000] {dagbag.py:540} INFO - Filling up the DagBag from /opt/airflow/dags/simple_insert_movies.py
[2024-05-01T13:46:25.365+0000] {processor.py:840} INFO - DAG(s) 'movie_night' retrieved from /opt/airflow/dags/simple_insert_movies.py
[2024-05-01T13:46:25.414+0000] {logging_mixin.py:188} INFO - [2024-05-01T13:46:25.413+0000] {dag.py:3047} INFO - Sync 1 DAGs
[2024-05-01T13:46:25.461+0000] {logging_mixin.py:188} INFO - [2024-05-01T13:46:25.460+0000] {dag.py:3834} INFO - Setting next_dagrun for movie_night to None, run_after=None
[2024-05-01T13:46:25.512+0000] {processor.py:183} INFO - Processing /opt/airflow/dags/simple_insert_movies.py took 0.230 seconds
[2024-05-01T13:46:55.833+0000] {processor.py:161} INFO - Started process (PID=174) to work on /opt/airflow/dags/simple_insert_movies.py
[2024-05-01T13:46:55.836+0000] {processor.py:830} INFO - Processing file /opt/airflow/dags/simple_insert_movies.py for tasks to queue
[2024-05-01T13:46:55.839+0000] {logging_mixin.py:188} INFO - [2024-05-01T13:46:55.839+0000] {dagbag.py:540} INFO - Filling up the DagBag from /opt/airflow/dags/simple_insert_movies.py
[2024-05-01T13:46:55.893+0000] {processor.py:840} INFO - DAG(s) 'movie_night' retrieved from /opt/airflow/dags/simple_insert_movies.py
[2024-05-01T13:46:55.943+0000] {logging_mixin.py:188} INFO - [2024-05-01T13:46:55.943+0000] {dag.py:3047} INFO - Sync 1 DAGs
[2024-05-01T13:46:55.980+0000] {logging_mixin.py:188} INFO - [2024-05-01T13:46:55.980+0000] {dag.py:3834} INFO - Setting next_dagrun for movie_night to None, run_after=None
[2024-05-01T13:46:56.014+0000] {processor.py:183} INFO - Processing /opt/airflow/dags/simple_insert_movies.py took 0.195 seconds
[2024-05-01T13:47:26.797+0000] {processor.py:161} INFO - Started process (PID=185) to work on /opt/airflow/dags/simple_insert_movies.py
[2024-05-01T13:47:26.799+0000] {processor.py:830} INFO - Processing file /opt/airflow/dags/simple_insert_movies.py for tasks to queue
[2024-05-01T13:47:26.802+0000] {logging_mixin.py:188} INFO - [2024-05-01T13:47:26.802+0000] {dagbag.py:540} INFO - Filling up the DagBag from /opt/airflow/dags/simple_insert_movies.py
[2024-05-01T13:47:26.859+0000] {processor.py:840} INFO - DAG(s) 'movie_night' retrieved from /opt/airflow/dags/simple_insert_movies.py
[2024-05-01T13:47:26.917+0000] {logging_mixin.py:188} INFO - [2024-05-01T13:47:26.917+0000] {dag.py:3047} INFO - Sync 1 DAGs
[2024-05-01T13:47:26.966+0000] {logging_mixin.py:188} INFO - [2024-05-01T13:47:26.965+0000] {dag.py:3834} INFO - Setting next_dagrun for movie_night to None, run_after=None
[2024-05-01T13:47:27.008+0000] {processor.py:183} INFO - Processing /opt/airflow/dags/simple_insert_movies.py took 0.219 seconds
[2024-05-01T13:47:57.232+0000] {processor.py:161} INFO - Started process (PID=198) to work on /opt/airflow/dags/simple_insert_movies.py
[2024-05-01T13:47:57.239+0000] {processor.py:830} INFO - Processing file /opt/airflow/dags/simple_insert_movies.py for tasks to queue
[2024-05-01T13:47:57.245+0000] {logging_mixin.py:188} INFO - [2024-05-01T13:47:57.244+0000] {dagbag.py:540} INFO - Filling up the DagBag from /opt/airflow/dags/simple_insert_movies.py
[2024-05-01T13:47:57.329+0000] {processor.py:840} INFO - DAG(s) 'movie_night' retrieved from /opt/airflow/dags/simple_insert_movies.py
[2024-05-01T13:47:57.391+0000] {logging_mixin.py:188} INFO - [2024-05-01T13:47:57.391+0000] {dag.py:3047} INFO - Sync 1 DAGs
[2024-05-01T13:47:57.446+0000] {logging_mixin.py:188} INFO - [2024-05-01T13:47:57.445+0000] {dag.py:3834} INFO - Setting next_dagrun for movie_night to None, run_after=None
[2024-05-01T13:47:57.526+0000] {processor.py:183} INFO - Processing /opt/airflow/dags/simple_insert_movies.py took 0.311 seconds
[2024-05-01T13:48:27.791+0000] {processor.py:161} INFO - Started process (PID=210) to work on /opt/airflow/dags/simple_insert_movies.py
[2024-05-01T13:48:27.793+0000] {processor.py:830} INFO - Processing file /opt/airflow/dags/simple_insert_movies.py for tasks to queue
[2024-05-01T13:48:27.797+0000] {logging_mixin.py:188} INFO - [2024-05-01T13:48:27.796+0000] {dagbag.py:540} INFO - Filling up the DagBag from /opt/airflow/dags/simple_insert_movies.py
[2024-05-01T13:48:27.869+0000] {processor.py:840} INFO - DAG(s) 'movie_night' retrieved from /opt/airflow/dags/simple_insert_movies.py
[2024-05-01T13:48:27.914+0000] {logging_mixin.py:188} INFO - [2024-05-01T13:48:27.914+0000] {dag.py:3047} INFO - Sync 1 DAGs
[2024-05-01T13:48:27.955+0000] {logging_mixin.py:188} INFO - [2024-05-01T13:48:27.954+0000] {dag.py:3834} INFO - Setting next_dagrun for movie_night to None, run_after=None
[2024-05-01T13:48:27.988+0000] {processor.py:183} INFO - Processing /opt/airflow/dags/simple_insert_movies.py took 0.205 seconds
[2024-05-01T13:48:58.376+0000] {processor.py:161} INFO - Started process (PID=222) to work on /opt/airflow/dags/simple_insert_movies.py
[2024-05-01T13:48:58.379+0000] {processor.py:830} INFO - Processing file /opt/airflow/dags/simple_insert_movies.py for tasks to queue
[2024-05-01T13:48:58.384+0000] {logging_mixin.py:188} INFO - [2024-05-01T13:48:58.384+0000] {dagbag.py:540} INFO - Filling up the DagBag from /opt/airflow/dags/simple_insert_movies.py
[2024-05-01T13:48:58.476+0000] {processor.py:840} INFO - DAG(s) 'movie_night' retrieved from /opt/airflow/dags/simple_insert_movies.py
[2024-05-01T13:48:58.536+0000] {logging_mixin.py:188} INFO - [2024-05-01T13:48:58.536+0000] {dag.py:3047} INFO - Sync 1 DAGs
[2024-05-01T13:48:58.580+0000] {logging_mixin.py:188} INFO - [2024-05-01T13:48:58.579+0000] {dag.py:3834} INFO - Setting next_dagrun for movie_night to None, run_after=None
[2024-05-01T13:48:58.632+0000] {processor.py:183} INFO - Processing /opt/airflow/dags/simple_insert_movies.py took 0.267 seconds
[2024-05-01T13:49:28.839+0000] {processor.py:161} INFO - Started process (PID=234) to work on /opt/airflow/dags/simple_insert_movies.py
[2024-05-01T13:49:28.841+0000] {processor.py:830} INFO - Processing file /opt/airflow/dags/simple_insert_movies.py for tasks to queue
[2024-05-01T13:49:28.847+0000] {logging_mixin.py:188} INFO - [2024-05-01T13:49:28.845+0000] {dagbag.py:540} INFO - Filling up the DagBag from /opt/airflow/dags/simple_insert_movies.py
[2024-05-01T13:49:28.924+0000] {processor.py:840} INFO - DAG(s) 'movie_night' retrieved from /opt/airflow/dags/simple_insert_movies.py
[2024-05-01T13:49:28.980+0000] {logging_mixin.py:188} INFO - [2024-05-01T13:49:28.980+0000] {dag.py:3047} INFO - Sync 1 DAGs
[2024-05-01T13:49:29.037+0000] {logging_mixin.py:188} INFO - [2024-05-01T13:49:29.037+0000] {dag.py:3834} INFO - Setting next_dagrun for movie_night to None, run_after=None
[2024-05-01T13:49:29.084+0000] {processor.py:183} INFO - Processing /opt/airflow/dags/simple_insert_movies.py took 0.256 seconds
[2024-05-01T13:49:59.581+0000] {processor.py:161} INFO - Started process (PID=246) to work on /opt/airflow/dags/simple_insert_movies.py
[2024-05-01T13:49:59.586+0000] {processor.py:830} INFO - Processing file /opt/airflow/dags/simple_insert_movies.py for tasks to queue
[2024-05-01T13:49:59.592+0000] {logging_mixin.py:188} INFO - [2024-05-01T13:49:59.592+0000] {dagbag.py:540} INFO - Filling up the DagBag from /opt/airflow/dags/simple_insert_movies.py
[2024-05-01T13:49:59.669+0000] {processor.py:840} INFO - DAG(s) 'movie_night' retrieved from /opt/airflow/dags/simple_insert_movies.py
[2024-05-01T13:49:59.799+0000] {logging_mixin.py:188} INFO - [2024-05-01T13:49:59.799+0000] {dag.py:3047} INFO - Sync 1 DAGs
[2024-05-01T13:49:59.868+0000] {logging_mixin.py:188} INFO - [2024-05-01T13:49:59.868+0000] {dag.py:3834} INFO - Setting next_dagrun for movie_night to None, run_after=None
[2024-05-01T13:49:59.936+0000] {processor.py:183} INFO - Processing /opt/airflow/dags/simple_insert_movies.py took 0.368 seconds
[2024-05-01T13:50:30.359+0000] {processor.py:161} INFO - Started process (PID=258) to work on /opt/airflow/dags/simple_insert_movies.py
[2024-05-01T13:50:30.361+0000] {processor.py:830} INFO - Processing file /opt/airflow/dags/simple_insert_movies.py for tasks to queue
[2024-05-01T13:50:30.365+0000] {logging_mixin.py:188} INFO - [2024-05-01T13:50:30.364+0000] {dagbag.py:540} INFO - Filling up the DagBag from /opt/airflow/dags/simple_insert_movies.py
[2024-05-01T13:50:30.447+0000] {processor.py:840} INFO - DAG(s) 'movie_night' retrieved from /opt/airflow/dags/simple_insert_movies.py
[2024-05-01T13:50:30.553+0000] {logging_mixin.py:188} INFO - [2024-05-01T13:50:30.552+0000] {dag.py:3047} INFO - Sync 1 DAGs
[2024-05-01T13:50:30.632+0000] {logging_mixin.py:188} INFO - [2024-05-01T13:50:30.632+0000] {dag.py:3834} INFO - Setting next_dagrun for movie_night to None, run_after=None
[2024-05-01T13:50:30.682+0000] {processor.py:183} INFO - Processing /opt/airflow/dags/simple_insert_movies.py took 0.336 seconds
[2024-05-01T13:51:00.764+0000] {processor.py:161} INFO - Started process (PID=270) to work on /opt/airflow/dags/simple_insert_movies.py
[2024-05-01T13:51:00.767+0000] {processor.py:830} INFO - Processing file /opt/airflow/dags/simple_insert_movies.py for tasks to queue
[2024-05-01T13:51:00.771+0000] {logging_mixin.py:188} INFO - [2024-05-01T13:51:00.770+0000] {dagbag.py:540} INFO - Filling up the DagBag from /opt/airflow/dags/simple_insert_movies.py
[2024-05-01T13:51:00.831+0000] {processor.py:840} INFO - DAG(s) 'movie_night' retrieved from /opt/airflow/dags/simple_insert_movies.py
[2024-05-01T13:51:00.884+0000] {logging_mixin.py:188} INFO - [2024-05-01T13:51:00.883+0000] {dag.py:3047} INFO - Sync 1 DAGs
[2024-05-01T13:51:00.931+0000] {logging_mixin.py:188} INFO - [2024-05-01T13:51:00.931+0000] {dag.py:3834} INFO - Setting next_dagrun for movie_night to None, run_after=None
[2024-05-01T13:51:00.972+0000] {processor.py:183} INFO - Processing /opt/airflow/dags/simple_insert_movies.py took 0.216 seconds
[2024-05-01T13:51:31.335+0000] {processor.py:161} INFO - Started process (PID=282) to work on /opt/airflow/dags/simple_insert_movies.py
[2024-05-01T13:51:31.343+0000] {processor.py:830} INFO - Processing file /opt/airflow/dags/simple_insert_movies.py for tasks to queue
[2024-05-01T13:51:31.348+0000] {logging_mixin.py:188} INFO - [2024-05-01T13:51:31.347+0000] {dagbag.py:540} INFO - Filling up the DagBag from /opt/airflow/dags/simple_insert_movies.py
[2024-05-01T13:51:31.431+0000] {processor.py:840} INFO - DAG(s) 'movie_night' retrieved from /opt/airflow/dags/simple_insert_movies.py
[2024-05-01T13:51:31.505+0000] {logging_mixin.py:188} INFO - [2024-05-01T13:51:31.504+0000] {dag.py:3047} INFO - Sync 1 DAGs
[2024-05-01T13:51:31.573+0000] {logging_mixin.py:188} INFO - [2024-05-01T13:51:31.572+0000] {dag.py:3834} INFO - Setting next_dagrun for movie_night to None, run_after=None
[2024-05-01T13:51:31.683+0000] {processor.py:183} INFO - Processing /opt/airflow/dags/simple_insert_movies.py took 0.357 seconds
[2024-05-01T13:52:01.949+0000] {processor.py:161} INFO - Started process (PID=294) to work on /opt/airflow/dags/simple_insert_movies.py
[2024-05-01T13:52:01.950+0000] {processor.py:830} INFO - Processing file /opt/airflow/dags/simple_insert_movies.py for tasks to queue
[2024-05-01T13:52:01.958+0000] {logging_mixin.py:188} INFO - [2024-05-01T13:52:01.958+0000] {dagbag.py:540} INFO - Filling up the DagBag from /opt/airflow/dags/simple_insert_movies.py
[2024-05-01T13:52:02.041+0000] {processor.py:840} INFO - DAG(s) 'movie_night' retrieved from /opt/airflow/dags/simple_insert_movies.py
[2024-05-01T13:52:02.083+0000] {logging_mixin.py:188} INFO - [2024-05-01T13:52:02.083+0000] {dag.py:3047} INFO - Sync 1 DAGs
[2024-05-01T13:52:02.119+0000] {logging_mixin.py:188} INFO - [2024-05-01T13:52:02.118+0000] {dag.py:3834} INFO - Setting next_dagrun for movie_night to None, run_after=None
[2024-05-01T13:52:02.156+0000] {processor.py:183} INFO - Processing /opt/airflow/dags/simple_insert_movies.py took 0.215 seconds
[2024-05-01T13:52:32.689+0000] {processor.py:161} INFO - Started process (PID=305) to work on /opt/airflow/dags/simple_insert_movies.py
[2024-05-01T13:52:32.691+0000] {processor.py:830} INFO - Processing file /opt/airflow/dags/simple_insert_movies.py for tasks to queue
[2024-05-01T13:52:32.697+0000] {logging_mixin.py:188} INFO - [2024-05-01T13:52:32.696+0000] {dagbag.py:540} INFO - Filling up the DagBag from /opt/airflow/dags/simple_insert_movies.py
[2024-05-01T13:52:32.774+0000] {processor.py:840} INFO - DAG(s) 'movie_night' retrieved from /opt/airflow/dags/simple_insert_movies.py
[2024-05-01T13:52:32.830+0000] {logging_mixin.py:188} INFO - [2024-05-01T13:52:32.829+0000] {dag.py:3047} INFO - Sync 1 DAGs
[2024-05-01T13:52:32.875+0000] {logging_mixin.py:188} INFO - [2024-05-01T13:52:32.874+0000] {dag.py:3834} INFO - Setting next_dagrun for movie_night to None, run_after=None
[2024-05-01T13:52:32.912+0000] {processor.py:183} INFO - Processing /opt/airflow/dags/simple_insert_movies.py took 0.230 seconds
[2024-05-01T13:53:03.478+0000] {processor.py:161} INFO - Started process (PID=317) to work on /opt/airflow/dags/simple_insert_movies.py
[2024-05-01T13:53:03.509+0000] {processor.py:830} INFO - Processing file /opt/airflow/dags/simple_insert_movies.py for tasks to queue
[2024-05-01T13:53:03.527+0000] {logging_mixin.py:188} INFO - [2024-05-01T13:53:03.526+0000] {dagbag.py:540} INFO - Filling up the DagBag from /opt/airflow/dags/simple_insert_movies.py
[2024-05-01T13:53:03.698+0000] {processor.py:840} INFO - DAG(s) 'movie_night' retrieved from /opt/airflow/dags/simple_insert_movies.py
[2024-05-01T13:53:03.836+0000] {logging_mixin.py:188} INFO - [2024-05-01T13:53:03.835+0000] {dag.py:3047} INFO - Sync 1 DAGs
[2024-05-01T13:53:03.936+0000] {logging_mixin.py:188} INFO - [2024-05-01T13:53:03.936+0000] {dag.py:3834} INFO - Setting next_dagrun for movie_night to None, run_after=None
[2024-05-01T13:53:04.033+0000] {processor.py:183} INFO - Processing /opt/airflow/dags/simple_insert_movies.py took 0.561 seconds
[2024-05-01T14:08:11.709+0000] {processor.py:161} INFO - Started process (PID=66) to work on /opt/airflow/dags/simple_insert_movies.py
[2024-05-01T14:08:11.714+0000] {processor.py:830} INFO - Processing file /opt/airflow/dags/simple_insert_movies.py for tasks to queue
[2024-05-01T14:08:11.719+0000] {logging_mixin.py:188} INFO - [2024-05-01T14:08:11.718+0000] {dagbag.py:540} INFO - Filling up the DagBag from /opt/airflow/dags/simple_insert_movies.py
[2024-05-01T14:08:11.831+0000] {processor.py:840} INFO - DAG(s) 'movie_night' retrieved from /opt/airflow/dags/simple_insert_movies.py
[2024-05-01T14:08:12.707+0000] {logging_mixin.py:188} INFO - [2024-05-01T14:08:12.707+0000] {dag.py:3047} INFO - Sync 1 DAGs
[2024-05-01T14:08:13.014+0000] {logging_mixin.py:188} INFO - [2024-05-01T14:08:13.014+0000] {dag.py:3834} INFO - Setting next_dagrun for movie_night to None, run_after=None
[2024-05-01T14:08:13.234+0000] {processor.py:183} INFO - Processing /opt/airflow/dags/simple_insert_movies.py took 1.535 seconds
[2024-05-01T14:08:43.758+0000] {processor.py:161} INFO - Started process (PID=76) to work on /opt/airflow/dags/simple_insert_movies.py
[2024-05-01T14:08:43.766+0000] {processor.py:830} INFO - Processing file /opt/airflow/dags/simple_insert_movies.py for tasks to queue
[2024-05-01T14:08:43.777+0000] {logging_mixin.py:188} INFO - [2024-05-01T14:08:43.773+0000] {dagbag.py:540} INFO - Filling up the DagBag from /opt/airflow/dags/simple_insert_movies.py
[2024-05-01T14:08:43.942+0000] {processor.py:840} INFO - DAG(s) 'movie_night' retrieved from /opt/airflow/dags/simple_insert_movies.py
[2024-05-01T14:08:44.083+0000] {logging_mixin.py:188} INFO - [2024-05-01T14:08:44.082+0000] {dag.py:3047} INFO - Sync 1 DAGs
[2024-05-01T14:08:44.180+0000] {logging_mixin.py:188} INFO - [2024-05-01T14:08:44.179+0000] {dag.py:3834} INFO - Setting next_dagrun for movie_night to None, run_after=None
[2024-05-01T14:08:44.257+0000] {processor.py:183} INFO - Processing /opt/airflow/dags/simple_insert_movies.py took 0.543 seconds
[2024-05-01T14:09:14.543+0000] {processor.py:161} INFO - Started process (PID=88) to work on /opt/airflow/dags/simple_insert_movies.py
[2024-05-01T14:09:14.545+0000] {processor.py:830} INFO - Processing file /opt/airflow/dags/simple_insert_movies.py for tasks to queue
[2024-05-01T14:09:14.550+0000] {logging_mixin.py:188} INFO - [2024-05-01T14:09:14.550+0000] {dagbag.py:540} INFO - Filling up the DagBag from /opt/airflow/dags/simple_insert_movies.py
[2024-05-01T14:09:14.712+0000] {processor.py:840} INFO - DAG(s) 'movie_night' retrieved from /opt/airflow/dags/simple_insert_movies.py
[2024-05-01T14:09:14.950+0000] {logging_mixin.py:188} INFO - [2024-05-01T14:09:14.949+0000] {dag.py:3047} INFO - Sync 1 DAGs
[2024-05-01T14:09:15.263+0000] {logging_mixin.py:188} INFO - [2024-05-01T14:09:15.263+0000] {dag.py:3834} INFO - Setting next_dagrun for movie_night to None, run_after=None
[2024-05-01T14:09:15.923+0000] {processor.py:183} INFO - Processing /opt/airflow/dags/simple_insert_movies.py took 1.391 seconds
[2024-05-01T14:09:46.476+0000] {processor.py:161} INFO - Started process (PID=105) to work on /opt/airflow/dags/simple_insert_movies.py
[2024-05-01T14:09:46.484+0000] {processor.py:830} INFO - Processing file /opt/airflow/dags/simple_insert_movies.py for tasks to queue
[2024-05-01T14:09:46.497+0000] {logging_mixin.py:188} INFO - [2024-05-01T14:09:46.494+0000] {dagbag.py:540} INFO - Filling up the DagBag from /opt/airflow/dags/simple_insert_movies.py
[2024-05-01T14:09:46.620+0000] {processor.py:840} INFO - DAG(s) 'movie_night' retrieved from /opt/airflow/dags/simple_insert_movies.py
[2024-05-01T14:09:46.683+0000] {logging_mixin.py:188} INFO - [2024-05-01T14:09:46.683+0000] {dag.py:3047} INFO - Sync 1 DAGs
[2024-05-01T14:09:46.742+0000] {logging_mixin.py:188} INFO - [2024-05-01T14:09:46.741+0000] {dag.py:3834} INFO - Setting next_dagrun for movie_night to None, run_after=None
[2024-05-01T14:09:46.799+0000] {processor.py:183} INFO - Processing /opt/airflow/dags/simple_insert_movies.py took 0.351 seconds
[2024-05-01T14:10:17.020+0000] {processor.py:161} INFO - Started process (PID=117) to work on /opt/airflow/dags/simple_insert_movies.py
[2024-05-01T14:10:17.028+0000] {processor.py:830} INFO - Processing file /opt/airflow/dags/simple_insert_movies.py for tasks to queue
[2024-05-01T14:10:17.042+0000] {logging_mixin.py:188} INFO - [2024-05-01T14:10:17.039+0000] {dagbag.py:540} INFO - Filling up the DagBag from /opt/airflow/dags/simple_insert_movies.py
[2024-05-01T14:10:17.158+0000] {processor.py:840} INFO - DAG(s) 'movie_night' retrieved from /opt/airflow/dags/simple_insert_movies.py
[2024-05-01T14:10:17.262+0000] {logging_mixin.py:188} INFO - [2024-05-01T14:10:17.261+0000] {dag.py:3047} INFO - Sync 1 DAGs
[2024-05-01T14:10:17.354+0000] {logging_mixin.py:188} INFO - [2024-05-01T14:10:17.353+0000] {dag.py:3834} INFO - Setting next_dagrun for movie_night to None, run_after=None
[2024-05-01T14:10:17.419+0000] {processor.py:183} INFO - Processing /opt/airflow/dags/simple_insert_movies.py took 0.423 seconds
[2024-05-01T14:10:48.280+0000] {processor.py:161} INFO - Started process (PID=129) to work on /opt/airflow/dags/simple_insert_movies.py
[2024-05-01T14:10:48.286+0000] {processor.py:830} INFO - Processing file /opt/airflow/dags/simple_insert_movies.py for tasks to queue
[2024-05-01T14:10:48.297+0000] {logging_mixin.py:188} INFO - [2024-05-01T14:10:48.295+0000] {dagbag.py:540} INFO - Filling up the DagBag from /opt/airflow/dags/simple_insert_movies.py
[2024-05-01T14:10:48.427+0000] {processor.py:840} INFO - DAG(s) 'movie_night' retrieved from /opt/airflow/dags/simple_insert_movies.py
[2024-05-01T14:10:48.473+0000] {logging_mixin.py:188} INFO - [2024-05-01T14:10:48.473+0000] {dag.py:3047} INFO - Sync 1 DAGs
[2024-05-01T14:10:48.509+0000] {logging_mixin.py:188} INFO - [2024-05-01T14:10:48.508+0000] {dag.py:3834} INFO - Setting next_dagrun for movie_night to None, run_after=None
[2024-05-01T14:10:48.544+0000] {processor.py:183} INFO - Processing /opt/airflow/dags/simple_insert_movies.py took 0.284 seconds
[2024-05-01T14:11:18.720+0000] {processor.py:161} INFO - Started process (PID=141) to work on /opt/airflow/dags/simple_insert_movies.py
[2024-05-01T14:11:18.725+0000] {processor.py:830} INFO - Processing file /opt/airflow/dags/simple_insert_movies.py for tasks to queue
[2024-05-01T14:11:18.735+0000] {logging_mixin.py:188} INFO - [2024-05-01T14:11:18.733+0000] {dagbag.py:540} INFO - Filling up the DagBag from /opt/airflow/dags/simple_insert_movies.py
[2024-05-01T14:11:18.858+0000] {processor.py:840} INFO - DAG(s) 'movie_night' retrieved from /opt/airflow/dags/simple_insert_movies.py
[2024-05-01T14:11:18.900+0000] {logging_mixin.py:188} INFO - [2024-05-01T14:11:18.900+0000] {dag.py:3047} INFO - Sync 1 DAGs
[2024-05-01T14:11:18.934+0000] {logging_mixin.py:188} INFO - [2024-05-01T14:11:18.934+0000] {dag.py:3834} INFO - Setting next_dagrun for movie_night to None, run_after=None
[2024-05-01T14:11:18.966+0000] {processor.py:183} INFO - Processing /opt/airflow/dags/simple_insert_movies.py took 0.268 seconds
[2024-05-01T14:11:49.174+0000] {processor.py:161} INFO - Started process (PID=153) to work on /opt/airflow/dags/simple_insert_movies.py
[2024-05-01T14:11:49.183+0000] {processor.py:830} INFO - Processing file /opt/airflow/dags/simple_insert_movies.py for tasks to queue
[2024-05-01T14:11:49.200+0000] {logging_mixin.py:188} INFO - [2024-05-01T14:11:49.196+0000] {dagbag.py:540} INFO - Filling up the DagBag from /opt/airflow/dags/simple_insert_movies.py
[2024-05-01T14:11:49.307+0000] {processor.py:840} INFO - DAG(s) 'movie_night' retrieved from /opt/airflow/dags/simple_insert_movies.py
[2024-05-01T14:11:49.366+0000] {logging_mixin.py:188} INFO - [2024-05-01T14:11:49.365+0000] {dag.py:3047} INFO - Sync 1 DAGs
[2024-05-01T14:11:49.419+0000] {logging_mixin.py:188} INFO - [2024-05-01T14:11:49.419+0000] {dag.py:3834} INFO - Setting next_dagrun for movie_night to None, run_after=None
[2024-05-01T14:11:49.470+0000] {processor.py:183} INFO - Processing /opt/airflow/dags/simple_insert_movies.py took 0.334 seconds
[2024-05-01T14:12:20.120+0000] {processor.py:161} INFO - Started process (PID=165) to work on /opt/airflow/dags/simple_insert_movies.py
[2024-05-01T14:12:20.123+0000] {processor.py:830} INFO - Processing file /opt/airflow/dags/simple_insert_movies.py for tasks to queue
[2024-05-01T14:12:20.130+0000] {logging_mixin.py:188} INFO - [2024-05-01T14:12:20.126+0000] {dagbag.py:540} INFO - Filling up the DagBag from /opt/airflow/dags/simple_insert_movies.py
[2024-05-01T14:12:20.234+0000] {processor.py:840} INFO - DAG(s) 'movie_night' retrieved from /opt/airflow/dags/simple_insert_movies.py
[2024-05-01T14:12:20.306+0000] {logging_mixin.py:188} INFO - [2024-05-01T14:12:20.306+0000] {dag.py:3047} INFO - Sync 1 DAGs
[2024-05-01T14:12:20.371+0000] {logging_mixin.py:188} INFO - [2024-05-01T14:12:20.370+0000] {dag.py:3834} INFO - Setting next_dagrun for movie_night to None, run_after=None
[2024-05-01T14:12:20.418+0000] {processor.py:183} INFO - Processing /opt/airflow/dags/simple_insert_movies.py took 0.307 seconds
[2024-05-01T14:12:50.900+0000] {processor.py:161} INFO - Started process (PID=177) to work on /opt/airflow/dags/simple_insert_movies.py
[2024-05-01T14:12:50.902+0000] {processor.py:830} INFO - Processing file /opt/airflow/dags/simple_insert_movies.py for tasks to queue
[2024-05-01T14:12:50.907+0000] {logging_mixin.py:188} INFO - [2024-05-01T14:12:50.906+0000] {dagbag.py:540} INFO - Filling up the DagBag from /opt/airflow/dags/simple_insert_movies.py
[2024-05-01T14:12:50.964+0000] {processor.py:840} INFO - DAG(s) 'movie_night' retrieved from /opt/airflow/dags/simple_insert_movies.py
[2024-05-01T14:12:51.014+0000] {logging_mixin.py:188} INFO - [2024-05-01T14:12:51.014+0000] {dag.py:3047} INFO - Sync 1 DAGs
[2024-05-01T14:12:51.053+0000] {logging_mixin.py:188} INFO - [2024-05-01T14:12:51.053+0000] {dag.py:3834} INFO - Setting next_dagrun for movie_night to None, run_after=None
[2024-05-01T14:12:51.118+0000] {processor.py:183} INFO - Processing /opt/airflow/dags/simple_insert_movies.py took 0.226 seconds
[2024-05-01T14:13:21.675+0000] {processor.py:161} INFO - Started process (PID=189) to work on /opt/airflow/dags/simple_insert_movies.py
[2024-05-01T14:13:21.678+0000] {processor.py:830} INFO - Processing file /opt/airflow/dags/simple_insert_movies.py for tasks to queue
[2024-05-01T14:13:21.683+0000] {logging_mixin.py:188} INFO - [2024-05-01T14:13:21.682+0000] {dagbag.py:540} INFO - Filling up the DagBag from /opt/airflow/dags/simple_insert_movies.py
[2024-05-01T14:13:21.735+0000] {processor.py:840} INFO - DAG(s) 'movie_night' retrieved from /opt/airflow/dags/simple_insert_movies.py
[2024-05-01T14:13:21.797+0000] {logging_mixin.py:188} INFO - [2024-05-01T14:13:21.796+0000] {dag.py:3047} INFO - Sync 1 DAGs
[2024-05-01T14:13:21.845+0000] {logging_mixin.py:188} INFO - [2024-05-01T14:13:21.844+0000] {dag.py:3834} INFO - Setting next_dagrun for movie_night to None, run_after=None
[2024-05-01T14:13:21.894+0000] {processor.py:183} INFO - Processing /opt/airflow/dags/simple_insert_movies.py took 0.227 seconds
[2024-05-01T14:13:52.457+0000] {processor.py:161} INFO - Started process (PID=200) to work on /opt/airflow/dags/simple_insert_movies.py
[2024-05-01T14:13:52.460+0000] {processor.py:830} INFO - Processing file /opt/airflow/dags/simple_insert_movies.py for tasks to queue
[2024-05-01T14:13:52.464+0000] {logging_mixin.py:188} INFO - [2024-05-01T14:13:52.463+0000] {dagbag.py:540} INFO - Filling up the DagBag from /opt/airflow/dags/simple_insert_movies.py
[2024-05-01T14:13:52.513+0000] {processor.py:840} INFO - DAG(s) 'movie_night' retrieved from /opt/airflow/dags/simple_insert_movies.py
[2024-05-01T14:13:52.558+0000] {logging_mixin.py:188} INFO - [2024-05-01T14:13:52.558+0000] {dag.py:3047} INFO - Sync 1 DAGs
[2024-05-01T14:13:52.595+0000] {logging_mixin.py:188} INFO - [2024-05-01T14:13:52.595+0000] {dag.py:3834} INFO - Setting next_dagrun for movie_night to None, run_after=None
[2024-05-01T14:13:52.629+0000] {processor.py:183} INFO - Processing /opt/airflow/dags/simple_insert_movies.py took 0.178 seconds
[2024-05-01T14:14:22.803+0000] {processor.py:161} INFO - Started process (PID=212) to work on /opt/airflow/dags/simple_insert_movies.py
[2024-05-01T14:14:22.805+0000] {processor.py:830} INFO - Processing file /opt/airflow/dags/simple_insert_movies.py for tasks to queue
[2024-05-01T14:14:22.809+0000] {logging_mixin.py:188} INFO - [2024-05-01T14:14:22.808+0000] {dagbag.py:540} INFO - Filling up the DagBag from /opt/airflow/dags/simple_insert_movies.py
[2024-05-01T14:14:22.858+0000] {processor.py:840} INFO - DAG(s) 'movie_night' retrieved from /opt/airflow/dags/simple_insert_movies.py
[2024-05-01T14:14:22.900+0000] {logging_mixin.py:188} INFO - [2024-05-01T14:14:22.900+0000] {dag.py:3047} INFO - Sync 1 DAGs
[2024-05-01T14:14:22.946+0000] {logging_mixin.py:188} INFO - [2024-05-01T14:14:22.946+0000] {dag.py:3834} INFO - Setting next_dagrun for movie_night to None, run_after=None
[2024-05-01T14:14:22.988+0000] {processor.py:183} INFO - Processing /opt/airflow/dags/simple_insert_movies.py took 0.191 seconds
[2024-05-01T14:14:53.318+0000] {processor.py:161} INFO - Started process (PID=224) to work on /opt/airflow/dags/simple_insert_movies.py
[2024-05-01T14:14:53.321+0000] {processor.py:830} INFO - Processing file /opt/airflow/dags/simple_insert_movies.py for tasks to queue
[2024-05-01T14:14:53.327+0000] {logging_mixin.py:188} INFO - [2024-05-01T14:14:53.326+0000] {dagbag.py:540} INFO - Filling up the DagBag from /opt/airflow/dags/simple_insert_movies.py
[2024-05-01T14:14:53.399+0000] {processor.py:840} INFO - DAG(s) 'movie_night' retrieved from /opt/airflow/dags/simple_insert_movies.py
[2024-05-01T14:14:53.441+0000] {logging_mixin.py:188} INFO - [2024-05-01T14:14:53.440+0000] {dag.py:3047} INFO - Sync 1 DAGs
[2024-05-01T14:14:53.476+0000] {logging_mixin.py:188} INFO - [2024-05-01T14:14:53.476+0000] {dag.py:3834} INFO - Setting next_dagrun for movie_night to None, run_after=None
[2024-05-01T14:14:53.508+0000] {processor.py:183} INFO - Processing /opt/airflow/dags/simple_insert_movies.py took 0.214 seconds
[2024-05-01T14:15:24.024+0000] {processor.py:161} INFO - Started process (PID=235) to work on /opt/airflow/dags/simple_insert_movies.py
[2024-05-01T14:15:24.031+0000] {processor.py:830} INFO - Processing file /opt/airflow/dags/simple_insert_movies.py for tasks to queue
[2024-05-01T14:15:24.038+0000] {logging_mixin.py:188} INFO - [2024-05-01T14:15:24.035+0000] {dagbag.py:540} INFO - Filling up the DagBag from /opt/airflow/dags/simple_insert_movies.py
[2024-05-01T14:15:24.128+0000] {processor.py:840} INFO - DAG(s) 'movie_night' retrieved from /opt/airflow/dags/simple_insert_movies.py
[2024-05-01T14:15:24.230+0000] {logging_mixin.py:188} INFO - [2024-05-01T14:15:24.229+0000] {dag.py:3047} INFO - Sync 1 DAGs
[2024-05-01T14:15:24.300+0000] {logging_mixin.py:188} INFO - [2024-05-01T14:15:24.300+0000] {dag.py:3834} INFO - Setting next_dagrun for movie_night to None, run_after=None
[2024-05-01T14:15:24.380+0000] {processor.py:183} INFO - Processing /opt/airflow/dags/simple_insert_movies.py took 0.372 seconds
[2024-05-01T14:15:54.605+0000] {processor.py:161} INFO - Started process (PID=246) to work on /opt/airflow/dags/simple_insert_movies.py
[2024-05-01T14:15:54.608+0000] {processor.py:830} INFO - Processing file /opt/airflow/dags/simple_insert_movies.py for tasks to queue
[2024-05-01T14:15:54.613+0000] {logging_mixin.py:188} INFO - [2024-05-01T14:15:54.612+0000] {dagbag.py:540} INFO - Filling up the DagBag from /opt/airflow/dags/simple_insert_movies.py
[2024-05-01T14:15:54.678+0000] {processor.py:840} INFO - DAG(s) 'movie_night' retrieved from /opt/airflow/dags/simple_insert_movies.py
[2024-05-01T14:15:54.740+0000] {logging_mixin.py:188} INFO - [2024-05-01T14:15:54.740+0000] {dag.py:3047} INFO - Sync 1 DAGs
[2024-05-01T14:15:54.802+0000] {logging_mixin.py:188} INFO - [2024-05-01T14:15:54.801+0000] {dag.py:3834} INFO - Setting next_dagrun for movie_night to None, run_after=None
[2024-05-01T14:15:54.847+0000] {processor.py:183} INFO - Processing /opt/airflow/dags/simple_insert_movies.py took 0.250 seconds
[2024-05-01T14:16:25.196+0000] {processor.py:161} INFO - Started process (PID=258) to work on /opt/airflow/dags/simple_insert_movies.py
[2024-05-01T14:16:25.199+0000] {processor.py:830} INFO - Processing file /opt/airflow/dags/simple_insert_movies.py for tasks to queue
[2024-05-01T14:16:25.204+0000] {logging_mixin.py:188} INFO - [2024-05-01T14:16:25.203+0000] {dagbag.py:540} INFO - Filling up the DagBag from /opt/airflow/dags/simple_insert_movies.py
[2024-05-01T14:16:25.293+0000] {processor.py:840} INFO - DAG(s) 'movie_night' retrieved from /opt/airflow/dags/simple_insert_movies.py
[2024-05-01T14:16:25.380+0000] {logging_mixin.py:188} INFO - [2024-05-01T14:16:25.379+0000] {dag.py:3047} INFO - Sync 1 DAGs
[2024-05-01T14:16:25.456+0000] {logging_mixin.py:188} INFO - [2024-05-01T14:16:25.455+0000] {dag.py:3834} INFO - Setting next_dagrun for movie_night to None, run_after=None
[2024-05-01T14:16:25.510+0000] {processor.py:183} INFO - Processing /opt/airflow/dags/simple_insert_movies.py took 0.325 seconds
[2024-05-01T14:16:56.077+0000] {processor.py:161} INFO - Started process (PID=270) to work on /opt/airflow/dags/simple_insert_movies.py
[2024-05-01T14:16:56.080+0000] {processor.py:830} INFO - Processing file /opt/airflow/dags/simple_insert_movies.py for tasks to queue
[2024-05-01T14:16:56.084+0000] {logging_mixin.py:188} INFO - [2024-05-01T14:16:56.083+0000] {dagbag.py:540} INFO - Filling up the DagBag from /opt/airflow/dags/simple_insert_movies.py
[2024-05-01T14:16:56.154+0000] {processor.py:840} INFO - DAG(s) 'movie_night' retrieved from /opt/airflow/dags/simple_insert_movies.py
[2024-05-01T14:16:56.198+0000] {logging_mixin.py:188} INFO - [2024-05-01T14:16:56.198+0000] {dag.py:3047} INFO - Sync 1 DAGs
[2024-05-01T14:16:56.235+0000] {logging_mixin.py:188} INFO - [2024-05-01T14:16:56.234+0000] {dag.py:3834} INFO - Setting next_dagrun for movie_night to None, run_after=None
[2024-05-01T14:16:56.269+0000] {processor.py:183} INFO - Processing /opt/airflow/dags/simple_insert_movies.py took 0.197 seconds
[2024-05-01T14:17:27.181+0000] {processor.py:161} INFO - Started process (PID=282) to work on /opt/airflow/dags/simple_insert_movies.py
[2024-05-01T14:17:27.183+0000] {processor.py:830} INFO - Processing file /opt/airflow/dags/simple_insert_movies.py for tasks to queue
[2024-05-01T14:17:27.188+0000] {logging_mixin.py:188} INFO - [2024-05-01T14:17:27.187+0000] {dagbag.py:540} INFO - Filling up the DagBag from /opt/airflow/dags/simple_insert_movies.py
[2024-05-01T14:17:27.246+0000] {processor.py:840} INFO - DAG(s) 'movie_night' retrieved from /opt/airflow/dags/simple_insert_movies.py
[2024-05-01T14:17:27.295+0000] {logging_mixin.py:188} INFO - [2024-05-01T14:17:27.294+0000] {dag.py:3047} INFO - Sync 1 DAGs
[2024-05-01T14:17:27.357+0000] {logging_mixin.py:188} INFO - [2024-05-01T14:17:27.357+0000] {dag.py:3834} INFO - Setting next_dagrun for movie_night to None, run_after=None
[2024-05-01T14:17:27.388+0000] {processor.py:183} INFO - Processing /opt/airflow/dags/simple_insert_movies.py took 0.216 seconds
[2024-05-01T14:17:57.551+0000] {processor.py:161} INFO - Started process (PID=293) to work on /opt/airflow/dags/simple_insert_movies.py
[2024-05-01T14:17:57.553+0000] {processor.py:830} INFO - Processing file /opt/airflow/dags/simple_insert_movies.py for tasks to queue
[2024-05-01T14:17:57.558+0000] {logging_mixin.py:188} INFO - [2024-05-01T14:17:57.557+0000] {dagbag.py:540} INFO - Filling up the DagBag from /opt/airflow/dags/simple_insert_movies.py
[2024-05-01T14:17:57.613+0000] {processor.py:840} INFO - DAG(s) 'movie_night' retrieved from /opt/airflow/dags/simple_insert_movies.py
[2024-05-01T14:17:57.665+0000] {logging_mixin.py:188} INFO - [2024-05-01T14:17:57.665+0000] {dag.py:3047} INFO - Sync 1 DAGs
[2024-05-01T14:17:57.710+0000] {logging_mixin.py:188} INFO - [2024-05-01T14:17:57.710+0000] {dag.py:3834} INFO - Setting next_dagrun for movie_night to None, run_after=None
[2024-05-01T14:17:57.754+0000] {processor.py:183} INFO - Processing /opt/airflow/dags/simple_insert_movies.py took 0.209 seconds
[2024-05-01T14:18:28.382+0000] {processor.py:161} INFO - Started process (PID=304) to work on /opt/airflow/dags/simple_insert_movies.py
[2024-05-01T14:18:28.385+0000] {processor.py:830} INFO - Processing file /opt/airflow/dags/simple_insert_movies.py for tasks to queue
[2024-05-01T14:18:28.390+0000] {logging_mixin.py:188} INFO - [2024-05-01T14:18:28.389+0000] {dagbag.py:540} INFO - Filling up the DagBag from /opt/airflow/dags/simple_insert_movies.py
[2024-05-01T14:18:28.445+0000] {processor.py:840} INFO - DAG(s) 'movie_night' retrieved from /opt/airflow/dags/simple_insert_movies.py
[2024-05-01T14:18:28.489+0000] {logging_mixin.py:188} INFO - [2024-05-01T14:18:28.488+0000] {dag.py:3047} INFO - Sync 1 DAGs
[2024-05-01T14:18:28.535+0000] {logging_mixin.py:188} INFO - [2024-05-01T14:18:28.535+0000] {dag.py:3834} INFO - Setting next_dagrun for movie_night to None, run_after=None
[2024-05-01T14:18:28.575+0000] {processor.py:183} INFO - Processing /opt/airflow/dags/simple_insert_movies.py took 0.204 seconds
[2024-05-01T14:18:59.401+0000] {processor.py:161} INFO - Started process (PID=316) to work on /opt/airflow/dags/simple_insert_movies.py
[2024-05-01T14:18:59.405+0000] {processor.py:830} INFO - Processing file /opt/airflow/dags/simple_insert_movies.py for tasks to queue
[2024-05-01T14:18:59.411+0000] {logging_mixin.py:188} INFO - [2024-05-01T14:18:59.410+0000] {dagbag.py:540} INFO - Filling up the DagBag from /opt/airflow/dags/simple_insert_movies.py
[2024-05-01T14:18:59.470+0000] {processor.py:840} INFO - DAG(s) 'movie_night' retrieved from /opt/airflow/dags/simple_insert_movies.py
[2024-05-01T14:18:59.521+0000] {logging_mixin.py:188} INFO - [2024-05-01T14:18:59.520+0000] {dag.py:3047} INFO - Sync 1 DAGs
[2024-05-01T14:18:59.571+0000] {logging_mixin.py:188} INFO - [2024-05-01T14:18:59.571+0000] {dag.py:3834} INFO - Setting next_dagrun for movie_night to None, run_after=None
[2024-05-01T14:18:59.608+0000] {processor.py:183} INFO - Processing /opt/airflow/dags/simple_insert_movies.py took 0.219 seconds
[2024-05-01T14:19:30.128+0000] {processor.py:161} INFO - Started process (PID=328) to work on /opt/airflow/dags/simple_insert_movies.py
[2024-05-01T14:19:30.131+0000] {processor.py:830} INFO - Processing file /opt/airflow/dags/simple_insert_movies.py for tasks to queue
[2024-05-01T14:19:30.135+0000] {logging_mixin.py:188} INFO - [2024-05-01T14:19:30.134+0000] {dagbag.py:540} INFO - Filling up the DagBag from /opt/airflow/dags/simple_insert_movies.py
[2024-05-01T14:19:30.192+0000] {processor.py:840} INFO - DAG(s) 'movie_night' retrieved from /opt/airflow/dags/simple_insert_movies.py
[2024-05-01T14:19:30.242+0000] {logging_mixin.py:188} INFO - [2024-05-01T14:19:30.242+0000] {dag.py:3047} INFO - Sync 1 DAGs
[2024-05-01T14:19:30.290+0000] {logging_mixin.py:188} INFO - [2024-05-01T14:19:30.290+0000] {dag.py:3834} INFO - Setting next_dagrun for movie_night to None, run_after=None
[2024-05-01T14:19:30.329+0000] {processor.py:183} INFO - Processing /opt/airflow/dags/simple_insert_movies.py took 0.208 seconds
[2024-05-01T14:20:00.741+0000] {processor.py:161} INFO - Started process (PID=340) to work on /opt/airflow/dags/simple_insert_movies.py
[2024-05-01T14:20:00.744+0000] {processor.py:830} INFO - Processing file /opt/airflow/dags/simple_insert_movies.py for tasks to queue
[2024-05-01T14:20:00.795+0000] {logging_mixin.py:188} INFO - [2024-05-01T14:20:00.794+0000] {dagbag.py:540} INFO - Filling up the DagBag from /opt/airflow/dags/simple_insert_movies.py
[2024-05-01T14:20:00.887+0000] {processor.py:840} INFO - DAG(s) 'movie_night' retrieved from /opt/airflow/dags/simple_insert_movies.py
[2024-05-01T14:20:00.988+0000] {logging_mixin.py:188} INFO - [2024-05-01T14:20:00.988+0000] {dag.py:3047} INFO - Sync 1 DAGs
[2024-05-01T14:20:01.119+0000] {logging_mixin.py:188} INFO - [2024-05-01T14:20:01.115+0000] {dag.py:3834} INFO - Setting next_dagrun for movie_night to None, run_after=None
[2024-05-01T14:20:01.192+0000] {processor.py:183} INFO - Processing /opt/airflow/dags/simple_insert_movies.py took 0.473 seconds
[2024-05-01T14:20:32.275+0000] {processor.py:161} INFO - Started process (PID=352) to work on /opt/airflow/dags/simple_insert_movies.py
[2024-05-01T14:20:32.277+0000] {processor.py:830} INFO - Processing file /opt/airflow/dags/simple_insert_movies.py for tasks to queue
[2024-05-01T14:20:32.281+0000] {logging_mixin.py:188} INFO - [2024-05-01T14:20:32.280+0000] {dagbag.py:540} INFO - Filling up the DagBag from /opt/airflow/dags/simple_insert_movies.py
[2024-05-01T14:20:32.325+0000] {processor.py:840} INFO - DAG(s) 'movie_night' retrieved from /opt/airflow/dags/simple_insert_movies.py
[2024-05-01T14:20:32.369+0000] {logging_mixin.py:188} INFO - [2024-05-01T14:20:32.369+0000] {dag.py:3047} INFO - Sync 1 DAGs
[2024-05-01T14:20:32.412+0000] {logging_mixin.py:188} INFO - [2024-05-01T14:20:32.412+0000] {dag.py:3834} INFO - Setting next_dagrun for movie_night to None, run_after=None
[2024-05-01T14:20:32.444+0000] {processor.py:183} INFO - Processing /opt/airflow/dags/simple_insert_movies.py took 0.174 seconds
[2024-05-01T14:21:02.986+0000] {processor.py:161} INFO - Started process (PID=365) to work on /opt/airflow/dags/simple_insert_movies.py
[2024-05-01T14:21:02.988+0000] {processor.py:830} INFO - Processing file /opt/airflow/dags/simple_insert_movies.py for tasks to queue
[2024-05-01T14:21:02.994+0000] {logging_mixin.py:188} INFO - [2024-05-01T14:21:02.994+0000] {dagbag.py:540} INFO - Filling up the DagBag from /opt/airflow/dags/simple_insert_movies.py
[2024-05-01T14:21:03.052+0000] {processor.py:840} INFO - DAG(s) 'movie_night' retrieved from /opt/airflow/dags/simple_insert_movies.py
[2024-05-01T14:21:03.113+0000] {logging_mixin.py:188} INFO - [2024-05-01T14:21:03.112+0000] {dag.py:3047} INFO - Sync 1 DAGs
[2024-05-01T14:21:03.176+0000] {logging_mixin.py:188} INFO - [2024-05-01T14:21:03.175+0000] {dag.py:3834} INFO - Setting next_dagrun for movie_night to None, run_after=None
[2024-05-01T14:21:03.212+0000] {processor.py:183} INFO - Processing /opt/airflow/dags/simple_insert_movies.py took 0.231 seconds
[2024-05-01T14:21:33.715+0000] {processor.py:161} INFO - Started process (PID=377) to work on /opt/airflow/dags/simple_insert_movies.py
[2024-05-01T14:21:33.717+0000] {processor.py:830} INFO - Processing file /opt/airflow/dags/simple_insert_movies.py for tasks to queue
[2024-05-01T14:21:33.721+0000] {logging_mixin.py:188} INFO - [2024-05-01T14:21:33.720+0000] {dagbag.py:540} INFO - Filling up the DagBag from /opt/airflow/dags/simple_insert_movies.py
[2024-05-01T14:21:33.778+0000] {processor.py:840} INFO - DAG(s) 'movie_night' retrieved from /opt/airflow/dags/simple_insert_movies.py
[2024-05-01T14:21:33.844+0000] {logging_mixin.py:188} INFO - [2024-05-01T14:21:33.843+0000] {dag.py:3047} INFO - Sync 1 DAGs
[2024-05-01T14:21:33.883+0000] {logging_mixin.py:188} INFO - [2024-05-01T14:21:33.883+0000] {dag.py:3834} INFO - Setting next_dagrun for movie_night to None, run_after=None
[2024-05-01T14:21:33.925+0000] {processor.py:183} INFO - Processing /opt/airflow/dags/simple_insert_movies.py took 0.216 seconds
[2024-05-01T14:22:04.228+0000] {processor.py:161} INFO - Started process (PID=389) to work on /opt/airflow/dags/simple_insert_movies.py
[2024-05-01T14:22:04.230+0000] {processor.py:830} INFO - Processing file /opt/airflow/dags/simple_insert_movies.py for tasks to queue
[2024-05-01T14:22:04.235+0000] {logging_mixin.py:188} INFO - [2024-05-01T14:22:04.233+0000] {dagbag.py:540} INFO - Filling up the DagBag from /opt/airflow/dags/simple_insert_movies.py
[2024-05-01T14:22:04.300+0000] {processor.py:840} INFO - DAG(s) 'movie_night' retrieved from /opt/airflow/dags/simple_insert_movies.py
[2024-05-01T14:22:04.359+0000] {logging_mixin.py:188} INFO - [2024-05-01T14:22:04.358+0000] {dag.py:3047} INFO - Sync 1 DAGs
[2024-05-01T14:22:04.442+0000] {logging_mixin.py:188} INFO - [2024-05-01T14:22:04.441+0000] {dag.py:3834} INFO - Setting next_dagrun for movie_night to None, run_after=None
[2024-05-01T14:22:04.543+0000] {processor.py:183} INFO - Processing /opt/airflow/dags/simple_insert_movies.py took 0.323 seconds
[2024-05-01T14:22:35.217+0000] {processor.py:161} INFO - Started process (PID=401) to work on /opt/airflow/dags/simple_insert_movies.py
[2024-05-01T14:22:35.220+0000] {processor.py:830} INFO - Processing file /opt/airflow/dags/simple_insert_movies.py for tasks to queue
[2024-05-01T14:22:35.225+0000] {logging_mixin.py:188} INFO - [2024-05-01T14:22:35.224+0000] {dagbag.py:540} INFO - Filling up the DagBag from /opt/airflow/dags/simple_insert_movies.py
[2024-05-01T14:22:35.297+0000] {processor.py:840} INFO - DAG(s) 'movie_night' retrieved from /opt/airflow/dags/simple_insert_movies.py
[2024-05-01T14:22:35.351+0000] {logging_mixin.py:188} INFO - [2024-05-01T14:22:35.351+0000] {dag.py:3047} INFO - Sync 1 DAGs
[2024-05-01T14:22:35.392+0000] {logging_mixin.py:188} INFO - [2024-05-01T14:22:35.392+0000] {dag.py:3834} INFO - Setting next_dagrun for movie_night to None, run_after=None
[2024-05-01T14:22:35.433+0000] {processor.py:183} INFO - Processing /opt/airflow/dags/simple_insert_movies.py took 0.223 seconds
[2024-05-01T14:23:06.312+0000] {processor.py:161} INFO - Started process (PID=413) to work on /opt/airflow/dags/simple_insert_movies.py
[2024-05-01T14:23:06.329+0000] {processor.py:830} INFO - Processing file /opt/airflow/dags/simple_insert_movies.py for tasks to queue
[2024-05-01T14:23:06.341+0000] {logging_mixin.py:188} INFO - [2024-05-01T14:23:06.336+0000] {dagbag.py:540} INFO - Filling up the DagBag from /opt/airflow/dags/simple_insert_movies.py
[2024-05-01T14:23:07.644+0000] {processor.py:840} INFO - DAG(s) 'movie_night' retrieved from /opt/airflow/dags/simple_insert_movies.py
[2024-05-01T14:23:07.874+0000] {logging_mixin.py:188} INFO - [2024-05-01T14:23:07.873+0000] {dag.py:3047} INFO - Sync 1 DAGs
[2024-05-01T14:23:08.645+0000] {logging_mixin.py:188} INFO - [2024-05-01T14:23:08.634+0000] {dag.py:3834} INFO - Setting next_dagrun for movie_night to None, run_after=None
[2024-05-01T14:23:10.298+0000] {processor.py:183} INFO - Processing /opt/airflow/dags/simple_insert_movies.py took 3.795 seconds
[2024-05-01T14:23:41.609+0000] {processor.py:161} INFO - Started process (PID=427) to work on /opt/airflow/dags/simple_insert_movies.py
[2024-05-01T14:23:41.624+0000] {processor.py:830} INFO - Processing file /opt/airflow/dags/simple_insert_movies.py for tasks to queue
[2024-05-01T14:23:41.636+0000] {logging_mixin.py:188} INFO - [2024-05-01T14:23:41.630+0000] {dagbag.py:540} INFO - Filling up the DagBag from /opt/airflow/dags/simple_insert_movies.py
[2024-05-01T14:23:41.897+0000] {processor.py:840} INFO - DAG(s) 'movie_night' retrieved from /opt/airflow/dags/simple_insert_movies.py
[2024-05-01T14:23:42.068+0000] {logging_mixin.py:188} INFO - [2024-05-01T14:23:42.068+0000] {dag.py:3047} INFO - Sync 1 DAGs
[2024-05-01T14:23:42.214+0000] {logging_mixin.py:188} INFO - [2024-05-01T14:23:42.214+0000] {dag.py:3834} INFO - Setting next_dagrun for movie_night to None, run_after=None
[2024-05-01T14:23:42.328+0000] {processor.py:183} INFO - Processing /opt/airflow/dags/simple_insert_movies.py took 0.732 seconds
[2024-05-01T14:24:12.693+0000] {processor.py:161} INFO - Started process (PID=439) to work on /opt/airflow/dags/simple_insert_movies.py
[2024-05-01T14:24:12.695+0000] {processor.py:830} INFO - Processing file /opt/airflow/dags/simple_insert_movies.py for tasks to queue
[2024-05-01T14:24:12.710+0000] {logging_mixin.py:188} INFO - [2024-05-01T14:24:12.709+0000] {dagbag.py:540} INFO - Filling up the DagBag from /opt/airflow/dags/simple_insert_movies.py
[2024-05-01T14:24:12.872+0000] {processor.py:840} INFO - DAG(s) 'movie_night' retrieved from /opt/airflow/dags/simple_insert_movies.py
[2024-05-01T14:24:13.000+0000] {logging_mixin.py:188} INFO - [2024-05-01T14:24:13.000+0000] {dag.py:3047} INFO - Sync 1 DAGs
[2024-05-01T14:24:13.141+0000] {logging_mixin.py:188} INFO - [2024-05-01T14:24:13.140+0000] {dag.py:3834} INFO - Setting next_dagrun for movie_night to None, run_after=None
[2024-05-01T14:24:13.238+0000] {processor.py:183} INFO - Processing /opt/airflow/dags/simple_insert_movies.py took 0.563 seconds
[2024-05-01T14:24:43.755+0000] {processor.py:161} INFO - Started process (PID=450) to work on /opt/airflow/dags/simple_insert_movies.py
[2024-05-01T14:24:43.758+0000] {processor.py:830} INFO - Processing file /opt/airflow/dags/simple_insert_movies.py for tasks to queue
[2024-05-01T14:24:43.771+0000] {logging_mixin.py:188} INFO - [2024-05-01T14:24:43.771+0000] {dagbag.py:540} INFO - Filling up the DagBag from /opt/airflow/dags/simple_insert_movies.py
[2024-05-01T14:24:43.923+0000] {processor.py:840} INFO - DAG(s) 'movie_night' retrieved from /opt/airflow/dags/simple_insert_movies.py
[2024-05-01T14:24:44.154+0000] {logging_mixin.py:188} INFO - [2024-05-01T14:24:44.142+0000] {dag.py:3047} INFO - Sync 1 DAGs
[2024-05-01T14:24:44.362+0000] {logging_mixin.py:188} INFO - [2024-05-01T14:24:44.361+0000] {dag.py:3834} INFO - Setting next_dagrun for movie_night to None, run_after=None
[2024-05-01T14:24:44.505+0000] {processor.py:183} INFO - Processing /opt/airflow/dags/simple_insert_movies.py took 0.770 seconds
[2024-05-01T14:25:14.948+0000] {processor.py:161} INFO - Started process (PID=462) to work on /opt/airflow/dags/simple_insert_movies.py
[2024-05-01T14:25:14.959+0000] {processor.py:830} INFO - Processing file /opt/airflow/dags/simple_insert_movies.py for tasks to queue
[2024-05-01T14:25:14.966+0000] {logging_mixin.py:188} INFO - [2024-05-01T14:25:14.965+0000] {dagbag.py:540} INFO - Filling up the DagBag from /opt/airflow/dags/simple_insert_movies.py
[2024-05-01T14:25:15.127+0000] {processor.py:840} INFO - DAG(s) 'movie_night' retrieved from /opt/airflow/dags/simple_insert_movies.py
[2024-05-01T14:25:15.402+0000] {logging_mixin.py:188} INFO - [2024-05-01T14:25:15.402+0000] {dag.py:3047} INFO - Sync 1 DAGs
[2024-05-01T14:25:15.553+0000] {logging_mixin.py:188} INFO - [2024-05-01T14:25:15.552+0000] {dag.py:3834} INFO - Setting next_dagrun for movie_night to None, run_after=None
[2024-05-01T14:25:15.630+0000] {processor.py:183} INFO - Processing /opt/airflow/dags/simple_insert_movies.py took 0.696 seconds
[2024-05-01T14:25:45.788+0000] {processor.py:161} INFO - Started process (PID=472) to work on /opt/airflow/dags/simple_insert_movies.py
[2024-05-01T14:25:45.791+0000] {processor.py:830} INFO - Processing file /opt/airflow/dags/simple_insert_movies.py for tasks to queue
[2024-05-01T14:25:45.795+0000] {logging_mixin.py:188} INFO - [2024-05-01T14:25:45.794+0000] {dagbag.py:540} INFO - Filling up the DagBag from /opt/airflow/dags/simple_insert_movies.py
[2024-05-01T14:25:45.858+0000] {processor.py:840} INFO - DAG(s) 'movie_night' retrieved from /opt/airflow/dags/simple_insert_movies.py
[2024-05-01T14:25:45.919+0000] {logging_mixin.py:188} INFO - [2024-05-01T14:25:45.919+0000] {dag.py:3047} INFO - Sync 1 DAGs
[2024-05-01T14:25:45.975+0000] {logging_mixin.py:188} INFO - [2024-05-01T14:25:45.975+0000] {dag.py:3834} INFO - Setting next_dagrun for movie_night to None, run_after=None
[2024-05-01T14:25:46.043+0000] {processor.py:183} INFO - Processing /opt/airflow/dags/simple_insert_movies.py took 0.262 seconds
[2024-05-01T14:26:16.323+0000] {processor.py:161} INFO - Started process (PID=485) to work on /opt/airflow/dags/simple_insert_movies.py
[2024-05-01T14:26:16.325+0000] {processor.py:830} INFO - Processing file /opt/airflow/dags/simple_insert_movies.py for tasks to queue
[2024-05-01T14:26:16.329+0000] {logging_mixin.py:188} INFO - [2024-05-01T14:26:16.328+0000] {dagbag.py:540} INFO - Filling up the DagBag from /opt/airflow/dags/simple_insert_movies.py
[2024-05-01T14:26:16.383+0000] {processor.py:840} INFO - DAG(s) 'movie_night' retrieved from /opt/airflow/dags/simple_insert_movies.py
[2024-05-01T14:26:16.423+0000] {logging_mixin.py:188} INFO - [2024-05-01T14:26:16.423+0000] {dag.py:3047} INFO - Sync 1 DAGs
[2024-05-01T14:26:16.460+0000] {logging_mixin.py:188} INFO - [2024-05-01T14:26:16.460+0000] {dag.py:3834} INFO - Setting next_dagrun for movie_night to None, run_after=None
[2024-05-01T14:26:16.498+0000] {processor.py:183} INFO - Processing /opt/airflow/dags/simple_insert_movies.py took 0.181 seconds
[2024-05-01T14:26:47.011+0000] {processor.py:161} INFO - Started process (PID=497) to work on /opt/airflow/dags/simple_insert_movies.py
[2024-05-01T14:26:47.012+0000] {processor.py:830} INFO - Processing file /opt/airflow/dags/simple_insert_movies.py for tasks to queue
[2024-05-01T14:26:47.015+0000] {logging_mixin.py:188} INFO - [2024-05-01T14:26:47.015+0000] {dagbag.py:540} INFO - Filling up the DagBag from /opt/airflow/dags/simple_insert_movies.py
[2024-05-01T14:26:47.060+0000] {processor.py:840} INFO - DAG(s) 'movie_night' retrieved from /opt/airflow/dags/simple_insert_movies.py
[2024-05-01T14:26:47.095+0000] {logging_mixin.py:188} INFO - [2024-05-01T14:26:47.095+0000] {dag.py:3047} INFO - Sync 1 DAGs
[2024-05-01T14:26:47.125+0000] {logging_mixin.py:188} INFO - [2024-05-01T14:26:47.125+0000] {dag.py:3834} INFO - Setting next_dagrun for movie_night to None, run_after=None
[2024-05-01T14:26:47.154+0000] {processor.py:183} INFO - Processing /opt/airflow/dags/simple_insert_movies.py took 0.150 seconds
[2024-05-01T14:27:17.579+0000] {processor.py:161} INFO - Started process (PID=510) to work on /opt/airflow/dags/simple_insert_movies.py
[2024-05-01T14:27:17.580+0000] {processor.py:830} INFO - Processing file /opt/airflow/dags/simple_insert_movies.py for tasks to queue
[2024-05-01T14:27:17.582+0000] {logging_mixin.py:188} INFO - [2024-05-01T14:27:17.582+0000] {dagbag.py:540} INFO - Filling up the DagBag from /opt/airflow/dags/simple_insert_movies.py
[2024-05-01T14:27:17.623+0000] {processor.py:840} INFO - DAG(s) 'movie_night' retrieved from /opt/airflow/dags/simple_insert_movies.py
[2024-05-01T14:27:17.656+0000] {logging_mixin.py:188} INFO - [2024-05-01T14:27:17.656+0000] {dag.py:3047} INFO - Sync 1 DAGs
[2024-05-01T14:27:17.690+0000] {logging_mixin.py:188} INFO - [2024-05-01T14:27:17.690+0000] {dag.py:3834} INFO - Setting next_dagrun for movie_night to None, run_after=None
[2024-05-01T14:27:17.718+0000] {processor.py:183} INFO - Processing /opt/airflow/dags/simple_insert_movies.py took 0.145 seconds
