[2024-04-14T08:53:58.545+0000] {taskinstance.py:1979} INFO - Dependencies all met for dep_context=non-requeueable deps ti=<TaskInstance: currency_parsing.fetch_data scheduled__2024-03-02T00:00:00+00:00 [queued]>
[2024-04-14T08:53:58.610+0000] {taskinstance.py:1979} INFO - Dependencies all met for dep_context=requeueable deps ti=<TaskInstance: currency_parsing.fetch_data scheduled__2024-03-02T00:00:00+00:00 [queued]>
[2024-04-14T08:53:58.614+0000] {taskinstance.py:2193} INFO - Starting attempt 1 of 2
[2024-04-14T08:53:58.835+0000] {taskinstance.py:2214} INFO - Executing <Task(PythonOperator): fetch_data> on 2024-03-02 00:00:00+00:00
[2024-04-14T08:53:58.869+0000] {standard_task_runner.py:60} INFO - Started process 1211 to run task
[2024-04-14T08:53:58.908+0000] {standard_task_runner.py:87} INFO - Running: ['***', 'tasks', 'run', 'currency_parsing', 'fetch_data', 'scheduled__2024-03-02T00:00:00+00:00', '--job-id', '362', '--raw', '--subdir', 'DAGS_FOLDER/currency_parsing.py', '--cfg-path', '/tmp/tmpih3uzp3h']
[2024-04-14T08:53:58.927+0000] {standard_task_runner.py:88} INFO - Job 362: Subtask fetch_data
[2024-04-14T08:53:59.414+0000] {task_command.py:423} INFO - Running <TaskInstance: currency_parsing.fetch_data scheduled__2024-03-02T00:00:00+00:00 [running]> on host e8a1e0443283
[2024-04-14T08:54:00.504+0000] {taskinstance.py:2510} INFO - Exporting env vars: AIRFLOW_CTX_DAG_OWNER='***' AIRFLOW_CTX_DAG_ID='currency_parsing' AIRFLOW_CTX_TASK_ID='fetch_data' AIRFLOW_CTX_EXECUTION_DATE='2024-03-02T00:00:00+00:00' AIRFLOW_CTX_TRY_NUMBER='1' AIRFLOW_CTX_DAG_RUN_ID='scheduled__2024-03-02T00:00:00+00:00'
[2024-04-14T08:54:00.654+0000] {base.py:83} INFO - Using connection ID 'dwh' for task execution.
[2024-04-14T08:54:00.739+0000] {sql.py:572} INFO - Done loading. Loaded a total of 39 rows into currency_parsing
[2024-04-14T08:54:00.741+0000] {python.py:202} INFO - Done. Returned value was: None
[2024-04-14T08:54:00.767+0000] {taskinstance.py:1149} INFO - Marking task as SUCCESS. dag_id=currency_parsing, task_id=fetch_data, execution_date=20240302T000000, start_date=20240414T085358, end_date=20240414T085400
[2024-04-14T08:54:00.959+0000] {local_task_job_runner.py:234} INFO - Task exited with return code 0
[2024-04-14T08:54:01.002+0000] {taskinstance.py:3309} INFO - 0 downstream tasks scheduled from follow-on schedule check
[2024-04-14T10:11:20.735+0000] {taskinstance.py:1979} INFO - Dependencies all met for dep_context=non-requeueable deps ti=<TaskInstance: currency_parsing.fetch_data scheduled__2024-03-02T00:00:00+00:00 [queued]>
[2024-04-14T10:11:20.765+0000] {taskinstance.py:1979} INFO - Dependencies all met for dep_context=requeueable deps ti=<TaskInstance: currency_parsing.fetch_data scheduled__2024-03-02T00:00:00+00:00 [queued]>
[2024-04-14T10:11:20.767+0000] {taskinstance.py:2193} INFO - Starting attempt 1 of 2
[2024-04-14T10:11:20.821+0000] {taskinstance.py:2214} INFO - Executing <Task(PythonOperator): fetch_data> on 2024-03-02 00:00:00+00:00
[2024-04-14T10:11:20.844+0000] {standard_task_runner.py:60} INFO - Started process 533 to run task
[2024-04-14T10:11:20.876+0000] {standard_task_runner.py:87} INFO - Running: ['***', 'tasks', 'run', 'currency_parsing', 'fetch_data', 'scheduled__2024-03-02T00:00:00+00:00', '--job-id', '672', '--raw', '--subdir', 'DAGS_FOLDER/currency_parsing.py', '--cfg-path', '/tmp/tmpb6ek6tkw']
[2024-04-14T10:11:20.882+0000] {standard_task_runner.py:88} INFO - Job 672: Subtask fetch_data
[2024-04-14T10:11:21.095+0000] {task_command.py:423} INFO - Running <TaskInstance: currency_parsing.fetch_data scheduled__2024-03-02T00:00:00+00:00 [running]> on host 1c15aab9396c
[2024-04-14T10:11:21.980+0000] {taskinstance.py:2510} INFO - Exporting env vars: AIRFLOW_CTX_DAG_OWNER='***' AIRFLOW_CTX_DAG_ID='currency_parsing' AIRFLOW_CTX_TASK_ID='fetch_data' AIRFLOW_CTX_EXECUTION_DATE='2024-03-02T00:00:00+00:00' AIRFLOW_CTX_TRY_NUMBER='1' AIRFLOW_CTX_DAG_RUN_ID='scheduled__2024-03-02T00:00:00+00:00'
[2024-04-14T10:11:22.124+0000] {base.py:83} INFO - Using connection ID 'dwh' for task execution.
[2024-04-14T10:11:22.160+0000] {sql.py:572} INFO - Done loading. Loaded a total of 39 rows into currency_parsing
[2024-04-14T10:11:22.162+0000] {python.py:202} INFO - Done. Returned value was: None
[2024-04-14T10:11:22.191+0000] {taskinstance.py:1149} INFO - Marking task as SUCCESS. dag_id=currency_parsing, task_id=fetch_data, execution_date=20240302T000000, start_date=20240414T101120, end_date=20240414T101122
[2024-04-14T10:11:22.291+0000] {local_task_job_runner.py:234} INFO - Task exited with return code 0
[2024-04-14T10:11:22.336+0000] {taskinstance.py:3309} INFO - 0 downstream tasks scheduled from follow-on schedule check
