[2024-04-14T08:56:27.090+0000] {taskinstance.py:1979} INFO - Dependencies all met for dep_context=non-requeueable deps ti=<TaskInstance: currency_parsing.fetch_data scheduled__2024-04-03T00:00:00+00:00 [queued]>
[2024-04-14T08:56:27.424+0000] {taskinstance.py:1979} INFO - Dependencies all met for dep_context=requeueable deps ti=<TaskInstance: currency_parsing.fetch_data scheduled__2024-04-03T00:00:00+00:00 [queued]>
[2024-04-14T08:56:27.426+0000] {taskinstance.py:2193} INFO - Starting attempt 1 of 2
[2024-04-14T08:56:27.666+0000] {taskinstance.py:2214} INFO - Executing <Task(PythonOperator): fetch_data> on 2024-04-03 00:00:00+00:00
[2024-04-14T08:56:27.677+0000] {standard_task_runner.py:60} INFO - Started process 1444 to run task
[2024-04-14T08:56:27.696+0000] {standard_task_runner.py:87} INFO - Running: ['***', 'tasks', 'run', 'currency_parsing', 'fetch_data', 'scheduled__2024-04-03T00:00:00+00:00', '--job-id', '462', '--raw', '--subdir', 'DAGS_FOLDER/currency_parsing.py', '--cfg-path', '/tmp/tmpuqlym30h']
[2024-04-14T08:56:27.717+0000] {standard_task_runner.py:88} INFO - Job 462: Subtask fetch_data
[2024-04-14T08:56:28.163+0000] {task_command.py:423} INFO - Running <TaskInstance: currency_parsing.fetch_data scheduled__2024-04-03T00:00:00+00:00 [running]> on host e8a1e0443283
[2024-04-14T08:56:29.592+0000] {taskinstance.py:2510} INFO - Exporting env vars: AIRFLOW_CTX_DAG_OWNER='***' AIRFLOW_CTX_DAG_ID='currency_parsing' AIRFLOW_CTX_TASK_ID='fetch_data' AIRFLOW_CTX_EXECUTION_DATE='2024-04-03T00:00:00+00:00' AIRFLOW_CTX_TRY_NUMBER='1' AIRFLOW_CTX_DAG_RUN_ID='scheduled__2024-04-03T00:00:00+00:00'
[2024-04-14T08:56:29.772+0000] {base.py:83} INFO - Using connection ID 'dwh' for task execution.
[2024-04-14T08:56:29.830+0000] {sql.py:572} INFO - Done loading. Loaded a total of 39 rows into currency_parsing
[2024-04-14T08:56:29.832+0000] {python.py:202} INFO - Done. Returned value was: None
[2024-04-14T08:56:29.884+0000] {taskinstance.py:1149} INFO - Marking task as SUCCESS. dag_id=currency_parsing, task_id=fetch_data, execution_date=20240403T000000, start_date=20240414T085627, end_date=20240414T085629
[2024-04-14T08:56:30.060+0000] {local_task_job_runner.py:234} INFO - Task exited with return code 0
[2024-04-14T08:56:30.176+0000] {taskinstance.py:3309} INFO - 0 downstream tasks scheduled from follow-on schedule check
[2024-04-14T10:12:45.202+0000] {taskinstance.py:1979} INFO - Dependencies all met for dep_context=non-requeueable deps ti=<TaskInstance: currency_parsing.fetch_data scheduled__2024-04-03T00:00:00+00:00 [queued]>
[2024-04-14T10:12:45.334+0000] {taskinstance.py:1979} INFO - Dependencies all met for dep_context=requeueable deps ti=<TaskInstance: currency_parsing.fetch_data scheduled__2024-04-03T00:00:00+00:00 [queued]>
[2024-04-14T10:12:45.335+0000] {taskinstance.py:2193} INFO - Starting attempt 1 of 2
[2024-04-14T10:12:45.549+0000] {taskinstance.py:2214} INFO - Executing <Task(PythonOperator): fetch_data> on 2024-04-03 00:00:00+00:00
[2024-04-14T10:12:45.563+0000] {standard_task_runner.py:60} INFO - Started process 738 to run task
[2024-04-14T10:12:45.629+0000] {standard_task_runner.py:87} INFO - Running: ['***', 'tasks', 'run', 'currency_parsing', 'fetch_data', 'scheduled__2024-04-03T00:00:00+00:00', '--job-id', '765', '--raw', '--subdir', 'DAGS_FOLDER/currency_parsing.py', '--cfg-path', '/tmp/tmp66i8o145']
[2024-04-14T10:12:45.674+0000] {standard_task_runner.py:88} INFO - Job 765: Subtask fetch_data
[2024-04-14T10:12:46.274+0000] {task_command.py:423} INFO - Running <TaskInstance: currency_parsing.fetch_data scheduled__2024-04-03T00:00:00+00:00 [running]> on host 1c15aab9396c
[2024-04-14T10:12:47.115+0000] {taskinstance.py:2510} INFO - Exporting env vars: AIRFLOW_CTX_DAG_OWNER='***' AIRFLOW_CTX_DAG_ID='currency_parsing' AIRFLOW_CTX_TASK_ID='fetch_data' AIRFLOW_CTX_EXECUTION_DATE='2024-04-03T00:00:00+00:00' AIRFLOW_CTX_TRY_NUMBER='1' AIRFLOW_CTX_DAG_RUN_ID='scheduled__2024-04-03T00:00:00+00:00'
[2024-04-14T10:12:47.215+0000] {base.py:83} INFO - Using connection ID 'dwh' for task execution.
[2024-04-14T10:12:47.324+0000] {sql.py:572} INFO - Done loading. Loaded a total of 39 rows into currency_parsing
[2024-04-14T10:12:47.332+0000] {python.py:202} INFO - Done. Returned value was: None
[2024-04-14T10:12:47.434+0000] {taskinstance.py:1149} INFO - Marking task as SUCCESS. dag_id=currency_parsing, task_id=fetch_data, execution_date=20240403T000000, start_date=20240414T101245, end_date=20240414T101247
[2024-04-14T10:12:47.663+0000] {local_task_job_runner.py:234} INFO - Task exited with return code 0
[2024-04-14T10:12:47.769+0000] {taskinstance.py:3309} INFO - 0 downstream tasks scheduled from follow-on schedule check
