[2024-04-21T11:06:13.943+0000] {taskinstance.py:1979} INFO - Dependencies all met for dep_context=non-requeueable deps ti=<TaskInstance: currency_parsing.fetch_data_usd scheduled__2024-04-13T00:00:00+00:00 [queued]>
[2024-04-21T11:06:14.157+0000] {taskinstance.py:1979} INFO - Dependencies all met for dep_context=requeueable deps ti=<TaskInstance: currency_parsing.fetch_data_usd scheduled__2024-04-13T00:00:00+00:00 [queued]>
[2024-04-21T11:06:14.174+0000] {taskinstance.py:2193} INFO - Starting attempt 1 of 2
[2024-04-21T11:06:14.437+0000] {taskinstance.py:2214} INFO - Executing <Task(PythonOperator): fetch_data_usd> on 2024-04-13 00:00:00+00:00
[2024-04-21T11:06:14.467+0000] {standard_task_runner.py:60} INFO - Started process 2749 to run task
[2024-04-21T11:06:14.498+0000] {standard_task_runner.py:87} INFO - Running: ['***', 'tasks', 'run', 'currency_parsing', 'fetch_data_usd', 'scheduled__2024-04-13T00:00:00+00:00', '--job-id', '2087', '--raw', '--subdir', 'DAGS_FOLDER/stage/currency_parsing.py', '--cfg-path', '/tmp/tmpwskdyilv']
[2024-04-21T11:06:14.506+0000] {standard_task_runner.py:88} INFO - Job 2087: Subtask fetch_data_usd
[2024-04-21T11:06:15.087+0000] {task_command.py:423} INFO - Running <TaskInstance: currency_parsing.fetch_data_usd scheduled__2024-04-13T00:00:00+00:00 [running]> on host e671688b1343
[2024-04-21T11:06:16.236+0000] {taskinstance.py:2510} INFO - Exporting env vars: AIRFLOW_CTX_DAG_OWNER='***' AIRFLOW_CTX_DAG_ID='currency_parsing' AIRFLOW_CTX_TASK_ID='fetch_data_usd' AIRFLOW_CTX_EXECUTION_DATE='2024-04-13T00:00:00+00:00' AIRFLOW_CTX_TRY_NUMBER='1' AIRFLOW_CTX_DAG_RUN_ID='scheduled__2024-04-13T00:00:00+00:00'
[2024-04-21T11:06:16.560+0000] {base.py:83} INFO - Using connection ID 'dwh' for task execution.
[2024-04-21T11:06:16.727+0000] {sql.py:572} INFO - Done loading. Loaded a total of 33 rows into stage.currency_parsing_usd
[2024-04-21T11:06:16.729+0000] {python.py:202} INFO - Done. Returned value was: None
[2024-04-21T11:06:16.903+0000] {taskinstance.py:1149} INFO - Marking task as SUCCESS. dag_id=currency_parsing, task_id=fetch_data_usd, execution_date=20240413T000000, start_date=20240421T110613, end_date=20240421T110616
[2024-04-21T11:06:17.491+0000] {local_task_job_runner.py:234} INFO - Task exited with return code 0
[2024-04-21T11:06:17.766+0000] {taskinstance.py:3309} INFO - 0 downstream tasks scheduled from follow-on schedule check
[2024-04-27T12:22:58.393+0000] {taskinstance.py:1979} INFO - Dependencies all met for dep_context=non-requeueable deps ti=<TaskInstance: currency_parsing.fetch_data_usd scheduled__2024-04-13T00:00:00+00:00 [queued]>
[2024-04-27T12:22:58.557+0000] {taskinstance.py:1979} INFO - Dependencies all met for dep_context=requeueable deps ti=<TaskInstance: currency_parsing.fetch_data_usd scheduled__2024-04-13T00:00:00+00:00 [queued]>
[2024-04-27T12:22:58.571+0000] {taskinstance.py:2193} INFO - Starting attempt 1 of 2
[2024-04-27T12:22:59.406+0000] {taskinstance.py:2214} INFO - Executing <Task(PythonOperator): fetch_data_usd> on 2024-04-13 00:00:00+00:00
[2024-04-27T12:22:59.469+0000] {standard_task_runner.py:60} INFO - Started process 2107 to run task
[2024-04-27T12:22:59.632+0000] {standard_task_runner.py:87} INFO - Running: ['***', 'tasks', 'run', 'currency_parsing', 'fetch_data_usd', 'scheduled__2024-04-13T00:00:00+00:00', '--job-id', '2388', '--raw', '--subdir', 'DAGS_FOLDER/stage/currency_parsing.py', '--cfg-path', '/tmp/tmpsobu7sas']
[2024-04-27T12:22:59.815+0000] {standard_task_runner.py:88} INFO - Job 2388: Subtask fetch_data_usd
[2024-04-27T12:23:01.540+0000] {task_command.py:423} INFO - Running <TaskInstance: currency_parsing.fetch_data_usd scheduled__2024-04-13T00:00:00+00:00 [running]> on host 65a8688265d1
[2024-04-27T12:23:03.406+0000] {taskinstance.py:2510} INFO - Exporting env vars: AIRFLOW_CTX_DAG_OWNER='***' AIRFLOW_CTX_DAG_ID='currency_parsing' AIRFLOW_CTX_TASK_ID='fetch_data_usd' AIRFLOW_CTX_EXECUTION_DATE='2024-04-13T00:00:00+00:00' AIRFLOW_CTX_TRY_NUMBER='1' AIRFLOW_CTX_DAG_RUN_ID='scheduled__2024-04-13T00:00:00+00:00'
[2024-04-27T12:23:04.152+0000] {base.py:83} INFO - Using connection ID 'dwh' for task execution.
[2024-04-27T12:23:04.461+0000] {sql.py:572} INFO - Done loading. Loaded a total of 33 rows into stage.currency_parsing_usd
[2024-04-27T12:23:04.463+0000] {python.py:202} INFO - Done. Returned value was: None
[2024-04-27T12:23:04.786+0000] {taskinstance.py:1149} INFO - Marking task as SUCCESS. dag_id=currency_parsing, task_id=fetch_data_usd, execution_date=20240413T000000, start_date=20240427T122258, end_date=20240427T122304
[2024-04-27T12:23:05.329+0000] {local_task_job_runner.py:234} INFO - Task exited with return code 0
[2024-04-27T12:23:05.444+0000] {warnings.py:109} WARNING - /home/***/.local/lib/python3.8/site-packages/***/models/baseoperator.py:1201: AirflowProviderDeprecationWarning: Call to deprecated class PostgresOperator. (Please use `***.providers.common.sql.operators.sql.SQLExecuteQueryOperator`.Also, you can provide `hook_params={'schema': <database>}`.)
  result = cls.__new__(cls)

[2024-04-27T12:23:05.916+0000] {taskinstance.py:3309} INFO - 0 downstream tasks scheduled from follow-on schedule check
