[2024-04-21T11:04:27.476+0000] {taskinstance.py:1979} INFO - Dependencies all met for dep_context=non-requeueable deps ti=<TaskInstance: currency_parsing.get_data_rub scheduled__2024-04-05T00:00:00+00:00 [queued]>
[2024-04-21T11:04:27.634+0000] {taskinstance.py:1979} INFO - Dependencies all met for dep_context=requeueable deps ti=<TaskInstance: currency_parsing.get_data_rub scheduled__2024-04-05T00:00:00+00:00 [queued]>
[2024-04-21T11:04:27.703+0000] {taskinstance.py:2193} INFO - Starting attempt 1 of 2
[2024-04-21T11:04:27.870+0000] {taskinstance.py:2214} INFO - Executing <Task(PythonOperator): get_data_rub> on 2024-04-05 00:00:00+00:00
[2024-04-21T11:04:27.949+0000] {standard_task_runner.py:60} INFO - Started process 2504 to run task
[2024-04-21T11:04:28.038+0000] {standard_task_runner.py:87} INFO - Running: ['***', 'tasks', 'run', 'currency_parsing', 'get_data_rub', 'scheduled__2024-04-05T00:00:00+00:00', '--job-id', '1973', '--raw', '--subdir', 'DAGS_FOLDER/stage/currency_parsing.py', '--cfg-path', '/tmp/tmpjt0s3ev5']
[2024-04-21T11:04:28.083+0000] {standard_task_runner.py:88} INFO - Job 1973: Subtask get_data_rub
[2024-04-21T11:04:28.827+0000] {task_command.py:423} INFO - Running <TaskInstance: currency_parsing.get_data_rub scheduled__2024-04-05T00:00:00+00:00 [running]> on host e671688b1343
[2024-04-21T11:04:29.317+0000] {warnings.py:109} WARNING - /home/***/.local/lib/python3.8/site-packages/***/utils/context.py:207: AirflowContextDeprecationWarning: Accessing 'execution_date' from the template is deprecated and will be removed in a future version. Please use 'data_interval_start' or 'logical_date' instead.
  warnings.warn(_create_deprecation_warning(key, self._deprecation_replacements[key]))

[2024-04-21T11:04:29.798+0000] {taskinstance.py:2510} INFO - Exporting env vars: AIRFLOW_CTX_DAG_OWNER='***' AIRFLOW_CTX_DAG_ID='currency_parsing' AIRFLOW_CTX_TASK_ID='get_data_rub' AIRFLOW_CTX_EXECUTION_DATE='2024-04-05T00:00:00+00:00' AIRFLOW_CTX_TRY_NUMBER='1' AIRFLOW_CTX_DAG_RUN_ID='scheduled__2024-04-05T00:00:00+00:00'
[2024-04-21T11:04:41.894+0000] {python.py:202} INFO - Done. Returned value was: ([['R01010', '036', 'AUD', 1, 'Австралийский доллар', 60.2285, 60.049, datetime.datetime(2024, 4, 4, 0, 0)], ['R01020A', '944', 'AZN', 1, 'Азербайджанский манат', 54.3466, 54.4267, datetime.datetime(2024, 4, 4, 0, 0)], ['R01035', '826', 'GBP', 1, 'Фунт стерлингов Соединенного королевства', 116.1055, 116.8781, datetime.datetime(2024, 4, 4, 0, 0)], ['R01060', '051', 'AMD', 100, 'Армянских драмов', 23.7066, 23.6644, datetime.datetime(2024, 4, 4, 0, 0)], ['R01090B', '933', 'BYN', 1, 'Белорусский рубль', 28.3429, 28.4064, datetime.datetime(2024, 4, 4, 0, 0)], ['R01100', '975', 'BGN', 1, 'Болгарский лев', 50.7759, 51.1442, datetime.datetime(2024, 4, 4, 0, 0)], ['R01115', '986', 'BRL', 1, 'Бразильский реал', 18.3049, 18.3113, datetime.datetime(2024, 4, 4, 0, 0)], ['R01135', '348', 'HUF', 100, 'Венгерских форинтов', 25.2948, 25.1202, datetime.datetime(2024, 4, 4, 0, 0)], ['R01150', '704', 'VND', 10000, 'Вьетнамских донгов', 38.4634, 38.5442, datetime.datetime(2024, 4, 4, 0, 0)], ['R01200', '344', 'HKD', 1, 'Гонконгский доллар', 11.822, 11.8395, datetime.datetime(2024, 4, 4, 0, 0)], ['R01210', '981', 'GEL', 1, 'Грузинский лари', 34.4556, 34.3999, datetime.datetime(2024, 4, 4, 0, 0)], ['R01215', '208', 'DKK', 1, 'Датская крона', 13.3154, 13.4182, datetime.datetime(2024, 4, 4, 0, 0)], ['R01230', '784', 'AED', 1, 'Дирхам ОАЭ', 25.157, 25.1941, datetime.datetime(2024, 4, 4, 0, 0)], ['R01235', '840', 'USD', 1, 'Доллар США', 92.3892, 92.5254, datetime.datetime(2024, 4, 4, 0, 0)], ['R01239', '978', 'EUR', 1, 'Евро', 99.4277, 99.4116, datetime.datetime(2024, 4, 4, 0, 0)], ['R01240', '818', 'EGP', 10, 'Египетских фунтов', 19.4923, 19.6184, datetime.datetime(2024, 4, 4, 0, 0)], ['R01270', '356', 'INR', 10, 'Индийских рупий', 11.0751, 11.0997, datetime.datetime(2024, 4, 4, 0, 0)], ['R01280', '360', 'IDR', 10000, 'Индонезийских рупий', 57.9824, 58.1592, datetime.datetime(2024, 4, 4, 0, 0)], ['R01335', '398', 'KZT', 100, 'Казахстанских тенге', 20.6442, 20.7196, datetime.datetime(2024, 4, 4, 0, 0)], ['R01350', '124', 'CAD', 1, 'Канадский доллар', 68.0734, 68.1637, datetime.datetime(2024, 4, 4, 0, 0)], ['R01355', '634', 'QAR', 1, 'Катарский риал', 25.3816, 25.4191, datetime.datetime(2024, 4, 4, 0, 0)], ['R01370', '417', 'KGS', 10, 'Киргизских сомов', 10.3401, 10.3554, datetime.datetime(2024, 4, 4, 0, 0)], ['R01375', '156', 'CNY', 1, 'Китайский юань', 12.7145, 12.7211, datetime.datetime(2024, 4, 4, 0, 0)], ['R01500', '498', 'MDL', 10, 'Молдавских леев', 52.2413, 52.4422, datetime.datetime(2024, 4, 4, 0, 0)], ['R01530', '554', 'NZD', 1, 'Новозеландский доллар', 55.0593, 55.0526, datetime.datetime(2024, 4, 4, 0, 0)], ['R01535', '578', 'NOK', 10, 'Норвежских крон', 84.8214, 85.6629, datetime.datetime(2024, 4, 4, 0, 0)], ['R01565', '985', 'PLN', 1, 'Польский злотый', 23.1883, 23.1261, datetime.datetime(2024, 4, 4, 0, 0)], ['R01585F', '946', 'RON', 1, 'Румынский лей', 20.0241, 19.9943, datetime.datetime(2024, 4, 4, 0, 0)], ['R01589', '960', 'XDR', 1, 'СДР (специальные права заимствования)', 122.0775, 122.474, datetime.datetime(2024, 4, 4, 0, 0)], ['R01625', '702', 'SGD', 1, 'Сингапурский доллар', 68.3858, 68.3904, datetime.datetime(2024, 4, 4, 0, 0)], ['R01670', '972', 'TJS', 10, 'Таджикских сомони', 84.3252, 84.4426, datetime.datetime(2024, 4, 4, 0, 0)], ['R01675', '764', 'THB', 10, 'Таиландских батов', 25.1955, 25.2402, datetime.datetime(2024, 4, 4, 0, 0)], ['R01700J', '949', 'TRY', 10, 'Турецких лир', 28.7287, 28.5696, datetime.datetime(2024, 4, 4, 0, 0)], ['R01710A', '934', 'TMT', 1, 'Новый туркменский манат', 26.3969, 26.4358, datetime.datetime(2024, 4, 4, 0, 0)], ['R01717', '860', 'UZS', 10000, 'Узбекских сумов', 73.1302, 73.1715, datetime.datetime(2024, 4, 4, 0, 0)], ['R01720', '980', 'UAH', 10, 'Украинских гривен', 23.4946, 23.679, datetime.datetime(2024, 4, 4, 0, 0)], ['R01760', '203', 'CZK', 10, 'Чешских крон', 39.2911, 39.5188, datetime.datetime(2024, 4, 4, 0, 0)], ['R01770', '752', 'SEK', 10, 'Шведских крон', 85.9262, 86.7932, datetime.datetime(2024, 4, 4, 0, 0)], ['R01775', '756', 'CHF', 1, 'Швейцарский франк', 101.7166, 101.8329, datetime.datetime(2024, 4, 4, 0, 0)], ['R01805F', '941', 'RSD', 100, 'Сербских динаров', 85.0141, 84.7993, datetime.datetime(2024, 4, 4, 0, 0)], ['R01810', '710', 'ZAR', 10, 'Южноафриканских рэндов', 49.0045, 49.1153, datetime.datetime(2024, 4, 4, 0, 0)], ['R01815', '410', 'KRW', 1000, 'Вон Республики Корея', 68.4923, 68.4309, datetime.datetime(2024, 4, 4, 0, 0)], ['R01820', '392', 'JPY', 100, 'Японских иен', 60.9749, 60.9924, datetime.datetime(2024, 4, 4, 0, 0)]], ['ID', 'NumCode', 'CharCode', 'Nominal', 'Name', 'Value', 'Previous', 'date'])
[2024-04-21T11:04:42.265+0000] {taskinstance.py:1149} INFO - Marking task as SUCCESS. dag_id=currency_parsing, task_id=get_data_rub, execution_date=20240405T000000, start_date=20240421T110427, end_date=20240421T110442
[2024-04-21T11:04:43.000+0000] {local_task_job_runner.py:234} INFO - Task exited with return code 0
[2024-04-21T11:04:43.307+0000] {taskinstance.py:3309} INFO - 1 downstream tasks scheduled from follow-on schedule check
[2024-04-27T12:18:21.899+0000] {taskinstance.py:1979} INFO - Dependencies all met for dep_context=non-requeueable deps ti=<TaskInstance: currency_parsing.get_data_rub scheduled__2024-04-05T00:00:00+00:00 [queued]>
[2024-04-27T12:18:22.248+0000] {taskinstance.py:1979} INFO - Dependencies all met for dep_context=requeueable deps ti=<TaskInstance: currency_parsing.get_data_rub scheduled__2024-04-05T00:00:00+00:00 [queued]>
[2024-04-27T12:18:22.257+0000] {taskinstance.py:2193} INFO - Starting attempt 1 of 2
[2024-04-27T12:18:22.913+0000] {taskinstance.py:2214} INFO - Executing <Task(PythonOperator): get_data_rub> on 2024-04-05 00:00:00+00:00
[2024-04-27T12:18:22.996+0000] {standard_task_runner.py:60} INFO - Started process 1887 to run task
[2024-04-27T12:18:23.112+0000] {standard_task_runner.py:87} INFO - Running: ['***', 'tasks', 'run', 'currency_parsing', 'get_data_rub', 'scheduled__2024-04-05T00:00:00+00:00', '--job-id', '2304', '--raw', '--subdir', 'DAGS_FOLDER/stage/currency_parsing.py', '--cfg-path', '/tmp/tmpocb_l3qn']
[2024-04-27T12:18:23.218+0000] {standard_task_runner.py:88} INFO - Job 2304: Subtask get_data_rub
[2024-04-27T12:18:23.841+0000] {task_command.py:423} INFO - Running <TaskInstance: currency_parsing.get_data_rub scheduled__2024-04-05T00:00:00+00:00 [running]> on host 65a8688265d1
[2024-04-27T12:18:24.715+0000] {warnings.py:109} WARNING - /home/***/.local/lib/python3.8/site-packages/***/utils/context.py:207: AirflowContextDeprecationWarning: Accessing 'execution_date' from the template is deprecated and will be removed in a future version. Please use 'data_interval_start' or 'logical_date' instead.
  warnings.warn(_create_deprecation_warning(key, self._deprecation_replacements[key]))

[2024-04-27T12:18:27.756+0000] {taskinstance.py:2510} INFO - Exporting env vars: AIRFLOW_CTX_DAG_OWNER='***' AIRFLOW_CTX_DAG_ID='currency_parsing' AIRFLOW_CTX_TASK_ID='get_data_rub' AIRFLOW_CTX_EXECUTION_DATE='2024-04-05T00:00:00+00:00' AIRFLOW_CTX_TRY_NUMBER='1' AIRFLOW_CTX_DAG_RUN_ID='scheduled__2024-04-05T00:00:00+00:00'
[2024-04-27T12:18:57.924+0000] {taskinstance.py:2728} ERROR - Task failed with exception
Traceback (most recent call last):
  File "/home/airflow/.local/lib/python3.8/site-packages/urllib3/connection.py", line 174, in _new_conn
    conn = connection.create_connection(
  File "/home/airflow/.local/lib/python3.8/site-packages/urllib3/util/connection.py", line 72, in create_connection
    for res in socket.getaddrinfo(host, port, family, socket.SOCK_STREAM):
  File "/usr/local/lib/python3.8/socket.py", line 918, in getaddrinfo
    for res in _socket.getaddrinfo(host, port, family, type, proto, flags):
socket.gaierror: [Errno -3] Temporary failure in name resolution

During handling of the above exception, another exception occurred:

Traceback (most recent call last):
  File "/home/airflow/.local/lib/python3.8/site-packages/urllib3/connectionpool.py", line 715, in urlopen
    httplib_response = self._make_request(
  File "/home/airflow/.local/lib/python3.8/site-packages/urllib3/connectionpool.py", line 404, in _make_request
    self._validate_conn(conn)
  File "/home/airflow/.local/lib/python3.8/site-packages/urllib3/connectionpool.py", line 1058, in _validate_conn
    conn.connect()
  File "/home/airflow/.local/lib/python3.8/site-packages/urllib3/connection.py", line 363, in connect
    self.sock = conn = self._new_conn()
  File "/home/airflow/.local/lib/python3.8/site-packages/urllib3/connection.py", line 186, in _new_conn
    raise NewConnectionError(
urllib3.exceptions.NewConnectionError: <urllib3.connection.HTTPSConnection object at 0x7faf0d370580>: Failed to establish a new connection: [Errno -3] Temporary failure in name resolution

During handling of the above exception, another exception occurred:

Traceback (most recent call last):
  File "/home/airflow/.local/lib/python3.8/site-packages/requests/adapters.py", line 486, in send
    resp = conn.urlopen(
  File "/home/airflow/.local/lib/python3.8/site-packages/urllib3/connectionpool.py", line 799, in urlopen
    retries = retries.increment(
  File "/home/airflow/.local/lib/python3.8/site-packages/urllib3/util/retry.py", line 592, in increment
    raise MaxRetryError(_pool, url, error or ResponseError(cause))
urllib3.exceptions.MaxRetryError: HTTPSConnectionPool(host='www.cbr-xml-daily.ru', port=443): Max retries exceeded with url: /archive/2024/04/04/daily_json.js (Caused by NewConnectionError('<urllib3.connection.HTTPSConnection object at 0x7faf0d370580>: Failed to establish a new connection: [Errno -3] Temporary failure in name resolution'))

During handling of the above exception, another exception occurred:

Traceback (most recent call last):
  File "/home/airflow/.local/lib/python3.8/site-packages/airflow/models/taskinstance.py", line 444, in _execute_task
    result = _execute_callable(context=context, **execute_callable_kwargs)
  File "/home/airflow/.local/lib/python3.8/site-packages/airflow/models/taskinstance.py", line 414, in _execute_callable
    return execute_callable(context=context, **execute_callable_kwargs)
  File "/home/airflow/.local/lib/python3.8/site-packages/airflow/operators/python.py", line 200, in execute
    return_value = self.execute_callable()
  File "/home/airflow/.local/lib/python3.8/site-packages/airflow/operators/python.py", line 217, in execute_callable
    return self.python_callable(*self.op_args, **self.op_kwargs)
  File "/opt/airflow/dags/stage/currency_parsing.py", line 34, in get_data_rub
    response = requests.get(url, headers=headers)
  File "/home/airflow/.local/lib/python3.8/site-packages/requests/api.py", line 73, in get
    return request("get", url, params=params, **kwargs)
  File "/home/airflow/.local/lib/python3.8/site-packages/requests/api.py", line 59, in request
    return session.request(method=method, url=url, **kwargs)
  File "/home/airflow/.local/lib/python3.8/site-packages/requests/sessions.py", line 589, in request
    resp = self.send(prep, **send_kwargs)
  File "/home/airflow/.local/lib/python3.8/site-packages/requests/sessions.py", line 703, in send
    r = adapter.send(request, **kwargs)
  File "/home/airflow/.local/lib/python3.8/site-packages/requests/adapters.py", line 519, in send
    raise ConnectionError(e, request=request)
requests.exceptions.ConnectionError: HTTPSConnectionPool(host='www.cbr-xml-daily.ru', port=443): Max retries exceeded with url: /archive/2024/04/04/daily_json.js (Caused by NewConnectionError('<urllib3.connection.HTTPSConnection object at 0x7faf0d370580>: Failed to establish a new connection: [Errno -3] Temporary failure in name resolution'))
[2024-04-27T12:18:58.100+0000] {taskinstance.py:1149} INFO - Marking task as UP_FOR_RETRY. dag_id=currency_parsing, task_id=get_data_rub, execution_date=20240405T000000, start_date=20240427T121821, end_date=20240427T121858
[2024-04-27T12:18:58.609+0000] {standard_task_runner.py:107} ERROR - Failed to execute job 2304 for task get_data_rub (HTTPSConnectionPool(host='www.cbr-xml-daily.ru', port=443): Max retries exceeded with url: /archive/2024/04/04/daily_json.js (Caused by NewConnectionError('<urllib3.connection.HTTPSConnection object at 0x7faf0d370580>: Failed to establish a new connection: [Errno -3] Temporary failure in name resolution')); 1887)
[2024-04-27T12:18:59.022+0000] {local_task_job_runner.py:234} INFO - Task exited with return code 1
[2024-04-27T12:18:59.143+0000] {warnings.py:109} WARNING - /home/***/.local/lib/python3.8/site-packages/***/models/baseoperator.py:1201: AirflowProviderDeprecationWarning: Call to deprecated class PostgresOperator. (Please use `***.providers.common.sql.operators.sql.SQLExecuteQueryOperator`.Also, you can provide `hook_params={'schema': <database>}`.)
  result = cls.__new__(cls)

[2024-04-27T12:19:00.261+0000] {taskinstance.py:3309} INFO - 0 downstream tasks scheduled from follow-on schedule check
