[2024-04-21T11:04:54.578+0000] {taskinstance.py:1979} INFO - Dependencies all met for dep_context=non-requeueable deps ti=<TaskInstance: currency_parsing.fetch_data_rub scheduled__2024-04-07T00:00:00+00:00 [queued]>
[2024-04-21T11:04:54.733+0000] {taskinstance.py:1979} INFO - Dependencies all met for dep_context=requeueable deps ti=<TaskInstance: currency_parsing.fetch_data_rub scheduled__2024-04-07T00:00:00+00:00 [queued]>
[2024-04-21T11:04:54.738+0000] {taskinstance.py:2193} INFO - Starting attempt 1 of 2
[2024-04-21T11:04:55.118+0000] {taskinstance.py:2214} INFO - Executing <Task(PythonOperator): fetch_data_rub> on 2024-04-07 00:00:00+00:00
[2024-04-21T11:04:55.193+0000] {standard_task_runner.py:60} INFO - Started process 2575 to run task
[2024-04-21T11:04:55.246+0000] {standard_task_runner.py:87} INFO - Running: ['***', 'tasks', 'run', 'currency_parsing', 'fetch_data_rub', 'scheduled__2024-04-07T00:00:00+00:00', '--job-id', '2006', '--raw', '--subdir', 'DAGS_FOLDER/stage/currency_parsing.py', '--cfg-path', '/tmp/tmpk0i74ecy']
[2024-04-21T11:04:55.340+0000] {standard_task_runner.py:88} INFO - Job 2006: Subtask fetch_data_rub
[2024-04-21T11:04:56.385+0000] {task_command.py:423} INFO - Running <TaskInstance: currency_parsing.fetch_data_rub scheduled__2024-04-07T00:00:00+00:00 [running]> on host e671688b1343
[2024-04-21T11:04:58.300+0000] {taskinstance.py:2510} INFO - Exporting env vars: AIRFLOW_CTX_DAG_OWNER='***' AIRFLOW_CTX_DAG_ID='currency_parsing' AIRFLOW_CTX_TASK_ID='fetch_data_rub' AIRFLOW_CTX_EXECUTION_DATE='2024-04-07T00:00:00+00:00' AIRFLOW_CTX_TRY_NUMBER='1' AIRFLOW_CTX_DAG_RUN_ID='scheduled__2024-04-07T00:00:00+00:00'
[2024-04-21T11:04:58.615+0000] {base.py:83} INFO - Using connection ID 'dwh' for task execution.
[2024-04-21T11:04:58.740+0000] {sql.py:572} INFO - Done loading. Loaded a total of 43 rows into stage.currency_parsing_rub
[2024-04-21T11:04:58.748+0000] {python.py:202} INFO - Done. Returned value was: None
[2024-04-21T11:04:58.819+0000] {taskinstance.py:1149} INFO - Marking task as SUCCESS. dag_id=currency_parsing, task_id=fetch_data_rub, execution_date=20240407T000000, start_date=20240421T110454, end_date=20240421T110458
[2024-04-21T11:04:59.041+0000] {local_task_job_runner.py:234} INFO - Task exited with return code 0
[2024-04-21T11:04:59.219+0000] {taskinstance.py:3309} INFO - 0 downstream tasks scheduled from follow-on schedule check
[2024-04-27T12:22:25.363+0000] {taskinstance.py:1979} INFO - Dependencies all met for dep_context=non-requeueable deps ti=<TaskInstance: currency_parsing.fetch_data_rub scheduled__2024-04-07T00:00:00+00:00 [queued]>
[2024-04-27T12:22:25.653+0000] {taskinstance.py:1979} INFO - Dependencies all met for dep_context=requeueable deps ti=<TaskInstance: currency_parsing.fetch_data_rub scheduled__2024-04-07T00:00:00+00:00 [queued]>
[2024-04-27T12:22:25.686+0000] {taskinstance.py:2193} INFO - Starting attempt 1 of 2
[2024-04-27T12:22:26.617+0000] {taskinstance.py:2214} INFO - Executing <Task(PythonOperator): fetch_data_rub> on 2024-04-07 00:00:00+00:00
[2024-04-27T12:22:26.722+0000] {standard_task_runner.py:60} INFO - Started process 2070 to run task
[2024-04-27T12:22:26.778+0000] {standard_task_runner.py:87} INFO - Running: ['***', 'tasks', 'run', 'currency_parsing', 'fetch_data_rub', 'scheduled__2024-04-07T00:00:00+00:00', '--job-id', '2369', '--raw', '--subdir', 'DAGS_FOLDER/stage/currency_parsing.py', '--cfg-path', '/tmp/tmp0w_20x7j']
[2024-04-27T12:22:27.066+0000] {standard_task_runner.py:88} INFO - Job 2369: Subtask fetch_data_rub
[2024-04-27T12:22:28.872+0000] {task_command.py:423} INFO - Running <TaskInstance: currency_parsing.fetch_data_rub scheduled__2024-04-07T00:00:00+00:00 [running]> on host 65a8688265d1
[2024-04-27T12:22:30.459+0000] {taskinstance.py:2510} INFO - Exporting env vars: AIRFLOW_CTX_DAG_OWNER='***' AIRFLOW_CTX_DAG_ID='currency_parsing' AIRFLOW_CTX_TASK_ID='fetch_data_rub' AIRFLOW_CTX_EXECUTION_DATE='2024-04-07T00:00:00+00:00' AIRFLOW_CTX_TRY_NUMBER='1' AIRFLOW_CTX_DAG_RUN_ID='scheduled__2024-04-07T00:00:00+00:00'
[2024-04-27T12:22:30.837+0000] {base.py:83} INFO - Using connection ID 'dwh' for task execution.
[2024-04-27T12:22:31.209+0000] {sql.py:572} INFO - Done loading. Loaded a total of 43 rows into stage.currency_parsing_rub
[2024-04-27T12:22:31.227+0000] {python.py:202} INFO - Done. Returned value was: None
[2024-04-27T12:22:31.428+0000] {taskinstance.py:1149} INFO - Marking task as SUCCESS. dag_id=currency_parsing, task_id=fetch_data_rub, execution_date=20240407T000000, start_date=20240427T122225, end_date=20240427T122231
[2024-04-27T12:22:32.966+0000] {local_task_job_runner.py:234} INFO - Task exited with return code 0
[2024-04-27T12:22:33.142+0000] {warnings.py:109} WARNING - /home/***/.local/lib/python3.8/site-packages/***/models/baseoperator.py:1201: AirflowProviderDeprecationWarning: Call to deprecated class PostgresOperator. (Please use `***.providers.common.sql.operators.sql.SQLExecuteQueryOperator`.Also, you can provide `hook_params={'schema': <database>}`.)
  result = cls.__new__(cls)

[2024-04-27T12:22:33.234+0000] {taskinstance.py:3309} INFO - 0 downstream tasks scheduled from follow-on schedule check
