[2024-04-21T11:06:10.881+0000] {taskinstance.py:1979} INFO - Dependencies all met for dep_context=non-requeueable deps ti=<TaskInstance: currency_parsing.get_data_usd scheduled__2024-04-19T00:00:00+00:00 [queued]>
[2024-04-21T11:06:10.948+0000] {taskinstance.py:1979} INFO - Dependencies all met for dep_context=requeueable deps ti=<TaskInstance: currency_parsing.get_data_usd scheduled__2024-04-19T00:00:00+00:00 [queued]>
[2024-04-21T11:06:10.977+0000] {taskinstance.py:2193} INFO - Starting attempt 1 of 2
[2024-04-21T11:06:11.207+0000] {taskinstance.py:2214} INFO - Executing <Task(PythonOperator): get_data_usd> on 2024-04-19 00:00:00+00:00
[2024-04-21T11:06:11.253+0000] {standard_task_runner.py:60} INFO - Started process 2747 to run task
[2024-04-21T11:06:11.319+0000] {standard_task_runner.py:87} INFO - Running: ['***', 'tasks', 'run', 'currency_parsing', 'get_data_usd', 'scheduled__2024-04-19T00:00:00+00:00', '--job-id', '2084', '--raw', '--subdir', 'DAGS_FOLDER/stage/currency_parsing.py', '--cfg-path', '/tmp/tmp2ajsse74']
[2024-04-21T11:06:11.366+0000] {standard_task_runner.py:88} INFO - Job 2084: Subtask get_data_usd
[2024-04-21T11:06:11.827+0000] {task_command.py:423} INFO - Running <TaskInstance: currency_parsing.get_data_usd scheduled__2024-04-19T00:00:00+00:00 [running]> on host e671688b1343
[2024-04-21T11:06:12.565+0000] {warnings.py:109} WARNING - /home/***/.local/lib/python3.8/site-packages/***/utils/context.py:207: AirflowContextDeprecationWarning: Accessing 'execution_date' from the template is deprecated and will be removed in a future version. Please use 'data_interval_start' or 'logical_date' instead.
  warnings.warn(_create_deprecation_warning(key, self._deprecation_replacements[key]))

[2024-04-21T11:06:12.913+0000] {taskinstance.py:2510} INFO - Exporting env vars: AIRFLOW_CTX_DAG_OWNER='***' AIRFLOW_CTX_DAG_ID='currency_parsing' AIRFLOW_CTX_TASK_ID='get_data_usd' AIRFLOW_CTX_EXECUTION_DATE='2024-04-19T00:00:00+00:00' AIRFLOW_CTX_TRY_NUMBER='1' AIRFLOW_CTX_DAG_RUN_ID='scheduled__2024-04-19T00:00:00+00:00'
[2024-04-21T11:06:13.830+0000] {python.py:202} INFO - Done. Returned value was: ([['AUD', 1.5562502227, '2024-4-18'], ['BGN', 1.8294802626, '2024-4-18'], ['BRL', 5.2534108255, '2024-4-18'], ['CAD', 1.3766101431, '2024-4-18'], ['CHF', 0.9121401427, '2024-4-18'], ['CNY', 7.2374811038, '2024-4-18'], ['CZK', 23.7247028565, '2024-4-18'], ['DKK', 7.0085311021, '2024-4-18'], ['EUR', 0.9393301408, '2024-4-18'], ['GBP', 0.8040201064, '2024-4-18'], ['HKD', 7.8287312651, '2024-4-18'], ['HRK', 6.8064213198, '2024-4-18'], ['HUF', 370.2071072259, '2024-4-18'], ['IDR', 16159.520715559, '2024-4-18'], ['ILS', 3.792430539, '2024-4-18'], ['INR', 83.5159893258, '2024-4-18'], ['ISK', 141.2052504963, '2024-4-18'], ['JPY', 154.5994290486, '2024-4-18'], ['KRW', 1375.8957526946, '2024-4-18'], ['MXN', 17.067502358, '2024-4-18'], ['MYR', 4.7837209488, '2024-4-18'], ['NOK', 11.0505315718, '2024-4-18'], ['NZD', 1.6938002389, '2024-4-18'], ['PHP', 57.2939160378, '2024-4-18'], ['PLN', 4.0733304363, '2024-4-18'], ['RON', 4.6732405427, '2024-4-18'], ['RUB', 93.9360985676, '2024-4-18'], ['SEK', 10.9702118957, '2024-4-18'], ['SGD', 1.361760234, '2024-4-18'], ['THB', 36.803304036, '2024-4-18'], ['TRY', 32.5411164705, '2024-4-18'], ['USD', 1, '2024-4-18'], ['ZAR', 19.1514422005, '2024-4-18']], ['title', 'rate', 'date'])
[2024-04-21T11:06:14.055+0000] {taskinstance.py:1149} INFO - Marking task as SUCCESS. dag_id=currency_parsing, task_id=get_data_usd, execution_date=20240419T000000, start_date=20240421T110610, end_date=20240421T110614
[2024-04-21T11:06:14.258+0000] {local_task_job_runner.py:234} INFO - Task exited with return code 0
[2024-04-21T11:06:14.739+0000] {taskinstance.py:3309} INFO - 1 downstream tasks scheduled from follow-on schedule check
[2024-04-27T12:26:33.754+0000] {taskinstance.py:1979} INFO - Dependencies all met for dep_context=non-requeueable deps ti=<TaskInstance: currency_parsing.get_data_usd scheduled__2024-04-19T00:00:00+00:00 [queued]>
[2024-04-27T12:26:33.792+0000] {taskinstance.py:1979} INFO - Dependencies all met for dep_context=requeueable deps ti=<TaskInstance: currency_parsing.get_data_usd scheduled__2024-04-19T00:00:00+00:00 [queued]>
[2024-04-27T12:26:33.794+0000] {taskinstance.py:2193} INFO - Starting attempt 1 of 2
[2024-04-27T12:26:34.144+0000] {taskinstance.py:2214} INFO - Executing <Task(PythonOperator): get_data_usd> on 2024-04-19 00:00:00+00:00
[2024-04-27T12:26:34.193+0000] {standard_task_runner.py:60} INFO - Started process 2314 to run task
[2024-04-27T12:26:34.230+0000] {standard_task_runner.py:87} INFO - Running: ['***', 'tasks', 'run', 'currency_parsing', 'get_data_usd', 'scheduled__2024-04-19T00:00:00+00:00', '--job-id', '2469', '--raw', '--subdir', 'DAGS_FOLDER/stage/currency_parsing.py', '--cfg-path', '/tmp/tmpna1ssb2o']
[2024-04-27T12:26:34.288+0000] {standard_task_runner.py:88} INFO - Job 2469: Subtask get_data_usd
[2024-04-27T12:26:34.781+0000] {task_command.py:423} INFO - Running <TaskInstance: currency_parsing.get_data_usd scheduled__2024-04-19T00:00:00+00:00 [running]> on host 65a8688265d1
[2024-04-27T12:26:35.285+0000] {warnings.py:109} WARNING - /home/***/.local/lib/python3.8/site-packages/***/utils/context.py:207: AirflowContextDeprecationWarning: Accessing 'execution_date' from the template is deprecated and will be removed in a future version. Please use 'data_interval_start' or 'logical_date' instead.
  warnings.warn(_create_deprecation_warning(key, self._deprecation_replacements[key]))

[2024-04-27T12:26:35.721+0000] {taskinstance.py:2510} INFO - Exporting env vars: AIRFLOW_CTX_DAG_OWNER='***' AIRFLOW_CTX_DAG_ID='currency_parsing' AIRFLOW_CTX_TASK_ID='get_data_usd' AIRFLOW_CTX_EXECUTION_DATE='2024-04-19T00:00:00+00:00' AIRFLOW_CTX_TRY_NUMBER='1' AIRFLOW_CTX_DAG_RUN_ID='scheduled__2024-04-19T00:00:00+00:00'
[2024-04-27T12:27:18.342+0000] {python.py:202} INFO - Done. Returned value was: ([['AUD', 1.5562502227, '2024-4-18'], ['BGN', 1.8294802626, '2024-4-18'], ['BRL', 5.2534108255, '2024-4-18'], ['CAD', 1.3766101431, '2024-4-18'], ['CHF', 0.9121401427, '2024-4-18'], ['CNY', 7.2374811038, '2024-4-18'], ['CZK', 23.7247028565, '2024-4-18'], ['DKK', 7.0085311021, '2024-4-18'], ['EUR', 0.9393301408, '2024-4-18'], ['GBP', 0.8040201064, '2024-4-18'], ['HKD', 7.8287312651, '2024-4-18'], ['HRK', 6.8064213198, '2024-4-18'], ['HUF', 370.2071072259, '2024-4-18'], ['IDR', 16159.520715559, '2024-4-18'], ['ILS', 3.792430539, '2024-4-18'], ['INR', 83.5159893258, '2024-4-18'], ['ISK', 141.2052504963, '2024-4-18'], ['JPY', 154.5994290486, '2024-4-18'], ['KRW', 1375.8957526946, '2024-4-18'], ['MXN', 17.067502358, '2024-4-18'], ['MYR', 4.7837209488, '2024-4-18'], ['NOK', 11.0505315718, '2024-4-18'], ['NZD', 1.6938002389, '2024-4-18'], ['PHP', 57.2939160378, '2024-4-18'], ['PLN', 4.0733304363, '2024-4-18'], ['RON', 4.6732405427, '2024-4-18'], ['RUB', 93.9360985676, '2024-4-18'], ['SEK', 10.9702118957, '2024-4-18'], ['SGD', 1.361760234, '2024-4-18'], ['THB', 36.803304036, '2024-4-18'], ['TRY', 32.5411164705, '2024-4-18'], ['USD', 1, '2024-4-18'], ['ZAR', 19.1514422005, '2024-4-18']], ['title', 'rate', 'date'])
[2024-04-27T12:27:19.435+0000] {taskinstance.py:1149} INFO - Marking task as SUCCESS. dag_id=currency_parsing, task_id=get_data_usd, execution_date=20240419T000000, start_date=20240427T122633, end_date=20240427T122719
[2024-04-27T12:27:20.921+0000] {local_task_job_runner.py:234} INFO - Task exited with return code 0
[2024-04-27T12:27:22.571+0000] {taskinstance.py:3309} INFO - 1 downstream tasks scheduled from follow-on schedule check
